[2023-11-08T22:09:16.568+0000] {processor.py:157} INFO - Started process (PID=70) to work on /home/airflow/.local/lib/python3.8/site-packages/airflow/example_dags/example_task_group_decorator.py
[2023-11-08T22:09:16.569+0000] {processor.py:829} INFO - Processing file /home/airflow/.local/lib/python3.8/site-packages/airflow/example_dags/example_task_group_decorator.py for tasks to queue
[2023-11-08T22:09:16.571+0000] {logging_mixin.py:154} INFO - [2023-11-08T22:09:16.571+0000] {dagbag.py:536} INFO - Filling up the DagBag from /home/airflow/.local/lib/python3.8/site-packages/airflow/example_dags/example_task_group_decorator.py
[2023-11-08T22:09:16.584+0000] {processor.py:839} INFO - DAG(s) dict_keys(['example_task_group_decorator']) retrieved from /home/airflow/.local/lib/python3.8/site-packages/airflow/example_dags/example_task_group_decorator.py
[2023-11-08T22:09:16.593+0000] {logging_mixin.py:154} INFO - [2023-11-08T22:09:16.593+0000] {dag.py:2941} INFO - Sync 1 DAGs
[2023-11-08T22:09:16.612+0000] {logging_mixin.py:154} INFO - [2023-11-08T22:09:16.612+0000] {dag.py:3722} INFO - Setting next_dagrun for example_task_group_decorator to 2023-11-07T22:09:16.612123+00:00, run_after=2023-11-08T22:09:16.612123+00:00
[2023-11-08T22:09:16.627+0000] {processor.py:179} INFO - Processing /home/airflow/.local/lib/python3.8/site-packages/airflow/example_dags/example_task_group_decorator.py took 0.060 seconds
[2023-11-08T22:09:47.274+0000] {processor.py:157} INFO - Started process (PID=125) to work on /home/airflow/.local/lib/python3.8/site-packages/airflow/example_dags/example_task_group_decorator.py
[2023-11-08T22:09:47.275+0000] {processor.py:829} INFO - Processing file /home/airflow/.local/lib/python3.8/site-packages/airflow/example_dags/example_task_group_decorator.py for tasks to queue
[2023-11-08T22:09:47.276+0000] {logging_mixin.py:154} INFO - [2023-11-08T22:09:47.276+0000] {dagbag.py:536} INFO - Filling up the DagBag from /home/airflow/.local/lib/python3.8/site-packages/airflow/example_dags/example_task_group_decorator.py
[2023-11-08T22:09:47.285+0000] {processor.py:839} INFO - DAG(s) dict_keys(['example_task_group_decorator']) retrieved from /home/airflow/.local/lib/python3.8/site-packages/airflow/example_dags/example_task_group_decorator.py
[2023-11-08T22:09:47.302+0000] {logging_mixin.py:154} INFO - [2023-11-08T22:09:47.301+0000] {dag.py:2941} INFO - Sync 1 DAGs
[2023-11-08T22:09:47.316+0000] {logging_mixin.py:154} INFO - [2023-11-08T22:09:47.316+0000] {dag.py:3722} INFO - Setting next_dagrun for example_task_group_decorator to 2023-11-07T22:09:47.316313+00:00, run_after=2023-11-08T22:09:47.316313+00:00
[2023-11-08T22:09:47.327+0000] {processor.py:179} INFO - Processing /home/airflow/.local/lib/python3.8/site-packages/airflow/example_dags/example_task_group_decorator.py took 0.054 seconds
[2023-11-08T22:11:51.070+0000] {processor.py:157} INFO - Started process (PID=70) to work on /home/airflow/.local/lib/python3.8/site-packages/airflow/example_dags/example_task_group_decorator.py
[2023-11-08T22:11:51.070+0000] {processor.py:829} INFO - Processing file /home/airflow/.local/lib/python3.8/site-packages/airflow/example_dags/example_task_group_decorator.py for tasks to queue
[2023-11-08T22:11:51.072+0000] {logging_mixin.py:154} INFO - [2023-11-08T22:11:51.072+0000] {dagbag.py:536} INFO - Filling up the DagBag from /home/airflow/.local/lib/python3.8/site-packages/airflow/example_dags/example_task_group_decorator.py
[2023-11-08T22:11:51.086+0000] {processor.py:839} INFO - DAG(s) dict_keys(['example_task_group_decorator']) retrieved from /home/airflow/.local/lib/python3.8/site-packages/airflow/example_dags/example_task_group_decorator.py
[2023-11-08T22:11:51.095+0000] {logging_mixin.py:154} INFO - [2023-11-08T22:11:51.095+0000] {dag.py:2941} INFO - Sync 1 DAGs
[2023-11-08T22:11:51.109+0000] {logging_mixin.py:154} INFO - [2023-11-08T22:11:51.109+0000] {dag.py:3722} INFO - Setting next_dagrun for example_task_group_decorator to 2023-11-07T22:11:51.109690+00:00, run_after=2023-11-08T22:11:51.109690+00:00
[2023-11-08T22:11:51.122+0000] {processor.py:179} INFO - Processing /home/airflow/.local/lib/python3.8/site-packages/airflow/example_dags/example_task_group_decorator.py took 0.054 seconds
[2023-11-08T22:12:22.058+0000] {processor.py:157} INFO - Started process (PID=124) to work on /home/airflow/.local/lib/python3.8/site-packages/airflow/example_dags/example_task_group_decorator.py
[2023-11-08T22:12:22.058+0000] {processor.py:829} INFO - Processing file /home/airflow/.local/lib/python3.8/site-packages/airflow/example_dags/example_task_group_decorator.py for tasks to queue
[2023-11-08T22:12:22.060+0000] {logging_mixin.py:154} INFO - [2023-11-08T22:12:22.060+0000] {dagbag.py:536} INFO - Filling up the DagBag from /home/airflow/.local/lib/python3.8/site-packages/airflow/example_dags/example_task_group_decorator.py
[2023-11-08T22:12:22.068+0000] {processor.py:839} INFO - DAG(s) dict_keys(['example_task_group_decorator']) retrieved from /home/airflow/.local/lib/python3.8/site-packages/airflow/example_dags/example_task_group_decorator.py
[2023-11-08T22:12:22.081+0000] {logging_mixin.py:154} INFO - [2023-11-08T22:12:22.081+0000] {dag.py:2941} INFO - Sync 1 DAGs
[2023-11-08T22:12:22.093+0000] {logging_mixin.py:154} INFO - [2023-11-08T22:12:22.093+0000] {dag.py:3722} INFO - Setting next_dagrun for example_task_group_decorator to 2023-11-07T22:12:22.093553+00:00, run_after=2023-11-08T22:12:22.093553+00:00
[2023-11-08T22:12:22.103+0000] {processor.py:179} INFO - Processing /home/airflow/.local/lib/python3.8/site-packages/airflow/example_dags/example_task_group_decorator.py took 0.047 seconds
[2023-11-08T22:12:52.960+0000] {processor.py:157} INFO - Started process (PID=178) to work on /home/airflow/.local/lib/python3.8/site-packages/airflow/example_dags/example_task_group_decorator.py
[2023-11-08T22:12:52.961+0000] {processor.py:829} INFO - Processing file /home/airflow/.local/lib/python3.8/site-packages/airflow/example_dags/example_task_group_decorator.py for tasks to queue
[2023-11-08T22:12:52.962+0000] {logging_mixin.py:154} INFO - [2023-11-08T22:12:52.962+0000] {dagbag.py:536} INFO - Filling up the DagBag from /home/airflow/.local/lib/python3.8/site-packages/airflow/example_dags/example_task_group_decorator.py
[2023-11-08T22:12:52.973+0000] {processor.py:839} INFO - DAG(s) dict_keys(['example_task_group_decorator']) retrieved from /home/airflow/.local/lib/python3.8/site-packages/airflow/example_dags/example_task_group_decorator.py
[2023-11-08T22:12:52.987+0000] {logging_mixin.py:154} INFO - [2023-11-08T22:12:52.986+0000] {dag.py:2941} INFO - Sync 1 DAGs
[2023-11-08T22:12:52.998+0000] {logging_mixin.py:154} INFO - [2023-11-08T22:12:52.998+0000] {dag.py:3722} INFO - Setting next_dagrun for example_task_group_decorator to 2023-11-07T22:12:52.998315+00:00, run_after=2023-11-08T22:12:52.998315+00:00
[2023-11-08T22:12:53.008+0000] {processor.py:179} INFO - Processing /home/airflow/.local/lib/python3.8/site-packages/airflow/example_dags/example_task_group_decorator.py took 0.050 seconds
[2023-11-08T22:13:23.530+0000] {processor.py:157} INFO - Started process (PID=232) to work on /home/airflow/.local/lib/python3.8/site-packages/airflow/example_dags/example_task_group_decorator.py
[2023-11-08T22:13:23.530+0000] {processor.py:829} INFO - Processing file /home/airflow/.local/lib/python3.8/site-packages/airflow/example_dags/example_task_group_decorator.py for tasks to queue
[2023-11-08T22:13:23.532+0000] {logging_mixin.py:154} INFO - [2023-11-08T22:13:23.532+0000] {dagbag.py:536} INFO - Filling up the DagBag from /home/airflow/.local/lib/python3.8/site-packages/airflow/example_dags/example_task_group_decorator.py
[2023-11-08T22:13:23.540+0000] {processor.py:839} INFO - DAG(s) dict_keys(['example_task_group_decorator']) retrieved from /home/airflow/.local/lib/python3.8/site-packages/airflow/example_dags/example_task_group_decorator.py
[2023-11-08T22:13:23.554+0000] {logging_mixin.py:154} INFO - [2023-11-08T22:13:23.554+0000] {dag.py:2941} INFO - Sync 1 DAGs
[2023-11-08T22:13:23.566+0000] {logging_mixin.py:154} INFO - [2023-11-08T22:13:23.566+0000] {dag.py:3722} INFO - Setting next_dagrun for example_task_group_decorator to 2023-11-07T22:13:23.566346+00:00, run_after=2023-11-08T22:13:23.566346+00:00
[2023-11-08T22:13:23.576+0000] {processor.py:179} INFO - Processing /home/airflow/.local/lib/python3.8/site-packages/airflow/example_dags/example_task_group_decorator.py took 0.048 seconds
[2023-11-08T22:13:54.252+0000] {processor.py:157} INFO - Started process (PID=286) to work on /home/airflow/.local/lib/python3.8/site-packages/airflow/example_dags/example_task_group_decorator.py
[2023-11-08T22:13:54.253+0000] {processor.py:829} INFO - Processing file /home/airflow/.local/lib/python3.8/site-packages/airflow/example_dags/example_task_group_decorator.py for tasks to queue
[2023-11-08T22:13:54.254+0000] {logging_mixin.py:154} INFO - [2023-11-08T22:13:54.254+0000] {dagbag.py:536} INFO - Filling up the DagBag from /home/airflow/.local/lib/python3.8/site-packages/airflow/example_dags/example_task_group_decorator.py
[2023-11-08T22:13:54.262+0000] {processor.py:839} INFO - DAG(s) dict_keys(['example_task_group_decorator']) retrieved from /home/airflow/.local/lib/python3.8/site-packages/airflow/example_dags/example_task_group_decorator.py
[2023-11-08T22:13:54.277+0000] {logging_mixin.py:154} INFO - [2023-11-08T22:13:54.277+0000] {dag.py:2941} INFO - Sync 1 DAGs
[2023-11-08T22:13:54.290+0000] {logging_mixin.py:154} INFO - [2023-11-08T22:13:54.290+0000] {dag.py:3722} INFO - Setting next_dagrun for example_task_group_decorator to 2023-11-07T22:13:54.290105+00:00, run_after=2023-11-08T22:13:54.290105+00:00
[2023-11-08T22:13:54.301+0000] {processor.py:179} INFO - Processing /home/airflow/.local/lib/python3.8/site-packages/airflow/example_dags/example_task_group_decorator.py took 0.051 seconds
[2023-11-08T22:14:24.852+0000] {processor.py:157} INFO - Started process (PID=340) to work on /home/airflow/.local/lib/python3.8/site-packages/airflow/example_dags/example_task_group_decorator.py
[2023-11-08T22:14:24.853+0000] {processor.py:829} INFO - Processing file /home/airflow/.local/lib/python3.8/site-packages/airflow/example_dags/example_task_group_decorator.py for tasks to queue
[2023-11-08T22:14:24.854+0000] {logging_mixin.py:154} INFO - [2023-11-08T22:14:24.854+0000] {dagbag.py:536} INFO - Filling up the DagBag from /home/airflow/.local/lib/python3.8/site-packages/airflow/example_dags/example_task_group_decorator.py
[2023-11-08T22:14:24.862+0000] {processor.py:839} INFO - DAG(s) dict_keys(['example_task_group_decorator']) retrieved from /home/airflow/.local/lib/python3.8/site-packages/airflow/example_dags/example_task_group_decorator.py
[2023-11-08T22:14:24.876+0000] {logging_mixin.py:154} INFO - [2023-11-08T22:14:24.876+0000] {dag.py:2941} INFO - Sync 1 DAGs
[2023-11-08T22:14:24.888+0000] {logging_mixin.py:154} INFO - [2023-11-08T22:14:24.888+0000] {dag.py:3722} INFO - Setting next_dagrun for example_task_group_decorator to 2023-11-07T22:14:24.888030+00:00, run_after=2023-11-08T22:14:24.888030+00:00
[2023-11-08T22:14:24.898+0000] {processor.py:179} INFO - Processing /home/airflow/.local/lib/python3.8/site-packages/airflow/example_dags/example_task_group_decorator.py took 0.048 seconds
[2023-11-08T22:14:55.461+0000] {processor.py:157} INFO - Started process (PID=394) to work on /home/airflow/.local/lib/python3.8/site-packages/airflow/example_dags/example_task_group_decorator.py
[2023-11-08T22:14:55.461+0000] {processor.py:829} INFO - Processing file /home/airflow/.local/lib/python3.8/site-packages/airflow/example_dags/example_task_group_decorator.py for tasks to queue
[2023-11-08T22:14:55.462+0000] {logging_mixin.py:154} INFO - [2023-11-08T22:14:55.462+0000] {dagbag.py:536} INFO - Filling up the DagBag from /home/airflow/.local/lib/python3.8/site-packages/airflow/example_dags/example_task_group_decorator.py
[2023-11-08T22:14:55.471+0000] {processor.py:839} INFO - DAG(s) dict_keys(['example_task_group_decorator']) retrieved from /home/airflow/.local/lib/python3.8/site-packages/airflow/example_dags/example_task_group_decorator.py
[2023-11-08T22:14:55.486+0000] {logging_mixin.py:154} INFO - [2023-11-08T22:14:55.486+0000] {dag.py:2941} INFO - Sync 1 DAGs
[2023-11-08T22:14:55.499+0000] {logging_mixin.py:154} INFO - [2023-11-08T22:14:55.499+0000] {dag.py:3722} INFO - Setting next_dagrun for example_task_group_decorator to 2023-11-07T22:14:55.499106+00:00, run_after=2023-11-08T22:14:55.499106+00:00
[2023-11-08T22:14:55.508+0000] {processor.py:179} INFO - Processing /home/airflow/.local/lib/python3.8/site-packages/airflow/example_dags/example_task_group_decorator.py took 0.050 seconds
[2023-11-08T22:15:26.208+0000] {processor.py:157} INFO - Started process (PID=449) to work on /home/airflow/.local/lib/python3.8/site-packages/airflow/example_dags/example_task_group_decorator.py
[2023-11-08T22:15:26.208+0000] {processor.py:829} INFO - Processing file /home/airflow/.local/lib/python3.8/site-packages/airflow/example_dags/example_task_group_decorator.py for tasks to queue
[2023-11-08T22:15:26.210+0000] {logging_mixin.py:154} INFO - [2023-11-08T22:15:26.209+0000] {dagbag.py:536} INFO - Filling up the DagBag from /home/airflow/.local/lib/python3.8/site-packages/airflow/example_dags/example_task_group_decorator.py
[2023-11-08T22:15:26.217+0000] {processor.py:839} INFO - DAG(s) dict_keys(['example_task_group_decorator']) retrieved from /home/airflow/.local/lib/python3.8/site-packages/airflow/example_dags/example_task_group_decorator.py
[2023-11-08T22:15:26.232+0000] {logging_mixin.py:154} INFO - [2023-11-08T22:15:26.232+0000] {dag.py:2941} INFO - Sync 1 DAGs
[2023-11-08T22:15:26.246+0000] {logging_mixin.py:154} INFO - [2023-11-08T22:15:26.246+0000] {dag.py:3722} INFO - Setting next_dagrun for example_task_group_decorator to 2023-11-07T22:15:26.246246+00:00, run_after=2023-11-08T22:15:26.246246+00:00
[2023-11-08T22:15:26.256+0000] {processor.py:179} INFO - Processing /home/airflow/.local/lib/python3.8/site-packages/airflow/example_dags/example_task_group_decorator.py took 0.051 seconds
[2023-11-08T22:15:56.807+0000] {processor.py:157} INFO - Started process (PID=503) to work on /home/airflow/.local/lib/python3.8/site-packages/airflow/example_dags/example_task_group_decorator.py
[2023-11-08T22:15:56.808+0000] {processor.py:829} INFO - Processing file /home/airflow/.local/lib/python3.8/site-packages/airflow/example_dags/example_task_group_decorator.py for tasks to queue
[2023-11-08T22:15:56.809+0000] {logging_mixin.py:154} INFO - [2023-11-08T22:15:56.809+0000] {dagbag.py:536} INFO - Filling up the DagBag from /home/airflow/.local/lib/python3.8/site-packages/airflow/example_dags/example_task_group_decorator.py
[2023-11-08T22:15:56.817+0000] {processor.py:839} INFO - DAG(s) dict_keys(['example_task_group_decorator']) retrieved from /home/airflow/.local/lib/python3.8/site-packages/airflow/example_dags/example_task_group_decorator.py
[2023-11-08T22:15:56.831+0000] {logging_mixin.py:154} INFO - [2023-11-08T22:15:56.831+0000] {dag.py:2941} INFO - Sync 1 DAGs
[2023-11-08T22:15:56.843+0000] {logging_mixin.py:154} INFO - [2023-11-08T22:15:56.843+0000] {dag.py:3722} INFO - Setting next_dagrun for example_task_group_decorator to 2023-11-07T22:15:56.843440+00:00, run_after=2023-11-08T22:15:56.843440+00:00
[2023-11-08T22:15:56.853+0000] {processor.py:179} INFO - Processing /home/airflow/.local/lib/python3.8/site-packages/airflow/example_dags/example_task_group_decorator.py took 0.048 seconds
[2023-11-08T22:16:27.422+0000] {processor.py:157} INFO - Started process (PID=556) to work on /home/airflow/.local/lib/python3.8/site-packages/airflow/example_dags/example_task_group_decorator.py
[2023-11-08T22:16:27.423+0000] {processor.py:829} INFO - Processing file /home/airflow/.local/lib/python3.8/site-packages/airflow/example_dags/example_task_group_decorator.py for tasks to queue
[2023-11-08T22:16:27.424+0000] {logging_mixin.py:154} INFO - [2023-11-08T22:16:27.424+0000] {dagbag.py:536} INFO - Filling up the DagBag from /home/airflow/.local/lib/python3.8/site-packages/airflow/example_dags/example_task_group_decorator.py
[2023-11-08T22:16:27.432+0000] {processor.py:839} INFO - DAG(s) dict_keys(['example_task_group_decorator']) retrieved from /home/airflow/.local/lib/python3.8/site-packages/airflow/example_dags/example_task_group_decorator.py
[2023-11-08T22:16:27.446+0000] {logging_mixin.py:154} INFO - [2023-11-08T22:16:27.445+0000] {dag.py:2941} INFO - Sync 1 DAGs
[2023-11-08T22:16:27.458+0000] {logging_mixin.py:154} INFO - [2023-11-08T22:16:27.457+0000] {dag.py:3722} INFO - Setting next_dagrun for example_task_group_decorator to 2023-11-07T22:16:27.457759+00:00, run_after=2023-11-08T22:16:27.457759+00:00
[2023-11-08T22:16:27.468+0000] {processor.py:179} INFO - Processing /home/airflow/.local/lib/python3.8/site-packages/airflow/example_dags/example_task_group_decorator.py took 0.047 seconds
[2023-11-08T22:16:58.091+0000] {processor.py:157} INFO - Started process (PID=610) to work on /home/airflow/.local/lib/python3.8/site-packages/airflow/example_dags/example_task_group_decorator.py
[2023-11-08T22:16:58.091+0000] {processor.py:829} INFO - Processing file /home/airflow/.local/lib/python3.8/site-packages/airflow/example_dags/example_task_group_decorator.py for tasks to queue
[2023-11-08T22:16:58.093+0000] {logging_mixin.py:154} INFO - [2023-11-08T22:16:58.093+0000] {dagbag.py:536} INFO - Filling up the DagBag from /home/airflow/.local/lib/python3.8/site-packages/airflow/example_dags/example_task_group_decorator.py
[2023-11-08T22:16:58.101+0000] {processor.py:839} INFO - DAG(s) dict_keys(['example_task_group_decorator']) retrieved from /home/airflow/.local/lib/python3.8/site-packages/airflow/example_dags/example_task_group_decorator.py
[2023-11-08T22:16:58.115+0000] {logging_mixin.py:154} INFO - [2023-11-08T22:16:58.115+0000] {dag.py:2941} INFO - Sync 1 DAGs
[2023-11-08T22:16:58.128+0000] {logging_mixin.py:154} INFO - [2023-11-08T22:16:58.127+0000] {dag.py:3722} INFO - Setting next_dagrun for example_task_group_decorator to 2023-11-07T22:16:58.127853+00:00, run_after=2023-11-08T22:16:58.127853+00:00
[2023-11-08T22:16:58.138+0000] {processor.py:179} INFO - Processing /home/airflow/.local/lib/python3.8/site-packages/airflow/example_dags/example_task_group_decorator.py took 0.049 seconds
[2023-11-08T22:17:28.813+0000] {processor.py:157} INFO - Started process (PID=665) to work on /home/airflow/.local/lib/python3.8/site-packages/airflow/example_dags/example_task_group_decorator.py
[2023-11-08T22:17:28.814+0000] {processor.py:829} INFO - Processing file /home/airflow/.local/lib/python3.8/site-packages/airflow/example_dags/example_task_group_decorator.py for tasks to queue
[2023-11-08T22:17:28.815+0000] {logging_mixin.py:154} INFO - [2023-11-08T22:17:28.815+0000] {dagbag.py:536} INFO - Filling up the DagBag from /home/airflow/.local/lib/python3.8/site-packages/airflow/example_dags/example_task_group_decorator.py
[2023-11-08T22:17:28.823+0000] {processor.py:839} INFO - DAG(s) dict_keys(['example_task_group_decorator']) retrieved from /home/airflow/.local/lib/python3.8/site-packages/airflow/example_dags/example_task_group_decorator.py
[2023-11-08T22:17:28.841+0000] {logging_mixin.py:154} INFO - [2023-11-08T22:17:28.841+0000] {dag.py:2941} INFO - Sync 1 DAGs
[2023-11-08T22:17:28.857+0000] {logging_mixin.py:154} INFO - [2023-11-08T22:17:28.857+0000] {dag.py:3722} INFO - Setting next_dagrun for example_task_group_decorator to 2023-11-07T22:17:28.857400+00:00, run_after=2023-11-08T22:17:28.857400+00:00
[2023-11-08T22:17:28.870+0000] {processor.py:179} INFO - Processing /home/airflow/.local/lib/python3.8/site-packages/airflow/example_dags/example_task_group_decorator.py took 0.059 seconds
[2023-11-08T22:17:59.473+0000] {processor.py:157} INFO - Started process (PID=719) to work on /home/airflow/.local/lib/python3.8/site-packages/airflow/example_dags/example_task_group_decorator.py
[2023-11-08T22:17:59.473+0000] {processor.py:829} INFO - Processing file /home/airflow/.local/lib/python3.8/site-packages/airflow/example_dags/example_task_group_decorator.py for tasks to queue
[2023-11-08T22:17:59.475+0000] {logging_mixin.py:154} INFO - [2023-11-08T22:17:59.475+0000] {dagbag.py:536} INFO - Filling up the DagBag from /home/airflow/.local/lib/python3.8/site-packages/airflow/example_dags/example_task_group_decorator.py
[2023-11-08T22:17:59.483+0000] {processor.py:839} INFO - DAG(s) dict_keys(['example_task_group_decorator']) retrieved from /home/airflow/.local/lib/python3.8/site-packages/airflow/example_dags/example_task_group_decorator.py
[2023-11-08T22:17:59.497+0000] {logging_mixin.py:154} INFO - [2023-11-08T22:17:59.496+0000] {dag.py:2941} INFO - Sync 1 DAGs
[2023-11-08T22:17:59.508+0000] {logging_mixin.py:154} INFO - [2023-11-08T22:17:59.508+0000] {dag.py:3722} INFO - Setting next_dagrun for example_task_group_decorator to 2023-11-07T22:17:59.508686+00:00, run_after=2023-11-08T22:17:59.508686+00:00
[2023-11-08T22:17:59.519+0000] {processor.py:179} INFO - Processing /home/airflow/.local/lib/python3.8/site-packages/airflow/example_dags/example_task_group_decorator.py took 0.048 seconds
[2023-11-08T22:18:30.278+0000] {processor.py:157} INFO - Started process (PID=774) to work on /home/airflow/.local/lib/python3.8/site-packages/airflow/example_dags/example_task_group_decorator.py
[2023-11-08T22:18:30.278+0000] {processor.py:829} INFO - Processing file /home/airflow/.local/lib/python3.8/site-packages/airflow/example_dags/example_task_group_decorator.py for tasks to queue
[2023-11-08T22:18:30.280+0000] {logging_mixin.py:154} INFO - [2023-11-08T22:18:30.280+0000] {dagbag.py:536} INFO - Filling up the DagBag from /home/airflow/.local/lib/python3.8/site-packages/airflow/example_dags/example_task_group_decorator.py
[2023-11-08T22:18:30.288+0000] {processor.py:839} INFO - DAG(s) dict_keys(['example_task_group_decorator']) retrieved from /home/airflow/.local/lib/python3.8/site-packages/airflow/example_dags/example_task_group_decorator.py
[2023-11-08T22:18:30.305+0000] {logging_mixin.py:154} INFO - [2023-11-08T22:18:30.304+0000] {dag.py:2941} INFO - Sync 1 DAGs
[2023-11-08T22:18:30.319+0000] {logging_mixin.py:154} INFO - [2023-11-08T22:18:30.319+0000] {dag.py:3722} INFO - Setting next_dagrun for example_task_group_decorator to 2023-11-07T22:18:30.319661+00:00, run_after=2023-11-08T22:18:30.319661+00:00
[2023-11-08T22:18:30.333+0000] {processor.py:179} INFO - Processing /home/airflow/.local/lib/python3.8/site-packages/airflow/example_dags/example_task_group_decorator.py took 0.057 seconds
[2023-11-08T22:19:00.400+0000] {processor.py:157} INFO - Started process (PID=828) to work on /home/airflow/.local/lib/python3.8/site-packages/airflow/example_dags/example_task_group_decorator.py
[2023-11-08T22:19:00.401+0000] {processor.py:829} INFO - Processing file /home/airflow/.local/lib/python3.8/site-packages/airflow/example_dags/example_task_group_decorator.py for tasks to queue
[2023-11-08T22:19:00.402+0000] {logging_mixin.py:154} INFO - [2023-11-08T22:19:00.402+0000] {dagbag.py:536} INFO - Filling up the DagBag from /home/airflow/.local/lib/python3.8/site-packages/airflow/example_dags/example_task_group_decorator.py
[2023-11-08T22:19:00.409+0000] {processor.py:839} INFO - DAG(s) dict_keys(['example_task_group_decorator']) retrieved from /home/airflow/.local/lib/python3.8/site-packages/airflow/example_dags/example_task_group_decorator.py
[2023-11-08T22:19:00.424+0000] {logging_mixin.py:154} INFO - [2023-11-08T22:19:00.424+0000] {dag.py:2941} INFO - Sync 1 DAGs
[2023-11-08T22:19:00.436+0000] {logging_mixin.py:154} INFO - [2023-11-08T22:19:00.436+0000] {dag.py:3722} INFO - Setting next_dagrun for example_task_group_decorator to 2023-11-07T22:19:00.436602+00:00, run_after=2023-11-08T22:19:00.436602+00:00
[2023-11-08T22:19:00.447+0000] {processor.py:179} INFO - Processing /home/airflow/.local/lib/python3.8/site-packages/airflow/example_dags/example_task_group_decorator.py took 0.048 seconds
[2023-11-08T22:19:30.474+0000] {processor.py:157} INFO - Started process (PID=882) to work on /home/airflow/.local/lib/python3.8/site-packages/airflow/example_dags/example_task_group_decorator.py
[2023-11-08T22:19:30.475+0000] {processor.py:829} INFO - Processing file /home/airflow/.local/lib/python3.8/site-packages/airflow/example_dags/example_task_group_decorator.py for tasks to queue
[2023-11-08T22:19:30.476+0000] {logging_mixin.py:154} INFO - [2023-11-08T22:19:30.476+0000] {dagbag.py:536} INFO - Filling up the DagBag from /home/airflow/.local/lib/python3.8/site-packages/airflow/example_dags/example_task_group_decorator.py
[2023-11-08T22:19:30.487+0000] {processor.py:839} INFO - DAG(s) dict_keys(['example_task_group_decorator']) retrieved from /home/airflow/.local/lib/python3.8/site-packages/airflow/example_dags/example_task_group_decorator.py
[2023-11-08T22:19:30.501+0000] {logging_mixin.py:154} INFO - [2023-11-08T22:19:30.501+0000] {dag.py:2941} INFO - Sync 1 DAGs
[2023-11-08T22:19:30.514+0000] {logging_mixin.py:154} INFO - [2023-11-08T22:19:30.513+0000] {dag.py:3722} INFO - Setting next_dagrun for example_task_group_decorator to 2023-11-07T22:19:30.513731+00:00, run_after=2023-11-08T22:19:30.513731+00:00
[2023-11-08T22:19:30.524+0000] {processor.py:179} INFO - Processing /home/airflow/.local/lib/python3.8/site-packages/airflow/example_dags/example_task_group_decorator.py took 0.052 seconds
[2023-11-08T22:20:00.714+0000] {processor.py:157} INFO - Started process (PID=936) to work on /home/airflow/.local/lib/python3.8/site-packages/airflow/example_dags/example_task_group_decorator.py
[2023-11-08T22:20:00.715+0000] {processor.py:829} INFO - Processing file /home/airflow/.local/lib/python3.8/site-packages/airflow/example_dags/example_task_group_decorator.py for tasks to queue
[2023-11-08T22:20:00.716+0000] {logging_mixin.py:154} INFO - [2023-11-08T22:20:00.716+0000] {dagbag.py:536} INFO - Filling up the DagBag from /home/airflow/.local/lib/python3.8/site-packages/airflow/example_dags/example_task_group_decorator.py
[2023-11-08T22:20:00.725+0000] {processor.py:839} INFO - DAG(s) dict_keys(['example_task_group_decorator']) retrieved from /home/airflow/.local/lib/python3.8/site-packages/airflow/example_dags/example_task_group_decorator.py
[2023-11-08T22:20:00.742+0000] {logging_mixin.py:154} INFO - [2023-11-08T22:20:00.742+0000] {dag.py:2941} INFO - Sync 1 DAGs
[2023-11-08T22:20:00.757+0000] {logging_mixin.py:154} INFO - [2023-11-08T22:20:00.757+0000] {dag.py:3722} INFO - Setting next_dagrun for example_task_group_decorator to 2023-11-07T22:20:00.757377+00:00, run_after=2023-11-08T22:20:00.757377+00:00
[2023-11-08T22:20:00.771+0000] {processor.py:179} INFO - Processing /home/airflow/.local/lib/python3.8/site-packages/airflow/example_dags/example_task_group_decorator.py took 0.058 seconds
[2023-11-08T22:20:31.557+0000] {processor.py:157} INFO - Started process (PID=990) to work on /home/airflow/.local/lib/python3.8/site-packages/airflow/example_dags/example_task_group_decorator.py
[2023-11-08T22:20:31.558+0000] {processor.py:829} INFO - Processing file /home/airflow/.local/lib/python3.8/site-packages/airflow/example_dags/example_task_group_decorator.py for tasks to queue
[2023-11-08T22:20:31.559+0000] {logging_mixin.py:154} INFO - [2023-11-08T22:20:31.559+0000] {dagbag.py:536} INFO - Filling up the DagBag from /home/airflow/.local/lib/python3.8/site-packages/airflow/example_dags/example_task_group_decorator.py
[2023-11-08T22:20:31.567+0000] {processor.py:839} INFO - DAG(s) dict_keys(['example_task_group_decorator']) retrieved from /home/airflow/.local/lib/python3.8/site-packages/airflow/example_dags/example_task_group_decorator.py
[2023-11-08T22:20:31.581+0000] {logging_mixin.py:154} INFO - [2023-11-08T22:20:31.581+0000] {dag.py:2941} INFO - Sync 1 DAGs
[2023-11-08T22:20:31.595+0000] {logging_mixin.py:154} INFO - [2023-11-08T22:20:31.595+0000] {dag.py:3722} INFO - Setting next_dagrun for example_task_group_decorator to 2023-11-07T22:20:31.594979+00:00, run_after=2023-11-08T22:20:31.594979+00:00
[2023-11-08T22:20:31.702+0000] {processor.py:179} INFO - Processing /home/airflow/.local/lib/python3.8/site-packages/airflow/example_dags/example_task_group_decorator.py took 0.146 seconds
[2023-11-08T22:21:01.890+0000] {processor.py:157} INFO - Started process (PID=1045) to work on /home/airflow/.local/lib/python3.8/site-packages/airflow/example_dags/example_task_group_decorator.py
[2023-11-08T22:21:01.890+0000] {processor.py:829} INFO - Processing file /home/airflow/.local/lib/python3.8/site-packages/airflow/example_dags/example_task_group_decorator.py for tasks to queue
[2023-11-08T22:21:01.892+0000] {logging_mixin.py:154} INFO - [2023-11-08T22:21:01.891+0000] {dagbag.py:536} INFO - Filling up the DagBag from /home/airflow/.local/lib/python3.8/site-packages/airflow/example_dags/example_task_group_decorator.py
[2023-11-08T22:21:01.900+0000] {processor.py:839} INFO - DAG(s) dict_keys(['example_task_group_decorator']) retrieved from /home/airflow/.local/lib/python3.8/site-packages/airflow/example_dags/example_task_group_decorator.py
[2023-11-08T22:21:01.914+0000] {logging_mixin.py:154} INFO - [2023-11-08T22:21:01.914+0000] {dag.py:2941} INFO - Sync 1 DAGs
[2023-11-08T22:21:01.927+0000] {logging_mixin.py:154} INFO - [2023-11-08T22:21:01.927+0000] {dag.py:3722} INFO - Setting next_dagrun for example_task_group_decorator to 2023-11-07T22:21:01.927351+00:00, run_after=2023-11-08T22:21:01.927351+00:00
[2023-11-08T22:21:01.937+0000] {processor.py:179} INFO - Processing /home/airflow/.local/lib/python3.8/site-packages/airflow/example_dags/example_task_group_decorator.py took 0.049 seconds
[2023-11-08T22:21:32.810+0000] {processor.py:157} INFO - Started process (PID=1097) to work on /home/airflow/.local/lib/python3.8/site-packages/airflow/example_dags/example_task_group_decorator.py
[2023-11-08T22:21:32.811+0000] {processor.py:829} INFO - Processing file /home/airflow/.local/lib/python3.8/site-packages/airflow/example_dags/example_task_group_decorator.py for tasks to queue
[2023-11-08T22:21:32.812+0000] {logging_mixin.py:154} INFO - [2023-11-08T22:21:32.812+0000] {dagbag.py:536} INFO - Filling up the DagBag from /home/airflow/.local/lib/python3.8/site-packages/airflow/example_dags/example_task_group_decorator.py
[2023-11-08T22:21:32.820+0000] {processor.py:839} INFO - DAG(s) dict_keys(['example_task_group_decorator']) retrieved from /home/airflow/.local/lib/python3.8/site-packages/airflow/example_dags/example_task_group_decorator.py
[2023-11-08T22:21:32.835+0000] {logging_mixin.py:154} INFO - [2023-11-08T22:21:32.834+0000] {dag.py:2941} INFO - Sync 1 DAGs
[2023-11-08T22:21:32.847+0000] {logging_mixin.py:154} INFO - [2023-11-08T22:21:32.847+0000] {dag.py:3722} INFO - Setting next_dagrun for example_task_group_decorator to 2023-11-07T22:21:32.847596+00:00, run_after=2023-11-08T22:21:32.847596+00:00
[2023-11-08T22:21:32.857+0000] {processor.py:179} INFO - Processing /home/airflow/.local/lib/python3.8/site-packages/airflow/example_dags/example_task_group_decorator.py took 0.049 seconds
[2023-11-08T22:22:03.872+0000] {processor.py:157} INFO - Started process (PID=1151) to work on /home/airflow/.local/lib/python3.8/site-packages/airflow/example_dags/example_task_group_decorator.py
[2023-11-08T22:22:03.872+0000] {processor.py:829} INFO - Processing file /home/airflow/.local/lib/python3.8/site-packages/airflow/example_dags/example_task_group_decorator.py for tasks to queue
[2023-11-08T22:22:03.874+0000] {logging_mixin.py:154} INFO - [2023-11-08T22:22:03.874+0000] {dagbag.py:536} INFO - Filling up the DagBag from /home/airflow/.local/lib/python3.8/site-packages/airflow/example_dags/example_task_group_decorator.py
[2023-11-08T22:22:03.882+0000] {processor.py:839} INFO - DAG(s) dict_keys(['example_task_group_decorator']) retrieved from /home/airflow/.local/lib/python3.8/site-packages/airflow/example_dags/example_task_group_decorator.py
[2023-11-08T22:22:03.896+0000] {logging_mixin.py:154} INFO - [2023-11-08T22:22:03.896+0000] {dag.py:2941} INFO - Sync 1 DAGs
[2023-11-08T22:22:03.999+0000] {logging_mixin.py:154} INFO - [2023-11-08T22:22:03.999+0000] {dag.py:3722} INFO - Setting next_dagrun for example_task_group_decorator to 2023-11-07T22:22:03.999662+00:00, run_after=2023-11-08T22:22:03.999662+00:00
[2023-11-08T22:22:04.009+0000] {processor.py:179} INFO - Processing /home/airflow/.local/lib/python3.8/site-packages/airflow/example_dags/example_task_group_decorator.py took 0.139 seconds
[2023-11-08T22:22:34.942+0000] {processor.py:157} INFO - Started process (PID=1204) to work on /home/airflow/.local/lib/python3.8/site-packages/airflow/example_dags/example_task_group_decorator.py
[2023-11-08T22:22:34.950+0000] {processor.py:829} INFO - Processing file /home/airflow/.local/lib/python3.8/site-packages/airflow/example_dags/example_task_group_decorator.py for tasks to queue
[2023-11-08T22:22:34.952+0000] {logging_mixin.py:154} INFO - [2023-11-08T22:22:34.952+0000] {dagbag.py:536} INFO - Filling up the DagBag from /home/airflow/.local/lib/python3.8/site-packages/airflow/example_dags/example_task_group_decorator.py
[2023-11-08T22:22:34.962+0000] {processor.py:839} INFO - DAG(s) dict_keys(['example_task_group_decorator']) retrieved from /home/airflow/.local/lib/python3.8/site-packages/airflow/example_dags/example_task_group_decorator.py
[2023-11-08T22:22:34.976+0000] {logging_mixin.py:154} INFO - [2023-11-08T22:22:34.976+0000] {dag.py:2941} INFO - Sync 1 DAGs
[2023-11-08T22:22:34.988+0000] {logging_mixin.py:154} INFO - [2023-11-08T22:22:34.988+0000] {dag.py:3722} INFO - Setting next_dagrun for example_task_group_decorator to 2023-11-07T22:22:34.988619+00:00, run_after=2023-11-08T22:22:34.988619+00:00
[2023-11-08T22:22:34.999+0000] {processor.py:179} INFO - Processing /home/airflow/.local/lib/python3.8/site-packages/airflow/example_dags/example_task_group_decorator.py took 0.059 seconds
[2023-11-08T22:23:05.641+0000] {processor.py:157} INFO - Started process (PID=1257) to work on /home/airflow/.local/lib/python3.8/site-packages/airflow/example_dags/example_task_group_decorator.py
[2023-11-08T22:23:05.649+0000] {processor.py:829} INFO - Processing file /home/airflow/.local/lib/python3.8/site-packages/airflow/example_dags/example_task_group_decorator.py for tasks to queue
[2023-11-08T22:23:05.652+0000] {logging_mixin.py:154} INFO - [2023-11-08T22:23:05.651+0000] {dagbag.py:536} INFO - Filling up the DagBag from /home/airflow/.local/lib/python3.8/site-packages/airflow/example_dags/example_task_group_decorator.py
[2023-11-08T22:23:05.665+0000] {processor.py:839} INFO - DAG(s) dict_keys(['example_task_group_decorator']) retrieved from /home/airflow/.local/lib/python3.8/site-packages/airflow/example_dags/example_task_group_decorator.py
[2023-11-08T22:23:05.679+0000] {logging_mixin.py:154} INFO - [2023-11-08T22:23:05.679+0000] {dag.py:2941} INFO - Sync 1 DAGs
[2023-11-08T22:23:05.692+0000] {logging_mixin.py:154} INFO - [2023-11-08T22:23:05.692+0000] {dag.py:3722} INFO - Setting next_dagrun for example_task_group_decorator to 2023-11-07T22:23:05.692006+00:00, run_after=2023-11-08T22:23:05.692006+00:00
[2023-11-08T22:23:05.703+0000] {processor.py:179} INFO - Processing /home/airflow/.local/lib/python3.8/site-packages/airflow/example_dags/example_task_group_decorator.py took 0.066 seconds
[2023-11-08T22:23:35.881+0000] {processor.py:157} INFO - Started process (PID=1311) to work on /home/airflow/.local/lib/python3.8/site-packages/airflow/example_dags/example_task_group_decorator.py
[2023-11-08T22:23:35.881+0000] {processor.py:829} INFO - Processing file /home/airflow/.local/lib/python3.8/site-packages/airflow/example_dags/example_task_group_decorator.py for tasks to queue
[2023-11-08T22:23:35.883+0000] {logging_mixin.py:154} INFO - [2023-11-08T22:23:35.883+0000] {dagbag.py:536} INFO - Filling up the DagBag from /home/airflow/.local/lib/python3.8/site-packages/airflow/example_dags/example_task_group_decorator.py
[2023-11-08T22:23:35.890+0000] {processor.py:839} INFO - DAG(s) dict_keys(['example_task_group_decorator']) retrieved from /home/airflow/.local/lib/python3.8/site-packages/airflow/example_dags/example_task_group_decorator.py
[2023-11-08T22:23:35.905+0000] {logging_mixin.py:154} INFO - [2023-11-08T22:23:35.904+0000] {dag.py:2941} INFO - Sync 1 DAGs
[2023-11-08T22:23:36.009+0000] {logging_mixin.py:154} INFO - [2023-11-08T22:23:36.009+0000] {dag.py:3722} INFO - Setting next_dagrun for example_task_group_decorator to 2023-11-07T22:23:36.009483+00:00, run_after=2023-11-08T22:23:36.009483+00:00
[2023-11-08T22:23:36.027+0000] {processor.py:179} INFO - Processing /home/airflow/.local/lib/python3.8/site-packages/airflow/example_dags/example_task_group_decorator.py took 0.148 seconds
[2023-11-08T22:24:06.903+0000] {processor.py:157} INFO - Started process (PID=1365) to work on /home/airflow/.local/lib/python3.8/site-packages/airflow/example_dags/example_task_group_decorator.py
[2023-11-08T22:24:06.911+0000] {processor.py:829} INFO - Processing file /home/airflow/.local/lib/python3.8/site-packages/airflow/example_dags/example_task_group_decorator.py for tasks to queue
[2023-11-08T22:24:06.913+0000] {logging_mixin.py:154} INFO - [2023-11-08T22:24:06.912+0000] {dagbag.py:536} INFO - Filling up the DagBag from /home/airflow/.local/lib/python3.8/site-packages/airflow/example_dags/example_task_group_decorator.py
[2023-11-08T22:24:06.925+0000] {processor.py:839} INFO - DAG(s) dict_keys(['example_task_group_decorator']) retrieved from /home/airflow/.local/lib/python3.8/site-packages/airflow/example_dags/example_task_group_decorator.py
[2023-11-08T22:24:06.939+0000] {logging_mixin.py:154} INFO - [2023-11-08T22:24:06.939+0000] {dag.py:2941} INFO - Sync 1 DAGs
[2023-11-08T22:24:06.951+0000] {logging_mixin.py:154} INFO - [2023-11-08T22:24:06.951+0000] {dag.py:3722} INFO - Setting next_dagrun for example_task_group_decorator to 2023-11-07T22:24:06.951247+00:00, run_after=2023-11-08T22:24:06.951247+00:00
[2023-11-08T22:24:06.962+0000] {processor.py:179} INFO - Processing /home/airflow/.local/lib/python3.8/site-packages/airflow/example_dags/example_task_group_decorator.py took 0.063 seconds
[2023-11-08T22:24:37.565+0000] {processor.py:157} INFO - Started process (PID=1419) to work on /home/airflow/.local/lib/python3.8/site-packages/airflow/example_dags/example_task_group_decorator.py
[2023-11-08T22:24:37.565+0000] {processor.py:829} INFO - Processing file /home/airflow/.local/lib/python3.8/site-packages/airflow/example_dags/example_task_group_decorator.py for tasks to queue
[2023-11-08T22:24:37.566+0000] {logging_mixin.py:154} INFO - [2023-11-08T22:24:37.566+0000] {dagbag.py:536} INFO - Filling up the DagBag from /home/airflow/.local/lib/python3.8/site-packages/airflow/example_dags/example_task_group_decorator.py
[2023-11-08T22:24:37.670+0000] {processor.py:839} INFO - DAG(s) dict_keys(['example_task_group_decorator']) retrieved from /home/airflow/.local/lib/python3.8/site-packages/airflow/example_dags/example_task_group_decorator.py
[2023-11-08T22:24:37.684+0000] {logging_mixin.py:154} INFO - [2023-11-08T22:24:37.684+0000] {dag.py:2941} INFO - Sync 1 DAGs
[2023-11-08T22:24:37.695+0000] {logging_mixin.py:154} INFO - [2023-11-08T22:24:37.695+0000] {dag.py:3722} INFO - Setting next_dagrun for example_task_group_decorator to 2023-11-07T22:24:37.695719+00:00, run_after=2023-11-08T22:24:37.695719+00:00
[2023-11-08T22:24:37.705+0000] {processor.py:179} INFO - Processing /home/airflow/.local/lib/python3.8/site-packages/airflow/example_dags/example_task_group_decorator.py took 0.142 seconds
[2023-11-08T22:25:08.085+0000] {processor.py:157} INFO - Started process (PID=1473) to work on /home/airflow/.local/lib/python3.8/site-packages/airflow/example_dags/example_task_group_decorator.py
[2023-11-08T22:25:08.086+0000] {processor.py:829} INFO - Processing file /home/airflow/.local/lib/python3.8/site-packages/airflow/example_dags/example_task_group_decorator.py for tasks to queue
[2023-11-08T22:25:08.087+0000] {logging_mixin.py:154} INFO - [2023-11-08T22:25:08.087+0000] {dagbag.py:536} INFO - Filling up the DagBag from /home/airflow/.local/lib/python3.8/site-packages/airflow/example_dags/example_task_group_decorator.py
[2023-11-08T22:25:08.097+0000] {processor.py:839} INFO - DAG(s) dict_keys(['example_task_group_decorator']) retrieved from /home/airflow/.local/lib/python3.8/site-packages/airflow/example_dags/example_task_group_decorator.py
[2023-11-08T22:25:08.115+0000] {logging_mixin.py:154} INFO - [2023-11-08T22:25:08.115+0000] {dag.py:2941} INFO - Sync 1 DAGs
[2023-11-08T22:25:08.233+0000] {logging_mixin.py:154} INFO - [2023-11-08T22:25:08.233+0000] {dag.py:3722} INFO - Setting next_dagrun for example_task_group_decorator to 2023-11-07T22:25:08.233470+00:00, run_after=2023-11-08T22:25:08.233470+00:00
[2023-11-08T22:25:08.244+0000] {processor.py:179} INFO - Processing /home/airflow/.local/lib/python3.8/site-packages/airflow/example_dags/example_task_group_decorator.py took 0.160 seconds
[2023-11-08T22:25:38.909+0000] {processor.py:157} INFO - Started process (PID=1527) to work on /home/airflow/.local/lib/python3.8/site-packages/airflow/example_dags/example_task_group_decorator.py
[2023-11-08T22:25:38.910+0000] {processor.py:829} INFO - Processing file /home/airflow/.local/lib/python3.8/site-packages/airflow/example_dags/example_task_group_decorator.py for tasks to queue
[2023-11-08T22:25:38.911+0000] {logging_mixin.py:154} INFO - [2023-11-08T22:25:38.911+0000] {dagbag.py:536} INFO - Filling up the DagBag from /home/airflow/.local/lib/python3.8/site-packages/airflow/example_dags/example_task_group_decorator.py
[2023-11-08T22:25:38.919+0000] {processor.py:839} INFO - DAG(s) dict_keys(['example_task_group_decorator']) retrieved from /home/airflow/.local/lib/python3.8/site-packages/airflow/example_dags/example_task_group_decorator.py
[2023-11-08T22:25:38.933+0000] {logging_mixin.py:154} INFO - [2023-11-08T22:25:38.933+0000] {dag.py:2941} INFO - Sync 1 DAGs
[2023-11-08T22:25:38.946+0000] {logging_mixin.py:154} INFO - [2023-11-08T22:25:38.946+0000] {dag.py:3722} INFO - Setting next_dagrun for example_task_group_decorator to 2023-11-07T22:25:38.946154+00:00, run_after=2023-11-08T22:25:38.946154+00:00
[2023-11-08T22:25:38.956+0000] {processor.py:179} INFO - Processing /home/airflow/.local/lib/python3.8/site-packages/airflow/example_dags/example_task_group_decorator.py took 0.049 seconds
[2023-11-08T22:26:09.568+0000] {processor.py:157} INFO - Started process (PID=1581) to work on /home/airflow/.local/lib/python3.8/site-packages/airflow/example_dags/example_task_group_decorator.py
[2023-11-08T22:26:09.568+0000] {processor.py:829} INFO - Processing file /home/airflow/.local/lib/python3.8/site-packages/airflow/example_dags/example_task_group_decorator.py for tasks to queue
[2023-11-08T22:26:09.570+0000] {logging_mixin.py:154} INFO - [2023-11-08T22:26:09.570+0000] {dagbag.py:536} INFO - Filling up the DagBag from /home/airflow/.local/lib/python3.8/site-packages/airflow/example_dags/example_task_group_decorator.py
[2023-11-08T22:26:09.579+0000] {processor.py:839} INFO - DAG(s) dict_keys(['example_task_group_decorator']) retrieved from /home/airflow/.local/lib/python3.8/site-packages/airflow/example_dags/example_task_group_decorator.py
[2023-11-08T22:26:09.593+0000] {logging_mixin.py:154} INFO - [2023-11-08T22:26:09.593+0000] {dag.py:2941} INFO - Sync 1 DAGs
[2023-11-08T22:26:09.605+0000] {logging_mixin.py:154} INFO - [2023-11-08T22:26:09.605+0000] {dag.py:3722} INFO - Setting next_dagrun for example_task_group_decorator to 2023-11-07T22:26:09.605524+00:00, run_after=2023-11-08T22:26:09.605524+00:00
[2023-11-08T22:26:09.617+0000] {processor.py:179} INFO - Processing /home/airflow/.local/lib/python3.8/site-packages/airflow/example_dags/example_task_group_decorator.py took 0.051 seconds
[2023-11-08T22:26:40.156+0000] {processor.py:157} INFO - Started process (PID=1635) to work on /home/airflow/.local/lib/python3.8/site-packages/airflow/example_dags/example_task_group_decorator.py
[2023-11-08T22:26:40.157+0000] {processor.py:829} INFO - Processing file /home/airflow/.local/lib/python3.8/site-packages/airflow/example_dags/example_task_group_decorator.py for tasks to queue
[2023-11-08T22:26:40.158+0000] {logging_mixin.py:154} INFO - [2023-11-08T22:26:40.158+0000] {dagbag.py:536} INFO - Filling up the DagBag from /home/airflow/.local/lib/python3.8/site-packages/airflow/example_dags/example_task_group_decorator.py
[2023-11-08T22:26:40.166+0000] {processor.py:839} INFO - DAG(s) dict_keys(['example_task_group_decorator']) retrieved from /home/airflow/.local/lib/python3.8/site-packages/airflow/example_dags/example_task_group_decorator.py
[2023-11-08T22:26:40.180+0000] {logging_mixin.py:154} INFO - [2023-11-08T22:26:40.180+0000] {dag.py:2941} INFO - Sync 1 DAGs
[2023-11-08T22:26:40.193+0000] {logging_mixin.py:154} INFO - [2023-11-08T22:26:40.192+0000] {dag.py:3722} INFO - Setting next_dagrun for example_task_group_decorator to 2023-11-07T22:26:40.192814+00:00, run_after=2023-11-08T22:26:40.192814+00:00
[2023-11-08T22:26:40.203+0000] {processor.py:179} INFO - Processing /home/airflow/.local/lib/python3.8/site-packages/airflow/example_dags/example_task_group_decorator.py took 0.049 seconds
[2023-11-08T22:27:17.422+0000] {processor.py:157} INFO - Started process (PID=69) to work on /home/airflow/.local/lib/python3.8/site-packages/airflow/example_dags/example_task_group_decorator.py
[2023-11-08T22:27:17.423+0000] {processor.py:829} INFO - Processing file /home/airflow/.local/lib/python3.8/site-packages/airflow/example_dags/example_task_group_decorator.py for tasks to queue
[2023-11-08T22:27:17.424+0000] {logging_mixin.py:154} INFO - [2023-11-08T22:27:17.424+0000] {dagbag.py:536} INFO - Filling up the DagBag from /home/airflow/.local/lib/python3.8/site-packages/airflow/example_dags/example_task_group_decorator.py
[2023-11-08T22:27:17.432+0000] {processor.py:839} INFO - DAG(s) dict_keys(['example_task_group_decorator']) retrieved from /home/airflow/.local/lib/python3.8/site-packages/airflow/example_dags/example_task_group_decorator.py
[2023-11-08T22:27:17.438+0000] {logging_mixin.py:154} INFO - [2023-11-08T22:27:17.438+0000] {dag.py:2941} INFO - Sync 1 DAGs
[2023-11-08T22:27:17.453+0000] {logging_mixin.py:154} INFO - [2023-11-08T22:27:17.452+0000] {dag.py:3722} INFO - Setting next_dagrun for example_task_group_decorator to 2023-11-07T22:27:17.452769+00:00, run_after=2023-11-08T22:27:17.452769+00:00
[2023-11-08T22:27:17.466+0000] {processor.py:179} INFO - Processing /home/airflow/.local/lib/python3.8/site-packages/airflow/example_dags/example_task_group_decorator.py took 0.045 seconds
[2023-11-08T22:27:48.442+0000] {processor.py:157} INFO - Started process (PID=123) to work on /home/airflow/.local/lib/python3.8/site-packages/airflow/example_dags/example_task_group_decorator.py
[2023-11-08T22:27:48.443+0000] {processor.py:829} INFO - Processing file /home/airflow/.local/lib/python3.8/site-packages/airflow/example_dags/example_task_group_decorator.py for tasks to queue
[2023-11-08T22:27:48.445+0000] {logging_mixin.py:154} INFO - [2023-11-08T22:27:48.445+0000] {dagbag.py:536} INFO - Filling up the DagBag from /home/airflow/.local/lib/python3.8/site-packages/airflow/example_dags/example_task_group_decorator.py
[2023-11-08T22:27:48.455+0000] {processor.py:839} INFO - DAG(s) dict_keys(['example_task_group_decorator']) retrieved from /home/airflow/.local/lib/python3.8/site-packages/airflow/example_dags/example_task_group_decorator.py
[2023-11-08T22:27:48.473+0000] {logging_mixin.py:154} INFO - [2023-11-08T22:27:48.473+0000] {dag.py:2941} INFO - Sync 1 DAGs
[2023-11-08T22:27:48.487+0000] {logging_mixin.py:154} INFO - [2023-11-08T22:27:48.487+0000] {dag.py:3722} INFO - Setting next_dagrun for example_task_group_decorator to 2023-11-07T22:27:48.487730+00:00, run_after=2023-11-08T22:27:48.487730+00:00
[2023-11-08T22:27:48.499+0000] {processor.py:179} INFO - Processing /home/airflow/.local/lib/python3.8/site-packages/airflow/example_dags/example_task_group_decorator.py took 0.060 seconds
[2023-11-08T22:28:18.618+0000] {processor.py:157} INFO - Started process (PID=177) to work on /home/airflow/.local/lib/python3.8/site-packages/airflow/example_dags/example_task_group_decorator.py
[2023-11-08T22:28:18.619+0000] {processor.py:829} INFO - Processing file /home/airflow/.local/lib/python3.8/site-packages/airflow/example_dags/example_task_group_decorator.py for tasks to queue
[2023-11-08T22:28:18.620+0000] {logging_mixin.py:154} INFO - [2023-11-08T22:28:18.620+0000] {dagbag.py:536} INFO - Filling up the DagBag from /home/airflow/.local/lib/python3.8/site-packages/airflow/example_dags/example_task_group_decorator.py
[2023-11-08T22:28:18.630+0000] {processor.py:839} INFO - DAG(s) dict_keys(['example_task_group_decorator']) retrieved from /home/airflow/.local/lib/python3.8/site-packages/airflow/example_dags/example_task_group_decorator.py
[2023-11-08T22:28:18.646+0000] {logging_mixin.py:154} INFO - [2023-11-08T22:28:18.646+0000] {dag.py:2941} INFO - Sync 1 DAGs
[2023-11-08T22:28:18.660+0000] {logging_mixin.py:154} INFO - [2023-11-08T22:28:18.660+0000] {dag.py:3722} INFO - Setting next_dagrun for example_task_group_decorator to 2023-11-07T22:28:18.659857+00:00, run_after=2023-11-08T22:28:18.659857+00:00
[2023-11-08T22:28:18.669+0000] {processor.py:179} INFO - Processing /home/airflow/.local/lib/python3.8/site-packages/airflow/example_dags/example_task_group_decorator.py took 0.053 seconds
[2023-11-08T22:28:49.570+0000] {processor.py:157} INFO - Started process (PID=231) to work on /home/airflow/.local/lib/python3.8/site-packages/airflow/example_dags/example_task_group_decorator.py
[2023-11-08T22:28:49.571+0000] {processor.py:829} INFO - Processing file /home/airflow/.local/lib/python3.8/site-packages/airflow/example_dags/example_task_group_decorator.py for tasks to queue
[2023-11-08T22:28:49.572+0000] {logging_mixin.py:154} INFO - [2023-11-08T22:28:49.572+0000] {dagbag.py:536} INFO - Filling up the DagBag from /home/airflow/.local/lib/python3.8/site-packages/airflow/example_dags/example_task_group_decorator.py
[2023-11-08T22:28:49.579+0000] {processor.py:839} INFO - DAG(s) dict_keys(['example_task_group_decorator']) retrieved from /home/airflow/.local/lib/python3.8/site-packages/airflow/example_dags/example_task_group_decorator.py
[2023-11-08T22:28:49.594+0000] {logging_mixin.py:154} INFO - [2023-11-08T22:28:49.594+0000] {dag.py:2941} INFO - Sync 1 DAGs
[2023-11-08T22:28:49.608+0000] {logging_mixin.py:154} INFO - [2023-11-08T22:28:49.608+0000] {dag.py:3722} INFO - Setting next_dagrun for example_task_group_decorator to 2023-11-07T22:28:49.608545+00:00, run_after=2023-11-08T22:28:49.608545+00:00
[2023-11-08T22:28:49.618+0000] {processor.py:179} INFO - Processing /home/airflow/.local/lib/python3.8/site-packages/airflow/example_dags/example_task_group_decorator.py took 0.050 seconds
[2023-11-08T22:29:20.404+0000] {processor.py:157} INFO - Started process (PID=285) to work on /home/airflow/.local/lib/python3.8/site-packages/airflow/example_dags/example_task_group_decorator.py
[2023-11-08T22:29:20.404+0000] {processor.py:829} INFO - Processing file /home/airflow/.local/lib/python3.8/site-packages/airflow/example_dags/example_task_group_decorator.py for tasks to queue
[2023-11-08T22:29:20.406+0000] {logging_mixin.py:154} INFO - [2023-11-08T22:29:20.405+0000] {dagbag.py:536} INFO - Filling up the DagBag from /home/airflow/.local/lib/python3.8/site-packages/airflow/example_dags/example_task_group_decorator.py
[2023-11-08T22:29:20.413+0000] {processor.py:839} INFO - DAG(s) dict_keys(['example_task_group_decorator']) retrieved from /home/airflow/.local/lib/python3.8/site-packages/airflow/example_dags/example_task_group_decorator.py
[2023-11-08T22:29:20.428+0000] {logging_mixin.py:154} INFO - [2023-11-08T22:29:20.427+0000] {dag.py:2941} INFO - Sync 1 DAGs
[2023-11-08T22:29:20.441+0000] {logging_mixin.py:154} INFO - [2023-11-08T22:29:20.441+0000] {dag.py:3722} INFO - Setting next_dagrun for example_task_group_decorator to 2023-11-07T22:29:20.440904+00:00, run_after=2023-11-08T22:29:20.440904+00:00
[2023-11-08T22:29:20.450+0000] {processor.py:179} INFO - Processing /home/airflow/.local/lib/python3.8/site-packages/airflow/example_dags/example_task_group_decorator.py took 0.048 seconds
[2023-11-08T22:29:50.561+0000] {processor.py:157} INFO - Started process (PID=340) to work on /home/airflow/.local/lib/python3.8/site-packages/airflow/example_dags/example_task_group_decorator.py
[2023-11-08T22:29:50.561+0000] {processor.py:829} INFO - Processing file /home/airflow/.local/lib/python3.8/site-packages/airflow/example_dags/example_task_group_decorator.py for tasks to queue
[2023-11-08T22:29:50.563+0000] {logging_mixin.py:154} INFO - [2023-11-08T22:29:50.563+0000] {dagbag.py:536} INFO - Filling up the DagBag from /home/airflow/.local/lib/python3.8/site-packages/airflow/example_dags/example_task_group_decorator.py
[2023-11-08T22:29:50.571+0000] {processor.py:839} INFO - DAG(s) dict_keys(['example_task_group_decorator']) retrieved from /home/airflow/.local/lib/python3.8/site-packages/airflow/example_dags/example_task_group_decorator.py
[2023-11-08T22:29:50.585+0000] {logging_mixin.py:154} INFO - [2023-11-08T22:29:50.585+0000] {dag.py:2941} INFO - Sync 1 DAGs
[2023-11-08T22:29:50.598+0000] {logging_mixin.py:154} INFO - [2023-11-08T22:29:50.598+0000] {dag.py:3722} INFO - Setting next_dagrun for example_task_group_decorator to 2023-11-07T22:29:50.598056+00:00, run_after=2023-11-08T22:29:50.598056+00:00
[2023-11-08T22:29:50.609+0000] {processor.py:179} INFO - Processing /home/airflow/.local/lib/python3.8/site-packages/airflow/example_dags/example_task_group_decorator.py took 0.050 seconds
[2023-11-08T22:30:21.214+0000] {processor.py:157} INFO - Started process (PID=394) to work on /home/airflow/.local/lib/python3.8/site-packages/airflow/example_dags/example_task_group_decorator.py
[2023-11-08T22:30:21.214+0000] {processor.py:829} INFO - Processing file /home/airflow/.local/lib/python3.8/site-packages/airflow/example_dags/example_task_group_decorator.py for tasks to queue
[2023-11-08T22:30:21.216+0000] {logging_mixin.py:154} INFO - [2023-11-08T22:30:21.216+0000] {dagbag.py:536} INFO - Filling up the DagBag from /home/airflow/.local/lib/python3.8/site-packages/airflow/example_dags/example_task_group_decorator.py
[2023-11-08T22:30:21.224+0000] {processor.py:839} INFO - DAG(s) dict_keys(['example_task_group_decorator']) retrieved from /home/airflow/.local/lib/python3.8/site-packages/airflow/example_dags/example_task_group_decorator.py
[2023-11-08T22:30:21.238+0000] {logging_mixin.py:154} INFO - [2023-11-08T22:30:21.238+0000] {dag.py:2941} INFO - Sync 1 DAGs
[2023-11-08T22:30:21.252+0000] {logging_mixin.py:154} INFO - [2023-11-08T22:30:21.252+0000] {dag.py:3722} INFO - Setting next_dagrun for example_task_group_decorator to 2023-11-07T22:30:21.252510+00:00, run_after=2023-11-08T22:30:21.252510+00:00
[2023-11-08T22:30:21.263+0000] {processor.py:179} INFO - Processing /home/airflow/.local/lib/python3.8/site-packages/airflow/example_dags/example_task_group_decorator.py took 0.052 seconds
[2023-11-08T22:30:51.987+0000] {processor.py:157} INFO - Started process (PID=448) to work on /home/airflow/.local/lib/python3.8/site-packages/airflow/example_dags/example_task_group_decorator.py
[2023-11-08T22:30:51.987+0000] {processor.py:829} INFO - Processing file /home/airflow/.local/lib/python3.8/site-packages/airflow/example_dags/example_task_group_decorator.py for tasks to queue
[2023-11-08T22:30:51.989+0000] {logging_mixin.py:154} INFO - [2023-11-08T22:30:51.989+0000] {dagbag.py:536} INFO - Filling up the DagBag from /home/airflow/.local/lib/python3.8/site-packages/airflow/example_dags/example_task_group_decorator.py
[2023-11-08T22:30:51.997+0000] {processor.py:839} INFO - DAG(s) dict_keys(['example_task_group_decorator']) retrieved from /home/airflow/.local/lib/python3.8/site-packages/airflow/example_dags/example_task_group_decorator.py
[2023-11-08T22:30:52.015+0000] {logging_mixin.py:154} INFO - [2023-11-08T22:30:52.015+0000] {dag.py:2941} INFO - Sync 1 DAGs
[2023-11-08T22:30:52.029+0000] {logging_mixin.py:154} INFO - [2023-11-08T22:30:52.029+0000] {dag.py:3722} INFO - Setting next_dagrun for example_task_group_decorator to 2023-11-07T22:30:52.029611+00:00, run_after=2023-11-08T22:30:52.029611+00:00
[2023-11-08T22:30:52.040+0000] {processor.py:179} INFO - Processing /home/airflow/.local/lib/python3.8/site-packages/airflow/example_dags/example_task_group_decorator.py took 0.055 seconds
[2023-11-08T22:31:22.130+0000] {processor.py:157} INFO - Started process (PID=502) to work on /home/airflow/.local/lib/python3.8/site-packages/airflow/example_dags/example_task_group_decorator.py
[2023-11-08T22:31:22.130+0000] {processor.py:829} INFO - Processing file /home/airflow/.local/lib/python3.8/site-packages/airflow/example_dags/example_task_group_decorator.py for tasks to queue
[2023-11-08T22:31:22.132+0000] {logging_mixin.py:154} INFO - [2023-11-08T22:31:22.132+0000] {dagbag.py:536} INFO - Filling up the DagBag from /home/airflow/.local/lib/python3.8/site-packages/airflow/example_dags/example_task_group_decorator.py
[2023-11-08T22:31:22.141+0000] {processor.py:839} INFO - DAG(s) dict_keys(['example_task_group_decorator']) retrieved from /home/airflow/.local/lib/python3.8/site-packages/airflow/example_dags/example_task_group_decorator.py
[2023-11-08T22:31:22.160+0000] {logging_mixin.py:154} INFO - [2023-11-08T22:31:22.160+0000] {dag.py:2941} INFO - Sync 1 DAGs
[2023-11-08T22:31:22.180+0000] {logging_mixin.py:154} INFO - [2023-11-08T22:31:22.180+0000] {dag.py:3722} INFO - Setting next_dagrun for example_task_group_decorator to 2023-11-07T22:31:22.180551+00:00, run_after=2023-11-08T22:31:22.180551+00:00
[2023-11-08T22:31:22.197+0000] {processor.py:179} INFO - Processing /home/airflow/.local/lib/python3.8/site-packages/airflow/example_dags/example_task_group_decorator.py took 0.070 seconds
[2023-11-08T22:31:52.222+0000] {processor.py:157} INFO - Started process (PID=556) to work on /home/airflow/.local/lib/python3.8/site-packages/airflow/example_dags/example_task_group_decorator.py
[2023-11-08T22:31:52.223+0000] {processor.py:829} INFO - Processing file /home/airflow/.local/lib/python3.8/site-packages/airflow/example_dags/example_task_group_decorator.py for tasks to queue
[2023-11-08T22:31:52.224+0000] {logging_mixin.py:154} INFO - [2023-11-08T22:31:52.224+0000] {dagbag.py:536} INFO - Filling up the DagBag from /home/airflow/.local/lib/python3.8/site-packages/airflow/example_dags/example_task_group_decorator.py
[2023-11-08T22:31:52.232+0000] {processor.py:839} INFO - DAG(s) dict_keys(['example_task_group_decorator']) retrieved from /home/airflow/.local/lib/python3.8/site-packages/airflow/example_dags/example_task_group_decorator.py
[2023-11-08T22:31:52.248+0000] {logging_mixin.py:154} INFO - [2023-11-08T22:31:52.248+0000] {dag.py:2941} INFO - Sync 1 DAGs
[2023-11-08T22:31:52.268+0000] {logging_mixin.py:154} INFO - [2023-11-08T22:31:52.268+0000] {dag.py:3722} INFO - Setting next_dagrun for example_task_group_decorator to 2023-11-07T22:31:52.268120+00:00, run_after=2023-11-08T22:31:52.268120+00:00
[2023-11-08T22:31:52.284+0000] {processor.py:179} INFO - Processing /home/airflow/.local/lib/python3.8/site-packages/airflow/example_dags/example_task_group_decorator.py took 0.064 seconds
[2023-11-08T22:32:23.219+0000] {processor.py:157} INFO - Started process (PID=611) to work on /home/airflow/.local/lib/python3.8/site-packages/airflow/example_dags/example_task_group_decorator.py
[2023-11-08T22:32:23.220+0000] {processor.py:829} INFO - Processing file /home/airflow/.local/lib/python3.8/site-packages/airflow/example_dags/example_task_group_decorator.py for tasks to queue
[2023-11-08T22:32:23.222+0000] {logging_mixin.py:154} INFO - [2023-11-08T22:32:23.222+0000] {dagbag.py:536} INFO - Filling up the DagBag from /home/airflow/.local/lib/python3.8/site-packages/airflow/example_dags/example_task_group_decorator.py
[2023-11-08T22:32:23.234+0000] {processor.py:839} INFO - DAG(s) dict_keys(['example_task_group_decorator']) retrieved from /home/airflow/.local/lib/python3.8/site-packages/airflow/example_dags/example_task_group_decorator.py
[2023-11-08T22:32:23.252+0000] {logging_mixin.py:154} INFO - [2023-11-08T22:32:23.252+0000] {dag.py:2941} INFO - Sync 1 DAGs
[2023-11-08T22:32:23.267+0000] {logging_mixin.py:154} INFO - [2023-11-08T22:32:23.267+0000] {dag.py:3722} INFO - Setting next_dagrun for example_task_group_decorator to 2023-11-07T22:32:23.267433+00:00, run_after=2023-11-08T22:32:23.267433+00:00
[2023-11-08T22:32:23.285+0000] {processor.py:179} INFO - Processing /home/airflow/.local/lib/python3.8/site-packages/airflow/example_dags/example_task_group_decorator.py took 0.067 seconds
[2023-11-08T22:32:54.242+0000] {processor.py:157} INFO - Started process (PID=666) to work on /home/airflow/.local/lib/python3.8/site-packages/airflow/example_dags/example_task_group_decorator.py
[2023-11-08T22:32:54.243+0000] {processor.py:829} INFO - Processing file /home/airflow/.local/lib/python3.8/site-packages/airflow/example_dags/example_task_group_decorator.py for tasks to queue
[2023-11-08T22:32:54.244+0000] {logging_mixin.py:154} INFO - [2023-11-08T22:32:54.244+0000] {dagbag.py:536} INFO - Filling up the DagBag from /home/airflow/.local/lib/python3.8/site-packages/airflow/example_dags/example_task_group_decorator.py
[2023-11-08T22:32:54.254+0000] {processor.py:839} INFO - DAG(s) dict_keys(['example_task_group_decorator']) retrieved from /home/airflow/.local/lib/python3.8/site-packages/airflow/example_dags/example_task_group_decorator.py
[2023-11-08T22:32:54.269+0000] {logging_mixin.py:154} INFO - [2023-11-08T22:32:54.268+0000] {dag.py:2941} INFO - Sync 1 DAGs
[2023-11-08T22:32:54.283+0000] {logging_mixin.py:154} INFO - [2023-11-08T22:32:54.283+0000] {dag.py:3722} INFO - Setting next_dagrun for example_task_group_decorator to 2023-11-07T22:32:54.283024+00:00, run_after=2023-11-08T22:32:54.283024+00:00
[2023-11-08T22:32:54.298+0000] {processor.py:179} INFO - Processing /home/airflow/.local/lib/python3.8/site-packages/airflow/example_dags/example_task_group_decorator.py took 0.057 seconds
[2023-11-08T22:33:24.504+0000] {processor.py:157} INFO - Started process (PID=721) to work on /home/airflow/.local/lib/python3.8/site-packages/airflow/example_dags/example_task_group_decorator.py
[2023-11-08T22:33:24.504+0000] {processor.py:829} INFO - Processing file /home/airflow/.local/lib/python3.8/site-packages/airflow/example_dags/example_task_group_decorator.py for tasks to queue
[2023-11-08T22:33:24.505+0000] {logging_mixin.py:154} INFO - [2023-11-08T22:33:24.505+0000] {dagbag.py:536} INFO - Filling up the DagBag from /home/airflow/.local/lib/python3.8/site-packages/airflow/example_dags/example_task_group_decorator.py
[2023-11-08T22:33:24.516+0000] {processor.py:839} INFO - DAG(s) dict_keys(['example_task_group_decorator']) retrieved from /home/airflow/.local/lib/python3.8/site-packages/airflow/example_dags/example_task_group_decorator.py
[2023-11-08T22:33:24.536+0000] {logging_mixin.py:154} INFO - [2023-11-08T22:33:24.536+0000] {dag.py:2941} INFO - Sync 1 DAGs
[2023-11-08T22:33:24.552+0000] {logging_mixin.py:154} INFO - [2023-11-08T22:33:24.551+0000] {dag.py:3722} INFO - Setting next_dagrun for example_task_group_decorator to 2023-11-07T22:33:24.551717+00:00, run_after=2023-11-08T22:33:24.551717+00:00
[2023-11-08T22:33:24.564+0000] {processor.py:179} INFO - Processing /home/airflow/.local/lib/python3.8/site-packages/airflow/example_dags/example_task_group_decorator.py took 0.063 seconds
[2023-11-08T22:33:55.472+0000] {processor.py:157} INFO - Started process (PID=776) to work on /home/airflow/.local/lib/python3.8/site-packages/airflow/example_dags/example_task_group_decorator.py
[2023-11-08T22:33:55.473+0000] {processor.py:829} INFO - Processing file /home/airflow/.local/lib/python3.8/site-packages/airflow/example_dags/example_task_group_decorator.py for tasks to queue
[2023-11-08T22:33:55.474+0000] {logging_mixin.py:154} INFO - [2023-11-08T22:33:55.474+0000] {dagbag.py:536} INFO - Filling up the DagBag from /home/airflow/.local/lib/python3.8/site-packages/airflow/example_dags/example_task_group_decorator.py
[2023-11-08T22:33:55.482+0000] {processor.py:839} INFO - DAG(s) dict_keys(['example_task_group_decorator']) retrieved from /home/airflow/.local/lib/python3.8/site-packages/airflow/example_dags/example_task_group_decorator.py
[2023-11-08T22:33:55.497+0000] {logging_mixin.py:154} INFO - [2023-11-08T22:33:55.497+0000] {dag.py:2941} INFO - Sync 1 DAGs
[2023-11-08T22:33:55.510+0000] {logging_mixin.py:154} INFO - [2023-11-08T22:33:55.510+0000] {dag.py:3722} INFO - Setting next_dagrun for example_task_group_decorator to 2023-11-07T22:33:55.510121+00:00, run_after=2023-11-08T22:33:55.510121+00:00
[2023-11-08T22:33:55.520+0000] {processor.py:179} INFO - Processing /home/airflow/.local/lib/python3.8/site-packages/airflow/example_dags/example_task_group_decorator.py took 0.050 seconds
[2023-11-08T22:34:26.058+0000] {processor.py:157} INFO - Started process (PID=831) to work on /home/airflow/.local/lib/python3.8/site-packages/airflow/example_dags/example_task_group_decorator.py
[2023-11-08T22:34:26.058+0000] {processor.py:829} INFO - Processing file /home/airflow/.local/lib/python3.8/site-packages/airflow/example_dags/example_task_group_decorator.py for tasks to queue
[2023-11-08T22:34:26.060+0000] {logging_mixin.py:154} INFO - [2023-11-08T22:34:26.059+0000] {dagbag.py:536} INFO - Filling up the DagBag from /home/airflow/.local/lib/python3.8/site-packages/airflow/example_dags/example_task_group_decorator.py
[2023-11-08T22:34:26.067+0000] {processor.py:839} INFO - DAG(s) dict_keys(['example_task_group_decorator']) retrieved from /home/airflow/.local/lib/python3.8/site-packages/airflow/example_dags/example_task_group_decorator.py
[2023-11-08T22:34:26.081+0000] {logging_mixin.py:154} INFO - [2023-11-08T22:34:26.081+0000] {dag.py:2941} INFO - Sync 1 DAGs
[2023-11-08T22:34:26.093+0000] {logging_mixin.py:154} INFO - [2023-11-08T22:34:26.093+0000] {dag.py:3722} INFO - Setting next_dagrun for example_task_group_decorator to 2023-11-07T22:34:26.092956+00:00, run_after=2023-11-08T22:34:26.092956+00:00
[2023-11-08T22:34:26.102+0000] {processor.py:179} INFO - Processing /home/airflow/.local/lib/python3.8/site-packages/airflow/example_dags/example_task_group_decorator.py took 0.047 seconds
[2023-11-08T22:34:56.613+0000] {processor.py:157} INFO - Started process (PID=886) to work on /home/airflow/.local/lib/python3.8/site-packages/airflow/example_dags/example_task_group_decorator.py
[2023-11-08T22:34:56.613+0000] {processor.py:829} INFO - Processing file /home/airflow/.local/lib/python3.8/site-packages/airflow/example_dags/example_task_group_decorator.py for tasks to queue
[2023-11-08T22:34:56.615+0000] {logging_mixin.py:154} INFO - [2023-11-08T22:34:56.615+0000] {dagbag.py:536} INFO - Filling up the DagBag from /home/airflow/.local/lib/python3.8/site-packages/airflow/example_dags/example_task_group_decorator.py
[2023-11-08T22:34:56.624+0000] {processor.py:839} INFO - DAG(s) dict_keys(['example_task_group_decorator']) retrieved from /home/airflow/.local/lib/python3.8/site-packages/airflow/example_dags/example_task_group_decorator.py
[2023-11-08T22:34:56.638+0000] {logging_mixin.py:154} INFO - [2023-11-08T22:34:56.638+0000] {dag.py:2941} INFO - Sync 1 DAGs
[2023-11-08T22:34:56.651+0000] {logging_mixin.py:154} INFO - [2023-11-08T22:34:56.650+0000] {dag.py:3722} INFO - Setting next_dagrun for example_task_group_decorator to 2023-11-07T22:34:56.650833+00:00, run_after=2023-11-08T22:34:56.650833+00:00
[2023-11-08T22:34:56.661+0000] {processor.py:179} INFO - Processing /home/airflow/.local/lib/python3.8/site-packages/airflow/example_dags/example_task_group_decorator.py took 0.050 seconds
[2023-11-08T22:35:27.437+0000] {processor.py:157} INFO - Started process (PID=941) to work on /home/airflow/.local/lib/python3.8/site-packages/airflow/example_dags/example_task_group_decorator.py
[2023-11-08T22:35:27.438+0000] {processor.py:829} INFO - Processing file /home/airflow/.local/lib/python3.8/site-packages/airflow/example_dags/example_task_group_decorator.py for tasks to queue
[2023-11-08T22:35:27.439+0000] {logging_mixin.py:154} INFO - [2023-11-08T22:35:27.439+0000] {dagbag.py:536} INFO - Filling up the DagBag from /home/airflow/.local/lib/python3.8/site-packages/airflow/example_dags/example_task_group_decorator.py
[2023-11-08T22:35:27.447+0000] {processor.py:839} INFO - DAG(s) dict_keys(['example_task_group_decorator']) retrieved from /home/airflow/.local/lib/python3.8/site-packages/airflow/example_dags/example_task_group_decorator.py
[2023-11-08T22:35:27.461+0000] {logging_mixin.py:154} INFO - [2023-11-08T22:35:27.461+0000] {dag.py:2941} INFO - Sync 1 DAGs
[2023-11-08T22:35:27.473+0000] {logging_mixin.py:154} INFO - [2023-11-08T22:35:27.473+0000] {dag.py:3722} INFO - Setting next_dagrun for example_task_group_decorator to 2023-11-07T22:35:27.473728+00:00, run_after=2023-11-08T22:35:27.473728+00:00
[2023-11-08T22:35:27.484+0000] {processor.py:179} INFO - Processing /home/airflow/.local/lib/python3.8/site-packages/airflow/example_dags/example_task_group_decorator.py took 0.049 seconds
[2023-11-08T22:35:58.431+0000] {processor.py:157} INFO - Started process (PID=996) to work on /home/airflow/.local/lib/python3.8/site-packages/airflow/example_dags/example_task_group_decorator.py
[2023-11-08T22:35:58.432+0000] {processor.py:829} INFO - Processing file /home/airflow/.local/lib/python3.8/site-packages/airflow/example_dags/example_task_group_decorator.py for tasks to queue
[2023-11-08T22:35:58.433+0000] {logging_mixin.py:154} INFO - [2023-11-08T22:35:58.433+0000] {dagbag.py:536} INFO - Filling up the DagBag from /home/airflow/.local/lib/python3.8/site-packages/airflow/example_dags/example_task_group_decorator.py
[2023-11-08T22:35:58.442+0000] {processor.py:839} INFO - DAG(s) dict_keys(['example_task_group_decorator']) retrieved from /home/airflow/.local/lib/python3.8/site-packages/airflow/example_dags/example_task_group_decorator.py
[2023-11-08T22:35:58.457+0000] {logging_mixin.py:154} INFO - [2023-11-08T22:35:58.457+0000] {dag.py:2941} INFO - Sync 1 DAGs
[2023-11-08T22:35:58.469+0000] {logging_mixin.py:154} INFO - [2023-11-08T22:35:58.469+0000] {dag.py:3722} INFO - Setting next_dagrun for example_task_group_decorator to 2023-11-07T22:35:58.468890+00:00, run_after=2023-11-08T22:35:58.468890+00:00
[2023-11-08T22:35:58.479+0000] {processor.py:179} INFO - Processing /home/airflow/.local/lib/python3.8/site-packages/airflow/example_dags/example_task_group_decorator.py took 0.050 seconds
[2023-11-08T22:36:29.017+0000] {processor.py:157} INFO - Started process (PID=1051) to work on /home/airflow/.local/lib/python3.8/site-packages/airflow/example_dags/example_task_group_decorator.py
[2023-11-08T22:36:29.018+0000] {processor.py:829} INFO - Processing file /home/airflow/.local/lib/python3.8/site-packages/airflow/example_dags/example_task_group_decorator.py for tasks to queue
[2023-11-08T22:36:29.020+0000] {logging_mixin.py:154} INFO - [2023-11-08T22:36:29.019+0000] {dagbag.py:536} INFO - Filling up the DagBag from /home/airflow/.local/lib/python3.8/site-packages/airflow/example_dags/example_task_group_decorator.py
[2023-11-08T22:36:29.027+0000] {processor.py:839} INFO - DAG(s) dict_keys(['example_task_group_decorator']) retrieved from /home/airflow/.local/lib/python3.8/site-packages/airflow/example_dags/example_task_group_decorator.py
[2023-11-08T22:36:29.042+0000] {logging_mixin.py:154} INFO - [2023-11-08T22:36:29.042+0000] {dag.py:2941} INFO - Sync 1 DAGs
[2023-11-08T22:36:29.054+0000] {logging_mixin.py:154} INFO - [2023-11-08T22:36:29.054+0000] {dag.py:3722} INFO - Setting next_dagrun for example_task_group_decorator to 2023-11-07T22:36:29.054545+00:00, run_after=2023-11-08T22:36:29.054545+00:00
[2023-11-08T22:36:29.064+0000] {processor.py:179} INFO - Processing /home/airflow/.local/lib/python3.8/site-packages/airflow/example_dags/example_task_group_decorator.py took 0.049 seconds
[2023-11-08T22:36:59.624+0000] {processor.py:157} INFO - Started process (PID=1108) to work on /home/airflow/.local/lib/python3.8/site-packages/airflow/example_dags/example_task_group_decorator.py
[2023-11-08T22:36:59.624+0000] {processor.py:829} INFO - Processing file /home/airflow/.local/lib/python3.8/site-packages/airflow/example_dags/example_task_group_decorator.py for tasks to queue
[2023-11-08T22:36:59.626+0000] {logging_mixin.py:154} INFO - [2023-11-08T22:36:59.626+0000] {dagbag.py:536} INFO - Filling up the DagBag from /home/airflow/.local/lib/python3.8/site-packages/airflow/example_dags/example_task_group_decorator.py
[2023-11-08T22:36:59.634+0000] {processor.py:839} INFO - DAG(s) dict_keys(['example_task_group_decorator']) retrieved from /home/airflow/.local/lib/python3.8/site-packages/airflow/example_dags/example_task_group_decorator.py
[2023-11-08T22:36:59.648+0000] {logging_mixin.py:154} INFO - [2023-11-08T22:36:59.648+0000] {dag.py:2941} INFO - Sync 1 DAGs
[2023-11-08T22:36:59.663+0000] {logging_mixin.py:154} INFO - [2023-11-08T22:36:59.663+0000] {dag.py:3722} INFO - Setting next_dagrun for example_task_group_decorator to 2023-11-07T22:36:59.663317+00:00, run_after=2023-11-08T22:36:59.663317+00:00
[2023-11-08T22:36:59.675+0000] {processor.py:179} INFO - Processing /home/airflow/.local/lib/python3.8/site-packages/airflow/example_dags/example_task_group_decorator.py took 0.053 seconds
[2023-11-08T22:37:30.486+0000] {processor.py:157} INFO - Started process (PID=1163) to work on /home/airflow/.local/lib/python3.8/site-packages/airflow/example_dags/example_task_group_decorator.py
[2023-11-08T22:37:30.486+0000] {processor.py:829} INFO - Processing file /home/airflow/.local/lib/python3.8/site-packages/airflow/example_dags/example_task_group_decorator.py for tasks to queue
[2023-11-08T22:37:30.487+0000] {logging_mixin.py:154} INFO - [2023-11-08T22:37:30.487+0000] {dagbag.py:536} INFO - Filling up the DagBag from /home/airflow/.local/lib/python3.8/site-packages/airflow/example_dags/example_task_group_decorator.py
[2023-11-08T22:37:30.495+0000] {processor.py:839} INFO - DAG(s) dict_keys(['example_task_group_decorator']) retrieved from /home/airflow/.local/lib/python3.8/site-packages/airflow/example_dags/example_task_group_decorator.py
[2023-11-08T22:37:30.509+0000] {logging_mixin.py:154} INFO - [2023-11-08T22:37:30.509+0000] {dag.py:2941} INFO - Sync 1 DAGs
[2023-11-08T22:37:30.521+0000] {logging_mixin.py:154} INFO - [2023-11-08T22:37:30.521+0000] {dag.py:3722} INFO - Setting next_dagrun for example_task_group_decorator to 2023-11-07T22:37:30.521023+00:00, run_after=2023-11-08T22:37:30.521023+00:00
[2023-11-08T22:37:30.531+0000] {processor.py:179} INFO - Processing /home/airflow/.local/lib/python3.8/site-packages/airflow/example_dags/example_task_group_decorator.py took 0.047 seconds
[2023-11-08T22:38:01.005+0000] {processor.py:157} INFO - Started process (PID=1218) to work on /home/airflow/.local/lib/python3.8/site-packages/airflow/example_dags/example_task_group_decorator.py
[2023-11-08T22:38:01.005+0000] {processor.py:829} INFO - Processing file /home/airflow/.local/lib/python3.8/site-packages/airflow/example_dags/example_task_group_decorator.py for tasks to queue
[2023-11-08T22:38:01.007+0000] {logging_mixin.py:154} INFO - [2023-11-08T22:38:01.007+0000] {dagbag.py:536} INFO - Filling up the DagBag from /home/airflow/.local/lib/python3.8/site-packages/airflow/example_dags/example_task_group_decorator.py
[2023-11-08T22:38:01.015+0000] {processor.py:839} INFO - DAG(s) dict_keys(['example_task_group_decorator']) retrieved from /home/airflow/.local/lib/python3.8/site-packages/airflow/example_dags/example_task_group_decorator.py
[2023-11-08T22:38:01.029+0000] {logging_mixin.py:154} INFO - [2023-11-08T22:38:01.029+0000] {dag.py:2941} INFO - Sync 1 DAGs
[2023-11-08T22:38:01.042+0000] {logging_mixin.py:154} INFO - [2023-11-08T22:38:01.042+0000] {dag.py:3722} INFO - Setting next_dagrun for example_task_group_decorator to 2023-11-07T22:38:01.042221+00:00, run_after=2023-11-08T22:38:01.042221+00:00
[2023-11-08T22:38:01.052+0000] {processor.py:179} INFO - Processing /home/airflow/.local/lib/python3.8/site-packages/airflow/example_dags/example_task_group_decorator.py took 0.049 seconds
[2023-11-08T22:38:31.561+0000] {processor.py:157} INFO - Started process (PID=1273) to work on /home/airflow/.local/lib/python3.8/site-packages/airflow/example_dags/example_task_group_decorator.py
[2023-11-08T22:38:31.561+0000] {processor.py:829} INFO - Processing file /home/airflow/.local/lib/python3.8/site-packages/airflow/example_dags/example_task_group_decorator.py for tasks to queue
[2023-11-08T22:38:31.563+0000] {logging_mixin.py:154} INFO - [2023-11-08T22:38:31.563+0000] {dagbag.py:536} INFO - Filling up the DagBag from /home/airflow/.local/lib/python3.8/site-packages/airflow/example_dags/example_task_group_decorator.py
[2023-11-08T22:38:31.570+0000] {processor.py:839} INFO - DAG(s) dict_keys(['example_task_group_decorator']) retrieved from /home/airflow/.local/lib/python3.8/site-packages/airflow/example_dags/example_task_group_decorator.py
[2023-11-08T22:38:31.586+0000] {logging_mixin.py:154} INFO - [2023-11-08T22:38:31.586+0000] {dag.py:2941} INFO - Sync 1 DAGs
[2023-11-08T22:38:31.599+0000] {logging_mixin.py:154} INFO - [2023-11-08T22:38:31.599+0000] {dag.py:3722} INFO - Setting next_dagrun for example_task_group_decorator to 2023-11-07T22:38:31.599725+00:00, run_after=2023-11-08T22:38:31.599725+00:00
[2023-11-08T22:38:31.611+0000] {processor.py:179} INFO - Processing /home/airflow/.local/lib/python3.8/site-packages/airflow/example_dags/example_task_group_decorator.py took 0.053 seconds
[2023-11-08T22:39:02.186+0000] {processor.py:157} INFO - Started process (PID=1329) to work on /home/airflow/.local/lib/python3.8/site-packages/airflow/example_dags/example_task_group_decorator.py
[2023-11-08T22:39:02.187+0000] {processor.py:829} INFO - Processing file /home/airflow/.local/lib/python3.8/site-packages/airflow/example_dags/example_task_group_decorator.py for tasks to queue
[2023-11-08T22:39:02.188+0000] {logging_mixin.py:154} INFO - [2023-11-08T22:39:02.188+0000] {dagbag.py:536} INFO - Filling up the DagBag from /home/airflow/.local/lib/python3.8/site-packages/airflow/example_dags/example_task_group_decorator.py
[2023-11-08T22:39:02.196+0000] {processor.py:839} INFO - DAG(s) dict_keys(['example_task_group_decorator']) retrieved from /home/airflow/.local/lib/python3.8/site-packages/airflow/example_dags/example_task_group_decorator.py
[2023-11-08T22:39:02.210+0000] {logging_mixin.py:154} INFO - [2023-11-08T22:39:02.210+0000] {dag.py:2941} INFO - Sync 1 DAGs
[2023-11-08T22:39:02.222+0000] {logging_mixin.py:154} INFO - [2023-11-08T22:39:02.222+0000] {dag.py:3722} INFO - Setting next_dagrun for example_task_group_decorator to 2023-11-07T22:39:02.222138+00:00, run_after=2023-11-08T22:39:02.222138+00:00
[2023-11-08T22:39:02.231+0000] {processor.py:179} INFO - Processing /home/airflow/.local/lib/python3.8/site-packages/airflow/example_dags/example_task_group_decorator.py took 0.047 seconds
[2023-11-08T22:39:32.771+0000] {processor.py:157} INFO - Started process (PID=1385) to work on /home/airflow/.local/lib/python3.8/site-packages/airflow/example_dags/example_task_group_decorator.py
[2023-11-08T22:39:32.771+0000] {processor.py:829} INFO - Processing file /home/airflow/.local/lib/python3.8/site-packages/airflow/example_dags/example_task_group_decorator.py for tasks to queue
[2023-11-08T22:39:32.773+0000] {logging_mixin.py:154} INFO - [2023-11-08T22:39:32.773+0000] {dagbag.py:536} INFO - Filling up the DagBag from /home/airflow/.local/lib/python3.8/site-packages/airflow/example_dags/example_task_group_decorator.py
[2023-11-08T22:39:32.781+0000] {processor.py:839} INFO - DAG(s) dict_keys(['example_task_group_decorator']) retrieved from /home/airflow/.local/lib/python3.8/site-packages/airflow/example_dags/example_task_group_decorator.py
[2023-11-08T22:39:32.795+0000] {logging_mixin.py:154} INFO - [2023-11-08T22:39:32.795+0000] {dag.py:2941} INFO - Sync 1 DAGs
[2023-11-08T22:39:32.807+0000] {logging_mixin.py:154} INFO - [2023-11-08T22:39:32.807+0000] {dag.py:3722} INFO - Setting next_dagrun for example_task_group_decorator to 2023-11-07T22:39:32.806946+00:00, run_after=2023-11-08T22:39:32.806946+00:00
[2023-11-08T22:39:32.816+0000] {processor.py:179} INFO - Processing /home/airflow/.local/lib/python3.8/site-packages/airflow/example_dags/example_task_group_decorator.py took 0.048 seconds
[2023-11-08T22:40:03.384+0000] {processor.py:157} INFO - Started process (PID=1440) to work on /home/airflow/.local/lib/python3.8/site-packages/airflow/example_dags/example_task_group_decorator.py
[2023-11-08T22:40:03.384+0000] {processor.py:829} INFO - Processing file /home/airflow/.local/lib/python3.8/site-packages/airflow/example_dags/example_task_group_decorator.py for tasks to queue
[2023-11-08T22:40:03.386+0000] {logging_mixin.py:154} INFO - [2023-11-08T22:40:03.385+0000] {dagbag.py:536} INFO - Filling up the DagBag from /home/airflow/.local/lib/python3.8/site-packages/airflow/example_dags/example_task_group_decorator.py
[2023-11-08T22:40:03.394+0000] {processor.py:839} INFO - DAG(s) dict_keys(['example_task_group_decorator']) retrieved from /home/airflow/.local/lib/python3.8/site-packages/airflow/example_dags/example_task_group_decorator.py
[2023-11-08T22:40:03.408+0000] {logging_mixin.py:154} INFO - [2023-11-08T22:40:03.408+0000] {dag.py:2941} INFO - Sync 1 DAGs
[2023-11-08T22:40:03.420+0000] {logging_mixin.py:154} INFO - [2023-11-08T22:40:03.420+0000] {dag.py:3722} INFO - Setting next_dagrun for example_task_group_decorator to 2023-11-07T22:40:03.420119+00:00, run_after=2023-11-08T22:40:03.420119+00:00
[2023-11-08T22:40:03.429+0000] {processor.py:179} INFO - Processing /home/airflow/.local/lib/python3.8/site-packages/airflow/example_dags/example_task_group_decorator.py took 0.047 seconds
[2023-11-08T22:40:33.970+0000] {processor.py:157} INFO - Started process (PID=1495) to work on /home/airflow/.local/lib/python3.8/site-packages/airflow/example_dags/example_task_group_decorator.py
[2023-11-08T22:40:33.970+0000] {processor.py:829} INFO - Processing file /home/airflow/.local/lib/python3.8/site-packages/airflow/example_dags/example_task_group_decorator.py for tasks to queue
[2023-11-08T22:40:33.972+0000] {logging_mixin.py:154} INFO - [2023-11-08T22:40:33.972+0000] {dagbag.py:536} INFO - Filling up the DagBag from /home/airflow/.local/lib/python3.8/site-packages/airflow/example_dags/example_task_group_decorator.py
[2023-11-08T22:40:33.979+0000] {processor.py:839} INFO - DAG(s) dict_keys(['example_task_group_decorator']) retrieved from /home/airflow/.local/lib/python3.8/site-packages/airflow/example_dags/example_task_group_decorator.py
[2023-11-08T22:40:33.993+0000] {logging_mixin.py:154} INFO - [2023-11-08T22:40:33.993+0000] {dag.py:2941} INFO - Sync 1 DAGs
[2023-11-08T22:40:34.005+0000] {logging_mixin.py:154} INFO - [2023-11-08T22:40:34.005+0000] {dag.py:3722} INFO - Setting next_dagrun for example_task_group_decorator to 2023-11-07T22:40:34.004985+00:00, run_after=2023-11-08T22:40:34.004985+00:00
[2023-11-08T22:40:34.014+0000] {processor.py:179} INFO - Processing /home/airflow/.local/lib/python3.8/site-packages/airflow/example_dags/example_task_group_decorator.py took 0.046 seconds
[2023-11-08T22:41:04.497+0000] {processor.py:157} INFO - Started process (PID=1550) to work on /home/airflow/.local/lib/python3.8/site-packages/airflow/example_dags/example_task_group_decorator.py
[2023-11-08T22:41:04.497+0000] {processor.py:829} INFO - Processing file /home/airflow/.local/lib/python3.8/site-packages/airflow/example_dags/example_task_group_decorator.py for tasks to queue
[2023-11-08T22:41:04.499+0000] {logging_mixin.py:154} INFO - [2023-11-08T22:41:04.499+0000] {dagbag.py:536} INFO - Filling up the DagBag from /home/airflow/.local/lib/python3.8/site-packages/airflow/example_dags/example_task_group_decorator.py
[2023-11-08T22:41:04.506+0000] {processor.py:839} INFO - DAG(s) dict_keys(['example_task_group_decorator']) retrieved from /home/airflow/.local/lib/python3.8/site-packages/airflow/example_dags/example_task_group_decorator.py
[2023-11-08T22:41:04.521+0000] {logging_mixin.py:154} INFO - [2023-11-08T22:41:04.521+0000] {dag.py:2941} INFO - Sync 1 DAGs
[2023-11-08T22:41:04.533+0000] {logging_mixin.py:154} INFO - [2023-11-08T22:41:04.533+0000] {dag.py:3722} INFO - Setting next_dagrun for example_task_group_decorator to 2023-11-07T22:41:04.533590+00:00, run_after=2023-11-08T22:41:04.533590+00:00
[2023-11-08T22:41:04.544+0000] {processor.py:179} INFO - Processing /home/airflow/.local/lib/python3.8/site-packages/airflow/example_dags/example_task_group_decorator.py took 0.049 seconds
[2023-11-08T22:41:35.195+0000] {processor.py:157} INFO - Started process (PID=1605) to work on /home/airflow/.local/lib/python3.8/site-packages/airflow/example_dags/example_task_group_decorator.py
[2023-11-08T22:41:35.196+0000] {processor.py:829} INFO - Processing file /home/airflow/.local/lib/python3.8/site-packages/airflow/example_dags/example_task_group_decorator.py for tasks to queue
[2023-11-08T22:41:35.197+0000] {logging_mixin.py:154} INFO - [2023-11-08T22:41:35.197+0000] {dagbag.py:536} INFO - Filling up the DagBag from /home/airflow/.local/lib/python3.8/site-packages/airflow/example_dags/example_task_group_decorator.py
[2023-11-08T22:41:35.205+0000] {processor.py:839} INFO - DAG(s) dict_keys(['example_task_group_decorator']) retrieved from /home/airflow/.local/lib/python3.8/site-packages/airflow/example_dags/example_task_group_decorator.py
[2023-11-08T22:41:35.219+0000] {logging_mixin.py:154} INFO - [2023-11-08T22:41:35.219+0000] {dag.py:2941} INFO - Sync 1 DAGs
[2023-11-08T22:41:35.232+0000] {logging_mixin.py:154} INFO - [2023-11-08T22:41:35.232+0000] {dag.py:3722} INFO - Setting next_dagrun for example_task_group_decorator to 2023-11-07T22:41:35.231990+00:00, run_after=2023-11-08T22:41:35.231990+00:00
[2023-11-08T22:41:35.242+0000] {processor.py:179} INFO - Processing /home/airflow/.local/lib/python3.8/site-packages/airflow/example_dags/example_task_group_decorator.py took 0.049 seconds
[2023-11-08T22:42:05.792+0000] {processor.py:157} INFO - Started process (PID=1661) to work on /home/airflow/.local/lib/python3.8/site-packages/airflow/example_dags/example_task_group_decorator.py
[2023-11-08T22:42:05.793+0000] {processor.py:829} INFO - Processing file /home/airflow/.local/lib/python3.8/site-packages/airflow/example_dags/example_task_group_decorator.py for tasks to queue
[2023-11-08T22:42:05.794+0000] {logging_mixin.py:154} INFO - [2023-11-08T22:42:05.794+0000] {dagbag.py:536} INFO - Filling up the DagBag from /home/airflow/.local/lib/python3.8/site-packages/airflow/example_dags/example_task_group_decorator.py
[2023-11-08T22:42:05.802+0000] {processor.py:839} INFO - DAG(s) dict_keys(['example_task_group_decorator']) retrieved from /home/airflow/.local/lib/python3.8/site-packages/airflow/example_dags/example_task_group_decorator.py
[2023-11-08T22:42:05.815+0000] {logging_mixin.py:154} INFO - [2023-11-08T22:42:05.815+0000] {dag.py:2941} INFO - Sync 1 DAGs
[2023-11-08T22:42:05.827+0000] {logging_mixin.py:154} INFO - [2023-11-08T22:42:05.827+0000] {dag.py:3722} INFO - Setting next_dagrun for example_task_group_decorator to 2023-11-07T22:42:05.827331+00:00, run_after=2023-11-08T22:42:05.827331+00:00
[2023-11-08T22:42:05.837+0000] {processor.py:179} INFO - Processing /home/airflow/.local/lib/python3.8/site-packages/airflow/example_dags/example_task_group_decorator.py took 0.047 seconds
[2023-11-08T22:42:36.317+0000] {processor.py:157} INFO - Started process (PID=1716) to work on /home/airflow/.local/lib/python3.8/site-packages/airflow/example_dags/example_task_group_decorator.py
[2023-11-08T22:42:36.317+0000] {processor.py:829} INFO - Processing file /home/airflow/.local/lib/python3.8/site-packages/airflow/example_dags/example_task_group_decorator.py for tasks to queue
[2023-11-08T22:42:36.318+0000] {logging_mixin.py:154} INFO - [2023-11-08T22:42:36.318+0000] {dagbag.py:536} INFO - Filling up the DagBag from /home/airflow/.local/lib/python3.8/site-packages/airflow/example_dags/example_task_group_decorator.py
[2023-11-08T22:42:36.326+0000] {processor.py:839} INFO - DAG(s) dict_keys(['example_task_group_decorator']) retrieved from /home/airflow/.local/lib/python3.8/site-packages/airflow/example_dags/example_task_group_decorator.py
[2023-11-08T22:42:36.340+0000] {logging_mixin.py:154} INFO - [2023-11-08T22:42:36.340+0000] {dag.py:2941} INFO - Sync 1 DAGs
[2023-11-08T22:42:36.352+0000] {logging_mixin.py:154} INFO - [2023-11-08T22:42:36.352+0000] {dag.py:3722} INFO - Setting next_dagrun for example_task_group_decorator to 2023-11-07T22:42:36.352199+00:00, run_after=2023-11-08T22:42:36.352199+00:00
[2023-11-08T22:42:36.363+0000] {processor.py:179} INFO - Processing /home/airflow/.local/lib/python3.8/site-packages/airflow/example_dags/example_task_group_decorator.py took 0.048 seconds
[2023-11-08T22:43:07.022+0000] {processor.py:157} INFO - Started process (PID=1771) to work on /home/airflow/.local/lib/python3.8/site-packages/airflow/example_dags/example_task_group_decorator.py
[2023-11-08T22:43:07.023+0000] {processor.py:829} INFO - Processing file /home/airflow/.local/lib/python3.8/site-packages/airflow/example_dags/example_task_group_decorator.py for tasks to queue
[2023-11-08T22:43:07.024+0000] {logging_mixin.py:154} INFO - [2023-11-08T22:43:07.024+0000] {dagbag.py:536} INFO - Filling up the DagBag from /home/airflow/.local/lib/python3.8/site-packages/airflow/example_dags/example_task_group_decorator.py
[2023-11-08T22:43:07.033+0000] {processor.py:839} INFO - DAG(s) dict_keys(['example_task_group_decorator']) retrieved from /home/airflow/.local/lib/python3.8/site-packages/airflow/example_dags/example_task_group_decorator.py
[2023-11-08T22:43:07.047+0000] {logging_mixin.py:154} INFO - [2023-11-08T22:43:07.047+0000] {dag.py:2941} INFO - Sync 1 DAGs
[2023-11-08T22:43:07.061+0000] {logging_mixin.py:154} INFO - [2023-11-08T22:43:07.061+0000] {dag.py:3722} INFO - Setting next_dagrun for example_task_group_decorator to 2023-11-07T22:43:07.060972+00:00, run_after=2023-11-08T22:43:07.060972+00:00
[2023-11-08T22:43:07.074+0000] {processor.py:179} INFO - Processing /home/airflow/.local/lib/python3.8/site-packages/airflow/example_dags/example_task_group_decorator.py took 0.054 seconds
[2023-11-08T22:43:38.755+0000] {processor.py:157} INFO - Started process (PID=70) to work on /home/airflow/.local/lib/python3.8/site-packages/airflow/example_dags/example_task_group_decorator.py
[2023-11-08T22:43:38.756+0000] {processor.py:829} INFO - Processing file /home/airflow/.local/lib/python3.8/site-packages/airflow/example_dags/example_task_group_decorator.py for tasks to queue
[2023-11-08T22:43:38.757+0000] {logging_mixin.py:154} INFO - [2023-11-08T22:43:38.757+0000] {dagbag.py:536} INFO - Filling up the DagBag from /home/airflow/.local/lib/python3.8/site-packages/airflow/example_dags/example_task_group_decorator.py
[2023-11-08T22:43:38.766+0000] {processor.py:839} INFO - DAG(s) dict_keys(['example_task_group_decorator']) retrieved from /home/airflow/.local/lib/python3.8/site-packages/airflow/example_dags/example_task_group_decorator.py
[2023-11-08T22:43:38.776+0000] {logging_mixin.py:154} INFO - [2023-11-08T22:43:38.775+0000] {dag.py:2941} INFO - Sync 1 DAGs
[2023-11-08T22:43:38.795+0000] {logging_mixin.py:154} INFO - [2023-11-08T22:43:38.795+0000] {dag.py:3722} INFO - Setting next_dagrun for example_task_group_decorator to 2023-11-07T22:43:38.795310+00:00, run_after=2023-11-08T22:43:38.795310+00:00
[2023-11-08T22:43:38.806+0000] {processor.py:179} INFO - Processing /home/airflow/.local/lib/python3.8/site-packages/airflow/example_dags/example_task_group_decorator.py took 0.053 seconds
