[2023-11-08T22:09:16.504+0000] {processor.py:157} INFO - Started process (PID=68) to work on /home/airflow/.local/lib/python3.8/site-packages/airflow/example_dags/example_short_circuit_operator.py
[2023-11-08T22:09:16.504+0000] {processor.py:829} INFO - Processing file /home/airflow/.local/lib/python3.8/site-packages/airflow/example_dags/example_short_circuit_operator.py for tasks to queue
[2023-11-08T22:09:16.509+0000] {logging_mixin.py:154} INFO - [2023-11-08T22:09:16.509+0000] {dagbag.py:536} INFO - Filling up the DagBag from /home/airflow/.local/lib/python3.8/site-packages/airflow/example_dags/example_short_circuit_operator.py
[2023-11-08T22:09:16.516+0000] {processor.py:839} INFO - DAG(s) dict_keys(['example_short_circuit_operator']) retrieved from /home/airflow/.local/lib/python3.8/site-packages/airflow/example_dags/example_short_circuit_operator.py
[2023-11-08T22:09:16.525+0000] {logging_mixin.py:154} INFO - [2023-11-08T22:09:16.524+0000] {dag.py:2941} INFO - Sync 1 DAGs
[2023-11-08T22:09:16.539+0000] {logging_mixin.py:154} INFO - [2023-11-08T22:09:16.539+0000] {dag.py:3722} INFO - Setting next_dagrun for example_short_circuit_operator to 2023-11-07T22:09:16.539322+00:00, run_after=2023-11-08T22:09:16.539322+00:00
[2023-11-08T22:09:16.552+0000] {processor.py:179} INFO - Processing /home/airflow/.local/lib/python3.8/site-packages/airflow/example_dags/example_short_circuit_operator.py took 0.050 seconds
[2023-11-08T22:09:47.209+0000] {processor.py:157} INFO - Started process (PID=123) to work on /home/airflow/.local/lib/python3.8/site-packages/airflow/example_dags/example_short_circuit_operator.py
[2023-11-08T22:09:47.210+0000] {processor.py:829} INFO - Processing file /home/airflow/.local/lib/python3.8/site-packages/airflow/example_dags/example_short_circuit_operator.py for tasks to queue
[2023-11-08T22:09:47.212+0000] {logging_mixin.py:154} INFO - [2023-11-08T22:09:47.212+0000] {dagbag.py:536} INFO - Filling up the DagBag from /home/airflow/.local/lib/python3.8/site-packages/airflow/example_dags/example_short_circuit_operator.py
[2023-11-08T22:09:47.218+0000] {processor.py:839} INFO - DAG(s) dict_keys(['example_short_circuit_operator']) retrieved from /home/airflow/.local/lib/python3.8/site-packages/airflow/example_dags/example_short_circuit_operator.py
[2023-11-08T22:09:47.233+0000] {logging_mixin.py:154} INFO - [2023-11-08T22:09:47.233+0000] {dag.py:2941} INFO - Sync 1 DAGs
[2023-11-08T22:09:47.248+0000] {logging_mixin.py:154} INFO - [2023-11-08T22:09:47.248+0000] {dag.py:3722} INFO - Setting next_dagrun for example_short_circuit_operator to 2023-11-07T22:09:47.248212+00:00, run_after=2023-11-08T22:09:47.248212+00:00
[2023-11-08T22:09:47.260+0000] {processor.py:179} INFO - Processing /home/airflow/.local/lib/python3.8/site-packages/airflow/example_dags/example_short_circuit_operator.py took 0.053 seconds
[2023-11-08T22:11:51.003+0000] {processor.py:157} INFO - Started process (PID=68) to work on /home/airflow/.local/lib/python3.8/site-packages/airflow/example_dags/example_short_circuit_operator.py
[2023-11-08T22:11:51.004+0000] {processor.py:829} INFO - Processing file /home/airflow/.local/lib/python3.8/site-packages/airflow/example_dags/example_short_circuit_operator.py for tasks to queue
[2023-11-08T22:11:51.005+0000] {logging_mixin.py:154} INFO - [2023-11-08T22:11:51.005+0000] {dagbag.py:536} INFO - Filling up the DagBag from /home/airflow/.local/lib/python3.8/site-packages/airflow/example_dags/example_short_circuit_operator.py
[2023-11-08T22:11:51.010+0000] {processor.py:839} INFO - DAG(s) dict_keys(['example_short_circuit_operator']) retrieved from /home/airflow/.local/lib/python3.8/site-packages/airflow/example_dags/example_short_circuit_operator.py
[2023-11-08T22:11:51.018+0000] {logging_mixin.py:154} INFO - [2023-11-08T22:11:51.018+0000] {dag.py:2941} INFO - Sync 1 DAGs
[2023-11-08T22:11:51.032+0000] {logging_mixin.py:154} INFO - [2023-11-08T22:11:51.032+0000] {dag.py:3722} INFO - Setting next_dagrun for example_short_circuit_operator to 2023-11-07T22:11:51.031876+00:00, run_after=2023-11-08T22:11:51.031876+00:00
[2023-11-08T22:11:51.045+0000] {processor.py:179} INFO - Processing /home/airflow/.local/lib/python3.8/site-packages/airflow/example_dags/example_short_circuit_operator.py took 0.044 seconds
[2023-11-08T22:12:22.004+0000] {processor.py:157} INFO - Started process (PID=122) to work on /home/airflow/.local/lib/python3.8/site-packages/airflow/example_dags/example_short_circuit_operator.py
[2023-11-08T22:12:22.004+0000] {processor.py:829} INFO - Processing file /home/airflow/.local/lib/python3.8/site-packages/airflow/example_dags/example_short_circuit_operator.py for tasks to queue
[2023-11-08T22:12:22.006+0000] {logging_mixin.py:154} INFO - [2023-11-08T22:12:22.006+0000] {dagbag.py:536} INFO - Filling up the DagBag from /home/airflow/.local/lib/python3.8/site-packages/airflow/example_dags/example_short_circuit_operator.py
[2023-11-08T22:12:22.010+0000] {processor.py:839} INFO - DAG(s) dict_keys(['example_short_circuit_operator']) retrieved from /home/airflow/.local/lib/python3.8/site-packages/airflow/example_dags/example_short_circuit_operator.py
[2023-11-08T22:12:22.023+0000] {logging_mixin.py:154} INFO - [2023-11-08T22:12:22.022+0000] {dag.py:2941} INFO - Sync 1 DAGs
[2023-11-08T22:12:22.035+0000] {logging_mixin.py:154} INFO - [2023-11-08T22:12:22.035+0000] {dag.py:3722} INFO - Setting next_dagrun for example_short_circuit_operator to 2023-11-07T22:12:22.035145+00:00, run_after=2023-11-08T22:12:22.035145+00:00
[2023-11-08T22:12:22.045+0000] {processor.py:179} INFO - Processing /home/airflow/.local/lib/python3.8/site-packages/airflow/example_dags/example_short_circuit_operator.py took 0.043 seconds
[2023-11-08T22:12:52.905+0000] {processor.py:157} INFO - Started process (PID=176) to work on /home/airflow/.local/lib/python3.8/site-packages/airflow/example_dags/example_short_circuit_operator.py
[2023-11-08T22:12:52.906+0000] {processor.py:829} INFO - Processing file /home/airflow/.local/lib/python3.8/site-packages/airflow/example_dags/example_short_circuit_operator.py for tasks to queue
[2023-11-08T22:12:52.907+0000] {logging_mixin.py:154} INFO - [2023-11-08T22:12:52.907+0000] {dagbag.py:536} INFO - Filling up the DagBag from /home/airflow/.local/lib/python3.8/site-packages/airflow/example_dags/example_short_circuit_operator.py
[2023-11-08T22:12:52.911+0000] {processor.py:839} INFO - DAG(s) dict_keys(['example_short_circuit_operator']) retrieved from /home/airflow/.local/lib/python3.8/site-packages/airflow/example_dags/example_short_circuit_operator.py
[2023-11-08T22:12:52.925+0000] {logging_mixin.py:154} INFO - [2023-11-08T22:12:52.925+0000] {dag.py:2941} INFO - Sync 1 DAGs
[2023-11-08T22:12:52.938+0000] {logging_mixin.py:154} INFO - [2023-11-08T22:12:52.938+0000] {dag.py:3722} INFO - Setting next_dagrun for example_short_circuit_operator to 2023-11-07T22:12:52.937939+00:00, run_after=2023-11-08T22:12:52.937939+00:00
[2023-11-08T22:12:52.947+0000] {processor.py:179} INFO - Processing /home/airflow/.local/lib/python3.8/site-packages/airflow/example_dags/example_short_circuit_operator.py took 0.044 seconds
[2023-11-08T22:13:23.475+0000] {processor.py:157} INFO - Started process (PID=230) to work on /home/airflow/.local/lib/python3.8/site-packages/airflow/example_dags/example_short_circuit_operator.py
[2023-11-08T22:13:23.476+0000] {processor.py:829} INFO - Processing file /home/airflow/.local/lib/python3.8/site-packages/airflow/example_dags/example_short_circuit_operator.py for tasks to queue
[2023-11-08T22:13:23.477+0000] {logging_mixin.py:154} INFO - [2023-11-08T22:13:23.477+0000] {dagbag.py:536} INFO - Filling up the DagBag from /home/airflow/.local/lib/python3.8/site-packages/airflow/example_dags/example_short_circuit_operator.py
[2023-11-08T22:13:23.481+0000] {processor.py:839} INFO - DAG(s) dict_keys(['example_short_circuit_operator']) retrieved from /home/airflow/.local/lib/python3.8/site-packages/airflow/example_dags/example_short_circuit_operator.py
[2023-11-08T22:13:23.494+0000] {logging_mixin.py:154} INFO - [2023-11-08T22:13:23.494+0000] {dag.py:2941} INFO - Sync 1 DAGs
[2023-11-08T22:13:23.506+0000] {logging_mixin.py:154} INFO - [2023-11-08T22:13:23.506+0000] {dag.py:3722} INFO - Setting next_dagrun for example_short_circuit_operator to 2023-11-07T22:13:23.506514+00:00, run_after=2023-11-08T22:13:23.506514+00:00
[2023-11-08T22:13:23.516+0000] {processor.py:179} INFO - Processing /home/airflow/.local/lib/python3.8/site-packages/airflow/example_dags/example_short_circuit_operator.py took 0.043 seconds
[2023-11-08T22:13:54.188+0000] {processor.py:157} INFO - Started process (PID=284) to work on /home/airflow/.local/lib/python3.8/site-packages/airflow/example_dags/example_short_circuit_operator.py
[2023-11-08T22:13:54.189+0000] {processor.py:829} INFO - Processing file /home/airflow/.local/lib/python3.8/site-packages/airflow/example_dags/example_short_circuit_operator.py for tasks to queue
[2023-11-08T22:13:54.190+0000] {logging_mixin.py:154} INFO - [2023-11-08T22:13:54.190+0000] {dagbag.py:536} INFO - Filling up the DagBag from /home/airflow/.local/lib/python3.8/site-packages/airflow/example_dags/example_short_circuit_operator.py
[2023-11-08T22:13:54.195+0000] {processor.py:839} INFO - DAG(s) dict_keys(['example_short_circuit_operator']) retrieved from /home/airflow/.local/lib/python3.8/site-packages/airflow/example_dags/example_short_circuit_operator.py
[2023-11-08T22:13:54.208+0000] {logging_mixin.py:154} INFO - [2023-11-08T22:13:54.208+0000] {dag.py:2941} INFO - Sync 1 DAGs
[2023-11-08T22:13:54.226+0000] {logging_mixin.py:154} INFO - [2023-11-08T22:13:54.226+0000] {dag.py:3722} INFO - Setting next_dagrun for example_short_circuit_operator to 2023-11-07T22:13:54.226183+00:00, run_after=2023-11-08T22:13:54.226183+00:00
[2023-11-08T22:13:54.238+0000] {processor.py:179} INFO - Processing /home/airflow/.local/lib/python3.8/site-packages/airflow/example_dags/example_short_circuit_operator.py took 0.051 seconds
[2023-11-08T22:14:24.796+0000] {processor.py:157} INFO - Started process (PID=338) to work on /home/airflow/.local/lib/python3.8/site-packages/airflow/example_dags/example_short_circuit_operator.py
[2023-11-08T22:14:24.797+0000] {processor.py:829} INFO - Processing file /home/airflow/.local/lib/python3.8/site-packages/airflow/example_dags/example_short_circuit_operator.py for tasks to queue
[2023-11-08T22:14:24.798+0000] {logging_mixin.py:154} INFO - [2023-11-08T22:14:24.798+0000] {dagbag.py:536} INFO - Filling up the DagBag from /home/airflow/.local/lib/python3.8/site-packages/airflow/example_dags/example_short_circuit_operator.py
[2023-11-08T22:14:24.802+0000] {processor.py:839} INFO - DAG(s) dict_keys(['example_short_circuit_operator']) retrieved from /home/airflow/.local/lib/python3.8/site-packages/airflow/example_dags/example_short_circuit_operator.py
[2023-11-08T22:14:24.815+0000] {logging_mixin.py:154} INFO - [2023-11-08T22:14:24.815+0000] {dag.py:2941} INFO - Sync 1 DAGs
[2023-11-08T22:14:24.828+0000] {logging_mixin.py:154} INFO - [2023-11-08T22:14:24.828+0000] {dag.py:3722} INFO - Setting next_dagrun for example_short_circuit_operator to 2023-11-07T22:14:24.828109+00:00, run_after=2023-11-08T22:14:24.828109+00:00
[2023-11-08T22:14:24.838+0000] {processor.py:179} INFO - Processing /home/airflow/.local/lib/python3.8/site-packages/airflow/example_dags/example_short_circuit_operator.py took 0.044 seconds
[2023-11-08T22:14:55.404+0000] {processor.py:157} INFO - Started process (PID=392) to work on /home/airflow/.local/lib/python3.8/site-packages/airflow/example_dags/example_short_circuit_operator.py
[2023-11-08T22:14:55.405+0000] {processor.py:829} INFO - Processing file /home/airflow/.local/lib/python3.8/site-packages/airflow/example_dags/example_short_circuit_operator.py for tasks to queue
[2023-11-08T22:14:55.406+0000] {logging_mixin.py:154} INFO - [2023-11-08T22:14:55.406+0000] {dagbag.py:536} INFO - Filling up the DagBag from /home/airflow/.local/lib/python3.8/site-packages/airflow/example_dags/example_short_circuit_operator.py
[2023-11-08T22:14:55.410+0000] {processor.py:839} INFO - DAG(s) dict_keys(['example_short_circuit_operator']) retrieved from /home/airflow/.local/lib/python3.8/site-packages/airflow/example_dags/example_short_circuit_operator.py
[2023-11-08T22:14:55.423+0000] {logging_mixin.py:154} INFO - [2023-11-08T22:14:55.423+0000] {dag.py:2941} INFO - Sync 1 DAGs
[2023-11-08T22:14:55.436+0000] {logging_mixin.py:154} INFO - [2023-11-08T22:14:55.436+0000] {dag.py:3722} INFO - Setting next_dagrun for example_short_circuit_operator to 2023-11-07T22:14:55.436163+00:00, run_after=2023-11-08T22:14:55.436163+00:00
[2023-11-08T22:14:55.446+0000] {processor.py:179} INFO - Processing /home/airflow/.local/lib/python3.8/site-packages/airflow/example_dags/example_short_circuit_operator.py took 0.044 seconds
[2023-11-08T22:15:26.149+0000] {processor.py:157} INFO - Started process (PID=447) to work on /home/airflow/.local/lib/python3.8/site-packages/airflow/example_dags/example_short_circuit_operator.py
[2023-11-08T22:15:26.150+0000] {processor.py:829} INFO - Processing file /home/airflow/.local/lib/python3.8/site-packages/airflow/example_dags/example_short_circuit_operator.py for tasks to queue
[2023-11-08T22:15:26.151+0000] {logging_mixin.py:154} INFO - [2023-11-08T22:15:26.151+0000] {dagbag.py:536} INFO - Filling up the DagBag from /home/airflow/.local/lib/python3.8/site-packages/airflow/example_dags/example_short_circuit_operator.py
[2023-11-08T22:15:26.155+0000] {processor.py:839} INFO - DAG(s) dict_keys(['example_short_circuit_operator']) retrieved from /home/airflow/.local/lib/python3.8/site-packages/airflow/example_dags/example_short_circuit_operator.py
[2023-11-08T22:15:26.169+0000] {logging_mixin.py:154} INFO - [2023-11-08T22:15:26.169+0000] {dag.py:2941} INFO - Sync 1 DAGs
[2023-11-08T22:15:26.183+0000] {logging_mixin.py:154} INFO - [2023-11-08T22:15:26.183+0000] {dag.py:3722} INFO - Setting next_dagrun for example_short_circuit_operator to 2023-11-07T22:15:26.183097+00:00, run_after=2023-11-08T22:15:26.183097+00:00
[2023-11-08T22:15:26.193+0000] {processor.py:179} INFO - Processing /home/airflow/.local/lib/python3.8/site-packages/airflow/example_dags/example_short_circuit_operator.py took 0.046 seconds
[2023-11-08T22:15:56.752+0000] {processor.py:157} INFO - Started process (PID=501) to work on /home/airflow/.local/lib/python3.8/site-packages/airflow/example_dags/example_short_circuit_operator.py
[2023-11-08T22:15:56.752+0000] {processor.py:829} INFO - Processing file /home/airflow/.local/lib/python3.8/site-packages/airflow/example_dags/example_short_circuit_operator.py for tasks to queue
[2023-11-08T22:15:56.754+0000] {logging_mixin.py:154} INFO - [2023-11-08T22:15:56.754+0000] {dagbag.py:536} INFO - Filling up the DagBag from /home/airflow/.local/lib/python3.8/site-packages/airflow/example_dags/example_short_circuit_operator.py
[2023-11-08T22:15:56.758+0000] {processor.py:839} INFO - DAG(s) dict_keys(['example_short_circuit_operator']) retrieved from /home/airflow/.local/lib/python3.8/site-packages/airflow/example_dags/example_short_circuit_operator.py
[2023-11-08T22:15:56.771+0000] {logging_mixin.py:154} INFO - [2023-11-08T22:15:56.771+0000] {dag.py:2941} INFO - Sync 1 DAGs
[2023-11-08T22:15:56.783+0000] {logging_mixin.py:154} INFO - [2023-11-08T22:15:56.783+0000] {dag.py:3722} INFO - Setting next_dagrun for example_short_circuit_operator to 2023-11-07T22:15:56.783431+00:00, run_after=2023-11-08T22:15:56.783431+00:00
[2023-11-08T22:15:56.793+0000] {processor.py:179} INFO - Processing /home/airflow/.local/lib/python3.8/site-packages/airflow/example_dags/example_short_circuit_operator.py took 0.044 seconds
[2023-11-08T22:16:27.364+0000] {processor.py:157} INFO - Started process (PID=554) to work on /home/airflow/.local/lib/python3.8/site-packages/airflow/example_dags/example_short_circuit_operator.py
[2023-11-08T22:16:27.365+0000] {processor.py:829} INFO - Processing file /home/airflow/.local/lib/python3.8/site-packages/airflow/example_dags/example_short_circuit_operator.py for tasks to queue
[2023-11-08T22:16:27.366+0000] {logging_mixin.py:154} INFO - [2023-11-08T22:16:27.366+0000] {dagbag.py:536} INFO - Filling up the DagBag from /home/airflow/.local/lib/python3.8/site-packages/airflow/example_dags/example_short_circuit_operator.py
[2023-11-08T22:16:27.370+0000] {processor.py:839} INFO - DAG(s) dict_keys(['example_short_circuit_operator']) retrieved from /home/airflow/.local/lib/python3.8/site-packages/airflow/example_dags/example_short_circuit_operator.py
[2023-11-08T22:16:27.384+0000] {logging_mixin.py:154} INFO - [2023-11-08T22:16:27.383+0000] {dag.py:2941} INFO - Sync 1 DAGs
[2023-11-08T22:16:27.396+0000] {logging_mixin.py:154} INFO - [2023-11-08T22:16:27.396+0000] {dag.py:3722} INFO - Setting next_dagrun for example_short_circuit_operator to 2023-11-07T22:16:27.395997+00:00, run_after=2023-11-08T22:16:27.395997+00:00
[2023-11-08T22:16:27.406+0000] {processor.py:179} INFO - Processing /home/airflow/.local/lib/python3.8/site-packages/airflow/example_dags/example_short_circuit_operator.py took 0.043 seconds
[2023-11-08T22:16:58.031+0000] {processor.py:157} INFO - Started process (PID=608) to work on /home/airflow/.local/lib/python3.8/site-packages/airflow/example_dags/example_short_circuit_operator.py
[2023-11-08T22:16:58.031+0000] {processor.py:829} INFO - Processing file /home/airflow/.local/lib/python3.8/site-packages/airflow/example_dags/example_short_circuit_operator.py for tasks to queue
[2023-11-08T22:16:58.033+0000] {logging_mixin.py:154} INFO - [2023-11-08T22:16:58.033+0000] {dagbag.py:536} INFO - Filling up the DagBag from /home/airflow/.local/lib/python3.8/site-packages/airflow/example_dags/example_short_circuit_operator.py
[2023-11-08T22:16:58.038+0000] {processor.py:839} INFO - DAG(s) dict_keys(['example_short_circuit_operator']) retrieved from /home/airflow/.local/lib/python3.8/site-packages/airflow/example_dags/example_short_circuit_operator.py
[2023-11-08T22:16:58.051+0000] {logging_mixin.py:154} INFO - [2023-11-08T22:16:58.051+0000] {dag.py:2941} INFO - Sync 1 DAGs
[2023-11-08T22:16:58.065+0000] {logging_mixin.py:154} INFO - [2023-11-08T22:16:58.065+0000] {dag.py:3722} INFO - Setting next_dagrun for example_short_circuit_operator to 2023-11-07T22:16:58.064935+00:00, run_after=2023-11-08T22:16:58.064935+00:00
[2023-11-08T22:16:58.076+0000] {processor.py:179} INFO - Processing /home/airflow/.local/lib/python3.8/site-packages/airflow/example_dags/example_short_circuit_operator.py took 0.047 seconds
[2023-11-08T22:17:28.756+0000] {processor.py:157} INFO - Started process (PID=663) to work on /home/airflow/.local/lib/python3.8/site-packages/airflow/example_dags/example_short_circuit_operator.py
[2023-11-08T22:17:28.756+0000] {processor.py:829} INFO - Processing file /home/airflow/.local/lib/python3.8/site-packages/airflow/example_dags/example_short_circuit_operator.py for tasks to queue
[2023-11-08T22:17:28.758+0000] {logging_mixin.py:154} INFO - [2023-11-08T22:17:28.757+0000] {dagbag.py:536} INFO - Filling up the DagBag from /home/airflow/.local/lib/python3.8/site-packages/airflow/example_dags/example_short_circuit_operator.py
[2023-11-08T22:17:28.762+0000] {processor.py:839} INFO - DAG(s) dict_keys(['example_short_circuit_operator']) retrieved from /home/airflow/.local/lib/python3.8/site-packages/airflow/example_dags/example_short_circuit_operator.py
[2023-11-08T22:17:28.775+0000] {logging_mixin.py:154} INFO - [2023-11-08T22:17:28.774+0000] {dag.py:2941} INFO - Sync 1 DAGs
[2023-11-08T22:17:28.788+0000] {logging_mixin.py:154} INFO - [2023-11-08T22:17:28.788+0000] {dag.py:3722} INFO - Setting next_dagrun for example_short_circuit_operator to 2023-11-07T22:17:28.787904+00:00, run_after=2023-11-08T22:17:28.787904+00:00
[2023-11-08T22:17:28.797+0000] {processor.py:179} INFO - Processing /home/airflow/.local/lib/python3.8/site-packages/airflow/example_dags/example_short_circuit_operator.py took 0.043 seconds
[2023-11-08T22:17:59.417+0000] {processor.py:157} INFO - Started process (PID=717) to work on /home/airflow/.local/lib/python3.8/site-packages/airflow/example_dags/example_short_circuit_operator.py
[2023-11-08T22:17:59.418+0000] {processor.py:829} INFO - Processing file /home/airflow/.local/lib/python3.8/site-packages/airflow/example_dags/example_short_circuit_operator.py for tasks to queue
[2023-11-08T22:17:59.419+0000] {logging_mixin.py:154} INFO - [2023-11-08T22:17:59.419+0000] {dagbag.py:536} INFO - Filling up the DagBag from /home/airflow/.local/lib/python3.8/site-packages/airflow/example_dags/example_short_circuit_operator.py
[2023-11-08T22:17:59.423+0000] {processor.py:839} INFO - DAG(s) dict_keys(['example_short_circuit_operator']) retrieved from /home/airflow/.local/lib/python3.8/site-packages/airflow/example_dags/example_short_circuit_operator.py
[2023-11-08T22:17:59.436+0000] {logging_mixin.py:154} INFO - [2023-11-08T22:17:59.436+0000] {dag.py:2941} INFO - Sync 1 DAGs
[2023-11-08T22:17:59.449+0000] {logging_mixin.py:154} INFO - [2023-11-08T22:17:59.449+0000] {dag.py:3722} INFO - Setting next_dagrun for example_short_circuit_operator to 2023-11-07T22:17:59.449293+00:00, run_after=2023-11-08T22:17:59.449293+00:00
[2023-11-08T22:17:59.459+0000] {processor.py:179} INFO - Processing /home/airflow/.local/lib/python3.8/site-packages/airflow/example_dags/example_short_circuit_operator.py took 0.043 seconds
[2023-11-08T22:18:30.213+0000] {processor.py:157} INFO - Started process (PID=772) to work on /home/airflow/.local/lib/python3.8/site-packages/airflow/example_dags/example_short_circuit_operator.py
[2023-11-08T22:18:30.213+0000] {processor.py:829} INFO - Processing file /home/airflow/.local/lib/python3.8/site-packages/airflow/example_dags/example_short_circuit_operator.py for tasks to queue
[2023-11-08T22:18:30.215+0000] {logging_mixin.py:154} INFO - [2023-11-08T22:18:30.214+0000] {dagbag.py:536} INFO - Filling up the DagBag from /home/airflow/.local/lib/python3.8/site-packages/airflow/example_dags/example_short_circuit_operator.py
[2023-11-08T22:18:30.219+0000] {processor.py:839} INFO - DAG(s) dict_keys(['example_short_circuit_operator']) retrieved from /home/airflow/.local/lib/python3.8/site-packages/airflow/example_dags/example_short_circuit_operator.py
[2023-11-08T22:18:30.234+0000] {logging_mixin.py:154} INFO - [2023-11-08T22:18:30.233+0000] {dag.py:2941} INFO - Sync 1 DAGs
[2023-11-08T22:18:30.248+0000] {logging_mixin.py:154} INFO - [2023-11-08T22:18:30.248+0000] {dag.py:3722} INFO - Setting next_dagrun for example_short_circuit_operator to 2023-11-07T22:18:30.248309+00:00, run_after=2023-11-08T22:18:30.248309+00:00
[2023-11-08T22:18:30.259+0000] {processor.py:179} INFO - Processing /home/airflow/.local/lib/python3.8/site-packages/airflow/example_dags/example_short_circuit_operator.py took 0.048 seconds
[2023-11-08T22:19:00.289+0000] {processor.py:157} INFO - Started process (PID=826) to work on /home/airflow/.local/lib/python3.8/site-packages/airflow/example_dags/example_short_circuit_operator.py
[2023-11-08T22:19:00.289+0000] {processor.py:829} INFO - Processing file /home/airflow/.local/lib/python3.8/site-packages/airflow/example_dags/example_short_circuit_operator.py for tasks to queue
[2023-11-08T22:19:00.290+0000] {logging_mixin.py:154} INFO - [2023-11-08T22:19:00.290+0000] {dagbag.py:536} INFO - Filling up the DagBag from /home/airflow/.local/lib/python3.8/site-packages/airflow/example_dags/example_short_circuit_operator.py
[2023-11-08T22:19:00.294+0000] {processor.py:839} INFO - DAG(s) dict_keys(['example_short_circuit_operator']) retrieved from /home/airflow/.local/lib/python3.8/site-packages/airflow/example_dags/example_short_circuit_operator.py
[2023-11-08T22:19:00.308+0000] {logging_mixin.py:154} INFO - [2023-11-08T22:19:00.308+0000] {dag.py:2941} INFO - Sync 1 DAGs
[2023-11-08T22:19:00.321+0000] {logging_mixin.py:154} INFO - [2023-11-08T22:19:00.320+0000] {dag.py:3722} INFO - Setting next_dagrun for example_short_circuit_operator to 2023-11-07T22:19:00.320810+00:00, run_after=2023-11-08T22:19:00.320810+00:00
[2023-11-08T22:19:00.330+0000] {processor.py:179} INFO - Processing /home/airflow/.local/lib/python3.8/site-packages/airflow/example_dags/example_short_circuit_operator.py took 0.043 seconds
[2023-11-08T22:19:30.416+0000] {processor.py:157} INFO - Started process (PID=880) to work on /home/airflow/.local/lib/python3.8/site-packages/airflow/example_dags/example_short_circuit_operator.py
[2023-11-08T22:19:30.416+0000] {processor.py:829} INFO - Processing file /home/airflow/.local/lib/python3.8/site-packages/airflow/example_dags/example_short_circuit_operator.py for tasks to queue
[2023-11-08T22:19:30.418+0000] {logging_mixin.py:154} INFO - [2023-11-08T22:19:30.418+0000] {dagbag.py:536} INFO - Filling up the DagBag from /home/airflow/.local/lib/python3.8/site-packages/airflow/example_dags/example_short_circuit_operator.py
[2023-11-08T22:19:30.422+0000] {processor.py:839} INFO - DAG(s) dict_keys(['example_short_circuit_operator']) retrieved from /home/airflow/.local/lib/python3.8/site-packages/airflow/example_dags/example_short_circuit_operator.py
[2023-11-08T22:19:30.436+0000] {logging_mixin.py:154} INFO - [2023-11-08T22:19:30.436+0000] {dag.py:2941} INFO - Sync 1 DAGs
[2023-11-08T22:19:30.449+0000] {logging_mixin.py:154} INFO - [2023-11-08T22:19:30.449+0000] {dag.py:3722} INFO - Setting next_dagrun for example_short_circuit_operator to 2023-11-07T22:19:30.448922+00:00, run_after=2023-11-08T22:19:30.448922+00:00
[2023-11-08T22:19:30.459+0000] {processor.py:179} INFO - Processing /home/airflow/.local/lib/python3.8/site-packages/airflow/example_dags/example_short_circuit_operator.py took 0.045 seconds
[2023-11-08T22:20:00.648+0000] {processor.py:157} INFO - Started process (PID=934) to work on /home/airflow/.local/lib/python3.8/site-packages/airflow/example_dags/example_short_circuit_operator.py
[2023-11-08T22:20:00.648+0000] {processor.py:829} INFO - Processing file /home/airflow/.local/lib/python3.8/site-packages/airflow/example_dags/example_short_circuit_operator.py for tasks to queue
[2023-11-08T22:20:00.650+0000] {logging_mixin.py:154} INFO - [2023-11-08T22:20:00.650+0000] {dagbag.py:536} INFO - Filling up the DagBag from /home/airflow/.local/lib/python3.8/site-packages/airflow/example_dags/example_short_circuit_operator.py
[2023-11-08T22:20:00.654+0000] {processor.py:839} INFO - DAG(s) dict_keys(['example_short_circuit_operator']) retrieved from /home/airflow/.local/lib/python3.8/site-packages/airflow/example_dags/example_short_circuit_operator.py
[2023-11-08T22:20:00.670+0000] {logging_mixin.py:154} INFO - [2023-11-08T22:20:00.670+0000] {dag.py:2941} INFO - Sync 1 DAGs
[2023-11-08T22:20:00.685+0000] {logging_mixin.py:154} INFO - [2023-11-08T22:20:00.684+0000] {dag.py:3722} INFO - Setting next_dagrun for example_short_circuit_operator to 2023-11-07T22:20:00.684748+00:00, run_after=2023-11-08T22:20:00.684748+00:00
[2023-11-08T22:20:00.696+0000] {processor.py:179} INFO - Processing /home/airflow/.local/lib/python3.8/site-packages/airflow/example_dags/example_short_circuit_operator.py took 0.050 seconds
[2023-11-08T22:20:31.479+0000] {processor.py:157} INFO - Started process (PID=988) to work on /home/airflow/.local/lib/python3.8/site-packages/airflow/example_dags/example_short_circuit_operator.py
[2023-11-08T22:20:31.480+0000] {processor.py:829} INFO - Processing file /home/airflow/.local/lib/python3.8/site-packages/airflow/example_dags/example_short_circuit_operator.py for tasks to queue
[2023-11-08T22:20:31.482+0000] {logging_mixin.py:154} INFO - [2023-11-08T22:20:31.481+0000] {dagbag.py:536} INFO - Filling up the DagBag from /home/airflow/.local/lib/python3.8/site-packages/airflow/example_dags/example_short_circuit_operator.py
[2023-11-08T22:20:31.486+0000] {processor.py:839} INFO - DAG(s) dict_keys(['example_short_circuit_operator']) retrieved from /home/airflow/.local/lib/python3.8/site-packages/airflow/example_dags/example_short_circuit_operator.py
[2023-11-08T22:20:31.505+0000] {logging_mixin.py:154} INFO - [2023-11-08T22:20:31.505+0000] {dag.py:2941} INFO - Sync 1 DAGs
[2023-11-08T22:20:31.525+0000] {logging_mixin.py:154} INFO - [2023-11-08T22:20:31.524+0000] {dag.py:3722} INFO - Setting next_dagrun for example_short_circuit_operator to 2023-11-07T22:20:31.524581+00:00, run_after=2023-11-08T22:20:31.524581+00:00
[2023-11-08T22:20:31.541+0000] {processor.py:179} INFO - Processing /home/airflow/.local/lib/python3.8/site-packages/airflow/example_dags/example_short_circuit_operator.py took 0.063 seconds
[2023-11-08T22:21:01.762+0000] {processor.py:157} INFO - Started process (PID=1042) to work on /home/airflow/.local/lib/python3.8/site-packages/airflow/example_dags/example_short_circuit_operator.py
[2023-11-08T22:21:01.762+0000] {processor.py:829} INFO - Processing file /home/airflow/.local/lib/python3.8/site-packages/airflow/example_dags/example_short_circuit_operator.py for tasks to queue
[2023-11-08T22:21:01.764+0000] {logging_mixin.py:154} INFO - [2023-11-08T22:21:01.764+0000] {dagbag.py:536} INFO - Filling up the DagBag from /home/airflow/.local/lib/python3.8/site-packages/airflow/example_dags/example_short_circuit_operator.py
[2023-11-08T22:21:01.770+0000] {processor.py:839} INFO - DAG(s) dict_keys(['example_short_circuit_operator']) retrieved from /home/airflow/.local/lib/python3.8/site-packages/airflow/example_dags/example_short_circuit_operator.py
[2023-11-08T22:21:01.785+0000] {logging_mixin.py:154} INFO - [2023-11-08T22:21:01.785+0000] {dag.py:2941} INFO - Sync 1 DAGs
[2023-11-08T22:21:01.801+0000] {logging_mixin.py:154} INFO - [2023-11-08T22:21:01.801+0000] {dag.py:3722} INFO - Setting next_dagrun for example_short_circuit_operator to 2023-11-07T22:21:01.801311+00:00, run_after=2023-11-08T22:21:01.801311+00:00
[2023-11-08T22:21:01.816+0000] {processor.py:179} INFO - Processing /home/airflow/.local/lib/python3.8/site-packages/airflow/example_dags/example_short_circuit_operator.py took 0.057 seconds
[2023-11-08T22:21:32.750+0000] {processor.py:157} INFO - Started process (PID=1095) to work on /home/airflow/.local/lib/python3.8/site-packages/airflow/example_dags/example_short_circuit_operator.py
[2023-11-08T22:21:32.750+0000] {processor.py:829} INFO - Processing file /home/airflow/.local/lib/python3.8/site-packages/airflow/example_dags/example_short_circuit_operator.py for tasks to queue
[2023-11-08T22:21:32.752+0000] {logging_mixin.py:154} INFO - [2023-11-08T22:21:32.752+0000] {dagbag.py:536} INFO - Filling up the DagBag from /home/airflow/.local/lib/python3.8/site-packages/airflow/example_dags/example_short_circuit_operator.py
[2023-11-08T22:21:32.756+0000] {processor.py:839} INFO - DAG(s) dict_keys(['example_short_circuit_operator']) retrieved from /home/airflow/.local/lib/python3.8/site-packages/airflow/example_dags/example_short_circuit_operator.py
[2023-11-08T22:21:32.770+0000] {logging_mixin.py:154} INFO - [2023-11-08T22:21:32.770+0000] {dag.py:2941} INFO - Sync 1 DAGs
[2023-11-08T22:21:32.783+0000] {logging_mixin.py:154} INFO - [2023-11-08T22:21:32.783+0000] {dag.py:3722} INFO - Setting next_dagrun for example_short_circuit_operator to 2023-11-07T22:21:32.783071+00:00, run_after=2023-11-08T22:21:32.783071+00:00
[2023-11-08T22:21:32.794+0000] {processor.py:179} INFO - Processing /home/airflow/.local/lib/python3.8/site-packages/airflow/example_dags/example_short_circuit_operator.py took 0.046 seconds
[2023-11-08T22:22:03.582+0000] {processor.py:157} INFO - Started process (PID=1149) to work on /home/airflow/.local/lib/python3.8/site-packages/airflow/example_dags/example_short_circuit_operator.py
[2023-11-08T22:22:03.583+0000] {processor.py:829} INFO - Processing file /home/airflow/.local/lib/python3.8/site-packages/airflow/example_dags/example_short_circuit_operator.py for tasks to queue
[2023-11-08T22:22:03.584+0000] {logging_mixin.py:154} INFO - [2023-11-08T22:22:03.584+0000] {dagbag.py:536} INFO - Filling up the DagBag from /home/airflow/.local/lib/python3.8/site-packages/airflow/example_dags/example_short_circuit_operator.py
[2023-11-08T22:22:03.588+0000] {processor.py:839} INFO - DAG(s) dict_keys(['example_short_circuit_operator']) retrieved from /home/airflow/.local/lib/python3.8/site-packages/airflow/example_dags/example_short_circuit_operator.py
[2023-11-08T22:22:03.602+0000] {logging_mixin.py:154} INFO - [2023-11-08T22:22:03.601+0000] {dag.py:2941} INFO - Sync 1 DAGs
[2023-11-08T22:22:03.704+0000] {logging_mixin.py:154} INFO - [2023-11-08T22:22:03.704+0000] {dag.py:3722} INFO - Setting next_dagrun for example_short_circuit_operator to 2023-11-07T22:22:03.704383+00:00, run_after=2023-11-08T22:22:03.704383+00:00
[2023-11-08T22:22:03.714+0000] {processor.py:179} INFO - Processing /home/airflow/.local/lib/python3.8/site-packages/airflow/example_dags/example_short_circuit_operator.py took 0.133 seconds
[2023-11-08T22:22:33.875+0000] {processor.py:157} INFO - Started process (PID=1202) to work on /home/airflow/.local/lib/python3.8/site-packages/airflow/example_dags/example_short_circuit_operator.py
[2023-11-08T22:22:33.875+0000] {processor.py:829} INFO - Processing file /home/airflow/.local/lib/python3.8/site-packages/airflow/example_dags/example_short_circuit_operator.py for tasks to queue
[2023-11-08T22:22:33.877+0000] {logging_mixin.py:154} INFO - [2023-11-08T22:22:33.876+0000] {dagbag.py:536} INFO - Filling up the DagBag from /home/airflow/.local/lib/python3.8/site-packages/airflow/example_dags/example_short_circuit_operator.py
[2023-11-08T22:22:33.881+0000] {processor.py:839} INFO - DAG(s) dict_keys(['example_short_circuit_operator']) retrieved from /home/airflow/.local/lib/python3.8/site-packages/airflow/example_dags/example_short_circuit_operator.py
[2023-11-08T22:22:33.894+0000] {logging_mixin.py:154} INFO - [2023-11-08T22:22:33.894+0000] {dag.py:2941} INFO - Sync 1 DAGs
[2023-11-08T22:22:33.907+0000] {logging_mixin.py:154} INFO - [2023-11-08T22:22:33.907+0000] {dag.py:3722} INFO - Setting next_dagrun for example_short_circuit_operator to 2023-11-07T22:22:33.907159+00:00, run_after=2023-11-08T22:22:33.907159+00:00
[2023-11-08T22:22:33.918+0000] {processor.py:179} INFO - Processing /home/airflow/.local/lib/python3.8/site-packages/airflow/example_dags/example_short_circuit_operator.py took 0.045 seconds
[2023-11-08T22:23:04.569+0000] {processor.py:157} INFO - Started process (PID=1255) to work on /home/airflow/.local/lib/python3.8/site-packages/airflow/example_dags/example_short_circuit_operator.py
[2023-11-08T22:23:04.570+0000] {processor.py:829} INFO - Processing file /home/airflow/.local/lib/python3.8/site-packages/airflow/example_dags/example_short_circuit_operator.py for tasks to queue
[2023-11-08T22:23:04.571+0000] {logging_mixin.py:154} INFO - [2023-11-08T22:23:04.571+0000] {dagbag.py:536} INFO - Filling up the DagBag from /home/airflow/.local/lib/python3.8/site-packages/airflow/example_dags/example_short_circuit_operator.py
[2023-11-08T22:23:04.575+0000] {processor.py:839} INFO - DAG(s) dict_keys(['example_short_circuit_operator']) retrieved from /home/airflow/.local/lib/python3.8/site-packages/airflow/example_dags/example_short_circuit_operator.py
[2023-11-08T22:23:04.589+0000] {logging_mixin.py:154} INFO - [2023-11-08T22:23:04.588+0000] {dag.py:2941} INFO - Sync 1 DAGs
[2023-11-08T22:23:04.601+0000] {logging_mixin.py:154} INFO - [2023-11-08T22:23:04.601+0000] {dag.py:3722} INFO - Setting next_dagrun for example_short_circuit_operator to 2023-11-07T22:23:04.600988+00:00, run_after=2023-11-08T22:23:04.600988+00:00
[2023-11-08T22:23:04.610+0000] {processor.py:179} INFO - Processing /home/airflow/.local/lib/python3.8/site-packages/airflow/example_dags/example_short_circuit_operator.py took 0.042 seconds
[2023-11-08T22:23:35.580+0000] {processor.py:157} INFO - Started process (PID=1309) to work on /home/airflow/.local/lib/python3.8/site-packages/airflow/example_dags/example_short_circuit_operator.py
[2023-11-08T22:23:35.581+0000] {processor.py:829} INFO - Processing file /home/airflow/.local/lib/python3.8/site-packages/airflow/example_dags/example_short_circuit_operator.py for tasks to queue
[2023-11-08T22:23:35.582+0000] {logging_mixin.py:154} INFO - [2023-11-08T22:23:35.582+0000] {dagbag.py:536} INFO - Filling up the DagBag from /home/airflow/.local/lib/python3.8/site-packages/airflow/example_dags/example_short_circuit_operator.py
[2023-11-08T22:23:35.586+0000] {processor.py:839} INFO - DAG(s) dict_keys(['example_short_circuit_operator']) retrieved from /home/airflow/.local/lib/python3.8/site-packages/airflow/example_dags/example_short_circuit_operator.py
[2023-11-08T22:23:35.600+0000] {logging_mixin.py:154} INFO - [2023-11-08T22:23:35.600+0000] {dag.py:2941} INFO - Sync 1 DAGs
[2023-11-08T22:23:35.706+0000] {logging_mixin.py:154} INFO - [2023-11-08T22:23:35.706+0000] {dag.py:3722} INFO - Setting next_dagrun for example_short_circuit_operator to 2023-11-07T22:23:35.706211+00:00, run_after=2023-11-08T22:23:35.706211+00:00
[2023-11-08T22:23:35.717+0000] {processor.py:179} INFO - Processing /home/airflow/.local/lib/python3.8/site-packages/airflow/example_dags/example_short_circuit_operator.py took 0.139 seconds
[2023-11-08T22:24:05.833+0000] {processor.py:157} INFO - Started process (PID=1363) to work on /home/airflow/.local/lib/python3.8/site-packages/airflow/example_dags/example_short_circuit_operator.py
[2023-11-08T22:24:05.833+0000] {processor.py:829} INFO - Processing file /home/airflow/.local/lib/python3.8/site-packages/airflow/example_dags/example_short_circuit_operator.py for tasks to queue
[2023-11-08T22:24:05.835+0000] {logging_mixin.py:154} INFO - [2023-11-08T22:24:05.834+0000] {dagbag.py:536} INFO - Filling up the DagBag from /home/airflow/.local/lib/python3.8/site-packages/airflow/example_dags/example_short_circuit_operator.py
[2023-11-08T22:24:05.839+0000] {processor.py:839} INFO - DAG(s) dict_keys(['example_short_circuit_operator']) retrieved from /home/airflow/.local/lib/python3.8/site-packages/airflow/example_dags/example_short_circuit_operator.py
[2023-11-08T22:24:05.852+0000] {logging_mixin.py:154} INFO - [2023-11-08T22:24:05.851+0000] {dag.py:2941} INFO - Sync 1 DAGs
[2023-11-08T22:24:05.863+0000] {logging_mixin.py:154} INFO - [2023-11-08T22:24:05.863+0000] {dag.py:3722} INFO - Setting next_dagrun for example_short_circuit_operator to 2023-11-07T22:24:05.863546+00:00, run_after=2023-11-08T22:24:05.863546+00:00
[2023-11-08T22:24:05.873+0000] {processor.py:179} INFO - Processing /home/airflow/.local/lib/python3.8/site-packages/airflow/example_dags/example_short_circuit_operator.py took 0.042 seconds
[2023-11-08T22:24:37.270+0000] {processor.py:157} INFO - Started process (PID=1417) to work on /home/airflow/.local/lib/python3.8/site-packages/airflow/example_dags/example_short_circuit_operator.py
[2023-11-08T22:24:37.270+0000] {processor.py:829} INFO - Processing file /home/airflow/.local/lib/python3.8/site-packages/airflow/example_dags/example_short_circuit_operator.py for tasks to queue
[2023-11-08T22:24:37.271+0000] {logging_mixin.py:154} INFO - [2023-11-08T22:24:37.271+0000] {dagbag.py:536} INFO - Filling up the DagBag from /home/airflow/.local/lib/python3.8/site-packages/airflow/example_dags/example_short_circuit_operator.py
[2023-11-08T22:24:37.275+0000] {processor.py:839} INFO - DAG(s) dict_keys(['example_short_circuit_operator']) retrieved from /home/airflow/.local/lib/python3.8/site-packages/airflow/example_dags/example_short_circuit_operator.py
[2023-11-08T22:24:37.375+0000] {logging_mixin.py:154} INFO - [2023-11-08T22:24:37.374+0000] {dag.py:2941} INFO - Sync 1 DAGs
[2023-11-08T22:24:37.385+0000] {logging_mixin.py:154} INFO - [2023-11-08T22:24:37.385+0000] {dag.py:3722} INFO - Setting next_dagrun for example_short_circuit_operator to 2023-11-07T22:24:37.385243+00:00, run_after=2023-11-08T22:24:37.385243+00:00
[2023-11-08T22:24:37.402+0000] {processor.py:179} INFO - Processing /home/airflow/.local/lib/python3.8/site-packages/airflow/example_dags/example_short_circuit_operator.py took 0.134 seconds
[2023-11-08T22:25:07.776+0000] {processor.py:157} INFO - Started process (PID=1471) to work on /home/airflow/.local/lib/python3.8/site-packages/airflow/example_dags/example_short_circuit_operator.py
[2023-11-08T22:25:07.776+0000] {processor.py:829} INFO - Processing file /home/airflow/.local/lib/python3.8/site-packages/airflow/example_dags/example_short_circuit_operator.py for tasks to queue
[2023-11-08T22:25:07.777+0000] {logging_mixin.py:154} INFO - [2023-11-08T22:25:07.777+0000] {dagbag.py:536} INFO - Filling up the DagBag from /home/airflow/.local/lib/python3.8/site-packages/airflow/example_dags/example_short_circuit_operator.py
[2023-11-08T22:25:07.782+0000] {processor.py:839} INFO - DAG(s) dict_keys(['example_short_circuit_operator']) retrieved from /home/airflow/.local/lib/python3.8/site-packages/airflow/example_dags/example_short_circuit_operator.py
[2023-11-08T22:25:07.795+0000] {logging_mixin.py:154} INFO - [2023-11-08T22:25:07.795+0000] {dag.py:2941} INFO - Sync 1 DAGs
[2023-11-08T22:25:07.901+0000] {logging_mixin.py:154} INFO - [2023-11-08T22:25:07.901+0000] {dag.py:3722} INFO - Setting next_dagrun for example_short_circuit_operator to 2023-11-07T22:25:07.901304+00:00, run_after=2023-11-08T22:25:07.901304+00:00
[2023-11-08T22:25:07.924+0000] {processor.py:179} INFO - Processing /home/airflow/.local/lib/python3.8/site-packages/airflow/example_dags/example_short_circuit_operator.py took 0.150 seconds
[2023-11-08T22:25:38.835+0000] {processor.py:157} INFO - Started process (PID=1525) to work on /home/airflow/.local/lib/python3.8/site-packages/airflow/example_dags/example_short_circuit_operator.py
[2023-11-08T22:25:38.838+0000] {processor.py:829} INFO - Processing file /home/airflow/.local/lib/python3.8/site-packages/airflow/example_dags/example_short_circuit_operator.py for tasks to queue
[2023-11-08T22:25:38.841+0000] {logging_mixin.py:154} INFO - [2023-11-08T22:25:38.841+0000] {dagbag.py:536} INFO - Filling up the DagBag from /home/airflow/.local/lib/python3.8/site-packages/airflow/example_dags/example_short_circuit_operator.py
[2023-11-08T22:25:38.849+0000] {processor.py:839} INFO - DAG(s) dict_keys(['example_short_circuit_operator']) retrieved from /home/airflow/.local/lib/python3.8/site-packages/airflow/example_dags/example_short_circuit_operator.py
[2023-11-08T22:25:38.863+0000] {logging_mixin.py:154} INFO - [2023-11-08T22:25:38.863+0000] {dag.py:2941} INFO - Sync 1 DAGs
[2023-11-08T22:25:38.875+0000] {logging_mixin.py:154} INFO - [2023-11-08T22:25:38.875+0000] {dag.py:3722} INFO - Setting next_dagrun for example_short_circuit_operator to 2023-11-07T22:25:38.875653+00:00, run_after=2023-11-08T22:25:38.875653+00:00
[2023-11-08T22:25:38.886+0000] {processor.py:179} INFO - Processing /home/airflow/.local/lib/python3.8/site-packages/airflow/example_dags/example_short_circuit_operator.py took 0.054 seconds
[2023-11-08T22:26:09.456+0000] {processor.py:157} INFO - Started process (PID=1579) to work on /home/airflow/.local/lib/python3.8/site-packages/airflow/example_dags/example_short_circuit_operator.py
[2023-11-08T22:26:09.456+0000] {processor.py:829} INFO - Processing file /home/airflow/.local/lib/python3.8/site-packages/airflow/example_dags/example_short_circuit_operator.py for tasks to queue
[2023-11-08T22:26:09.459+0000] {logging_mixin.py:154} INFO - [2023-11-08T22:26:09.458+0000] {dagbag.py:536} INFO - Filling up the DagBag from /home/airflow/.local/lib/python3.8/site-packages/airflow/example_dags/example_short_circuit_operator.py
[2023-11-08T22:26:09.463+0000] {processor.py:839} INFO - DAG(s) dict_keys(['example_short_circuit_operator']) retrieved from /home/airflow/.local/lib/python3.8/site-packages/airflow/example_dags/example_short_circuit_operator.py
[2023-11-08T22:26:09.476+0000] {logging_mixin.py:154} INFO - [2023-11-08T22:26:09.476+0000] {dag.py:2941} INFO - Sync 1 DAGs
[2023-11-08T22:26:09.488+0000] {logging_mixin.py:154} INFO - [2023-11-08T22:26:09.488+0000] {dag.py:3722} INFO - Setting next_dagrun for example_short_circuit_operator to 2023-11-07T22:26:09.488609+00:00, run_after=2023-11-08T22:26:09.488609+00:00
[2023-11-08T22:26:09.498+0000] {processor.py:179} INFO - Processing /home/airflow/.local/lib/python3.8/site-packages/airflow/example_dags/example_short_circuit_operator.py took 0.045 seconds
[2023-11-08T22:26:40.079+0000] {processor.py:157} INFO - Started process (PID=1633) to work on /home/airflow/.local/lib/python3.8/site-packages/airflow/example_dags/example_short_circuit_operator.py
[2023-11-08T22:26:40.082+0000] {processor.py:829} INFO - Processing file /home/airflow/.local/lib/python3.8/site-packages/airflow/example_dags/example_short_circuit_operator.py for tasks to queue
[2023-11-08T22:26:40.086+0000] {logging_mixin.py:154} INFO - [2023-11-08T22:26:40.085+0000] {dagbag.py:536} INFO - Filling up the DagBag from /home/airflow/.local/lib/python3.8/site-packages/airflow/example_dags/example_short_circuit_operator.py
[2023-11-08T22:26:40.094+0000] {processor.py:839} INFO - DAG(s) dict_keys(['example_short_circuit_operator']) retrieved from /home/airflow/.local/lib/python3.8/site-packages/airflow/example_dags/example_short_circuit_operator.py
[2023-11-08T22:26:40.109+0000] {logging_mixin.py:154} INFO - [2023-11-08T22:26:40.109+0000] {dag.py:2941} INFO - Sync 1 DAGs
[2023-11-08T22:26:40.122+0000] {logging_mixin.py:154} INFO - [2023-11-08T22:26:40.122+0000] {dag.py:3722} INFO - Setting next_dagrun for example_short_circuit_operator to 2023-11-07T22:26:40.122541+00:00, run_after=2023-11-08T22:26:40.122541+00:00
[2023-11-08T22:26:40.133+0000] {processor.py:179} INFO - Processing /home/airflow/.local/lib/python3.8/site-packages/airflow/example_dags/example_short_circuit_operator.py took 0.056 seconds
[2023-11-08T22:27:17.362+0000] {processor.py:157} INFO - Started process (PID=67) to work on /home/airflow/.local/lib/python3.8/site-packages/airflow/example_dags/example_short_circuit_operator.py
[2023-11-08T22:27:17.363+0000] {processor.py:829} INFO - Processing file /home/airflow/.local/lib/python3.8/site-packages/airflow/example_dags/example_short_circuit_operator.py for tasks to queue
[2023-11-08T22:27:17.364+0000] {logging_mixin.py:154} INFO - [2023-11-08T22:27:17.364+0000] {dagbag.py:536} INFO - Filling up the DagBag from /home/airflow/.local/lib/python3.8/site-packages/airflow/example_dags/example_short_circuit_operator.py
[2023-11-08T22:27:17.369+0000] {processor.py:839} INFO - DAG(s) dict_keys(['example_short_circuit_operator']) retrieved from /home/airflow/.local/lib/python3.8/site-packages/airflow/example_dags/example_short_circuit_operator.py
[2023-11-08T22:27:17.377+0000] {logging_mixin.py:154} INFO - [2023-11-08T22:27:17.377+0000] {dag.py:2941} INFO - Sync 1 DAGs
[2023-11-08T22:27:17.395+0000] {logging_mixin.py:154} INFO - [2023-11-08T22:27:17.395+0000] {dag.py:3722} INFO - Setting next_dagrun for example_short_circuit_operator to 2023-11-07T22:27:17.395252+00:00, run_after=2023-11-08T22:27:17.395252+00:00
[2023-11-08T22:27:17.407+0000] {processor.py:179} INFO - Processing /home/airflow/.local/lib/python3.8/site-packages/airflow/example_dags/example_short_circuit_operator.py took 0.047 seconds
[2023-11-08T22:27:48.370+0000] {processor.py:157} INFO - Started process (PID=121) to work on /home/airflow/.local/lib/python3.8/site-packages/airflow/example_dags/example_short_circuit_operator.py
[2023-11-08T22:27:48.370+0000] {processor.py:829} INFO - Processing file /home/airflow/.local/lib/python3.8/site-packages/airflow/example_dags/example_short_circuit_operator.py for tasks to queue
[2023-11-08T22:27:48.372+0000] {logging_mixin.py:154} INFO - [2023-11-08T22:27:48.371+0000] {dagbag.py:536} INFO - Filling up the DagBag from /home/airflow/.local/lib/python3.8/site-packages/airflow/example_dags/example_short_circuit_operator.py
[2023-11-08T22:27:48.377+0000] {processor.py:839} INFO - DAG(s) dict_keys(['example_short_circuit_operator']) retrieved from /home/airflow/.local/lib/python3.8/site-packages/airflow/example_dags/example_short_circuit_operator.py
[2023-11-08T22:27:48.396+0000] {logging_mixin.py:154} INFO - [2023-11-08T22:27:48.396+0000] {dag.py:2941} INFO - Sync 1 DAGs
[2023-11-08T22:27:48.414+0000] {logging_mixin.py:154} INFO - [2023-11-08T22:27:48.414+0000] {dag.py:3722} INFO - Setting next_dagrun for example_short_circuit_operator to 2023-11-07T22:27:48.413915+00:00, run_after=2023-11-08T22:27:48.413915+00:00
[2023-11-08T22:27:48.425+0000] {processor.py:179} INFO - Processing /home/airflow/.local/lib/python3.8/site-packages/airflow/example_dags/example_short_circuit_operator.py took 0.057 seconds
[2023-11-08T22:28:18.501+0000] {processor.py:157} INFO - Started process (PID=175) to work on /home/airflow/.local/lib/python3.8/site-packages/airflow/example_dags/example_short_circuit_operator.py
[2023-11-08T22:28:18.502+0000] {processor.py:829} INFO - Processing file /home/airflow/.local/lib/python3.8/site-packages/airflow/example_dags/example_short_circuit_operator.py for tasks to queue
[2023-11-08T22:28:18.503+0000] {logging_mixin.py:154} INFO - [2023-11-08T22:28:18.503+0000] {dagbag.py:536} INFO - Filling up the DagBag from /home/airflow/.local/lib/python3.8/site-packages/airflow/example_dags/example_short_circuit_operator.py
[2023-11-08T22:28:18.507+0000] {processor.py:839} INFO - DAG(s) dict_keys(['example_short_circuit_operator']) retrieved from /home/airflow/.local/lib/python3.8/site-packages/airflow/example_dags/example_short_circuit_operator.py
[2023-11-08T22:28:18.521+0000] {logging_mixin.py:154} INFO - [2023-11-08T22:28:18.521+0000] {dag.py:2941} INFO - Sync 1 DAGs
[2023-11-08T22:28:18.534+0000] {logging_mixin.py:154} INFO - [2023-11-08T22:28:18.534+0000] {dag.py:3722} INFO - Setting next_dagrun for example_short_circuit_operator to 2023-11-07T22:28:18.534674+00:00, run_after=2023-11-08T22:28:18.534674+00:00
[2023-11-08T22:28:18.545+0000] {processor.py:179} INFO - Processing /home/airflow/.local/lib/python3.8/site-packages/airflow/example_dags/example_short_circuit_operator.py took 0.046 seconds
[2023-11-08T22:28:49.513+0000] {processor.py:157} INFO - Started process (PID=229) to work on /home/airflow/.local/lib/python3.8/site-packages/airflow/example_dags/example_short_circuit_operator.py
[2023-11-08T22:28:49.514+0000] {processor.py:829} INFO - Processing file /home/airflow/.local/lib/python3.8/site-packages/airflow/example_dags/example_short_circuit_operator.py for tasks to queue
[2023-11-08T22:28:49.515+0000] {logging_mixin.py:154} INFO - [2023-11-08T22:28:49.515+0000] {dagbag.py:536} INFO - Filling up the DagBag from /home/airflow/.local/lib/python3.8/site-packages/airflow/example_dags/example_short_circuit_operator.py
[2023-11-08T22:28:49.519+0000] {processor.py:839} INFO - DAG(s) dict_keys(['example_short_circuit_operator']) retrieved from /home/airflow/.local/lib/python3.8/site-packages/airflow/example_dags/example_short_circuit_operator.py
[2023-11-08T22:28:49.532+0000] {logging_mixin.py:154} INFO - [2023-11-08T22:28:49.532+0000] {dag.py:2941} INFO - Sync 1 DAGs
[2023-11-08T22:28:49.544+0000] {logging_mixin.py:154} INFO - [2023-11-08T22:28:49.544+0000] {dag.py:3722} INFO - Setting next_dagrun for example_short_circuit_operator to 2023-11-07T22:28:49.544380+00:00, run_after=2023-11-08T22:28:49.544380+00:00
[2023-11-08T22:28:49.555+0000] {processor.py:179} INFO - Processing /home/airflow/.local/lib/python3.8/site-packages/airflow/example_dags/example_short_circuit_operator.py took 0.043 seconds
[2023-11-08T22:29:20.336+0000] {processor.py:157} INFO - Started process (PID=283) to work on /home/airflow/.local/lib/python3.8/site-packages/airflow/example_dags/example_short_circuit_operator.py
[2023-11-08T22:29:20.336+0000] {processor.py:829} INFO - Processing file /home/airflow/.local/lib/python3.8/site-packages/airflow/example_dags/example_short_circuit_operator.py for tasks to queue
[2023-11-08T22:29:20.337+0000] {logging_mixin.py:154} INFO - [2023-11-08T22:29:20.337+0000] {dagbag.py:536} INFO - Filling up the DagBag from /home/airflow/.local/lib/python3.8/site-packages/airflow/example_dags/example_short_circuit_operator.py
[2023-11-08T22:29:20.342+0000] {processor.py:839} INFO - DAG(s) dict_keys(['example_short_circuit_operator']) retrieved from /home/airflow/.local/lib/python3.8/site-packages/airflow/example_dags/example_short_circuit_operator.py
[2023-11-08T22:29:20.361+0000] {logging_mixin.py:154} INFO - [2023-11-08T22:29:20.361+0000] {dag.py:2941} INFO - Sync 1 DAGs
[2023-11-08T22:29:20.380+0000] {logging_mixin.py:154} INFO - [2023-11-08T22:29:20.380+0000] {dag.py:3722} INFO - Setting next_dagrun for example_short_circuit_operator to 2023-11-07T22:29:20.380516+00:00, run_after=2023-11-08T22:29:20.380516+00:00
[2023-11-08T22:29:20.396+0000] {processor.py:179} INFO - Processing /home/airflow/.local/lib/python3.8/site-packages/airflow/example_dags/example_short_circuit_operator.py took 0.062 seconds
[2023-11-08T22:29:50.445+0000] {processor.py:157} INFO - Started process (PID=338) to work on /home/airflow/.local/lib/python3.8/site-packages/airflow/example_dags/example_short_circuit_operator.py
[2023-11-08T22:29:50.445+0000] {processor.py:829} INFO - Processing file /home/airflow/.local/lib/python3.8/site-packages/airflow/example_dags/example_short_circuit_operator.py for tasks to queue
[2023-11-08T22:29:50.447+0000] {logging_mixin.py:154} INFO - [2023-11-08T22:29:50.447+0000] {dagbag.py:536} INFO - Filling up the DagBag from /home/airflow/.local/lib/python3.8/site-packages/airflow/example_dags/example_short_circuit_operator.py
[2023-11-08T22:29:50.451+0000] {processor.py:839} INFO - DAG(s) dict_keys(['example_short_circuit_operator']) retrieved from /home/airflow/.local/lib/python3.8/site-packages/airflow/example_dags/example_short_circuit_operator.py
[2023-11-08T22:29:50.464+0000] {logging_mixin.py:154} INFO - [2023-11-08T22:29:50.464+0000] {dag.py:2941} INFO - Sync 1 DAGs
[2023-11-08T22:29:50.478+0000] {logging_mixin.py:154} INFO - [2023-11-08T22:29:50.478+0000] {dag.py:3722} INFO - Setting next_dagrun for example_short_circuit_operator to 2023-11-07T22:29:50.477979+00:00, run_after=2023-11-08T22:29:50.477979+00:00
[2023-11-08T22:29:50.487+0000] {processor.py:179} INFO - Processing /home/airflow/.local/lib/python3.8/site-packages/airflow/example_dags/example_short_circuit_operator.py took 0.045 seconds
[2023-11-08T22:30:21.154+0000] {processor.py:157} INFO - Started process (PID=392) to work on /home/airflow/.local/lib/python3.8/site-packages/airflow/example_dags/example_short_circuit_operator.py
[2023-11-08T22:30:21.154+0000] {processor.py:829} INFO - Processing file /home/airflow/.local/lib/python3.8/site-packages/airflow/example_dags/example_short_circuit_operator.py for tasks to queue
[2023-11-08T22:30:21.156+0000] {logging_mixin.py:154} INFO - [2023-11-08T22:30:21.156+0000] {dagbag.py:536} INFO - Filling up the DagBag from /home/airflow/.local/lib/python3.8/site-packages/airflow/example_dags/example_short_circuit_operator.py
[2023-11-08T22:30:21.160+0000] {processor.py:839} INFO - DAG(s) dict_keys(['example_short_circuit_operator']) retrieved from /home/airflow/.local/lib/python3.8/site-packages/airflow/example_dags/example_short_circuit_operator.py
[2023-11-08T22:30:21.174+0000] {logging_mixin.py:154} INFO - [2023-11-08T22:30:21.173+0000] {dag.py:2941} INFO - Sync 1 DAGs
[2023-11-08T22:30:21.187+0000] {logging_mixin.py:154} INFO - [2023-11-08T22:30:21.187+0000] {dag.py:3722} INFO - Setting next_dagrun for example_short_circuit_operator to 2023-11-07T22:30:21.187165+00:00, run_after=2023-11-08T22:30:21.187165+00:00
[2023-11-08T22:30:21.197+0000] {processor.py:179} INFO - Processing /home/airflow/.local/lib/python3.8/site-packages/airflow/example_dags/example_short_circuit_operator.py took 0.046 seconds
[2023-11-08T22:30:51.924+0000] {processor.py:157} INFO - Started process (PID=446) to work on /home/airflow/.local/lib/python3.8/site-packages/airflow/example_dags/example_short_circuit_operator.py
[2023-11-08T22:30:51.925+0000] {processor.py:829} INFO - Processing file /home/airflow/.local/lib/python3.8/site-packages/airflow/example_dags/example_short_circuit_operator.py for tasks to queue
[2023-11-08T22:30:51.926+0000] {logging_mixin.py:154} INFO - [2023-11-08T22:30:51.926+0000] {dagbag.py:536} INFO - Filling up the DagBag from /home/airflow/.local/lib/python3.8/site-packages/airflow/example_dags/example_short_circuit_operator.py
[2023-11-08T22:30:51.931+0000] {processor.py:839} INFO - DAG(s) dict_keys(['example_short_circuit_operator']) retrieved from /home/airflow/.local/lib/python3.8/site-packages/airflow/example_dags/example_short_circuit_operator.py
[2023-11-08T22:30:51.946+0000] {logging_mixin.py:154} INFO - [2023-11-08T22:30:51.945+0000] {dag.py:2941} INFO - Sync 1 DAGs
[2023-11-08T22:30:51.959+0000] {logging_mixin.py:154} INFO - [2023-11-08T22:30:51.959+0000] {dag.py:3722} INFO - Setting next_dagrun for example_short_circuit_operator to 2023-11-07T22:30:51.959416+00:00, run_after=2023-11-08T22:30:51.959416+00:00
[2023-11-08T22:30:51.971+0000] {processor.py:179} INFO - Processing /home/airflow/.local/lib/python3.8/site-packages/airflow/example_dags/example_short_circuit_operator.py took 0.049 seconds
[2023-11-08T22:31:22.056+0000] {processor.py:157} INFO - Started process (PID=500) to work on /home/airflow/.local/lib/python3.8/site-packages/airflow/example_dags/example_short_circuit_operator.py
[2023-11-08T22:31:22.056+0000] {processor.py:829} INFO - Processing file /home/airflow/.local/lib/python3.8/site-packages/airflow/example_dags/example_short_circuit_operator.py for tasks to queue
[2023-11-08T22:31:22.058+0000] {logging_mixin.py:154} INFO - [2023-11-08T22:31:22.057+0000] {dagbag.py:536} INFO - Filling up the DagBag from /home/airflow/.local/lib/python3.8/site-packages/airflow/example_dags/example_short_circuit_operator.py
[2023-11-08T22:31:22.062+0000] {processor.py:839} INFO - DAG(s) dict_keys(['example_short_circuit_operator']) retrieved from /home/airflow/.local/lib/python3.8/site-packages/airflow/example_dags/example_short_circuit_operator.py
[2023-11-08T22:31:22.077+0000] {logging_mixin.py:154} INFO - [2023-11-08T22:31:22.077+0000] {dag.py:2941} INFO - Sync 1 DAGs
[2023-11-08T22:31:22.092+0000] {logging_mixin.py:154} INFO - [2023-11-08T22:31:22.092+0000] {dag.py:3722} INFO - Setting next_dagrun for example_short_circuit_operator to 2023-11-07T22:31:22.091857+00:00, run_after=2023-11-08T22:31:22.091857+00:00
[2023-11-08T22:31:22.107+0000] {processor.py:179} INFO - Processing /home/airflow/.local/lib/python3.8/site-packages/airflow/example_dags/example_short_circuit_operator.py took 0.053 seconds
[2023-11-08T22:31:52.143+0000] {processor.py:157} INFO - Started process (PID=554) to work on /home/airflow/.local/lib/python3.8/site-packages/airflow/example_dags/example_short_circuit_operator.py
[2023-11-08T22:31:52.144+0000] {processor.py:829} INFO - Processing file /home/airflow/.local/lib/python3.8/site-packages/airflow/example_dags/example_short_circuit_operator.py for tasks to queue
[2023-11-08T22:31:52.145+0000] {logging_mixin.py:154} INFO - [2023-11-08T22:31:52.145+0000] {dagbag.py:536} INFO - Filling up the DagBag from /home/airflow/.local/lib/python3.8/site-packages/airflow/example_dags/example_short_circuit_operator.py
[2023-11-08T22:31:52.149+0000] {processor.py:839} INFO - DAG(s) dict_keys(['example_short_circuit_operator']) retrieved from /home/airflow/.local/lib/python3.8/site-packages/airflow/example_dags/example_short_circuit_operator.py
[2023-11-08T22:31:52.168+0000] {logging_mixin.py:154} INFO - [2023-11-08T22:31:52.167+0000] {dag.py:2941} INFO - Sync 1 DAGs
[2023-11-08T22:31:52.188+0000] {logging_mixin.py:154} INFO - [2023-11-08T22:31:52.188+0000] {dag.py:3722} INFO - Setting next_dagrun for example_short_circuit_operator to 2023-11-07T22:31:52.188026+00:00, run_after=2023-11-08T22:31:52.188026+00:00
[2023-11-08T22:31:52.204+0000] {processor.py:179} INFO - Processing /home/airflow/.local/lib/python3.8/site-packages/airflow/example_dags/example_short_circuit_operator.py took 0.063 seconds
[2023-11-08T22:32:23.133+0000] {processor.py:157} INFO - Started process (PID=609) to work on /home/airflow/.local/lib/python3.8/site-packages/airflow/example_dags/example_short_circuit_operator.py
[2023-11-08T22:32:23.134+0000] {processor.py:829} INFO - Processing file /home/airflow/.local/lib/python3.8/site-packages/airflow/example_dags/example_short_circuit_operator.py for tasks to queue
[2023-11-08T22:32:23.135+0000] {logging_mixin.py:154} INFO - [2023-11-08T22:32:23.135+0000] {dagbag.py:536} INFO - Filling up the DagBag from /home/airflow/.local/lib/python3.8/site-packages/airflow/example_dags/example_short_circuit_operator.py
[2023-11-08T22:32:23.140+0000] {processor.py:839} INFO - DAG(s) dict_keys(['example_short_circuit_operator']) retrieved from /home/airflow/.local/lib/python3.8/site-packages/airflow/example_dags/example_short_circuit_operator.py
[2023-11-08T22:32:23.154+0000] {logging_mixin.py:154} INFO - [2023-11-08T22:32:23.154+0000] {dag.py:2941} INFO - Sync 1 DAGs
[2023-11-08T22:32:23.175+0000] {logging_mixin.py:154} INFO - [2023-11-08T22:32:23.174+0000] {dag.py:3722} INFO - Setting next_dagrun for example_short_circuit_operator to 2023-11-07T22:32:23.174642+00:00, run_after=2023-11-08T22:32:23.174642+00:00
[2023-11-08T22:32:23.192+0000] {processor.py:179} INFO - Processing /home/airflow/.local/lib/python3.8/site-packages/airflow/example_dags/example_short_circuit_operator.py took 0.061 seconds
[2023-11-08T22:32:54.175+0000] {processor.py:157} INFO - Started process (PID=664) to work on /home/airflow/.local/lib/python3.8/site-packages/airflow/example_dags/example_short_circuit_operator.py
[2023-11-08T22:32:54.176+0000] {processor.py:829} INFO - Processing file /home/airflow/.local/lib/python3.8/site-packages/airflow/example_dags/example_short_circuit_operator.py for tasks to queue
[2023-11-08T22:32:54.178+0000] {logging_mixin.py:154} INFO - [2023-11-08T22:32:54.178+0000] {dagbag.py:536} INFO - Filling up the DagBag from /home/airflow/.local/lib/python3.8/site-packages/airflow/example_dags/example_short_circuit_operator.py
[2023-11-08T22:32:54.182+0000] {processor.py:839} INFO - DAG(s) dict_keys(['example_short_circuit_operator']) retrieved from /home/airflow/.local/lib/python3.8/site-packages/airflow/example_dags/example_short_circuit_operator.py
[2023-11-08T22:32:54.197+0000] {logging_mixin.py:154} INFO - [2023-11-08T22:32:54.197+0000] {dag.py:2941} INFO - Sync 1 DAGs
[2023-11-08T22:32:54.211+0000] {logging_mixin.py:154} INFO - [2023-11-08T22:32:54.211+0000] {dag.py:3722} INFO - Setting next_dagrun for example_short_circuit_operator to 2023-11-07T22:32:54.211310+00:00, run_after=2023-11-08T22:32:54.211310+00:00
[2023-11-08T22:32:54.222+0000] {processor.py:179} INFO - Processing /home/airflow/.local/lib/python3.8/site-packages/airflow/example_dags/example_short_circuit_operator.py took 0.048 seconds
[2023-11-08T22:33:24.438+0000] {processor.py:157} INFO - Started process (PID=719) to work on /home/airflow/.local/lib/python3.8/site-packages/airflow/example_dags/example_short_circuit_operator.py
[2023-11-08T22:33:24.438+0000] {processor.py:829} INFO - Processing file /home/airflow/.local/lib/python3.8/site-packages/airflow/example_dags/example_short_circuit_operator.py for tasks to queue
[2023-11-08T22:33:24.440+0000] {logging_mixin.py:154} INFO - [2023-11-08T22:33:24.440+0000] {dagbag.py:536} INFO - Filling up the DagBag from /home/airflow/.local/lib/python3.8/site-packages/airflow/example_dags/example_short_circuit_operator.py
[2023-11-08T22:33:24.444+0000] {processor.py:839} INFO - DAG(s) dict_keys(['example_short_circuit_operator']) retrieved from /home/airflow/.local/lib/python3.8/site-packages/airflow/example_dags/example_short_circuit_operator.py
[2023-11-08T22:33:24.458+0000] {logging_mixin.py:154} INFO - [2023-11-08T22:33:24.458+0000] {dag.py:2941} INFO - Sync 1 DAGs
[2023-11-08T22:33:24.471+0000] {logging_mixin.py:154} INFO - [2023-11-08T22:33:24.471+0000] {dag.py:3722} INFO - Setting next_dagrun for example_short_circuit_operator to 2023-11-07T22:33:24.471238+00:00, run_after=2023-11-08T22:33:24.471238+00:00
[2023-11-08T22:33:24.482+0000] {processor.py:179} INFO - Processing /home/airflow/.local/lib/python3.8/site-packages/airflow/example_dags/example_short_circuit_operator.py took 0.046 seconds
[2023-11-08T22:33:55.413+0000] {processor.py:157} INFO - Started process (PID=774) to work on /home/airflow/.local/lib/python3.8/site-packages/airflow/example_dags/example_short_circuit_operator.py
[2023-11-08T22:33:55.413+0000] {processor.py:829} INFO - Processing file /home/airflow/.local/lib/python3.8/site-packages/airflow/example_dags/example_short_circuit_operator.py for tasks to queue
[2023-11-08T22:33:55.415+0000] {logging_mixin.py:154} INFO - [2023-11-08T22:33:55.415+0000] {dagbag.py:536} INFO - Filling up the DagBag from /home/airflow/.local/lib/python3.8/site-packages/airflow/example_dags/example_short_circuit_operator.py
[2023-11-08T22:33:55.418+0000] {processor.py:839} INFO - DAG(s) dict_keys(['example_short_circuit_operator']) retrieved from /home/airflow/.local/lib/python3.8/site-packages/airflow/example_dags/example_short_circuit_operator.py
[2023-11-08T22:33:55.432+0000] {logging_mixin.py:154} INFO - [2023-11-08T22:33:55.432+0000] {dag.py:2941} INFO - Sync 1 DAGs
[2023-11-08T22:33:55.446+0000] {logging_mixin.py:154} INFO - [2023-11-08T22:33:55.446+0000] {dag.py:3722} INFO - Setting next_dagrun for example_short_circuit_operator to 2023-11-07T22:33:55.445985+00:00, run_after=2023-11-08T22:33:55.445985+00:00
[2023-11-08T22:33:55.456+0000] {processor.py:179} INFO - Processing /home/airflow/.local/lib/python3.8/site-packages/airflow/example_dags/example_short_circuit_operator.py took 0.045 seconds
[2023-11-08T22:34:26.002+0000] {processor.py:157} INFO - Started process (PID=829) to work on /home/airflow/.local/lib/python3.8/site-packages/airflow/example_dags/example_short_circuit_operator.py
[2023-11-08T22:34:26.002+0000] {processor.py:829} INFO - Processing file /home/airflow/.local/lib/python3.8/site-packages/airflow/example_dags/example_short_circuit_operator.py for tasks to queue
[2023-11-08T22:34:26.004+0000] {logging_mixin.py:154} INFO - [2023-11-08T22:34:26.004+0000] {dagbag.py:536} INFO - Filling up the DagBag from /home/airflow/.local/lib/python3.8/site-packages/airflow/example_dags/example_short_circuit_operator.py
[2023-11-08T22:34:26.008+0000] {processor.py:839} INFO - DAG(s) dict_keys(['example_short_circuit_operator']) retrieved from /home/airflow/.local/lib/python3.8/site-packages/airflow/example_dags/example_short_circuit_operator.py
[2023-11-08T22:34:26.021+0000] {logging_mixin.py:154} INFO - [2023-11-08T22:34:26.021+0000] {dag.py:2941} INFO - Sync 1 DAGs
[2023-11-08T22:34:26.033+0000] {logging_mixin.py:154} INFO - [2023-11-08T22:34:26.033+0000] {dag.py:3722} INFO - Setting next_dagrun for example_short_circuit_operator to 2023-11-07T22:34:26.033004+00:00, run_after=2023-11-08T22:34:26.033004+00:00
[2023-11-08T22:34:26.042+0000] {processor.py:179} INFO - Processing /home/airflow/.local/lib/python3.8/site-packages/airflow/example_dags/example_short_circuit_operator.py took 0.042 seconds
[2023-11-08T22:34:56.545+0000] {processor.py:157} INFO - Started process (PID=884) to work on /home/airflow/.local/lib/python3.8/site-packages/airflow/example_dags/example_short_circuit_operator.py
[2023-11-08T22:34:56.546+0000] {processor.py:829} INFO - Processing file /home/airflow/.local/lib/python3.8/site-packages/airflow/example_dags/example_short_circuit_operator.py for tasks to queue
[2023-11-08T22:34:56.548+0000] {logging_mixin.py:154} INFO - [2023-11-08T22:34:56.547+0000] {dagbag.py:536} INFO - Filling up the DagBag from /home/airflow/.local/lib/python3.8/site-packages/airflow/example_dags/example_short_circuit_operator.py
[2023-11-08T22:34:56.553+0000] {processor.py:839} INFO - DAG(s) dict_keys(['example_short_circuit_operator']) retrieved from /home/airflow/.local/lib/python3.8/site-packages/airflow/example_dags/example_short_circuit_operator.py
[2023-11-08T22:34:56.567+0000] {logging_mixin.py:154} INFO - [2023-11-08T22:34:56.567+0000] {dag.py:2941} INFO - Sync 1 DAGs
[2023-11-08T22:34:56.582+0000] {logging_mixin.py:154} INFO - [2023-11-08T22:34:56.582+0000] {dag.py:3722} INFO - Setting next_dagrun for example_short_circuit_operator to 2023-11-07T22:34:56.582556+00:00, run_after=2023-11-08T22:34:56.582556+00:00
[2023-11-08T22:34:56.595+0000] {processor.py:179} INFO - Processing /home/airflow/.local/lib/python3.8/site-packages/airflow/example_dags/example_short_circuit_operator.py took 0.052 seconds
[2023-11-08T22:35:27.378+0000] {processor.py:157} INFO - Started process (PID=939) to work on /home/airflow/.local/lib/python3.8/site-packages/airflow/example_dags/example_short_circuit_operator.py
[2023-11-08T22:35:27.378+0000] {processor.py:829} INFO - Processing file /home/airflow/.local/lib/python3.8/site-packages/airflow/example_dags/example_short_circuit_operator.py for tasks to queue
[2023-11-08T22:35:27.380+0000] {logging_mixin.py:154} INFO - [2023-11-08T22:35:27.380+0000] {dagbag.py:536} INFO - Filling up the DagBag from /home/airflow/.local/lib/python3.8/site-packages/airflow/example_dags/example_short_circuit_operator.py
[2023-11-08T22:35:27.384+0000] {processor.py:839} INFO - DAG(s) dict_keys(['example_short_circuit_operator']) retrieved from /home/airflow/.local/lib/python3.8/site-packages/airflow/example_dags/example_short_circuit_operator.py
[2023-11-08T22:35:27.396+0000] {logging_mixin.py:154} INFO - [2023-11-08T22:35:27.396+0000] {dag.py:2941} INFO - Sync 1 DAGs
[2023-11-08T22:35:27.408+0000] {logging_mixin.py:154} INFO - [2023-11-08T22:35:27.408+0000] {dag.py:3722} INFO - Setting next_dagrun for example_short_circuit_operator to 2023-11-07T22:35:27.408456+00:00, run_after=2023-11-08T22:35:27.408456+00:00
[2023-11-08T22:35:27.417+0000] {processor.py:179} INFO - Processing /home/airflow/.local/lib/python3.8/site-packages/airflow/example_dags/example_short_circuit_operator.py took 0.041 seconds
[2023-11-08T22:35:58.371+0000] {processor.py:157} INFO - Started process (PID=994) to work on /home/airflow/.local/lib/python3.8/site-packages/airflow/example_dags/example_short_circuit_operator.py
[2023-11-08T22:35:58.372+0000] {processor.py:829} INFO - Processing file /home/airflow/.local/lib/python3.8/site-packages/airflow/example_dags/example_short_circuit_operator.py for tasks to queue
[2023-11-08T22:35:58.374+0000] {logging_mixin.py:154} INFO - [2023-11-08T22:35:58.373+0000] {dagbag.py:536} INFO - Filling up the DagBag from /home/airflow/.local/lib/python3.8/site-packages/airflow/example_dags/example_short_circuit_operator.py
[2023-11-08T22:35:58.379+0000] {processor.py:839} INFO - DAG(s) dict_keys(['example_short_circuit_operator']) retrieved from /home/airflow/.local/lib/python3.8/site-packages/airflow/example_dags/example_short_circuit_operator.py
[2023-11-08T22:35:58.392+0000] {logging_mixin.py:154} INFO - [2023-11-08T22:35:58.392+0000] {dag.py:2941} INFO - Sync 1 DAGs
[2023-11-08T22:35:58.405+0000] {logging_mixin.py:154} INFO - [2023-11-08T22:35:58.405+0000] {dag.py:3722} INFO - Setting next_dagrun for example_short_circuit_operator to 2023-11-07T22:35:58.405270+00:00, run_after=2023-11-08T22:35:58.405270+00:00
[2023-11-08T22:35:58.415+0000] {processor.py:179} INFO - Processing /home/airflow/.local/lib/python3.8/site-packages/airflow/example_dags/example_short_circuit_operator.py took 0.046 seconds
[2023-11-08T22:36:28.958+0000] {processor.py:157} INFO - Started process (PID=1049) to work on /home/airflow/.local/lib/python3.8/site-packages/airflow/example_dags/example_short_circuit_operator.py
[2023-11-08T22:36:28.958+0000] {processor.py:829} INFO - Processing file /home/airflow/.local/lib/python3.8/site-packages/airflow/example_dags/example_short_circuit_operator.py for tasks to queue
[2023-11-08T22:36:28.960+0000] {logging_mixin.py:154} INFO - [2023-11-08T22:36:28.959+0000] {dagbag.py:536} INFO - Filling up the DagBag from /home/airflow/.local/lib/python3.8/site-packages/airflow/example_dags/example_short_circuit_operator.py
[2023-11-08T22:36:28.963+0000] {processor.py:839} INFO - DAG(s) dict_keys(['example_short_circuit_operator']) retrieved from /home/airflow/.local/lib/python3.8/site-packages/airflow/example_dags/example_short_circuit_operator.py
[2023-11-08T22:36:28.978+0000] {logging_mixin.py:154} INFO - [2023-11-08T22:36:28.978+0000] {dag.py:2941} INFO - Sync 1 DAGs
[2023-11-08T22:36:28.991+0000] {logging_mixin.py:154} INFO - [2023-11-08T22:36:28.991+0000] {dag.py:3722} INFO - Setting next_dagrun for example_short_circuit_operator to 2023-11-07T22:36:28.991123+00:00, run_after=2023-11-08T22:36:28.991123+00:00
[2023-11-08T22:36:29.002+0000] {processor.py:179} INFO - Processing /home/airflow/.local/lib/python3.8/site-packages/airflow/example_dags/example_short_circuit_operator.py took 0.046 seconds
[2023-11-08T22:36:59.558+0000] {processor.py:157} INFO - Started process (PID=1106) to work on /home/airflow/.local/lib/python3.8/site-packages/airflow/example_dags/example_short_circuit_operator.py
[2023-11-08T22:36:59.559+0000] {processor.py:829} INFO - Processing file /home/airflow/.local/lib/python3.8/site-packages/airflow/example_dags/example_short_circuit_operator.py for tasks to queue
[2023-11-08T22:36:59.560+0000] {logging_mixin.py:154} INFO - [2023-11-08T22:36:59.560+0000] {dagbag.py:536} INFO - Filling up the DagBag from /home/airflow/.local/lib/python3.8/site-packages/airflow/example_dags/example_short_circuit_operator.py
[2023-11-08T22:36:59.564+0000] {processor.py:839} INFO - DAG(s) dict_keys(['example_short_circuit_operator']) retrieved from /home/airflow/.local/lib/python3.8/site-packages/airflow/example_dags/example_short_circuit_operator.py
[2023-11-08T22:36:59.578+0000] {logging_mixin.py:154} INFO - [2023-11-08T22:36:59.578+0000] {dag.py:2941} INFO - Sync 1 DAGs
[2023-11-08T22:36:59.592+0000] {logging_mixin.py:154} INFO - [2023-11-08T22:36:59.592+0000] {dag.py:3722} INFO - Setting next_dagrun for example_short_circuit_operator to 2023-11-07T22:36:59.591799+00:00, run_after=2023-11-08T22:36:59.591799+00:00
[2023-11-08T22:36:59.603+0000] {processor.py:179} INFO - Processing /home/airflow/.local/lib/python3.8/site-packages/airflow/example_dags/example_short_circuit_operator.py took 0.046 seconds
[2023-11-08T22:37:30.428+0000] {processor.py:157} INFO - Started process (PID=1161) to work on /home/airflow/.local/lib/python3.8/site-packages/airflow/example_dags/example_short_circuit_operator.py
[2023-11-08T22:37:30.428+0000] {processor.py:829} INFO - Processing file /home/airflow/.local/lib/python3.8/site-packages/airflow/example_dags/example_short_circuit_operator.py for tasks to queue
[2023-11-08T22:37:30.430+0000] {logging_mixin.py:154} INFO - [2023-11-08T22:37:30.430+0000] {dagbag.py:536} INFO - Filling up the DagBag from /home/airflow/.local/lib/python3.8/site-packages/airflow/example_dags/example_short_circuit_operator.py
[2023-11-08T22:37:30.434+0000] {processor.py:839} INFO - DAG(s) dict_keys(['example_short_circuit_operator']) retrieved from /home/airflow/.local/lib/python3.8/site-packages/airflow/example_dags/example_short_circuit_operator.py
[2023-11-08T22:37:30.446+0000] {logging_mixin.py:154} INFO - [2023-11-08T22:37:30.446+0000] {dag.py:2941} INFO - Sync 1 DAGs
[2023-11-08T22:37:30.459+0000] {logging_mixin.py:154} INFO - [2023-11-08T22:37:30.459+0000] {dag.py:3722} INFO - Setting next_dagrun for example_short_circuit_operator to 2023-11-07T22:37:30.458865+00:00, run_after=2023-11-08T22:37:30.458865+00:00
[2023-11-08T22:37:30.469+0000] {processor.py:179} INFO - Processing /home/airflow/.local/lib/python3.8/site-packages/airflow/example_dags/example_short_circuit_operator.py took 0.042 seconds
[2023-11-08T22:38:00.946+0000] {processor.py:157} INFO - Started process (PID=1216) to work on /home/airflow/.local/lib/python3.8/site-packages/airflow/example_dags/example_short_circuit_operator.py
[2023-11-08T22:38:00.947+0000] {processor.py:829} INFO - Processing file /home/airflow/.local/lib/python3.8/site-packages/airflow/example_dags/example_short_circuit_operator.py for tasks to queue
[2023-11-08T22:38:00.948+0000] {logging_mixin.py:154} INFO - [2023-11-08T22:38:00.948+0000] {dagbag.py:536} INFO - Filling up the DagBag from /home/airflow/.local/lib/python3.8/site-packages/airflow/example_dags/example_short_circuit_operator.py
[2023-11-08T22:38:00.952+0000] {processor.py:839} INFO - DAG(s) dict_keys(['example_short_circuit_operator']) retrieved from /home/airflow/.local/lib/python3.8/site-packages/airflow/example_dags/example_short_circuit_operator.py
[2023-11-08T22:38:00.966+0000] {logging_mixin.py:154} INFO - [2023-11-08T22:38:00.966+0000] {dag.py:2941} INFO - Sync 1 DAGs
[2023-11-08T22:38:00.979+0000] {logging_mixin.py:154} INFO - [2023-11-08T22:38:00.979+0000] {dag.py:3722} INFO - Setting next_dagrun for example_short_circuit_operator to 2023-11-07T22:38:00.979390+00:00, run_after=2023-11-08T22:38:00.979390+00:00
[2023-11-08T22:38:00.989+0000] {processor.py:179} INFO - Processing /home/airflow/.local/lib/python3.8/site-packages/airflow/example_dags/example_short_circuit_operator.py took 0.044 seconds
[2023-11-08T22:38:31.498+0000] {processor.py:157} INFO - Started process (PID=1271) to work on /home/airflow/.local/lib/python3.8/site-packages/airflow/example_dags/example_short_circuit_operator.py
[2023-11-08T22:38:31.499+0000] {processor.py:829} INFO - Processing file /home/airflow/.local/lib/python3.8/site-packages/airflow/example_dags/example_short_circuit_operator.py for tasks to queue
[2023-11-08T22:38:31.500+0000] {logging_mixin.py:154} INFO - [2023-11-08T22:38:31.500+0000] {dagbag.py:536} INFO - Filling up the DagBag from /home/airflow/.local/lib/python3.8/site-packages/airflow/example_dags/example_short_circuit_operator.py
[2023-11-08T22:38:31.504+0000] {processor.py:839} INFO - DAG(s) dict_keys(['example_short_circuit_operator']) retrieved from /home/airflow/.local/lib/python3.8/site-packages/airflow/example_dags/example_short_circuit_operator.py
[2023-11-08T22:38:31.518+0000] {logging_mixin.py:154} INFO - [2023-11-08T22:38:31.518+0000] {dag.py:2941} INFO - Sync 1 DAGs
[2023-11-08T22:38:31.531+0000] {logging_mixin.py:154} INFO - [2023-11-08T22:38:31.531+0000] {dag.py:3722} INFO - Setting next_dagrun for example_short_circuit_operator to 2023-11-07T22:38:31.531195+00:00, run_after=2023-11-08T22:38:31.531195+00:00
[2023-11-08T22:38:31.540+0000] {processor.py:179} INFO - Processing /home/airflow/.local/lib/python3.8/site-packages/airflow/example_dags/example_short_circuit_operator.py took 0.044 seconds
[2023-11-08T22:39:02.129+0000] {processor.py:157} INFO - Started process (PID=1327) to work on /home/airflow/.local/lib/python3.8/site-packages/airflow/example_dags/example_short_circuit_operator.py
[2023-11-08T22:39:02.130+0000] {processor.py:829} INFO - Processing file /home/airflow/.local/lib/python3.8/site-packages/airflow/example_dags/example_short_circuit_operator.py for tasks to queue
[2023-11-08T22:39:02.131+0000] {logging_mixin.py:154} INFO - [2023-11-08T22:39:02.131+0000] {dagbag.py:536} INFO - Filling up the DagBag from /home/airflow/.local/lib/python3.8/site-packages/airflow/example_dags/example_short_circuit_operator.py
[2023-11-08T22:39:02.135+0000] {processor.py:839} INFO - DAG(s) dict_keys(['example_short_circuit_operator']) retrieved from /home/airflow/.local/lib/python3.8/site-packages/airflow/example_dags/example_short_circuit_operator.py
[2023-11-08T22:39:02.148+0000] {logging_mixin.py:154} INFO - [2023-11-08T22:39:02.148+0000] {dag.py:2941} INFO - Sync 1 DAGs
[2023-11-08T22:39:02.161+0000] {logging_mixin.py:154} INFO - [2023-11-08T22:39:02.161+0000] {dag.py:3722} INFO - Setting next_dagrun for example_short_circuit_operator to 2023-11-07T22:39:02.160954+00:00, run_after=2023-11-08T22:39:02.160954+00:00
[2023-11-08T22:39:02.171+0000] {processor.py:179} INFO - Processing /home/airflow/.local/lib/python3.8/site-packages/airflow/example_dags/example_short_circuit_operator.py took 0.044 seconds
[2023-11-08T22:39:32.713+0000] {processor.py:157} INFO - Started process (PID=1383) to work on /home/airflow/.local/lib/python3.8/site-packages/airflow/example_dags/example_short_circuit_operator.py
[2023-11-08T22:39:32.713+0000] {processor.py:829} INFO - Processing file /home/airflow/.local/lib/python3.8/site-packages/airflow/example_dags/example_short_circuit_operator.py for tasks to queue
[2023-11-08T22:39:32.714+0000] {logging_mixin.py:154} INFO - [2023-11-08T22:39:32.714+0000] {dagbag.py:536} INFO - Filling up the DagBag from /home/airflow/.local/lib/python3.8/site-packages/airflow/example_dags/example_short_circuit_operator.py
[2023-11-08T22:39:32.719+0000] {processor.py:839} INFO - DAG(s) dict_keys(['example_short_circuit_operator']) retrieved from /home/airflow/.local/lib/python3.8/site-packages/airflow/example_dags/example_short_circuit_operator.py
[2023-11-08T22:39:32.732+0000] {logging_mixin.py:154} INFO - [2023-11-08T22:39:32.732+0000] {dag.py:2941} INFO - Sync 1 DAGs
[2023-11-08T22:39:32.745+0000] {logging_mixin.py:154} INFO - [2023-11-08T22:39:32.745+0000] {dag.py:3722} INFO - Setting next_dagrun for example_short_circuit_operator to 2023-11-07T22:39:32.745154+00:00, run_after=2023-11-08T22:39:32.745154+00:00
[2023-11-08T22:39:32.755+0000] {processor.py:179} INFO - Processing /home/airflow/.local/lib/python3.8/site-packages/airflow/example_dags/example_short_circuit_operator.py took 0.044 seconds
[2023-11-08T22:40:03.328+0000] {processor.py:157} INFO - Started process (PID=1438) to work on /home/airflow/.local/lib/python3.8/site-packages/airflow/example_dags/example_short_circuit_operator.py
[2023-11-08T22:40:03.328+0000] {processor.py:829} INFO - Processing file /home/airflow/.local/lib/python3.8/site-packages/airflow/example_dags/example_short_circuit_operator.py for tasks to queue
[2023-11-08T22:40:03.330+0000] {logging_mixin.py:154} INFO - [2023-11-08T22:40:03.330+0000] {dagbag.py:536} INFO - Filling up the DagBag from /home/airflow/.local/lib/python3.8/site-packages/airflow/example_dags/example_short_circuit_operator.py
[2023-11-08T22:40:03.334+0000] {processor.py:839} INFO - DAG(s) dict_keys(['example_short_circuit_operator']) retrieved from /home/airflow/.local/lib/python3.8/site-packages/airflow/example_dags/example_short_circuit_operator.py
[2023-11-08T22:40:03.347+0000] {logging_mixin.py:154} INFO - [2023-11-08T22:40:03.347+0000] {dag.py:2941} INFO - Sync 1 DAGs
[2023-11-08T22:40:03.359+0000] {logging_mixin.py:154} INFO - [2023-11-08T22:40:03.359+0000] {dag.py:3722} INFO - Setting next_dagrun for example_short_circuit_operator to 2023-11-07T22:40:03.359180+00:00, run_after=2023-11-08T22:40:03.359180+00:00
[2023-11-08T22:40:03.369+0000] {processor.py:179} INFO - Processing /home/airflow/.local/lib/python3.8/site-packages/airflow/example_dags/example_short_circuit_operator.py took 0.043 seconds
[2023-11-08T22:40:33.911+0000] {processor.py:157} INFO - Started process (PID=1493) to work on /home/airflow/.local/lib/python3.8/site-packages/airflow/example_dags/example_short_circuit_operator.py
[2023-11-08T22:40:33.912+0000] {processor.py:829} INFO - Processing file /home/airflow/.local/lib/python3.8/site-packages/airflow/example_dags/example_short_circuit_operator.py for tasks to queue
[2023-11-08T22:40:33.913+0000] {logging_mixin.py:154} INFO - [2023-11-08T22:40:33.913+0000] {dagbag.py:536} INFO - Filling up the DagBag from /home/airflow/.local/lib/python3.8/site-packages/airflow/example_dags/example_short_circuit_operator.py
[2023-11-08T22:40:33.917+0000] {processor.py:839} INFO - DAG(s) dict_keys(['example_short_circuit_operator']) retrieved from /home/airflow/.local/lib/python3.8/site-packages/airflow/example_dags/example_short_circuit_operator.py
[2023-11-08T22:40:33.930+0000] {logging_mixin.py:154} INFO - [2023-11-08T22:40:33.930+0000] {dag.py:2941} INFO - Sync 1 DAGs
[2023-11-08T22:40:33.943+0000] {logging_mixin.py:154} INFO - [2023-11-08T22:40:33.943+0000] {dag.py:3722} INFO - Setting next_dagrun for example_short_circuit_operator to 2023-11-07T22:40:33.943088+00:00, run_after=2023-11-08T22:40:33.943088+00:00
[2023-11-08T22:40:33.953+0000] {processor.py:179} INFO - Processing /home/airflow/.local/lib/python3.8/site-packages/airflow/example_dags/example_short_circuit_operator.py took 0.044 seconds
[2023-11-08T22:41:04.439+0000] {processor.py:157} INFO - Started process (PID=1548) to work on /home/airflow/.local/lib/python3.8/site-packages/airflow/example_dags/example_short_circuit_operator.py
[2023-11-08T22:41:04.439+0000] {processor.py:829} INFO - Processing file /home/airflow/.local/lib/python3.8/site-packages/airflow/example_dags/example_short_circuit_operator.py for tasks to queue
[2023-11-08T22:41:04.441+0000] {logging_mixin.py:154} INFO - [2023-11-08T22:41:04.441+0000] {dagbag.py:536} INFO - Filling up the DagBag from /home/airflow/.local/lib/python3.8/site-packages/airflow/example_dags/example_short_circuit_operator.py
[2023-11-08T22:41:04.445+0000] {processor.py:839} INFO - DAG(s) dict_keys(['example_short_circuit_operator']) retrieved from /home/airflow/.local/lib/python3.8/site-packages/airflow/example_dags/example_short_circuit_operator.py
[2023-11-08T22:41:04.457+0000] {logging_mixin.py:154} INFO - [2023-11-08T22:41:04.457+0000] {dag.py:2941} INFO - Sync 1 DAGs
[2023-11-08T22:41:04.468+0000] {logging_mixin.py:154} INFO - [2023-11-08T22:41:04.468+0000] {dag.py:3722} INFO - Setting next_dagrun for example_short_circuit_operator to 2023-11-07T22:41:04.468646+00:00, run_after=2023-11-08T22:41:04.468646+00:00
[2023-11-08T22:41:04.477+0000] {processor.py:179} INFO - Processing /home/airflow/.local/lib/python3.8/site-packages/airflow/example_dags/example_short_circuit_operator.py took 0.040 seconds
[2023-11-08T22:41:35.133+0000] {processor.py:157} INFO - Started process (PID=1603) to work on /home/airflow/.local/lib/python3.8/site-packages/airflow/example_dags/example_short_circuit_operator.py
[2023-11-08T22:41:35.133+0000] {processor.py:829} INFO - Processing file /home/airflow/.local/lib/python3.8/site-packages/airflow/example_dags/example_short_circuit_operator.py for tasks to queue
[2023-11-08T22:41:35.135+0000] {logging_mixin.py:154} INFO - [2023-11-08T22:41:35.135+0000] {dagbag.py:536} INFO - Filling up the DagBag from /home/airflow/.local/lib/python3.8/site-packages/airflow/example_dags/example_short_circuit_operator.py
[2023-11-08T22:41:35.139+0000] {processor.py:839} INFO - DAG(s) dict_keys(['example_short_circuit_operator']) retrieved from /home/airflow/.local/lib/python3.8/site-packages/airflow/example_dags/example_short_circuit_operator.py
[2023-11-08T22:41:35.156+0000] {logging_mixin.py:154} INFO - [2023-11-08T22:41:35.156+0000] {dag.py:2941} INFO - Sync 1 DAGs
[2023-11-08T22:41:35.169+0000] {logging_mixin.py:154} INFO - [2023-11-08T22:41:35.169+0000] {dag.py:3722} INFO - Setting next_dagrun for example_short_circuit_operator to 2023-11-07T22:41:35.169684+00:00, run_after=2023-11-08T22:41:35.169684+00:00
[2023-11-08T22:41:35.179+0000] {processor.py:179} INFO - Processing /home/airflow/.local/lib/python3.8/site-packages/airflow/example_dags/example_short_circuit_operator.py took 0.049 seconds
[2023-11-08T22:42:05.736+0000] {processor.py:157} INFO - Started process (PID=1659) to work on /home/airflow/.local/lib/python3.8/site-packages/airflow/example_dags/example_short_circuit_operator.py
[2023-11-08T22:42:05.736+0000] {processor.py:829} INFO - Processing file /home/airflow/.local/lib/python3.8/site-packages/airflow/example_dags/example_short_circuit_operator.py for tasks to queue
[2023-11-08T22:42:05.737+0000] {logging_mixin.py:154} INFO - [2023-11-08T22:42:05.737+0000] {dagbag.py:536} INFO - Filling up the DagBag from /home/airflow/.local/lib/python3.8/site-packages/airflow/example_dags/example_short_circuit_operator.py
[2023-11-08T22:42:05.741+0000] {processor.py:839} INFO - DAG(s) dict_keys(['example_short_circuit_operator']) retrieved from /home/airflow/.local/lib/python3.8/site-packages/airflow/example_dags/example_short_circuit_operator.py
[2023-11-08T22:42:05.754+0000] {logging_mixin.py:154} INFO - [2023-11-08T22:42:05.754+0000] {dag.py:2941} INFO - Sync 1 DAGs
[2023-11-08T22:42:05.767+0000] {logging_mixin.py:154} INFO - [2023-11-08T22:42:05.767+0000] {dag.py:3722} INFO - Setting next_dagrun for example_short_circuit_operator to 2023-11-07T22:42:05.767162+00:00, run_after=2023-11-08T22:42:05.767162+00:00
[2023-11-08T22:42:05.777+0000] {processor.py:179} INFO - Processing /home/airflow/.local/lib/python3.8/site-packages/airflow/example_dags/example_short_circuit_operator.py took 0.043 seconds
[2023-11-08T22:42:36.259+0000] {processor.py:157} INFO - Started process (PID=1714) to work on /home/airflow/.local/lib/python3.8/site-packages/airflow/example_dags/example_short_circuit_operator.py
[2023-11-08T22:42:36.259+0000] {processor.py:829} INFO - Processing file /home/airflow/.local/lib/python3.8/site-packages/airflow/example_dags/example_short_circuit_operator.py for tasks to queue
[2023-11-08T22:42:36.260+0000] {logging_mixin.py:154} INFO - [2023-11-08T22:42:36.260+0000] {dagbag.py:536} INFO - Filling up the DagBag from /home/airflow/.local/lib/python3.8/site-packages/airflow/example_dags/example_short_circuit_operator.py
[2023-11-08T22:42:36.264+0000] {processor.py:839} INFO - DAG(s) dict_keys(['example_short_circuit_operator']) retrieved from /home/airflow/.local/lib/python3.8/site-packages/airflow/example_dags/example_short_circuit_operator.py
[2023-11-08T22:42:36.277+0000] {logging_mixin.py:154} INFO - [2023-11-08T22:42:36.276+0000] {dag.py:2941} INFO - Sync 1 DAGs
[2023-11-08T22:42:36.288+0000] {logging_mixin.py:154} INFO - [2023-11-08T22:42:36.288+0000] {dag.py:3722} INFO - Setting next_dagrun for example_short_circuit_operator to 2023-11-07T22:42:36.288378+00:00, run_after=2023-11-08T22:42:36.288378+00:00
[2023-11-08T22:42:36.297+0000] {processor.py:179} INFO - Processing /home/airflow/.local/lib/python3.8/site-packages/airflow/example_dags/example_short_circuit_operator.py took 0.040 seconds
[2023-11-08T22:43:06.948+0000] {processor.py:157} INFO - Started process (PID=1769) to work on /home/airflow/.local/lib/python3.8/site-packages/airflow/example_dags/example_short_circuit_operator.py
[2023-11-08T22:43:06.949+0000] {processor.py:829} INFO - Processing file /home/airflow/.local/lib/python3.8/site-packages/airflow/example_dags/example_short_circuit_operator.py for tasks to queue
[2023-11-08T22:43:06.950+0000] {logging_mixin.py:154} INFO - [2023-11-08T22:43:06.950+0000] {dagbag.py:536} INFO - Filling up the DagBag from /home/airflow/.local/lib/python3.8/site-packages/airflow/example_dags/example_short_circuit_operator.py
[2023-11-08T22:43:06.954+0000] {processor.py:839} INFO - DAG(s) dict_keys(['example_short_circuit_operator']) retrieved from /home/airflow/.local/lib/python3.8/site-packages/airflow/example_dags/example_short_circuit_operator.py
[2023-11-08T22:43:06.968+0000] {logging_mixin.py:154} INFO - [2023-11-08T22:43:06.968+0000] {dag.py:2941} INFO - Sync 1 DAGs
[2023-11-08T22:43:06.989+0000] {logging_mixin.py:154} INFO - [2023-11-08T22:43:06.989+0000] {dag.py:3722} INFO - Setting next_dagrun for example_short_circuit_operator to 2023-11-07T22:43:06.989177+00:00, run_after=2023-11-08T22:43:06.989177+00:00
[2023-11-08T22:43:07.004+0000] {processor.py:179} INFO - Processing /home/airflow/.local/lib/python3.8/site-packages/airflow/example_dags/example_short_circuit_operator.py took 0.058 seconds
[2023-11-08T22:43:38.675+0000] {processor.py:157} INFO - Started process (PID=68) to work on /home/airflow/.local/lib/python3.8/site-packages/airflow/example_dags/example_short_circuit_operator.py
[2023-11-08T22:43:38.676+0000] {processor.py:829} INFO - Processing file /home/airflow/.local/lib/python3.8/site-packages/airflow/example_dags/example_short_circuit_operator.py for tasks to queue
[2023-11-08T22:43:38.677+0000] {logging_mixin.py:154} INFO - [2023-11-08T22:43:38.677+0000] {dagbag.py:536} INFO - Filling up the DagBag from /home/airflow/.local/lib/python3.8/site-packages/airflow/example_dags/example_short_circuit_operator.py
[2023-11-08T22:43:38.681+0000] {processor.py:839} INFO - DAG(s) dict_keys(['example_short_circuit_operator']) retrieved from /home/airflow/.local/lib/python3.8/site-packages/airflow/example_dags/example_short_circuit_operator.py
[2023-11-08T22:43:38.689+0000] {logging_mixin.py:154} INFO - [2023-11-08T22:43:38.689+0000] {dag.py:2941} INFO - Sync 1 DAGs
[2023-11-08T22:43:38.708+0000] {logging_mixin.py:154} INFO - [2023-11-08T22:43:38.708+0000] {dag.py:3722} INFO - Setting next_dagrun for example_short_circuit_operator to 2023-11-07T22:43:38.707834+00:00, run_after=2023-11-08T22:43:38.707834+00:00
[2023-11-08T22:43:38.732+0000] {processor.py:179} INFO - Processing /home/airflow/.local/lib/python3.8/site-packages/airflow/example_dags/example_short_circuit_operator.py took 0.059 seconds
