[2023-11-08T22:09:16.623+0000] {processor.py:157} INFO - Started process (PID=71) to work on /home/airflow/.local/lib/python3.8/site-packages/airflow/example_dags/example_dag_decorator.py
[2023-11-08T22:09:16.623+0000] {processor.py:829} INFO - Processing file /home/airflow/.local/lib/python3.8/site-packages/airflow/example_dags/example_dag_decorator.py for tasks to queue
[2023-11-08T22:09:16.624+0000] {logging_mixin.py:154} INFO - [2023-11-08T22:09:16.624+0000] {dagbag.py:536} INFO - Filling up the DagBag from /home/airflow/.local/lib/python3.8/site-packages/airflow/example_dags/example_dag_decorator.py
[2023-11-08T22:09:16.721+0000] {processor.py:839} INFO - DAG(s) dict_keys(['example_dag_decorator']) retrieved from /home/airflow/.local/lib/python3.8/site-packages/airflow/example_dags/example_dag_decorator.py
[2023-11-08T22:09:16.729+0000] {logging_mixin.py:154} INFO - [2023-11-08T22:09:16.729+0000] {dag.py:2941} INFO - Sync 1 DAGs
[2023-11-08T22:09:16.740+0000] {logging_mixin.py:154} INFO - [2023-11-08T22:09:16.740+0000] {dag.py:3722} INFO - Setting next_dagrun for example_dag_decorator to None, run_after=None
[2023-11-08T22:09:16.753+0000] {processor.py:179} INFO - Processing /home/airflow/.local/lib/python3.8/site-packages/airflow/example_dags/example_dag_decorator.py took 0.132 seconds
[2023-11-08T22:09:47.299+0000] {processor.py:157} INFO - Started process (PID=126) to work on /home/airflow/.local/lib/python3.8/site-packages/airflow/example_dags/example_dag_decorator.py
[2023-11-08T22:09:47.299+0000] {processor.py:829} INFO - Processing file /home/airflow/.local/lib/python3.8/site-packages/airflow/example_dags/example_dag_decorator.py for tasks to queue
[2023-11-08T22:09:47.301+0000] {logging_mixin.py:154} INFO - [2023-11-08T22:09:47.300+0000] {dagbag.py:536} INFO - Filling up the DagBag from /home/airflow/.local/lib/python3.8/site-packages/airflow/example_dags/example_dag_decorator.py
[2023-11-08T22:09:47.350+0000] {processor.py:839} INFO - DAG(s) dict_keys(['example_dag_decorator']) retrieved from /home/airflow/.local/lib/python3.8/site-packages/airflow/example_dags/example_dag_decorator.py
[2023-11-08T22:09:47.463+0000] {logging_mixin.py:154} INFO - [2023-11-08T22:09:47.463+0000] {dag.py:2941} INFO - Sync 1 DAGs
[2023-11-08T22:09:47.566+0000] {logging_mixin.py:154} INFO - [2023-11-08T22:09:47.566+0000] {dag.py:3722} INFO - Setting next_dagrun for example_dag_decorator to None, run_after=None
[2023-11-08T22:09:47.578+0000] {processor.py:179} INFO - Processing /home/airflow/.local/lib/python3.8/site-packages/airflow/example_dags/example_dag_decorator.py took 0.282 seconds
[2023-11-08T22:11:51.135+0000] {processor.py:157} INFO - Started process (PID=71) to work on /home/airflow/.local/lib/python3.8/site-packages/airflow/example_dags/example_dag_decorator.py
[2023-11-08T22:11:51.135+0000] {processor.py:829} INFO - Processing file /home/airflow/.local/lib/python3.8/site-packages/airflow/example_dags/example_dag_decorator.py for tasks to queue
[2023-11-08T22:11:51.136+0000] {logging_mixin.py:154} INFO - [2023-11-08T22:11:51.136+0000] {dagbag.py:536} INFO - Filling up the DagBag from /home/airflow/.local/lib/python3.8/site-packages/airflow/example_dags/example_dag_decorator.py
[2023-11-08T22:11:51.224+0000] {processor.py:839} INFO - DAG(s) dict_keys(['example_dag_decorator']) retrieved from /home/airflow/.local/lib/python3.8/site-packages/airflow/example_dags/example_dag_decorator.py
[2023-11-08T22:11:51.232+0000] {logging_mixin.py:154} INFO - [2023-11-08T22:11:51.232+0000] {dag.py:2941} INFO - Sync 1 DAGs
[2023-11-08T22:11:51.241+0000] {logging_mixin.py:154} INFO - [2023-11-08T22:11:51.241+0000] {dag.py:3722} INFO - Setting next_dagrun for example_dag_decorator to None, run_after=None
[2023-11-08T22:11:51.252+0000] {processor.py:179} INFO - Processing /home/airflow/.local/lib/python3.8/site-packages/airflow/example_dags/example_dag_decorator.py took 0.119 seconds
[2023-11-08T22:12:22.069+0000] {processor.py:157} INFO - Started process (PID=125) to work on /home/airflow/.local/lib/python3.8/site-packages/airflow/example_dags/example_dag_decorator.py
[2023-11-08T22:12:22.070+0000] {processor.py:829} INFO - Processing file /home/airflow/.local/lib/python3.8/site-packages/airflow/example_dags/example_dag_decorator.py for tasks to queue
[2023-11-08T22:12:22.071+0000] {logging_mixin.py:154} INFO - [2023-11-08T22:12:22.071+0000] {dagbag.py:536} INFO - Filling up the DagBag from /home/airflow/.local/lib/python3.8/site-packages/airflow/example_dags/example_dag_decorator.py
[2023-11-08T22:12:22.112+0000] {processor.py:839} INFO - DAG(s) dict_keys(['example_dag_decorator']) retrieved from /home/airflow/.local/lib/python3.8/site-packages/airflow/example_dags/example_dag_decorator.py
[2023-11-08T22:12:22.216+0000] {logging_mixin.py:154} INFO - [2023-11-08T22:12:22.216+0000] {dag.py:2941} INFO - Sync 1 DAGs
[2023-11-08T22:12:22.313+0000] {logging_mixin.py:154} INFO - [2023-11-08T22:12:22.313+0000] {dag.py:3722} INFO - Setting next_dagrun for example_dag_decorator to None, run_after=None
[2023-11-08T22:12:22.325+0000] {processor.py:179} INFO - Processing /home/airflow/.local/lib/python3.8/site-packages/airflow/example_dags/example_dag_decorator.py took 0.257 seconds
[2023-11-08T22:12:52.977+0000] {processor.py:157} INFO - Started process (PID=179) to work on /home/airflow/.local/lib/python3.8/site-packages/airflow/example_dags/example_dag_decorator.py
[2023-11-08T22:12:52.977+0000] {processor.py:829} INFO - Processing file /home/airflow/.local/lib/python3.8/site-packages/airflow/example_dags/example_dag_decorator.py for tasks to queue
[2023-11-08T22:12:52.978+0000] {logging_mixin.py:154} INFO - [2023-11-08T22:12:52.978+0000] {dagbag.py:536} INFO - Filling up the DagBag from /home/airflow/.local/lib/python3.8/site-packages/airflow/example_dags/example_dag_decorator.py
[2023-11-08T22:12:53.017+0000] {processor.py:839} INFO - DAG(s) dict_keys(['example_dag_decorator']) retrieved from /home/airflow/.local/lib/python3.8/site-packages/airflow/example_dags/example_dag_decorator.py
[2023-11-08T22:12:53.076+0000] {logging_mixin.py:154} INFO - [2023-11-08T22:12:53.076+0000] {dag.py:2941} INFO - Sync 1 DAGs
[2023-11-08T22:12:53.082+0000] {logging_mixin.py:154} INFO - [2023-11-08T22:12:53.082+0000] {dag.py:3722} INFO - Setting next_dagrun for example_dag_decorator to None, run_after=None
[2023-11-08T22:12:53.093+0000] {processor.py:179} INFO - Processing /home/airflow/.local/lib/python3.8/site-packages/airflow/example_dags/example_dag_decorator.py took 0.118 seconds
[2023-11-08T22:13:23.542+0000] {processor.py:157} INFO - Started process (PID=233) to work on /home/airflow/.local/lib/python3.8/site-packages/airflow/example_dags/example_dag_decorator.py
[2023-11-08T22:13:23.542+0000] {processor.py:829} INFO - Processing file /home/airflow/.local/lib/python3.8/site-packages/airflow/example_dags/example_dag_decorator.py for tasks to queue
[2023-11-08T22:13:23.544+0000] {logging_mixin.py:154} INFO - [2023-11-08T22:13:23.544+0000] {dagbag.py:536} INFO - Filling up the DagBag from /home/airflow/.local/lib/python3.8/site-packages/airflow/example_dags/example_dag_decorator.py
[2023-11-08T22:13:23.583+0000] {processor.py:839} INFO - DAG(s) dict_keys(['example_dag_decorator']) retrieved from /home/airflow/.local/lib/python3.8/site-packages/airflow/example_dags/example_dag_decorator.py
[2023-11-08T22:13:23.736+0000] {logging_mixin.py:154} INFO - [2023-11-08T22:13:23.736+0000] {dag.py:2941} INFO - Sync 1 DAGs
[2023-11-08T22:13:23.743+0000] {logging_mixin.py:154} INFO - [2023-11-08T22:13:23.742+0000] {dag.py:3722} INFO - Setting next_dagrun for example_dag_decorator to None, run_after=None
[2023-11-08T22:13:23.753+0000] {processor.py:179} INFO - Processing /home/airflow/.local/lib/python3.8/site-packages/airflow/example_dags/example_dag_decorator.py took 0.213 seconds
[2023-11-08T22:13:54.262+0000] {processor.py:157} INFO - Started process (PID=287) to work on /home/airflow/.local/lib/python3.8/site-packages/airflow/example_dags/example_dag_decorator.py
[2023-11-08T22:13:54.263+0000] {processor.py:829} INFO - Processing file /home/airflow/.local/lib/python3.8/site-packages/airflow/example_dags/example_dag_decorator.py for tasks to queue
[2023-11-08T22:13:54.265+0000] {logging_mixin.py:154} INFO - [2023-11-08T22:13:54.264+0000] {dagbag.py:536} INFO - Filling up the DagBag from /home/airflow/.local/lib/python3.8/site-packages/airflow/example_dags/example_dag_decorator.py
[2023-11-08T22:13:54.305+0000] {processor.py:839} INFO - DAG(s) dict_keys(['example_dag_decorator']) retrieved from /home/airflow/.local/lib/python3.8/site-packages/airflow/example_dags/example_dag_decorator.py
[2023-11-08T22:13:54.367+0000] {logging_mixin.py:154} INFO - [2023-11-08T22:13:54.367+0000] {dag.py:2941} INFO - Sync 1 DAGs
[2023-11-08T22:13:54.375+0000] {logging_mixin.py:154} INFO - [2023-11-08T22:13:54.374+0000] {dag.py:3722} INFO - Setting next_dagrun for example_dag_decorator to None, run_after=None
[2023-11-08T22:13:54.487+0000] {processor.py:179} INFO - Processing /home/airflow/.local/lib/python3.8/site-packages/airflow/example_dags/example_dag_decorator.py took 0.226 seconds
[2023-11-08T22:14:24.864+0000] {processor.py:157} INFO - Started process (PID=341) to work on /home/airflow/.local/lib/python3.8/site-packages/airflow/example_dags/example_dag_decorator.py
[2023-11-08T22:14:24.864+0000] {processor.py:829} INFO - Processing file /home/airflow/.local/lib/python3.8/site-packages/airflow/example_dags/example_dag_decorator.py for tasks to queue
[2023-11-08T22:14:24.866+0000] {logging_mixin.py:154} INFO - [2023-11-08T22:14:24.866+0000] {dagbag.py:536} INFO - Filling up the DagBag from /home/airflow/.local/lib/python3.8/site-packages/airflow/example_dags/example_dag_decorator.py
[2023-11-08T22:14:24.906+0000] {processor.py:839} INFO - DAG(s) dict_keys(['example_dag_decorator']) retrieved from /home/airflow/.local/lib/python3.8/site-packages/airflow/example_dags/example_dag_decorator.py
[2023-11-08T22:14:25.059+0000] {logging_mixin.py:154} INFO - [2023-11-08T22:14:25.059+0000] {dag.py:2941} INFO - Sync 1 DAGs
[2023-11-08T22:14:25.066+0000] {logging_mixin.py:154} INFO - [2023-11-08T22:14:25.066+0000] {dag.py:3722} INFO - Setting next_dagrun for example_dag_decorator to None, run_after=None
[2023-11-08T22:14:25.076+0000] {processor.py:179} INFO - Processing /home/airflow/.local/lib/python3.8/site-packages/airflow/example_dags/example_dag_decorator.py took 0.214 seconds
[2023-11-08T22:14:55.478+0000] {processor.py:157} INFO - Started process (PID=395) to work on /home/airflow/.local/lib/python3.8/site-packages/airflow/example_dags/example_dag_decorator.py
[2023-11-08T22:14:55.478+0000] {processor.py:829} INFO - Processing file /home/airflow/.local/lib/python3.8/site-packages/airflow/example_dags/example_dag_decorator.py for tasks to queue
[2023-11-08T22:14:55.480+0000] {logging_mixin.py:154} INFO - [2023-11-08T22:14:55.480+0000] {dagbag.py:536} INFO - Filling up the DagBag from /home/airflow/.local/lib/python3.8/site-packages/airflow/example_dags/example_dag_decorator.py
[2023-11-08T22:14:55.521+0000] {processor.py:839} INFO - DAG(s) dict_keys(['example_dag_decorator']) retrieved from /home/airflow/.local/lib/python3.8/site-packages/airflow/example_dags/example_dag_decorator.py
[2023-11-08T22:14:55.685+0000] {logging_mixin.py:154} INFO - [2023-11-08T22:14:55.685+0000] {dag.py:2941} INFO - Sync 1 DAGs
[2023-11-08T22:14:55.691+0000] {logging_mixin.py:154} INFO - [2023-11-08T22:14:55.691+0000] {dag.py:3722} INFO - Setting next_dagrun for example_dag_decorator to None, run_after=None
[2023-11-08T22:14:55.702+0000] {processor.py:179} INFO - Processing /home/airflow/.local/lib/python3.8/site-packages/airflow/example_dags/example_dag_decorator.py took 0.226 seconds
[2023-11-08T22:15:26.230+0000] {processor.py:157} INFO - Started process (PID=450) to work on /home/airflow/.local/lib/python3.8/site-packages/airflow/example_dags/example_dag_decorator.py
[2023-11-08T22:15:26.230+0000] {processor.py:829} INFO - Processing file /home/airflow/.local/lib/python3.8/site-packages/airflow/example_dags/example_dag_decorator.py for tasks to queue
[2023-11-08T22:15:26.231+0000] {logging_mixin.py:154} INFO - [2023-11-08T22:15:26.231+0000] {dagbag.py:536} INFO - Filling up the DagBag from /home/airflow/.local/lib/python3.8/site-packages/airflow/example_dags/example_dag_decorator.py
[2023-11-08T22:15:26.273+0000] {processor.py:839} INFO - DAG(s) dict_keys(['example_dag_decorator']) retrieved from /home/airflow/.local/lib/python3.8/site-packages/airflow/example_dags/example_dag_decorator.py
[2023-11-08T22:15:26.435+0000] {logging_mixin.py:154} INFO - [2023-11-08T22:15:26.435+0000] {dag.py:2941} INFO - Sync 1 DAGs
[2023-11-08T22:15:26.442+0000] {logging_mixin.py:154} INFO - [2023-11-08T22:15:26.442+0000] {dag.py:3722} INFO - Setting next_dagrun for example_dag_decorator to None, run_after=None
[2023-11-08T22:15:26.454+0000] {processor.py:179} INFO - Processing /home/airflow/.local/lib/python3.8/site-packages/airflow/example_dags/example_dag_decorator.py took 0.226 seconds
[2023-11-08T22:15:56.819+0000] {processor.py:157} INFO - Started process (PID=504) to work on /home/airflow/.local/lib/python3.8/site-packages/airflow/example_dags/example_dag_decorator.py
[2023-11-08T22:15:56.820+0000] {processor.py:829} INFO - Processing file /home/airflow/.local/lib/python3.8/site-packages/airflow/example_dags/example_dag_decorator.py for tasks to queue
[2023-11-08T22:15:56.821+0000] {logging_mixin.py:154} INFO - [2023-11-08T22:15:56.821+0000] {dagbag.py:536} INFO - Filling up the DagBag from /home/airflow/.local/lib/python3.8/site-packages/airflow/example_dags/example_dag_decorator.py
[2023-11-08T22:15:56.861+0000] {processor.py:839} INFO - DAG(s) dict_keys(['example_dag_decorator']) retrieved from /home/airflow/.local/lib/python3.8/site-packages/airflow/example_dags/example_dag_decorator.py
[2023-11-08T22:15:57.025+0000] {logging_mixin.py:154} INFO - [2023-11-08T22:15:57.025+0000] {dag.py:2941} INFO - Sync 1 DAGs
[2023-11-08T22:15:57.031+0000] {logging_mixin.py:154} INFO - [2023-11-08T22:15:57.031+0000] {dag.py:3722} INFO - Setting next_dagrun for example_dag_decorator to None, run_after=None
[2023-11-08T22:15:57.041+0000] {processor.py:179} INFO - Processing /home/airflow/.local/lib/python3.8/site-packages/airflow/example_dags/example_dag_decorator.py took 0.224 seconds
[2023-11-08T22:16:27.474+0000] {processor.py:157} INFO - Started process (PID=557) to work on /home/airflow/.local/lib/python3.8/site-packages/airflow/example_dags/example_dag_decorator.py
[2023-11-08T22:16:27.475+0000] {processor.py:829} INFO - Processing file /home/airflow/.local/lib/python3.8/site-packages/airflow/example_dags/example_dag_decorator.py for tasks to queue
[2023-11-08T22:16:27.476+0000] {logging_mixin.py:154} INFO - [2023-11-08T22:16:27.476+0000] {dagbag.py:536} INFO - Filling up the DagBag from /home/airflow/.local/lib/python3.8/site-packages/airflow/example_dags/example_dag_decorator.py
[2023-11-08T22:16:27.514+0000] {processor.py:839} INFO - DAG(s) dict_keys(['example_dag_decorator']) retrieved from /home/airflow/.local/lib/python3.8/site-packages/airflow/example_dags/example_dag_decorator.py
[2023-11-08T22:16:27.578+0000] {logging_mixin.py:154} INFO - [2023-11-08T22:16:27.578+0000] {dag.py:2941} INFO - Sync 1 DAGs
[2023-11-08T22:16:27.683+0000] {logging_mixin.py:154} INFO - [2023-11-08T22:16:27.683+0000] {dag.py:3722} INFO - Setting next_dagrun for example_dag_decorator to None, run_after=None
[2023-11-08T22:16:27.696+0000] {processor.py:179} INFO - Processing /home/airflow/.local/lib/python3.8/site-packages/airflow/example_dags/example_dag_decorator.py took 0.224 seconds
[2023-11-08T22:16:58.105+0000] {processor.py:157} INFO - Started process (PID=611) to work on /home/airflow/.local/lib/python3.8/site-packages/airflow/example_dags/example_dag_decorator.py
[2023-11-08T22:16:58.105+0000] {processor.py:829} INFO - Processing file /home/airflow/.local/lib/python3.8/site-packages/airflow/example_dags/example_dag_decorator.py for tasks to queue
[2023-11-08T22:16:58.107+0000] {logging_mixin.py:154} INFO - [2023-11-08T22:16:58.106+0000] {dagbag.py:536} INFO - Filling up the DagBag from /home/airflow/.local/lib/python3.8/site-packages/airflow/example_dags/example_dag_decorator.py
[2023-11-08T22:16:58.148+0000] {processor.py:839} INFO - DAG(s) dict_keys(['example_dag_decorator']) retrieved from /home/airflow/.local/lib/python3.8/site-packages/airflow/example_dags/example_dag_decorator.py
[2023-11-08T22:16:58.296+0000] {logging_mixin.py:154} INFO - [2023-11-08T22:16:58.296+0000] {dag.py:2941} INFO - Sync 1 DAGs
[2023-11-08T22:16:58.303+0000] {logging_mixin.py:154} INFO - [2023-11-08T22:16:58.302+0000] {dag.py:3722} INFO - Setting next_dagrun for example_dag_decorator to None, run_after=None
[2023-11-08T22:16:58.314+0000] {processor.py:179} INFO - Processing /home/airflow/.local/lib/python3.8/site-packages/airflow/example_dags/example_dag_decorator.py took 0.211 seconds
[2023-11-08T22:17:28.824+0000] {processor.py:157} INFO - Started process (PID=666) to work on /home/airflow/.local/lib/python3.8/site-packages/airflow/example_dags/example_dag_decorator.py
[2023-11-08T22:17:28.825+0000] {processor.py:829} INFO - Processing file /home/airflow/.local/lib/python3.8/site-packages/airflow/example_dags/example_dag_decorator.py for tasks to queue
[2023-11-08T22:17:28.826+0000] {logging_mixin.py:154} INFO - [2023-11-08T22:17:28.826+0000] {dagbag.py:536} INFO - Filling up the DagBag from /home/airflow/.local/lib/python3.8/site-packages/airflow/example_dags/example_dag_decorator.py
[2023-11-08T22:17:28.882+0000] {processor.py:839} INFO - DAG(s) dict_keys(['example_dag_decorator']) retrieved from /home/airflow/.local/lib/python3.8/site-packages/airflow/example_dags/example_dag_decorator.py
[2023-11-08T22:17:29.048+0000] {logging_mixin.py:154} INFO - [2023-11-08T22:17:29.048+0000] {dag.py:2941} INFO - Sync 1 DAGs
[2023-11-08T22:17:29.054+0000] {logging_mixin.py:154} INFO - [2023-11-08T22:17:29.054+0000] {dag.py:3722} INFO - Setting next_dagrun for example_dag_decorator to None, run_after=None
[2023-11-08T22:17:29.065+0000] {processor.py:179} INFO - Processing /home/airflow/.local/lib/python3.8/site-packages/airflow/example_dags/example_dag_decorator.py took 0.243 seconds
[2023-11-08T22:17:59.484+0000] {processor.py:157} INFO - Started process (PID=720) to work on /home/airflow/.local/lib/python3.8/site-packages/airflow/example_dags/example_dag_decorator.py
[2023-11-08T22:17:59.484+0000] {processor.py:829} INFO - Processing file /home/airflow/.local/lib/python3.8/site-packages/airflow/example_dags/example_dag_decorator.py for tasks to queue
[2023-11-08T22:17:59.486+0000] {logging_mixin.py:154} INFO - [2023-11-08T22:17:59.486+0000] {dagbag.py:536} INFO - Filling up the DagBag from /home/airflow/.local/lib/python3.8/site-packages/airflow/example_dags/example_dag_decorator.py
[2023-11-08T22:17:59.524+0000] {processor.py:839} INFO - DAG(s) dict_keys(['example_dag_decorator']) retrieved from /home/airflow/.local/lib/python3.8/site-packages/airflow/example_dags/example_dag_decorator.py
[2023-11-08T22:17:59.671+0000] {logging_mixin.py:154} INFO - [2023-11-08T22:17:59.671+0000] {dag.py:2941} INFO - Sync 1 DAGs
[2023-11-08T22:17:59.677+0000] {logging_mixin.py:154} INFO - [2023-11-08T22:17:59.677+0000] {dag.py:3722} INFO - Setting next_dagrun for example_dag_decorator to None, run_after=None
[2023-11-08T22:17:59.687+0000] {processor.py:179} INFO - Processing /home/airflow/.local/lib/python3.8/site-packages/airflow/example_dags/example_dag_decorator.py took 0.205 seconds
[2023-11-08T22:18:30.341+0000] {processor.py:157} INFO - Started process (PID=775) to work on /home/airflow/.local/lib/python3.8/site-packages/airflow/example_dags/example_dag_decorator.py
[2023-11-08T22:18:30.342+0000] {processor.py:829} INFO - Processing file /home/airflow/.local/lib/python3.8/site-packages/airflow/example_dags/example_dag_decorator.py for tasks to queue
[2023-11-08T22:18:30.343+0000] {logging_mixin.py:154} INFO - [2023-11-08T22:18:30.343+0000] {dagbag.py:536} INFO - Filling up the DagBag from /home/airflow/.local/lib/python3.8/site-packages/airflow/example_dags/example_dag_decorator.py
[2023-11-08T22:18:30.387+0000] {processor.py:839} INFO - DAG(s) dict_keys(['example_dag_decorator']) retrieved from /home/airflow/.local/lib/python3.8/site-packages/airflow/example_dags/example_dag_decorator.py
[2023-11-08T22:18:30.569+0000] {logging_mixin.py:154} INFO - [2023-11-08T22:18:30.569+0000] {dag.py:2941} INFO - Sync 1 DAGs
[2023-11-08T22:18:30.577+0000] {logging_mixin.py:154} INFO - [2023-11-08T22:18:30.577+0000] {dag.py:3722} INFO - Setting next_dagrun for example_dag_decorator to None, run_after=None
[2023-11-08T22:18:30.592+0000] {processor.py:179} INFO - Processing /home/airflow/.local/lib/python3.8/site-packages/airflow/example_dags/example_dag_decorator.py took 0.253 seconds
[2023-11-08T22:19:00.619+0000] {processor.py:157} INFO - Started process (PID=832) to work on /home/airflow/.local/lib/python3.8/site-packages/airflow/example_dags/example_dag_decorator.py
[2023-11-08T22:19:00.620+0000] {processor.py:829} INFO - Processing file /home/airflow/.local/lib/python3.8/site-packages/airflow/example_dags/example_dag_decorator.py for tasks to queue
[2023-11-08T22:19:00.621+0000] {logging_mixin.py:154} INFO - [2023-11-08T22:19:00.621+0000] {dagbag.py:536} INFO - Filling up the DagBag from /home/airflow/.local/lib/python3.8/site-packages/airflow/example_dags/example_dag_decorator.py
[2023-11-08T22:19:00.667+0000] {processor.py:839} INFO - DAG(s) dict_keys(['example_dag_decorator']) retrieved from /home/airflow/.local/lib/python3.8/site-packages/airflow/example_dags/example_dag_decorator.py
[2023-11-08T22:19:00.844+0000] {logging_mixin.py:154} INFO - [2023-11-08T22:19:00.843+0000] {dag.py:2941} INFO - Sync 1 DAGs
[2023-11-08T22:19:00.853+0000] {logging_mixin.py:154} INFO - [2023-11-08T22:19:00.852+0000] {dag.py:3722} INFO - Setting next_dagrun for example_dag_decorator to None, run_after=None
[2023-11-08T22:19:00.876+0000] {processor.py:179} INFO - Processing /home/airflow/.local/lib/python3.8/site-packages/airflow/example_dags/example_dag_decorator.py took 0.259 seconds
[2023-11-08T22:19:31.702+0000] {processor.py:157} INFO - Started process (PID=887) to work on /home/airflow/.local/lib/python3.8/site-packages/airflow/example_dags/example_dag_decorator.py
[2023-11-08T22:19:31.707+0000] {processor.py:829} INFO - Processing file /home/airflow/.local/lib/python3.8/site-packages/airflow/example_dags/example_dag_decorator.py for tasks to queue
[2023-11-08T22:19:31.708+0000] {logging_mixin.py:154} INFO - [2023-11-08T22:19:31.708+0000] {dagbag.py:536} INFO - Filling up the DagBag from /home/airflow/.local/lib/python3.8/site-packages/airflow/example_dags/example_dag_decorator.py
[2023-11-08T22:19:31.751+0000] {processor.py:839} INFO - DAG(s) dict_keys(['example_dag_decorator']) retrieved from /home/airflow/.local/lib/python3.8/site-packages/airflow/example_dags/example_dag_decorator.py
[2023-11-08T22:19:31.908+0000] {logging_mixin.py:154} INFO - [2023-11-08T22:19:31.908+0000] {dag.py:2941} INFO - Sync 1 DAGs
[2023-11-08T22:19:31.914+0000] {logging_mixin.py:154} INFO - [2023-11-08T22:19:31.914+0000] {dag.py:3722} INFO - Setting next_dagrun for example_dag_decorator to None, run_after=None
[2023-11-08T22:19:31.933+0000] {processor.py:179} INFO - Processing /home/airflow/.local/lib/python3.8/site-packages/airflow/example_dags/example_dag_decorator.py took 0.234 seconds
[2023-11-08T22:20:02.925+0000] {processor.py:157} INFO - Started process (PID=942) to work on /home/airflow/.local/lib/python3.8/site-packages/airflow/example_dags/example_dag_decorator.py
[2023-11-08T22:20:02.926+0000] {processor.py:829} INFO - Processing file /home/airflow/.local/lib/python3.8/site-packages/airflow/example_dags/example_dag_decorator.py for tasks to queue
[2023-11-08T22:20:02.928+0000] {logging_mixin.py:154} INFO - [2023-11-08T22:20:02.928+0000] {dagbag.py:536} INFO - Filling up the DagBag from /home/airflow/.local/lib/python3.8/site-packages/airflow/example_dags/example_dag_decorator.py
[2023-11-08T22:20:02.972+0000] {processor.py:839} INFO - DAG(s) dict_keys(['example_dag_decorator']) retrieved from /home/airflow/.local/lib/python3.8/site-packages/airflow/example_dags/example_dag_decorator.py
[2023-11-08T22:20:03.146+0000] {logging_mixin.py:154} INFO - [2023-11-08T22:20:03.146+0000] {dag.py:2941} INFO - Sync 1 DAGs
[2023-11-08T22:20:03.152+0000] {logging_mixin.py:154} INFO - [2023-11-08T22:20:03.151+0000] {dag.py:3722} INFO - Setting next_dagrun for example_dag_decorator to None, run_after=None
[2023-11-08T22:20:03.170+0000] {processor.py:179} INFO - Processing /home/airflow/.local/lib/python3.8/site-packages/airflow/example_dags/example_dag_decorator.py took 0.249 seconds
[2023-11-08T22:20:33.923+0000] {processor.py:157} INFO - Started process (PID=996) to work on /home/airflow/.local/lib/python3.8/site-packages/airflow/example_dags/example_dag_decorator.py
[2023-11-08T22:20:33.924+0000] {processor.py:829} INFO - Processing file /home/airflow/.local/lib/python3.8/site-packages/airflow/example_dags/example_dag_decorator.py for tasks to queue
[2023-11-08T22:20:33.925+0000] {logging_mixin.py:154} INFO - [2023-11-08T22:20:33.925+0000] {dagbag.py:536} INFO - Filling up the DagBag from /home/airflow/.local/lib/python3.8/site-packages/airflow/example_dags/example_dag_decorator.py
[2023-11-08T22:20:33.967+0000] {processor.py:839} INFO - DAG(s) dict_keys(['example_dag_decorator']) retrieved from /home/airflow/.local/lib/python3.8/site-packages/airflow/example_dags/example_dag_decorator.py
[2023-11-08T22:20:34.151+0000] {logging_mixin.py:154} INFO - [2023-11-08T22:20:34.151+0000] {dag.py:2941} INFO - Sync 1 DAGs
[2023-11-08T22:20:34.158+0000] {logging_mixin.py:154} INFO - [2023-11-08T22:20:34.158+0000] {dag.py:3722} INFO - Setting next_dagrun for example_dag_decorator to None, run_after=None
[2023-11-08T22:20:34.171+0000] {processor.py:179} INFO - Processing /home/airflow/.local/lib/python3.8/site-packages/airflow/example_dags/example_dag_decorator.py took 0.250 seconds
[2023-11-08T22:21:05.081+0000] {processor.py:157} INFO - Started process (PID=1050) to work on /home/airflow/.local/lib/python3.8/site-packages/airflow/example_dags/example_dag_decorator.py
[2023-11-08T22:21:05.089+0000] {processor.py:829} INFO - Processing file /home/airflow/.local/lib/python3.8/site-packages/airflow/example_dags/example_dag_decorator.py for tasks to queue
[2023-11-08T22:21:05.090+0000] {logging_mixin.py:154} INFO - [2023-11-08T22:21:05.090+0000] {dagbag.py:536} INFO - Filling up the DagBag from /home/airflow/.local/lib/python3.8/site-packages/airflow/example_dags/example_dag_decorator.py
[2023-11-08T22:21:05.131+0000] {processor.py:839} INFO - DAG(s) dict_keys(['example_dag_decorator']) retrieved from /home/airflow/.local/lib/python3.8/site-packages/airflow/example_dags/example_dag_decorator.py
[2023-11-08T22:21:05.285+0000] {logging_mixin.py:154} INFO - [2023-11-08T22:21:05.285+0000] {dag.py:2941} INFO - Sync 1 DAGs
[2023-11-08T22:21:05.291+0000] {logging_mixin.py:154} INFO - [2023-11-08T22:21:05.291+0000] {dag.py:3722} INFO - Setting next_dagrun for example_dag_decorator to None, run_after=None
[2023-11-08T22:21:05.311+0000] {processor.py:179} INFO - Processing /home/airflow/.local/lib/python3.8/site-packages/airflow/example_dags/example_dag_decorator.py took 0.232 seconds
[2023-11-08T22:21:36.015+0000] {processor.py:157} INFO - Started process (PID=1103) to work on /home/airflow/.local/lib/python3.8/site-packages/airflow/example_dags/example_dag_decorator.py
[2023-11-08T22:21:36.016+0000] {processor.py:829} INFO - Processing file /home/airflow/.local/lib/python3.8/site-packages/airflow/example_dags/example_dag_decorator.py for tasks to queue
[2023-11-08T22:21:36.017+0000] {logging_mixin.py:154} INFO - [2023-11-08T22:21:36.017+0000] {dagbag.py:536} INFO - Filling up the DagBag from /home/airflow/.local/lib/python3.8/site-packages/airflow/example_dags/example_dag_decorator.py
[2023-11-08T22:21:36.061+0000] {processor.py:839} INFO - DAG(s) dict_keys(['example_dag_decorator']) retrieved from /home/airflow/.local/lib/python3.8/site-packages/airflow/example_dags/example_dag_decorator.py
[2023-11-08T22:21:36.214+0000] {logging_mixin.py:154} INFO - [2023-11-08T22:21:36.214+0000] {dag.py:2941} INFO - Sync 1 DAGs
[2023-11-08T22:21:36.221+0000] {logging_mixin.py:154} INFO - [2023-11-08T22:21:36.221+0000] {dag.py:3722} INFO - Setting next_dagrun for example_dag_decorator to None, run_after=None
[2023-11-08T22:21:36.232+0000] {processor.py:179} INFO - Processing /home/airflow/.local/lib/python3.8/site-packages/airflow/example_dags/example_dag_decorator.py took 0.219 seconds
[2023-11-08T22:22:06.336+0000] {processor.py:157} INFO - Started process (PID=1157) to work on /home/airflow/.local/lib/python3.8/site-packages/airflow/example_dags/example_dag_decorator.py
[2023-11-08T22:22:06.336+0000] {processor.py:829} INFO - Processing file /home/airflow/.local/lib/python3.8/site-packages/airflow/example_dags/example_dag_decorator.py for tasks to queue
[2023-11-08T22:22:06.337+0000] {logging_mixin.py:154} INFO - [2023-11-08T22:22:06.337+0000] {dagbag.py:536} INFO - Filling up the DagBag from /home/airflow/.local/lib/python3.8/site-packages/airflow/example_dags/example_dag_decorator.py
[2023-11-08T22:22:06.473+0000] {processor.py:839} INFO - DAG(s) dict_keys(['example_dag_decorator']) retrieved from /home/airflow/.local/lib/python3.8/site-packages/airflow/example_dags/example_dag_decorator.py
[2023-11-08T22:22:06.529+0000] {logging_mixin.py:154} INFO - [2023-11-08T22:22:06.529+0000] {dag.py:2941} INFO - Sync 1 DAGs
[2023-11-08T22:22:06.536+0000] {logging_mixin.py:154} INFO - [2023-11-08T22:22:06.535+0000] {dag.py:3722} INFO - Setting next_dagrun for example_dag_decorator to None, run_after=None
[2023-11-08T22:22:06.546+0000] {processor.py:179} INFO - Processing /home/airflow/.local/lib/python3.8/site-packages/airflow/example_dags/example_dag_decorator.py took 0.212 seconds
[2023-11-08T22:22:37.139+0000] {processor.py:157} INFO - Started process (PID=1210) to work on /home/airflow/.local/lib/python3.8/site-packages/airflow/example_dags/example_dag_decorator.py
[2023-11-08T22:22:37.147+0000] {processor.py:829} INFO - Processing file /home/airflow/.local/lib/python3.8/site-packages/airflow/example_dags/example_dag_decorator.py for tasks to queue
[2023-11-08T22:22:37.149+0000] {logging_mixin.py:154} INFO - [2023-11-08T22:22:37.149+0000] {dagbag.py:536} INFO - Filling up the DagBag from /home/airflow/.local/lib/python3.8/site-packages/airflow/example_dags/example_dag_decorator.py
[2023-11-08T22:22:37.285+0000] {processor.py:839} INFO - DAG(s) dict_keys(['example_dag_decorator']) retrieved from /home/airflow/.local/lib/python3.8/site-packages/airflow/example_dags/example_dag_decorator.py
[2023-11-08T22:22:37.338+0000] {logging_mixin.py:154} INFO - [2023-11-08T22:22:37.338+0000] {dag.py:2941} INFO - Sync 1 DAGs
[2023-11-08T22:22:37.344+0000] {logging_mixin.py:154} INFO - [2023-11-08T22:22:37.344+0000] {dag.py:3722} INFO - Setting next_dagrun for example_dag_decorator to None, run_after=None
[2023-11-08T22:22:37.362+0000] {processor.py:179} INFO - Processing /home/airflow/.local/lib/python3.8/site-packages/airflow/example_dags/example_dag_decorator.py took 0.225 seconds
[2023-11-08T22:23:07.851+0000] {processor.py:157} INFO - Started process (PID=1263) to work on /home/airflow/.local/lib/python3.8/site-packages/airflow/example_dags/example_dag_decorator.py
[2023-11-08T22:23:07.860+0000] {processor.py:829} INFO - Processing file /home/airflow/.local/lib/python3.8/site-packages/airflow/example_dags/example_dag_decorator.py for tasks to queue
[2023-11-08T22:23:07.861+0000] {logging_mixin.py:154} INFO - [2023-11-08T22:23:07.861+0000] {dagbag.py:536} INFO - Filling up the DagBag from /home/airflow/.local/lib/python3.8/site-packages/airflow/example_dags/example_dag_decorator.py
[2023-11-08T22:23:07.903+0000] {processor.py:839} INFO - DAG(s) dict_keys(['example_dag_decorator']) retrieved from /home/airflow/.local/lib/python3.8/site-packages/airflow/example_dags/example_dag_decorator.py
[2023-11-08T22:23:08.066+0000] {logging_mixin.py:154} INFO - [2023-11-08T22:23:08.066+0000] {dag.py:2941} INFO - Sync 1 DAGs
[2023-11-08T22:23:08.072+0000] {logging_mixin.py:154} INFO - [2023-11-08T22:23:08.072+0000] {dag.py:3722} INFO - Setting next_dagrun for example_dag_decorator to None, run_after=None
[2023-11-08T22:23:08.091+0000] {processor.py:179} INFO - Processing /home/airflow/.local/lib/python3.8/site-packages/airflow/example_dags/example_dag_decorator.py took 0.243 seconds
[2023-11-08T22:23:38.361+0000] {processor.py:157} INFO - Started process (PID=1317) to work on /home/airflow/.local/lib/python3.8/site-packages/airflow/example_dags/example_dag_decorator.py
[2023-11-08T22:23:38.361+0000] {processor.py:829} INFO - Processing file /home/airflow/.local/lib/python3.8/site-packages/airflow/example_dags/example_dag_decorator.py for tasks to queue
[2023-11-08T22:23:38.362+0000] {logging_mixin.py:154} INFO - [2023-11-08T22:23:38.362+0000] {dagbag.py:536} INFO - Filling up the DagBag from /home/airflow/.local/lib/python3.8/site-packages/airflow/example_dags/example_dag_decorator.py
[2023-11-08T22:23:38.492+0000] {processor.py:839} INFO - DAG(s) dict_keys(['example_dag_decorator']) retrieved from /home/airflow/.local/lib/python3.8/site-packages/airflow/example_dags/example_dag_decorator.py
[2023-11-08T22:23:38.546+0000] {logging_mixin.py:154} INFO - [2023-11-08T22:23:38.546+0000] {dag.py:2941} INFO - Sync 1 DAGs
[2023-11-08T22:23:38.552+0000] {logging_mixin.py:154} INFO - [2023-11-08T22:23:38.552+0000] {dag.py:3722} INFO - Setting next_dagrun for example_dag_decorator to None, run_after=None
[2023-11-08T22:23:38.570+0000] {processor.py:179} INFO - Processing /home/airflow/.local/lib/python3.8/site-packages/airflow/example_dags/example_dag_decorator.py took 0.211 seconds
[2023-11-08T22:24:09.088+0000] {processor.py:157} INFO - Started process (PID=1371) to work on /home/airflow/.local/lib/python3.8/site-packages/airflow/example_dags/example_dag_decorator.py
[2023-11-08T22:24:09.096+0000] {processor.py:829} INFO - Processing file /home/airflow/.local/lib/python3.8/site-packages/airflow/example_dags/example_dag_decorator.py for tasks to queue
[2023-11-08T22:24:09.098+0000] {logging_mixin.py:154} INFO - [2023-11-08T22:24:09.098+0000] {dagbag.py:536} INFO - Filling up the DagBag from /home/airflow/.local/lib/python3.8/site-packages/airflow/example_dags/example_dag_decorator.py
[2023-11-08T22:24:09.228+0000] {processor.py:839} INFO - DAG(s) dict_keys(['example_dag_decorator']) retrieved from /home/airflow/.local/lib/python3.8/site-packages/airflow/example_dags/example_dag_decorator.py
[2023-11-08T22:24:09.282+0000] {logging_mixin.py:154} INFO - [2023-11-08T22:24:09.281+0000] {dag.py:2941} INFO - Sync 1 DAGs
[2023-11-08T22:24:09.287+0000] {logging_mixin.py:154} INFO - [2023-11-08T22:24:09.287+0000] {dag.py:3722} INFO - Setting next_dagrun for example_dag_decorator to None, run_after=None
[2023-11-08T22:24:09.309+0000] {processor.py:179} INFO - Processing /home/airflow/.local/lib/python3.8/site-packages/airflow/example_dags/example_dag_decorator.py took 0.223 seconds
[2023-11-08T22:24:40.062+0000] {processor.py:157} INFO - Started process (PID=1425) to work on /home/airflow/.local/lib/python3.8/site-packages/airflow/example_dags/example_dag_decorator.py
[2023-11-08T22:24:40.063+0000] {processor.py:829} INFO - Processing file /home/airflow/.local/lib/python3.8/site-packages/airflow/example_dags/example_dag_decorator.py for tasks to queue
[2023-11-08T22:24:40.064+0000] {logging_mixin.py:154} INFO - [2023-11-08T22:24:40.064+0000] {dagbag.py:536} INFO - Filling up the DagBag from /home/airflow/.local/lib/python3.8/site-packages/airflow/example_dags/example_dag_decorator.py
[2023-11-08T22:24:40.101+0000] {processor.py:839} INFO - DAG(s) dict_keys(['example_dag_decorator']) retrieved from /home/airflow/.local/lib/python3.8/site-packages/airflow/example_dags/example_dag_decorator.py
[2023-11-08T22:24:40.249+0000] {logging_mixin.py:154} INFO - [2023-11-08T22:24:40.248+0000] {dag.py:2941} INFO - Sync 1 DAGs
[2023-11-08T22:24:40.254+0000] {logging_mixin.py:154} INFO - [2023-11-08T22:24:40.254+0000] {dag.py:3722} INFO - Setting next_dagrun for example_dag_decorator to None, run_after=None
[2023-11-08T22:24:40.273+0000] {processor.py:179} INFO - Processing /home/airflow/.local/lib/python3.8/site-packages/airflow/example_dags/example_dag_decorator.py took 0.213 seconds
[2023-11-08T22:25:10.577+0000] {processor.py:157} INFO - Started process (PID=1479) to work on /home/airflow/.local/lib/python3.8/site-packages/airflow/example_dags/example_dag_decorator.py
[2023-11-08T22:25:10.585+0000] {processor.py:829} INFO - Processing file /home/airflow/.local/lib/python3.8/site-packages/airflow/example_dags/example_dag_decorator.py for tasks to queue
[2023-11-08T22:25:10.586+0000] {logging_mixin.py:154} INFO - [2023-11-08T22:25:10.586+0000] {dagbag.py:536} INFO - Filling up the DagBag from /home/airflow/.local/lib/python3.8/site-packages/airflow/example_dags/example_dag_decorator.py
[2023-11-08T22:25:10.715+0000] {processor.py:839} INFO - DAG(s) dict_keys(['example_dag_decorator']) retrieved from /home/airflow/.local/lib/python3.8/site-packages/airflow/example_dags/example_dag_decorator.py
[2023-11-08T22:25:10.769+0000] {logging_mixin.py:154} INFO - [2023-11-08T22:25:10.769+0000] {dag.py:2941} INFO - Sync 1 DAGs
[2023-11-08T22:25:10.775+0000] {logging_mixin.py:154} INFO - [2023-11-08T22:25:10.775+0000] {dag.py:3722} INFO - Setting next_dagrun for example_dag_decorator to None, run_after=None
[2023-11-08T22:25:10.794+0000] {processor.py:179} INFO - Processing /home/airflow/.local/lib/python3.8/site-packages/airflow/example_dags/example_dag_decorator.py took 0.219 seconds
[2023-11-08T22:25:41.105+0000] {processor.py:157} INFO - Started process (PID=1533) to work on /home/airflow/.local/lib/python3.8/site-packages/airflow/example_dags/example_dag_decorator.py
[2023-11-08T22:25:41.113+0000] {processor.py:829} INFO - Processing file /home/airflow/.local/lib/python3.8/site-packages/airflow/example_dags/example_dag_decorator.py for tasks to queue
[2023-11-08T22:25:41.115+0000] {logging_mixin.py:154} INFO - [2023-11-08T22:25:41.115+0000] {dagbag.py:536} INFO - Filling up the DagBag from /home/airflow/.local/lib/python3.8/site-packages/airflow/example_dags/example_dag_decorator.py
[2023-11-08T22:25:41.159+0000] {processor.py:839} INFO - DAG(s) dict_keys(['example_dag_decorator']) retrieved from /home/airflow/.local/lib/python3.8/site-packages/airflow/example_dags/example_dag_decorator.py
[2023-11-08T22:25:41.216+0000] {logging_mixin.py:154} INFO - [2023-11-08T22:25:41.216+0000] {dag.py:2941} INFO - Sync 1 DAGs
[2023-11-08T22:25:41.222+0000] {logging_mixin.py:154} INFO - [2023-11-08T22:25:41.222+0000] {dag.py:3722} INFO - Setting next_dagrun for example_dag_decorator to None, run_after=None
[2023-11-08T22:25:41.241+0000] {processor.py:179} INFO - Processing /home/airflow/.local/lib/python3.8/site-packages/airflow/example_dags/example_dag_decorator.py took 0.140 seconds
[2023-11-08T22:26:11.767+0000] {processor.py:157} INFO - Started process (PID=1587) to work on /home/airflow/.local/lib/python3.8/site-packages/airflow/example_dags/example_dag_decorator.py
[2023-11-08T22:26:11.776+0000] {processor.py:829} INFO - Processing file /home/airflow/.local/lib/python3.8/site-packages/airflow/example_dags/example_dag_decorator.py for tasks to queue
[2023-11-08T22:26:11.778+0000] {logging_mixin.py:154} INFO - [2023-11-08T22:26:11.778+0000] {dagbag.py:536} INFO - Filling up the DagBag from /home/airflow/.local/lib/python3.8/site-packages/airflow/example_dags/example_dag_decorator.py
[2023-11-08T22:26:11.821+0000] {processor.py:839} INFO - DAG(s) dict_keys(['example_dag_decorator']) retrieved from /home/airflow/.local/lib/python3.8/site-packages/airflow/example_dags/example_dag_decorator.py
[2023-11-08T22:26:11.879+0000] {logging_mixin.py:154} INFO - [2023-11-08T22:26:11.879+0000] {dag.py:2941} INFO - Sync 1 DAGs
[2023-11-08T22:26:11.885+0000] {logging_mixin.py:154} INFO - [2023-11-08T22:26:11.885+0000] {dag.py:3722} INFO - Setting next_dagrun for example_dag_decorator to None, run_after=None
[2023-11-08T22:26:11.903+0000] {processor.py:179} INFO - Processing /home/airflow/.local/lib/python3.8/site-packages/airflow/example_dags/example_dag_decorator.py took 0.140 seconds
[2023-11-08T22:26:42.350+0000] {processor.py:157} INFO - Started process (PID=1641) to work on /home/airflow/.local/lib/python3.8/site-packages/airflow/example_dags/example_dag_decorator.py
[2023-11-08T22:26:42.351+0000] {processor.py:829} INFO - Processing file /home/airflow/.local/lib/python3.8/site-packages/airflow/example_dags/example_dag_decorator.py for tasks to queue
[2023-11-08T22:26:42.352+0000] {logging_mixin.py:154} INFO - [2023-11-08T22:26:42.352+0000] {dagbag.py:536} INFO - Filling up the DagBag from /home/airflow/.local/lib/python3.8/site-packages/airflow/example_dags/example_dag_decorator.py
[2023-11-08T22:26:42.395+0000] {processor.py:839} INFO - DAG(s) dict_keys(['example_dag_decorator']) retrieved from /home/airflow/.local/lib/python3.8/site-packages/airflow/example_dags/example_dag_decorator.py
[2023-11-08T22:26:42.409+0000] {logging_mixin.py:154} INFO - [2023-11-08T22:26:42.409+0000] {dag.py:2941} INFO - Sync 1 DAGs
[2023-11-08T22:26:42.417+0000] {logging_mixin.py:154} INFO - [2023-11-08T22:26:42.417+0000] {dag.py:3722} INFO - Setting next_dagrun for example_dag_decorator to None, run_after=None
[2023-11-08T22:26:42.428+0000] {processor.py:179} INFO - Processing /home/airflow/.local/lib/python3.8/site-packages/airflow/example_dags/example_dag_decorator.py took 0.080 seconds
[2023-11-08T22:27:17.461+0000] {processor.py:157} INFO - Started process (PID=70) to work on /home/airflow/.local/lib/python3.8/site-packages/airflow/example_dags/example_dag_decorator.py
[2023-11-08T22:27:17.462+0000] {processor.py:829} INFO - Processing file /home/airflow/.local/lib/python3.8/site-packages/airflow/example_dags/example_dag_decorator.py for tasks to queue
[2023-11-08T22:27:17.464+0000] {logging_mixin.py:154} INFO - [2023-11-08T22:27:17.463+0000] {dagbag.py:536} INFO - Filling up the DagBag from /home/airflow/.local/lib/python3.8/site-packages/airflow/example_dags/example_dag_decorator.py
[2023-11-08T22:27:17.526+0000] {processor.py:839} INFO - DAG(s) dict_keys(['example_dag_decorator']) retrieved from /home/airflow/.local/lib/python3.8/site-packages/airflow/example_dags/example_dag_decorator.py
[2023-11-08T22:27:17.534+0000] {logging_mixin.py:154} INFO - [2023-11-08T22:27:17.534+0000] {dag.py:2941} INFO - Sync 1 DAGs
[2023-11-08T22:27:17.546+0000] {logging_mixin.py:154} INFO - [2023-11-08T22:27:17.545+0000] {dag.py:3722} INFO - Setting next_dagrun for example_dag_decorator to None, run_after=None
[2023-11-08T22:27:17.561+0000] {processor.py:179} INFO - Processing /home/airflow/.local/lib/python3.8/site-packages/airflow/example_dags/example_dag_decorator.py took 0.101 seconds
[2023-11-08T22:27:48.486+0000] {processor.py:157} INFO - Started process (PID=124) to work on /home/airflow/.local/lib/python3.8/site-packages/airflow/example_dags/example_dag_decorator.py
[2023-11-08T22:27:48.486+0000] {processor.py:829} INFO - Processing file /home/airflow/.local/lib/python3.8/site-packages/airflow/example_dags/example_dag_decorator.py for tasks to queue
[2023-11-08T22:27:48.488+0000] {logging_mixin.py:154} INFO - [2023-11-08T22:27:48.487+0000] {dagbag.py:536} INFO - Filling up the DagBag from /home/airflow/.local/lib/python3.8/site-packages/airflow/example_dags/example_dag_decorator.py
[2023-11-08T22:27:48.537+0000] {processor.py:839} INFO - DAG(s) dict_keys(['example_dag_decorator']) retrieved from /home/airflow/.local/lib/python3.8/site-packages/airflow/example_dags/example_dag_decorator.py
[2023-11-08T22:27:48.602+0000] {logging_mixin.py:154} INFO - [2023-11-08T22:27:48.602+0000] {dag.py:2941} INFO - Sync 1 DAGs
[2023-11-08T22:27:48.609+0000] {logging_mixin.py:154} INFO - [2023-11-08T22:27:48.609+0000] {dag.py:3722} INFO - Setting next_dagrun for example_dag_decorator to None, run_after=None
[2023-11-08T22:27:48.621+0000] {processor.py:179} INFO - Processing /home/airflow/.local/lib/python3.8/site-packages/airflow/example_dags/example_dag_decorator.py took 0.137 seconds
[2023-11-08T22:28:18.685+0000] {processor.py:157} INFO - Started process (PID=178) to work on /home/airflow/.local/lib/python3.8/site-packages/airflow/example_dags/example_dag_decorator.py
[2023-11-08T22:28:18.685+0000] {processor.py:829} INFO - Processing file /home/airflow/.local/lib/python3.8/site-packages/airflow/example_dags/example_dag_decorator.py for tasks to queue
[2023-11-08T22:28:18.687+0000] {logging_mixin.py:154} INFO - [2023-11-08T22:28:18.686+0000] {dagbag.py:536} INFO - Filling up the DagBag from /home/airflow/.local/lib/python3.8/site-packages/airflow/example_dags/example_dag_decorator.py
[2023-11-08T22:28:18.741+0000] {processor.py:839} INFO - DAG(s) dict_keys(['example_dag_decorator']) retrieved from /home/airflow/.local/lib/python3.8/site-packages/airflow/example_dags/example_dag_decorator.py
[2023-11-08T22:28:18.817+0000] {logging_mixin.py:154} INFO - [2023-11-08T22:28:18.816+0000] {dag.py:2941} INFO - Sync 1 DAGs
[2023-11-08T22:28:18.824+0000] {logging_mixin.py:154} INFO - [2023-11-08T22:28:18.824+0000] {dag.py:3722} INFO - Setting next_dagrun for example_dag_decorator to None, run_after=None
[2023-11-08T22:28:18.839+0000] {processor.py:179} INFO - Processing /home/airflow/.local/lib/python3.8/site-packages/airflow/example_dags/example_dag_decorator.py took 0.156 seconds
[2023-11-08T22:28:49.580+0000] {processor.py:157} INFO - Started process (PID=232) to work on /home/airflow/.local/lib/python3.8/site-packages/airflow/example_dags/example_dag_decorator.py
[2023-11-08T22:28:49.581+0000] {processor.py:829} INFO - Processing file /home/airflow/.local/lib/python3.8/site-packages/airflow/example_dags/example_dag_decorator.py for tasks to queue
[2023-11-08T22:28:49.582+0000] {logging_mixin.py:154} INFO - [2023-11-08T22:28:49.582+0000] {dagbag.py:536} INFO - Filling up the DagBag from /home/airflow/.local/lib/python3.8/site-packages/airflow/example_dags/example_dag_decorator.py
[2023-11-08T22:28:49.623+0000] {processor.py:839} INFO - DAG(s) dict_keys(['example_dag_decorator']) retrieved from /home/airflow/.local/lib/python3.8/site-packages/airflow/example_dags/example_dag_decorator.py
[2023-11-08T22:28:49.683+0000] {logging_mixin.py:154} INFO - [2023-11-08T22:28:49.683+0000] {dag.py:2941} INFO - Sync 1 DAGs
[2023-11-08T22:28:49.690+0000] {logging_mixin.py:154} INFO - [2023-11-08T22:28:49.690+0000] {dag.py:3722} INFO - Setting next_dagrun for example_dag_decorator to None, run_after=None
[2023-11-08T22:28:49.701+0000] {processor.py:179} INFO - Processing /home/airflow/.local/lib/python3.8/site-packages/airflow/example_dags/example_dag_decorator.py took 0.123 seconds
[2023-11-08T22:29:20.414+0000] {processor.py:157} INFO - Started process (PID=286) to work on /home/airflow/.local/lib/python3.8/site-packages/airflow/example_dags/example_dag_decorator.py
[2023-11-08T22:29:20.415+0000] {processor.py:829} INFO - Processing file /home/airflow/.local/lib/python3.8/site-packages/airflow/example_dags/example_dag_decorator.py for tasks to queue
[2023-11-08T22:29:20.416+0000] {logging_mixin.py:154} INFO - [2023-11-08T22:29:20.416+0000] {dagbag.py:536} INFO - Filling up the DagBag from /home/airflow/.local/lib/python3.8/site-packages/airflow/example_dags/example_dag_decorator.py
[2023-11-08T22:29:20.458+0000] {processor.py:839} INFO - DAG(s) dict_keys(['example_dag_decorator']) retrieved from /home/airflow/.local/lib/python3.8/site-packages/airflow/example_dags/example_dag_decorator.py
[2023-11-08T22:29:20.521+0000] {logging_mixin.py:154} INFO - [2023-11-08T22:29:20.521+0000] {dag.py:2941} INFO - Sync 1 DAGs
[2023-11-08T22:29:20.528+0000] {logging_mixin.py:154} INFO - [2023-11-08T22:29:20.527+0000] {dag.py:3722} INFO - Setting next_dagrun for example_dag_decorator to None, run_after=None
[2023-11-08T22:29:20.543+0000] {processor.py:179} INFO - Processing /home/airflow/.local/lib/python3.8/site-packages/airflow/example_dags/example_dag_decorator.py took 0.131 seconds
[2023-11-08T22:29:50.566+0000] {processor.py:157} INFO - Started process (PID=341) to work on /home/airflow/.local/lib/python3.8/site-packages/airflow/example_dags/example_dag_decorator.py
[2023-11-08T22:29:50.567+0000] {processor.py:829} INFO - Processing file /home/airflow/.local/lib/python3.8/site-packages/airflow/example_dags/example_dag_decorator.py for tasks to queue
[2023-11-08T22:29:50.568+0000] {logging_mixin.py:154} INFO - [2023-11-08T22:29:50.568+0000] {dagbag.py:536} INFO - Filling up the DagBag from /home/airflow/.local/lib/python3.8/site-packages/airflow/example_dags/example_dag_decorator.py
[2023-11-08T22:29:50.609+0000] {processor.py:839} INFO - DAG(s) dict_keys(['example_dag_decorator']) retrieved from /home/airflow/.local/lib/python3.8/site-packages/airflow/example_dags/example_dag_decorator.py
[2023-11-08T22:29:50.685+0000] {logging_mixin.py:154} INFO - [2023-11-08T22:29:50.685+0000] {dag.py:2941} INFO - Sync 1 DAGs
[2023-11-08T22:29:50.692+0000] {logging_mixin.py:154} INFO - [2023-11-08T22:29:50.692+0000] {dag.py:3722} INFO - Setting next_dagrun for example_dag_decorator to None, run_after=None
[2023-11-08T22:29:50.704+0000] {processor.py:179} INFO - Processing /home/airflow/.local/lib/python3.8/site-packages/airflow/example_dags/example_dag_decorator.py took 0.140 seconds
[2023-11-08T22:30:21.230+0000] {processor.py:157} INFO - Started process (PID=395) to work on /home/airflow/.local/lib/python3.8/site-packages/airflow/example_dags/example_dag_decorator.py
[2023-11-08T22:30:21.231+0000] {processor.py:829} INFO - Processing file /home/airflow/.local/lib/python3.8/site-packages/airflow/example_dags/example_dag_decorator.py for tasks to queue
[2023-11-08T22:30:21.232+0000] {logging_mixin.py:154} INFO - [2023-11-08T22:30:21.232+0000] {dagbag.py:536} INFO - Filling up the DagBag from /home/airflow/.local/lib/python3.8/site-packages/airflow/example_dags/example_dag_decorator.py
[2023-11-08T22:30:21.278+0000] {processor.py:839} INFO - DAG(s) dict_keys(['example_dag_decorator']) retrieved from /home/airflow/.local/lib/python3.8/site-packages/airflow/example_dags/example_dag_decorator.py
[2023-11-08T22:30:21.343+0000] {logging_mixin.py:154} INFO - [2023-11-08T22:30:21.342+0000] {dag.py:2941} INFO - Sync 1 DAGs
[2023-11-08T22:30:21.349+0000] {logging_mixin.py:154} INFO - [2023-11-08T22:30:21.349+0000] {dag.py:3722} INFO - Setting next_dagrun for example_dag_decorator to None, run_after=None
[2023-11-08T22:30:21.360+0000] {processor.py:179} INFO - Processing /home/airflow/.local/lib/python3.8/site-packages/airflow/example_dags/example_dag_decorator.py took 0.132 seconds
[2023-11-08T22:30:52.028+0000] {processor.py:157} INFO - Started process (PID=449) to work on /home/airflow/.local/lib/python3.8/site-packages/airflow/example_dags/example_dag_decorator.py
[2023-11-08T22:30:52.028+0000] {processor.py:829} INFO - Processing file /home/airflow/.local/lib/python3.8/site-packages/airflow/example_dags/example_dag_decorator.py for tasks to queue
[2023-11-08T22:30:52.030+0000] {logging_mixin.py:154} INFO - [2023-11-08T22:30:52.030+0000] {dagbag.py:536} INFO - Filling up the DagBag from /home/airflow/.local/lib/python3.8/site-packages/airflow/example_dags/example_dag_decorator.py
[2023-11-08T22:30:52.073+0000] {processor.py:839} INFO - DAG(s) dict_keys(['example_dag_decorator']) retrieved from /home/airflow/.local/lib/python3.8/site-packages/airflow/example_dags/example_dag_decorator.py
[2023-11-08T22:30:52.137+0000] {logging_mixin.py:154} INFO - [2023-11-08T22:30:52.137+0000] {dag.py:2941} INFO - Sync 1 DAGs
[2023-11-08T22:30:52.144+0000] {logging_mixin.py:154} INFO - [2023-11-08T22:30:52.144+0000] {dag.py:3722} INFO - Setting next_dagrun for example_dag_decorator to None, run_after=None
[2023-11-08T22:30:52.155+0000] {processor.py:179} INFO - Processing /home/airflow/.local/lib/python3.8/site-packages/airflow/example_dags/example_dag_decorator.py took 0.129 seconds
[2023-11-08T22:31:22.212+0000] {processor.py:157} INFO - Started process (PID=504) to work on /home/airflow/.local/lib/python3.8/site-packages/airflow/example_dags/example_dag_decorator.py
[2023-11-08T22:31:22.213+0000] {processor.py:829} INFO - Processing file /home/airflow/.local/lib/python3.8/site-packages/airflow/example_dags/example_dag_decorator.py for tasks to queue
[2023-11-08T22:31:22.214+0000] {logging_mixin.py:154} INFO - [2023-11-08T22:31:22.214+0000] {dagbag.py:536} INFO - Filling up the DagBag from /home/airflow/.local/lib/python3.8/site-packages/airflow/example_dags/example_dag_decorator.py
[2023-11-08T22:31:22.258+0000] {processor.py:839} INFO - DAG(s) dict_keys(['example_dag_decorator']) retrieved from /home/airflow/.local/lib/python3.8/site-packages/airflow/example_dags/example_dag_decorator.py
[2023-11-08T22:31:22.322+0000] {logging_mixin.py:154} INFO - [2023-11-08T22:31:22.322+0000] {dag.py:2941} INFO - Sync 1 DAGs
[2023-11-08T22:31:22.329+0000] {logging_mixin.py:154} INFO - [2023-11-08T22:31:22.329+0000] {dag.py:3722} INFO - Setting next_dagrun for example_dag_decorator to None, run_after=None
[2023-11-08T22:31:22.343+0000] {processor.py:179} INFO - Processing /home/airflow/.local/lib/python3.8/site-packages/airflow/example_dags/example_dag_decorator.py took 0.133 seconds
[2023-11-08T22:31:52.362+0000] {processor.py:157} INFO - Started process (PID=558) to work on /home/airflow/.local/lib/python3.8/site-packages/airflow/example_dags/example_dag_decorator.py
[2023-11-08T22:31:52.363+0000] {processor.py:829} INFO - Processing file /home/airflow/.local/lib/python3.8/site-packages/airflow/example_dags/example_dag_decorator.py for tasks to queue
[2023-11-08T22:31:52.364+0000] {logging_mixin.py:154} INFO - [2023-11-08T22:31:52.364+0000] {dagbag.py:536} INFO - Filling up the DagBag from /home/airflow/.local/lib/python3.8/site-packages/airflow/example_dags/example_dag_decorator.py
[2023-11-08T22:31:52.406+0000] {processor.py:839} INFO - DAG(s) dict_keys(['example_dag_decorator']) retrieved from /home/airflow/.local/lib/python3.8/site-packages/airflow/example_dags/example_dag_decorator.py
[2023-11-08T22:31:52.475+0000] {logging_mixin.py:154} INFO - [2023-11-08T22:31:52.475+0000] {dag.py:2941} INFO - Sync 1 DAGs
[2023-11-08T22:31:52.482+0000] {logging_mixin.py:154} INFO - [2023-11-08T22:31:52.482+0000] {dag.py:3722} INFO - Setting next_dagrun for example_dag_decorator to None, run_after=None
[2023-11-08T22:31:52.494+0000] {processor.py:179} INFO - Processing /home/airflow/.local/lib/python3.8/site-packages/airflow/example_dags/example_dag_decorator.py took 0.134 seconds
[2023-11-08T22:32:23.295+0000] {processor.py:157} INFO - Started process (PID=612) to work on /home/airflow/.local/lib/python3.8/site-packages/airflow/example_dags/example_dag_decorator.py
[2023-11-08T22:32:23.296+0000] {processor.py:829} INFO - Processing file /home/airflow/.local/lib/python3.8/site-packages/airflow/example_dags/example_dag_decorator.py for tasks to queue
[2023-11-08T22:32:23.297+0000] {logging_mixin.py:154} INFO - [2023-11-08T22:32:23.297+0000] {dagbag.py:536} INFO - Filling up the DagBag from /home/airflow/.local/lib/python3.8/site-packages/airflow/example_dags/example_dag_decorator.py
[2023-11-08T22:32:23.352+0000] {processor.py:839} INFO - DAG(s) dict_keys(['example_dag_decorator']) retrieved from /home/airflow/.local/lib/python3.8/site-packages/airflow/example_dags/example_dag_decorator.py
[2023-11-08T22:32:23.427+0000] {logging_mixin.py:154} INFO - [2023-11-08T22:32:23.427+0000] {dag.py:2941} INFO - Sync 1 DAGs
[2023-11-08T22:32:23.434+0000] {logging_mixin.py:154} INFO - [2023-11-08T22:32:23.434+0000] {dag.py:3722} INFO - Setting next_dagrun for example_dag_decorator to None, run_after=None
[2023-11-08T22:32:23.446+0000] {processor.py:179} INFO - Processing /home/airflow/.local/lib/python3.8/site-packages/airflow/example_dags/example_dag_decorator.py took 0.153 seconds
[2023-11-08T22:32:54.313+0000] {processor.py:157} INFO - Started process (PID=667) to work on /home/airflow/.local/lib/python3.8/site-packages/airflow/example_dags/example_dag_decorator.py
[2023-11-08T22:32:54.313+0000] {processor.py:829} INFO - Processing file /home/airflow/.local/lib/python3.8/site-packages/airflow/example_dags/example_dag_decorator.py for tasks to queue
[2023-11-08T22:32:54.315+0000] {logging_mixin.py:154} INFO - [2023-11-08T22:32:54.315+0000] {dagbag.py:536} INFO - Filling up the DagBag from /home/airflow/.local/lib/python3.8/site-packages/airflow/example_dags/example_dag_decorator.py
[2023-11-08T22:32:54.357+0000] {processor.py:839} INFO - DAG(s) dict_keys(['example_dag_decorator']) retrieved from /home/airflow/.local/lib/python3.8/site-packages/airflow/example_dags/example_dag_decorator.py
[2023-11-08T22:32:54.421+0000] {logging_mixin.py:154} INFO - [2023-11-08T22:32:54.421+0000] {dag.py:2941} INFO - Sync 1 DAGs
[2023-11-08T22:32:54.428+0000] {logging_mixin.py:154} INFO - [2023-11-08T22:32:54.428+0000] {dag.py:3722} INFO - Setting next_dagrun for example_dag_decorator to None, run_after=None
[2023-11-08T22:32:54.440+0000] {processor.py:179} INFO - Processing /home/airflow/.local/lib/python3.8/site-packages/airflow/example_dags/example_dag_decorator.py took 0.130 seconds
[2023-11-08T22:33:24.572+0000] {processor.py:157} INFO - Started process (PID=722) to work on /home/airflow/.local/lib/python3.8/site-packages/airflow/example_dags/example_dag_decorator.py
[2023-11-08T22:33:24.572+0000] {processor.py:829} INFO - Processing file /home/airflow/.local/lib/python3.8/site-packages/airflow/example_dags/example_dag_decorator.py for tasks to queue
[2023-11-08T22:33:24.573+0000] {logging_mixin.py:154} INFO - [2023-11-08T22:33:24.573+0000] {dagbag.py:536} INFO - Filling up the DagBag from /home/airflow/.local/lib/python3.8/site-packages/airflow/example_dags/example_dag_decorator.py
[2023-11-08T22:33:24.618+0000] {processor.py:839} INFO - DAG(s) dict_keys(['example_dag_decorator']) retrieved from /home/airflow/.local/lib/python3.8/site-packages/airflow/example_dags/example_dag_decorator.py
[2023-11-08T22:33:24.679+0000] {logging_mixin.py:154} INFO - [2023-11-08T22:33:24.679+0000] {dag.py:2941} INFO - Sync 1 DAGs
[2023-11-08T22:33:24.687+0000] {logging_mixin.py:154} INFO - [2023-11-08T22:33:24.686+0000] {dag.py:3722} INFO - Setting next_dagrun for example_dag_decorator to None, run_after=None
[2023-11-08T22:33:24.698+0000] {processor.py:179} INFO - Processing /home/airflow/.local/lib/python3.8/site-packages/airflow/example_dags/example_dag_decorator.py took 0.128 seconds
[2023-11-08T22:33:55.483+0000] {processor.py:157} INFO - Started process (PID=777) to work on /home/airflow/.local/lib/python3.8/site-packages/airflow/example_dags/example_dag_decorator.py
[2023-11-08T22:33:55.483+0000] {processor.py:829} INFO - Processing file /home/airflow/.local/lib/python3.8/site-packages/airflow/example_dags/example_dag_decorator.py for tasks to queue
[2023-11-08T22:33:55.484+0000] {logging_mixin.py:154} INFO - [2023-11-08T22:33:55.484+0000] {dagbag.py:536} INFO - Filling up the DagBag from /home/airflow/.local/lib/python3.8/site-packages/airflow/example_dags/example_dag_decorator.py
[2023-11-08T22:33:55.527+0000] {processor.py:839} INFO - DAG(s) dict_keys(['example_dag_decorator']) retrieved from /home/airflow/.local/lib/python3.8/site-packages/airflow/example_dags/example_dag_decorator.py
[2023-11-08T22:33:55.588+0000] {logging_mixin.py:154} INFO - [2023-11-08T22:33:55.588+0000] {dag.py:2941} INFO - Sync 1 DAGs
[2023-11-08T22:33:55.596+0000] {logging_mixin.py:154} INFO - [2023-11-08T22:33:55.595+0000] {dag.py:3722} INFO - Setting next_dagrun for example_dag_decorator to None, run_after=None
[2023-11-08T22:33:55.608+0000] {processor.py:179} INFO - Processing /home/airflow/.local/lib/python3.8/site-packages/airflow/example_dags/example_dag_decorator.py took 0.128 seconds
[2023-11-08T22:34:26.074+0000] {processor.py:157} INFO - Started process (PID=832) to work on /home/airflow/.local/lib/python3.8/site-packages/airflow/example_dags/example_dag_decorator.py
[2023-11-08T22:34:26.074+0000] {processor.py:829} INFO - Processing file /home/airflow/.local/lib/python3.8/site-packages/airflow/example_dags/example_dag_decorator.py for tasks to queue
[2023-11-08T22:34:26.075+0000] {logging_mixin.py:154} INFO - [2023-11-08T22:34:26.075+0000] {dagbag.py:536} INFO - Filling up the DagBag from /home/airflow/.local/lib/python3.8/site-packages/airflow/example_dags/example_dag_decorator.py
[2023-11-08T22:34:26.114+0000] {processor.py:839} INFO - DAG(s) dict_keys(['example_dag_decorator']) retrieved from /home/airflow/.local/lib/python3.8/site-packages/airflow/example_dags/example_dag_decorator.py
[2023-11-08T22:34:26.172+0000] {logging_mixin.py:154} INFO - [2023-11-08T22:34:26.171+0000] {dag.py:2941} INFO - Sync 1 DAGs
[2023-11-08T22:34:26.178+0000] {logging_mixin.py:154} INFO - [2023-11-08T22:34:26.178+0000] {dag.py:3722} INFO - Setting next_dagrun for example_dag_decorator to None, run_after=None
[2023-11-08T22:34:26.188+0000] {processor.py:179} INFO - Processing /home/airflow/.local/lib/python3.8/site-packages/airflow/example_dags/example_dag_decorator.py took 0.117 seconds
[2023-11-08T22:34:56.627+0000] {processor.py:157} INFO - Started process (PID=887) to work on /home/airflow/.local/lib/python3.8/site-packages/airflow/example_dags/example_dag_decorator.py
[2023-11-08T22:34:56.628+0000] {processor.py:829} INFO - Processing file /home/airflow/.local/lib/python3.8/site-packages/airflow/example_dags/example_dag_decorator.py for tasks to queue
[2023-11-08T22:34:56.629+0000] {logging_mixin.py:154} INFO - [2023-11-08T22:34:56.629+0000] {dagbag.py:536} INFO - Filling up the DagBag from /home/airflow/.local/lib/python3.8/site-packages/airflow/example_dags/example_dag_decorator.py
[2023-11-08T22:34:56.676+0000] {processor.py:839} INFO - DAG(s) dict_keys(['example_dag_decorator']) retrieved from /home/airflow/.local/lib/python3.8/site-packages/airflow/example_dags/example_dag_decorator.py
[2023-11-08T22:34:56.758+0000] {logging_mixin.py:154} INFO - [2023-11-08T22:34:56.757+0000] {dag.py:2941} INFO - Sync 1 DAGs
[2023-11-08T22:34:56.764+0000] {logging_mixin.py:154} INFO - [2023-11-08T22:34:56.763+0000] {dag.py:3722} INFO - Setting next_dagrun for example_dag_decorator to None, run_after=None
[2023-11-08T22:34:56.775+0000] {processor.py:179} INFO - Processing /home/airflow/.local/lib/python3.8/site-packages/airflow/example_dags/example_dag_decorator.py took 0.150 seconds
[2023-11-08T22:35:27.492+0000] {processor.py:157} INFO - Started process (PID=942) to work on /home/airflow/.local/lib/python3.8/site-packages/airflow/example_dags/example_dag_decorator.py
[2023-11-08T22:35:27.492+0000] {processor.py:829} INFO - Processing file /home/airflow/.local/lib/python3.8/site-packages/airflow/example_dags/example_dag_decorator.py for tasks to queue
[2023-11-08T22:35:27.493+0000] {logging_mixin.py:154} INFO - [2023-11-08T22:35:27.493+0000] {dagbag.py:536} INFO - Filling up the DagBag from /home/airflow/.local/lib/python3.8/site-packages/airflow/example_dags/example_dag_decorator.py
[2023-11-08T22:35:27.533+0000] {processor.py:839} INFO - DAG(s) dict_keys(['example_dag_decorator']) retrieved from /home/airflow/.local/lib/python3.8/site-packages/airflow/example_dags/example_dag_decorator.py
[2023-11-08T22:35:27.592+0000] {logging_mixin.py:154} INFO - [2023-11-08T22:35:27.592+0000] {dag.py:2941} INFO - Sync 1 DAGs
[2023-11-08T22:35:27.600+0000] {logging_mixin.py:154} INFO - [2023-11-08T22:35:27.600+0000] {dag.py:3722} INFO - Setting next_dagrun for example_dag_decorator to None, run_after=None
[2023-11-08T22:35:27.702+0000] {processor.py:179} INFO - Processing /home/airflow/.local/lib/python3.8/site-packages/airflow/example_dags/example_dag_decorator.py took 0.212 seconds
[2023-11-08T22:35:58.450+0000] {processor.py:157} INFO - Started process (PID=997) to work on /home/airflow/.local/lib/python3.8/site-packages/airflow/example_dags/example_dag_decorator.py
[2023-11-08T22:35:58.450+0000] {processor.py:829} INFO - Processing file /home/airflow/.local/lib/python3.8/site-packages/airflow/example_dags/example_dag_decorator.py for tasks to queue
[2023-11-08T22:35:58.451+0000] {logging_mixin.py:154} INFO - [2023-11-08T22:35:58.451+0000] {dagbag.py:536} INFO - Filling up the DagBag from /home/airflow/.local/lib/python3.8/site-packages/airflow/example_dags/example_dag_decorator.py
[2023-11-08T22:35:58.490+0000] {processor.py:839} INFO - DAG(s) dict_keys(['example_dag_decorator']) retrieved from /home/airflow/.local/lib/python3.8/site-packages/airflow/example_dags/example_dag_decorator.py
[2023-11-08T22:35:58.550+0000] {logging_mixin.py:154} INFO - [2023-11-08T22:35:58.549+0000] {dag.py:2941} INFO - Sync 1 DAGs
[2023-11-08T22:35:58.557+0000] {logging_mixin.py:154} INFO - [2023-11-08T22:35:58.557+0000] {dag.py:3722} INFO - Setting next_dagrun for example_dag_decorator to None, run_after=None
[2023-11-08T22:35:58.568+0000] {processor.py:179} INFO - Processing /home/airflow/.local/lib/python3.8/site-packages/airflow/example_dags/example_dag_decorator.py took 0.120 seconds
[2023-11-08T22:36:29.029+0000] {processor.py:157} INFO - Started process (PID=1052) to work on /home/airflow/.local/lib/python3.8/site-packages/airflow/example_dags/example_dag_decorator.py
[2023-11-08T22:36:29.030+0000] {processor.py:829} INFO - Processing file /home/airflow/.local/lib/python3.8/site-packages/airflow/example_dags/example_dag_decorator.py for tasks to queue
[2023-11-08T22:36:29.031+0000] {logging_mixin.py:154} INFO - [2023-11-08T22:36:29.031+0000] {dagbag.py:536} INFO - Filling up the DagBag from /home/airflow/.local/lib/python3.8/site-packages/airflow/example_dags/example_dag_decorator.py
[2023-11-08T22:36:29.071+0000] {processor.py:839} INFO - DAG(s) dict_keys(['example_dag_decorator']) retrieved from /home/airflow/.local/lib/python3.8/site-packages/airflow/example_dags/example_dag_decorator.py
[2023-11-08T22:36:29.132+0000] {logging_mixin.py:154} INFO - [2023-11-08T22:36:29.132+0000] {dag.py:2941} INFO - Sync 1 DAGs
[2023-11-08T22:36:29.139+0000] {logging_mixin.py:154} INFO - [2023-11-08T22:36:29.138+0000] {dag.py:3722} INFO - Setting next_dagrun for example_dag_decorator to None, run_after=None
[2023-11-08T22:36:29.149+0000] {processor.py:179} INFO - Processing /home/airflow/.local/lib/python3.8/site-packages/airflow/example_dags/example_dag_decorator.py took 0.122 seconds
[2023-11-08T22:36:59.682+0000] {processor.py:157} INFO - Started process (PID=1109) to work on /home/airflow/.local/lib/python3.8/site-packages/airflow/example_dags/example_dag_decorator.py
[2023-11-08T22:36:59.682+0000] {processor.py:829} INFO - Processing file /home/airflow/.local/lib/python3.8/site-packages/airflow/example_dags/example_dag_decorator.py for tasks to queue
[2023-11-08T22:36:59.684+0000] {logging_mixin.py:154} INFO - [2023-11-08T22:36:59.683+0000] {dagbag.py:536} INFO - Filling up the DagBag from /home/airflow/.local/lib/python3.8/site-packages/airflow/example_dags/example_dag_decorator.py
[2023-11-08T22:36:59.728+0000] {processor.py:839} INFO - DAG(s) dict_keys(['example_dag_decorator']) retrieved from /home/airflow/.local/lib/python3.8/site-packages/airflow/example_dags/example_dag_decorator.py
[2023-11-08T22:36:59.790+0000] {logging_mixin.py:154} INFO - [2023-11-08T22:36:59.790+0000] {dag.py:2941} INFO - Sync 1 DAGs
[2023-11-08T22:36:59.797+0000] {logging_mixin.py:154} INFO - [2023-11-08T22:36:59.797+0000] {dag.py:3722} INFO - Setting next_dagrun for example_dag_decorator to None, run_after=None
[2023-11-08T22:36:59.900+0000] {processor.py:179} INFO - Processing /home/airflow/.local/lib/python3.8/site-packages/airflow/example_dags/example_dag_decorator.py took 0.220 seconds
[2023-11-08T22:37:30.497+0000] {processor.py:157} INFO - Started process (PID=1164) to work on /home/airflow/.local/lib/python3.8/site-packages/airflow/example_dags/example_dag_decorator.py
[2023-11-08T22:37:30.497+0000] {processor.py:829} INFO - Processing file /home/airflow/.local/lib/python3.8/site-packages/airflow/example_dags/example_dag_decorator.py for tasks to queue
[2023-11-08T22:37:30.498+0000] {logging_mixin.py:154} INFO - [2023-11-08T22:37:30.498+0000] {dagbag.py:536} INFO - Filling up the DagBag from /home/airflow/.local/lib/python3.8/site-packages/airflow/example_dags/example_dag_decorator.py
[2023-11-08T22:37:30.537+0000] {processor.py:839} INFO - DAG(s) dict_keys(['example_dag_decorator']) retrieved from /home/airflow/.local/lib/python3.8/site-packages/airflow/example_dags/example_dag_decorator.py
[2023-11-08T22:37:30.597+0000] {logging_mixin.py:154} INFO - [2023-11-08T22:37:30.597+0000] {dag.py:2941} INFO - Sync 1 DAGs
[2023-11-08T22:37:30.606+0000] {logging_mixin.py:154} INFO - [2023-11-08T22:37:30.606+0000] {dag.py:3722} INFO - Setting next_dagrun for example_dag_decorator to None, run_after=None
[2023-11-08T22:37:30.617+0000] {processor.py:179} INFO - Processing /home/airflow/.local/lib/python3.8/site-packages/airflow/example_dags/example_dag_decorator.py took 0.123 seconds
[2023-11-08T22:38:01.016+0000] {processor.py:157} INFO - Started process (PID=1219) to work on /home/airflow/.local/lib/python3.8/site-packages/airflow/example_dags/example_dag_decorator.py
[2023-11-08T22:38:01.016+0000] {processor.py:829} INFO - Processing file /home/airflow/.local/lib/python3.8/site-packages/airflow/example_dags/example_dag_decorator.py for tasks to queue
[2023-11-08T22:38:01.017+0000] {logging_mixin.py:154} INFO - [2023-11-08T22:38:01.017+0000] {dagbag.py:536} INFO - Filling up the DagBag from /home/airflow/.local/lib/python3.8/site-packages/airflow/example_dags/example_dag_decorator.py
[2023-11-08T22:38:01.059+0000] {processor.py:839} INFO - DAG(s) dict_keys(['example_dag_decorator']) retrieved from /home/airflow/.local/lib/python3.8/site-packages/airflow/example_dags/example_dag_decorator.py
[2023-11-08T22:38:01.122+0000] {logging_mixin.py:154} INFO - [2023-11-08T22:38:01.121+0000] {dag.py:2941} INFO - Sync 1 DAGs
[2023-11-08T22:38:01.130+0000] {logging_mixin.py:154} INFO - [2023-11-08T22:38:01.129+0000] {dag.py:3722} INFO - Setting next_dagrun for example_dag_decorator to None, run_after=None
[2023-11-08T22:38:01.141+0000] {processor.py:179} INFO - Processing /home/airflow/.local/lib/python3.8/site-packages/airflow/example_dags/example_dag_decorator.py took 0.127 seconds
[2023-11-08T22:38:31.619+0000] {processor.py:157} INFO - Started process (PID=1274) to work on /home/airflow/.local/lib/python3.8/site-packages/airflow/example_dags/example_dag_decorator.py
[2023-11-08T22:38:31.619+0000] {processor.py:829} INFO - Processing file /home/airflow/.local/lib/python3.8/site-packages/airflow/example_dags/example_dag_decorator.py for tasks to queue
[2023-11-08T22:38:31.620+0000] {logging_mixin.py:154} INFO - [2023-11-08T22:38:31.620+0000] {dagbag.py:536} INFO - Filling up the DagBag from /home/airflow/.local/lib/python3.8/site-packages/airflow/example_dags/example_dag_decorator.py
[2023-11-08T22:38:31.661+0000] {processor.py:839} INFO - DAG(s) dict_keys(['example_dag_decorator']) retrieved from /home/airflow/.local/lib/python3.8/site-packages/airflow/example_dags/example_dag_decorator.py
[2023-11-08T22:38:31.722+0000] {logging_mixin.py:154} INFO - [2023-11-08T22:38:31.722+0000] {dag.py:2941} INFO - Sync 1 DAGs
[2023-11-08T22:38:31.822+0000] {logging_mixin.py:154} INFO - [2023-11-08T22:38:31.822+0000] {dag.py:3722} INFO - Setting next_dagrun for example_dag_decorator to None, run_after=None
[2023-11-08T22:38:31.832+0000] {processor.py:179} INFO - Processing /home/airflow/.local/lib/python3.8/site-packages/airflow/example_dags/example_dag_decorator.py took 0.216 seconds
[2023-11-08T22:39:02.201+0000] {processor.py:157} INFO - Started process (PID=1330) to work on /home/airflow/.local/lib/python3.8/site-packages/airflow/example_dags/example_dag_decorator.py
[2023-11-08T22:39:02.201+0000] {processor.py:829} INFO - Processing file /home/airflow/.local/lib/python3.8/site-packages/airflow/example_dags/example_dag_decorator.py for tasks to queue
[2023-11-08T22:39:02.203+0000] {logging_mixin.py:154} INFO - [2023-11-08T22:39:02.202+0000] {dagbag.py:536} INFO - Filling up the DagBag from /home/airflow/.local/lib/python3.8/site-packages/airflow/example_dags/example_dag_decorator.py
[2023-11-08T22:39:02.242+0000] {processor.py:839} INFO - DAG(s) dict_keys(['example_dag_decorator']) retrieved from /home/airflow/.local/lib/python3.8/site-packages/airflow/example_dags/example_dag_decorator.py
[2023-11-08T22:39:02.314+0000] {logging_mixin.py:154} INFO - [2023-11-08T22:39:02.314+0000] {dag.py:2941} INFO - Sync 1 DAGs
[2023-11-08T22:39:02.320+0000] {logging_mixin.py:154} INFO - [2023-11-08T22:39:02.320+0000] {dag.py:3722} INFO - Setting next_dagrun for example_dag_decorator to None, run_after=None
[2023-11-08T22:39:02.330+0000] {processor.py:179} INFO - Processing /home/airflow/.local/lib/python3.8/site-packages/airflow/example_dags/example_dag_decorator.py took 0.131 seconds
[2023-11-08T22:39:32.783+0000] {processor.py:157} INFO - Started process (PID=1386) to work on /home/airflow/.local/lib/python3.8/site-packages/airflow/example_dags/example_dag_decorator.py
[2023-11-08T22:39:32.784+0000] {processor.py:829} INFO - Processing file /home/airflow/.local/lib/python3.8/site-packages/airflow/example_dags/example_dag_decorator.py for tasks to queue
[2023-11-08T22:39:32.785+0000] {logging_mixin.py:154} INFO - [2023-11-08T22:39:32.785+0000] {dagbag.py:536} INFO - Filling up the DagBag from /home/airflow/.local/lib/python3.8/site-packages/airflow/example_dags/example_dag_decorator.py
[2023-11-08T22:39:32.827+0000] {processor.py:839} INFO - DAG(s) dict_keys(['example_dag_decorator']) retrieved from /home/airflow/.local/lib/python3.8/site-packages/airflow/example_dags/example_dag_decorator.py
[2023-11-08T22:39:32.981+0000] {logging_mixin.py:154} INFO - [2023-11-08T22:39:32.981+0000] {dag.py:2941} INFO - Sync 1 DAGs
[2023-11-08T22:39:32.987+0000] {logging_mixin.py:154} INFO - [2023-11-08T22:39:32.987+0000] {dag.py:3722} INFO - Setting next_dagrun for example_dag_decorator to None, run_after=None
[2023-11-08T22:39:32.998+0000] {processor.py:179} INFO - Processing /home/airflow/.local/lib/python3.8/site-packages/airflow/example_dags/example_dag_decorator.py took 0.217 seconds
[2023-11-08T22:40:03.399+0000] {processor.py:157} INFO - Started process (PID=1441) to work on /home/airflow/.local/lib/python3.8/site-packages/airflow/example_dags/example_dag_decorator.py
[2023-11-08T22:40:03.400+0000] {processor.py:829} INFO - Processing file /home/airflow/.local/lib/python3.8/site-packages/airflow/example_dags/example_dag_decorator.py for tasks to queue
[2023-11-08T22:40:03.401+0000] {logging_mixin.py:154} INFO - [2023-11-08T22:40:03.400+0000] {dagbag.py:536} INFO - Filling up the DagBag from /home/airflow/.local/lib/python3.8/site-packages/airflow/example_dags/example_dag_decorator.py
[2023-11-08T22:40:03.440+0000] {processor.py:839} INFO - DAG(s) dict_keys(['example_dag_decorator']) retrieved from /home/airflow/.local/lib/python3.8/site-packages/airflow/example_dags/example_dag_decorator.py
[2023-11-08T22:40:03.503+0000] {logging_mixin.py:154} INFO - [2023-11-08T22:40:03.503+0000] {dag.py:2941} INFO - Sync 1 DAGs
[2023-11-08T22:40:03.601+0000] {logging_mixin.py:154} INFO - [2023-11-08T22:40:03.601+0000] {dag.py:3722} INFO - Setting next_dagrun for example_dag_decorator to None, run_after=None
[2023-11-08T22:40:03.612+0000] {processor.py:179} INFO - Processing /home/airflow/.local/lib/python3.8/site-packages/airflow/example_dags/example_dag_decorator.py took 0.215 seconds
[2023-11-08T22:40:33.982+0000] {processor.py:157} INFO - Started process (PID=1496) to work on /home/airflow/.local/lib/python3.8/site-packages/airflow/example_dags/example_dag_decorator.py
[2023-11-08T22:40:33.982+0000] {processor.py:829} INFO - Processing file /home/airflow/.local/lib/python3.8/site-packages/airflow/example_dags/example_dag_decorator.py for tasks to queue
[2023-11-08T22:40:33.983+0000] {logging_mixin.py:154} INFO - [2023-11-08T22:40:33.983+0000] {dagbag.py:536} INFO - Filling up the DagBag from /home/airflow/.local/lib/python3.8/site-packages/airflow/example_dags/example_dag_decorator.py
[2023-11-08T22:40:34.022+0000] {processor.py:839} INFO - DAG(s) dict_keys(['example_dag_decorator']) retrieved from /home/airflow/.local/lib/python3.8/site-packages/airflow/example_dags/example_dag_decorator.py
[2023-11-08T22:40:34.081+0000] {logging_mixin.py:154} INFO - [2023-11-08T22:40:34.081+0000] {dag.py:2941} INFO - Sync 1 DAGs
[2023-11-08T22:40:34.088+0000] {logging_mixin.py:154} INFO - [2023-11-08T22:40:34.088+0000] {dag.py:3722} INFO - Setting next_dagrun for example_dag_decorator to None, run_after=None
[2023-11-08T22:40:34.098+0000] {processor.py:179} INFO - Processing /home/airflow/.local/lib/python3.8/site-packages/airflow/example_dags/example_dag_decorator.py took 0.118 seconds
[2023-11-08T22:41:04.551+0000] {processor.py:157} INFO - Started process (PID=1551) to work on /home/airflow/.local/lib/python3.8/site-packages/airflow/example_dags/example_dag_decorator.py
[2023-11-08T22:41:04.551+0000] {processor.py:829} INFO - Processing file /home/airflow/.local/lib/python3.8/site-packages/airflow/example_dags/example_dag_decorator.py for tasks to queue
[2023-11-08T22:41:04.552+0000] {logging_mixin.py:154} INFO - [2023-11-08T22:41:04.552+0000] {dagbag.py:536} INFO - Filling up the DagBag from /home/airflow/.local/lib/python3.8/site-packages/airflow/example_dags/example_dag_decorator.py
[2023-11-08T22:41:04.592+0000] {processor.py:839} INFO - DAG(s) dict_keys(['example_dag_decorator']) retrieved from /home/airflow/.local/lib/python3.8/site-packages/airflow/example_dags/example_dag_decorator.py
[2023-11-08T22:41:04.744+0000] {logging_mixin.py:154} INFO - [2023-11-08T22:41:04.744+0000] {dag.py:2941} INFO - Sync 1 DAGs
[2023-11-08T22:41:04.749+0000] {logging_mixin.py:154} INFO - [2023-11-08T22:41:04.749+0000] {dag.py:3722} INFO - Setting next_dagrun for example_dag_decorator to None, run_after=None
[2023-11-08T22:41:04.759+0000] {processor.py:179} INFO - Processing /home/airflow/.local/lib/python3.8/site-packages/airflow/example_dags/example_dag_decorator.py took 0.210 seconds
[2023-11-08T22:41:35.209+0000] {processor.py:157} INFO - Started process (PID=1606) to work on /home/airflow/.local/lib/python3.8/site-packages/airflow/example_dags/example_dag_decorator.py
[2023-11-08T22:41:35.209+0000] {processor.py:829} INFO - Processing file /home/airflow/.local/lib/python3.8/site-packages/airflow/example_dags/example_dag_decorator.py for tasks to queue
[2023-11-08T22:41:35.210+0000] {logging_mixin.py:154} INFO - [2023-11-08T22:41:35.210+0000] {dagbag.py:536} INFO - Filling up the DagBag from /home/airflow/.local/lib/python3.8/site-packages/airflow/example_dags/example_dag_decorator.py
[2023-11-08T22:41:35.251+0000] {processor.py:839} INFO - DAG(s) dict_keys(['example_dag_decorator']) retrieved from /home/airflow/.local/lib/python3.8/site-packages/airflow/example_dags/example_dag_decorator.py
[2023-11-08T22:41:35.310+0000] {logging_mixin.py:154} INFO - [2023-11-08T22:41:35.309+0000] {dag.py:2941} INFO - Sync 1 DAGs
[2023-11-08T22:41:35.409+0000] {logging_mixin.py:154} INFO - [2023-11-08T22:41:35.409+0000] {dag.py:3722} INFO - Setting next_dagrun for example_dag_decorator to None, run_after=None
[2023-11-08T22:41:35.420+0000] {processor.py:179} INFO - Processing /home/airflow/.local/lib/python3.8/site-packages/airflow/example_dags/example_dag_decorator.py took 0.213 seconds
[2023-11-08T22:42:05.804+0000] {processor.py:157} INFO - Started process (PID=1662) to work on /home/airflow/.local/lib/python3.8/site-packages/airflow/example_dags/example_dag_decorator.py
[2023-11-08T22:42:05.805+0000] {processor.py:829} INFO - Processing file /home/airflow/.local/lib/python3.8/site-packages/airflow/example_dags/example_dag_decorator.py for tasks to queue
[2023-11-08T22:42:05.806+0000] {logging_mixin.py:154} INFO - [2023-11-08T22:42:05.806+0000] {dagbag.py:536} INFO - Filling up the DagBag from /home/airflow/.local/lib/python3.8/site-packages/airflow/example_dags/example_dag_decorator.py
[2023-11-08T22:42:05.845+0000] {processor.py:839} INFO - DAG(s) dict_keys(['example_dag_decorator']) retrieved from /home/airflow/.local/lib/python3.8/site-packages/airflow/example_dags/example_dag_decorator.py
[2023-11-08T22:42:05.858+0000] {logging_mixin.py:154} INFO - [2023-11-08T22:42:05.858+0000] {dag.py:2941} INFO - Sync 1 DAGs
[2023-11-08T22:42:05.866+0000] {logging_mixin.py:154} INFO - [2023-11-08T22:42:05.865+0000] {dag.py:3722} INFO - Setting next_dagrun for example_dag_decorator to None, run_after=None
[2023-11-08T22:42:05.878+0000] {processor.py:179} INFO - Processing /home/airflow/.local/lib/python3.8/site-packages/airflow/example_dags/example_dag_decorator.py took 0.076 seconds
[2023-11-08T22:42:36.370+0000] {processor.py:157} INFO - Started process (PID=1717) to work on /home/airflow/.local/lib/python3.8/site-packages/airflow/example_dags/example_dag_decorator.py
[2023-11-08T22:42:36.371+0000] {processor.py:829} INFO - Processing file /home/airflow/.local/lib/python3.8/site-packages/airflow/example_dags/example_dag_decorator.py for tasks to queue
[2023-11-08T22:42:36.372+0000] {logging_mixin.py:154} INFO - [2023-11-08T22:42:36.372+0000] {dagbag.py:536} INFO - Filling up the DagBag from /home/airflow/.local/lib/python3.8/site-packages/airflow/example_dags/example_dag_decorator.py
[2023-11-08T22:42:36.410+0000] {processor.py:839} INFO - DAG(s) dict_keys(['example_dag_decorator']) retrieved from /home/airflow/.local/lib/python3.8/site-packages/airflow/example_dags/example_dag_decorator.py
[2023-11-08T22:42:36.560+0000] {logging_mixin.py:154} INFO - [2023-11-08T22:42:36.560+0000] {dag.py:2941} INFO - Sync 1 DAGs
[2023-11-08T22:42:36.566+0000] {logging_mixin.py:154} INFO - [2023-11-08T22:42:36.566+0000] {dag.py:3722} INFO - Setting next_dagrun for example_dag_decorator to None, run_after=None
[2023-11-08T22:42:36.577+0000] {processor.py:179} INFO - Processing /home/airflow/.local/lib/python3.8/site-packages/airflow/example_dags/example_dag_decorator.py took 0.208 seconds
[2023-11-08T22:43:07.041+0000] {processor.py:157} INFO - Started process (PID=1772) to work on /home/airflow/.local/lib/python3.8/site-packages/airflow/example_dags/example_dag_decorator.py
[2023-11-08T22:43:07.041+0000] {processor.py:829} INFO - Processing file /home/airflow/.local/lib/python3.8/site-packages/airflow/example_dags/example_dag_decorator.py for tasks to queue
[2023-11-08T22:43:07.042+0000] {logging_mixin.py:154} INFO - [2023-11-08T22:43:07.042+0000] {dagbag.py:536} INFO - Filling up the DagBag from /home/airflow/.local/lib/python3.8/site-packages/airflow/example_dags/example_dag_decorator.py
[2023-11-08T22:43:07.086+0000] {processor.py:839} INFO - DAG(s) dict_keys(['example_dag_decorator']) retrieved from /home/airflow/.local/lib/python3.8/site-packages/airflow/example_dags/example_dag_decorator.py
[2023-11-08T22:43:07.152+0000] {logging_mixin.py:154} INFO - [2023-11-08T22:43:07.152+0000] {dag.py:2941} INFO - Sync 1 DAGs
[2023-11-08T22:43:07.263+0000] {logging_mixin.py:154} INFO - [2023-11-08T22:43:07.262+0000] {dag.py:3722} INFO - Setting next_dagrun for example_dag_decorator to None, run_after=None
[2023-11-08T22:43:07.280+0000] {processor.py:179} INFO - Processing /home/airflow/.local/lib/python3.8/site-packages/airflow/example_dags/example_dag_decorator.py took 0.242 seconds
[2023-11-08T22:43:38.796+0000] {processor.py:157} INFO - Started process (PID=71) to work on /home/airflow/.local/lib/python3.8/site-packages/airflow/example_dags/example_dag_decorator.py
[2023-11-08T22:43:38.797+0000] {processor.py:829} INFO - Processing file /home/airflow/.local/lib/python3.8/site-packages/airflow/example_dags/example_dag_decorator.py for tasks to queue
[2023-11-08T22:43:38.799+0000] {logging_mixin.py:154} INFO - [2023-11-08T22:43:38.799+0000] {dagbag.py:536} INFO - Filling up the DagBag from /home/airflow/.local/lib/python3.8/site-packages/airflow/example_dags/example_dag_decorator.py
[2023-11-08T22:43:38.869+0000] {processor.py:839} INFO - DAG(s) dict_keys(['example_dag_decorator']) retrieved from /home/airflow/.local/lib/python3.8/site-packages/airflow/example_dags/example_dag_decorator.py
[2023-11-08T22:43:38.878+0000] {logging_mixin.py:154} INFO - [2023-11-08T22:43:38.878+0000] {dag.py:2941} INFO - Sync 1 DAGs
[2023-11-08T22:43:38.890+0000] {logging_mixin.py:154} INFO - [2023-11-08T22:43:38.890+0000] {dag.py:3722} INFO - Setting next_dagrun for example_dag_decorator to None, run_after=None
[2023-11-08T22:43:38.906+0000] {processor.py:179} INFO - Processing /home/airflow/.local/lib/python3.8/site-packages/airflow/example_dags/example_dag_decorator.py took 0.112 seconds
