[2023-11-08T22:09:16.044+0000] {processor.py:157} INFO - Started process (PID=56) to work on /home/airflow/.local/lib/python3.8/site-packages/airflow/example_dags/example_setup_teardown.py
[2023-11-08T22:09:16.044+0000] {processor.py:829} INFO - Processing file /home/airflow/.local/lib/python3.8/site-packages/airflow/example_dags/example_setup_teardown.py for tasks to queue
[2023-11-08T22:09:16.045+0000] {logging_mixin.py:154} INFO - [2023-11-08T22:09:16.045+0000] {dagbag.py:536} INFO - Filling up the DagBag from /home/airflow/.local/lib/python3.8/site-packages/airflow/example_dags/example_setup_teardown.py
[2023-11-08T22:09:16.052+0000] {processor.py:839} INFO - DAG(s) dict_keys(['example_setup_teardown']) retrieved from /home/airflow/.local/lib/python3.8/site-packages/airflow/example_dags/example_setup_teardown.py
[2023-11-08T22:09:16.061+0000] {logging_mixin.py:154} INFO - [2023-11-08T22:09:16.061+0000] {dag.py:2941} INFO - Sync 1 DAGs
[2023-11-08T22:09:16.078+0000] {logging_mixin.py:154} INFO - [2023-11-08T22:09:16.078+0000] {dag.py:3722} INFO - Setting next_dagrun for example_setup_teardown to 2023-11-07T22:09:16.078476+00:00, run_after=2023-11-08T22:09:16.078476+00:00
[2023-11-08T22:09:16.091+0000] {processor.py:179} INFO - Processing /home/airflow/.local/lib/python3.8/site-packages/airflow/example_dags/example_setup_teardown.py took 0.050 seconds
[2023-11-08T22:09:46.762+0000] {processor.py:157} INFO - Started process (PID=111) to work on /home/airflow/.local/lib/python3.8/site-packages/airflow/example_dags/example_setup_teardown.py
[2023-11-08T22:09:46.763+0000] {processor.py:829} INFO - Processing file /home/airflow/.local/lib/python3.8/site-packages/airflow/example_dags/example_setup_teardown.py for tasks to queue
[2023-11-08T22:09:46.764+0000] {logging_mixin.py:154} INFO - [2023-11-08T22:09:46.764+0000] {dagbag.py:536} INFO - Filling up the DagBag from /home/airflow/.local/lib/python3.8/site-packages/airflow/example_dags/example_setup_teardown.py
[2023-11-08T22:09:46.769+0000] {processor.py:839} INFO - DAG(s) dict_keys(['example_setup_teardown']) retrieved from /home/airflow/.local/lib/python3.8/site-packages/airflow/example_dags/example_setup_teardown.py
[2023-11-08T22:09:46.782+0000] {logging_mixin.py:154} INFO - [2023-11-08T22:09:46.782+0000] {dag.py:2941} INFO - Sync 1 DAGs
[2023-11-08T22:09:46.798+0000] {logging_mixin.py:154} INFO - [2023-11-08T22:09:46.798+0000] {dag.py:3722} INFO - Setting next_dagrun for example_setup_teardown to 2023-11-07T22:09:46.798022+00:00, run_after=2023-11-08T22:09:46.798022+00:00
[2023-11-08T22:09:46.814+0000] {processor.py:179} INFO - Processing /home/airflow/.local/lib/python3.8/site-packages/airflow/example_dags/example_setup_teardown.py took 0.053 seconds
[2023-11-08T22:11:50.461+0000] {processor.py:157} INFO - Started process (PID=56) to work on /home/airflow/.local/lib/python3.8/site-packages/airflow/example_dags/example_setup_teardown.py
[2023-11-08T22:11:50.462+0000] {processor.py:829} INFO - Processing file /home/airflow/.local/lib/python3.8/site-packages/airflow/example_dags/example_setup_teardown.py for tasks to queue
[2023-11-08T22:11:50.463+0000] {logging_mixin.py:154} INFO - [2023-11-08T22:11:50.463+0000] {dagbag.py:536} INFO - Filling up the DagBag from /home/airflow/.local/lib/python3.8/site-packages/airflow/example_dags/example_setup_teardown.py
[2023-11-08T22:11:50.471+0000] {processor.py:839} INFO - DAG(s) dict_keys(['example_setup_teardown']) retrieved from /home/airflow/.local/lib/python3.8/site-packages/airflow/example_dags/example_setup_teardown.py
[2023-11-08T22:11:50.480+0000] {logging_mixin.py:154} INFO - [2023-11-08T22:11:50.480+0000] {dag.py:2941} INFO - Sync 1 DAGs
[2023-11-08T22:11:50.498+0000] {logging_mixin.py:154} INFO - [2023-11-08T22:11:50.498+0000] {dag.py:3722} INFO - Setting next_dagrun for example_setup_teardown to 2023-11-07T22:11:50.497801+00:00, run_after=2023-11-08T22:11:50.497801+00:00
[2023-11-08T22:11:50.511+0000] {processor.py:179} INFO - Processing /home/airflow/.local/lib/python3.8/site-packages/airflow/example_dags/example_setup_teardown.py took 0.052 seconds
[2023-11-08T22:12:20.574+0000] {processor.py:157} INFO - Started process (PID=110) to work on /home/airflow/.local/lib/python3.8/site-packages/airflow/example_dags/example_setup_teardown.py
[2023-11-08T22:12:20.575+0000] {processor.py:829} INFO - Processing file /home/airflow/.local/lib/python3.8/site-packages/airflow/example_dags/example_setup_teardown.py for tasks to queue
[2023-11-08T22:12:20.576+0000] {logging_mixin.py:154} INFO - [2023-11-08T22:12:20.576+0000] {dagbag.py:536} INFO - Filling up the DagBag from /home/airflow/.local/lib/python3.8/site-packages/airflow/example_dags/example_setup_teardown.py
[2023-11-08T22:12:20.579+0000] {processor.py:839} INFO - DAG(s) dict_keys(['example_setup_teardown']) retrieved from /home/airflow/.local/lib/python3.8/site-packages/airflow/example_dags/example_setup_teardown.py
[2023-11-08T22:12:20.592+0000] {logging_mixin.py:154} INFO - [2023-11-08T22:12:20.592+0000] {dag.py:2941} INFO - Sync 1 DAGs
[2023-11-08T22:12:20.606+0000] {logging_mixin.py:154} INFO - [2023-11-08T22:12:20.606+0000] {dag.py:3722} INFO - Setting next_dagrun for example_setup_teardown to 2023-11-07T22:12:20.606377+00:00, run_after=2023-11-08T22:12:20.606377+00:00
[2023-11-08T22:12:20.615+0000] {processor.py:179} INFO - Processing /home/airflow/.local/lib/python3.8/site-packages/airflow/example_dags/example_setup_teardown.py took 0.043 seconds
[2023-11-08T22:12:51.557+0000] {processor.py:157} INFO - Started process (PID=164) to work on /home/airflow/.local/lib/python3.8/site-packages/airflow/example_dags/example_setup_teardown.py
[2023-11-08T22:12:51.557+0000] {processor.py:829} INFO - Processing file /home/airflow/.local/lib/python3.8/site-packages/airflow/example_dags/example_setup_teardown.py for tasks to queue
[2023-11-08T22:12:51.559+0000] {logging_mixin.py:154} INFO - [2023-11-08T22:12:51.558+0000] {dagbag.py:536} INFO - Filling up the DagBag from /home/airflow/.local/lib/python3.8/site-packages/airflow/example_dags/example_setup_teardown.py
[2023-11-08T22:12:51.562+0000] {processor.py:839} INFO - DAG(s) dict_keys(['example_setup_teardown']) retrieved from /home/airflow/.local/lib/python3.8/site-packages/airflow/example_dags/example_setup_teardown.py
[2023-11-08T22:12:51.574+0000] {logging_mixin.py:154} INFO - [2023-11-08T22:12:51.574+0000] {dag.py:2941} INFO - Sync 1 DAGs
[2023-11-08T22:12:51.587+0000] {logging_mixin.py:154} INFO - [2023-11-08T22:12:51.587+0000] {dag.py:3722} INFO - Setting next_dagrun for example_setup_teardown to 2023-11-07T22:12:51.587014+00:00, run_after=2023-11-08T22:12:51.587014+00:00
[2023-11-08T22:12:51.596+0000] {processor.py:179} INFO - Processing /home/airflow/.local/lib/python3.8/site-packages/airflow/example_dags/example_setup_teardown.py took 0.041 seconds
[2023-11-08T22:13:22.113+0000] {processor.py:157} INFO - Started process (PID=218) to work on /home/airflow/.local/lib/python3.8/site-packages/airflow/example_dags/example_setup_teardown.py
[2023-11-08T22:13:22.114+0000] {processor.py:829} INFO - Processing file /home/airflow/.local/lib/python3.8/site-packages/airflow/example_dags/example_setup_teardown.py for tasks to queue
[2023-11-08T22:13:22.115+0000] {logging_mixin.py:154} INFO - [2023-11-08T22:13:22.115+0000] {dagbag.py:536} INFO - Filling up the DagBag from /home/airflow/.local/lib/python3.8/site-packages/airflow/example_dags/example_setup_teardown.py
[2023-11-08T22:13:22.118+0000] {processor.py:839} INFO - DAG(s) dict_keys(['example_setup_teardown']) retrieved from /home/airflow/.local/lib/python3.8/site-packages/airflow/example_dags/example_setup_teardown.py
[2023-11-08T22:13:22.130+0000] {logging_mixin.py:154} INFO - [2023-11-08T22:13:22.130+0000] {dag.py:2941} INFO - Sync 1 DAGs
[2023-11-08T22:13:22.142+0000] {logging_mixin.py:154} INFO - [2023-11-08T22:13:22.142+0000] {dag.py:3722} INFO - Setting next_dagrun for example_setup_teardown to 2023-11-07T22:13:22.142543+00:00, run_after=2023-11-08T22:13:22.142543+00:00
[2023-11-08T22:13:22.151+0000] {processor.py:179} INFO - Processing /home/airflow/.local/lib/python3.8/site-packages/airflow/example_dags/example_setup_teardown.py took 0.040 seconds
[2023-11-08T22:13:52.759+0000] {processor.py:157} INFO - Started process (PID=272) to work on /home/airflow/.local/lib/python3.8/site-packages/airflow/example_dags/example_setup_teardown.py
[2023-11-08T22:13:52.760+0000] {processor.py:829} INFO - Processing file /home/airflow/.local/lib/python3.8/site-packages/airflow/example_dags/example_setup_teardown.py for tasks to queue
[2023-11-08T22:13:52.761+0000] {logging_mixin.py:154} INFO - [2023-11-08T22:13:52.761+0000] {dagbag.py:536} INFO - Filling up the DagBag from /home/airflow/.local/lib/python3.8/site-packages/airflow/example_dags/example_setup_teardown.py
[2023-11-08T22:13:52.765+0000] {processor.py:839} INFO - DAG(s) dict_keys(['example_setup_teardown']) retrieved from /home/airflow/.local/lib/python3.8/site-packages/airflow/example_dags/example_setup_teardown.py
[2023-11-08T22:13:52.778+0000] {logging_mixin.py:154} INFO - [2023-11-08T22:13:52.777+0000] {dag.py:2941} INFO - Sync 1 DAGs
[2023-11-08T22:13:52.792+0000] {logging_mixin.py:154} INFO - [2023-11-08T22:13:52.792+0000] {dag.py:3722} INFO - Setting next_dagrun for example_setup_teardown to 2023-11-07T22:13:52.791930+00:00, run_after=2023-11-08T22:13:52.791930+00:00
[2023-11-08T22:13:52.803+0000] {processor.py:179} INFO - Processing /home/airflow/.local/lib/python3.8/site-packages/airflow/example_dags/example_setup_teardown.py took 0.046 seconds
[2023-11-08T22:14:23.434+0000] {processor.py:157} INFO - Started process (PID=326) to work on /home/airflow/.local/lib/python3.8/site-packages/airflow/example_dags/example_setup_teardown.py
[2023-11-08T22:14:23.434+0000] {processor.py:829} INFO - Processing file /home/airflow/.local/lib/python3.8/site-packages/airflow/example_dags/example_setup_teardown.py for tasks to queue
[2023-11-08T22:14:23.436+0000] {logging_mixin.py:154} INFO - [2023-11-08T22:14:23.436+0000] {dagbag.py:536} INFO - Filling up the DagBag from /home/airflow/.local/lib/python3.8/site-packages/airflow/example_dags/example_setup_teardown.py
[2023-11-08T22:14:23.439+0000] {processor.py:839} INFO - DAG(s) dict_keys(['example_setup_teardown']) retrieved from /home/airflow/.local/lib/python3.8/site-packages/airflow/example_dags/example_setup_teardown.py
[2023-11-08T22:14:23.451+0000] {logging_mixin.py:154} INFO - [2023-11-08T22:14:23.451+0000] {dag.py:2941} INFO - Sync 1 DAGs
[2023-11-08T22:14:23.463+0000] {logging_mixin.py:154} INFO - [2023-11-08T22:14:23.463+0000] {dag.py:3722} INFO - Setting next_dagrun for example_setup_teardown to 2023-11-07T22:14:23.463277+00:00, run_after=2023-11-08T22:14:23.463277+00:00
[2023-11-08T22:14:23.474+0000] {processor.py:179} INFO - Processing /home/airflow/.local/lib/python3.8/site-packages/airflow/example_dags/example_setup_teardown.py took 0.042 seconds
[2023-11-08T22:14:54.043+0000] {processor.py:157} INFO - Started process (PID=380) to work on /home/airflow/.local/lib/python3.8/site-packages/airflow/example_dags/example_setup_teardown.py
[2023-11-08T22:14:54.043+0000] {processor.py:829} INFO - Processing file /home/airflow/.local/lib/python3.8/site-packages/airflow/example_dags/example_setup_teardown.py for tasks to queue
[2023-11-08T22:14:54.044+0000] {logging_mixin.py:154} INFO - [2023-11-08T22:14:54.044+0000] {dagbag.py:536} INFO - Filling up the DagBag from /home/airflow/.local/lib/python3.8/site-packages/airflow/example_dags/example_setup_teardown.py
[2023-11-08T22:14:54.048+0000] {processor.py:839} INFO - DAG(s) dict_keys(['example_setup_teardown']) retrieved from /home/airflow/.local/lib/python3.8/site-packages/airflow/example_dags/example_setup_teardown.py
[2023-11-08T22:14:54.061+0000] {logging_mixin.py:154} INFO - [2023-11-08T22:14:54.061+0000] {dag.py:2941} INFO - Sync 1 DAGs
[2023-11-08T22:14:54.073+0000] {logging_mixin.py:154} INFO - [2023-11-08T22:14:54.073+0000] {dag.py:3722} INFO - Setting next_dagrun for example_setup_teardown to 2023-11-07T22:14:54.073279+00:00, run_after=2023-11-08T22:14:54.073279+00:00
[2023-11-08T22:14:54.083+0000] {processor.py:179} INFO - Processing /home/airflow/.local/lib/python3.8/site-packages/airflow/example_dags/example_setup_teardown.py took 0.043 seconds
[2023-11-08T22:15:24.700+0000] {processor.py:157} INFO - Started process (PID=435) to work on /home/airflow/.local/lib/python3.8/site-packages/airflow/example_dags/example_setup_teardown.py
[2023-11-08T22:15:24.701+0000] {processor.py:829} INFO - Processing file /home/airflow/.local/lib/python3.8/site-packages/airflow/example_dags/example_setup_teardown.py for tasks to queue
[2023-11-08T22:15:24.702+0000] {logging_mixin.py:154} INFO - [2023-11-08T22:15:24.702+0000] {dagbag.py:536} INFO - Filling up the DagBag from /home/airflow/.local/lib/python3.8/site-packages/airflow/example_dags/example_setup_teardown.py
[2023-11-08T22:15:24.706+0000] {processor.py:839} INFO - DAG(s) dict_keys(['example_setup_teardown']) retrieved from /home/airflow/.local/lib/python3.8/site-packages/airflow/example_dags/example_setup_teardown.py
[2023-11-08T22:15:24.718+0000] {logging_mixin.py:154} INFO - [2023-11-08T22:15:24.717+0000] {dag.py:2941} INFO - Sync 1 DAGs
[2023-11-08T22:15:24.730+0000] {logging_mixin.py:154} INFO - [2023-11-08T22:15:24.730+0000] {dag.py:3722} INFO - Setting next_dagrun for example_setup_teardown to 2023-11-07T22:15:24.730666+00:00, run_after=2023-11-08T22:15:24.730666+00:00
[2023-11-08T22:15:24.741+0000] {processor.py:179} INFO - Processing /home/airflow/.local/lib/python3.8/site-packages/airflow/example_dags/example_setup_teardown.py took 0.042 seconds
[2023-11-08T22:15:55.409+0000] {processor.py:157} INFO - Started process (PID=489) to work on /home/airflow/.local/lib/python3.8/site-packages/airflow/example_dags/example_setup_teardown.py
[2023-11-08T22:15:55.409+0000] {processor.py:829} INFO - Processing file /home/airflow/.local/lib/python3.8/site-packages/airflow/example_dags/example_setup_teardown.py for tasks to queue
[2023-11-08T22:15:55.411+0000] {logging_mixin.py:154} INFO - [2023-11-08T22:15:55.410+0000] {dagbag.py:536} INFO - Filling up the DagBag from /home/airflow/.local/lib/python3.8/site-packages/airflow/example_dags/example_setup_teardown.py
[2023-11-08T22:15:55.414+0000] {processor.py:839} INFO - DAG(s) dict_keys(['example_setup_teardown']) retrieved from /home/airflow/.local/lib/python3.8/site-packages/airflow/example_dags/example_setup_teardown.py
[2023-11-08T22:15:55.426+0000] {logging_mixin.py:154} INFO - [2023-11-08T22:15:55.426+0000] {dag.py:2941} INFO - Sync 1 DAGs
[2023-11-08T22:15:55.439+0000] {logging_mixin.py:154} INFO - [2023-11-08T22:15:55.438+0000] {dag.py:3722} INFO - Setting next_dagrun for example_setup_teardown to 2023-11-07T22:15:55.438756+00:00, run_after=2023-11-08T22:15:55.438756+00:00
[2023-11-08T22:15:55.449+0000] {processor.py:179} INFO - Processing /home/airflow/.local/lib/python3.8/site-packages/airflow/example_dags/example_setup_teardown.py took 0.042 seconds
[2023-11-08T22:16:25.964+0000] {processor.py:157} INFO - Started process (PID=542) to work on /home/airflow/.local/lib/python3.8/site-packages/airflow/example_dags/example_setup_teardown.py
[2023-11-08T22:16:25.965+0000] {processor.py:829} INFO - Processing file /home/airflow/.local/lib/python3.8/site-packages/airflow/example_dags/example_setup_teardown.py for tasks to queue
[2023-11-08T22:16:25.966+0000] {logging_mixin.py:154} INFO - [2023-11-08T22:16:25.966+0000] {dagbag.py:536} INFO - Filling up the DagBag from /home/airflow/.local/lib/python3.8/site-packages/airflow/example_dags/example_setup_teardown.py
[2023-11-08T22:16:25.970+0000] {processor.py:839} INFO - DAG(s) dict_keys(['example_setup_teardown']) retrieved from /home/airflow/.local/lib/python3.8/site-packages/airflow/example_dags/example_setup_teardown.py
[2023-11-08T22:16:25.981+0000] {logging_mixin.py:154} INFO - [2023-11-08T22:16:25.981+0000] {dag.py:2941} INFO - Sync 1 DAGs
[2023-11-08T22:16:25.993+0000] {logging_mixin.py:154} INFO - [2023-11-08T22:16:25.993+0000] {dag.py:3722} INFO - Setting next_dagrun for example_setup_teardown to 2023-11-07T22:16:25.993581+00:00, run_after=2023-11-08T22:16:25.993581+00:00
[2023-11-08T22:16:26.004+0000] {processor.py:179} INFO - Processing /home/airflow/.local/lib/python3.8/site-packages/airflow/example_dags/example_setup_teardown.py took 0.041 seconds
[2023-11-08T22:16:56.685+0000] {processor.py:157} INFO - Started process (PID=596) to work on /home/airflow/.local/lib/python3.8/site-packages/airflow/example_dags/example_setup_teardown.py
[2023-11-08T22:16:56.685+0000] {processor.py:829} INFO - Processing file /home/airflow/.local/lib/python3.8/site-packages/airflow/example_dags/example_setup_teardown.py for tasks to queue
[2023-11-08T22:16:56.686+0000] {logging_mixin.py:154} INFO - [2023-11-08T22:16:56.686+0000] {dagbag.py:536} INFO - Filling up the DagBag from /home/airflow/.local/lib/python3.8/site-packages/airflow/example_dags/example_setup_teardown.py
[2023-11-08T22:16:56.690+0000] {processor.py:839} INFO - DAG(s) dict_keys(['example_setup_teardown']) retrieved from /home/airflow/.local/lib/python3.8/site-packages/airflow/example_dags/example_setup_teardown.py
[2023-11-08T22:16:56.701+0000] {logging_mixin.py:154} INFO - [2023-11-08T22:16:56.701+0000] {dag.py:2941} INFO - Sync 1 DAGs
[2023-11-08T22:16:56.714+0000] {logging_mixin.py:154} INFO - [2023-11-08T22:16:56.714+0000] {dag.py:3722} INFO - Setting next_dagrun for example_setup_teardown to 2023-11-07T22:16:56.714306+00:00, run_after=2023-11-08T22:16:56.714306+00:00
[2023-11-08T22:16:56.723+0000] {processor.py:179} INFO - Processing /home/airflow/.local/lib/python3.8/site-packages/airflow/example_dags/example_setup_teardown.py took 0.040 seconds
[2023-11-08T22:17:27.347+0000] {processor.py:157} INFO - Started process (PID=651) to work on /home/airflow/.local/lib/python3.8/site-packages/airflow/example_dags/example_setup_teardown.py
[2023-11-08T22:17:27.347+0000] {processor.py:829} INFO - Processing file /home/airflow/.local/lib/python3.8/site-packages/airflow/example_dags/example_setup_teardown.py for tasks to queue
[2023-11-08T22:17:27.348+0000] {logging_mixin.py:154} INFO - [2023-11-08T22:17:27.348+0000] {dagbag.py:536} INFO - Filling up the DagBag from /home/airflow/.local/lib/python3.8/site-packages/airflow/example_dags/example_setup_teardown.py
[2023-11-08T22:17:27.352+0000] {processor.py:839} INFO - DAG(s) dict_keys(['example_setup_teardown']) retrieved from /home/airflow/.local/lib/python3.8/site-packages/airflow/example_dags/example_setup_teardown.py
[2023-11-08T22:17:27.363+0000] {logging_mixin.py:154} INFO - [2023-11-08T22:17:27.363+0000] {dag.py:2941} INFO - Sync 1 DAGs
[2023-11-08T22:17:27.375+0000] {logging_mixin.py:154} INFO - [2023-11-08T22:17:27.375+0000] {dag.py:3722} INFO - Setting next_dagrun for example_setup_teardown to 2023-11-07T22:17:27.374845+00:00, run_after=2023-11-08T22:17:27.374845+00:00
[2023-11-08T22:17:27.387+0000] {processor.py:179} INFO - Processing /home/airflow/.local/lib/python3.8/site-packages/airflow/example_dags/example_setup_teardown.py took 0.042 seconds
[2023-11-08T22:17:58.041+0000] {processor.py:157} INFO - Started process (PID=705) to work on /home/airflow/.local/lib/python3.8/site-packages/airflow/example_dags/example_setup_teardown.py
[2023-11-08T22:17:58.042+0000] {processor.py:829} INFO - Processing file /home/airflow/.local/lib/python3.8/site-packages/airflow/example_dags/example_setup_teardown.py for tasks to queue
[2023-11-08T22:17:58.043+0000] {logging_mixin.py:154} INFO - [2023-11-08T22:17:58.043+0000] {dagbag.py:536} INFO - Filling up the DagBag from /home/airflow/.local/lib/python3.8/site-packages/airflow/example_dags/example_setup_teardown.py
[2023-11-08T22:17:58.047+0000] {processor.py:839} INFO - DAG(s) dict_keys(['example_setup_teardown']) retrieved from /home/airflow/.local/lib/python3.8/site-packages/airflow/example_dags/example_setup_teardown.py
[2023-11-08T22:17:58.059+0000] {logging_mixin.py:154} INFO - [2023-11-08T22:17:58.059+0000] {dag.py:2941} INFO - Sync 1 DAGs
[2023-11-08T22:17:58.072+0000] {logging_mixin.py:154} INFO - [2023-11-08T22:17:58.072+0000] {dag.py:3722} INFO - Setting next_dagrun for example_setup_teardown to 2023-11-07T22:17:58.072581+00:00, run_after=2023-11-08T22:17:58.072581+00:00
[2023-11-08T22:17:58.082+0000] {processor.py:179} INFO - Processing /home/airflow/.local/lib/python3.8/site-packages/airflow/example_dags/example_setup_teardown.py took 0.043 seconds
[2023-11-08T22:18:28.819+0000] {processor.py:157} INFO - Started process (PID=760) to work on /home/airflow/.local/lib/python3.8/site-packages/airflow/example_dags/example_setup_teardown.py
[2023-11-08T22:18:28.820+0000] {processor.py:829} INFO - Processing file /home/airflow/.local/lib/python3.8/site-packages/airflow/example_dags/example_setup_teardown.py for tasks to queue
[2023-11-08T22:18:28.821+0000] {logging_mixin.py:154} INFO - [2023-11-08T22:18:28.821+0000] {dagbag.py:536} INFO - Filling up the DagBag from /home/airflow/.local/lib/python3.8/site-packages/airflow/example_dags/example_setup_teardown.py
[2023-11-08T22:18:28.825+0000] {processor.py:839} INFO - DAG(s) dict_keys(['example_setup_teardown']) retrieved from /home/airflow/.local/lib/python3.8/site-packages/airflow/example_dags/example_setup_teardown.py
[2023-11-08T22:18:28.841+0000] {logging_mixin.py:154} INFO - [2023-11-08T22:18:28.841+0000] {dag.py:2941} INFO - Sync 1 DAGs
[2023-11-08T22:18:28.858+0000] {logging_mixin.py:154} INFO - [2023-11-08T22:18:28.858+0000] {dag.py:3722} INFO - Setting next_dagrun for example_setup_teardown to 2023-11-07T22:18:28.858513+00:00, run_after=2023-11-08T22:18:28.858513+00:00
[2023-11-08T22:18:28.868+0000] {processor.py:179} INFO - Processing /home/airflow/.local/lib/python3.8/site-packages/airflow/example_dags/example_setup_teardown.py took 0.051 seconds
[2023-11-08T22:18:59.737+0000] {processor.py:157} INFO - Started process (PID=814) to work on /home/airflow/.local/lib/python3.8/site-packages/airflow/example_dags/example_setup_teardown.py
[2023-11-08T22:18:59.737+0000] {processor.py:829} INFO - Processing file /home/airflow/.local/lib/python3.8/site-packages/airflow/example_dags/example_setup_teardown.py for tasks to queue
[2023-11-08T22:18:59.739+0000] {logging_mixin.py:154} INFO - [2023-11-08T22:18:59.739+0000] {dagbag.py:536} INFO - Filling up the DagBag from /home/airflow/.local/lib/python3.8/site-packages/airflow/example_dags/example_setup_teardown.py
[2023-11-08T22:18:59.742+0000] {processor.py:839} INFO - DAG(s) dict_keys(['example_setup_teardown']) retrieved from /home/airflow/.local/lib/python3.8/site-packages/airflow/example_dags/example_setup_teardown.py
[2023-11-08T22:18:59.754+0000] {logging_mixin.py:154} INFO - [2023-11-08T22:18:59.754+0000] {dag.py:2941} INFO - Sync 1 DAGs
[2023-11-08T22:18:59.767+0000] {logging_mixin.py:154} INFO - [2023-11-08T22:18:59.767+0000] {dag.py:3722} INFO - Setting next_dagrun for example_setup_teardown to 2023-11-07T22:18:59.767507+00:00, run_after=2023-11-08T22:18:59.767507+00:00
[2023-11-08T22:18:59.777+0000] {processor.py:179} INFO - Processing /home/airflow/.local/lib/python3.8/site-packages/airflow/example_dags/example_setup_teardown.py took 0.042 seconds
[2023-11-08T22:19:30.002+0000] {processor.py:157} INFO - Started process (PID=868) to work on /home/airflow/.local/lib/python3.8/site-packages/airflow/example_dags/example_setup_teardown.py
[2023-11-08T22:19:30.003+0000] {processor.py:829} INFO - Processing file /home/airflow/.local/lib/python3.8/site-packages/airflow/example_dags/example_setup_teardown.py for tasks to queue
[2023-11-08T22:19:30.004+0000] {logging_mixin.py:154} INFO - [2023-11-08T22:19:30.004+0000] {dagbag.py:536} INFO - Filling up the DagBag from /home/airflow/.local/lib/python3.8/site-packages/airflow/example_dags/example_setup_teardown.py
[2023-11-08T22:19:30.008+0000] {processor.py:839} INFO - DAG(s) dict_keys(['example_setup_teardown']) retrieved from /home/airflow/.local/lib/python3.8/site-packages/airflow/example_dags/example_setup_teardown.py
[2023-11-08T22:19:30.021+0000] {logging_mixin.py:154} INFO - [2023-11-08T22:19:30.021+0000] {dag.py:2941} INFO - Sync 1 DAGs
[2023-11-08T22:19:30.043+0000] {logging_mixin.py:154} INFO - [2023-11-08T22:19:30.043+0000] {dag.py:3722} INFO - Setting next_dagrun for example_setup_teardown to 2023-11-07T22:19:30.043133+00:00, run_after=2023-11-08T22:19:30.043133+00:00
[2023-11-08T22:19:30.065+0000] {processor.py:179} INFO - Processing /home/airflow/.local/lib/python3.8/site-packages/airflow/example_dags/example_setup_teardown.py took 0.064 seconds
[2023-11-08T22:20:00.237+0000] {processor.py:157} INFO - Started process (PID=922) to work on /home/airflow/.local/lib/python3.8/site-packages/airflow/example_dags/example_setup_teardown.py
[2023-11-08T22:20:00.237+0000] {processor.py:829} INFO - Processing file /home/airflow/.local/lib/python3.8/site-packages/airflow/example_dags/example_setup_teardown.py for tasks to queue
[2023-11-08T22:20:00.239+0000] {logging_mixin.py:154} INFO - [2023-11-08T22:20:00.239+0000] {dagbag.py:536} INFO - Filling up the DagBag from /home/airflow/.local/lib/python3.8/site-packages/airflow/example_dags/example_setup_teardown.py
[2023-11-08T22:20:00.243+0000] {processor.py:839} INFO - DAG(s) dict_keys(['example_setup_teardown']) retrieved from /home/airflow/.local/lib/python3.8/site-packages/airflow/example_dags/example_setup_teardown.py
[2023-11-08T22:20:00.255+0000] {logging_mixin.py:154} INFO - [2023-11-08T22:20:00.255+0000] {dag.py:2941} INFO - Sync 1 DAGs
[2023-11-08T22:20:00.364+0000] {logging_mixin.py:154} INFO - [2023-11-08T22:20:00.364+0000] {dag.py:3722} INFO - Setting next_dagrun for example_setup_teardown to 2023-11-07T22:20:00.269666+00:00, run_after=2023-11-08T22:20:00.269666+00:00
[2023-11-08T22:20:00.376+0000] {processor.py:179} INFO - Processing /home/airflow/.local/lib/python3.8/site-packages/airflow/example_dags/example_setup_teardown.py took 0.141 seconds
[2023-11-08T22:20:31.119+0000] {processor.py:157} INFO - Started process (PID=976) to work on /home/airflow/.local/lib/python3.8/site-packages/airflow/example_dags/example_setup_teardown.py
[2023-11-08T22:20:31.120+0000] {processor.py:829} INFO - Processing file /home/airflow/.local/lib/python3.8/site-packages/airflow/example_dags/example_setup_teardown.py for tasks to queue
[2023-11-08T22:20:31.121+0000] {logging_mixin.py:154} INFO - [2023-11-08T22:20:31.121+0000] {dagbag.py:536} INFO - Filling up the DagBag from /home/airflow/.local/lib/python3.8/site-packages/airflow/example_dags/example_setup_teardown.py
[2023-11-08T22:20:31.124+0000] {processor.py:839} INFO - DAG(s) dict_keys(['example_setup_teardown']) retrieved from /home/airflow/.local/lib/python3.8/site-packages/airflow/example_dags/example_setup_teardown.py
[2023-11-08T22:20:31.136+0000] {logging_mixin.py:154} INFO - [2023-11-08T22:20:31.136+0000] {dag.py:2941} INFO - Sync 1 DAGs
[2023-11-08T22:20:31.149+0000] {logging_mixin.py:154} INFO - [2023-11-08T22:20:31.148+0000] {dag.py:3722} INFO - Setting next_dagrun for example_setup_teardown to 2023-11-07T22:20:31.148751+00:00, run_after=2023-11-08T22:20:31.148751+00:00
[2023-11-08T22:20:31.158+0000] {processor.py:179} INFO - Processing /home/airflow/.local/lib/python3.8/site-packages/airflow/example_dags/example_setup_teardown.py took 0.040 seconds
[2023-11-08T22:21:01.270+0000] {processor.py:157} INFO - Started process (PID=1030) to work on /home/airflow/.local/lib/python3.8/site-packages/airflow/example_dags/example_setup_teardown.py
[2023-11-08T22:21:01.271+0000] {processor.py:829} INFO - Processing file /home/airflow/.local/lib/python3.8/site-packages/airflow/example_dags/example_setup_teardown.py for tasks to queue
[2023-11-08T22:21:01.272+0000] {logging_mixin.py:154} INFO - [2023-11-08T22:21:01.272+0000] {dagbag.py:536} INFO - Filling up the DagBag from /home/airflow/.local/lib/python3.8/site-packages/airflow/example_dags/example_setup_teardown.py
[2023-11-08T22:21:01.276+0000] {processor.py:839} INFO - DAG(s) dict_keys(['example_setup_teardown']) retrieved from /home/airflow/.local/lib/python3.8/site-packages/airflow/example_dags/example_setup_teardown.py
[2023-11-08T22:21:01.288+0000] {logging_mixin.py:154} INFO - [2023-11-08T22:21:01.288+0000] {dag.py:2941} INFO - Sync 1 DAGs
[2023-11-08T22:21:01.302+0000] {logging_mixin.py:154} INFO - [2023-11-08T22:21:01.301+0000] {dag.py:3722} INFO - Setting next_dagrun for example_setup_teardown to 2023-11-07T22:21:01.301789+00:00, run_after=2023-11-08T22:21:01.301789+00:00
[2023-11-08T22:21:01.312+0000] {processor.py:179} INFO - Processing /home/airflow/.local/lib/python3.8/site-packages/airflow/example_dags/example_setup_teardown.py took 0.044 seconds
[2023-11-08T22:21:32.359+0000] {processor.py:157} INFO - Started process (PID=1083) to work on /home/airflow/.local/lib/python3.8/site-packages/airflow/example_dags/example_setup_teardown.py
[2023-11-08T22:21:32.360+0000] {processor.py:829} INFO - Processing file /home/airflow/.local/lib/python3.8/site-packages/airflow/example_dags/example_setup_teardown.py for tasks to queue
[2023-11-08T22:21:32.361+0000] {logging_mixin.py:154} INFO - [2023-11-08T22:21:32.361+0000] {dagbag.py:536} INFO - Filling up the DagBag from /home/airflow/.local/lib/python3.8/site-packages/airflow/example_dags/example_setup_teardown.py
[2023-11-08T22:21:32.365+0000] {processor.py:839} INFO - DAG(s) dict_keys(['example_setup_teardown']) retrieved from /home/airflow/.local/lib/python3.8/site-packages/airflow/example_dags/example_setup_teardown.py
[2023-11-08T22:21:32.377+0000] {logging_mixin.py:154} INFO - [2023-11-08T22:21:32.377+0000] {dag.py:2941} INFO - Sync 1 DAGs
[2023-11-08T22:21:32.483+0000] {logging_mixin.py:154} INFO - [2023-11-08T22:21:32.483+0000] {dag.py:3722} INFO - Setting next_dagrun for example_setup_teardown to 2023-11-07T22:21:32.483158+00:00, run_after=2023-11-08T22:21:32.483158+00:00
[2023-11-08T22:21:32.493+0000] {processor.py:179} INFO - Processing /home/airflow/.local/lib/python3.8/site-packages/airflow/example_dags/example_setup_teardown.py took 0.136 seconds
[2023-11-08T22:22:02.680+0000] {processor.py:157} INFO - Started process (PID=1138) to work on /home/airflow/.local/lib/python3.8/site-packages/airflow/example_dags/example_setup_teardown.py
[2023-11-08T22:22:02.681+0000] {processor.py:829} INFO - Processing file /home/airflow/.local/lib/python3.8/site-packages/airflow/example_dags/example_setup_teardown.py for tasks to queue
[2023-11-08T22:22:02.682+0000] {logging_mixin.py:154} INFO - [2023-11-08T22:22:02.682+0000] {dagbag.py:536} INFO - Filling up the DagBag from /home/airflow/.local/lib/python3.8/site-packages/airflow/example_dags/example_setup_teardown.py
[2023-11-08T22:22:02.686+0000] {processor.py:839} INFO - DAG(s) dict_keys(['example_setup_teardown']) retrieved from /home/airflow/.local/lib/python3.8/site-packages/airflow/example_dags/example_setup_teardown.py
[2023-11-08T22:22:02.699+0000] {logging_mixin.py:154} INFO - [2023-11-08T22:22:02.699+0000] {dag.py:2941} INFO - Sync 1 DAGs
[2023-11-08T22:22:02.807+0000] {logging_mixin.py:154} INFO - [2023-11-08T22:22:02.807+0000] {dag.py:3722} INFO - Setting next_dagrun for example_setup_teardown to 2023-11-07T22:22:02.807415+00:00, run_after=2023-11-08T22:22:02.807415+00:00
[2023-11-08T22:22:02.818+0000] {processor.py:179} INFO - Processing /home/airflow/.local/lib/python3.8/site-packages/airflow/example_dags/example_setup_teardown.py took 0.140 seconds
[2023-11-08T22:22:33.535+0000] {processor.py:157} INFO - Started process (PID=1190) to work on /home/airflow/.local/lib/python3.8/site-packages/airflow/example_dags/example_setup_teardown.py
[2023-11-08T22:22:33.535+0000] {processor.py:829} INFO - Processing file /home/airflow/.local/lib/python3.8/site-packages/airflow/example_dags/example_setup_teardown.py for tasks to queue
[2023-11-08T22:22:33.536+0000] {logging_mixin.py:154} INFO - [2023-11-08T22:22:33.536+0000] {dagbag.py:536} INFO - Filling up the DagBag from /home/airflow/.local/lib/python3.8/site-packages/airflow/example_dags/example_setup_teardown.py
[2023-11-08T22:22:33.540+0000] {processor.py:839} INFO - DAG(s) dict_keys(['example_setup_teardown']) retrieved from /home/airflow/.local/lib/python3.8/site-packages/airflow/example_dags/example_setup_teardown.py
[2023-11-08T22:22:33.553+0000] {logging_mixin.py:154} INFO - [2023-11-08T22:22:33.552+0000] {dag.py:2941} INFO - Sync 1 DAGs
[2023-11-08T22:22:33.565+0000] {logging_mixin.py:154} INFO - [2023-11-08T22:22:33.565+0000] {dag.py:3722} INFO - Setting next_dagrun for example_setup_teardown to 2023-11-07T22:22:33.565438+00:00, run_after=2023-11-08T22:22:33.565438+00:00
[2023-11-08T22:22:33.575+0000] {processor.py:179} INFO - Processing /home/airflow/.local/lib/python3.8/site-packages/airflow/example_dags/example_setup_teardown.py took 0.042 seconds
[2023-11-08T22:23:04.198+0000] {processor.py:157} INFO - Started process (PID=1243) to work on /home/airflow/.local/lib/python3.8/site-packages/airflow/example_dags/example_setup_teardown.py
[2023-11-08T22:23:04.199+0000] {processor.py:829} INFO - Processing file /home/airflow/.local/lib/python3.8/site-packages/airflow/example_dags/example_setup_teardown.py for tasks to queue
[2023-11-08T22:23:04.200+0000] {logging_mixin.py:154} INFO - [2023-11-08T22:23:04.200+0000] {dagbag.py:536} INFO - Filling up the DagBag from /home/airflow/.local/lib/python3.8/site-packages/airflow/example_dags/example_setup_teardown.py
[2023-11-08T22:23:04.203+0000] {processor.py:839} INFO - DAG(s) dict_keys(['example_setup_teardown']) retrieved from /home/airflow/.local/lib/python3.8/site-packages/airflow/example_dags/example_setup_teardown.py
[2023-11-08T22:23:04.216+0000] {logging_mixin.py:154} INFO - [2023-11-08T22:23:04.216+0000] {dag.py:2941} INFO - Sync 1 DAGs
[2023-11-08T22:23:04.230+0000] {logging_mixin.py:154} INFO - [2023-11-08T22:23:04.229+0000] {dag.py:3722} INFO - Setting next_dagrun for example_setup_teardown to 2023-11-07T22:23:04.229837+00:00, run_after=2023-11-08T22:23:04.229837+00:00
[2023-11-08T22:23:04.239+0000] {processor.py:179} INFO - Processing /home/airflow/.local/lib/python3.8/site-packages/airflow/example_dags/example_setup_teardown.py took 0.043 seconds
[2023-11-08T22:23:34.514+0000] {processor.py:157} INFO - Started process (PID=1297) to work on /home/airflow/.local/lib/python3.8/site-packages/airflow/example_dags/example_setup_teardown.py
[2023-11-08T22:23:34.515+0000] {processor.py:829} INFO - Processing file /home/airflow/.local/lib/python3.8/site-packages/airflow/example_dags/example_setup_teardown.py for tasks to queue
[2023-11-08T22:23:34.516+0000] {logging_mixin.py:154} INFO - [2023-11-08T22:23:34.516+0000] {dagbag.py:536} INFO - Filling up the DagBag from /home/airflow/.local/lib/python3.8/site-packages/airflow/example_dags/example_setup_teardown.py
[2023-11-08T22:23:34.520+0000] {processor.py:839} INFO - DAG(s) dict_keys(['example_setup_teardown']) retrieved from /home/airflow/.local/lib/python3.8/site-packages/airflow/example_dags/example_setup_teardown.py
[2023-11-08T22:23:34.531+0000] {logging_mixin.py:154} INFO - [2023-11-08T22:23:34.531+0000] {dag.py:2941} INFO - Sync 1 DAGs
[2023-11-08T22:23:34.627+0000] {logging_mixin.py:154} INFO - [2023-11-08T22:23:34.627+0000] {dag.py:3722} INFO - Setting next_dagrun for example_setup_teardown to 2023-11-07T22:23:34.543253+00:00, run_after=2023-11-08T22:23:34.543253+00:00
[2023-11-08T22:23:34.646+0000] {processor.py:179} INFO - Processing /home/airflow/.local/lib/python3.8/site-packages/airflow/example_dags/example_setup_teardown.py took 0.133 seconds
[2023-11-08T22:24:05.502+0000] {processor.py:157} INFO - Started process (PID=1351) to work on /home/airflow/.local/lib/python3.8/site-packages/airflow/example_dags/example_setup_teardown.py
[2023-11-08T22:24:05.502+0000] {processor.py:829} INFO - Processing file /home/airflow/.local/lib/python3.8/site-packages/airflow/example_dags/example_setup_teardown.py for tasks to queue
[2023-11-08T22:24:05.503+0000] {logging_mixin.py:154} INFO - [2023-11-08T22:24:05.503+0000] {dagbag.py:536} INFO - Filling up the DagBag from /home/airflow/.local/lib/python3.8/site-packages/airflow/example_dags/example_setup_teardown.py
[2023-11-08T22:24:05.507+0000] {processor.py:839} INFO - DAG(s) dict_keys(['example_setup_teardown']) retrieved from /home/airflow/.local/lib/python3.8/site-packages/airflow/example_dags/example_setup_teardown.py
[2023-11-08T22:24:05.519+0000] {logging_mixin.py:154} INFO - [2023-11-08T22:24:05.519+0000] {dag.py:2941} INFO - Sync 1 DAGs
[2023-11-08T22:24:05.532+0000] {logging_mixin.py:154} INFO - [2023-11-08T22:24:05.532+0000] {dag.py:3722} INFO - Setting next_dagrun for example_setup_teardown to 2023-11-07T22:24:05.532017+00:00, run_after=2023-11-08T22:24:05.532017+00:00
[2023-11-08T22:24:05.541+0000] {processor.py:179} INFO - Processing /home/airflow/.local/lib/python3.8/site-packages/airflow/example_dags/example_setup_teardown.py took 0.041 seconds
[2023-11-08T22:24:36.357+0000] {processor.py:157} INFO - Started process (PID=1405) to work on /home/airflow/.local/lib/python3.8/site-packages/airflow/example_dags/example_setup_teardown.py
[2023-11-08T22:24:36.357+0000] {processor.py:829} INFO - Processing file /home/airflow/.local/lib/python3.8/site-packages/airflow/example_dags/example_setup_teardown.py for tasks to queue
[2023-11-08T22:24:36.358+0000] {logging_mixin.py:154} INFO - [2023-11-08T22:24:36.358+0000] {dagbag.py:536} INFO - Filling up the DagBag from /home/airflow/.local/lib/python3.8/site-packages/airflow/example_dags/example_setup_teardown.py
[2023-11-08T22:24:36.362+0000] {processor.py:839} INFO - DAG(s) dict_keys(['example_setup_teardown']) retrieved from /home/airflow/.local/lib/python3.8/site-packages/airflow/example_dags/example_setup_teardown.py
[2023-11-08T22:24:36.468+0000] {logging_mixin.py:154} INFO - [2023-11-08T22:24:36.468+0000] {dag.py:2941} INFO - Sync 1 DAGs
[2023-11-08T22:24:36.479+0000] {logging_mixin.py:154} INFO - [2023-11-08T22:24:36.479+0000] {dag.py:3722} INFO - Setting next_dagrun for example_setup_teardown to 2023-11-07T22:24:36.479272+00:00, run_after=2023-11-08T22:24:36.479272+00:00
[2023-11-08T22:24:36.497+0000] {processor.py:179} INFO - Processing /home/airflow/.local/lib/python3.8/site-packages/airflow/example_dags/example_setup_teardown.py took 0.142 seconds
[2023-11-08T22:25:06.709+0000] {processor.py:157} INFO - Started process (PID=1459) to work on /home/airflow/.local/lib/python3.8/site-packages/airflow/example_dags/example_setup_teardown.py
[2023-11-08T22:25:06.709+0000] {processor.py:829} INFO - Processing file /home/airflow/.local/lib/python3.8/site-packages/airflow/example_dags/example_setup_teardown.py for tasks to queue
[2023-11-08T22:25:06.711+0000] {logging_mixin.py:154} INFO - [2023-11-08T22:25:06.711+0000] {dagbag.py:536} INFO - Filling up the DagBag from /home/airflow/.local/lib/python3.8/site-packages/airflow/example_dags/example_setup_teardown.py
[2023-11-08T22:25:06.714+0000] {processor.py:839} INFO - DAG(s) dict_keys(['example_setup_teardown']) retrieved from /home/airflow/.local/lib/python3.8/site-packages/airflow/example_dags/example_setup_teardown.py
[2023-11-08T22:25:06.730+0000] {logging_mixin.py:154} INFO - [2023-11-08T22:25:06.729+0000] {dag.py:2941} INFO - Sync 1 DAGs
[2023-11-08T22:25:06.837+0000] {logging_mixin.py:154} INFO - [2023-11-08T22:25:06.836+0000] {dag.py:3722} INFO - Setting next_dagrun for example_setup_teardown to 2023-11-07T22:25:06.743389+00:00, run_after=2023-11-08T22:25:06.743389+00:00
[2023-11-08T22:25:06.859+0000] {processor.py:179} INFO - Processing /home/airflow/.local/lib/python3.8/site-packages/airflow/example_dags/example_setup_teardown.py took 0.152 seconds
[2023-11-08T22:25:37.513+0000] {processor.py:157} INFO - Started process (PID=1513) to work on /home/airflow/.local/lib/python3.8/site-packages/airflow/example_dags/example_setup_teardown.py
[2023-11-08T22:25:37.514+0000] {processor.py:829} INFO - Processing file /home/airflow/.local/lib/python3.8/site-packages/airflow/example_dags/example_setup_teardown.py for tasks to queue
[2023-11-08T22:25:37.515+0000] {logging_mixin.py:154} INFO - [2023-11-08T22:25:37.515+0000] {dagbag.py:536} INFO - Filling up the DagBag from /home/airflow/.local/lib/python3.8/site-packages/airflow/example_dags/example_setup_teardown.py
[2023-11-08T22:25:37.518+0000] {processor.py:839} INFO - DAG(s) dict_keys(['example_setup_teardown']) retrieved from /home/airflow/.local/lib/python3.8/site-packages/airflow/example_dags/example_setup_teardown.py
[2023-11-08T22:25:37.531+0000] {logging_mixin.py:154} INFO - [2023-11-08T22:25:37.531+0000] {dag.py:2941} INFO - Sync 1 DAGs
[2023-11-08T22:25:37.543+0000] {logging_mixin.py:154} INFO - [2023-11-08T22:25:37.543+0000] {dag.py:3722} INFO - Setting next_dagrun for example_setup_teardown to 2023-11-07T22:25:37.543335+00:00, run_after=2023-11-08T22:25:37.543335+00:00
[2023-11-08T22:25:37.552+0000] {processor.py:179} INFO - Processing /home/airflow/.local/lib/python3.8/site-packages/airflow/example_dags/example_setup_teardown.py took 0.041 seconds
[2023-11-08T22:26:08.093+0000] {processor.py:157} INFO - Started process (PID=1567) to work on /home/airflow/.local/lib/python3.8/site-packages/airflow/example_dags/example_setup_teardown.py
[2023-11-08T22:26:08.093+0000] {processor.py:829} INFO - Processing file /home/airflow/.local/lib/python3.8/site-packages/airflow/example_dags/example_setup_teardown.py for tasks to queue
[2023-11-08T22:26:08.095+0000] {logging_mixin.py:154} INFO - [2023-11-08T22:26:08.095+0000] {dagbag.py:536} INFO - Filling up the DagBag from /home/airflow/.local/lib/python3.8/site-packages/airflow/example_dags/example_setup_teardown.py
[2023-11-08T22:26:08.099+0000] {processor.py:839} INFO - DAG(s) dict_keys(['example_setup_teardown']) retrieved from /home/airflow/.local/lib/python3.8/site-packages/airflow/example_dags/example_setup_teardown.py
[2023-11-08T22:26:08.112+0000] {logging_mixin.py:154} INFO - [2023-11-08T22:26:08.112+0000] {dag.py:2941} INFO - Sync 1 DAGs
[2023-11-08T22:26:08.130+0000] {logging_mixin.py:154} INFO - [2023-11-08T22:26:08.130+0000] {dag.py:3722} INFO - Setting next_dagrun for example_setup_teardown to 2023-11-07T22:26:08.130249+00:00, run_after=2023-11-08T22:26:08.130249+00:00
[2023-11-08T22:26:08.143+0000] {processor.py:179} INFO - Processing /home/airflow/.local/lib/python3.8/site-packages/airflow/example_dags/example_setup_teardown.py took 0.053 seconds
[2023-11-08T22:26:38.753+0000] {processor.py:157} INFO - Started process (PID=1621) to work on /home/airflow/.local/lib/python3.8/site-packages/airflow/example_dags/example_setup_teardown.py
[2023-11-08T22:26:38.753+0000] {processor.py:829} INFO - Processing file /home/airflow/.local/lib/python3.8/site-packages/airflow/example_dags/example_setup_teardown.py for tasks to queue
[2023-11-08T22:26:38.755+0000] {logging_mixin.py:154} INFO - [2023-11-08T22:26:38.755+0000] {dagbag.py:536} INFO - Filling up the DagBag from /home/airflow/.local/lib/python3.8/site-packages/airflow/example_dags/example_setup_teardown.py
[2023-11-08T22:26:38.759+0000] {processor.py:839} INFO - DAG(s) dict_keys(['example_setup_teardown']) retrieved from /home/airflow/.local/lib/python3.8/site-packages/airflow/example_dags/example_setup_teardown.py
[2023-11-08T22:26:38.771+0000] {logging_mixin.py:154} INFO - [2023-11-08T22:26:38.771+0000] {dag.py:2941} INFO - Sync 1 DAGs
[2023-11-08T22:26:38.783+0000] {logging_mixin.py:154} INFO - [2023-11-08T22:26:38.783+0000] {dag.py:3722} INFO - Setting next_dagrun for example_setup_teardown to 2023-11-07T22:26:38.783711+00:00, run_after=2023-11-08T22:26:38.783711+00:00
[2023-11-08T22:26:38.793+0000] {processor.py:179} INFO - Processing /home/airflow/.local/lib/python3.8/site-packages/airflow/example_dags/example_setup_teardown.py took 0.042 seconds
[2023-11-08T22:27:16.961+0000] {processor.py:157} INFO - Started process (PID=55) to work on /home/airflow/.local/lib/python3.8/site-packages/airflow/example_dags/example_setup_teardown.py
[2023-11-08T22:27:16.962+0000] {processor.py:829} INFO - Processing file /home/airflow/.local/lib/python3.8/site-packages/airflow/example_dags/example_setup_teardown.py for tasks to queue
[2023-11-08T22:27:16.963+0000] {logging_mixin.py:154} INFO - [2023-11-08T22:27:16.963+0000] {dagbag.py:536} INFO - Filling up the DagBag from /home/airflow/.local/lib/python3.8/site-packages/airflow/example_dags/example_setup_teardown.py
[2023-11-08T22:27:16.972+0000] {processor.py:839} INFO - DAG(s) dict_keys(['example_setup_teardown']) retrieved from /home/airflow/.local/lib/python3.8/site-packages/airflow/example_dags/example_setup_teardown.py
[2023-11-08T22:27:16.981+0000] {logging_mixin.py:154} INFO - [2023-11-08T22:27:16.981+0000] {dag.py:2941} INFO - Sync 1 DAGs
[2023-11-08T22:27:17.003+0000] {logging_mixin.py:154} INFO - [2023-11-08T22:27:17.003+0000] {dag.py:3722} INFO - Setting next_dagrun for example_setup_teardown to 2023-11-07T22:27:17.002773+00:00, run_after=2023-11-08T22:27:17.002773+00:00
[2023-11-08T22:27:17.021+0000] {processor.py:179} INFO - Processing /home/airflow/.local/lib/python3.8/site-packages/airflow/example_dags/example_setup_teardown.py took 0.063 seconds
[2023-11-08T22:27:47.832+0000] {processor.py:157} INFO - Started process (PID=109) to work on /home/airflow/.local/lib/python3.8/site-packages/airflow/example_dags/example_setup_teardown.py
[2023-11-08T22:27:47.833+0000] {processor.py:829} INFO - Processing file /home/airflow/.local/lib/python3.8/site-packages/airflow/example_dags/example_setup_teardown.py for tasks to queue
[2023-11-08T22:27:47.834+0000] {logging_mixin.py:154} INFO - [2023-11-08T22:27:47.834+0000] {dagbag.py:536} INFO - Filling up the DagBag from /home/airflow/.local/lib/python3.8/site-packages/airflow/example_dags/example_setup_teardown.py
[2023-11-08T22:27:47.837+0000] {processor.py:839} INFO - DAG(s) dict_keys(['example_setup_teardown']) retrieved from /home/airflow/.local/lib/python3.8/site-packages/airflow/example_dags/example_setup_teardown.py
[2023-11-08T22:27:47.852+0000] {logging_mixin.py:154} INFO - [2023-11-08T22:27:47.852+0000] {dag.py:2941} INFO - Sync 1 DAGs
[2023-11-08T22:27:47.869+0000] {logging_mixin.py:154} INFO - [2023-11-08T22:27:47.868+0000] {dag.py:3722} INFO - Setting next_dagrun for example_setup_teardown to 2023-11-07T22:27:47.868803+00:00, run_after=2023-11-08T22:27:47.868803+00:00
[2023-11-08T22:27:47.881+0000] {processor.py:179} INFO - Processing /home/airflow/.local/lib/python3.8/site-packages/airflow/example_dags/example_setup_teardown.py took 0.051 seconds
[2023-11-08T22:28:17.979+0000] {processor.py:157} INFO - Started process (PID=163) to work on /home/airflow/.local/lib/python3.8/site-packages/airflow/example_dags/example_setup_teardown.py
[2023-11-08T22:28:17.979+0000] {processor.py:829} INFO - Processing file /home/airflow/.local/lib/python3.8/site-packages/airflow/example_dags/example_setup_teardown.py for tasks to queue
[2023-11-08T22:28:17.980+0000] {logging_mixin.py:154} INFO - [2023-11-08T22:28:17.980+0000] {dagbag.py:536} INFO - Filling up the DagBag from /home/airflow/.local/lib/python3.8/site-packages/airflow/example_dags/example_setup_teardown.py
[2023-11-08T22:28:17.984+0000] {processor.py:839} INFO - DAG(s) dict_keys(['example_setup_teardown']) retrieved from /home/airflow/.local/lib/python3.8/site-packages/airflow/example_dags/example_setup_teardown.py
[2023-11-08T22:28:17.997+0000] {logging_mixin.py:154} INFO - [2023-11-08T22:28:17.996+0000] {dag.py:2941} INFO - Sync 1 DAGs
[2023-11-08T22:28:18.012+0000] {logging_mixin.py:154} INFO - [2023-11-08T22:28:18.012+0000] {dag.py:3722} INFO - Setting next_dagrun for example_setup_teardown to 2023-11-07T22:28:18.012068+00:00, run_after=2023-11-08T22:28:18.012068+00:00
[2023-11-08T22:28:18.027+0000] {processor.py:179} INFO - Processing /home/airflow/.local/lib/python3.8/site-packages/airflow/example_dags/example_setup_teardown.py took 0.050 seconds
[2023-11-08T22:28:48.137+0000] {processor.py:157} INFO - Started process (PID=217) to work on /home/airflow/.local/lib/python3.8/site-packages/airflow/example_dags/example_setup_teardown.py
[2023-11-08T22:28:48.137+0000] {processor.py:829} INFO - Processing file /home/airflow/.local/lib/python3.8/site-packages/airflow/example_dags/example_setup_teardown.py for tasks to queue
[2023-11-08T22:28:48.138+0000] {logging_mixin.py:154} INFO - [2023-11-08T22:28:48.138+0000] {dagbag.py:536} INFO - Filling up the DagBag from /home/airflow/.local/lib/python3.8/site-packages/airflow/example_dags/example_setup_teardown.py
[2023-11-08T22:28:48.142+0000] {processor.py:839} INFO - DAG(s) dict_keys(['example_setup_teardown']) retrieved from /home/airflow/.local/lib/python3.8/site-packages/airflow/example_dags/example_setup_teardown.py
[2023-11-08T22:28:48.153+0000] {logging_mixin.py:154} INFO - [2023-11-08T22:28:48.153+0000] {dag.py:2941} INFO - Sync 1 DAGs
[2023-11-08T22:28:48.167+0000] {logging_mixin.py:154} INFO - [2023-11-08T22:28:48.166+0000] {dag.py:3722} INFO - Setting next_dagrun for example_setup_teardown to 2023-11-07T22:28:48.166830+00:00, run_after=2023-11-08T22:28:48.166830+00:00
[2023-11-08T22:28:48.177+0000] {processor.py:179} INFO - Processing /home/airflow/.local/lib/python3.8/site-packages/airflow/example_dags/example_setup_teardown.py took 0.042 seconds
[2023-11-08T22:29:18.872+0000] {processor.py:157} INFO - Started process (PID=271) to work on /home/airflow/.local/lib/python3.8/site-packages/airflow/example_dags/example_setup_teardown.py
[2023-11-08T22:29:18.873+0000] {processor.py:829} INFO - Processing file /home/airflow/.local/lib/python3.8/site-packages/airflow/example_dags/example_setup_teardown.py for tasks to queue
[2023-11-08T22:29:18.874+0000] {logging_mixin.py:154} INFO - [2023-11-08T22:29:18.874+0000] {dagbag.py:536} INFO - Filling up the DagBag from /home/airflow/.local/lib/python3.8/site-packages/airflow/example_dags/example_setup_teardown.py
[2023-11-08T22:29:18.878+0000] {processor.py:839} INFO - DAG(s) dict_keys(['example_setup_teardown']) retrieved from /home/airflow/.local/lib/python3.8/site-packages/airflow/example_dags/example_setup_teardown.py
[2023-11-08T22:29:18.890+0000] {logging_mixin.py:154} INFO - [2023-11-08T22:29:18.890+0000] {dag.py:2941} INFO - Sync 1 DAGs
[2023-11-08T22:29:18.904+0000] {logging_mixin.py:154} INFO - [2023-11-08T22:29:18.904+0000] {dag.py:3722} INFO - Setting next_dagrun for example_setup_teardown to 2023-11-07T22:29:18.904293+00:00, run_after=2023-11-08T22:29:18.904293+00:00
[2023-11-08T22:29:18.915+0000] {processor.py:179} INFO - Processing /home/airflow/.local/lib/python3.8/site-packages/airflow/example_dags/example_setup_teardown.py took 0.045 seconds
[2023-11-08T22:29:49.058+0000] {processor.py:157} INFO - Started process (PID=326) to work on /home/airflow/.local/lib/python3.8/site-packages/airflow/example_dags/example_setup_teardown.py
[2023-11-08T22:29:49.059+0000] {processor.py:829} INFO - Processing file /home/airflow/.local/lib/python3.8/site-packages/airflow/example_dags/example_setup_teardown.py for tasks to queue
[2023-11-08T22:29:49.060+0000] {logging_mixin.py:154} INFO - [2023-11-08T22:29:49.060+0000] {dagbag.py:536} INFO - Filling up the DagBag from /home/airflow/.local/lib/python3.8/site-packages/airflow/example_dags/example_setup_teardown.py
[2023-11-08T22:29:49.064+0000] {processor.py:839} INFO - DAG(s) dict_keys(['example_setup_teardown']) retrieved from /home/airflow/.local/lib/python3.8/site-packages/airflow/example_dags/example_setup_teardown.py
[2023-11-08T22:29:49.076+0000] {logging_mixin.py:154} INFO - [2023-11-08T22:29:49.076+0000] {dag.py:2941} INFO - Sync 1 DAGs
[2023-11-08T22:29:49.089+0000] {logging_mixin.py:154} INFO - [2023-11-08T22:29:49.089+0000] {dag.py:3722} INFO - Setting next_dagrun for example_setup_teardown to 2023-11-07T22:29:49.089238+00:00, run_after=2023-11-08T22:29:49.089238+00:00
[2023-11-08T22:29:49.099+0000] {processor.py:179} INFO - Processing /home/airflow/.local/lib/python3.8/site-packages/airflow/example_dags/example_setup_teardown.py took 0.042 seconds
[2023-11-08T22:30:19.784+0000] {processor.py:157} INFO - Started process (PID=380) to work on /home/airflow/.local/lib/python3.8/site-packages/airflow/example_dags/example_setup_teardown.py
[2023-11-08T22:30:19.785+0000] {processor.py:829} INFO - Processing file /home/airflow/.local/lib/python3.8/site-packages/airflow/example_dags/example_setup_teardown.py for tasks to queue
[2023-11-08T22:30:19.786+0000] {logging_mixin.py:154} INFO - [2023-11-08T22:30:19.786+0000] {dagbag.py:536} INFO - Filling up the DagBag from /home/airflow/.local/lib/python3.8/site-packages/airflow/example_dags/example_setup_teardown.py
[2023-11-08T22:30:19.790+0000] {processor.py:839} INFO - DAG(s) dict_keys(['example_setup_teardown']) retrieved from /home/airflow/.local/lib/python3.8/site-packages/airflow/example_dags/example_setup_teardown.py
[2023-11-08T22:30:19.802+0000] {logging_mixin.py:154} INFO - [2023-11-08T22:30:19.802+0000] {dag.py:2941} INFO - Sync 1 DAGs
[2023-11-08T22:30:19.815+0000] {logging_mixin.py:154} INFO - [2023-11-08T22:30:19.815+0000] {dag.py:3722} INFO - Setting next_dagrun for example_setup_teardown to 2023-11-07T22:30:19.815447+00:00, run_after=2023-11-08T22:30:19.815447+00:00
[2023-11-08T22:30:19.825+0000] {processor.py:179} INFO - Processing /home/airflow/.local/lib/python3.8/site-packages/airflow/example_dags/example_setup_teardown.py took 0.043 seconds
[2023-11-08T22:30:50.450+0000] {processor.py:157} INFO - Started process (PID=434) to work on /home/airflow/.local/lib/python3.8/site-packages/airflow/example_dags/example_setup_teardown.py
[2023-11-08T22:30:50.450+0000] {processor.py:829} INFO - Processing file /home/airflow/.local/lib/python3.8/site-packages/airflow/example_dags/example_setup_teardown.py for tasks to queue
[2023-11-08T22:30:50.452+0000] {logging_mixin.py:154} INFO - [2023-11-08T22:30:50.452+0000] {dagbag.py:536} INFO - Filling up the DagBag from /home/airflow/.local/lib/python3.8/site-packages/airflow/example_dags/example_setup_teardown.py
[2023-11-08T22:30:50.457+0000] {processor.py:839} INFO - DAG(s) dict_keys(['example_setup_teardown']) retrieved from /home/airflow/.local/lib/python3.8/site-packages/airflow/example_dags/example_setup_teardown.py
[2023-11-08T22:30:50.473+0000] {logging_mixin.py:154} INFO - [2023-11-08T22:30:50.473+0000] {dag.py:2941} INFO - Sync 1 DAGs
[2023-11-08T22:30:50.490+0000] {logging_mixin.py:154} INFO - [2023-11-08T22:30:50.490+0000] {dag.py:3722} INFO - Setting next_dagrun for example_setup_teardown to 2023-11-07T22:30:50.490173+00:00, run_after=2023-11-08T22:30:50.490173+00:00
[2023-11-08T22:30:50.501+0000] {processor.py:179} INFO - Processing /home/airflow/.local/lib/python3.8/site-packages/airflow/example_dags/example_setup_teardown.py took 0.053 seconds
[2023-11-08T22:31:21.454+0000] {processor.py:157} INFO - Started process (PID=488) to work on /home/airflow/.local/lib/python3.8/site-packages/airflow/example_dags/example_setup_teardown.py
[2023-11-08T22:31:21.455+0000] {processor.py:829} INFO - Processing file /home/airflow/.local/lib/python3.8/site-packages/airflow/example_dags/example_setup_teardown.py for tasks to queue
[2023-11-08T22:31:21.457+0000] {logging_mixin.py:154} INFO - [2023-11-08T22:31:21.456+0000] {dagbag.py:536} INFO - Filling up the DagBag from /home/airflow/.local/lib/python3.8/site-packages/airflow/example_dags/example_setup_teardown.py
[2023-11-08T22:31:21.464+0000] {processor.py:839} INFO - DAG(s) dict_keys(['example_setup_teardown']) retrieved from /home/airflow/.local/lib/python3.8/site-packages/airflow/example_dags/example_setup_teardown.py
[2023-11-08T22:31:21.483+0000] {logging_mixin.py:154} INFO - [2023-11-08T22:31:21.483+0000] {dag.py:2941} INFO - Sync 1 DAGs
[2023-11-08T22:31:21.504+0000] {logging_mixin.py:154} INFO - [2023-11-08T22:31:21.504+0000] {dag.py:3722} INFO - Setting next_dagrun for example_setup_teardown to 2023-11-07T22:31:21.504159+00:00, run_after=2023-11-08T22:31:21.504159+00:00
[2023-11-08T22:31:21.524+0000] {processor.py:179} INFO - Processing /home/airflow/.local/lib/python3.8/site-packages/airflow/example_dags/example_setup_teardown.py took 0.072 seconds
[2023-11-08T22:31:51.612+0000] {processor.py:157} INFO - Started process (PID=542) to work on /home/airflow/.local/lib/python3.8/site-packages/airflow/example_dags/example_setup_teardown.py
[2023-11-08T22:31:51.613+0000] {processor.py:829} INFO - Processing file /home/airflow/.local/lib/python3.8/site-packages/airflow/example_dags/example_setup_teardown.py for tasks to queue
[2023-11-08T22:31:51.615+0000] {logging_mixin.py:154} INFO - [2023-11-08T22:31:51.614+0000] {dagbag.py:536} INFO - Filling up the DagBag from /home/airflow/.local/lib/python3.8/site-packages/airflow/example_dags/example_setup_teardown.py
[2023-11-08T22:31:51.619+0000] {processor.py:839} INFO - DAG(s) dict_keys(['example_setup_teardown']) retrieved from /home/airflow/.local/lib/python3.8/site-packages/airflow/example_dags/example_setup_teardown.py
[2023-11-08T22:31:51.635+0000] {logging_mixin.py:154} INFO - [2023-11-08T22:31:51.635+0000] {dag.py:2941} INFO - Sync 1 DAGs
[2023-11-08T22:31:51.654+0000] {logging_mixin.py:154} INFO - [2023-11-08T22:31:51.654+0000] {dag.py:3722} INFO - Setting next_dagrun for example_setup_teardown to 2023-11-07T22:31:51.654489+00:00, run_after=2023-11-08T22:31:51.654489+00:00
[2023-11-08T22:31:51.668+0000] {processor.py:179} INFO - Processing /home/airflow/.local/lib/python3.8/site-packages/airflow/example_dags/example_setup_teardown.py took 0.058 seconds
[2023-11-08T22:32:22.618+0000] {processor.py:157} INFO - Started process (PID=597) to work on /home/airflow/.local/lib/python3.8/site-packages/airflow/example_dags/example_setup_teardown.py
[2023-11-08T22:32:22.619+0000] {processor.py:829} INFO - Processing file /home/airflow/.local/lib/python3.8/site-packages/airflow/example_dags/example_setup_teardown.py for tasks to queue
[2023-11-08T22:32:22.621+0000] {logging_mixin.py:154} INFO - [2023-11-08T22:32:22.620+0000] {dagbag.py:536} INFO - Filling up the DagBag from /home/airflow/.local/lib/python3.8/site-packages/airflow/example_dags/example_setup_teardown.py
[2023-11-08T22:32:22.626+0000] {processor.py:839} INFO - DAG(s) dict_keys(['example_setup_teardown']) retrieved from /home/airflow/.local/lib/python3.8/site-packages/airflow/example_dags/example_setup_teardown.py
[2023-11-08T22:32:22.640+0000] {logging_mixin.py:154} INFO - [2023-11-08T22:32:22.640+0000] {dag.py:2941} INFO - Sync 1 DAGs
[2023-11-08T22:32:22.656+0000] {logging_mixin.py:154} INFO - [2023-11-08T22:32:22.656+0000] {dag.py:3722} INFO - Setting next_dagrun for example_setup_teardown to 2023-11-07T22:32:22.656096+00:00, run_after=2023-11-08T22:32:22.656096+00:00
[2023-11-08T22:32:22.669+0000] {processor.py:179} INFO - Processing /home/airflow/.local/lib/python3.8/site-packages/airflow/example_dags/example_setup_teardown.py took 0.052 seconds
[2023-11-08T22:32:52.753+0000] {processor.py:157} INFO - Started process (PID=652) to work on /home/airflow/.local/lib/python3.8/site-packages/airflow/example_dags/example_setup_teardown.py
[2023-11-08T22:32:52.754+0000] {processor.py:829} INFO - Processing file /home/airflow/.local/lib/python3.8/site-packages/airflow/example_dags/example_setup_teardown.py for tasks to queue
[2023-11-08T22:32:52.755+0000] {logging_mixin.py:154} INFO - [2023-11-08T22:32:52.755+0000] {dagbag.py:536} INFO - Filling up the DagBag from /home/airflow/.local/lib/python3.8/site-packages/airflow/example_dags/example_setup_teardown.py
[2023-11-08T22:32:52.759+0000] {processor.py:839} INFO - DAG(s) dict_keys(['example_setup_teardown']) retrieved from /home/airflow/.local/lib/python3.8/site-packages/airflow/example_dags/example_setup_teardown.py
[2023-11-08T22:32:52.770+0000] {logging_mixin.py:154} INFO - [2023-11-08T22:32:52.770+0000] {dag.py:2941} INFO - Sync 1 DAGs
[2023-11-08T22:32:52.782+0000] {logging_mixin.py:154} INFO - [2023-11-08T22:32:52.782+0000] {dag.py:3722} INFO - Setting next_dagrun for example_setup_teardown to 2023-11-07T22:32:52.782582+00:00, run_after=2023-11-08T22:32:52.782582+00:00
[2023-11-08T22:32:52.793+0000] {processor.py:179} INFO - Processing /home/airflow/.local/lib/python3.8/site-packages/airflow/example_dags/example_setup_teardown.py took 0.041 seconds
[2023-11-08T22:33:22.936+0000] {processor.py:157} INFO - Started process (PID=707) to work on /home/airflow/.local/lib/python3.8/site-packages/airflow/example_dags/example_setup_teardown.py
[2023-11-08T22:33:22.936+0000] {processor.py:829} INFO - Processing file /home/airflow/.local/lib/python3.8/site-packages/airflow/example_dags/example_setup_teardown.py for tasks to queue
[2023-11-08T22:33:22.938+0000] {logging_mixin.py:154} INFO - [2023-11-08T22:33:22.938+0000] {dagbag.py:536} INFO - Filling up the DagBag from /home/airflow/.local/lib/python3.8/site-packages/airflow/example_dags/example_setup_teardown.py
[2023-11-08T22:33:22.941+0000] {processor.py:839} INFO - DAG(s) dict_keys(['example_setup_teardown']) retrieved from /home/airflow/.local/lib/python3.8/site-packages/airflow/example_dags/example_setup_teardown.py
[2023-11-08T22:33:22.953+0000] {logging_mixin.py:154} INFO - [2023-11-08T22:33:22.953+0000] {dag.py:2941} INFO - Sync 1 DAGs
[2023-11-08T22:33:22.966+0000] {logging_mixin.py:154} INFO - [2023-11-08T22:33:22.966+0000] {dag.py:3722} INFO - Setting next_dagrun for example_setup_teardown to 2023-11-07T22:33:22.965926+00:00, run_after=2023-11-08T22:33:22.965926+00:00
[2023-11-08T22:33:22.975+0000] {processor.py:179} INFO - Processing /home/airflow/.local/lib/python3.8/site-packages/airflow/example_dags/example_setup_teardown.py took 0.042 seconds
[2023-11-08T22:33:53.017+0000] {processor.py:157} INFO - Started process (PID=762) to work on /home/airflow/.local/lib/python3.8/site-packages/airflow/example_dags/example_setup_teardown.py
[2023-11-08T22:33:53.018+0000] {processor.py:829} INFO - Processing file /home/airflow/.local/lib/python3.8/site-packages/airflow/example_dags/example_setup_teardown.py for tasks to queue
[2023-11-08T22:33:53.019+0000] {logging_mixin.py:154} INFO - [2023-11-08T22:33:53.019+0000] {dagbag.py:536} INFO - Filling up the DagBag from /home/airflow/.local/lib/python3.8/site-packages/airflow/example_dags/example_setup_teardown.py
[2023-11-08T22:33:53.022+0000] {processor.py:839} INFO - DAG(s) dict_keys(['example_setup_teardown']) retrieved from /home/airflow/.local/lib/python3.8/site-packages/airflow/example_dags/example_setup_teardown.py
[2023-11-08T22:33:53.034+0000] {logging_mixin.py:154} INFO - [2023-11-08T22:33:53.034+0000] {dag.py:2941} INFO - Sync 1 DAGs
[2023-11-08T22:33:53.046+0000] {logging_mixin.py:154} INFO - [2023-11-08T22:33:53.046+0000] {dag.py:3722} INFO - Setting next_dagrun for example_setup_teardown to 2023-11-07T22:33:53.046581+00:00, run_after=2023-11-08T22:33:53.046581+00:00
[2023-11-08T22:33:53.055+0000] {processor.py:179} INFO - Processing /home/airflow/.local/lib/python3.8/site-packages/airflow/example_dags/example_setup_teardown.py took 0.040 seconds
[2023-11-08T22:34:23.624+0000] {processor.py:157} INFO - Started process (PID=817) to work on /home/airflow/.local/lib/python3.8/site-packages/airflow/example_dags/example_setup_teardown.py
[2023-11-08T22:34:23.625+0000] {processor.py:829} INFO - Processing file /home/airflow/.local/lib/python3.8/site-packages/airflow/example_dags/example_setup_teardown.py for tasks to queue
[2023-11-08T22:34:23.626+0000] {logging_mixin.py:154} INFO - [2023-11-08T22:34:23.626+0000] {dagbag.py:536} INFO - Filling up the DagBag from /home/airflow/.local/lib/python3.8/site-packages/airflow/example_dags/example_setup_teardown.py
[2023-11-08T22:34:23.630+0000] {processor.py:839} INFO - DAG(s) dict_keys(['example_setup_teardown']) retrieved from /home/airflow/.local/lib/python3.8/site-packages/airflow/example_dags/example_setup_teardown.py
[2023-11-08T22:34:23.641+0000] {logging_mixin.py:154} INFO - [2023-11-08T22:34:23.641+0000] {dag.py:2941} INFO - Sync 1 DAGs
[2023-11-08T22:34:23.654+0000] {logging_mixin.py:154} INFO - [2023-11-08T22:34:23.653+0000] {dag.py:3722} INFO - Setting next_dagrun for example_setup_teardown to 2023-11-07T22:34:23.653769+00:00, run_after=2023-11-08T22:34:23.653769+00:00
[2023-11-08T22:34:23.662+0000] {processor.py:179} INFO - Processing /home/airflow/.local/lib/python3.8/site-packages/airflow/example_dags/example_setup_teardown.py took 0.040 seconds
[2023-11-08T22:34:54.138+0000] {processor.py:157} INFO - Started process (PID=872) to work on /home/airflow/.local/lib/python3.8/site-packages/airflow/example_dags/example_setup_teardown.py
[2023-11-08T22:34:54.138+0000] {processor.py:829} INFO - Processing file /home/airflow/.local/lib/python3.8/site-packages/airflow/example_dags/example_setup_teardown.py for tasks to queue
[2023-11-08T22:34:54.140+0000] {logging_mixin.py:154} INFO - [2023-11-08T22:34:54.140+0000] {dagbag.py:536} INFO - Filling up the DagBag from /home/airflow/.local/lib/python3.8/site-packages/airflow/example_dags/example_setup_teardown.py
[2023-11-08T22:34:54.143+0000] {processor.py:839} INFO - DAG(s) dict_keys(['example_setup_teardown']) retrieved from /home/airflow/.local/lib/python3.8/site-packages/airflow/example_dags/example_setup_teardown.py
[2023-11-08T22:34:54.156+0000] {logging_mixin.py:154} INFO - [2023-11-08T22:34:54.156+0000] {dag.py:2941} INFO - Sync 1 DAGs
[2023-11-08T22:34:54.171+0000] {logging_mixin.py:154} INFO - [2023-11-08T22:34:54.170+0000] {dag.py:3722} INFO - Setting next_dagrun for example_setup_teardown to 2023-11-07T22:34:54.170725+00:00, run_after=2023-11-08T22:34:54.170725+00:00
[2023-11-08T22:34:54.181+0000] {processor.py:179} INFO - Processing /home/airflow/.local/lib/python3.8/site-packages/airflow/example_dags/example_setup_teardown.py took 0.045 seconds
[2023-11-08T22:35:24.987+0000] {processor.py:157} INFO - Started process (PID=927) to work on /home/airflow/.local/lib/python3.8/site-packages/airflow/example_dags/example_setup_teardown.py
[2023-11-08T22:35:24.988+0000] {processor.py:829} INFO - Processing file /home/airflow/.local/lib/python3.8/site-packages/airflow/example_dags/example_setup_teardown.py for tasks to queue
[2023-11-08T22:35:24.989+0000] {logging_mixin.py:154} INFO - [2023-11-08T22:35:24.989+0000] {dagbag.py:536} INFO - Filling up the DagBag from /home/airflow/.local/lib/python3.8/site-packages/airflow/example_dags/example_setup_teardown.py
[2023-11-08T22:35:24.994+0000] {processor.py:839} INFO - DAG(s) dict_keys(['example_setup_teardown']) retrieved from /home/airflow/.local/lib/python3.8/site-packages/airflow/example_dags/example_setup_teardown.py
[2023-11-08T22:35:25.006+0000] {logging_mixin.py:154} INFO - [2023-11-08T22:35:25.006+0000] {dag.py:2941} INFO - Sync 1 DAGs
[2023-11-08T22:35:25.021+0000] {logging_mixin.py:154} INFO - [2023-11-08T22:35:25.021+0000] {dag.py:3722} INFO - Setting next_dagrun for example_setup_teardown to 2023-11-07T22:35:25.020886+00:00, run_after=2023-11-08T22:35:25.020886+00:00
[2023-11-08T22:35:25.031+0000] {processor.py:179} INFO - Processing /home/airflow/.local/lib/python3.8/site-packages/airflow/example_dags/example_setup_teardown.py took 0.045 seconds
[2023-11-08T22:35:55.966+0000] {processor.py:157} INFO - Started process (PID=982) to work on /home/airflow/.local/lib/python3.8/site-packages/airflow/example_dags/example_setup_teardown.py
[2023-11-08T22:35:55.966+0000] {processor.py:829} INFO - Processing file /home/airflow/.local/lib/python3.8/site-packages/airflow/example_dags/example_setup_teardown.py for tasks to queue
[2023-11-08T22:35:55.968+0000] {logging_mixin.py:154} INFO - [2023-11-08T22:35:55.967+0000] {dagbag.py:536} INFO - Filling up the DagBag from /home/airflow/.local/lib/python3.8/site-packages/airflow/example_dags/example_setup_teardown.py
[2023-11-08T22:35:55.971+0000] {processor.py:839} INFO - DAG(s) dict_keys(['example_setup_teardown']) retrieved from /home/airflow/.local/lib/python3.8/site-packages/airflow/example_dags/example_setup_teardown.py
[2023-11-08T22:35:55.985+0000] {logging_mixin.py:154} INFO - [2023-11-08T22:35:55.985+0000] {dag.py:2941} INFO - Sync 1 DAGs
[2023-11-08T22:35:55.998+0000] {logging_mixin.py:154} INFO - [2023-11-08T22:35:55.998+0000] {dag.py:3722} INFO - Setting next_dagrun for example_setup_teardown to 2023-11-07T22:35:55.998222+00:00, run_after=2023-11-08T22:35:55.998222+00:00
[2023-11-08T22:35:56.009+0000] {processor.py:179} INFO - Processing /home/airflow/.local/lib/python3.8/site-packages/airflow/example_dags/example_setup_teardown.py took 0.045 seconds
[2023-11-08T22:36:26.574+0000] {processor.py:157} INFO - Started process (PID=1037) to work on /home/airflow/.local/lib/python3.8/site-packages/airflow/example_dags/example_setup_teardown.py
[2023-11-08T22:36:26.575+0000] {processor.py:829} INFO - Processing file /home/airflow/.local/lib/python3.8/site-packages/airflow/example_dags/example_setup_teardown.py for tasks to queue
[2023-11-08T22:36:26.576+0000] {logging_mixin.py:154} INFO - [2023-11-08T22:36:26.576+0000] {dagbag.py:536} INFO - Filling up the DagBag from /home/airflow/.local/lib/python3.8/site-packages/airflow/example_dags/example_setup_teardown.py
[2023-11-08T22:36:26.579+0000] {processor.py:839} INFO - DAG(s) dict_keys(['example_setup_teardown']) retrieved from /home/airflow/.local/lib/python3.8/site-packages/airflow/example_dags/example_setup_teardown.py
[2023-11-08T22:36:26.592+0000] {logging_mixin.py:154} INFO - [2023-11-08T22:36:26.592+0000] {dag.py:2941} INFO - Sync 1 DAGs
[2023-11-08T22:36:26.606+0000] {logging_mixin.py:154} INFO - [2023-11-08T22:36:26.606+0000] {dag.py:3722} INFO - Setting next_dagrun for example_setup_teardown to 2023-11-07T22:36:26.605887+00:00, run_after=2023-11-08T22:36:26.605887+00:00
[2023-11-08T22:36:26.616+0000] {processor.py:179} INFO - Processing /home/airflow/.local/lib/python3.8/site-packages/airflow/example_dags/example_setup_teardown.py took 0.043 seconds
[2023-11-08T22:36:57.181+0000] {processor.py:157} INFO - Started process (PID=1094) to work on /home/airflow/.local/lib/python3.8/site-packages/airflow/example_dags/example_setup_teardown.py
[2023-11-08T22:36:57.181+0000] {processor.py:829} INFO - Processing file /home/airflow/.local/lib/python3.8/site-packages/airflow/example_dags/example_setup_teardown.py for tasks to queue
[2023-11-08T22:36:57.183+0000] {logging_mixin.py:154} INFO - [2023-11-08T22:36:57.183+0000] {dagbag.py:536} INFO - Filling up the DagBag from /home/airflow/.local/lib/python3.8/site-packages/airflow/example_dags/example_setup_teardown.py
[2023-11-08T22:36:57.186+0000] {processor.py:839} INFO - DAG(s) dict_keys(['example_setup_teardown']) retrieved from /home/airflow/.local/lib/python3.8/site-packages/airflow/example_dags/example_setup_teardown.py
[2023-11-08T22:36:57.198+0000] {logging_mixin.py:154} INFO - [2023-11-08T22:36:57.198+0000] {dag.py:2941} INFO - Sync 1 DAGs
[2023-11-08T22:36:57.211+0000] {logging_mixin.py:154} INFO - [2023-11-08T22:36:57.211+0000] {dag.py:3722} INFO - Setting next_dagrun for example_setup_teardown to 2023-11-07T22:36:57.211742+00:00, run_after=2023-11-08T22:36:57.211742+00:00
[2023-11-08T22:36:57.222+0000] {processor.py:179} INFO - Processing /home/airflow/.local/lib/python3.8/site-packages/airflow/example_dags/example_setup_teardown.py took 0.043 seconds
[2023-11-08T22:37:28.055+0000] {processor.py:157} INFO - Started process (PID=1149) to work on /home/airflow/.local/lib/python3.8/site-packages/airflow/example_dags/example_setup_teardown.py
[2023-11-08T22:37:28.055+0000] {processor.py:829} INFO - Processing file /home/airflow/.local/lib/python3.8/site-packages/airflow/example_dags/example_setup_teardown.py for tasks to queue
[2023-11-08T22:37:28.057+0000] {logging_mixin.py:154} INFO - [2023-11-08T22:37:28.056+0000] {dagbag.py:536} INFO - Filling up the DagBag from /home/airflow/.local/lib/python3.8/site-packages/airflow/example_dags/example_setup_teardown.py
[2023-11-08T22:37:28.060+0000] {processor.py:839} INFO - DAG(s) dict_keys(['example_setup_teardown']) retrieved from /home/airflow/.local/lib/python3.8/site-packages/airflow/example_dags/example_setup_teardown.py
[2023-11-08T22:37:28.076+0000] {logging_mixin.py:154} INFO - [2023-11-08T22:37:28.076+0000] {dag.py:2941} INFO - Sync 1 DAGs
[2023-11-08T22:37:28.089+0000] {logging_mixin.py:154} INFO - [2023-11-08T22:37:28.089+0000] {dag.py:3722} INFO - Setting next_dagrun for example_setup_teardown to 2023-11-07T22:37:28.089206+00:00, run_after=2023-11-08T22:37:28.089206+00:00
[2023-11-08T22:37:28.103+0000] {processor.py:179} INFO - Processing /home/airflow/.local/lib/python3.8/site-packages/airflow/example_dags/example_setup_teardown.py took 0.050 seconds
[2023-11-08T22:37:58.567+0000] {processor.py:157} INFO - Started process (PID=1204) to work on /home/airflow/.local/lib/python3.8/site-packages/airflow/example_dags/example_setup_teardown.py
[2023-11-08T22:37:58.567+0000] {processor.py:829} INFO - Processing file /home/airflow/.local/lib/python3.8/site-packages/airflow/example_dags/example_setup_teardown.py for tasks to queue
[2023-11-08T22:37:58.569+0000] {logging_mixin.py:154} INFO - [2023-11-08T22:37:58.569+0000] {dagbag.py:536} INFO - Filling up the DagBag from /home/airflow/.local/lib/python3.8/site-packages/airflow/example_dags/example_setup_teardown.py
[2023-11-08T22:37:58.572+0000] {processor.py:839} INFO - DAG(s) dict_keys(['example_setup_teardown']) retrieved from /home/airflow/.local/lib/python3.8/site-packages/airflow/example_dags/example_setup_teardown.py
[2023-11-08T22:37:58.584+0000] {logging_mixin.py:154} INFO - [2023-11-08T22:37:58.584+0000] {dag.py:2941} INFO - Sync 1 DAGs
[2023-11-08T22:37:58.597+0000] {logging_mixin.py:154} INFO - [2023-11-08T22:37:58.597+0000] {dag.py:3722} INFO - Setting next_dagrun for example_setup_teardown to 2023-11-07T22:37:58.597292+00:00, run_after=2023-11-08T22:37:58.597292+00:00
[2023-11-08T22:37:58.607+0000] {processor.py:179} INFO - Processing /home/airflow/.local/lib/python3.8/site-packages/airflow/example_dags/example_setup_teardown.py took 0.042 seconds
[2023-11-08T22:38:29.125+0000] {processor.py:157} INFO - Started process (PID=1259) to work on /home/airflow/.local/lib/python3.8/site-packages/airflow/example_dags/example_setup_teardown.py
[2023-11-08T22:38:29.125+0000] {processor.py:829} INFO - Processing file /home/airflow/.local/lib/python3.8/site-packages/airflow/example_dags/example_setup_teardown.py for tasks to queue
[2023-11-08T22:38:29.127+0000] {logging_mixin.py:154} INFO - [2023-11-08T22:38:29.127+0000] {dagbag.py:536} INFO - Filling up the DagBag from /home/airflow/.local/lib/python3.8/site-packages/airflow/example_dags/example_setup_teardown.py
[2023-11-08T22:38:29.130+0000] {processor.py:839} INFO - DAG(s) dict_keys(['example_setup_teardown']) retrieved from /home/airflow/.local/lib/python3.8/site-packages/airflow/example_dags/example_setup_teardown.py
[2023-11-08T22:38:29.143+0000] {logging_mixin.py:154} INFO - [2023-11-08T22:38:29.143+0000] {dag.py:2941} INFO - Sync 1 DAGs
[2023-11-08T22:38:29.156+0000] {logging_mixin.py:154} INFO - [2023-11-08T22:38:29.156+0000] {dag.py:3722} INFO - Setting next_dagrun for example_setup_teardown to 2023-11-07T22:38:29.156480+00:00, run_after=2023-11-08T22:38:29.156480+00:00
[2023-11-08T22:38:29.166+0000] {processor.py:179} INFO - Processing /home/airflow/.local/lib/python3.8/site-packages/airflow/example_dags/example_setup_teardown.py took 0.043 seconds
[2023-11-08T22:38:59.756+0000] {processor.py:157} INFO - Started process (PID=1315) to work on /home/airflow/.local/lib/python3.8/site-packages/airflow/example_dags/example_setup_teardown.py
[2023-11-08T22:38:59.757+0000] {processor.py:829} INFO - Processing file /home/airflow/.local/lib/python3.8/site-packages/airflow/example_dags/example_setup_teardown.py for tasks to queue
[2023-11-08T22:38:59.758+0000] {logging_mixin.py:154} INFO - [2023-11-08T22:38:59.758+0000] {dagbag.py:536} INFO - Filling up the DagBag from /home/airflow/.local/lib/python3.8/site-packages/airflow/example_dags/example_setup_teardown.py
[2023-11-08T22:38:59.762+0000] {processor.py:839} INFO - DAG(s) dict_keys(['example_setup_teardown']) retrieved from /home/airflow/.local/lib/python3.8/site-packages/airflow/example_dags/example_setup_teardown.py
[2023-11-08T22:38:59.774+0000] {logging_mixin.py:154} INFO - [2023-11-08T22:38:59.773+0000] {dag.py:2941} INFO - Sync 1 DAGs
[2023-11-08T22:38:59.787+0000] {logging_mixin.py:154} INFO - [2023-11-08T22:38:59.787+0000] {dag.py:3722} INFO - Setting next_dagrun for example_setup_teardown to 2023-11-07T22:38:59.786908+00:00, run_after=2023-11-08T22:38:59.786908+00:00
[2023-11-08T22:38:59.798+0000] {processor.py:179} INFO - Processing /home/airflow/.local/lib/python3.8/site-packages/airflow/example_dags/example_setup_teardown.py took 0.043 seconds
[2023-11-08T22:39:30.316+0000] {processor.py:157} INFO - Started process (PID=1371) to work on /home/airflow/.local/lib/python3.8/site-packages/airflow/example_dags/example_setup_teardown.py
[2023-11-08T22:39:30.317+0000] {processor.py:829} INFO - Processing file /home/airflow/.local/lib/python3.8/site-packages/airflow/example_dags/example_setup_teardown.py for tasks to queue
[2023-11-08T22:39:30.318+0000] {logging_mixin.py:154} INFO - [2023-11-08T22:39:30.318+0000] {dagbag.py:536} INFO - Filling up the DagBag from /home/airflow/.local/lib/python3.8/site-packages/airflow/example_dags/example_setup_teardown.py
[2023-11-08T22:39:30.323+0000] {processor.py:839} INFO - DAG(s) dict_keys(['example_setup_teardown']) retrieved from /home/airflow/.local/lib/python3.8/site-packages/airflow/example_dags/example_setup_teardown.py
[2023-11-08T22:39:30.334+0000] {logging_mixin.py:154} INFO - [2023-11-08T22:39:30.334+0000] {dag.py:2941} INFO - Sync 1 DAGs
[2023-11-08T22:39:30.349+0000] {logging_mixin.py:154} INFO - [2023-11-08T22:39:30.349+0000] {dag.py:3722} INFO - Setting next_dagrun for example_setup_teardown to 2023-11-07T22:39:30.348795+00:00, run_after=2023-11-08T22:39:30.348795+00:00
[2023-11-08T22:39:30.362+0000] {processor.py:179} INFO - Processing /home/airflow/.local/lib/python3.8/site-packages/airflow/example_dags/example_setup_teardown.py took 0.048 seconds
[2023-11-08T22:40:00.937+0000] {processor.py:157} INFO - Started process (PID=1426) to work on /home/airflow/.local/lib/python3.8/site-packages/airflow/example_dags/example_setup_teardown.py
[2023-11-08T22:40:00.938+0000] {processor.py:829} INFO - Processing file /home/airflow/.local/lib/python3.8/site-packages/airflow/example_dags/example_setup_teardown.py for tasks to queue
[2023-11-08T22:40:00.939+0000] {logging_mixin.py:154} INFO - [2023-11-08T22:40:00.939+0000] {dagbag.py:536} INFO - Filling up the DagBag from /home/airflow/.local/lib/python3.8/site-packages/airflow/example_dags/example_setup_teardown.py
[2023-11-08T22:40:00.942+0000] {processor.py:839} INFO - DAG(s) dict_keys(['example_setup_teardown']) retrieved from /home/airflow/.local/lib/python3.8/site-packages/airflow/example_dags/example_setup_teardown.py
[2023-11-08T22:40:00.956+0000] {logging_mixin.py:154} INFO - [2023-11-08T22:40:00.956+0000] {dag.py:2941} INFO - Sync 1 DAGs
[2023-11-08T22:40:00.969+0000] {logging_mixin.py:154} INFO - [2023-11-08T22:40:00.969+0000] {dag.py:3722} INFO - Setting next_dagrun for example_setup_teardown to 2023-11-07T22:40:00.969561+00:00, run_after=2023-11-08T22:40:00.969561+00:00
[2023-11-08T22:40:00.979+0000] {processor.py:179} INFO - Processing /home/airflow/.local/lib/python3.8/site-packages/airflow/example_dags/example_setup_teardown.py took 0.044 seconds
[2023-11-08T22:40:31.537+0000] {processor.py:157} INFO - Started process (PID=1481) to work on /home/airflow/.local/lib/python3.8/site-packages/airflow/example_dags/example_setup_teardown.py
[2023-11-08T22:40:31.538+0000] {processor.py:829} INFO - Processing file /home/airflow/.local/lib/python3.8/site-packages/airflow/example_dags/example_setup_teardown.py for tasks to queue
[2023-11-08T22:40:31.539+0000] {logging_mixin.py:154} INFO - [2023-11-08T22:40:31.539+0000] {dagbag.py:536} INFO - Filling up the DagBag from /home/airflow/.local/lib/python3.8/site-packages/airflow/example_dags/example_setup_teardown.py
[2023-11-08T22:40:31.545+0000] {processor.py:839} INFO - DAG(s) dict_keys(['example_setup_teardown']) retrieved from /home/airflow/.local/lib/python3.8/site-packages/airflow/example_dags/example_setup_teardown.py
[2023-11-08T22:40:31.559+0000] {logging_mixin.py:154} INFO - [2023-11-08T22:40:31.558+0000] {dag.py:2941} INFO - Sync 1 DAGs
[2023-11-08T22:40:31.572+0000] {logging_mixin.py:154} INFO - [2023-11-08T22:40:31.572+0000] {dag.py:3722} INFO - Setting next_dagrun for example_setup_teardown to 2023-11-07T22:40:31.572543+00:00, run_after=2023-11-08T22:40:31.572543+00:00
[2023-11-08T22:40:31.585+0000] {processor.py:179} INFO - Processing /home/airflow/.local/lib/python3.8/site-packages/airflow/example_dags/example_setup_teardown.py took 0.050 seconds
[2023-11-08T22:41:02.054+0000] {processor.py:157} INFO - Started process (PID=1536) to work on /home/airflow/.local/lib/python3.8/site-packages/airflow/example_dags/example_setup_teardown.py
[2023-11-08T22:41:02.054+0000] {processor.py:829} INFO - Processing file /home/airflow/.local/lib/python3.8/site-packages/airflow/example_dags/example_setup_teardown.py for tasks to queue
[2023-11-08T22:41:02.056+0000] {logging_mixin.py:154} INFO - [2023-11-08T22:41:02.055+0000] {dagbag.py:536} INFO - Filling up the DagBag from /home/airflow/.local/lib/python3.8/site-packages/airflow/example_dags/example_setup_teardown.py
[2023-11-08T22:41:02.059+0000] {processor.py:839} INFO - DAG(s) dict_keys(['example_setup_teardown']) retrieved from /home/airflow/.local/lib/python3.8/site-packages/airflow/example_dags/example_setup_teardown.py
[2023-11-08T22:41:02.072+0000] {logging_mixin.py:154} INFO - [2023-11-08T22:41:02.072+0000] {dag.py:2941} INFO - Sync 1 DAGs
[2023-11-08T22:41:02.085+0000] {logging_mixin.py:154} INFO - [2023-11-08T22:41:02.085+0000] {dag.py:3722} INFO - Setting next_dagrun for example_setup_teardown to 2023-11-07T22:41:02.085489+00:00, run_after=2023-11-08T22:41:02.085489+00:00
[2023-11-08T22:41:02.096+0000] {processor.py:179} INFO - Processing /home/airflow/.local/lib/python3.8/site-packages/airflow/example_dags/example_setup_teardown.py took 0.044 seconds
[2023-11-08T22:41:32.736+0000] {processor.py:157} INFO - Started process (PID=1591) to work on /home/airflow/.local/lib/python3.8/site-packages/airflow/example_dags/example_setup_teardown.py
[2023-11-08T22:41:32.736+0000] {processor.py:829} INFO - Processing file /home/airflow/.local/lib/python3.8/site-packages/airflow/example_dags/example_setup_teardown.py for tasks to queue
[2023-11-08T22:41:32.738+0000] {logging_mixin.py:154} INFO - [2023-11-08T22:41:32.738+0000] {dagbag.py:536} INFO - Filling up the DagBag from /home/airflow/.local/lib/python3.8/site-packages/airflow/example_dags/example_setup_teardown.py
[2023-11-08T22:41:32.741+0000] {processor.py:839} INFO - DAG(s) dict_keys(['example_setup_teardown']) retrieved from /home/airflow/.local/lib/python3.8/site-packages/airflow/example_dags/example_setup_teardown.py
[2023-11-08T22:41:32.755+0000] {logging_mixin.py:154} INFO - [2023-11-08T22:41:32.755+0000] {dag.py:2941} INFO - Sync 1 DAGs
[2023-11-08T22:41:32.770+0000] {logging_mixin.py:154} INFO - [2023-11-08T22:41:32.770+0000] {dag.py:3722} INFO - Setting next_dagrun for example_setup_teardown to 2023-11-07T22:41:32.769981+00:00, run_after=2023-11-08T22:41:32.769981+00:00
[2023-11-08T22:41:32.779+0000] {processor.py:179} INFO - Processing /home/airflow/.local/lib/python3.8/site-packages/airflow/example_dags/example_setup_teardown.py took 0.046 seconds
[2023-11-08T22:42:03.353+0000] {processor.py:157} INFO - Started process (PID=1647) to work on /home/airflow/.local/lib/python3.8/site-packages/airflow/example_dags/example_setup_teardown.py
[2023-11-08T22:42:03.353+0000] {processor.py:829} INFO - Processing file /home/airflow/.local/lib/python3.8/site-packages/airflow/example_dags/example_setup_teardown.py for tasks to queue
[2023-11-08T22:42:03.354+0000] {logging_mixin.py:154} INFO - [2023-11-08T22:42:03.354+0000] {dagbag.py:536} INFO - Filling up the DagBag from /home/airflow/.local/lib/python3.8/site-packages/airflow/example_dags/example_setup_teardown.py
[2023-11-08T22:42:03.358+0000] {processor.py:839} INFO - DAG(s) dict_keys(['example_setup_teardown']) retrieved from /home/airflow/.local/lib/python3.8/site-packages/airflow/example_dags/example_setup_teardown.py
[2023-11-08T22:42:03.370+0000] {logging_mixin.py:154} INFO - [2023-11-08T22:42:03.370+0000] {dag.py:2941} INFO - Sync 1 DAGs
[2023-11-08T22:42:03.384+0000] {logging_mixin.py:154} INFO - [2023-11-08T22:42:03.384+0000] {dag.py:3722} INFO - Setting next_dagrun for example_setup_teardown to 2023-11-07T22:42:03.383927+00:00, run_after=2023-11-08T22:42:03.383927+00:00
[2023-11-08T22:42:03.394+0000] {processor.py:179} INFO - Processing /home/airflow/.local/lib/python3.8/site-packages/airflow/example_dags/example_setup_teardown.py took 0.044 seconds
[2023-11-08T22:42:33.901+0000] {processor.py:157} INFO - Started process (PID=1702) to work on /home/airflow/.local/lib/python3.8/site-packages/airflow/example_dags/example_setup_teardown.py
[2023-11-08T22:42:33.901+0000] {processor.py:829} INFO - Processing file /home/airflow/.local/lib/python3.8/site-packages/airflow/example_dags/example_setup_teardown.py for tasks to queue
[2023-11-08T22:42:33.903+0000] {logging_mixin.py:154} INFO - [2023-11-08T22:42:33.903+0000] {dagbag.py:536} INFO - Filling up the DagBag from /home/airflow/.local/lib/python3.8/site-packages/airflow/example_dags/example_setup_teardown.py
[2023-11-08T22:42:33.906+0000] {processor.py:839} INFO - DAG(s) dict_keys(['example_setup_teardown']) retrieved from /home/airflow/.local/lib/python3.8/site-packages/airflow/example_dags/example_setup_teardown.py
[2023-11-08T22:42:33.918+0000] {logging_mixin.py:154} INFO - [2023-11-08T22:42:33.918+0000] {dag.py:2941} INFO - Sync 1 DAGs
[2023-11-08T22:42:33.931+0000] {logging_mixin.py:154} INFO - [2023-11-08T22:42:33.931+0000] {dag.py:3722} INFO - Setting next_dagrun for example_setup_teardown to 2023-11-07T22:42:33.931272+00:00, run_after=2023-11-08T22:42:33.931272+00:00
[2023-11-08T22:42:33.941+0000] {processor.py:179} INFO - Processing /home/airflow/.local/lib/python3.8/site-packages/airflow/example_dags/example_setup_teardown.py took 0.042 seconds
[2023-11-08T22:43:04.539+0000] {processor.py:157} INFO - Started process (PID=1757) to work on /home/airflow/.local/lib/python3.8/site-packages/airflow/example_dags/example_setup_teardown.py
[2023-11-08T22:43:04.540+0000] {processor.py:829} INFO - Processing file /home/airflow/.local/lib/python3.8/site-packages/airflow/example_dags/example_setup_teardown.py for tasks to queue
[2023-11-08T22:43:04.542+0000] {logging_mixin.py:154} INFO - [2023-11-08T22:43:04.541+0000] {dagbag.py:536} INFO - Filling up the DagBag from /home/airflow/.local/lib/python3.8/site-packages/airflow/example_dags/example_setup_teardown.py
[2023-11-08T22:43:04.545+0000] {processor.py:839} INFO - DAG(s) dict_keys(['example_setup_teardown']) retrieved from /home/airflow/.local/lib/python3.8/site-packages/airflow/example_dags/example_setup_teardown.py
[2023-11-08T22:43:04.558+0000] {logging_mixin.py:154} INFO - [2023-11-08T22:43:04.558+0000] {dag.py:2941} INFO - Sync 1 DAGs
[2023-11-08T22:43:04.571+0000] {logging_mixin.py:154} INFO - [2023-11-08T22:43:04.571+0000] {dag.py:3722} INFO - Setting next_dagrun for example_setup_teardown to 2023-11-07T22:43:04.571452+00:00, run_after=2023-11-08T22:43:04.571452+00:00
[2023-11-08T22:43:04.582+0000] {processor.py:179} INFO - Processing /home/airflow/.local/lib/python3.8/site-packages/airflow/example_dags/example_setup_teardown.py took 0.045 seconds
[2023-11-08T22:43:38.234+0000] {processor.py:157} INFO - Started process (PID=56) to work on /home/airflow/.local/lib/python3.8/site-packages/airflow/example_dags/example_setup_teardown.py
[2023-11-08T22:43:38.235+0000] {processor.py:829} INFO - Processing file /home/airflow/.local/lib/python3.8/site-packages/airflow/example_dags/example_setup_teardown.py for tasks to queue
[2023-11-08T22:43:38.236+0000] {logging_mixin.py:154} INFO - [2023-11-08T22:43:38.236+0000] {dagbag.py:536} INFO - Filling up the DagBag from /home/airflow/.local/lib/python3.8/site-packages/airflow/example_dags/example_setup_teardown.py
[2023-11-08T22:43:38.241+0000] {processor.py:839} INFO - DAG(s) dict_keys(['example_setup_teardown']) retrieved from /home/airflow/.local/lib/python3.8/site-packages/airflow/example_dags/example_setup_teardown.py
[2023-11-08T22:43:38.249+0000] {logging_mixin.py:154} INFO - [2023-11-08T22:43:38.249+0000] {dag.py:2941} INFO - Sync 1 DAGs
[2023-11-08T22:43:38.269+0000] {logging_mixin.py:154} INFO - [2023-11-08T22:43:38.269+0000] {dag.py:3722} INFO - Setting next_dagrun for example_setup_teardown to 2023-11-07T22:43:38.269170+00:00, run_after=2023-11-08T22:43:38.269170+00:00
[2023-11-08T22:43:38.284+0000] {processor.py:179} INFO - Processing /home/airflow/.local/lib/python3.8/site-packages/airflow/example_dags/example_setup_teardown.py took 0.051 seconds
