[2023-11-08T22:09:15.834+0000] {processor.py:157} INFO - Started process (PID=50) to work on /home/airflow/.local/lib/python3.8/site-packages/airflow/example_dags/example_sensors.py
[2023-11-08T22:09:15.834+0000] {processor.py:829} INFO - Processing file /home/airflow/.local/lib/python3.8/site-packages/airflow/example_dags/example_sensors.py for tasks to queue
[2023-11-08T22:09:15.836+0000] {logging_mixin.py:154} INFO - [2023-11-08T22:09:15.836+0000] {dagbag.py:536} INFO - Filling up the DagBag from /home/airflow/.local/lib/python3.8/site-packages/airflow/example_dags/example_sensors.py
[2023-11-08T22:09:15.845+0000] {processor.py:839} INFO - DAG(s) dict_keys(['example_sensors']) retrieved from /home/airflow/.local/lib/python3.8/site-packages/airflow/example_dags/example_sensors.py
[2023-11-08T22:09:15.854+0000] {logging_mixin.py:154} INFO - [2023-11-08T22:09:15.854+0000] {dag.py:2941} INFO - Sync 1 DAGs
[2023-11-08T22:09:15.865+0000] {logging_mixin.py:154} INFO - [2023-11-08T22:09:15.865+0000] {dag.py:3722} INFO - Setting next_dagrun for example_sensors to None, run_after=None
[2023-11-08T22:09:15.878+0000] {processor.py:179} INFO - Processing /home/airflow/.local/lib/python3.8/site-packages/airflow/example_dags/example_sensors.py took 0.047 seconds
[2023-11-08T22:09:46.515+0000] {processor.py:157} INFO - Started process (PID=105) to work on /home/airflow/.local/lib/python3.8/site-packages/airflow/example_dags/example_sensors.py
[2023-11-08T22:09:46.516+0000] {processor.py:829} INFO - Processing file /home/airflow/.local/lib/python3.8/site-packages/airflow/example_dags/example_sensors.py for tasks to queue
[2023-11-08T22:09:46.518+0000] {logging_mixin.py:154} INFO - [2023-11-08T22:09:46.518+0000] {dagbag.py:536} INFO - Filling up the DagBag from /home/airflow/.local/lib/python3.8/site-packages/airflow/example_dags/example_sensors.py
[2023-11-08T22:09:46.526+0000] {processor.py:839} INFO - DAG(s) dict_keys(['example_sensors']) retrieved from /home/airflow/.local/lib/python3.8/site-packages/airflow/example_dags/example_sensors.py
[2023-11-08T22:09:46.549+0000] {logging_mixin.py:154} INFO - [2023-11-08T22:09:46.549+0000] {dag.py:2941} INFO - Sync 1 DAGs
[2023-11-08T22:09:46.561+0000] {logging_mixin.py:154} INFO - [2023-11-08T22:09:46.561+0000] {dag.py:3722} INFO - Setting next_dagrun for example_sensors to None, run_after=None
[2023-11-08T22:09:46.574+0000] {processor.py:179} INFO - Processing /home/airflow/.local/lib/python3.8/site-packages/airflow/example_dags/example_sensors.py took 0.061 seconds
[2023-11-08T22:11:50.184+0000] {processor.py:157} INFO - Started process (PID=50) to work on /home/airflow/.local/lib/python3.8/site-packages/airflow/example_dags/example_sensors.py
[2023-11-08T22:11:50.185+0000] {processor.py:829} INFO - Processing file /home/airflow/.local/lib/python3.8/site-packages/airflow/example_dags/example_sensors.py for tasks to queue
[2023-11-08T22:11:50.187+0000] {logging_mixin.py:154} INFO - [2023-11-08T22:11:50.187+0000] {dagbag.py:536} INFO - Filling up the DagBag from /home/airflow/.local/lib/python3.8/site-packages/airflow/example_dags/example_sensors.py
[2023-11-08T22:11:50.196+0000] {processor.py:839} INFO - DAG(s) dict_keys(['example_sensors']) retrieved from /home/airflow/.local/lib/python3.8/site-packages/airflow/example_dags/example_sensors.py
[2023-11-08T22:11:50.209+0000] {logging_mixin.py:154} INFO - [2023-11-08T22:11:50.209+0000] {dag.py:2941} INFO - Sync 1 DAGs
[2023-11-08T22:11:50.223+0000] {logging_mixin.py:154} INFO - [2023-11-08T22:11:50.222+0000] {dag.py:3722} INFO - Setting next_dagrun for example_sensors to None, run_after=None
[2023-11-08T22:11:50.243+0000] {processor.py:179} INFO - Processing /home/airflow/.local/lib/python3.8/site-packages/airflow/example_dags/example_sensors.py took 0.062 seconds
[2023-11-08T22:12:20.284+0000] {processor.py:157} INFO - Started process (PID=104) to work on /home/airflow/.local/lib/python3.8/site-packages/airflow/example_dags/example_sensors.py
[2023-11-08T22:12:20.285+0000] {processor.py:829} INFO - Processing file /home/airflow/.local/lib/python3.8/site-packages/airflow/example_dags/example_sensors.py for tasks to queue
[2023-11-08T22:12:20.286+0000] {logging_mixin.py:154} INFO - [2023-11-08T22:12:20.286+0000] {dagbag.py:536} INFO - Filling up the DagBag from /home/airflow/.local/lib/python3.8/site-packages/airflow/example_dags/example_sensors.py
[2023-11-08T22:12:20.291+0000] {processor.py:839} INFO - DAG(s) dict_keys(['example_sensors']) retrieved from /home/airflow/.local/lib/python3.8/site-packages/airflow/example_dags/example_sensors.py
[2023-11-08T22:12:20.305+0000] {logging_mixin.py:154} INFO - [2023-11-08T22:12:20.305+0000] {dag.py:2941} INFO - Sync 1 DAGs
[2023-11-08T22:12:20.312+0000] {logging_mixin.py:154} INFO - [2023-11-08T22:12:20.312+0000] {dag.py:3722} INFO - Setting next_dagrun for example_sensors to None, run_after=None
[2023-11-08T22:12:20.321+0000] {processor.py:179} INFO - Processing /home/airflow/.local/lib/python3.8/site-packages/airflow/example_dags/example_sensors.py took 0.039 seconds
[2023-11-08T22:12:50.376+0000] {processor.py:157} INFO - Started process (PID=158) to work on /home/airflow/.local/lib/python3.8/site-packages/airflow/example_dags/example_sensors.py
[2023-11-08T22:12:50.376+0000] {processor.py:829} INFO - Processing file /home/airflow/.local/lib/python3.8/site-packages/airflow/example_dags/example_sensors.py for tasks to queue
[2023-11-08T22:12:50.377+0000] {logging_mixin.py:154} INFO - [2023-11-08T22:12:50.377+0000] {dagbag.py:536} INFO - Filling up the DagBag from /home/airflow/.local/lib/python3.8/site-packages/airflow/example_dags/example_sensors.py
[2023-11-08T22:12:50.382+0000] {processor.py:839} INFO - DAG(s) dict_keys(['example_sensors']) retrieved from /home/airflow/.local/lib/python3.8/site-packages/airflow/example_dags/example_sensors.py
[2023-11-08T22:12:50.396+0000] {logging_mixin.py:154} INFO - [2023-11-08T22:12:50.396+0000] {dag.py:2941} INFO - Sync 1 DAGs
[2023-11-08T22:12:50.403+0000] {logging_mixin.py:154} INFO - [2023-11-08T22:12:50.403+0000] {dag.py:3722} INFO - Setting next_dagrun for example_sensors to None, run_after=None
[2023-11-08T22:12:50.412+0000] {processor.py:179} INFO - Processing /home/airflow/.local/lib/python3.8/site-packages/airflow/example_dags/example_sensors.py took 0.038 seconds
[2023-11-08T22:13:20.908+0000] {processor.py:157} INFO - Started process (PID=212) to work on /home/airflow/.local/lib/python3.8/site-packages/airflow/example_dags/example_sensors.py
[2023-11-08T22:13:20.909+0000] {processor.py:829} INFO - Processing file /home/airflow/.local/lib/python3.8/site-packages/airflow/example_dags/example_sensors.py for tasks to queue
[2023-11-08T22:13:20.910+0000] {logging_mixin.py:154} INFO - [2023-11-08T22:13:20.910+0000] {dagbag.py:536} INFO - Filling up the DagBag from /home/airflow/.local/lib/python3.8/site-packages/airflow/example_dags/example_sensors.py
[2023-11-08T22:13:20.915+0000] {processor.py:839} INFO - DAG(s) dict_keys(['example_sensors']) retrieved from /home/airflow/.local/lib/python3.8/site-packages/airflow/example_dags/example_sensors.py
[2023-11-08T22:13:20.931+0000] {logging_mixin.py:154} INFO - [2023-11-08T22:13:20.931+0000] {dag.py:2941} INFO - Sync 1 DAGs
[2023-11-08T22:13:20.938+0000] {logging_mixin.py:154} INFO - [2023-11-08T22:13:20.938+0000] {dag.py:3722} INFO - Setting next_dagrun for example_sensors to None, run_after=None
[2023-11-08T22:13:20.958+0000] {processor.py:179} INFO - Processing /home/airflow/.local/lib/python3.8/site-packages/airflow/example_dags/example_sensors.py took 0.051 seconds
[2023-11-08T22:13:51.560+0000] {processor.py:157} INFO - Started process (PID=266) to work on /home/airflow/.local/lib/python3.8/site-packages/airflow/example_dags/example_sensors.py
[2023-11-08T22:13:51.561+0000] {processor.py:829} INFO - Processing file /home/airflow/.local/lib/python3.8/site-packages/airflow/example_dags/example_sensors.py for tasks to queue
[2023-11-08T22:13:51.562+0000] {logging_mixin.py:154} INFO - [2023-11-08T22:13:51.562+0000] {dagbag.py:536} INFO - Filling up the DagBag from /home/airflow/.local/lib/python3.8/site-packages/airflow/example_dags/example_sensors.py
[2023-11-08T22:13:51.567+0000] {processor.py:839} INFO - DAG(s) dict_keys(['example_sensors']) retrieved from /home/airflow/.local/lib/python3.8/site-packages/airflow/example_dags/example_sensors.py
[2023-11-08T22:13:51.582+0000] {logging_mixin.py:154} INFO - [2023-11-08T22:13:51.582+0000] {dag.py:2941} INFO - Sync 1 DAGs
[2023-11-08T22:13:51.590+0000] {logging_mixin.py:154} INFO - [2023-11-08T22:13:51.590+0000] {dag.py:3722} INFO - Setting next_dagrun for example_sensors to None, run_after=None
[2023-11-08T22:13:51.600+0000] {processor.py:179} INFO - Processing /home/airflow/.local/lib/python3.8/site-packages/airflow/example_dags/example_sensors.py took 0.042 seconds
[2023-11-08T22:14:22.248+0000] {processor.py:157} INFO - Started process (PID=320) to work on /home/airflow/.local/lib/python3.8/site-packages/airflow/example_dags/example_sensors.py
[2023-11-08T22:14:22.249+0000] {processor.py:829} INFO - Processing file /home/airflow/.local/lib/python3.8/site-packages/airflow/example_dags/example_sensors.py for tasks to queue
[2023-11-08T22:14:22.250+0000] {logging_mixin.py:154} INFO - [2023-11-08T22:14:22.250+0000] {dagbag.py:536} INFO - Filling up the DagBag from /home/airflow/.local/lib/python3.8/site-packages/airflow/example_dags/example_sensors.py
[2023-11-08T22:14:22.256+0000] {processor.py:839} INFO - DAG(s) dict_keys(['example_sensors']) retrieved from /home/airflow/.local/lib/python3.8/site-packages/airflow/example_dags/example_sensors.py
[2023-11-08T22:14:22.270+0000] {logging_mixin.py:154} INFO - [2023-11-08T22:14:22.270+0000] {dag.py:2941} INFO - Sync 1 DAGs
[2023-11-08T22:14:22.278+0000] {logging_mixin.py:154} INFO - [2023-11-08T22:14:22.278+0000] {dag.py:3722} INFO - Setting next_dagrun for example_sensors to None, run_after=None
[2023-11-08T22:14:22.288+0000] {processor.py:179} INFO - Processing /home/airflow/.local/lib/python3.8/site-packages/airflow/example_dags/example_sensors.py took 0.041 seconds
[2023-11-08T22:14:52.881+0000] {processor.py:157} INFO - Started process (PID=374) to work on /home/airflow/.local/lib/python3.8/site-packages/airflow/example_dags/example_sensors.py
[2023-11-08T22:14:52.881+0000] {processor.py:829} INFO - Processing file /home/airflow/.local/lib/python3.8/site-packages/airflow/example_dags/example_sensors.py for tasks to queue
[2023-11-08T22:14:52.882+0000] {logging_mixin.py:154} INFO - [2023-11-08T22:14:52.882+0000] {dagbag.py:536} INFO - Filling up the DagBag from /home/airflow/.local/lib/python3.8/site-packages/airflow/example_dags/example_sensors.py
[2023-11-08T22:14:52.888+0000] {processor.py:839} INFO - DAG(s) dict_keys(['example_sensors']) retrieved from /home/airflow/.local/lib/python3.8/site-packages/airflow/example_dags/example_sensors.py
[2023-11-08T22:14:52.904+0000] {logging_mixin.py:154} INFO - [2023-11-08T22:14:52.903+0000] {dag.py:2941} INFO - Sync 1 DAGs
[2023-11-08T22:14:52.911+0000] {logging_mixin.py:154} INFO - [2023-11-08T22:14:52.911+0000] {dag.py:3722} INFO - Setting next_dagrun for example_sensors to None, run_after=None
[2023-11-08T22:14:52.921+0000] {processor.py:179} INFO - Processing /home/airflow/.local/lib/python3.8/site-packages/airflow/example_dags/example_sensors.py took 0.043 seconds
[2023-11-08T22:15:23.501+0000] {processor.py:157} INFO - Started process (PID=429) to work on /home/airflow/.local/lib/python3.8/site-packages/airflow/example_dags/example_sensors.py
[2023-11-08T22:15:23.502+0000] {processor.py:829} INFO - Processing file /home/airflow/.local/lib/python3.8/site-packages/airflow/example_dags/example_sensors.py for tasks to queue
[2023-11-08T22:15:23.503+0000] {logging_mixin.py:154} INFO - [2023-11-08T22:15:23.503+0000] {dagbag.py:536} INFO - Filling up the DagBag from /home/airflow/.local/lib/python3.8/site-packages/airflow/example_dags/example_sensors.py
[2023-11-08T22:15:23.509+0000] {processor.py:839} INFO - DAG(s) dict_keys(['example_sensors']) retrieved from /home/airflow/.local/lib/python3.8/site-packages/airflow/example_dags/example_sensors.py
[2023-11-08T22:15:23.524+0000] {logging_mixin.py:154} INFO - [2023-11-08T22:15:23.524+0000] {dag.py:2941} INFO - Sync 1 DAGs
[2023-11-08T22:15:23.532+0000] {logging_mixin.py:154} INFO - [2023-11-08T22:15:23.532+0000] {dag.py:3722} INFO - Setting next_dagrun for example_sensors to None, run_after=None
[2023-11-08T22:15:23.543+0000] {processor.py:179} INFO - Processing /home/airflow/.local/lib/python3.8/site-packages/airflow/example_dags/example_sensors.py took 0.044 seconds
[2023-11-08T22:15:54.214+0000] {processor.py:157} INFO - Started process (PID=483) to work on /home/airflow/.local/lib/python3.8/site-packages/airflow/example_dags/example_sensors.py
[2023-11-08T22:15:54.214+0000] {processor.py:829} INFO - Processing file /home/airflow/.local/lib/python3.8/site-packages/airflow/example_dags/example_sensors.py for tasks to queue
[2023-11-08T22:15:54.215+0000] {logging_mixin.py:154} INFO - [2023-11-08T22:15:54.215+0000] {dagbag.py:536} INFO - Filling up the DagBag from /home/airflow/.local/lib/python3.8/site-packages/airflow/example_dags/example_sensors.py
[2023-11-08T22:15:54.220+0000] {processor.py:839} INFO - DAG(s) dict_keys(['example_sensors']) retrieved from /home/airflow/.local/lib/python3.8/site-packages/airflow/example_dags/example_sensors.py
[2023-11-08T22:15:54.236+0000] {logging_mixin.py:154} INFO - [2023-11-08T22:15:54.236+0000] {dag.py:2941} INFO - Sync 1 DAGs
[2023-11-08T22:15:54.244+0000] {logging_mixin.py:154} INFO - [2023-11-08T22:15:54.244+0000] {dag.py:3722} INFO - Setting next_dagrun for example_sensors to None, run_after=None
[2023-11-08T22:15:54.257+0000] {processor.py:179} INFO - Processing /home/airflow/.local/lib/python3.8/site-packages/airflow/example_dags/example_sensors.py took 0.045 seconds
[2023-11-08T22:16:24.773+0000] {processor.py:157} INFO - Started process (PID=536) to work on /home/airflow/.local/lib/python3.8/site-packages/airflow/example_dags/example_sensors.py
[2023-11-08T22:16:24.774+0000] {processor.py:829} INFO - Processing file /home/airflow/.local/lib/python3.8/site-packages/airflow/example_dags/example_sensors.py for tasks to queue
[2023-11-08T22:16:24.775+0000] {logging_mixin.py:154} INFO - [2023-11-08T22:16:24.775+0000] {dagbag.py:536} INFO - Filling up the DagBag from /home/airflow/.local/lib/python3.8/site-packages/airflow/example_dags/example_sensors.py
[2023-11-08T22:16:24.780+0000] {processor.py:839} INFO - DAG(s) dict_keys(['example_sensors']) retrieved from /home/airflow/.local/lib/python3.8/site-packages/airflow/example_dags/example_sensors.py
[2023-11-08T22:16:24.795+0000] {logging_mixin.py:154} INFO - [2023-11-08T22:16:24.794+0000] {dag.py:2941} INFO - Sync 1 DAGs
[2023-11-08T22:16:24.802+0000] {logging_mixin.py:154} INFO - [2023-11-08T22:16:24.802+0000] {dag.py:3722} INFO - Setting next_dagrun for example_sensors to None, run_after=None
[2023-11-08T22:16:24.812+0000] {processor.py:179} INFO - Processing /home/airflow/.local/lib/python3.8/site-packages/airflow/example_dags/example_sensors.py took 0.040 seconds
[2023-11-08T22:16:55.494+0000] {processor.py:157} INFO - Started process (PID=590) to work on /home/airflow/.local/lib/python3.8/site-packages/airflow/example_dags/example_sensors.py
[2023-11-08T22:16:55.495+0000] {processor.py:829} INFO - Processing file /home/airflow/.local/lib/python3.8/site-packages/airflow/example_dags/example_sensors.py for tasks to queue
[2023-11-08T22:16:55.496+0000] {logging_mixin.py:154} INFO - [2023-11-08T22:16:55.496+0000] {dagbag.py:536} INFO - Filling up the DagBag from /home/airflow/.local/lib/python3.8/site-packages/airflow/example_dags/example_sensors.py
[2023-11-08T22:16:55.501+0000] {processor.py:839} INFO - DAG(s) dict_keys(['example_sensors']) retrieved from /home/airflow/.local/lib/python3.8/site-packages/airflow/example_dags/example_sensors.py
[2023-11-08T22:16:55.515+0000] {logging_mixin.py:154} INFO - [2023-11-08T22:16:55.515+0000] {dag.py:2941} INFO - Sync 1 DAGs
[2023-11-08T22:16:55.523+0000] {logging_mixin.py:154} INFO - [2023-11-08T22:16:55.523+0000] {dag.py:3722} INFO - Setting next_dagrun for example_sensors to None, run_after=None
[2023-11-08T22:16:55.533+0000] {processor.py:179} INFO - Processing /home/airflow/.local/lib/python3.8/site-packages/airflow/example_dags/example_sensors.py took 0.040 seconds
[2023-11-08T22:17:26.147+0000] {processor.py:157} INFO - Started process (PID=645) to work on /home/airflow/.local/lib/python3.8/site-packages/airflow/example_dags/example_sensors.py
[2023-11-08T22:17:26.147+0000] {processor.py:829} INFO - Processing file /home/airflow/.local/lib/python3.8/site-packages/airflow/example_dags/example_sensors.py for tasks to queue
[2023-11-08T22:17:26.149+0000] {logging_mixin.py:154} INFO - [2023-11-08T22:17:26.148+0000] {dagbag.py:536} INFO - Filling up the DagBag from /home/airflow/.local/lib/python3.8/site-packages/airflow/example_dags/example_sensors.py
[2023-11-08T22:17:26.154+0000] {processor.py:839} INFO - DAG(s) dict_keys(['example_sensors']) retrieved from /home/airflow/.local/lib/python3.8/site-packages/airflow/example_dags/example_sensors.py
[2023-11-08T22:17:26.168+0000] {logging_mixin.py:154} INFO - [2023-11-08T22:17:26.168+0000] {dag.py:2941} INFO - Sync 1 DAGs
[2023-11-08T22:17:26.175+0000] {logging_mixin.py:154} INFO - [2023-11-08T22:17:26.175+0000] {dag.py:3722} INFO - Setting next_dagrun for example_sensors to None, run_after=None
[2023-11-08T22:17:26.187+0000] {processor.py:179} INFO - Processing /home/airflow/.local/lib/python3.8/site-packages/airflow/example_dags/example_sensors.py took 0.042 seconds
[2023-11-08T22:17:56.838+0000] {processor.py:157} INFO - Started process (PID=699) to work on /home/airflow/.local/lib/python3.8/site-packages/airflow/example_dags/example_sensors.py
[2023-11-08T22:17:56.839+0000] {processor.py:829} INFO - Processing file /home/airflow/.local/lib/python3.8/site-packages/airflow/example_dags/example_sensors.py for tasks to queue
[2023-11-08T22:17:56.840+0000] {logging_mixin.py:154} INFO - [2023-11-08T22:17:56.840+0000] {dagbag.py:536} INFO - Filling up the DagBag from /home/airflow/.local/lib/python3.8/site-packages/airflow/example_dags/example_sensors.py
[2023-11-08T22:17:56.845+0000] {processor.py:839} INFO - DAG(s) dict_keys(['example_sensors']) retrieved from /home/airflow/.local/lib/python3.8/site-packages/airflow/example_dags/example_sensors.py
[2023-11-08T22:17:56.879+0000] {logging_mixin.py:154} INFO - [2023-11-08T22:17:56.879+0000] {dag.py:2941} INFO - Sync 1 DAGs
[2023-11-08T22:17:56.888+0000] {logging_mixin.py:154} INFO - [2023-11-08T22:17:56.888+0000] {dag.py:3722} INFO - Setting next_dagrun for example_sensors to None, run_after=None
[2023-11-08T22:17:56.900+0000] {processor.py:179} INFO - Processing /home/airflow/.local/lib/python3.8/site-packages/airflow/example_dags/example_sensors.py took 0.064 seconds
[2023-11-08T22:18:27.605+0000] {processor.py:157} INFO - Started process (PID=754) to work on /home/airflow/.local/lib/python3.8/site-packages/airflow/example_dags/example_sensors.py
[2023-11-08T22:18:27.605+0000] {processor.py:829} INFO - Processing file /home/airflow/.local/lib/python3.8/site-packages/airflow/example_dags/example_sensors.py for tasks to queue
[2023-11-08T22:18:27.607+0000] {logging_mixin.py:154} INFO - [2023-11-08T22:18:27.607+0000] {dagbag.py:536} INFO - Filling up the DagBag from /home/airflow/.local/lib/python3.8/site-packages/airflow/example_dags/example_sensors.py
[2023-11-08T22:18:27.615+0000] {processor.py:839} INFO - DAG(s) dict_keys(['example_sensors']) retrieved from /home/airflow/.local/lib/python3.8/site-packages/airflow/example_dags/example_sensors.py
[2023-11-08T22:18:27.637+0000] {logging_mixin.py:154} INFO - [2023-11-08T22:18:27.637+0000] {dag.py:2941} INFO - Sync 1 DAGs
[2023-11-08T22:18:27.647+0000] {logging_mixin.py:154} INFO - [2023-11-08T22:18:27.647+0000] {dag.py:3722} INFO - Setting next_dagrun for example_sensors to None, run_after=None
[2023-11-08T22:18:27.663+0000] {processor.py:179} INFO - Processing /home/airflow/.local/lib/python3.8/site-packages/airflow/example_dags/example_sensors.py took 0.061 seconds
[2023-11-08T22:18:58.559+0000] {processor.py:157} INFO - Started process (PID=808) to work on /home/airflow/.local/lib/python3.8/site-packages/airflow/example_dags/example_sensors.py
[2023-11-08T22:18:58.560+0000] {processor.py:829} INFO - Processing file /home/airflow/.local/lib/python3.8/site-packages/airflow/example_dags/example_sensors.py for tasks to queue
[2023-11-08T22:18:58.561+0000] {logging_mixin.py:154} INFO - [2023-11-08T22:18:58.561+0000] {dagbag.py:536} INFO - Filling up the DagBag from /home/airflow/.local/lib/python3.8/site-packages/airflow/example_dags/example_sensors.py
[2023-11-08T22:18:58.566+0000] {processor.py:839} INFO - DAG(s) dict_keys(['example_sensors']) retrieved from /home/airflow/.local/lib/python3.8/site-packages/airflow/example_dags/example_sensors.py
[2023-11-08T22:18:58.580+0000] {logging_mixin.py:154} INFO - [2023-11-08T22:18:58.580+0000] {dag.py:2941} INFO - Sync 1 DAGs
[2023-11-08T22:18:58.588+0000] {logging_mixin.py:154} INFO - [2023-11-08T22:18:58.588+0000] {dag.py:3722} INFO - Setting next_dagrun for example_sensors to None, run_after=None
[2023-11-08T22:18:58.598+0000] {processor.py:179} INFO - Processing /home/airflow/.local/lib/python3.8/site-packages/airflow/example_dags/example_sensors.py took 0.041 seconds
[2023-11-08T22:19:28.799+0000] {processor.py:157} INFO - Started process (PID=862) to work on /home/airflow/.local/lib/python3.8/site-packages/airflow/example_dags/example_sensors.py
[2023-11-08T22:19:28.800+0000] {processor.py:829} INFO - Processing file /home/airflow/.local/lib/python3.8/site-packages/airflow/example_dags/example_sensors.py for tasks to queue
[2023-11-08T22:19:28.801+0000] {logging_mixin.py:154} INFO - [2023-11-08T22:19:28.800+0000] {dagbag.py:536} INFO - Filling up the DagBag from /home/airflow/.local/lib/python3.8/site-packages/airflow/example_dags/example_sensors.py
[2023-11-08T22:19:28.806+0000] {processor.py:839} INFO - DAG(s) dict_keys(['example_sensors']) retrieved from /home/airflow/.local/lib/python3.8/site-packages/airflow/example_dags/example_sensors.py
[2023-11-08T22:19:28.823+0000] {logging_mixin.py:154} INFO - [2023-11-08T22:19:28.823+0000] {dag.py:2941} INFO - Sync 1 DAGs
[2023-11-08T22:19:28.832+0000] {logging_mixin.py:154} INFO - [2023-11-08T22:19:28.832+0000] {dag.py:3722} INFO - Setting next_dagrun for example_sensors to None, run_after=None
[2023-11-08T22:19:28.843+0000] {processor.py:179} INFO - Processing /home/airflow/.local/lib/python3.8/site-packages/airflow/example_dags/example_sensors.py took 0.046 seconds
[2023-11-08T22:19:59.855+0000] {processor.py:157} INFO - Started process (PID=916) to work on /home/airflow/.local/lib/python3.8/site-packages/airflow/example_dags/example_sensors.py
[2023-11-08T22:19:59.855+0000] {processor.py:829} INFO - Processing file /home/airflow/.local/lib/python3.8/site-packages/airflow/example_dags/example_sensors.py for tasks to queue
[2023-11-08T22:19:59.857+0000] {logging_mixin.py:154} INFO - [2023-11-08T22:19:59.856+0000] {dagbag.py:536} INFO - Filling up the DagBag from /home/airflow/.local/lib/python3.8/site-packages/airflow/example_dags/example_sensors.py
[2023-11-08T22:19:59.862+0000] {processor.py:839} INFO - DAG(s) dict_keys(['example_sensors']) retrieved from /home/airflow/.local/lib/python3.8/site-packages/airflow/example_dags/example_sensors.py
[2023-11-08T22:19:59.881+0000] {logging_mixin.py:154} INFO - [2023-11-08T22:19:59.880+0000] {dag.py:2941} INFO - Sync 1 DAGs
[2023-11-08T22:19:59.890+0000] {logging_mixin.py:154} INFO - [2023-11-08T22:19:59.890+0000] {dag.py:3722} INFO - Setting next_dagrun for example_sensors to None, run_after=None
[2023-11-08T22:20:00.005+0000] {processor.py:179} INFO - Processing /home/airflow/.local/lib/python3.8/site-packages/airflow/example_dags/example_sensors.py took 0.152 seconds
[2023-11-08T22:20:30.914+0000] {processor.py:157} INFO - Started process (PID=970) to work on /home/airflow/.local/lib/python3.8/site-packages/airflow/example_dags/example_sensors.py
[2023-11-08T22:20:30.915+0000] {processor.py:829} INFO - Processing file /home/airflow/.local/lib/python3.8/site-packages/airflow/example_dags/example_sensors.py for tasks to queue
[2023-11-08T22:20:30.916+0000] {logging_mixin.py:154} INFO - [2023-11-08T22:20:30.916+0000] {dagbag.py:536} INFO - Filling up the DagBag from /home/airflow/.local/lib/python3.8/site-packages/airflow/example_dags/example_sensors.py
[2023-11-08T22:20:30.921+0000] {processor.py:839} INFO - DAG(s) dict_keys(['example_sensors']) retrieved from /home/airflow/.local/lib/python3.8/site-packages/airflow/example_dags/example_sensors.py
[2023-11-08T22:20:30.935+0000] {logging_mixin.py:154} INFO - [2023-11-08T22:20:30.935+0000] {dag.py:2941} INFO - Sync 1 DAGs
[2023-11-08T22:20:30.942+0000] {logging_mixin.py:154} INFO - [2023-11-08T22:20:30.942+0000] {dag.py:3722} INFO - Setting next_dagrun for example_sensors to None, run_after=None
[2023-11-08T22:20:30.951+0000] {processor.py:179} INFO - Processing /home/airflow/.local/lib/python3.8/site-packages/airflow/example_dags/example_sensors.py took 0.039 seconds
[2023-11-08T22:21:01.016+0000] {processor.py:157} INFO - Started process (PID=1024) to work on /home/airflow/.local/lib/python3.8/site-packages/airflow/example_dags/example_sensors.py
[2023-11-08T22:21:01.017+0000] {processor.py:829} INFO - Processing file /home/airflow/.local/lib/python3.8/site-packages/airflow/example_dags/example_sensors.py for tasks to queue
[2023-11-08T22:21:01.018+0000] {logging_mixin.py:154} INFO - [2023-11-08T22:21:01.018+0000] {dagbag.py:536} INFO - Filling up the DagBag from /home/airflow/.local/lib/python3.8/site-packages/airflow/example_dags/example_sensors.py
[2023-11-08T22:21:01.024+0000] {processor.py:839} INFO - DAG(s) dict_keys(['example_sensors']) retrieved from /home/airflow/.local/lib/python3.8/site-packages/airflow/example_dags/example_sensors.py
[2023-11-08T22:21:01.041+0000] {logging_mixin.py:154} INFO - [2023-11-08T22:21:01.040+0000] {dag.py:2941} INFO - Sync 1 DAGs
[2023-11-08T22:21:01.048+0000] {logging_mixin.py:154} INFO - [2023-11-08T22:21:01.048+0000] {dag.py:3722} INFO - Setting next_dagrun for example_sensors to None, run_after=None
[2023-11-08T22:21:01.059+0000] {processor.py:179} INFO - Processing /home/airflow/.local/lib/python3.8/site-packages/airflow/example_dags/example_sensors.py took 0.045 seconds
[2023-11-08T22:21:31.759+0000] {processor.py:157} INFO - Started process (PID=1077) to work on /home/airflow/.local/lib/python3.8/site-packages/airflow/example_dags/example_sensors.py
[2023-11-08T22:21:31.760+0000] {processor.py:829} INFO - Processing file /home/airflow/.local/lib/python3.8/site-packages/airflow/example_dags/example_sensors.py for tasks to queue
[2023-11-08T22:21:31.761+0000] {logging_mixin.py:154} INFO - [2023-11-08T22:21:31.761+0000] {dagbag.py:536} INFO - Filling up the DagBag from /home/airflow/.local/lib/python3.8/site-packages/airflow/example_dags/example_sensors.py
[2023-11-08T22:21:31.765+0000] {processor.py:839} INFO - DAG(s) dict_keys(['example_sensors']) retrieved from /home/airflow/.local/lib/python3.8/site-packages/airflow/example_dags/example_sensors.py
[2023-11-08T22:21:31.780+0000] {logging_mixin.py:154} INFO - [2023-11-08T22:21:31.780+0000] {dag.py:2941} INFO - Sync 1 DAGs
[2023-11-08T22:21:31.885+0000] {logging_mixin.py:154} INFO - [2023-11-08T22:21:31.885+0000] {dag.py:3722} INFO - Setting next_dagrun for example_sensors to None, run_after=None
[2023-11-08T22:21:31.900+0000] {processor.py:179} INFO - Processing /home/airflow/.local/lib/python3.8/site-packages/airflow/example_dags/example_sensors.py took 0.143 seconds
[2023-11-08T22:22:02.165+0000] {processor.py:157} INFO - Started process (PID=1131) to work on /home/airflow/.local/lib/python3.8/site-packages/airflow/example_dags/example_sensors.py
[2023-11-08T22:22:02.166+0000] {processor.py:829} INFO - Processing file /home/airflow/.local/lib/python3.8/site-packages/airflow/example_dags/example_sensors.py for tasks to queue
[2023-11-08T22:22:02.167+0000] {logging_mixin.py:154} INFO - [2023-11-08T22:22:02.167+0000] {dagbag.py:536} INFO - Filling up the DagBag from /home/airflow/.local/lib/python3.8/site-packages/airflow/example_dags/example_sensors.py
[2023-11-08T22:22:02.172+0000] {processor.py:839} INFO - DAG(s) dict_keys(['example_sensors']) retrieved from /home/airflow/.local/lib/python3.8/site-packages/airflow/example_dags/example_sensors.py
[2023-11-08T22:22:02.187+0000] {logging_mixin.py:154} INFO - [2023-11-08T22:22:02.187+0000] {dag.py:2941} INFO - Sync 1 DAGs
[2023-11-08T22:22:02.194+0000] {logging_mixin.py:154} INFO - [2023-11-08T22:22:02.194+0000] {dag.py:3722} INFO - Setting next_dagrun for example_sensors to None, run_after=None
[2023-11-08T22:22:02.298+0000] {processor.py:179} INFO - Processing /home/airflow/.local/lib/python3.8/site-packages/airflow/example_dags/example_sensors.py took 0.135 seconds
[2023-11-08T22:22:32.335+0000] {processor.py:157} INFO - Started process (PID=1184) to work on /home/airflow/.local/lib/python3.8/site-packages/airflow/example_dags/example_sensors.py
[2023-11-08T22:22:32.336+0000] {processor.py:829} INFO - Processing file /home/airflow/.local/lib/python3.8/site-packages/airflow/example_dags/example_sensors.py for tasks to queue
[2023-11-08T22:22:32.337+0000] {logging_mixin.py:154} INFO - [2023-11-08T22:22:32.337+0000] {dagbag.py:536} INFO - Filling up the DagBag from /home/airflow/.local/lib/python3.8/site-packages/airflow/example_dags/example_sensors.py
[2023-11-08T22:22:32.342+0000] {processor.py:839} INFO - DAG(s) dict_keys(['example_sensors']) retrieved from /home/airflow/.local/lib/python3.8/site-packages/airflow/example_dags/example_sensors.py
[2023-11-08T22:22:32.358+0000] {logging_mixin.py:154} INFO - [2023-11-08T22:22:32.358+0000] {dag.py:2941} INFO - Sync 1 DAGs
[2023-11-08T22:22:32.365+0000] {logging_mixin.py:154} INFO - [2023-11-08T22:22:32.365+0000] {dag.py:3722} INFO - Setting next_dagrun for example_sensors to None, run_after=None
[2023-11-08T22:22:32.374+0000] {processor.py:179} INFO - Processing /home/airflow/.local/lib/python3.8/site-packages/airflow/example_dags/example_sensors.py took 0.041 seconds
[2023-11-08T22:23:02.896+0000] {processor.py:157} INFO - Started process (PID=1237) to work on /home/airflow/.local/lib/python3.8/site-packages/airflow/example_dags/example_sensors.py
[2023-11-08T22:23:02.896+0000] {processor.py:829} INFO - Processing file /home/airflow/.local/lib/python3.8/site-packages/airflow/example_dags/example_sensors.py for tasks to queue
[2023-11-08T22:23:02.897+0000] {logging_mixin.py:154} INFO - [2023-11-08T22:23:02.897+0000] {dagbag.py:536} INFO - Filling up the DagBag from /home/airflow/.local/lib/python3.8/site-packages/airflow/example_dags/example_sensors.py
[2023-11-08T22:23:02.902+0000] {processor.py:839} INFO - DAG(s) dict_keys(['example_sensors']) retrieved from /home/airflow/.local/lib/python3.8/site-packages/airflow/example_dags/example_sensors.py
[2023-11-08T22:23:03.011+0000] {logging_mixin.py:154} INFO - [2023-11-08T22:23:03.011+0000] {dag.py:2941} INFO - Sync 1 DAGs
[2023-11-08T22:23:03.017+0000] {logging_mixin.py:154} INFO - [2023-11-08T22:23:03.017+0000] {dag.py:3722} INFO - Setting next_dagrun for example_sensors to None, run_after=None
[2023-11-08T22:23:03.028+0000] {processor.py:179} INFO - Processing /home/airflow/.local/lib/python3.8/site-packages/airflow/example_dags/example_sensors.py took 0.134 seconds
[2023-11-08T22:23:33.115+0000] {processor.py:157} INFO - Started process (PID=1291) to work on /home/airflow/.local/lib/python3.8/site-packages/airflow/example_dags/example_sensors.py
[2023-11-08T22:23:33.116+0000] {processor.py:829} INFO - Processing file /home/airflow/.local/lib/python3.8/site-packages/airflow/example_dags/example_sensors.py for tasks to queue
[2023-11-08T22:23:33.117+0000] {logging_mixin.py:154} INFO - [2023-11-08T22:23:33.117+0000] {dagbag.py:536} INFO - Filling up the DagBag from /home/airflow/.local/lib/python3.8/site-packages/airflow/example_dags/example_sensors.py
[2023-11-08T22:23:33.122+0000] {processor.py:839} INFO - DAG(s) dict_keys(['example_sensors']) retrieved from /home/airflow/.local/lib/python3.8/site-packages/airflow/example_dags/example_sensors.py
[2023-11-08T22:23:33.137+0000] {logging_mixin.py:154} INFO - [2023-11-08T22:23:33.137+0000] {dag.py:2941} INFO - Sync 1 DAGs
[2023-11-08T22:23:33.144+0000] {logging_mixin.py:154} INFO - [2023-11-08T22:23:33.144+0000] {dag.py:3722} INFO - Setting next_dagrun for example_sensors to None, run_after=None
[2023-11-08T22:23:33.245+0000] {processor.py:179} INFO - Processing /home/airflow/.local/lib/python3.8/site-packages/airflow/example_dags/example_sensors.py took 0.131 seconds
[2023-11-08T22:24:03.276+0000] {processor.py:157} INFO - Started process (PID=1345) to work on /home/airflow/.local/lib/python3.8/site-packages/airflow/example_dags/example_sensors.py
[2023-11-08T22:24:03.276+0000] {processor.py:829} INFO - Processing file /home/airflow/.local/lib/python3.8/site-packages/airflow/example_dags/example_sensors.py for tasks to queue
[2023-11-08T22:24:03.277+0000] {logging_mixin.py:154} INFO - [2023-11-08T22:24:03.277+0000] {dagbag.py:536} INFO - Filling up the DagBag from /home/airflow/.local/lib/python3.8/site-packages/airflow/example_dags/example_sensors.py
[2023-11-08T22:24:03.282+0000] {processor.py:839} INFO - DAG(s) dict_keys(['example_sensors']) retrieved from /home/airflow/.local/lib/python3.8/site-packages/airflow/example_dags/example_sensors.py
[2023-11-08T22:24:03.297+0000] {logging_mixin.py:154} INFO - [2023-11-08T22:24:03.297+0000] {dag.py:2941} INFO - Sync 1 DAGs
[2023-11-08T22:24:03.304+0000] {logging_mixin.py:154} INFO - [2023-11-08T22:24:03.303+0000] {dag.py:3722} INFO - Setting next_dagrun for example_sensors to None, run_after=None
[2023-11-08T22:24:03.313+0000] {processor.py:179} INFO - Processing /home/airflow/.local/lib/python3.8/site-packages/airflow/example_dags/example_sensors.py took 0.039 seconds
[2023-11-08T22:24:34.762+0000] {processor.py:157} INFO - Started process (PID=1399) to work on /home/airflow/.local/lib/python3.8/site-packages/airflow/example_dags/example_sensors.py
[2023-11-08T22:24:34.762+0000] {processor.py:829} INFO - Processing file /home/airflow/.local/lib/python3.8/site-packages/airflow/example_dags/example_sensors.py for tasks to queue
[2023-11-08T22:24:34.763+0000] {logging_mixin.py:154} INFO - [2023-11-08T22:24:34.763+0000] {dagbag.py:536} INFO - Filling up the DagBag from /home/airflow/.local/lib/python3.8/site-packages/airflow/example_dags/example_sensors.py
[2023-11-08T22:24:34.768+0000] {processor.py:839} INFO - DAG(s) dict_keys(['example_sensors']) retrieved from /home/airflow/.local/lib/python3.8/site-packages/airflow/example_dags/example_sensors.py
[2023-11-08T22:24:34.873+0000] {logging_mixin.py:154} INFO - [2023-11-08T22:24:34.873+0000] {dag.py:2941} INFO - Sync 1 DAGs
[2023-11-08T22:24:34.880+0000] {logging_mixin.py:154} INFO - [2023-11-08T22:24:34.880+0000] {dag.py:3722} INFO - Setting next_dagrun for example_sensors to None, run_after=None
[2023-11-08T22:24:34.898+0000] {processor.py:179} INFO - Processing /home/airflow/.local/lib/python3.8/site-packages/airflow/example_dags/example_sensors.py took 0.138 seconds
[2023-11-08T22:25:05.317+0000] {processor.py:157} INFO - Started process (PID=1453) to work on /home/airflow/.local/lib/python3.8/site-packages/airflow/example_dags/example_sensors.py
[2023-11-08T22:25:05.318+0000] {processor.py:829} INFO - Processing file /home/airflow/.local/lib/python3.8/site-packages/airflow/example_dags/example_sensors.py for tasks to queue
[2023-11-08T22:25:05.319+0000] {logging_mixin.py:154} INFO - [2023-11-08T22:25:05.319+0000] {dagbag.py:536} INFO - Filling up the DagBag from /home/airflow/.local/lib/python3.8/site-packages/airflow/example_dags/example_sensors.py
[2023-11-08T22:25:05.324+0000] {processor.py:839} INFO - DAG(s) dict_keys(['example_sensors']) retrieved from /home/airflow/.local/lib/python3.8/site-packages/airflow/example_dags/example_sensors.py
[2023-11-08T22:25:05.338+0000] {logging_mixin.py:154} INFO - [2023-11-08T22:25:05.338+0000] {dag.py:2941} INFO - Sync 1 DAGs
[2023-11-08T22:25:05.346+0000] {logging_mixin.py:154} INFO - [2023-11-08T22:25:05.346+0000] {dag.py:3722} INFO - Setting next_dagrun for example_sensors to None, run_after=None
[2023-11-08T22:25:05.451+0000] {processor.py:179} INFO - Processing /home/airflow/.local/lib/python3.8/site-packages/airflow/example_dags/example_sensors.py took 0.135 seconds
[2023-11-08T22:25:36.300+0000] {processor.py:157} INFO - Started process (PID=1507) to work on /home/airflow/.local/lib/python3.8/site-packages/airflow/example_dags/example_sensors.py
[2023-11-08T22:25:36.301+0000] {processor.py:829} INFO - Processing file /home/airflow/.local/lib/python3.8/site-packages/airflow/example_dags/example_sensors.py for tasks to queue
[2023-11-08T22:25:36.302+0000] {logging_mixin.py:154} INFO - [2023-11-08T22:25:36.302+0000] {dagbag.py:536} INFO - Filling up the DagBag from /home/airflow/.local/lib/python3.8/site-packages/airflow/example_dags/example_sensors.py
[2023-11-08T22:25:36.307+0000] {processor.py:839} INFO - DAG(s) dict_keys(['example_sensors']) retrieved from /home/airflow/.local/lib/python3.8/site-packages/airflow/example_dags/example_sensors.py
[2023-11-08T22:25:36.325+0000] {logging_mixin.py:154} INFO - [2023-11-08T22:25:36.324+0000] {dag.py:2941} INFO - Sync 1 DAGs
[2023-11-08T22:25:36.332+0000] {logging_mixin.py:154} INFO - [2023-11-08T22:25:36.332+0000] {dag.py:3722} INFO - Setting next_dagrun for example_sensors to None, run_after=None
[2023-11-08T22:25:36.343+0000] {processor.py:179} INFO - Processing /home/airflow/.local/lib/python3.8/site-packages/airflow/example_dags/example_sensors.py took 0.044 seconds
[2023-11-08T22:26:06.883+0000] {processor.py:157} INFO - Started process (PID=1561) to work on /home/airflow/.local/lib/python3.8/site-packages/airflow/example_dags/example_sensors.py
[2023-11-08T22:26:06.884+0000] {processor.py:829} INFO - Processing file /home/airflow/.local/lib/python3.8/site-packages/airflow/example_dags/example_sensors.py for tasks to queue
[2023-11-08T22:26:06.885+0000] {logging_mixin.py:154} INFO - [2023-11-08T22:26:06.885+0000] {dagbag.py:536} INFO - Filling up the DagBag from /home/airflow/.local/lib/python3.8/site-packages/airflow/example_dags/example_sensors.py
[2023-11-08T22:26:06.890+0000] {processor.py:839} INFO - DAG(s) dict_keys(['example_sensors']) retrieved from /home/airflow/.local/lib/python3.8/site-packages/airflow/example_dags/example_sensors.py
[2023-11-08T22:26:06.905+0000] {logging_mixin.py:154} INFO - [2023-11-08T22:26:06.905+0000] {dag.py:2941} INFO - Sync 1 DAGs
[2023-11-08T22:26:06.912+0000] {logging_mixin.py:154} INFO - [2023-11-08T22:26:06.912+0000] {dag.py:3722} INFO - Setting next_dagrun for example_sensors to None, run_after=None
[2023-11-08T22:26:06.923+0000] {processor.py:179} INFO - Processing /home/airflow/.local/lib/python3.8/site-packages/airflow/example_dags/example_sensors.py took 0.042 seconds
[2023-11-08T22:26:37.549+0000] {processor.py:157} INFO - Started process (PID=1615) to work on /home/airflow/.local/lib/python3.8/site-packages/airflow/example_dags/example_sensors.py
[2023-11-08T22:26:37.549+0000] {processor.py:829} INFO - Processing file /home/airflow/.local/lib/python3.8/site-packages/airflow/example_dags/example_sensors.py for tasks to queue
[2023-11-08T22:26:37.551+0000] {logging_mixin.py:154} INFO - [2023-11-08T22:26:37.550+0000] {dagbag.py:536} INFO - Filling up the DagBag from /home/airflow/.local/lib/python3.8/site-packages/airflow/example_dags/example_sensors.py
[2023-11-08T22:26:37.556+0000] {processor.py:839} INFO - DAG(s) dict_keys(['example_sensors']) retrieved from /home/airflow/.local/lib/python3.8/site-packages/airflow/example_dags/example_sensors.py
[2023-11-08T22:26:37.571+0000] {logging_mixin.py:154} INFO - [2023-11-08T22:26:37.571+0000] {dag.py:2941} INFO - Sync 1 DAGs
[2023-11-08T22:26:37.579+0000] {logging_mixin.py:154} INFO - [2023-11-08T22:26:37.579+0000] {dag.py:3722} INFO - Setting next_dagrun for example_sensors to None, run_after=None
[2023-11-08T22:26:37.589+0000] {processor.py:179} INFO - Processing /home/airflow/.local/lib/python3.8/site-packages/airflow/example_dags/example_sensors.py took 0.042 seconds
[2023-11-08T22:27:16.738+0000] {processor.py:157} INFO - Started process (PID=49) to work on /home/airflow/.local/lib/python3.8/site-packages/airflow/example_dags/example_sensors.py
[2023-11-08T22:27:16.739+0000] {processor.py:829} INFO - Processing file /home/airflow/.local/lib/python3.8/site-packages/airflow/example_dags/example_sensors.py for tasks to queue
[2023-11-08T22:27:16.740+0000] {logging_mixin.py:154} INFO - [2023-11-08T22:27:16.740+0000] {dagbag.py:536} INFO - Filling up the DagBag from /home/airflow/.local/lib/python3.8/site-packages/airflow/example_dags/example_sensors.py
[2023-11-08T22:27:16.747+0000] {processor.py:839} INFO - DAG(s) dict_keys(['example_sensors']) retrieved from /home/airflow/.local/lib/python3.8/site-packages/airflow/example_dags/example_sensors.py
[2023-11-08T22:27:16.754+0000] {logging_mixin.py:154} INFO - [2023-11-08T22:27:16.754+0000] {dag.py:2941} INFO - Sync 1 DAGs
[2023-11-08T22:27:16.762+0000] {logging_mixin.py:154} INFO - [2023-11-08T22:27:16.762+0000] {dag.py:3722} INFO - Setting next_dagrun for example_sensors to None, run_after=None
[2023-11-08T22:27:16.773+0000] {processor.py:179} INFO - Processing /home/airflow/.local/lib/python3.8/site-packages/airflow/example_dags/example_sensors.py took 0.037 seconds
[2023-11-08T22:27:47.554+0000] {processor.py:157} INFO - Started process (PID=103) to work on /home/airflow/.local/lib/python3.8/site-packages/airflow/example_dags/example_sensors.py
[2023-11-08T22:27:47.555+0000] {processor.py:829} INFO - Processing file /home/airflow/.local/lib/python3.8/site-packages/airflow/example_dags/example_sensors.py for tasks to queue
[2023-11-08T22:27:47.557+0000] {logging_mixin.py:154} INFO - [2023-11-08T22:27:47.557+0000] {dagbag.py:536} INFO - Filling up the DagBag from /home/airflow/.local/lib/python3.8/site-packages/airflow/example_dags/example_sensors.py
[2023-11-08T22:27:47.565+0000] {processor.py:839} INFO - DAG(s) dict_keys(['example_sensors']) retrieved from /home/airflow/.local/lib/python3.8/site-packages/airflow/example_dags/example_sensors.py
[2023-11-08T22:27:47.587+0000] {logging_mixin.py:154} INFO - [2023-11-08T22:27:47.587+0000] {dag.py:2941} INFO - Sync 1 DAGs
[2023-11-08T22:27:47.598+0000] {logging_mixin.py:154} INFO - [2023-11-08T22:27:47.598+0000] {dag.py:3722} INFO - Setting next_dagrun for example_sensors to None, run_after=None
[2023-11-08T22:27:47.614+0000] {processor.py:179} INFO - Processing /home/airflow/.local/lib/python3.8/site-packages/airflow/example_dags/example_sensors.py took 0.062 seconds
[2023-11-08T22:28:17.786+0000] {processor.py:157} INFO - Started process (PID=157) to work on /home/airflow/.local/lib/python3.8/site-packages/airflow/example_dags/example_sensors.py
[2023-11-08T22:28:17.787+0000] {processor.py:829} INFO - Processing file /home/airflow/.local/lib/python3.8/site-packages/airflow/example_dags/example_sensors.py for tasks to queue
[2023-11-08T22:28:17.788+0000] {logging_mixin.py:154} INFO - [2023-11-08T22:28:17.788+0000] {dagbag.py:536} INFO - Filling up the DagBag from /home/airflow/.local/lib/python3.8/site-packages/airflow/example_dags/example_sensors.py
[2023-11-08T22:28:17.795+0000] {processor.py:839} INFO - DAG(s) dict_keys(['example_sensors']) retrieved from /home/airflow/.local/lib/python3.8/site-packages/airflow/example_dags/example_sensors.py
[2023-11-08T22:28:17.812+0000] {logging_mixin.py:154} INFO - [2023-11-08T22:28:17.812+0000] {dag.py:2941} INFO - Sync 1 DAGs
[2023-11-08T22:28:17.820+0000] {logging_mixin.py:154} INFO - [2023-11-08T22:28:17.820+0000] {dag.py:3722} INFO - Setting next_dagrun for example_sensors to None, run_after=None
[2023-11-08T22:28:17.833+0000] {processor.py:179} INFO - Processing /home/airflow/.local/lib/python3.8/site-packages/airflow/example_dags/example_sensors.py took 0.049 seconds
[2023-11-08T22:28:47.914+0000] {processor.py:157} INFO - Started process (PID=211) to work on /home/airflow/.local/lib/python3.8/site-packages/airflow/example_dags/example_sensors.py
[2023-11-08T22:28:47.915+0000] {processor.py:829} INFO - Processing file /home/airflow/.local/lib/python3.8/site-packages/airflow/example_dags/example_sensors.py for tasks to queue
[2023-11-08T22:28:47.916+0000] {logging_mixin.py:154} INFO - [2023-11-08T22:28:47.916+0000] {dagbag.py:536} INFO - Filling up the DagBag from /home/airflow/.local/lib/python3.8/site-packages/airflow/example_dags/example_sensors.py
[2023-11-08T22:28:47.921+0000] {processor.py:839} INFO - DAG(s) dict_keys(['example_sensors']) retrieved from /home/airflow/.local/lib/python3.8/site-packages/airflow/example_dags/example_sensors.py
[2023-11-08T22:28:47.937+0000] {logging_mixin.py:154} INFO - [2023-11-08T22:28:47.936+0000] {dag.py:2941} INFO - Sync 1 DAGs
[2023-11-08T22:28:47.944+0000] {logging_mixin.py:154} INFO - [2023-11-08T22:28:47.944+0000] {dag.py:3722} INFO - Setting next_dagrun for example_sensors to None, run_after=None
[2023-11-08T22:28:47.954+0000] {processor.py:179} INFO - Processing /home/airflow/.local/lib/python3.8/site-packages/airflow/example_dags/example_sensors.py took 0.042 seconds
[2023-11-08T22:29:18.651+0000] {processor.py:157} INFO - Started process (PID=265) to work on /home/airflow/.local/lib/python3.8/site-packages/airflow/example_dags/example_sensors.py
[2023-11-08T22:29:18.651+0000] {processor.py:829} INFO - Processing file /home/airflow/.local/lib/python3.8/site-packages/airflow/example_dags/example_sensors.py for tasks to queue
[2023-11-08T22:29:18.652+0000] {logging_mixin.py:154} INFO - [2023-11-08T22:29:18.652+0000] {dagbag.py:536} INFO - Filling up the DagBag from /home/airflow/.local/lib/python3.8/site-packages/airflow/example_dags/example_sensors.py
[2023-11-08T22:29:18.659+0000] {processor.py:839} INFO - DAG(s) dict_keys(['example_sensors']) retrieved from /home/airflow/.local/lib/python3.8/site-packages/airflow/example_dags/example_sensors.py
[2023-11-08T22:29:18.676+0000] {logging_mixin.py:154} INFO - [2023-11-08T22:29:18.676+0000] {dag.py:2941} INFO - Sync 1 DAGs
[2023-11-08T22:29:18.685+0000] {logging_mixin.py:154} INFO - [2023-11-08T22:29:18.685+0000] {dag.py:3722} INFO - Setting next_dagrun for example_sensors to None, run_after=None
[2023-11-08T22:29:18.701+0000] {processor.py:179} INFO - Processing /home/airflow/.local/lib/python3.8/site-packages/airflow/example_dags/example_sensors.py took 0.052 seconds
[2023-11-08T22:29:48.825+0000] {processor.py:157} INFO - Started process (PID=320) to work on /home/airflow/.local/lib/python3.8/site-packages/airflow/example_dags/example_sensors.py
[2023-11-08T22:29:48.825+0000] {processor.py:829} INFO - Processing file /home/airflow/.local/lib/python3.8/site-packages/airflow/example_dags/example_sensors.py for tasks to queue
[2023-11-08T22:29:48.826+0000] {logging_mixin.py:154} INFO - [2023-11-08T22:29:48.826+0000] {dagbag.py:536} INFO - Filling up the DagBag from /home/airflow/.local/lib/python3.8/site-packages/airflow/example_dags/example_sensors.py
[2023-11-08T22:29:48.832+0000] {processor.py:839} INFO - DAG(s) dict_keys(['example_sensors']) retrieved from /home/airflow/.local/lib/python3.8/site-packages/airflow/example_dags/example_sensors.py
[2023-11-08T22:29:48.846+0000] {logging_mixin.py:154} INFO - [2023-11-08T22:29:48.846+0000] {dag.py:2941} INFO - Sync 1 DAGs
[2023-11-08T22:29:48.854+0000] {logging_mixin.py:154} INFO - [2023-11-08T22:29:48.854+0000] {dag.py:3722} INFO - Setting next_dagrun for example_sensors to None, run_after=None
[2023-11-08T22:29:48.864+0000] {processor.py:179} INFO - Processing /home/airflow/.local/lib/python3.8/site-packages/airflow/example_dags/example_sensors.py took 0.041 seconds
[2023-11-08T22:30:19.547+0000] {processor.py:157} INFO - Started process (PID=374) to work on /home/airflow/.local/lib/python3.8/site-packages/airflow/example_dags/example_sensors.py
[2023-11-08T22:30:19.548+0000] {processor.py:829} INFO - Processing file /home/airflow/.local/lib/python3.8/site-packages/airflow/example_dags/example_sensors.py for tasks to queue
[2023-11-08T22:30:19.549+0000] {logging_mixin.py:154} INFO - [2023-11-08T22:30:19.549+0000] {dagbag.py:536} INFO - Filling up the DagBag from /home/airflow/.local/lib/python3.8/site-packages/airflow/example_dags/example_sensors.py
[2023-11-08T22:30:19.557+0000] {processor.py:839} INFO - DAG(s) dict_keys(['example_sensors']) retrieved from /home/airflow/.local/lib/python3.8/site-packages/airflow/example_dags/example_sensors.py
[2023-11-08T22:30:19.574+0000] {logging_mixin.py:154} INFO - [2023-11-08T22:30:19.574+0000] {dag.py:2941} INFO - Sync 1 DAGs
[2023-11-08T22:30:19.581+0000] {logging_mixin.py:154} INFO - [2023-11-08T22:30:19.581+0000] {dag.py:3722} INFO - Setting next_dagrun for example_sensors to None, run_after=None
[2023-11-08T22:30:19.592+0000] {processor.py:179} INFO - Processing /home/airflow/.local/lib/python3.8/site-packages/airflow/example_dags/example_sensors.py took 0.047 seconds
[2023-11-08T22:30:50.239+0000] {processor.py:157} INFO - Started process (PID=428) to work on /home/airflow/.local/lib/python3.8/site-packages/airflow/example_dags/example_sensors.py
[2023-11-08T22:30:50.240+0000] {processor.py:829} INFO - Processing file /home/airflow/.local/lib/python3.8/site-packages/airflow/example_dags/example_sensors.py for tasks to queue
[2023-11-08T22:30:50.241+0000] {logging_mixin.py:154} INFO - [2023-11-08T22:30:50.241+0000] {dagbag.py:536} INFO - Filling up the DagBag from /home/airflow/.local/lib/python3.8/site-packages/airflow/example_dags/example_sensors.py
[2023-11-08T22:30:50.246+0000] {processor.py:839} INFO - DAG(s) dict_keys(['example_sensors']) retrieved from /home/airflow/.local/lib/python3.8/site-packages/airflow/example_dags/example_sensors.py
[2023-11-08T22:30:50.267+0000] {logging_mixin.py:154} INFO - [2023-11-08T22:30:50.267+0000] {dag.py:2941} INFO - Sync 1 DAGs
[2023-11-08T22:30:50.278+0000] {logging_mixin.py:154} INFO - [2023-11-08T22:30:50.278+0000] {dag.py:3722} INFO - Setting next_dagrun for example_sensors to None, run_after=None
[2023-11-08T22:30:50.294+0000] {processor.py:179} INFO - Processing /home/airflow/.local/lib/python3.8/site-packages/airflow/example_dags/example_sensors.py took 0.056 seconds
[2023-11-08T22:31:21.162+0000] {processor.py:157} INFO - Started process (PID=482) to work on /home/airflow/.local/lib/python3.8/site-packages/airflow/example_dags/example_sensors.py
[2023-11-08T22:31:21.163+0000] {processor.py:829} INFO - Processing file /home/airflow/.local/lib/python3.8/site-packages/airflow/example_dags/example_sensors.py for tasks to queue
[2023-11-08T22:31:21.165+0000] {logging_mixin.py:154} INFO - [2023-11-08T22:31:21.164+0000] {dagbag.py:536} INFO - Filling up the DagBag from /home/airflow/.local/lib/python3.8/site-packages/airflow/example_dags/example_sensors.py
[2023-11-08T22:31:21.174+0000] {processor.py:839} INFO - DAG(s) dict_keys(['example_sensors']) retrieved from /home/airflow/.local/lib/python3.8/site-packages/airflow/example_dags/example_sensors.py
[2023-11-08T22:31:21.198+0000] {logging_mixin.py:154} INFO - [2023-11-08T22:31:21.198+0000] {dag.py:2941} INFO - Sync 1 DAGs
[2023-11-08T22:31:21.211+0000] {logging_mixin.py:154} INFO - [2023-11-08T22:31:21.211+0000] {dag.py:3722} INFO - Setting next_dagrun for example_sensors to None, run_after=None
[2023-11-08T22:31:21.232+0000] {processor.py:179} INFO - Processing /home/airflow/.local/lib/python3.8/site-packages/airflow/example_dags/example_sensors.py took 0.073 seconds
[2023-11-08T22:31:51.313+0000] {processor.py:157} INFO - Started process (PID=536) to work on /home/airflow/.local/lib/python3.8/site-packages/airflow/example_dags/example_sensors.py
[2023-11-08T22:31:51.314+0000] {processor.py:829} INFO - Processing file /home/airflow/.local/lib/python3.8/site-packages/airflow/example_dags/example_sensors.py for tasks to queue
[2023-11-08T22:31:51.315+0000] {logging_mixin.py:154} INFO - [2023-11-08T22:31:51.315+0000] {dagbag.py:536} INFO - Filling up the DagBag from /home/airflow/.local/lib/python3.8/site-packages/airflow/example_dags/example_sensors.py
[2023-11-08T22:31:51.320+0000] {processor.py:839} INFO - DAG(s) dict_keys(['example_sensors']) retrieved from /home/airflow/.local/lib/python3.8/site-packages/airflow/example_dags/example_sensors.py
[2023-11-08T22:31:51.342+0000] {logging_mixin.py:154} INFO - [2023-11-08T22:31:51.342+0000] {dag.py:2941} INFO - Sync 1 DAGs
[2023-11-08T22:31:51.350+0000] {logging_mixin.py:154} INFO - [2023-11-08T22:31:51.350+0000] {dag.py:3722} INFO - Setting next_dagrun for example_sensors to None, run_after=None
[2023-11-08T22:31:51.363+0000] {processor.py:179} INFO - Processing /home/airflow/.local/lib/python3.8/site-packages/airflow/example_dags/example_sensors.py took 0.052 seconds
[2023-11-08T22:32:21.430+0000] {processor.py:157} INFO - Started process (PID=591) to work on /home/airflow/.local/lib/python3.8/site-packages/airflow/example_dags/example_sensors.py
[2023-11-08T22:32:21.431+0000] {processor.py:829} INFO - Processing file /home/airflow/.local/lib/python3.8/site-packages/airflow/example_dags/example_sensors.py for tasks to queue
[2023-11-08T22:32:21.432+0000] {logging_mixin.py:154} INFO - [2023-11-08T22:32:21.432+0000] {dagbag.py:536} INFO - Filling up the DagBag from /home/airflow/.local/lib/python3.8/site-packages/airflow/example_dags/example_sensors.py
[2023-11-08T22:32:21.437+0000] {processor.py:839} INFO - DAG(s) dict_keys(['example_sensors']) retrieved from /home/airflow/.local/lib/python3.8/site-packages/airflow/example_dags/example_sensors.py
[2023-11-08T22:32:21.455+0000] {logging_mixin.py:154} INFO - [2023-11-08T22:32:21.455+0000] {dag.py:2941} INFO - Sync 1 DAGs
[2023-11-08T22:32:21.465+0000] {logging_mixin.py:154} INFO - [2023-11-08T22:32:21.464+0000] {dag.py:3722} INFO - Setting next_dagrun for example_sensors to None, run_after=None
[2023-11-08T22:32:21.475+0000] {processor.py:179} INFO - Processing /home/airflow/.local/lib/python3.8/site-packages/airflow/example_dags/example_sensors.py took 0.047 seconds
[2023-11-08T22:32:51.563+0000] {processor.py:157} INFO - Started process (PID=646) to work on /home/airflow/.local/lib/python3.8/site-packages/airflow/example_dags/example_sensors.py
[2023-11-08T22:32:51.563+0000] {processor.py:829} INFO - Processing file /home/airflow/.local/lib/python3.8/site-packages/airflow/example_dags/example_sensors.py for tasks to queue
[2023-11-08T22:32:51.564+0000] {logging_mixin.py:154} INFO - [2023-11-08T22:32:51.564+0000] {dagbag.py:536} INFO - Filling up the DagBag from /home/airflow/.local/lib/python3.8/site-packages/airflow/example_dags/example_sensors.py
[2023-11-08T22:32:51.570+0000] {processor.py:839} INFO - DAG(s) dict_keys(['example_sensors']) retrieved from /home/airflow/.local/lib/python3.8/site-packages/airflow/example_dags/example_sensors.py
[2023-11-08T22:32:51.588+0000] {logging_mixin.py:154} INFO - [2023-11-08T22:32:51.587+0000] {dag.py:2941} INFO - Sync 1 DAGs
[2023-11-08T22:32:51.597+0000] {logging_mixin.py:154} INFO - [2023-11-08T22:32:51.597+0000] {dag.py:3722} INFO - Setting next_dagrun for example_sensors to None, run_after=None
[2023-11-08T22:32:51.609+0000] {processor.py:179} INFO - Processing /home/airflow/.local/lib/python3.8/site-packages/airflow/example_dags/example_sensors.py took 0.048 seconds
[2023-11-08T22:33:21.731+0000] {processor.py:157} INFO - Started process (PID=701) to work on /home/airflow/.local/lib/python3.8/site-packages/airflow/example_dags/example_sensors.py
[2023-11-08T22:33:21.732+0000] {processor.py:829} INFO - Processing file /home/airflow/.local/lib/python3.8/site-packages/airflow/example_dags/example_sensors.py for tasks to queue
[2023-11-08T22:33:21.733+0000] {logging_mixin.py:154} INFO - [2023-11-08T22:33:21.732+0000] {dagbag.py:536} INFO - Filling up the DagBag from /home/airflow/.local/lib/python3.8/site-packages/airflow/example_dags/example_sensors.py
[2023-11-08T22:33:21.738+0000] {processor.py:839} INFO - DAG(s) dict_keys(['example_sensors']) retrieved from /home/airflow/.local/lib/python3.8/site-packages/airflow/example_dags/example_sensors.py
[2023-11-08T22:33:21.759+0000] {logging_mixin.py:154} INFO - [2023-11-08T22:33:21.759+0000] {dag.py:2941} INFO - Sync 1 DAGs
[2023-11-08T22:33:21.769+0000] {logging_mixin.py:154} INFO - [2023-11-08T22:33:21.769+0000] {dag.py:3722} INFO - Setting next_dagrun for example_sensors to None, run_after=None
[2023-11-08T22:33:21.779+0000] {processor.py:179} INFO - Processing /home/airflow/.local/lib/python3.8/site-packages/airflow/example_dags/example_sensors.py took 0.050 seconds
[2023-11-08T22:33:51.818+0000] {processor.py:157} INFO - Started process (PID=756) to work on /home/airflow/.local/lib/python3.8/site-packages/airflow/example_dags/example_sensors.py
[2023-11-08T22:33:51.819+0000] {processor.py:829} INFO - Processing file /home/airflow/.local/lib/python3.8/site-packages/airflow/example_dags/example_sensors.py for tasks to queue
[2023-11-08T22:33:51.820+0000] {logging_mixin.py:154} INFO - [2023-11-08T22:33:51.820+0000] {dagbag.py:536} INFO - Filling up the DagBag from /home/airflow/.local/lib/python3.8/site-packages/airflow/example_dags/example_sensors.py
[2023-11-08T22:33:51.825+0000] {processor.py:839} INFO - DAG(s) dict_keys(['example_sensors']) retrieved from /home/airflow/.local/lib/python3.8/site-packages/airflow/example_dags/example_sensors.py
[2023-11-08T22:33:51.840+0000] {logging_mixin.py:154} INFO - [2023-11-08T22:33:51.839+0000] {dag.py:2941} INFO - Sync 1 DAGs
[2023-11-08T22:33:51.847+0000] {logging_mixin.py:154} INFO - [2023-11-08T22:33:51.847+0000] {dag.py:3722} INFO - Setting next_dagrun for example_sensors to None, run_after=None
[2023-11-08T22:33:51.858+0000] {processor.py:179} INFO - Processing /home/airflow/.local/lib/python3.8/site-packages/airflow/example_dags/example_sensors.py took 0.041 seconds
[2023-11-08T22:34:22.422+0000] {processor.py:157} INFO - Started process (PID=811) to work on /home/airflow/.local/lib/python3.8/site-packages/airflow/example_dags/example_sensors.py
[2023-11-08T22:34:22.423+0000] {processor.py:829} INFO - Processing file /home/airflow/.local/lib/python3.8/site-packages/airflow/example_dags/example_sensors.py for tasks to queue
[2023-11-08T22:34:22.424+0000] {logging_mixin.py:154} INFO - [2023-11-08T22:34:22.424+0000] {dagbag.py:536} INFO - Filling up the DagBag from /home/airflow/.local/lib/python3.8/site-packages/airflow/example_dags/example_sensors.py
[2023-11-08T22:34:22.429+0000] {processor.py:839} INFO - DAG(s) dict_keys(['example_sensors']) retrieved from /home/airflow/.local/lib/python3.8/site-packages/airflow/example_dags/example_sensors.py
[2023-11-08T22:34:22.445+0000] {logging_mixin.py:154} INFO - [2023-11-08T22:34:22.445+0000] {dag.py:2941} INFO - Sync 1 DAGs
[2023-11-08T22:34:22.454+0000] {logging_mixin.py:154} INFO - [2023-11-08T22:34:22.454+0000] {dag.py:3722} INFO - Setting next_dagrun for example_sensors to None, run_after=None
[2023-11-08T22:34:22.467+0000] {processor.py:179} INFO - Processing /home/airflow/.local/lib/python3.8/site-packages/airflow/example_dags/example_sensors.py took 0.047 seconds
[2023-11-08T22:34:52.976+0000] {processor.py:157} INFO - Started process (PID=866) to work on /home/airflow/.local/lib/python3.8/site-packages/airflow/example_dags/example_sensors.py
[2023-11-08T22:34:52.976+0000] {processor.py:829} INFO - Processing file /home/airflow/.local/lib/python3.8/site-packages/airflow/example_dags/example_sensors.py for tasks to queue
[2023-11-08T22:34:52.978+0000] {logging_mixin.py:154} INFO - [2023-11-08T22:34:52.977+0000] {dagbag.py:536} INFO - Filling up the DagBag from /home/airflow/.local/lib/python3.8/site-packages/airflow/example_dags/example_sensors.py
[2023-11-08T22:34:52.983+0000] {processor.py:839} INFO - DAG(s) dict_keys(['example_sensors']) retrieved from /home/airflow/.local/lib/python3.8/site-packages/airflow/example_dags/example_sensors.py
[2023-11-08T22:34:52.998+0000] {logging_mixin.py:154} INFO - [2023-11-08T22:34:52.997+0000] {dag.py:2941} INFO - Sync 1 DAGs
[2023-11-08T22:34:53.005+0000] {logging_mixin.py:154} INFO - [2023-11-08T22:34:53.005+0000] {dag.py:3722} INFO - Setting next_dagrun for example_sensors to None, run_after=None
[2023-11-08T22:34:53.014+0000] {processor.py:179} INFO - Processing /home/airflow/.local/lib/python3.8/site-packages/airflow/example_dags/example_sensors.py took 0.040 seconds
[2023-11-08T22:35:23.779+0000] {processor.py:157} INFO - Started process (PID=921) to work on /home/airflow/.local/lib/python3.8/site-packages/airflow/example_dags/example_sensors.py
[2023-11-08T22:35:23.780+0000] {processor.py:829} INFO - Processing file /home/airflow/.local/lib/python3.8/site-packages/airflow/example_dags/example_sensors.py for tasks to queue
[2023-11-08T22:35:23.781+0000] {logging_mixin.py:154} INFO - [2023-11-08T22:35:23.781+0000] {dagbag.py:536} INFO - Filling up the DagBag from /home/airflow/.local/lib/python3.8/site-packages/airflow/example_dags/example_sensors.py
[2023-11-08T22:35:23.787+0000] {processor.py:839} INFO - DAG(s) dict_keys(['example_sensors']) retrieved from /home/airflow/.local/lib/python3.8/site-packages/airflow/example_dags/example_sensors.py
[2023-11-08T22:35:23.802+0000] {logging_mixin.py:154} INFO - [2023-11-08T22:35:23.802+0000] {dag.py:2941} INFO - Sync 1 DAGs
[2023-11-08T22:35:23.810+0000] {logging_mixin.py:154} INFO - [2023-11-08T22:35:23.810+0000] {dag.py:3722} INFO - Setting next_dagrun for example_sensors to None, run_after=None
[2023-11-08T22:35:23.822+0000] {processor.py:179} INFO - Processing /home/airflow/.local/lib/python3.8/site-packages/airflow/example_dags/example_sensors.py took 0.045 seconds
[2023-11-08T22:35:54.763+0000] {processor.py:157} INFO - Started process (PID=976) to work on /home/airflow/.local/lib/python3.8/site-packages/airflow/example_dags/example_sensors.py
[2023-11-08T22:35:54.763+0000] {processor.py:829} INFO - Processing file /home/airflow/.local/lib/python3.8/site-packages/airflow/example_dags/example_sensors.py for tasks to queue
[2023-11-08T22:35:54.765+0000] {logging_mixin.py:154} INFO - [2023-11-08T22:35:54.764+0000] {dagbag.py:536} INFO - Filling up the DagBag from /home/airflow/.local/lib/python3.8/site-packages/airflow/example_dags/example_sensors.py
[2023-11-08T22:35:54.771+0000] {processor.py:839} INFO - DAG(s) dict_keys(['example_sensors']) retrieved from /home/airflow/.local/lib/python3.8/site-packages/airflow/example_dags/example_sensors.py
[2023-11-08T22:35:54.787+0000] {logging_mixin.py:154} INFO - [2023-11-08T22:35:54.787+0000] {dag.py:2941} INFO - Sync 1 DAGs
[2023-11-08T22:35:54.795+0000] {logging_mixin.py:154} INFO - [2023-11-08T22:35:54.794+0000] {dag.py:3722} INFO - Setting next_dagrun for example_sensors to None, run_after=None
[2023-11-08T22:35:54.807+0000] {processor.py:179} INFO - Processing /home/airflow/.local/lib/python3.8/site-packages/airflow/example_dags/example_sensors.py took 0.046 seconds
[2023-11-08T22:36:25.369+0000] {processor.py:157} INFO - Started process (PID=1031) to work on /home/airflow/.local/lib/python3.8/site-packages/airflow/example_dags/example_sensors.py
[2023-11-08T22:36:25.370+0000] {processor.py:829} INFO - Processing file /home/airflow/.local/lib/python3.8/site-packages/airflow/example_dags/example_sensors.py for tasks to queue
[2023-11-08T22:36:25.371+0000] {logging_mixin.py:154} INFO - [2023-11-08T22:36:25.371+0000] {dagbag.py:536} INFO - Filling up the DagBag from /home/airflow/.local/lib/python3.8/site-packages/airflow/example_dags/example_sensors.py
[2023-11-08T22:36:25.376+0000] {processor.py:839} INFO - DAG(s) dict_keys(['example_sensors']) retrieved from /home/airflow/.local/lib/python3.8/site-packages/airflow/example_dags/example_sensors.py
[2023-11-08T22:36:25.390+0000] {logging_mixin.py:154} INFO - [2023-11-08T22:36:25.390+0000] {dag.py:2941} INFO - Sync 1 DAGs
[2023-11-08T22:36:25.398+0000] {logging_mixin.py:154} INFO - [2023-11-08T22:36:25.398+0000] {dag.py:3722} INFO - Setting next_dagrun for example_sensors to None, run_after=None
[2023-11-08T22:36:25.409+0000] {processor.py:179} INFO - Processing /home/airflow/.local/lib/python3.8/site-packages/airflow/example_dags/example_sensors.py took 0.042 seconds
[2023-11-08T22:36:55.972+0000] {processor.py:157} INFO - Started process (PID=1087) to work on /home/airflow/.local/lib/python3.8/site-packages/airflow/example_dags/example_sensors.py
[2023-11-08T22:36:55.972+0000] {processor.py:829} INFO - Processing file /home/airflow/.local/lib/python3.8/site-packages/airflow/example_dags/example_sensors.py for tasks to queue
[2023-11-08T22:36:55.974+0000] {logging_mixin.py:154} INFO - [2023-11-08T22:36:55.973+0000] {dagbag.py:536} INFO - Filling up the DagBag from /home/airflow/.local/lib/python3.8/site-packages/airflow/example_dags/example_sensors.py
[2023-11-08T22:36:55.980+0000] {processor.py:839} INFO - DAG(s) dict_keys(['example_sensors']) retrieved from /home/airflow/.local/lib/python3.8/site-packages/airflow/example_dags/example_sensors.py
[2023-11-08T22:36:55.996+0000] {logging_mixin.py:154} INFO - [2023-11-08T22:36:55.996+0000] {dag.py:2941} INFO - Sync 1 DAGs
[2023-11-08T22:36:56.005+0000] {logging_mixin.py:154} INFO - [2023-11-08T22:36:56.005+0000] {dag.py:3722} INFO - Setting next_dagrun for example_sensors to None, run_after=None
[2023-11-08T22:36:56.017+0000] {processor.py:179} INFO - Processing /home/airflow/.local/lib/python3.8/site-packages/airflow/example_dags/example_sensors.py took 0.047 seconds
[2023-11-08T22:37:26.789+0000] {processor.py:157} INFO - Started process (PID=1142) to work on /home/airflow/.local/lib/python3.8/site-packages/airflow/example_dags/example_sensors.py
[2023-11-08T22:37:26.790+0000] {processor.py:829} INFO - Processing file /home/airflow/.local/lib/python3.8/site-packages/airflow/example_dags/example_sensors.py for tasks to queue
[2023-11-08T22:37:26.791+0000] {logging_mixin.py:154} INFO - [2023-11-08T22:37:26.791+0000] {dagbag.py:536} INFO - Filling up the DagBag from /home/airflow/.local/lib/python3.8/site-packages/airflow/example_dags/example_sensors.py
[2023-11-08T22:37:26.799+0000] {processor.py:839} INFO - DAG(s) dict_keys(['example_sensors']) retrieved from /home/airflow/.local/lib/python3.8/site-packages/airflow/example_dags/example_sensors.py
[2023-11-08T22:37:26.820+0000] {logging_mixin.py:154} INFO - [2023-11-08T22:37:26.819+0000] {dag.py:2941} INFO - Sync 1 DAGs
[2023-11-08T22:37:26.829+0000] {logging_mixin.py:154} INFO - [2023-11-08T22:37:26.828+0000] {dag.py:3722} INFO - Setting next_dagrun for example_sensors to None, run_after=None
[2023-11-08T22:37:26.843+0000] {processor.py:179} INFO - Processing /home/airflow/.local/lib/python3.8/site-packages/airflow/example_dags/example_sensors.py took 0.056 seconds
[2023-11-08T22:37:57.375+0000] {processor.py:157} INFO - Started process (PID=1197) to work on /home/airflow/.local/lib/python3.8/site-packages/airflow/example_dags/example_sensors.py
[2023-11-08T22:37:57.375+0000] {processor.py:829} INFO - Processing file /home/airflow/.local/lib/python3.8/site-packages/airflow/example_dags/example_sensors.py for tasks to queue
[2023-11-08T22:37:57.376+0000] {logging_mixin.py:154} INFO - [2023-11-08T22:37:57.376+0000] {dagbag.py:536} INFO - Filling up the DagBag from /home/airflow/.local/lib/python3.8/site-packages/airflow/example_dags/example_sensors.py
[2023-11-08T22:37:57.381+0000] {processor.py:839} INFO - DAG(s) dict_keys(['example_sensors']) retrieved from /home/airflow/.local/lib/python3.8/site-packages/airflow/example_dags/example_sensors.py
[2023-11-08T22:37:57.396+0000] {logging_mixin.py:154} INFO - [2023-11-08T22:37:57.396+0000] {dag.py:2941} INFO - Sync 1 DAGs
[2023-11-08T22:37:57.404+0000] {logging_mixin.py:154} INFO - [2023-11-08T22:37:57.403+0000] {dag.py:3722} INFO - Setting next_dagrun for example_sensors to None, run_after=None
[2023-11-08T22:37:57.414+0000] {processor.py:179} INFO - Processing /home/airflow/.local/lib/python3.8/site-packages/airflow/example_dags/example_sensors.py took 0.041 seconds
[2023-11-08T22:38:27.925+0000] {processor.py:157} INFO - Started process (PID=1252) to work on /home/airflow/.local/lib/python3.8/site-packages/airflow/example_dags/example_sensors.py
[2023-11-08T22:38:27.926+0000] {processor.py:829} INFO - Processing file /home/airflow/.local/lib/python3.8/site-packages/airflow/example_dags/example_sensors.py for tasks to queue
[2023-11-08T22:38:27.927+0000] {logging_mixin.py:154} INFO - [2023-11-08T22:38:27.927+0000] {dagbag.py:536} INFO - Filling up the DagBag from /home/airflow/.local/lib/python3.8/site-packages/airflow/example_dags/example_sensors.py
[2023-11-08T22:38:27.932+0000] {processor.py:839} INFO - DAG(s) dict_keys(['example_sensors']) retrieved from /home/airflow/.local/lib/python3.8/site-packages/airflow/example_dags/example_sensors.py
[2023-11-08T22:38:27.947+0000] {logging_mixin.py:154} INFO - [2023-11-08T22:38:27.947+0000] {dag.py:2941} INFO - Sync 1 DAGs
[2023-11-08T22:38:27.955+0000] {logging_mixin.py:154} INFO - [2023-11-08T22:38:27.955+0000] {dag.py:3722} INFO - Setting next_dagrun for example_sensors to None, run_after=None
[2023-11-08T22:38:27.966+0000] {processor.py:179} INFO - Processing /home/airflow/.local/lib/python3.8/site-packages/airflow/example_dags/example_sensors.py took 0.042 seconds
[2023-11-08T22:38:58.561+0000] {processor.py:157} INFO - Started process (PID=1308) to work on /home/airflow/.local/lib/python3.8/site-packages/airflow/example_dags/example_sensors.py
[2023-11-08T22:38:58.562+0000] {processor.py:829} INFO - Processing file /home/airflow/.local/lib/python3.8/site-packages/airflow/example_dags/example_sensors.py for tasks to queue
[2023-11-08T22:38:58.563+0000] {logging_mixin.py:154} INFO - [2023-11-08T22:38:58.563+0000] {dagbag.py:536} INFO - Filling up the DagBag from /home/airflow/.local/lib/python3.8/site-packages/airflow/example_dags/example_sensors.py
[2023-11-08T22:38:58.569+0000] {processor.py:839} INFO - DAG(s) dict_keys(['example_sensors']) retrieved from /home/airflow/.local/lib/python3.8/site-packages/airflow/example_dags/example_sensors.py
[2023-11-08T22:38:58.583+0000] {logging_mixin.py:154} INFO - [2023-11-08T22:38:58.583+0000] {dag.py:2941} INFO - Sync 1 DAGs
[2023-11-08T22:38:58.590+0000] {logging_mixin.py:154} INFO - [2023-11-08T22:38:58.590+0000] {dag.py:3722} INFO - Setting next_dagrun for example_sensors to None, run_after=None
[2023-11-08T22:38:58.601+0000] {processor.py:179} INFO - Processing /home/airflow/.local/lib/python3.8/site-packages/airflow/example_dags/example_sensors.py took 0.042 seconds
[2023-11-08T22:39:29.123+0000] {processor.py:157} INFO - Started process (PID=1364) to work on /home/airflow/.local/lib/python3.8/site-packages/airflow/example_dags/example_sensors.py
[2023-11-08T22:39:29.123+0000] {processor.py:829} INFO - Processing file /home/airflow/.local/lib/python3.8/site-packages/airflow/example_dags/example_sensors.py for tasks to queue
[2023-11-08T22:39:29.125+0000] {logging_mixin.py:154} INFO - [2023-11-08T22:39:29.124+0000] {dagbag.py:536} INFO - Filling up the DagBag from /home/airflow/.local/lib/python3.8/site-packages/airflow/example_dags/example_sensors.py
[2023-11-08T22:39:29.130+0000] {processor.py:839} INFO - DAG(s) dict_keys(['example_sensors']) retrieved from /home/airflow/.local/lib/python3.8/site-packages/airflow/example_dags/example_sensors.py
[2023-11-08T22:39:29.145+0000] {logging_mixin.py:154} INFO - [2023-11-08T22:39:29.145+0000] {dag.py:2941} INFO - Sync 1 DAGs
[2023-11-08T22:39:29.152+0000] {logging_mixin.py:154} INFO - [2023-11-08T22:39:29.152+0000] {dag.py:3722} INFO - Setting next_dagrun for example_sensors to None, run_after=None
[2023-11-08T22:39:29.162+0000] {processor.py:179} INFO - Processing /home/airflow/.local/lib/python3.8/site-packages/airflow/example_dags/example_sensors.py took 0.041 seconds
[2023-11-08T22:39:59.759+0000] {processor.py:157} INFO - Started process (PID=1419) to work on /home/airflow/.local/lib/python3.8/site-packages/airflow/example_dags/example_sensors.py
[2023-11-08T22:39:59.759+0000] {processor.py:829} INFO - Processing file /home/airflow/.local/lib/python3.8/site-packages/airflow/example_dags/example_sensors.py for tasks to queue
[2023-11-08T22:39:59.760+0000] {logging_mixin.py:154} INFO - [2023-11-08T22:39:59.760+0000] {dagbag.py:536} INFO - Filling up the DagBag from /home/airflow/.local/lib/python3.8/site-packages/airflow/example_dags/example_sensors.py
[2023-11-08T22:39:59.765+0000] {processor.py:839} INFO - DAG(s) dict_keys(['example_sensors']) retrieved from /home/airflow/.local/lib/python3.8/site-packages/airflow/example_dags/example_sensors.py
[2023-11-08T22:39:59.780+0000] {logging_mixin.py:154} INFO - [2023-11-08T22:39:59.780+0000] {dag.py:2941} INFO - Sync 1 DAGs
[2023-11-08T22:39:59.788+0000] {logging_mixin.py:154} INFO - [2023-11-08T22:39:59.788+0000] {dag.py:3722} INFO - Setting next_dagrun for example_sensors to None, run_after=None
[2023-11-08T22:39:59.798+0000] {processor.py:179} INFO - Processing /home/airflow/.local/lib/python3.8/site-packages/airflow/example_dags/example_sensors.py took 0.041 seconds
[2023-11-08T22:40:30.351+0000] {processor.py:157} INFO - Started process (PID=1474) to work on /home/airflow/.local/lib/python3.8/site-packages/airflow/example_dags/example_sensors.py
[2023-11-08T22:40:30.351+0000] {processor.py:829} INFO - Processing file /home/airflow/.local/lib/python3.8/site-packages/airflow/example_dags/example_sensors.py for tasks to queue
[2023-11-08T22:40:30.352+0000] {logging_mixin.py:154} INFO - [2023-11-08T22:40:30.352+0000] {dagbag.py:536} INFO - Filling up the DagBag from /home/airflow/.local/lib/python3.8/site-packages/airflow/example_dags/example_sensors.py
[2023-11-08T22:40:30.357+0000] {processor.py:839} INFO - DAG(s) dict_keys(['example_sensors']) retrieved from /home/airflow/.local/lib/python3.8/site-packages/airflow/example_dags/example_sensors.py
[2023-11-08T22:40:30.372+0000] {logging_mixin.py:154} INFO - [2023-11-08T22:40:30.372+0000] {dag.py:2941} INFO - Sync 1 DAGs
[2023-11-08T22:40:30.379+0000] {logging_mixin.py:154} INFO - [2023-11-08T22:40:30.379+0000] {dag.py:3722} INFO - Setting next_dagrun for example_sensors to None, run_after=None
[2023-11-08T22:40:30.390+0000] {processor.py:179} INFO - Processing /home/airflow/.local/lib/python3.8/site-packages/airflow/example_dags/example_sensors.py took 0.041 seconds
[2023-11-08T22:41:00.859+0000] {processor.py:157} INFO - Started process (PID=1529) to work on /home/airflow/.local/lib/python3.8/site-packages/airflow/example_dags/example_sensors.py
[2023-11-08T22:41:00.859+0000] {processor.py:829} INFO - Processing file /home/airflow/.local/lib/python3.8/site-packages/airflow/example_dags/example_sensors.py for tasks to queue
[2023-11-08T22:41:00.860+0000] {logging_mixin.py:154} INFO - [2023-11-08T22:41:00.860+0000] {dagbag.py:536} INFO - Filling up the DagBag from /home/airflow/.local/lib/python3.8/site-packages/airflow/example_dags/example_sensors.py
[2023-11-08T22:41:00.866+0000] {processor.py:839} INFO - DAG(s) dict_keys(['example_sensors']) retrieved from /home/airflow/.local/lib/python3.8/site-packages/airflow/example_dags/example_sensors.py
[2023-11-08T22:41:00.880+0000] {logging_mixin.py:154} INFO - [2023-11-08T22:41:00.880+0000] {dag.py:2941} INFO - Sync 1 DAGs
[2023-11-08T22:41:00.890+0000] {logging_mixin.py:154} INFO - [2023-11-08T22:41:00.890+0000] {dag.py:3722} INFO - Setting next_dagrun for example_sensors to None, run_after=None
[2023-11-08T22:41:00.901+0000] {processor.py:179} INFO - Processing /home/airflow/.local/lib/python3.8/site-packages/airflow/example_dags/example_sensors.py took 0.045 seconds
[2023-11-08T22:41:31.528+0000] {processor.py:157} INFO - Started process (PID=1584) to work on /home/airflow/.local/lib/python3.8/site-packages/airflow/example_dags/example_sensors.py
[2023-11-08T22:41:31.529+0000] {processor.py:829} INFO - Processing file /home/airflow/.local/lib/python3.8/site-packages/airflow/example_dags/example_sensors.py for tasks to queue
[2023-11-08T22:41:31.530+0000] {logging_mixin.py:154} INFO - [2023-11-08T22:41:31.530+0000] {dagbag.py:536} INFO - Filling up the DagBag from /home/airflow/.local/lib/python3.8/site-packages/airflow/example_dags/example_sensors.py
[2023-11-08T22:41:31.536+0000] {processor.py:839} INFO - DAG(s) dict_keys(['example_sensors']) retrieved from /home/airflow/.local/lib/python3.8/site-packages/airflow/example_dags/example_sensors.py
[2023-11-08T22:41:31.551+0000] {logging_mixin.py:154} INFO - [2023-11-08T22:41:31.551+0000] {dag.py:2941} INFO - Sync 1 DAGs
[2023-11-08T22:41:31.559+0000] {logging_mixin.py:154} INFO - [2023-11-08T22:41:31.559+0000] {dag.py:3722} INFO - Setting next_dagrun for example_sensors to None, run_after=None
[2023-11-08T22:41:31.570+0000] {processor.py:179} INFO - Processing /home/airflow/.local/lib/python3.8/site-packages/airflow/example_dags/example_sensors.py took 0.043 seconds
[2023-11-08T22:42:02.170+0000] {processor.py:157} INFO - Started process (PID=1640) to work on /home/airflow/.local/lib/python3.8/site-packages/airflow/example_dags/example_sensors.py
[2023-11-08T22:42:02.170+0000] {processor.py:829} INFO - Processing file /home/airflow/.local/lib/python3.8/site-packages/airflow/example_dags/example_sensors.py for tasks to queue
[2023-11-08T22:42:02.171+0000] {logging_mixin.py:154} INFO - [2023-11-08T22:42:02.171+0000] {dagbag.py:536} INFO - Filling up the DagBag from /home/airflow/.local/lib/python3.8/site-packages/airflow/example_dags/example_sensors.py
[2023-11-08T22:42:02.178+0000] {processor.py:839} INFO - DAG(s) dict_keys(['example_sensors']) retrieved from /home/airflow/.local/lib/python3.8/site-packages/airflow/example_dags/example_sensors.py
[2023-11-08T22:42:02.194+0000] {logging_mixin.py:154} INFO - [2023-11-08T22:42:02.193+0000] {dag.py:2941} INFO - Sync 1 DAGs
[2023-11-08T22:42:02.202+0000] {logging_mixin.py:154} INFO - [2023-11-08T22:42:02.202+0000] {dag.py:3722} INFO - Setting next_dagrun for example_sensors to None, run_after=None
[2023-11-08T22:42:02.214+0000] {processor.py:179} INFO - Processing /home/airflow/.local/lib/python3.8/site-packages/airflow/example_dags/example_sensors.py took 0.046 seconds
[2023-11-08T22:42:32.717+0000] {processor.py:157} INFO - Started process (PID=1695) to work on /home/airflow/.local/lib/python3.8/site-packages/airflow/example_dags/example_sensors.py
[2023-11-08T22:42:32.718+0000] {processor.py:829} INFO - Processing file /home/airflow/.local/lib/python3.8/site-packages/airflow/example_dags/example_sensors.py for tasks to queue
[2023-11-08T22:42:32.719+0000] {logging_mixin.py:154} INFO - [2023-11-08T22:42:32.719+0000] {dagbag.py:536} INFO - Filling up the DagBag from /home/airflow/.local/lib/python3.8/site-packages/airflow/example_dags/example_sensors.py
[2023-11-08T22:42:32.724+0000] {processor.py:839} INFO - DAG(s) dict_keys(['example_sensors']) retrieved from /home/airflow/.local/lib/python3.8/site-packages/airflow/example_dags/example_sensors.py
[2023-11-08T22:42:32.740+0000] {logging_mixin.py:154} INFO - [2023-11-08T22:42:32.740+0000] {dag.py:2941} INFO - Sync 1 DAGs
[2023-11-08T22:42:32.749+0000] {logging_mixin.py:154} INFO - [2023-11-08T22:42:32.749+0000] {dag.py:3722} INFO - Setting next_dagrun for example_sensors to None, run_after=None
[2023-11-08T22:42:32.763+0000] {processor.py:179} INFO - Processing /home/airflow/.local/lib/python3.8/site-packages/airflow/example_dags/example_sensors.py took 0.048 seconds
[2023-11-08T22:43:03.340+0000] {processor.py:157} INFO - Started process (PID=1750) to work on /home/airflow/.local/lib/python3.8/site-packages/airflow/example_dags/example_sensors.py
[2023-11-08T22:43:03.341+0000] {processor.py:829} INFO - Processing file /home/airflow/.local/lib/python3.8/site-packages/airflow/example_dags/example_sensors.py for tasks to queue
[2023-11-08T22:43:03.343+0000] {logging_mixin.py:154} INFO - [2023-11-08T22:43:03.342+0000] {dagbag.py:536} INFO - Filling up the DagBag from /home/airflow/.local/lib/python3.8/site-packages/airflow/example_dags/example_sensors.py
[2023-11-08T22:43:03.350+0000] {processor.py:839} INFO - DAG(s) dict_keys(['example_sensors']) retrieved from /home/airflow/.local/lib/python3.8/site-packages/airflow/example_dags/example_sensors.py
[2023-11-08T22:43:03.367+0000] {logging_mixin.py:154} INFO - [2023-11-08T22:43:03.367+0000] {dag.py:2941} INFO - Sync 1 DAGs
[2023-11-08T22:43:03.375+0000] {logging_mixin.py:154} INFO - [2023-11-08T22:43:03.375+0000] {dag.py:3722} INFO - Setting next_dagrun for example_sensors to None, run_after=None
[2023-11-08T22:43:03.387+0000] {processor.py:179} INFO - Processing /home/airflow/.local/lib/python3.8/site-packages/airflow/example_dags/example_sensors.py took 0.048 seconds
[2023-11-08T22:43:37.993+0000] {processor.py:157} INFO - Started process (PID=50) to work on /home/airflow/.local/lib/python3.8/site-packages/airflow/example_dags/example_sensors.py
[2023-11-08T22:43:37.993+0000] {processor.py:829} INFO - Processing file /home/airflow/.local/lib/python3.8/site-packages/airflow/example_dags/example_sensors.py for tasks to queue
[2023-11-08T22:43:37.995+0000] {logging_mixin.py:154} INFO - [2023-11-08T22:43:37.994+0000] {dagbag.py:536} INFO - Filling up the DagBag from /home/airflow/.local/lib/python3.8/site-packages/airflow/example_dags/example_sensors.py
[2023-11-08T22:43:38.002+0000] {processor.py:839} INFO - DAG(s) dict_keys(['example_sensors']) retrieved from /home/airflow/.local/lib/python3.8/site-packages/airflow/example_dags/example_sensors.py
[2023-11-08T22:43:38.009+0000] {logging_mixin.py:154} INFO - [2023-11-08T22:43:38.009+0000] {dag.py:2941} INFO - Sync 1 DAGs
[2023-11-08T22:43:38.017+0000] {logging_mixin.py:154} INFO - [2023-11-08T22:43:38.017+0000] {dag.py:3722} INFO - Setting next_dagrun for example_sensors to None, run_after=None
[2023-11-08T22:43:38.028+0000] {processor.py:179} INFO - Processing /home/airflow/.local/lib/python3.8/site-packages/airflow/example_dags/example_sensors.py took 0.037 seconds
