[2023-11-08T22:09:15.897+0000] {processor.py:157} INFO - Started process (PID=52) to work on /home/airflow/.local/lib/python3.8/site-packages/airflow/example_dags/example_task_group.py
[2023-11-08T22:09:15.897+0000] {processor.py:829} INFO - Processing file /home/airflow/.local/lib/python3.8/site-packages/airflow/example_dags/example_task_group.py for tasks to queue
[2023-11-08T22:09:15.898+0000] {logging_mixin.py:154} INFO - [2023-11-08T22:09:15.898+0000] {dagbag.py:536} INFO - Filling up the DagBag from /home/airflow/.local/lib/python3.8/site-packages/airflow/example_dags/example_task_group.py
[2023-11-08T22:09:15.905+0000] {processor.py:839} INFO - DAG(s) dict_keys(['example_task_group']) retrieved from /home/airflow/.local/lib/python3.8/site-packages/airflow/example_dags/example_task_group.py
[2023-11-08T22:09:15.913+0000] {logging_mixin.py:154} INFO - [2023-11-08T22:09:15.913+0000] {dag.py:2941} INFO - Sync 1 DAGs
[2023-11-08T22:09:15.944+0000] {logging_mixin.py:154} INFO - [2023-11-08T22:09:15.944+0000] {dag.py:3722} INFO - Setting next_dagrun for example_task_group to 2023-11-07T22:09:15.944172+00:00, run_after=2023-11-08T22:09:15.944172+00:00
[2023-11-08T22:09:15.959+0000] {processor.py:179} INFO - Processing /home/airflow/.local/lib/python3.8/site-packages/airflow/example_dags/example_task_group.py took 0.064 seconds
[2023-11-08T22:09:46.612+0000] {processor.py:157} INFO - Started process (PID=107) to work on /home/airflow/.local/lib/python3.8/site-packages/airflow/example_dags/example_task_group.py
[2023-11-08T22:09:46.612+0000] {processor.py:829} INFO - Processing file /home/airflow/.local/lib/python3.8/site-packages/airflow/example_dags/example_task_group.py for tasks to queue
[2023-11-08T22:09:46.613+0000] {logging_mixin.py:154} INFO - [2023-11-08T22:09:46.613+0000] {dagbag.py:536} INFO - Filling up the DagBag from /home/airflow/.local/lib/python3.8/site-packages/airflow/example_dags/example_task_group.py
[2023-11-08T22:09:46.618+0000] {processor.py:839} INFO - DAG(s) dict_keys(['example_task_group']) retrieved from /home/airflow/.local/lib/python3.8/site-packages/airflow/example_dags/example_task_group.py
[2023-11-08T22:09:46.630+0000] {logging_mixin.py:154} INFO - [2023-11-08T22:09:46.630+0000] {dag.py:2941} INFO - Sync 1 DAGs
[2023-11-08T22:09:46.644+0000] {logging_mixin.py:154} INFO - [2023-11-08T22:09:46.643+0000] {dag.py:3722} INFO - Setting next_dagrun for example_task_group to 2023-11-07T22:09:46.643815+00:00, run_after=2023-11-08T22:09:46.643815+00:00
[2023-11-08T22:09:46.653+0000] {processor.py:179} INFO - Processing /home/airflow/.local/lib/python3.8/site-packages/airflow/example_dags/example_task_group.py took 0.044 seconds
[2023-11-08T22:11:50.261+0000] {processor.py:157} INFO - Started process (PID=52) to work on /home/airflow/.local/lib/python3.8/site-packages/airflow/example_dags/example_task_group.py
[2023-11-08T22:11:50.262+0000] {processor.py:829} INFO - Processing file /home/airflow/.local/lib/python3.8/site-packages/airflow/example_dags/example_task_group.py for tasks to queue
[2023-11-08T22:11:50.263+0000] {logging_mixin.py:154} INFO - [2023-11-08T22:11:50.263+0000] {dagbag.py:536} INFO - Filling up the DagBag from /home/airflow/.local/lib/python3.8/site-packages/airflow/example_dags/example_task_group.py
[2023-11-08T22:11:50.273+0000] {processor.py:839} INFO - DAG(s) dict_keys(['example_task_group']) retrieved from /home/airflow/.local/lib/python3.8/site-packages/airflow/example_dags/example_task_group.py
[2023-11-08T22:11:50.290+0000] {logging_mixin.py:154} INFO - [2023-11-08T22:11:50.290+0000] {dag.py:2941} INFO - Sync 1 DAGs
[2023-11-08T22:11:50.316+0000] {logging_mixin.py:154} INFO - [2023-11-08T22:11:50.315+0000] {dag.py:3722} INFO - Setting next_dagrun for example_task_group to 2023-11-07T22:11:50.315649+00:00, run_after=2023-11-08T22:11:50.315649+00:00
[2023-11-08T22:11:50.337+0000] {processor.py:179} INFO - Processing /home/airflow/.local/lib/python3.8/site-packages/airflow/example_dags/example_task_group.py took 0.078 seconds
[2023-11-08T22:12:20.385+0000] {processor.py:157} INFO - Started process (PID=106) to work on /home/airflow/.local/lib/python3.8/site-packages/airflow/example_dags/example_task_group.py
[2023-11-08T22:12:20.386+0000] {processor.py:829} INFO - Processing file /home/airflow/.local/lib/python3.8/site-packages/airflow/example_dags/example_task_group.py for tasks to queue
[2023-11-08T22:12:20.387+0000] {logging_mixin.py:154} INFO - [2023-11-08T22:12:20.387+0000] {dagbag.py:536} INFO - Filling up the DagBag from /home/airflow/.local/lib/python3.8/site-packages/airflow/example_dags/example_task_group.py
[2023-11-08T22:12:20.391+0000] {processor.py:839} INFO - DAG(s) dict_keys(['example_task_group']) retrieved from /home/airflow/.local/lib/python3.8/site-packages/airflow/example_dags/example_task_group.py
[2023-11-08T22:12:20.435+0000] {logging_mixin.py:154} INFO - [2023-11-08T22:12:20.435+0000] {dag.py:2941} INFO - Sync 1 DAGs
[2023-11-08T22:12:20.448+0000] {logging_mixin.py:154} INFO - [2023-11-08T22:12:20.448+0000] {dag.py:3722} INFO - Setting next_dagrun for example_task_group to 2023-11-07T22:12:20.448540+00:00, run_after=2023-11-08T22:12:20.448540+00:00
[2023-11-08T22:12:20.458+0000] {processor.py:179} INFO - Processing /home/airflow/.local/lib/python3.8/site-packages/airflow/example_dags/example_task_group.py took 0.075 seconds
[2023-11-08T22:12:51.442+0000] {processor.py:157} INFO - Started process (PID=160) to work on /home/airflow/.local/lib/python3.8/site-packages/airflow/example_dags/example_task_group.py
[2023-11-08T22:12:51.450+0000] {processor.py:829} INFO - Processing file /home/airflow/.local/lib/python3.8/site-packages/airflow/example_dags/example_task_group.py for tasks to queue
[2023-11-08T22:12:51.453+0000] {logging_mixin.py:154} INFO - [2023-11-08T22:12:51.453+0000] {dagbag.py:536} INFO - Filling up the DagBag from /home/airflow/.local/lib/python3.8/site-packages/airflow/example_dags/example_task_group.py
[2023-11-08T22:12:51.459+0000] {processor.py:839} INFO - DAG(s) dict_keys(['example_task_group']) retrieved from /home/airflow/.local/lib/python3.8/site-packages/airflow/example_dags/example_task_group.py
[2023-11-08T22:12:51.472+0000] {logging_mixin.py:154} INFO - [2023-11-08T22:12:51.472+0000] {dag.py:2941} INFO - Sync 1 DAGs
[2023-11-08T22:12:51.485+0000] {logging_mixin.py:154} INFO - [2023-11-08T22:12:51.485+0000] {dag.py:3722} INFO - Setting next_dagrun for example_task_group to 2023-11-07T22:12:51.485045+00:00, run_after=2023-11-08T22:12:51.485045+00:00
[2023-11-08T22:12:51.495+0000] {processor.py:179} INFO - Processing /home/airflow/.local/lib/python3.8/site-packages/airflow/example_dags/example_task_group.py took 0.055 seconds
[2023-11-08T22:13:21.992+0000] {processor.py:157} INFO - Started process (PID=214) to work on /home/airflow/.local/lib/python3.8/site-packages/airflow/example_dags/example_task_group.py
[2023-11-08T22:13:22.000+0000] {processor.py:829} INFO - Processing file /home/airflow/.local/lib/python3.8/site-packages/airflow/example_dags/example_task_group.py for tasks to queue
[2023-11-08T22:13:22.001+0000] {logging_mixin.py:154} INFO - [2023-11-08T22:13:22.001+0000] {dagbag.py:536} INFO - Filling up the DagBag from /home/airflow/.local/lib/python3.8/site-packages/airflow/example_dags/example_task_group.py
[2023-11-08T22:13:22.008+0000] {processor.py:839} INFO - DAG(s) dict_keys(['example_task_group']) retrieved from /home/airflow/.local/lib/python3.8/site-packages/airflow/example_dags/example_task_group.py
[2023-11-08T22:13:22.022+0000] {logging_mixin.py:154} INFO - [2023-11-08T22:13:22.022+0000] {dag.py:2941} INFO - Sync 1 DAGs
[2023-11-08T22:13:22.035+0000] {logging_mixin.py:154} INFO - [2023-11-08T22:13:22.034+0000] {dag.py:3722} INFO - Setting next_dagrun for example_task_group to 2023-11-07T22:13:22.034737+00:00, run_after=2023-11-08T22:13:22.034737+00:00
[2023-11-08T22:13:22.044+0000] {processor.py:179} INFO - Processing /home/airflow/.local/lib/python3.8/site-packages/airflow/example_dags/example_task_group.py took 0.056 seconds
[2023-11-08T22:13:52.627+0000] {processor.py:157} INFO - Started process (PID=268) to work on /home/airflow/.local/lib/python3.8/site-packages/airflow/example_dags/example_task_group.py
[2023-11-08T22:13:52.635+0000] {processor.py:829} INFO - Processing file /home/airflow/.local/lib/python3.8/site-packages/airflow/example_dags/example_task_group.py for tasks to queue
[2023-11-08T22:13:52.636+0000] {logging_mixin.py:154} INFO - [2023-11-08T22:13:52.636+0000] {dagbag.py:536} INFO - Filling up the DagBag from /home/airflow/.local/lib/python3.8/site-packages/airflow/example_dags/example_task_group.py
[2023-11-08T22:13:52.641+0000] {processor.py:839} INFO - DAG(s) dict_keys(['example_task_group']) retrieved from /home/airflow/.local/lib/python3.8/site-packages/airflow/example_dags/example_task_group.py
[2023-11-08T22:13:52.655+0000] {logging_mixin.py:154} INFO - [2023-11-08T22:13:52.655+0000] {dag.py:2941} INFO - Sync 1 DAGs
[2023-11-08T22:13:52.670+0000] {logging_mixin.py:154} INFO - [2023-11-08T22:13:52.670+0000] {dag.py:3722} INFO - Setting next_dagrun for example_task_group to 2023-11-07T22:13:52.670177+00:00, run_after=2023-11-08T22:13:52.670177+00:00
[2023-11-08T22:13:52.682+0000] {processor.py:179} INFO - Processing /home/airflow/.local/lib/python3.8/site-packages/airflow/example_dags/example_task_group.py took 0.058 seconds
[2023-11-08T22:14:23.314+0000] {processor.py:157} INFO - Started process (PID=322) to work on /home/airflow/.local/lib/python3.8/site-packages/airflow/example_dags/example_task_group.py
[2023-11-08T22:14:23.322+0000] {processor.py:829} INFO - Processing file /home/airflow/.local/lib/python3.8/site-packages/airflow/example_dags/example_task_group.py for tasks to queue
[2023-11-08T22:14:23.323+0000] {logging_mixin.py:154} INFO - [2023-11-08T22:14:23.323+0000] {dagbag.py:536} INFO - Filling up the DagBag from /home/airflow/.local/lib/python3.8/site-packages/airflow/example_dags/example_task_group.py
[2023-11-08T22:14:23.330+0000] {processor.py:839} INFO - DAG(s) dict_keys(['example_task_group']) retrieved from /home/airflow/.local/lib/python3.8/site-packages/airflow/example_dags/example_task_group.py
[2023-11-08T22:14:23.344+0000] {logging_mixin.py:154} INFO - [2023-11-08T22:14:23.344+0000] {dag.py:2941} INFO - Sync 1 DAGs
[2023-11-08T22:14:23.356+0000] {logging_mixin.py:154} INFO - [2023-11-08T22:14:23.356+0000] {dag.py:3722} INFO - Setting next_dagrun for example_task_group to 2023-11-07T22:14:23.356399+00:00, run_after=2023-11-08T22:14:23.356399+00:00
[2023-11-08T22:14:23.366+0000] {processor.py:179} INFO - Processing /home/airflow/.local/lib/python3.8/site-packages/airflow/example_dags/example_task_group.py took 0.056 seconds
[2023-11-08T22:14:53.902+0000] {processor.py:157} INFO - Started process (PID=376) to work on /home/airflow/.local/lib/python3.8/site-packages/airflow/example_dags/example_task_group.py
[2023-11-08T22:14:53.910+0000] {processor.py:829} INFO - Processing file /home/airflow/.local/lib/python3.8/site-packages/airflow/example_dags/example_task_group.py for tasks to queue
[2023-11-08T22:14:53.912+0000] {logging_mixin.py:154} INFO - [2023-11-08T22:14:53.912+0000] {dagbag.py:536} INFO - Filling up the DagBag from /home/airflow/.local/lib/python3.8/site-packages/airflow/example_dags/example_task_group.py
[2023-11-08T22:14:53.919+0000] {processor.py:839} INFO - DAG(s) dict_keys(['example_task_group']) retrieved from /home/airflow/.local/lib/python3.8/site-packages/airflow/example_dags/example_task_group.py
[2023-11-08T22:14:53.936+0000] {logging_mixin.py:154} INFO - [2023-11-08T22:14:53.936+0000] {dag.py:2941} INFO - Sync 1 DAGs
[2023-11-08T22:14:53.954+0000] {logging_mixin.py:154} INFO - [2023-11-08T22:14:53.954+0000] {dag.py:3722} INFO - Setting next_dagrun for example_task_group to 2023-11-07T22:14:53.954147+00:00, run_after=2023-11-08T22:14:53.954147+00:00
[2023-11-08T22:14:53.966+0000] {processor.py:179} INFO - Processing /home/airflow/.local/lib/python3.8/site-packages/airflow/example_dags/example_task_group.py took 0.067 seconds
[2023-11-08T22:15:24.574+0000] {processor.py:157} INFO - Started process (PID=431) to work on /home/airflow/.local/lib/python3.8/site-packages/airflow/example_dags/example_task_group.py
[2023-11-08T22:15:24.583+0000] {processor.py:829} INFO - Processing file /home/airflow/.local/lib/python3.8/site-packages/airflow/example_dags/example_task_group.py for tasks to queue
[2023-11-08T22:15:24.584+0000] {logging_mixin.py:154} INFO - [2023-11-08T22:15:24.584+0000] {dagbag.py:536} INFO - Filling up the DagBag from /home/airflow/.local/lib/python3.8/site-packages/airflow/example_dags/example_task_group.py
[2023-11-08T22:15:24.589+0000] {processor.py:839} INFO - DAG(s) dict_keys(['example_task_group']) retrieved from /home/airflow/.local/lib/python3.8/site-packages/airflow/example_dags/example_task_group.py
[2023-11-08T22:15:24.602+0000] {logging_mixin.py:154} INFO - [2023-11-08T22:15:24.602+0000] {dag.py:2941} INFO - Sync 1 DAGs
[2023-11-08T22:15:24.616+0000] {logging_mixin.py:154} INFO - [2023-11-08T22:15:24.616+0000] {dag.py:3722} INFO - Setting next_dagrun for example_task_group to 2023-11-07T22:15:24.616238+00:00, run_after=2023-11-08T22:15:24.616238+00:00
[2023-11-08T22:15:24.627+0000] {processor.py:179} INFO - Processing /home/airflow/.local/lib/python3.8/site-packages/airflow/example_dags/example_task_group.py took 0.057 seconds
[2023-11-08T22:15:55.286+0000] {processor.py:157} INFO - Started process (PID=485) to work on /home/airflow/.local/lib/python3.8/site-packages/airflow/example_dags/example_task_group.py
[2023-11-08T22:15:55.295+0000] {processor.py:829} INFO - Processing file /home/airflow/.local/lib/python3.8/site-packages/airflow/example_dags/example_task_group.py for tasks to queue
[2023-11-08T22:15:55.296+0000] {logging_mixin.py:154} INFO - [2023-11-08T22:15:55.296+0000] {dagbag.py:536} INFO - Filling up the DagBag from /home/airflow/.local/lib/python3.8/site-packages/airflow/example_dags/example_task_group.py
[2023-11-08T22:15:55.303+0000] {processor.py:839} INFO - DAG(s) dict_keys(['example_task_group']) retrieved from /home/airflow/.local/lib/python3.8/site-packages/airflow/example_dags/example_task_group.py
[2023-11-08T22:15:55.318+0000] {logging_mixin.py:154} INFO - [2023-11-08T22:15:55.317+0000] {dag.py:2941} INFO - Sync 1 DAGs
[2023-11-08T22:15:55.330+0000] {logging_mixin.py:154} INFO - [2023-11-08T22:15:55.330+0000] {dag.py:3722} INFO - Setting next_dagrun for example_task_group to 2023-11-07T22:15:55.330628+00:00, run_after=2023-11-08T22:15:55.330628+00:00
[2023-11-08T22:15:55.341+0000] {processor.py:179} INFO - Processing /home/airflow/.local/lib/python3.8/site-packages/airflow/example_dags/example_task_group.py took 0.058 seconds
[2023-11-08T22:16:25.842+0000] {processor.py:157} INFO - Started process (PID=538) to work on /home/airflow/.local/lib/python3.8/site-packages/airflow/example_dags/example_task_group.py
[2023-11-08T22:16:25.850+0000] {processor.py:829} INFO - Processing file /home/airflow/.local/lib/python3.8/site-packages/airflow/example_dags/example_task_group.py for tasks to queue
[2023-11-08T22:16:25.852+0000] {logging_mixin.py:154} INFO - [2023-11-08T22:16:25.852+0000] {dagbag.py:536} INFO - Filling up the DagBag from /home/airflow/.local/lib/python3.8/site-packages/airflow/example_dags/example_task_group.py
[2023-11-08T22:16:25.859+0000] {processor.py:839} INFO - DAG(s) dict_keys(['example_task_group']) retrieved from /home/airflow/.local/lib/python3.8/site-packages/airflow/example_dags/example_task_group.py
[2023-11-08T22:16:25.873+0000] {logging_mixin.py:154} INFO - [2023-11-08T22:16:25.873+0000] {dag.py:2941} INFO - Sync 1 DAGs
[2023-11-08T22:16:25.886+0000] {logging_mixin.py:154} INFO - [2023-11-08T22:16:25.886+0000] {dag.py:3722} INFO - Setting next_dagrun for example_task_group to 2023-11-07T22:16:25.885995+00:00, run_after=2023-11-08T22:16:25.885995+00:00
[2023-11-08T22:16:25.896+0000] {processor.py:179} INFO - Processing /home/airflow/.local/lib/python3.8/site-packages/airflow/example_dags/example_task_group.py took 0.058 seconds
[2023-11-08T22:16:56.560+0000] {processor.py:157} INFO - Started process (PID=592) to work on /home/airflow/.local/lib/python3.8/site-packages/airflow/example_dags/example_task_group.py
[2023-11-08T22:16:56.569+0000] {processor.py:829} INFO - Processing file /home/airflow/.local/lib/python3.8/site-packages/airflow/example_dags/example_task_group.py for tasks to queue
[2023-11-08T22:16:56.570+0000] {logging_mixin.py:154} INFO - [2023-11-08T22:16:56.570+0000] {dagbag.py:536} INFO - Filling up the DagBag from /home/airflow/.local/lib/python3.8/site-packages/airflow/example_dags/example_task_group.py
[2023-11-08T22:16:56.577+0000] {processor.py:839} INFO - DAG(s) dict_keys(['example_task_group']) retrieved from /home/airflow/.local/lib/python3.8/site-packages/airflow/example_dags/example_task_group.py
[2023-11-08T22:16:56.591+0000] {logging_mixin.py:154} INFO - [2023-11-08T22:16:56.591+0000] {dag.py:2941} INFO - Sync 1 DAGs
[2023-11-08T22:16:56.604+0000] {logging_mixin.py:154} INFO - [2023-11-08T22:16:56.604+0000] {dag.py:3722} INFO - Setting next_dagrun for example_task_group to 2023-11-07T22:16:56.604116+00:00, run_after=2023-11-08T22:16:56.604116+00:00
[2023-11-08T22:16:56.614+0000] {processor.py:179} INFO - Processing /home/airflow/.local/lib/python3.8/site-packages/airflow/example_dags/example_task_group.py took 0.058 seconds
[2023-11-08T22:17:27.220+0000] {processor.py:157} INFO - Started process (PID=647) to work on /home/airflow/.local/lib/python3.8/site-packages/airflow/example_dags/example_task_group.py
[2023-11-08T22:17:27.229+0000] {processor.py:829} INFO - Processing file /home/airflow/.local/lib/python3.8/site-packages/airflow/example_dags/example_task_group.py for tasks to queue
[2023-11-08T22:17:27.231+0000] {logging_mixin.py:154} INFO - [2023-11-08T22:17:27.231+0000] {dagbag.py:536} INFO - Filling up the DagBag from /home/airflow/.local/lib/python3.8/site-packages/airflow/example_dags/example_task_group.py
[2023-11-08T22:17:27.240+0000] {processor.py:839} INFO - DAG(s) dict_keys(['example_task_group']) retrieved from /home/airflow/.local/lib/python3.8/site-packages/airflow/example_dags/example_task_group.py
[2023-11-08T22:17:27.254+0000] {logging_mixin.py:154} INFO - [2023-11-08T22:17:27.254+0000] {dag.py:2941} INFO - Sync 1 DAGs
[2023-11-08T22:17:27.267+0000] {logging_mixin.py:154} INFO - [2023-11-08T22:17:27.267+0000] {dag.py:3722} INFO - Setting next_dagrun for example_task_group to 2023-11-07T22:17:27.267144+00:00, run_after=2023-11-08T22:17:27.267144+00:00
[2023-11-08T22:17:27.278+0000] {processor.py:179} INFO - Processing /home/airflow/.local/lib/python3.8/site-packages/airflow/example_dags/example_task_group.py took 0.061 seconds
[2023-11-08T22:17:57.920+0000] {processor.py:157} INFO - Started process (PID=701) to work on /home/airflow/.local/lib/python3.8/site-packages/airflow/example_dags/example_task_group.py
[2023-11-08T22:17:57.928+0000] {processor.py:829} INFO - Processing file /home/airflow/.local/lib/python3.8/site-packages/airflow/example_dags/example_task_group.py for tasks to queue
[2023-11-08T22:17:57.929+0000] {logging_mixin.py:154} INFO - [2023-11-08T22:17:57.929+0000] {dagbag.py:536} INFO - Filling up the DagBag from /home/airflow/.local/lib/python3.8/site-packages/airflow/example_dags/example_task_group.py
[2023-11-08T22:17:57.933+0000] {processor.py:839} INFO - DAG(s) dict_keys(['example_task_group']) retrieved from /home/airflow/.local/lib/python3.8/site-packages/airflow/example_dags/example_task_group.py
[2023-11-08T22:17:57.950+0000] {logging_mixin.py:154} INFO - [2023-11-08T22:17:57.950+0000] {dag.py:2941} INFO - Sync 1 DAGs
[2023-11-08T22:17:57.968+0000] {logging_mixin.py:154} INFO - [2023-11-08T22:17:57.968+0000] {dag.py:3722} INFO - Setting next_dagrun for example_task_group to 2023-11-07T22:17:57.967976+00:00, run_after=2023-11-08T22:17:57.967976+00:00
[2023-11-08T22:17:57.978+0000] {processor.py:179} INFO - Processing /home/airflow/.local/lib/python3.8/site-packages/airflow/example_dags/example_task_group.py took 0.060 seconds
[2023-11-08T22:18:28.681+0000] {processor.py:157} INFO - Started process (PID=756) to work on /home/airflow/.local/lib/python3.8/site-packages/airflow/example_dags/example_task_group.py
[2023-11-08T22:18:28.682+0000] {processor.py:829} INFO - Processing file /home/airflow/.local/lib/python3.8/site-packages/airflow/example_dags/example_task_group.py for tasks to queue
[2023-11-08T22:18:28.684+0000] {logging_mixin.py:154} INFO - [2023-11-08T22:18:28.683+0000] {dagbag.py:536} INFO - Filling up the DagBag from /home/airflow/.local/lib/python3.8/site-packages/airflow/example_dags/example_task_group.py
[2023-11-08T22:18:28.690+0000] {processor.py:839} INFO - DAG(s) dict_keys(['example_task_group']) retrieved from /home/airflow/.local/lib/python3.8/site-packages/airflow/example_dags/example_task_group.py
[2023-11-08T22:18:28.704+0000] {logging_mixin.py:154} INFO - [2023-11-08T22:18:28.704+0000] {dag.py:2941} INFO - Sync 1 DAGs
[2023-11-08T22:18:28.717+0000] {logging_mixin.py:154} INFO - [2023-11-08T22:18:28.717+0000] {dag.py:3722} INFO - Setting next_dagrun for example_task_group to 2023-11-07T22:18:28.717625+00:00, run_after=2023-11-08T22:18:28.717625+00:00
[2023-11-08T22:18:28.728+0000] {processor.py:179} INFO - Processing /home/airflow/.local/lib/python3.8/site-packages/airflow/example_dags/example_task_group.py took 0.048 seconds
[2023-11-08T22:18:59.616+0000] {processor.py:157} INFO - Started process (PID=810) to work on /home/airflow/.local/lib/python3.8/site-packages/airflow/example_dags/example_task_group.py
[2023-11-08T22:18:59.624+0000] {processor.py:829} INFO - Processing file /home/airflow/.local/lib/python3.8/site-packages/airflow/example_dags/example_task_group.py for tasks to queue
[2023-11-08T22:18:59.625+0000] {logging_mixin.py:154} INFO - [2023-11-08T22:18:59.625+0000] {dagbag.py:536} INFO - Filling up the DagBag from /home/airflow/.local/lib/python3.8/site-packages/airflow/example_dags/example_task_group.py
[2023-11-08T22:18:59.629+0000] {processor.py:839} INFO - DAG(s) dict_keys(['example_task_group']) retrieved from /home/airflow/.local/lib/python3.8/site-packages/airflow/example_dags/example_task_group.py
[2023-11-08T22:18:59.642+0000] {logging_mixin.py:154} INFO - [2023-11-08T22:18:59.642+0000] {dag.py:2941} INFO - Sync 1 DAGs
[2023-11-08T22:18:59.655+0000] {logging_mixin.py:154} INFO - [2023-11-08T22:18:59.655+0000] {dag.py:3722} INFO - Setting next_dagrun for example_task_group to 2023-11-07T22:18:59.655301+00:00, run_after=2023-11-08T22:18:59.655301+00:00
[2023-11-08T22:18:59.666+0000] {processor.py:179} INFO - Processing /home/airflow/.local/lib/python3.8/site-packages/airflow/example_dags/example_task_group.py took 0.053 seconds
[2023-11-08T22:19:29.874+0000] {processor.py:157} INFO - Started process (PID=864) to work on /home/airflow/.local/lib/python3.8/site-packages/airflow/example_dags/example_task_group.py
[2023-11-08T22:19:29.882+0000] {processor.py:829} INFO - Processing file /home/airflow/.local/lib/python3.8/site-packages/airflow/example_dags/example_task_group.py for tasks to queue
[2023-11-08T22:19:29.883+0000] {logging_mixin.py:154} INFO - [2023-11-08T22:19:29.883+0000] {dagbag.py:536} INFO - Filling up the DagBag from /home/airflow/.local/lib/python3.8/site-packages/airflow/example_dags/example_task_group.py
[2023-11-08T22:19:29.889+0000] {processor.py:839} INFO - DAG(s) dict_keys(['example_task_group']) retrieved from /home/airflow/.local/lib/python3.8/site-packages/airflow/example_dags/example_task_group.py
[2023-11-08T22:19:29.904+0000] {logging_mixin.py:154} INFO - [2023-11-08T22:19:29.904+0000] {dag.py:2941} INFO - Sync 1 DAGs
[2023-11-08T22:19:29.918+0000] {logging_mixin.py:154} INFO - [2023-11-08T22:19:29.917+0000] {dag.py:3722} INFO - Setting next_dagrun for example_task_group to 2023-11-07T22:19:29.917717+00:00, run_after=2023-11-08T22:19:29.917717+00:00
[2023-11-08T22:19:29.928+0000] {processor.py:179} INFO - Processing /home/airflow/.local/lib/python3.8/site-packages/airflow/example_dags/example_task_group.py took 0.057 seconds
[2023-11-08T22:19:59.969+0000] {processor.py:157} INFO - Started process (PID=918) to work on /home/airflow/.local/lib/python3.8/site-packages/airflow/example_dags/example_task_group.py
[2023-11-08T22:19:59.970+0000] {processor.py:829} INFO - Processing file /home/airflow/.local/lib/python3.8/site-packages/airflow/example_dags/example_task_group.py for tasks to queue
[2023-11-08T22:19:59.971+0000] {logging_mixin.py:154} INFO - [2023-11-08T22:19:59.971+0000] {dagbag.py:536} INFO - Filling up the DagBag from /home/airflow/.local/lib/python3.8/site-packages/airflow/example_dags/example_task_group.py
[2023-11-08T22:19:59.975+0000] {processor.py:839} INFO - DAG(s) dict_keys(['example_task_group']) retrieved from /home/airflow/.local/lib/python3.8/site-packages/airflow/example_dags/example_task_group.py
[2023-11-08T22:19:59.988+0000] {logging_mixin.py:154} INFO - [2023-11-08T22:19:59.987+0000] {dag.py:2941} INFO - Sync 1 DAGs
[2023-11-08T22:20:00.000+0000] {logging_mixin.py:154} INFO - [2023-11-08T22:20:00.000+0000] {dag.py:3722} INFO - Setting next_dagrun for example_task_group to 2023-11-07T22:20:00.000455+00:00, run_after=2023-11-08T22:20:00.000455+00:00
[2023-11-08T22:20:00.105+0000] {processor.py:179} INFO - Processing /home/airflow/.local/lib/python3.8/site-packages/airflow/example_dags/example_task_group.py took 0.138 seconds
[2023-11-08T22:20:30.964+0000] {processor.py:157} INFO - Started process (PID=972) to work on /home/airflow/.local/lib/python3.8/site-packages/airflow/example_dags/example_task_group.py
[2023-11-08T22:20:30.965+0000] {processor.py:829} INFO - Processing file /home/airflow/.local/lib/python3.8/site-packages/airflow/example_dags/example_task_group.py for tasks to queue
[2023-11-08T22:20:30.966+0000] {logging_mixin.py:154} INFO - [2023-11-08T22:20:30.966+0000] {dagbag.py:536} INFO - Filling up the DagBag from /home/airflow/.local/lib/python3.8/site-packages/airflow/example_dags/example_task_group.py
[2023-11-08T22:20:30.970+0000] {processor.py:839} INFO - DAG(s) dict_keys(['example_task_group']) retrieved from /home/airflow/.local/lib/python3.8/site-packages/airflow/example_dags/example_task_group.py
[2023-11-08T22:20:30.982+0000] {logging_mixin.py:154} INFO - [2023-11-08T22:20:30.982+0000] {dag.py:2941} INFO - Sync 1 DAGs
[2023-11-08T22:20:30.994+0000] {logging_mixin.py:154} INFO - [2023-11-08T22:20:30.994+0000] {dag.py:3722} INFO - Setting next_dagrun for example_task_group to 2023-11-07T22:20:30.993934+00:00, run_after=2023-11-08T22:20:30.993934+00:00
[2023-11-08T22:20:31.004+0000] {processor.py:179} INFO - Processing /home/airflow/.local/lib/python3.8/site-packages/airflow/example_dags/example_task_group.py took 0.041 seconds
[2023-11-08T22:21:01.137+0000] {processor.py:157} INFO - Started process (PID=1026) to work on /home/airflow/.local/lib/python3.8/site-packages/airflow/example_dags/example_task_group.py
[2023-11-08T22:21:01.137+0000] {processor.py:829} INFO - Processing file /home/airflow/.local/lib/python3.8/site-packages/airflow/example_dags/example_task_group.py for tasks to queue
[2023-11-08T22:21:01.139+0000] {logging_mixin.py:154} INFO - [2023-11-08T22:21:01.139+0000] {dagbag.py:536} INFO - Filling up the DagBag from /home/airflow/.local/lib/python3.8/site-packages/airflow/example_dags/example_task_group.py
[2023-11-08T22:21:01.144+0000] {processor.py:839} INFO - DAG(s) dict_keys(['example_task_group']) retrieved from /home/airflow/.local/lib/python3.8/site-packages/airflow/example_dags/example_task_group.py
[2023-11-08T22:21:01.159+0000] {logging_mixin.py:154} INFO - [2023-11-08T22:21:01.159+0000] {dag.py:2941} INFO - Sync 1 DAGs
[2023-11-08T22:21:01.174+0000] {logging_mixin.py:154} INFO - [2023-11-08T22:21:01.174+0000] {dag.py:3722} INFO - Setting next_dagrun for example_task_group to 2023-11-07T22:21:01.174084+00:00, run_after=2023-11-08T22:21:01.174084+00:00
[2023-11-08T22:21:01.188+0000] {processor.py:179} INFO - Processing /home/airflow/.local/lib/python3.8/site-packages/airflow/example_dags/example_task_group.py took 0.053 seconds
[2023-11-08T22:21:31.916+0000] {processor.py:157} INFO - Started process (PID=1079) to work on /home/airflow/.local/lib/python3.8/site-packages/airflow/example_dags/example_task_group.py
[2023-11-08T22:21:31.917+0000] {processor.py:829} INFO - Processing file /home/airflow/.local/lib/python3.8/site-packages/airflow/example_dags/example_task_group.py for tasks to queue
[2023-11-08T22:21:31.918+0000] {logging_mixin.py:154} INFO - [2023-11-08T22:21:31.918+0000] {dagbag.py:536} INFO - Filling up the DagBag from /home/airflow/.local/lib/python3.8/site-packages/airflow/example_dags/example_task_group.py
[2023-11-08T22:21:31.921+0000] {processor.py:839} INFO - DAG(s) dict_keys(['example_task_group']) retrieved from /home/airflow/.local/lib/python3.8/site-packages/airflow/example_dags/example_task_group.py
[2023-11-08T22:21:31.934+0000] {logging_mixin.py:154} INFO - [2023-11-08T22:21:31.934+0000] {dag.py:2941} INFO - Sync 1 DAGs
[2023-11-08T22:21:32.033+0000] {logging_mixin.py:154} INFO - [2023-11-08T22:21:32.033+0000] {dag.py:3722} INFO - Setting next_dagrun for example_task_group to 2023-11-07T22:21:32.033302+00:00, run_after=2023-11-08T22:21:32.033302+00:00
[2023-11-08T22:21:32.042+0000] {processor.py:179} INFO - Processing /home/airflow/.local/lib/python3.8/site-packages/airflow/example_dags/example_task_group.py took 0.128 seconds
[2023-11-08T22:22:02.218+0000] {processor.py:157} INFO - Started process (PID=1133) to work on /home/airflow/.local/lib/python3.8/site-packages/airflow/example_dags/example_task_group.py
[2023-11-08T22:22:02.219+0000] {processor.py:829} INFO - Processing file /home/airflow/.local/lib/python3.8/site-packages/airflow/example_dags/example_task_group.py for tasks to queue
[2023-11-08T22:22:02.220+0000] {logging_mixin.py:154} INFO - [2023-11-08T22:22:02.220+0000] {dagbag.py:536} INFO - Filling up the DagBag from /home/airflow/.local/lib/python3.8/site-packages/airflow/example_dags/example_task_group.py
[2023-11-08T22:22:02.224+0000] {processor.py:839} INFO - DAG(s) dict_keys(['example_task_group']) retrieved from /home/airflow/.local/lib/python3.8/site-packages/airflow/example_dags/example_task_group.py
[2023-11-08T22:22:02.237+0000] {logging_mixin.py:154} INFO - [2023-11-08T22:22:02.237+0000] {dag.py:2941} INFO - Sync 1 DAGs
[2023-11-08T22:22:02.251+0000] {logging_mixin.py:154} INFO - [2023-11-08T22:22:02.251+0000] {dag.py:3722} INFO - Setting next_dagrun for example_task_group to 2023-11-07T22:22:02.251300+00:00, run_after=2023-11-08T22:22:02.251300+00:00
[2023-11-08T22:22:02.355+0000] {processor.py:179} INFO - Processing /home/airflow/.local/lib/python3.8/site-packages/airflow/example_dags/example_task_group.py took 0.139 seconds
[2023-11-08T22:22:32.386+0000] {processor.py:157} INFO - Started process (PID=1186) to work on /home/airflow/.local/lib/python3.8/site-packages/airflow/example_dags/example_task_group.py
[2023-11-08T22:22:32.386+0000] {processor.py:829} INFO - Processing file /home/airflow/.local/lib/python3.8/site-packages/airflow/example_dags/example_task_group.py for tasks to queue
[2023-11-08T22:22:32.387+0000] {logging_mixin.py:154} INFO - [2023-11-08T22:22:32.387+0000] {dagbag.py:536} INFO - Filling up the DagBag from /home/airflow/.local/lib/python3.8/site-packages/airflow/example_dags/example_task_group.py
[2023-11-08T22:22:32.391+0000] {processor.py:839} INFO - DAG(s) dict_keys(['example_task_group']) retrieved from /home/airflow/.local/lib/python3.8/site-packages/airflow/example_dags/example_task_group.py
[2023-11-08T22:22:32.403+0000] {logging_mixin.py:154} INFO - [2023-11-08T22:22:32.403+0000] {dag.py:2941} INFO - Sync 1 DAGs
[2023-11-08T22:22:32.415+0000] {logging_mixin.py:154} INFO - [2023-11-08T22:22:32.415+0000] {dag.py:3722} INFO - Setting next_dagrun for example_task_group to 2023-11-07T22:22:32.415248+00:00, run_after=2023-11-08T22:22:32.415248+00:00
[2023-11-08T22:22:32.424+0000] {processor.py:179} INFO - Processing /home/airflow/.local/lib/python3.8/site-packages/airflow/example_dags/example_task_group.py took 0.040 seconds
[2023-11-08T22:23:03.045+0000] {processor.py:157} INFO - Started process (PID=1239) to work on /home/airflow/.local/lib/python3.8/site-packages/airflow/example_dags/example_task_group.py
[2023-11-08T22:23:03.046+0000] {processor.py:829} INFO - Processing file /home/airflow/.local/lib/python3.8/site-packages/airflow/example_dags/example_task_group.py for tasks to queue
[2023-11-08T22:23:03.047+0000] {logging_mixin.py:154} INFO - [2023-11-08T22:23:03.047+0000] {dagbag.py:536} INFO - Filling up the DagBag from /home/airflow/.local/lib/python3.8/site-packages/airflow/example_dags/example_task_group.py
[2023-11-08T22:23:03.052+0000] {processor.py:839} INFO - DAG(s) dict_keys(['example_task_group']) retrieved from /home/airflow/.local/lib/python3.8/site-packages/airflow/example_dags/example_task_group.py
[2023-11-08T22:23:03.070+0000] {logging_mixin.py:154} INFO - [2023-11-08T22:23:03.070+0000] {dag.py:2941} INFO - Sync 1 DAGs
[2023-11-08T22:23:03.085+0000] {logging_mixin.py:154} INFO - [2023-11-08T22:23:03.085+0000] {dag.py:3722} INFO - Setting next_dagrun for example_task_group to 2023-11-07T22:23:03.085464+00:00, run_after=2023-11-08T22:23:03.085464+00:00
[2023-11-08T22:23:03.097+0000] {processor.py:179} INFO - Processing /home/airflow/.local/lib/python3.8/site-packages/airflow/example_dags/example_task_group.py took 0.054 seconds
[2023-11-08T22:23:33.260+0000] {processor.py:157} INFO - Started process (PID=1293) to work on /home/airflow/.local/lib/python3.8/site-packages/airflow/example_dags/example_task_group.py
[2023-11-08T22:23:33.261+0000] {processor.py:829} INFO - Processing file /home/airflow/.local/lib/python3.8/site-packages/airflow/example_dags/example_task_group.py for tasks to queue
[2023-11-08T22:23:33.262+0000] {logging_mixin.py:154} INFO - [2023-11-08T22:23:33.262+0000] {dagbag.py:536} INFO - Filling up the DagBag from /home/airflow/.local/lib/python3.8/site-packages/airflow/example_dags/example_task_group.py
[2023-11-08T22:23:33.266+0000] {processor.py:839} INFO - DAG(s) dict_keys(['example_task_group']) retrieved from /home/airflow/.local/lib/python3.8/site-packages/airflow/example_dags/example_task_group.py
[2023-11-08T22:23:33.278+0000] {logging_mixin.py:154} INFO - [2023-11-08T22:23:33.278+0000] {dag.py:2941} INFO - Sync 1 DAGs
[2023-11-08T22:23:33.291+0000] {logging_mixin.py:154} INFO - [2023-11-08T22:23:33.291+0000] {dag.py:3722} INFO - Setting next_dagrun for example_task_group to 2023-11-07T22:23:33.291371+00:00, run_after=2023-11-08T22:23:33.291371+00:00
[2023-11-08T22:23:33.388+0000] {processor.py:179} INFO - Processing /home/airflow/.local/lib/python3.8/site-packages/airflow/example_dags/example_task_group.py took 0.130 seconds
[2023-11-08T22:24:04.344+0000] {processor.py:157} INFO - Started process (PID=1347) to work on /home/airflow/.local/lib/python3.8/site-packages/airflow/example_dags/example_task_group.py
[2023-11-08T22:24:04.352+0000] {processor.py:829} INFO - Processing file /home/airflow/.local/lib/python3.8/site-packages/airflow/example_dags/example_task_group.py for tasks to queue
[2023-11-08T22:24:04.355+0000] {logging_mixin.py:154} INFO - [2023-11-08T22:24:04.355+0000] {dagbag.py:536} INFO - Filling up the DagBag from /home/airflow/.local/lib/python3.8/site-packages/airflow/example_dags/example_task_group.py
[2023-11-08T22:24:04.364+0000] {processor.py:839} INFO - DAG(s) dict_keys(['example_task_group']) retrieved from /home/airflow/.local/lib/python3.8/site-packages/airflow/example_dags/example_task_group.py
[2023-11-08T22:24:04.379+0000] {logging_mixin.py:154} INFO - [2023-11-08T22:24:04.379+0000] {dag.py:2941} INFO - Sync 1 DAGs
[2023-11-08T22:24:04.391+0000] {logging_mixin.py:154} INFO - [2023-11-08T22:24:04.391+0000] {dag.py:3722} INFO - Setting next_dagrun for example_task_group to 2023-11-07T22:24:04.390890+00:00, run_after=2023-11-08T22:24:04.390890+00:00
[2023-11-08T22:24:04.400+0000] {processor.py:179} INFO - Processing /home/airflow/.local/lib/python3.8/site-packages/airflow/example_dags/example_task_group.py took 0.059 seconds
[2023-11-08T22:24:35.044+0000] {processor.py:157} INFO - Started process (PID=1401) to work on /home/airflow/.local/lib/python3.8/site-packages/airflow/example_dags/example_task_group.py
[2023-11-08T22:24:35.045+0000] {processor.py:829} INFO - Processing file /home/airflow/.local/lib/python3.8/site-packages/airflow/example_dags/example_task_group.py for tasks to queue
[2023-11-08T22:24:35.046+0000] {logging_mixin.py:154} INFO - [2023-11-08T22:24:35.046+0000] {dagbag.py:536} INFO - Filling up the DagBag from /home/airflow/.local/lib/python3.8/site-packages/airflow/example_dags/example_task_group.py
[2023-11-08T22:24:35.049+0000] {processor.py:839} INFO - DAG(s) dict_keys(['example_task_group']) retrieved from /home/airflow/.local/lib/python3.8/site-packages/airflow/example_dags/example_task_group.py
[2023-11-08T22:24:35.147+0000] {logging_mixin.py:154} INFO - [2023-11-08T22:24:35.147+0000] {dag.py:2941} INFO - Sync 1 DAGs
[2023-11-08T22:24:35.158+0000] {logging_mixin.py:154} INFO - [2023-11-08T22:24:35.158+0000] {dag.py:3722} INFO - Setting next_dagrun for example_task_group to 2023-11-07T22:24:35.157952+00:00, run_after=2023-11-08T22:24:35.157952+00:00
[2023-11-08T22:24:35.174+0000] {processor.py:179} INFO - Processing /home/airflow/.local/lib/python3.8/site-packages/airflow/example_dags/example_task_group.py took 0.132 seconds
[2023-11-08T22:25:05.373+0000] {processor.py:157} INFO - Started process (PID=1455) to work on /home/airflow/.local/lib/python3.8/site-packages/airflow/example_dags/example_task_group.py
[2023-11-08T22:25:05.374+0000] {processor.py:829} INFO - Processing file /home/airflow/.local/lib/python3.8/site-packages/airflow/example_dags/example_task_group.py for tasks to queue
[2023-11-08T22:25:05.375+0000] {logging_mixin.py:154} INFO - [2023-11-08T22:25:05.375+0000] {dagbag.py:536} INFO - Filling up the DagBag from /home/airflow/.local/lib/python3.8/site-packages/airflow/example_dags/example_task_group.py
[2023-11-08T22:25:05.379+0000] {processor.py:839} INFO - DAG(s) dict_keys(['example_task_group']) retrieved from /home/airflow/.local/lib/python3.8/site-packages/airflow/example_dags/example_task_group.py
[2023-11-08T22:25:05.394+0000] {logging_mixin.py:154} INFO - [2023-11-08T22:25:05.394+0000] {dag.py:2941} INFO - Sync 1 DAGs
[2023-11-08T22:25:05.408+0000] {logging_mixin.py:154} INFO - [2023-11-08T22:25:05.407+0000] {dag.py:3722} INFO - Setting next_dagrun for example_task_group to 2023-11-07T22:25:05.407785+00:00, run_after=2023-11-08T22:25:05.407785+00:00
[2023-11-08T22:25:05.509+0000] {processor.py:179} INFO - Processing /home/airflow/.local/lib/python3.8/site-packages/airflow/example_dags/example_task_group.py took 0.137 seconds
[2023-11-08T22:25:36.358+0000] {processor.py:157} INFO - Started process (PID=1509) to work on /home/airflow/.local/lib/python3.8/site-packages/airflow/example_dags/example_task_group.py
[2023-11-08T22:25:36.358+0000] {processor.py:829} INFO - Processing file /home/airflow/.local/lib/python3.8/site-packages/airflow/example_dags/example_task_group.py for tasks to queue
[2023-11-08T22:25:36.359+0000] {logging_mixin.py:154} INFO - [2023-11-08T22:25:36.359+0000] {dagbag.py:536} INFO - Filling up the DagBag from /home/airflow/.local/lib/python3.8/site-packages/airflow/example_dags/example_task_group.py
[2023-11-08T22:25:36.364+0000] {processor.py:839} INFO - DAG(s) dict_keys(['example_task_group']) retrieved from /home/airflow/.local/lib/python3.8/site-packages/airflow/example_dags/example_task_group.py
[2023-11-08T22:25:36.377+0000] {logging_mixin.py:154} INFO - [2023-11-08T22:25:36.376+0000] {dag.py:2941} INFO - Sync 1 DAGs
[2023-11-08T22:25:36.388+0000] {logging_mixin.py:154} INFO - [2023-11-08T22:25:36.388+0000] {dag.py:3722} INFO - Setting next_dagrun for example_task_group to 2023-11-07T22:25:36.388186+00:00, run_after=2023-11-08T22:25:36.388186+00:00
[2023-11-08T22:25:36.397+0000] {processor.py:179} INFO - Processing /home/airflow/.local/lib/python3.8/site-packages/airflow/example_dags/example_task_group.py took 0.041 seconds
[2023-11-08T22:26:06.937+0000] {processor.py:157} INFO - Started process (PID=1563) to work on /home/airflow/.local/lib/python3.8/site-packages/airflow/example_dags/example_task_group.py
[2023-11-08T22:26:06.938+0000] {processor.py:829} INFO - Processing file /home/airflow/.local/lib/python3.8/site-packages/airflow/example_dags/example_task_group.py for tasks to queue
[2023-11-08T22:26:06.939+0000] {logging_mixin.py:154} INFO - [2023-11-08T22:26:06.939+0000] {dagbag.py:536} INFO - Filling up the DagBag from /home/airflow/.local/lib/python3.8/site-packages/airflow/example_dags/example_task_group.py
[2023-11-08T22:26:06.943+0000] {processor.py:839} INFO - DAG(s) dict_keys(['example_task_group']) retrieved from /home/airflow/.local/lib/python3.8/site-packages/airflow/example_dags/example_task_group.py
[2023-11-08T22:26:06.956+0000] {logging_mixin.py:154} INFO - [2023-11-08T22:26:06.955+0000] {dag.py:2941} INFO - Sync 1 DAGs
[2023-11-08T22:26:06.967+0000] {logging_mixin.py:154} INFO - [2023-11-08T22:26:06.967+0000] {dag.py:3722} INFO - Setting next_dagrun for example_task_group to 2023-11-07T22:26:06.967499+00:00, run_after=2023-11-08T22:26:06.967499+00:00
[2023-11-08T22:26:06.976+0000] {processor.py:179} INFO - Processing /home/airflow/.local/lib/python3.8/site-packages/airflow/example_dags/example_task_group.py took 0.041 seconds
[2023-11-08T22:26:37.604+0000] {processor.py:157} INFO - Started process (PID=1617) to work on /home/airflow/.local/lib/python3.8/site-packages/airflow/example_dags/example_task_group.py
[2023-11-08T22:26:37.605+0000] {processor.py:829} INFO - Processing file /home/airflow/.local/lib/python3.8/site-packages/airflow/example_dags/example_task_group.py for tasks to queue
[2023-11-08T22:26:37.606+0000] {logging_mixin.py:154} INFO - [2023-11-08T22:26:37.606+0000] {dagbag.py:536} INFO - Filling up the DagBag from /home/airflow/.local/lib/python3.8/site-packages/airflow/example_dags/example_task_group.py
[2023-11-08T22:26:37.611+0000] {processor.py:839} INFO - DAG(s) dict_keys(['example_task_group']) retrieved from /home/airflow/.local/lib/python3.8/site-packages/airflow/example_dags/example_task_group.py
[2023-11-08T22:26:37.626+0000] {logging_mixin.py:154} INFO - [2023-11-08T22:26:37.625+0000] {dag.py:2941} INFO - Sync 1 DAGs
[2023-11-08T22:26:37.638+0000] {logging_mixin.py:154} INFO - [2023-11-08T22:26:37.638+0000] {dag.py:3722} INFO - Setting next_dagrun for example_task_group to 2023-11-07T22:26:37.638264+00:00, run_after=2023-11-08T22:26:37.638264+00:00
[2023-11-08T22:26:37.647+0000] {processor.py:179} INFO - Processing /home/airflow/.local/lib/python3.8/site-packages/airflow/example_dags/example_task_group.py took 0.045 seconds
[2023-11-08T22:27:16.794+0000] {processor.py:157} INFO - Started process (PID=51) to work on /home/airflow/.local/lib/python3.8/site-packages/airflow/example_dags/example_task_group.py
[2023-11-08T22:27:16.794+0000] {processor.py:829} INFO - Processing file /home/airflow/.local/lib/python3.8/site-packages/airflow/example_dags/example_task_group.py for tasks to queue
[2023-11-08T22:27:16.795+0000] {logging_mixin.py:154} INFO - [2023-11-08T22:27:16.795+0000] {dagbag.py:536} INFO - Filling up the DagBag from /home/airflow/.local/lib/python3.8/site-packages/airflow/example_dags/example_task_group.py
[2023-11-08T22:27:16.803+0000] {processor.py:839} INFO - DAG(s) dict_keys(['example_task_group']) retrieved from /home/airflow/.local/lib/python3.8/site-packages/airflow/example_dags/example_task_group.py
[2023-11-08T22:27:16.811+0000] {logging_mixin.py:154} INFO - [2023-11-08T22:27:16.810+0000] {dag.py:2941} INFO - Sync 1 DAGs
[2023-11-08T22:27:16.825+0000] {logging_mixin.py:154} INFO - [2023-11-08T22:27:16.825+0000] {dag.py:3722} INFO - Setting next_dagrun for example_task_group to 2023-11-07T22:27:16.824866+00:00, run_after=2023-11-08T22:27:16.824866+00:00
[2023-11-08T22:27:16.835+0000] {processor.py:179} INFO - Processing /home/airflow/.local/lib/python3.8/site-packages/airflow/example_dags/example_task_group.py took 0.043 seconds
[2023-11-08T22:27:47.689+0000] {processor.py:157} INFO - Started process (PID=105) to work on /home/airflow/.local/lib/python3.8/site-packages/airflow/example_dags/example_task_group.py
[2023-11-08T22:27:47.690+0000] {processor.py:829} INFO - Processing file /home/airflow/.local/lib/python3.8/site-packages/airflow/example_dags/example_task_group.py for tasks to queue
[2023-11-08T22:27:47.692+0000] {logging_mixin.py:154} INFO - [2023-11-08T22:27:47.691+0000] {dagbag.py:536} INFO - Filling up the DagBag from /home/airflow/.local/lib/python3.8/site-packages/airflow/example_dags/example_task_group.py
[2023-11-08T22:27:47.697+0000] {processor.py:839} INFO - DAG(s) dict_keys(['example_task_group']) retrieved from /home/airflow/.local/lib/python3.8/site-packages/airflow/example_dags/example_task_group.py
[2023-11-08T22:27:47.712+0000] {logging_mixin.py:154} INFO - [2023-11-08T22:27:47.712+0000] {dag.py:2941} INFO - Sync 1 DAGs
[2023-11-08T22:27:47.730+0000] {logging_mixin.py:154} INFO - [2023-11-08T22:27:47.730+0000] {dag.py:3722} INFO - Setting next_dagrun for example_task_group to 2023-11-07T22:27:47.729860+00:00, run_after=2023-11-08T22:27:47.729860+00:00
[2023-11-08T22:27:47.741+0000] {processor.py:179} INFO - Processing /home/airflow/.local/lib/python3.8/site-packages/airflow/example_dags/example_task_group.py took 0.053 seconds
[2023-11-08T22:28:17.849+0000] {processor.py:157} INFO - Started process (PID=159) to work on /home/airflow/.local/lib/python3.8/site-packages/airflow/example_dags/example_task_group.py
[2023-11-08T22:28:17.849+0000] {processor.py:829} INFO - Processing file /home/airflow/.local/lib/python3.8/site-packages/airflow/example_dags/example_task_group.py for tasks to queue
[2023-11-08T22:28:17.850+0000] {logging_mixin.py:154} INFO - [2023-11-08T22:28:17.850+0000] {dagbag.py:536} INFO - Filling up the DagBag from /home/airflow/.local/lib/python3.8/site-packages/airflow/example_dags/example_task_group.py
[2023-11-08T22:28:17.854+0000] {processor.py:839} INFO - DAG(s) dict_keys(['example_task_group']) retrieved from /home/airflow/.local/lib/python3.8/site-packages/airflow/example_dags/example_task_group.py
[2023-11-08T22:28:17.868+0000] {logging_mixin.py:154} INFO - [2023-11-08T22:28:17.868+0000] {dag.py:2941} INFO - Sync 1 DAGs
[2023-11-08T22:28:17.883+0000] {logging_mixin.py:154} INFO - [2023-11-08T22:28:17.883+0000] {dag.py:3722} INFO - Setting next_dagrun for example_task_group to 2023-11-07T22:28:17.882863+00:00, run_after=2023-11-08T22:28:17.882863+00:00
[2023-11-08T22:28:17.893+0000] {processor.py:179} INFO - Processing /home/airflow/.local/lib/python3.8/site-packages/airflow/example_dags/example_task_group.py took 0.046 seconds
[2023-11-08T22:28:48.017+0000] {processor.py:157} INFO - Started process (PID=213) to work on /home/airflow/.local/lib/python3.8/site-packages/airflow/example_dags/example_task_group.py
[2023-11-08T22:28:48.018+0000] {processor.py:829} INFO - Processing file /home/airflow/.local/lib/python3.8/site-packages/airflow/example_dags/example_task_group.py for tasks to queue
[2023-11-08T22:28:48.019+0000] {logging_mixin.py:154} INFO - [2023-11-08T22:28:48.019+0000] {dagbag.py:536} INFO - Filling up the DagBag from /home/airflow/.local/lib/python3.8/site-packages/airflow/example_dags/example_task_group.py
[2023-11-08T22:28:48.023+0000] {processor.py:839} INFO - DAG(s) dict_keys(['example_task_group']) retrieved from /home/airflow/.local/lib/python3.8/site-packages/airflow/example_dags/example_task_group.py
[2023-11-08T22:28:48.036+0000] {logging_mixin.py:154} INFO - [2023-11-08T22:28:48.036+0000] {dag.py:2941} INFO - Sync 1 DAGs
[2023-11-08T22:28:48.049+0000] {logging_mixin.py:154} INFO - [2023-11-08T22:28:48.049+0000] {dag.py:3722} INFO - Setting next_dagrun for example_task_group to 2023-11-07T22:28:48.049111+00:00, run_after=2023-11-08T22:28:48.049111+00:00
[2023-11-08T22:28:48.060+0000] {processor.py:179} INFO - Processing /home/airflow/.local/lib/python3.8/site-packages/airflow/example_dags/example_task_group.py took 0.044 seconds
[2023-11-08T22:29:18.723+0000] {processor.py:157} INFO - Started process (PID=267) to work on /home/airflow/.local/lib/python3.8/site-packages/airflow/example_dags/example_task_group.py
[2023-11-08T22:29:18.724+0000] {processor.py:829} INFO - Processing file /home/airflow/.local/lib/python3.8/site-packages/airflow/example_dags/example_task_group.py for tasks to queue
[2023-11-08T22:29:18.725+0000] {logging_mixin.py:154} INFO - [2023-11-08T22:29:18.725+0000] {dagbag.py:536} INFO - Filling up the DagBag from /home/airflow/.local/lib/python3.8/site-packages/airflow/example_dags/example_task_group.py
[2023-11-08T22:29:18.731+0000] {processor.py:839} INFO - DAG(s) dict_keys(['example_task_group']) retrieved from /home/airflow/.local/lib/python3.8/site-packages/airflow/example_dags/example_task_group.py
[2023-11-08T22:29:18.746+0000] {logging_mixin.py:154} INFO - [2023-11-08T22:29:18.746+0000] {dag.py:2941} INFO - Sync 1 DAGs
[2023-11-08T22:29:18.763+0000] {logging_mixin.py:154} INFO - [2023-11-08T22:29:18.763+0000] {dag.py:3722} INFO - Setting next_dagrun for example_task_group to 2023-11-07T22:29:18.763249+00:00, run_after=2023-11-08T22:29:18.763249+00:00
[2023-11-08T22:29:18.776+0000] {processor.py:179} INFO - Processing /home/airflow/.local/lib/python3.8/site-packages/airflow/example_dags/example_task_group.py took 0.056 seconds
[2023-11-08T22:29:48.880+0000] {processor.py:157} INFO - Started process (PID=322) to work on /home/airflow/.local/lib/python3.8/site-packages/airflow/example_dags/example_task_group.py
[2023-11-08T22:29:48.880+0000] {processor.py:829} INFO - Processing file /home/airflow/.local/lib/python3.8/site-packages/airflow/example_dags/example_task_group.py for tasks to queue
[2023-11-08T22:29:48.882+0000] {logging_mixin.py:154} INFO - [2023-11-08T22:29:48.881+0000] {dagbag.py:536} INFO - Filling up the DagBag from /home/airflow/.local/lib/python3.8/site-packages/airflow/example_dags/example_task_group.py
[2023-11-08T22:29:48.886+0000] {processor.py:839} INFO - DAG(s) dict_keys(['example_task_group']) retrieved from /home/airflow/.local/lib/python3.8/site-packages/airflow/example_dags/example_task_group.py
[2023-11-08T22:29:48.902+0000] {logging_mixin.py:154} INFO - [2023-11-08T22:29:48.901+0000] {dag.py:2941} INFO - Sync 1 DAGs
[2023-11-08T22:29:48.921+0000] {logging_mixin.py:154} INFO - [2023-11-08T22:29:48.921+0000] {dag.py:3722} INFO - Setting next_dagrun for example_task_group to 2023-11-07T22:29:48.921493+00:00, run_after=2023-11-08T22:29:48.921493+00:00
[2023-11-08T22:29:48.936+0000] {processor.py:179} INFO - Processing /home/airflow/.local/lib/python3.8/site-packages/airflow/example_dags/example_task_group.py took 0.059 seconds
[2023-11-08T22:30:19.609+0000] {processor.py:157} INFO - Started process (PID=376) to work on /home/airflow/.local/lib/python3.8/site-packages/airflow/example_dags/example_task_group.py
[2023-11-08T22:30:19.610+0000] {processor.py:829} INFO - Processing file /home/airflow/.local/lib/python3.8/site-packages/airflow/example_dags/example_task_group.py for tasks to queue
[2023-11-08T22:30:19.611+0000] {logging_mixin.py:154} INFO - [2023-11-08T22:30:19.611+0000] {dagbag.py:536} INFO - Filling up the DagBag from /home/airflow/.local/lib/python3.8/site-packages/airflow/example_dags/example_task_group.py
[2023-11-08T22:30:19.615+0000] {processor.py:839} INFO - DAG(s) dict_keys(['example_task_group']) retrieved from /home/airflow/.local/lib/python3.8/site-packages/airflow/example_dags/example_task_group.py
[2023-11-08T22:30:19.627+0000] {logging_mixin.py:154} INFO - [2023-11-08T22:30:19.627+0000] {dag.py:2941} INFO - Sync 1 DAGs
[2023-11-08T22:30:19.640+0000] {logging_mixin.py:154} INFO - [2023-11-08T22:30:19.639+0000] {dag.py:3722} INFO - Setting next_dagrun for example_task_group to 2023-11-07T22:30:19.639847+00:00, run_after=2023-11-08T22:30:19.639847+00:00
[2023-11-08T22:30:19.651+0000] {processor.py:179} INFO - Processing /home/airflow/.local/lib/python3.8/site-packages/airflow/example_dags/example_task_group.py took 0.044 seconds
[2023-11-08T22:30:50.311+0000] {processor.py:157} INFO - Started process (PID=430) to work on /home/airflow/.local/lib/python3.8/site-packages/airflow/example_dags/example_task_group.py
[2023-11-08T22:30:50.312+0000] {processor.py:829} INFO - Processing file /home/airflow/.local/lib/python3.8/site-packages/airflow/example_dags/example_task_group.py for tasks to queue
[2023-11-08T22:30:50.313+0000] {logging_mixin.py:154} INFO - [2023-11-08T22:30:50.313+0000] {dagbag.py:536} INFO - Filling up the DagBag from /home/airflow/.local/lib/python3.8/site-packages/airflow/example_dags/example_task_group.py
[2023-11-08T22:30:50.317+0000] {processor.py:839} INFO - DAG(s) dict_keys(['example_task_group']) retrieved from /home/airflow/.local/lib/python3.8/site-packages/airflow/example_dags/example_task_group.py
[2023-11-08T22:30:50.334+0000] {logging_mixin.py:154} INFO - [2023-11-08T22:30:50.334+0000] {dag.py:2941} INFO - Sync 1 DAGs
[2023-11-08T22:30:50.353+0000] {logging_mixin.py:154} INFO - [2023-11-08T22:30:50.353+0000] {dag.py:3722} INFO - Setting next_dagrun for example_task_group to 2023-11-07T22:30:50.353523+00:00, run_after=2023-11-08T22:30:50.353523+00:00
[2023-11-08T22:30:50.368+0000] {processor.py:179} INFO - Processing /home/airflow/.local/lib/python3.8/site-packages/airflow/example_dags/example_task_group.py took 0.059 seconds
[2023-11-08T22:31:21.262+0000] {processor.py:157} INFO - Started process (PID=484) to work on /home/airflow/.local/lib/python3.8/site-packages/airflow/example_dags/example_task_group.py
[2023-11-08T22:31:21.263+0000] {processor.py:829} INFO - Processing file /home/airflow/.local/lib/python3.8/site-packages/airflow/example_dags/example_task_group.py for tasks to queue
[2023-11-08T22:31:21.265+0000] {logging_mixin.py:154} INFO - [2023-11-08T22:31:21.265+0000] {dagbag.py:536} INFO - Filling up the DagBag from /home/airflow/.local/lib/python3.8/site-packages/airflow/example_dags/example_task_group.py
[2023-11-08T22:31:21.274+0000] {processor.py:839} INFO - DAG(s) dict_keys(['example_task_group']) retrieved from /home/airflow/.local/lib/python3.8/site-packages/airflow/example_dags/example_task_group.py
[2023-11-08T22:31:21.298+0000] {logging_mixin.py:154} INFO - [2023-11-08T22:31:21.298+0000] {dag.py:2941} INFO - Sync 1 DAGs
[2023-11-08T22:31:21.329+0000] {logging_mixin.py:154} INFO - [2023-11-08T22:31:21.329+0000] {dag.py:3722} INFO - Setting next_dagrun for example_task_group to 2023-11-07T22:31:21.329388+00:00, run_after=2023-11-08T22:31:21.329388+00:00
[2023-11-08T22:31:21.346+0000] {processor.py:179} INFO - Processing /home/airflow/.local/lib/python3.8/site-packages/airflow/example_dags/example_task_group.py took 0.088 seconds
[2023-11-08T22:31:51.408+0000] {processor.py:157} INFO - Started process (PID=538) to work on /home/airflow/.local/lib/python3.8/site-packages/airflow/example_dags/example_task_group.py
[2023-11-08T22:31:51.409+0000] {processor.py:829} INFO - Processing file /home/airflow/.local/lib/python3.8/site-packages/airflow/example_dags/example_task_group.py for tasks to queue
[2023-11-08T22:31:51.410+0000] {logging_mixin.py:154} INFO - [2023-11-08T22:31:51.410+0000] {dagbag.py:536} INFO - Filling up the DagBag from /home/airflow/.local/lib/python3.8/site-packages/airflow/example_dags/example_task_group.py
[2023-11-08T22:31:51.416+0000] {processor.py:839} INFO - DAG(s) dict_keys(['example_task_group']) retrieved from /home/airflow/.local/lib/python3.8/site-packages/airflow/example_dags/example_task_group.py
[2023-11-08T22:31:51.430+0000] {logging_mixin.py:154} INFO - [2023-11-08T22:31:51.429+0000] {dag.py:2941} INFO - Sync 1 DAGs
[2023-11-08T22:31:51.444+0000] {logging_mixin.py:154} INFO - [2023-11-08T22:31:51.444+0000] {dag.py:3722} INFO - Setting next_dagrun for example_task_group to 2023-11-07T22:31:51.444119+00:00, run_after=2023-11-08T22:31:51.444119+00:00
[2023-11-08T22:31:51.456+0000] {processor.py:179} INFO - Processing /home/airflow/.local/lib/python3.8/site-packages/airflow/example_dags/example_task_group.py took 0.051 seconds
[2023-11-08T22:32:21.491+0000] {processor.py:157} INFO - Started process (PID=593) to work on /home/airflow/.local/lib/python3.8/site-packages/airflow/example_dags/example_task_group.py
[2023-11-08T22:32:21.491+0000] {processor.py:829} INFO - Processing file /home/airflow/.local/lib/python3.8/site-packages/airflow/example_dags/example_task_group.py for tasks to queue
[2023-11-08T22:32:21.492+0000] {logging_mixin.py:154} INFO - [2023-11-08T22:32:21.492+0000] {dagbag.py:536} INFO - Filling up the DagBag from /home/airflow/.local/lib/python3.8/site-packages/airflow/example_dags/example_task_group.py
[2023-11-08T22:32:21.496+0000] {processor.py:839} INFO - DAG(s) dict_keys(['example_task_group']) retrieved from /home/airflow/.local/lib/python3.8/site-packages/airflow/example_dags/example_task_group.py
[2023-11-08T22:32:21.509+0000] {logging_mixin.py:154} INFO - [2023-11-08T22:32:21.509+0000] {dag.py:2941} INFO - Sync 1 DAGs
[2023-11-08T22:32:21.523+0000] {logging_mixin.py:154} INFO - [2023-11-08T22:32:21.523+0000] {dag.py:3722} INFO - Setting next_dagrun for example_task_group to 2023-11-07T22:32:21.523136+00:00, run_after=2023-11-08T22:32:21.523136+00:00
[2023-11-08T22:32:21.532+0000] {processor.py:179} INFO - Processing /home/airflow/.local/lib/python3.8/site-packages/airflow/example_dags/example_task_group.py took 0.043 seconds
[2023-11-08T22:32:51.625+0000] {processor.py:157} INFO - Started process (PID=648) to work on /home/airflow/.local/lib/python3.8/site-packages/airflow/example_dags/example_task_group.py
[2023-11-08T22:32:51.626+0000] {processor.py:829} INFO - Processing file /home/airflow/.local/lib/python3.8/site-packages/airflow/example_dags/example_task_group.py for tasks to queue
[2023-11-08T22:32:51.627+0000] {logging_mixin.py:154} INFO - [2023-11-08T22:32:51.627+0000] {dagbag.py:536} INFO - Filling up the DagBag from /home/airflow/.local/lib/python3.8/site-packages/airflow/example_dags/example_task_group.py
[2023-11-08T22:32:51.631+0000] {processor.py:839} INFO - DAG(s) dict_keys(['example_task_group']) retrieved from /home/airflow/.local/lib/python3.8/site-packages/airflow/example_dags/example_task_group.py
[2023-11-08T22:32:51.644+0000] {logging_mixin.py:154} INFO - [2023-11-08T22:32:51.644+0000] {dag.py:2941} INFO - Sync 1 DAGs
[2023-11-08T22:32:51.658+0000] {logging_mixin.py:154} INFO - [2023-11-08T22:32:51.658+0000] {dag.py:3722} INFO - Setting next_dagrun for example_task_group to 2023-11-07T22:32:51.657914+00:00, run_after=2023-11-08T22:32:51.657914+00:00
[2023-11-08T22:32:51.668+0000] {processor.py:179} INFO - Processing /home/airflow/.local/lib/python3.8/site-packages/airflow/example_dags/example_task_group.py took 0.045 seconds
[2023-11-08T22:33:21.795+0000] {processor.py:157} INFO - Started process (PID=703) to work on /home/airflow/.local/lib/python3.8/site-packages/airflow/example_dags/example_task_group.py
[2023-11-08T22:33:21.796+0000] {processor.py:829} INFO - Processing file /home/airflow/.local/lib/python3.8/site-packages/airflow/example_dags/example_task_group.py for tasks to queue
[2023-11-08T22:33:21.797+0000] {logging_mixin.py:154} INFO - [2023-11-08T22:33:21.796+0000] {dagbag.py:536} INFO - Filling up the DagBag from /home/airflow/.local/lib/python3.8/site-packages/airflow/example_dags/example_task_group.py
[2023-11-08T22:33:21.800+0000] {processor.py:839} INFO - DAG(s) dict_keys(['example_task_group']) retrieved from /home/airflow/.local/lib/python3.8/site-packages/airflow/example_dags/example_task_group.py
[2023-11-08T22:33:21.812+0000] {logging_mixin.py:154} INFO - [2023-11-08T22:33:21.812+0000] {dag.py:2941} INFO - Sync 1 DAGs
[2023-11-08T22:33:21.825+0000] {logging_mixin.py:154} INFO - [2023-11-08T22:33:21.824+0000] {dag.py:3722} INFO - Setting next_dagrun for example_task_group to 2023-11-07T22:33:21.824785+00:00, run_after=2023-11-08T22:33:21.824785+00:00
[2023-11-08T22:33:21.834+0000] {processor.py:179} INFO - Processing /home/airflow/.local/lib/python3.8/site-packages/airflow/example_dags/example_task_group.py took 0.041 seconds
[2023-11-08T22:33:51.874+0000] {processor.py:157} INFO - Started process (PID=758) to work on /home/airflow/.local/lib/python3.8/site-packages/airflow/example_dags/example_task_group.py
[2023-11-08T22:33:51.874+0000] {processor.py:829} INFO - Processing file /home/airflow/.local/lib/python3.8/site-packages/airflow/example_dags/example_task_group.py for tasks to queue
[2023-11-08T22:33:51.875+0000] {logging_mixin.py:154} INFO - [2023-11-08T22:33:51.875+0000] {dagbag.py:536} INFO - Filling up the DagBag from /home/airflow/.local/lib/python3.8/site-packages/airflow/example_dags/example_task_group.py
[2023-11-08T22:33:51.880+0000] {processor.py:839} INFO - DAG(s) dict_keys(['example_task_group']) retrieved from /home/airflow/.local/lib/python3.8/site-packages/airflow/example_dags/example_task_group.py
[2023-11-08T22:33:51.894+0000] {logging_mixin.py:154} INFO - [2023-11-08T22:33:51.894+0000] {dag.py:2941} INFO - Sync 1 DAGs
[2023-11-08T22:33:51.906+0000] {logging_mixin.py:154} INFO - [2023-11-08T22:33:51.906+0000] {dag.py:3722} INFO - Setting next_dagrun for example_task_group to 2023-11-07T22:33:51.906604+00:00, run_after=2023-11-08T22:33:51.906604+00:00
[2023-11-08T22:33:51.916+0000] {processor.py:179} INFO - Processing /home/airflow/.local/lib/python3.8/site-packages/airflow/example_dags/example_task_group.py took 0.044 seconds
[2023-11-08T22:34:22.483+0000] {processor.py:157} INFO - Started process (PID=813) to work on /home/airflow/.local/lib/python3.8/site-packages/airflow/example_dags/example_task_group.py
[2023-11-08T22:34:22.484+0000] {processor.py:829} INFO - Processing file /home/airflow/.local/lib/python3.8/site-packages/airflow/example_dags/example_task_group.py for tasks to queue
[2023-11-08T22:34:22.485+0000] {logging_mixin.py:154} INFO - [2023-11-08T22:34:22.485+0000] {dagbag.py:536} INFO - Filling up the DagBag from /home/airflow/.local/lib/python3.8/site-packages/airflow/example_dags/example_task_group.py
[2023-11-08T22:34:22.490+0000] {processor.py:839} INFO - DAG(s) dict_keys(['example_task_group']) retrieved from /home/airflow/.local/lib/python3.8/site-packages/airflow/example_dags/example_task_group.py
[2023-11-08T22:34:22.504+0000] {logging_mixin.py:154} INFO - [2023-11-08T22:34:22.504+0000] {dag.py:2941} INFO - Sync 1 DAGs
[2023-11-08T22:34:22.516+0000] {logging_mixin.py:154} INFO - [2023-11-08T22:34:22.516+0000] {dag.py:3722} INFO - Setting next_dagrun for example_task_group to 2023-11-07T22:34:22.516637+00:00, run_after=2023-11-08T22:34:22.516637+00:00
[2023-11-08T22:34:22.526+0000] {processor.py:179} INFO - Processing /home/airflow/.local/lib/python3.8/site-packages/airflow/example_dags/example_task_group.py took 0.045 seconds
[2023-11-08T22:34:53.030+0000] {processor.py:157} INFO - Started process (PID=868) to work on /home/airflow/.local/lib/python3.8/site-packages/airflow/example_dags/example_task_group.py
[2023-11-08T22:34:53.030+0000] {processor.py:829} INFO - Processing file /home/airflow/.local/lib/python3.8/site-packages/airflow/example_dags/example_task_group.py for tasks to queue
[2023-11-08T22:34:53.032+0000] {logging_mixin.py:154} INFO - [2023-11-08T22:34:53.031+0000] {dagbag.py:536} INFO - Filling up the DagBag from /home/airflow/.local/lib/python3.8/site-packages/airflow/example_dags/example_task_group.py
[2023-11-08T22:34:53.036+0000] {processor.py:839} INFO - DAG(s) dict_keys(['example_task_group']) retrieved from /home/airflow/.local/lib/python3.8/site-packages/airflow/example_dags/example_task_group.py
[2023-11-08T22:34:53.047+0000] {logging_mixin.py:154} INFO - [2023-11-08T22:34:53.047+0000] {dag.py:2941} INFO - Sync 1 DAGs
[2023-11-08T22:34:53.061+0000] {logging_mixin.py:154} INFO - [2023-11-08T22:34:53.061+0000] {dag.py:3722} INFO - Setting next_dagrun for example_task_group to 2023-11-07T22:34:53.061319+00:00, run_after=2023-11-08T22:34:53.061319+00:00
[2023-11-08T22:34:53.072+0000] {processor.py:179} INFO - Processing /home/airflow/.local/lib/python3.8/site-packages/airflow/example_dags/example_task_group.py took 0.044 seconds
[2023-11-08T22:35:23.837+0000] {processor.py:157} INFO - Started process (PID=923) to work on /home/airflow/.local/lib/python3.8/site-packages/airflow/example_dags/example_task_group.py
[2023-11-08T22:35:23.838+0000] {processor.py:829} INFO - Processing file /home/airflow/.local/lib/python3.8/site-packages/airflow/example_dags/example_task_group.py for tasks to queue
[2023-11-08T22:35:23.839+0000] {logging_mixin.py:154} INFO - [2023-11-08T22:35:23.839+0000] {dagbag.py:536} INFO - Filling up the DagBag from /home/airflow/.local/lib/python3.8/site-packages/airflow/example_dags/example_task_group.py
[2023-11-08T22:35:23.843+0000] {processor.py:839} INFO - DAG(s) dict_keys(['example_task_group']) retrieved from /home/airflow/.local/lib/python3.8/site-packages/airflow/example_dags/example_task_group.py
[2023-11-08T22:35:23.856+0000] {logging_mixin.py:154} INFO - [2023-11-08T22:35:23.855+0000] {dag.py:2941} INFO - Sync 1 DAGs
[2023-11-08T22:35:23.869+0000] {logging_mixin.py:154} INFO - [2023-11-08T22:35:23.869+0000] {dag.py:3722} INFO - Setting next_dagrun for example_task_group to 2023-11-07T22:35:23.869186+00:00, run_after=2023-11-08T22:35:23.869186+00:00
[2023-11-08T22:35:23.879+0000] {processor.py:179} INFO - Processing /home/airflow/.local/lib/python3.8/site-packages/airflow/example_dags/example_task_group.py took 0.044 seconds
[2023-11-08T22:35:54.824+0000] {processor.py:157} INFO - Started process (PID=978) to work on /home/airflow/.local/lib/python3.8/site-packages/airflow/example_dags/example_task_group.py
[2023-11-08T22:35:54.825+0000] {processor.py:829} INFO - Processing file /home/airflow/.local/lib/python3.8/site-packages/airflow/example_dags/example_task_group.py for tasks to queue
[2023-11-08T22:35:54.826+0000] {logging_mixin.py:154} INFO - [2023-11-08T22:35:54.826+0000] {dagbag.py:536} INFO - Filling up the DagBag from /home/airflow/.local/lib/python3.8/site-packages/airflow/example_dags/example_task_group.py
[2023-11-08T22:35:54.830+0000] {processor.py:839} INFO - DAG(s) dict_keys(['example_task_group']) retrieved from /home/airflow/.local/lib/python3.8/site-packages/airflow/example_dags/example_task_group.py
[2023-11-08T22:35:54.844+0000] {logging_mixin.py:154} INFO - [2023-11-08T22:35:54.844+0000] {dag.py:2941} INFO - Sync 1 DAGs
[2023-11-08T22:35:54.859+0000] {logging_mixin.py:154} INFO - [2023-11-08T22:35:54.859+0000] {dag.py:3722} INFO - Setting next_dagrun for example_task_group to 2023-11-07T22:35:54.859160+00:00, run_after=2023-11-08T22:35:54.859160+00:00
[2023-11-08T22:35:54.871+0000] {processor.py:179} INFO - Processing /home/airflow/.local/lib/python3.8/site-packages/airflow/example_dags/example_task_group.py took 0.048 seconds
[2023-11-08T22:36:25.425+0000] {processor.py:157} INFO - Started process (PID=1033) to work on /home/airflow/.local/lib/python3.8/site-packages/airflow/example_dags/example_task_group.py
[2023-11-08T22:36:25.425+0000] {processor.py:829} INFO - Processing file /home/airflow/.local/lib/python3.8/site-packages/airflow/example_dags/example_task_group.py for tasks to queue
[2023-11-08T22:36:25.426+0000] {logging_mixin.py:154} INFO - [2023-11-08T22:36:25.426+0000] {dagbag.py:536} INFO - Filling up the DagBag from /home/airflow/.local/lib/python3.8/site-packages/airflow/example_dags/example_task_group.py
[2023-11-08T22:36:25.431+0000] {processor.py:839} INFO - DAG(s) dict_keys(['example_task_group']) retrieved from /home/airflow/.local/lib/python3.8/site-packages/airflow/example_dags/example_task_group.py
[2023-11-08T22:36:25.444+0000] {logging_mixin.py:154} INFO - [2023-11-08T22:36:25.444+0000] {dag.py:2941} INFO - Sync 1 DAGs
[2023-11-08T22:36:25.459+0000] {logging_mixin.py:154} INFO - [2023-11-08T22:36:25.459+0000] {dag.py:3722} INFO - Setting next_dagrun for example_task_group to 2023-11-07T22:36:25.459213+00:00, run_after=2023-11-08T22:36:25.459213+00:00
[2023-11-08T22:36:25.469+0000] {processor.py:179} INFO - Processing /home/airflow/.local/lib/python3.8/site-packages/airflow/example_dags/example_task_group.py took 0.046 seconds
[2023-11-08T22:36:56.037+0000] {processor.py:157} INFO - Started process (PID=1089) to work on /home/airflow/.local/lib/python3.8/site-packages/airflow/example_dags/example_task_group.py
[2023-11-08T22:36:56.038+0000] {processor.py:829} INFO - Processing file /home/airflow/.local/lib/python3.8/site-packages/airflow/example_dags/example_task_group.py for tasks to queue
[2023-11-08T22:36:56.039+0000] {logging_mixin.py:154} INFO - [2023-11-08T22:36:56.039+0000] {dagbag.py:536} INFO - Filling up the DagBag from /home/airflow/.local/lib/python3.8/site-packages/airflow/example_dags/example_task_group.py
[2023-11-08T22:36:56.043+0000] {processor.py:839} INFO - DAG(s) dict_keys(['example_task_group']) retrieved from /home/airflow/.local/lib/python3.8/site-packages/airflow/example_dags/example_task_group.py
[2023-11-08T22:36:56.061+0000] {logging_mixin.py:154} INFO - [2023-11-08T22:36:56.061+0000] {dag.py:2941} INFO - Sync 1 DAGs
[2023-11-08T22:36:56.080+0000] {logging_mixin.py:154} INFO - [2023-11-08T22:36:56.079+0000] {dag.py:3722} INFO - Setting next_dagrun for example_task_group to 2023-11-07T22:36:56.079610+00:00, run_after=2023-11-08T22:36:56.079610+00:00
[2023-11-08T22:36:56.093+0000] {processor.py:179} INFO - Processing /home/airflow/.local/lib/python3.8/site-packages/airflow/example_dags/example_task_group.py took 0.057 seconds
[2023-11-08T22:37:26.866+0000] {processor.py:157} INFO - Started process (PID=1144) to work on /home/airflow/.local/lib/python3.8/site-packages/airflow/example_dags/example_task_group.py
[2023-11-08T22:37:26.867+0000] {processor.py:829} INFO - Processing file /home/airflow/.local/lib/python3.8/site-packages/airflow/example_dags/example_task_group.py for tasks to queue
[2023-11-08T22:37:26.870+0000] {logging_mixin.py:154} INFO - [2023-11-08T22:37:26.869+0000] {dagbag.py:536} INFO - Filling up the DagBag from /home/airflow/.local/lib/python3.8/site-packages/airflow/example_dags/example_task_group.py
[2023-11-08T22:37:26.875+0000] {processor.py:839} INFO - DAG(s) dict_keys(['example_task_group']) retrieved from /home/airflow/.local/lib/python3.8/site-packages/airflow/example_dags/example_task_group.py
[2023-11-08T22:37:26.892+0000] {logging_mixin.py:154} INFO - [2023-11-08T22:37:26.892+0000] {dag.py:2941} INFO - Sync 1 DAGs
[2023-11-08T22:37:26.912+0000] {logging_mixin.py:154} INFO - [2023-11-08T22:37:26.912+0000] {dag.py:3722} INFO - Setting next_dagrun for example_task_group to 2023-11-07T22:37:26.911872+00:00, run_after=2023-11-08T22:37:26.911872+00:00
[2023-11-08T22:37:26.929+0000] {processor.py:179} INFO - Processing /home/airflow/.local/lib/python3.8/site-packages/airflow/example_dags/example_task_group.py took 0.066 seconds
[2023-11-08T22:37:57.429+0000] {processor.py:157} INFO - Started process (PID=1199) to work on /home/airflow/.local/lib/python3.8/site-packages/airflow/example_dags/example_task_group.py
[2023-11-08T22:37:57.429+0000] {processor.py:829} INFO - Processing file /home/airflow/.local/lib/python3.8/site-packages/airflow/example_dags/example_task_group.py for tasks to queue
[2023-11-08T22:37:57.430+0000] {logging_mixin.py:154} INFO - [2023-11-08T22:37:57.430+0000] {dagbag.py:536} INFO - Filling up the DagBag from /home/airflow/.local/lib/python3.8/site-packages/airflow/example_dags/example_task_group.py
[2023-11-08T22:37:57.434+0000] {processor.py:839} INFO - DAG(s) dict_keys(['example_task_group']) retrieved from /home/airflow/.local/lib/python3.8/site-packages/airflow/example_dags/example_task_group.py
[2023-11-08T22:37:57.446+0000] {logging_mixin.py:154} INFO - [2023-11-08T22:37:57.446+0000] {dag.py:2941} INFO - Sync 1 DAGs
[2023-11-08T22:37:57.458+0000] {logging_mixin.py:154} INFO - [2023-11-08T22:37:57.458+0000] {dag.py:3722} INFO - Setting next_dagrun for example_task_group to 2023-11-07T22:37:57.458435+00:00, run_after=2023-11-08T22:37:57.458435+00:00
[2023-11-08T22:37:57.467+0000] {processor.py:179} INFO - Processing /home/airflow/.local/lib/python3.8/site-packages/airflow/example_dags/example_task_group.py took 0.040 seconds
[2023-11-08T22:38:27.983+0000] {processor.py:157} INFO - Started process (PID=1254) to work on /home/airflow/.local/lib/python3.8/site-packages/airflow/example_dags/example_task_group.py
[2023-11-08T22:38:27.984+0000] {processor.py:829} INFO - Processing file /home/airflow/.local/lib/python3.8/site-packages/airflow/example_dags/example_task_group.py for tasks to queue
[2023-11-08T22:38:27.985+0000] {logging_mixin.py:154} INFO - [2023-11-08T22:38:27.985+0000] {dagbag.py:536} INFO - Filling up the DagBag from /home/airflow/.local/lib/python3.8/site-packages/airflow/example_dags/example_task_group.py
[2023-11-08T22:38:27.989+0000] {processor.py:839} INFO - DAG(s) dict_keys(['example_task_group']) retrieved from /home/airflow/.local/lib/python3.8/site-packages/airflow/example_dags/example_task_group.py
[2023-11-08T22:38:28.001+0000] {logging_mixin.py:154} INFO - [2023-11-08T22:38:28.001+0000] {dag.py:2941} INFO - Sync 1 DAGs
[2023-11-08T22:38:28.013+0000] {logging_mixin.py:154} INFO - [2023-11-08T22:38:28.013+0000] {dag.py:3722} INFO - Setting next_dagrun for example_task_group to 2023-11-07T22:38:28.013283+00:00, run_after=2023-11-08T22:38:28.013283+00:00
[2023-11-08T22:38:28.022+0000] {processor.py:179} INFO - Processing /home/airflow/.local/lib/python3.8/site-packages/airflow/example_dags/example_task_group.py took 0.041 seconds
[2023-11-08T22:38:58.617+0000] {processor.py:157} INFO - Started process (PID=1310) to work on /home/airflow/.local/lib/python3.8/site-packages/airflow/example_dags/example_task_group.py
[2023-11-08T22:38:58.617+0000] {processor.py:829} INFO - Processing file /home/airflow/.local/lib/python3.8/site-packages/airflow/example_dags/example_task_group.py for tasks to queue
[2023-11-08T22:38:58.619+0000] {logging_mixin.py:154} INFO - [2023-11-08T22:38:58.618+0000] {dagbag.py:536} INFO - Filling up the DagBag from /home/airflow/.local/lib/python3.8/site-packages/airflow/example_dags/example_task_group.py
[2023-11-08T22:38:58.623+0000] {processor.py:839} INFO - DAG(s) dict_keys(['example_task_group']) retrieved from /home/airflow/.local/lib/python3.8/site-packages/airflow/example_dags/example_task_group.py
[2023-11-08T22:38:58.640+0000] {logging_mixin.py:154} INFO - [2023-11-08T22:38:58.640+0000] {dag.py:2941} INFO - Sync 1 DAGs
[2023-11-08T22:38:58.658+0000] {logging_mixin.py:154} INFO - [2023-11-08T22:38:58.657+0000] {dag.py:3722} INFO - Setting next_dagrun for example_task_group to 2023-11-07T22:38:58.657643+00:00, run_after=2023-11-08T22:38:58.657643+00:00
[2023-11-08T22:38:58.668+0000] {processor.py:179} INFO - Processing /home/airflow/.local/lib/python3.8/site-packages/airflow/example_dags/example_task_group.py took 0.053 seconds
[2023-11-08T22:39:29.177+0000] {processor.py:157} INFO - Started process (PID=1366) to work on /home/airflow/.local/lib/python3.8/site-packages/airflow/example_dags/example_task_group.py
[2023-11-08T22:39:29.177+0000] {processor.py:829} INFO - Processing file /home/airflow/.local/lib/python3.8/site-packages/airflow/example_dags/example_task_group.py for tasks to queue
[2023-11-08T22:39:29.178+0000] {logging_mixin.py:154} INFO - [2023-11-08T22:39:29.178+0000] {dagbag.py:536} INFO - Filling up the DagBag from /home/airflow/.local/lib/python3.8/site-packages/airflow/example_dags/example_task_group.py
[2023-11-08T22:39:29.183+0000] {processor.py:839} INFO - DAG(s) dict_keys(['example_task_group']) retrieved from /home/airflow/.local/lib/python3.8/site-packages/airflow/example_dags/example_task_group.py
[2023-11-08T22:39:29.195+0000] {logging_mixin.py:154} INFO - [2023-11-08T22:39:29.195+0000] {dag.py:2941} INFO - Sync 1 DAGs
[2023-11-08T22:39:29.208+0000] {logging_mixin.py:154} INFO - [2023-11-08T22:39:29.208+0000] {dag.py:3722} INFO - Setting next_dagrun for example_task_group to 2023-11-07T22:39:29.208583+00:00, run_after=2023-11-08T22:39:29.208583+00:00
[2023-11-08T22:39:29.217+0000] {processor.py:179} INFO - Processing /home/airflow/.local/lib/python3.8/site-packages/airflow/example_dags/example_task_group.py took 0.042 seconds
[2023-11-08T22:39:59.813+0000] {processor.py:157} INFO - Started process (PID=1421) to work on /home/airflow/.local/lib/python3.8/site-packages/airflow/example_dags/example_task_group.py
[2023-11-08T22:39:59.813+0000] {processor.py:829} INFO - Processing file /home/airflow/.local/lib/python3.8/site-packages/airflow/example_dags/example_task_group.py for tasks to queue
[2023-11-08T22:39:59.814+0000] {logging_mixin.py:154} INFO - [2023-11-08T22:39:59.814+0000] {dagbag.py:536} INFO - Filling up the DagBag from /home/airflow/.local/lib/python3.8/site-packages/airflow/example_dags/example_task_group.py
[2023-11-08T22:39:59.819+0000] {processor.py:839} INFO - DAG(s) dict_keys(['example_task_group']) retrieved from /home/airflow/.local/lib/python3.8/site-packages/airflow/example_dags/example_task_group.py
[2023-11-08T22:39:59.831+0000] {logging_mixin.py:154} INFO - [2023-11-08T22:39:59.831+0000] {dag.py:2941} INFO - Sync 1 DAGs
[2023-11-08T22:39:59.843+0000] {logging_mixin.py:154} INFO - [2023-11-08T22:39:59.843+0000] {dag.py:3722} INFO - Setting next_dagrun for example_task_group to 2023-11-07T22:39:59.842969+00:00, run_after=2023-11-08T22:39:59.842969+00:00
[2023-11-08T22:39:59.852+0000] {processor.py:179} INFO - Processing /home/airflow/.local/lib/python3.8/site-packages/airflow/example_dags/example_task_group.py took 0.041 seconds
[2023-11-08T22:40:30.405+0000] {processor.py:157} INFO - Started process (PID=1476) to work on /home/airflow/.local/lib/python3.8/site-packages/airflow/example_dags/example_task_group.py
[2023-11-08T22:40:30.405+0000] {processor.py:829} INFO - Processing file /home/airflow/.local/lib/python3.8/site-packages/airflow/example_dags/example_task_group.py for tasks to queue
[2023-11-08T22:40:30.406+0000] {logging_mixin.py:154} INFO - [2023-11-08T22:40:30.406+0000] {dagbag.py:536} INFO - Filling up the DagBag from /home/airflow/.local/lib/python3.8/site-packages/airflow/example_dags/example_task_group.py
[2023-11-08T22:40:30.410+0000] {processor.py:839} INFO - DAG(s) dict_keys(['example_task_group']) retrieved from /home/airflow/.local/lib/python3.8/site-packages/airflow/example_dags/example_task_group.py
[2023-11-08T22:40:30.423+0000] {logging_mixin.py:154} INFO - [2023-11-08T22:40:30.423+0000] {dag.py:2941} INFO - Sync 1 DAGs
[2023-11-08T22:40:30.435+0000] {logging_mixin.py:154} INFO - [2023-11-08T22:40:30.435+0000] {dag.py:3722} INFO - Setting next_dagrun for example_task_group to 2023-11-07T22:40:30.435287+00:00, run_after=2023-11-08T22:40:30.435287+00:00
[2023-11-08T22:40:30.444+0000] {processor.py:179} INFO - Processing /home/airflow/.local/lib/python3.8/site-packages/airflow/example_dags/example_task_group.py took 0.041 seconds
[2023-11-08T22:41:00.919+0000] {processor.py:157} INFO - Started process (PID=1531) to work on /home/airflow/.local/lib/python3.8/site-packages/airflow/example_dags/example_task_group.py
[2023-11-08T22:41:00.920+0000] {processor.py:829} INFO - Processing file /home/airflow/.local/lib/python3.8/site-packages/airflow/example_dags/example_task_group.py for tasks to queue
[2023-11-08T22:41:00.921+0000] {logging_mixin.py:154} INFO - [2023-11-08T22:41:00.921+0000] {dagbag.py:536} INFO - Filling up the DagBag from /home/airflow/.local/lib/python3.8/site-packages/airflow/example_dags/example_task_group.py
[2023-11-08T22:41:00.927+0000] {processor.py:839} INFO - DAG(s) dict_keys(['example_task_group']) retrieved from /home/airflow/.local/lib/python3.8/site-packages/airflow/example_dags/example_task_group.py
[2023-11-08T22:41:00.942+0000] {logging_mixin.py:154} INFO - [2023-11-08T22:41:00.942+0000] {dag.py:2941} INFO - Sync 1 DAGs
[2023-11-08T22:41:00.956+0000] {logging_mixin.py:154} INFO - [2023-11-08T22:41:00.955+0000] {dag.py:3722} INFO - Setting next_dagrun for example_task_group to 2023-11-07T22:41:00.955697+00:00, run_after=2023-11-08T22:41:00.955697+00:00
[2023-11-08T22:41:00.966+0000] {processor.py:179} INFO - Processing /home/airflow/.local/lib/python3.8/site-packages/airflow/example_dags/example_task_group.py took 0.049 seconds
[2023-11-08T22:41:31.585+0000] {processor.py:157} INFO - Started process (PID=1586) to work on /home/airflow/.local/lib/python3.8/site-packages/airflow/example_dags/example_task_group.py
[2023-11-08T22:41:31.586+0000] {processor.py:829} INFO - Processing file /home/airflow/.local/lib/python3.8/site-packages/airflow/example_dags/example_task_group.py for tasks to queue
[2023-11-08T22:41:31.587+0000] {logging_mixin.py:154} INFO - [2023-11-08T22:41:31.587+0000] {dagbag.py:536} INFO - Filling up the DagBag from /home/airflow/.local/lib/python3.8/site-packages/airflow/example_dags/example_task_group.py
[2023-11-08T22:41:31.591+0000] {processor.py:839} INFO - DAG(s) dict_keys(['example_task_group']) retrieved from /home/airflow/.local/lib/python3.8/site-packages/airflow/example_dags/example_task_group.py
[2023-11-08T22:41:31.603+0000] {logging_mixin.py:154} INFO - [2023-11-08T22:41:31.603+0000] {dag.py:2941} INFO - Sync 1 DAGs
[2023-11-08T22:41:31.615+0000] {logging_mixin.py:154} INFO - [2023-11-08T22:41:31.615+0000] {dag.py:3722} INFO - Setting next_dagrun for example_task_group to 2023-11-07T22:41:31.615457+00:00, run_after=2023-11-08T22:41:31.615457+00:00
[2023-11-08T22:41:31.626+0000] {processor.py:179} INFO - Processing /home/airflow/.local/lib/python3.8/site-packages/airflow/example_dags/example_task_group.py took 0.043 seconds
[2023-11-08T22:42:02.230+0000] {processor.py:157} INFO - Started process (PID=1642) to work on /home/airflow/.local/lib/python3.8/site-packages/airflow/example_dags/example_task_group.py
[2023-11-08T22:42:02.230+0000] {processor.py:829} INFO - Processing file /home/airflow/.local/lib/python3.8/site-packages/airflow/example_dags/example_task_group.py for tasks to queue
[2023-11-08T22:42:02.232+0000] {logging_mixin.py:154} INFO - [2023-11-08T22:42:02.231+0000] {dagbag.py:536} INFO - Filling up the DagBag from /home/airflow/.local/lib/python3.8/site-packages/airflow/example_dags/example_task_group.py
[2023-11-08T22:42:02.235+0000] {processor.py:839} INFO - DAG(s) dict_keys(['example_task_group']) retrieved from /home/airflow/.local/lib/python3.8/site-packages/airflow/example_dags/example_task_group.py
[2023-11-08T22:42:02.248+0000] {logging_mixin.py:154} INFO - [2023-11-08T22:42:02.248+0000] {dag.py:2941} INFO - Sync 1 DAGs
[2023-11-08T22:42:02.260+0000] {logging_mixin.py:154} INFO - [2023-11-08T22:42:02.260+0000] {dag.py:3722} INFO - Setting next_dagrun for example_task_group to 2023-11-07T22:42:02.260680+00:00, run_after=2023-11-08T22:42:02.260680+00:00
[2023-11-08T22:42:02.271+0000] {processor.py:179} INFO - Processing /home/airflow/.local/lib/python3.8/site-packages/airflow/example_dags/example_task_group.py took 0.043 seconds
[2023-11-08T22:42:32.780+0000] {processor.py:157} INFO - Started process (PID=1697) to work on /home/airflow/.local/lib/python3.8/site-packages/airflow/example_dags/example_task_group.py
[2023-11-08T22:42:32.781+0000] {processor.py:829} INFO - Processing file /home/airflow/.local/lib/python3.8/site-packages/airflow/example_dags/example_task_group.py for tasks to queue
[2023-11-08T22:42:32.782+0000] {logging_mixin.py:154} INFO - [2023-11-08T22:42:32.782+0000] {dagbag.py:536} INFO - Filling up the DagBag from /home/airflow/.local/lib/python3.8/site-packages/airflow/example_dags/example_task_group.py
[2023-11-08T22:42:32.787+0000] {processor.py:839} INFO - DAG(s) dict_keys(['example_task_group']) retrieved from /home/airflow/.local/lib/python3.8/site-packages/airflow/example_dags/example_task_group.py
[2023-11-08T22:42:32.799+0000] {logging_mixin.py:154} INFO - [2023-11-08T22:42:32.799+0000] {dag.py:2941} INFO - Sync 1 DAGs
[2023-11-08T22:42:32.812+0000] {logging_mixin.py:154} INFO - [2023-11-08T22:42:32.811+0000] {dag.py:3722} INFO - Setting next_dagrun for example_task_group to 2023-11-07T22:42:32.811867+00:00, run_after=2023-11-08T22:42:32.811867+00:00
[2023-11-08T22:42:32.822+0000] {processor.py:179} INFO - Processing /home/airflow/.local/lib/python3.8/site-packages/airflow/example_dags/example_task_group.py took 0.043 seconds
[2023-11-08T22:43:03.404+0000] {processor.py:157} INFO - Started process (PID=1752) to work on /home/airflow/.local/lib/python3.8/site-packages/airflow/example_dags/example_task_group.py
[2023-11-08T22:43:03.405+0000] {processor.py:829} INFO - Processing file /home/airflow/.local/lib/python3.8/site-packages/airflow/example_dags/example_task_group.py for tasks to queue
[2023-11-08T22:43:03.406+0000] {logging_mixin.py:154} INFO - [2023-11-08T22:43:03.406+0000] {dagbag.py:536} INFO - Filling up the DagBag from /home/airflow/.local/lib/python3.8/site-packages/airflow/example_dags/example_task_group.py
[2023-11-08T22:43:03.411+0000] {processor.py:839} INFO - DAG(s) dict_keys(['example_task_group']) retrieved from /home/airflow/.local/lib/python3.8/site-packages/airflow/example_dags/example_task_group.py
[2023-11-08T22:43:03.425+0000] {logging_mixin.py:154} INFO - [2023-11-08T22:43:03.425+0000] {dag.py:2941} INFO - Sync 1 DAGs
[2023-11-08T22:43:03.440+0000] {logging_mixin.py:154} INFO - [2023-11-08T22:43:03.440+0000] {dag.py:3722} INFO - Setting next_dagrun for example_task_group to 2023-11-07T22:43:03.440490+00:00, run_after=2023-11-08T22:43:03.440490+00:00
[2023-11-08T22:43:03.450+0000] {processor.py:179} INFO - Processing /home/airflow/.local/lib/python3.8/site-packages/airflow/example_dags/example_task_group.py took 0.048 seconds
[2023-11-08T22:43:38.053+0000] {processor.py:157} INFO - Started process (PID=52) to work on /home/airflow/.local/lib/python3.8/site-packages/airflow/example_dags/example_task_group.py
[2023-11-08T22:43:38.054+0000] {processor.py:829} INFO - Processing file /home/airflow/.local/lib/python3.8/site-packages/airflow/example_dags/example_task_group.py for tasks to queue
[2023-11-08T22:43:38.055+0000] {logging_mixin.py:154} INFO - [2023-11-08T22:43:38.055+0000] {dagbag.py:536} INFO - Filling up the DagBag from /home/airflow/.local/lib/python3.8/site-packages/airflow/example_dags/example_task_group.py
[2023-11-08T22:43:38.061+0000] {processor.py:839} INFO - DAG(s) dict_keys(['example_task_group']) retrieved from /home/airflow/.local/lib/python3.8/site-packages/airflow/example_dags/example_task_group.py
[2023-11-08T22:43:38.068+0000] {logging_mixin.py:154} INFO - [2023-11-08T22:43:38.068+0000] {dag.py:2941} INFO - Sync 1 DAGs
[2023-11-08T22:43:38.083+0000] {logging_mixin.py:154} INFO - [2023-11-08T22:43:38.082+0000] {dag.py:3722} INFO - Setting next_dagrun for example_task_group to 2023-11-07T22:43:38.082765+00:00, run_after=2023-11-08T22:43:38.082765+00:00
[2023-11-08T22:43:38.098+0000] {processor.py:179} INFO - Processing /home/airflow/.local/lib/python3.8/site-packages/airflow/example_dags/example_task_group.py took 0.046 seconds
