[2023-11-08T22:09:15.312+0000] {processor.py:157} INFO - Started process (PID=37) to work on /home/airflow/.local/lib/python3.8/site-packages/airflow/example_dags/example_setup_teardown_taskflow.py
[2023-11-08T22:09:15.312+0000] {processor.py:829} INFO - Processing file /home/airflow/.local/lib/python3.8/site-packages/airflow/example_dags/example_setup_teardown_taskflow.py for tasks to queue
[2023-11-08T22:09:15.314+0000] {logging_mixin.py:154} INFO - [2023-11-08T22:09:15.313+0000] {dagbag.py:536} INFO - Filling up the DagBag from /home/airflow/.local/lib/python3.8/site-packages/airflow/example_dags/example_setup_teardown_taskflow.py
[2023-11-08T22:09:15.321+0000] {processor.py:839} INFO - DAG(s) dict_keys(['example_setup_teardown_taskflow']) retrieved from /home/airflow/.local/lib/python3.8/site-packages/airflow/example_dags/example_setup_teardown_taskflow.py
[2023-11-08T22:09:15.331+0000] {logging_mixin.py:154} INFO - [2023-11-08T22:09:15.330+0000] {dag.py:2941} INFO - Sync 1 DAGs
[2023-11-08T22:09:15.352+0000] {logging_mixin.py:154} INFO - [2023-11-08T22:09:15.351+0000] {dag.py:3722} INFO - Setting next_dagrun for example_setup_teardown_taskflow to 2023-11-07T22:09:15.351668+00:00, run_after=2023-11-08T22:09:15.351668+00:00
[2023-11-08T22:09:15.366+0000] {processor.py:179} INFO - Processing /home/airflow/.local/lib/python3.8/site-packages/airflow/example_dags/example_setup_teardown_taskflow.py took 0.057 seconds
[2023-11-08T22:09:46.052+0000] {processor.py:157} INFO - Started process (PID=92) to work on /home/airflow/.local/lib/python3.8/site-packages/airflow/example_dags/example_setup_teardown_taskflow.py
[2023-11-08T22:09:46.053+0000] {processor.py:829} INFO - Processing file /home/airflow/.local/lib/python3.8/site-packages/airflow/example_dags/example_setup_teardown_taskflow.py for tasks to queue
[2023-11-08T22:09:46.054+0000] {logging_mixin.py:154} INFO - [2023-11-08T22:09:46.054+0000] {dagbag.py:536} INFO - Filling up the DagBag from /home/airflow/.local/lib/python3.8/site-packages/airflow/example_dags/example_setup_teardown_taskflow.py
[2023-11-08T22:09:46.059+0000] {processor.py:839} INFO - DAG(s) dict_keys(['example_setup_teardown_taskflow']) retrieved from /home/airflow/.local/lib/python3.8/site-packages/airflow/example_dags/example_setup_teardown_taskflow.py
[2023-11-08T22:09:46.072+0000] {logging_mixin.py:154} INFO - [2023-11-08T22:09:46.072+0000] {dag.py:2941} INFO - Sync 1 DAGs
[2023-11-08T22:09:46.087+0000] {logging_mixin.py:154} INFO - [2023-11-08T22:09:46.087+0000] {dag.py:3722} INFO - Setting next_dagrun for example_setup_teardown_taskflow to 2023-11-07T22:09:46.087134+00:00, run_after=2023-11-08T22:09:46.087134+00:00
[2023-11-08T22:09:46.101+0000] {processor.py:179} INFO - Processing /home/airflow/.local/lib/python3.8/site-packages/airflow/example_dags/example_setup_teardown_taskflow.py took 0.050 seconds
[2023-11-08T22:11:49.606+0000] {processor.py:157} INFO - Started process (PID=37) to work on /home/airflow/.local/lib/python3.8/site-packages/airflow/example_dags/example_setup_teardown_taskflow.py
[2023-11-08T22:11:49.606+0000] {processor.py:829} INFO - Processing file /home/airflow/.local/lib/python3.8/site-packages/airflow/example_dags/example_setup_teardown_taskflow.py for tasks to queue
[2023-11-08T22:11:49.608+0000] {logging_mixin.py:154} INFO - [2023-11-08T22:11:49.608+0000] {dagbag.py:536} INFO - Filling up the DagBag from /home/airflow/.local/lib/python3.8/site-packages/airflow/example_dags/example_setup_teardown_taskflow.py
[2023-11-08T22:11:49.618+0000] {processor.py:839} INFO - DAG(s) dict_keys(['example_setup_teardown_taskflow']) retrieved from /home/airflow/.local/lib/python3.8/site-packages/airflow/example_dags/example_setup_teardown_taskflow.py
[2023-11-08T22:11:49.626+0000] {logging_mixin.py:154} INFO - [2023-11-08T22:11:49.626+0000] {dag.py:2941} INFO - Sync 1 DAGs
[2023-11-08T22:11:49.645+0000] {logging_mixin.py:154} INFO - [2023-11-08T22:11:49.645+0000] {dag.py:3722} INFO - Setting next_dagrun for example_setup_teardown_taskflow to 2023-11-07T22:11:49.645391+00:00, run_after=2023-11-08T22:11:49.645391+00:00
[2023-11-08T22:11:49.657+0000] {processor.py:179} INFO - Processing /home/airflow/.local/lib/python3.8/site-packages/airflow/example_dags/example_setup_teardown_taskflow.py took 0.054 seconds
[2023-11-08T22:12:19.750+0000] {processor.py:157} INFO - Started process (PID=91) to work on /home/airflow/.local/lib/python3.8/site-packages/airflow/example_dags/example_setup_teardown_taskflow.py
[2023-11-08T22:12:19.751+0000] {processor.py:829} INFO - Processing file /home/airflow/.local/lib/python3.8/site-packages/airflow/example_dags/example_setup_teardown_taskflow.py for tasks to queue
[2023-11-08T22:12:19.752+0000] {logging_mixin.py:154} INFO - [2023-11-08T22:12:19.752+0000] {dagbag.py:536} INFO - Filling up the DagBag from /home/airflow/.local/lib/python3.8/site-packages/airflow/example_dags/example_setup_teardown_taskflow.py
[2023-11-08T22:12:19.757+0000] {processor.py:839} INFO - DAG(s) dict_keys(['example_setup_teardown_taskflow']) retrieved from /home/airflow/.local/lib/python3.8/site-packages/airflow/example_dags/example_setup_teardown_taskflow.py
[2023-11-08T22:12:19.769+0000] {logging_mixin.py:154} INFO - [2023-11-08T22:12:19.769+0000] {dag.py:2941} INFO - Sync 1 DAGs
[2023-11-08T22:12:19.782+0000] {logging_mixin.py:154} INFO - [2023-11-08T22:12:19.782+0000] {dag.py:3722} INFO - Setting next_dagrun for example_setup_teardown_taskflow to 2023-11-07T22:12:19.782479+00:00, run_after=2023-11-08T22:12:19.782479+00:00
[2023-11-08T22:12:19.793+0000] {processor.py:179} INFO - Processing /home/airflow/.local/lib/python3.8/site-packages/airflow/example_dags/example_setup_teardown_taskflow.py took 0.045 seconds
[2023-11-08T22:12:49.899+0000] {processor.py:157} INFO - Started process (PID=145) to work on /home/airflow/.local/lib/python3.8/site-packages/airflow/example_dags/example_setup_teardown_taskflow.py
[2023-11-08T22:12:49.899+0000] {processor.py:829} INFO - Processing file /home/airflow/.local/lib/python3.8/site-packages/airflow/example_dags/example_setup_teardown_taskflow.py for tasks to queue
[2023-11-08T22:12:49.900+0000] {logging_mixin.py:154} INFO - [2023-11-08T22:12:49.900+0000] {dagbag.py:536} INFO - Filling up the DagBag from /home/airflow/.local/lib/python3.8/site-packages/airflow/example_dags/example_setup_teardown_taskflow.py
[2023-11-08T22:12:49.906+0000] {processor.py:839} INFO - DAG(s) dict_keys(['example_setup_teardown_taskflow']) retrieved from /home/airflow/.local/lib/python3.8/site-packages/airflow/example_dags/example_setup_teardown_taskflow.py
[2023-11-08T22:12:49.920+0000] {logging_mixin.py:154} INFO - [2023-11-08T22:12:49.920+0000] {dag.py:2941} INFO - Sync 1 DAGs
[2023-11-08T22:12:49.933+0000] {logging_mixin.py:154} INFO - [2023-11-08T22:12:49.932+0000] {dag.py:3722} INFO - Setting next_dagrun for example_setup_teardown_taskflow to 2023-11-07T22:12:49.932843+00:00, run_after=2023-11-08T22:12:49.932843+00:00
[2023-11-08T22:12:49.942+0000] {processor.py:179} INFO - Processing /home/airflow/.local/lib/python3.8/site-packages/airflow/example_dags/example_setup_teardown_taskflow.py took 0.046 seconds
[2023-11-08T22:13:20.516+0000] {processor.py:157} INFO - Started process (PID=199) to work on /home/airflow/.local/lib/python3.8/site-packages/airflow/example_dags/example_setup_teardown_taskflow.py
[2023-11-08T22:13:20.516+0000] {processor.py:829} INFO - Processing file /home/airflow/.local/lib/python3.8/site-packages/airflow/example_dags/example_setup_teardown_taskflow.py for tasks to queue
[2023-11-08T22:13:20.517+0000] {logging_mixin.py:154} INFO - [2023-11-08T22:13:20.517+0000] {dagbag.py:536} INFO - Filling up the DagBag from /home/airflow/.local/lib/python3.8/site-packages/airflow/example_dags/example_setup_teardown_taskflow.py
[2023-11-08T22:13:20.523+0000] {processor.py:839} INFO - DAG(s) dict_keys(['example_setup_teardown_taskflow']) retrieved from /home/airflow/.local/lib/python3.8/site-packages/airflow/example_dags/example_setup_teardown_taskflow.py
[2023-11-08T22:13:20.536+0000] {logging_mixin.py:154} INFO - [2023-11-08T22:13:20.535+0000] {dag.py:2941} INFO - Sync 1 DAGs
[2023-11-08T22:13:20.549+0000] {logging_mixin.py:154} INFO - [2023-11-08T22:13:20.549+0000] {dag.py:3722} INFO - Setting next_dagrun for example_setup_teardown_taskflow to 2023-11-07T22:13:20.549196+00:00, run_after=2023-11-08T22:13:20.549196+00:00
[2023-11-08T22:13:20.560+0000] {processor.py:179} INFO - Processing /home/airflow/.local/lib/python3.8/site-packages/airflow/example_dags/example_setup_teardown_taskflow.py took 0.046 seconds
[2023-11-08T22:13:51.082+0000] {processor.py:157} INFO - Started process (PID=253) to work on /home/airflow/.local/lib/python3.8/site-packages/airflow/example_dags/example_setup_teardown_taskflow.py
[2023-11-08T22:13:51.083+0000] {processor.py:829} INFO - Processing file /home/airflow/.local/lib/python3.8/site-packages/airflow/example_dags/example_setup_teardown_taskflow.py for tasks to queue
[2023-11-08T22:13:51.084+0000] {logging_mixin.py:154} INFO - [2023-11-08T22:13:51.083+0000] {dagbag.py:536} INFO - Filling up the DagBag from /home/airflow/.local/lib/python3.8/site-packages/airflow/example_dags/example_setup_teardown_taskflow.py
[2023-11-08T22:13:51.089+0000] {processor.py:839} INFO - DAG(s) dict_keys(['example_setup_teardown_taskflow']) retrieved from /home/airflow/.local/lib/python3.8/site-packages/airflow/example_dags/example_setup_teardown_taskflow.py
[2023-11-08T22:13:51.102+0000] {logging_mixin.py:154} INFO - [2023-11-08T22:13:51.102+0000] {dag.py:2941} INFO - Sync 1 DAGs
[2023-11-08T22:13:51.115+0000] {logging_mixin.py:154} INFO - [2023-11-08T22:13:51.115+0000] {dag.py:3722} INFO - Setting next_dagrun for example_setup_teardown_taskflow to 2023-11-07T22:13:51.115338+00:00, run_after=2023-11-08T22:13:51.115338+00:00
[2023-11-08T22:13:51.126+0000] {processor.py:179} INFO - Processing /home/airflow/.local/lib/python3.8/site-packages/airflow/example_dags/example_setup_teardown_taskflow.py took 0.046 seconds
[2023-11-08T22:14:21.819+0000] {processor.py:157} INFO - Started process (PID=307) to work on /home/airflow/.local/lib/python3.8/site-packages/airflow/example_dags/example_setup_teardown_taskflow.py
[2023-11-08T22:14:21.819+0000] {processor.py:829} INFO - Processing file /home/airflow/.local/lib/python3.8/site-packages/airflow/example_dags/example_setup_teardown_taskflow.py for tasks to queue
[2023-11-08T22:14:21.820+0000] {logging_mixin.py:154} INFO - [2023-11-08T22:14:21.820+0000] {dagbag.py:536} INFO - Filling up the DagBag from /home/airflow/.local/lib/python3.8/site-packages/airflow/example_dags/example_setup_teardown_taskflow.py
[2023-11-08T22:14:21.826+0000] {processor.py:839} INFO - DAG(s) dict_keys(['example_setup_teardown_taskflow']) retrieved from /home/airflow/.local/lib/python3.8/site-packages/airflow/example_dags/example_setup_teardown_taskflow.py
[2023-11-08T22:14:21.838+0000] {logging_mixin.py:154} INFO - [2023-11-08T22:14:21.838+0000] {dag.py:2941} INFO - Sync 1 DAGs
[2023-11-08T22:14:21.851+0000] {logging_mixin.py:154} INFO - [2023-11-08T22:14:21.850+0000] {dag.py:3722} INFO - Setting next_dagrun for example_setup_teardown_taskflow to 2023-11-07T22:14:21.850810+00:00, run_after=2023-11-08T22:14:21.850810+00:00
[2023-11-08T22:14:21.860+0000] {processor.py:179} INFO - Processing /home/airflow/.local/lib/python3.8/site-packages/airflow/example_dags/example_setup_teardown_taskflow.py took 0.044 seconds
[2023-11-08T22:14:52.398+0000] {processor.py:157} INFO - Started process (PID=361) to work on /home/airflow/.local/lib/python3.8/site-packages/airflow/example_dags/example_setup_teardown_taskflow.py
[2023-11-08T22:14:52.398+0000] {processor.py:829} INFO - Processing file /home/airflow/.local/lib/python3.8/site-packages/airflow/example_dags/example_setup_teardown_taskflow.py for tasks to queue
[2023-11-08T22:14:52.399+0000] {logging_mixin.py:154} INFO - [2023-11-08T22:14:52.399+0000] {dagbag.py:536} INFO - Filling up the DagBag from /home/airflow/.local/lib/python3.8/site-packages/airflow/example_dags/example_setup_teardown_taskflow.py
[2023-11-08T22:14:52.405+0000] {processor.py:839} INFO - DAG(s) dict_keys(['example_setup_teardown_taskflow']) retrieved from /home/airflow/.local/lib/python3.8/site-packages/airflow/example_dags/example_setup_teardown_taskflow.py
[2023-11-08T22:14:52.417+0000] {logging_mixin.py:154} INFO - [2023-11-08T22:14:52.417+0000] {dag.py:2941} INFO - Sync 1 DAGs
[2023-11-08T22:14:52.430+0000] {logging_mixin.py:154} INFO - [2023-11-08T22:14:52.430+0000] {dag.py:3722} INFO - Setting next_dagrun for example_setup_teardown_taskflow to 2023-11-07T22:14:52.430230+00:00, run_after=2023-11-08T22:14:52.430230+00:00
[2023-11-08T22:14:52.440+0000] {processor.py:179} INFO - Processing /home/airflow/.local/lib/python3.8/site-packages/airflow/example_dags/example_setup_teardown_taskflow.py took 0.044 seconds
[2023-11-08T22:15:23.045+0000] {processor.py:157} INFO - Started process (PID=416) to work on /home/airflow/.local/lib/python3.8/site-packages/airflow/example_dags/example_setup_teardown_taskflow.py
[2023-11-08T22:15:23.046+0000] {processor.py:829} INFO - Processing file /home/airflow/.local/lib/python3.8/site-packages/airflow/example_dags/example_setup_teardown_taskflow.py for tasks to queue
[2023-11-08T22:15:23.047+0000] {logging_mixin.py:154} INFO - [2023-11-08T22:15:23.047+0000] {dagbag.py:536} INFO - Filling up the DagBag from /home/airflow/.local/lib/python3.8/site-packages/airflow/example_dags/example_setup_teardown_taskflow.py
[2023-11-08T22:15:23.053+0000] {processor.py:839} INFO - DAG(s) dict_keys(['example_setup_teardown_taskflow']) retrieved from /home/airflow/.local/lib/python3.8/site-packages/airflow/example_dags/example_setup_teardown_taskflow.py
[2023-11-08T22:15:23.065+0000] {logging_mixin.py:154} INFO - [2023-11-08T22:15:23.065+0000] {dag.py:2941} INFO - Sync 1 DAGs
[2023-11-08T22:15:23.080+0000] {logging_mixin.py:154} INFO - [2023-11-08T22:15:23.080+0000] {dag.py:3722} INFO - Setting next_dagrun for example_setup_teardown_taskflow to 2023-11-07T22:15:23.080453+00:00, run_after=2023-11-08T22:15:23.080453+00:00
[2023-11-08T22:15:23.113+0000] {processor.py:179} INFO - Processing /home/airflow/.local/lib/python3.8/site-packages/airflow/example_dags/example_setup_teardown_taskflow.py took 0.070 seconds
[2023-11-08T22:15:53.774+0000] {processor.py:157} INFO - Started process (PID=470) to work on /home/airflow/.local/lib/python3.8/site-packages/airflow/example_dags/example_setup_teardown_taskflow.py
[2023-11-08T22:15:53.775+0000] {processor.py:829} INFO - Processing file /home/airflow/.local/lib/python3.8/site-packages/airflow/example_dags/example_setup_teardown_taskflow.py for tasks to queue
[2023-11-08T22:15:53.776+0000] {logging_mixin.py:154} INFO - [2023-11-08T22:15:53.776+0000] {dagbag.py:536} INFO - Filling up the DagBag from /home/airflow/.local/lib/python3.8/site-packages/airflow/example_dags/example_setup_teardown_taskflow.py
[2023-11-08T22:15:53.781+0000] {processor.py:839} INFO - DAG(s) dict_keys(['example_setup_teardown_taskflow']) retrieved from /home/airflow/.local/lib/python3.8/site-packages/airflow/example_dags/example_setup_teardown_taskflow.py
[2023-11-08T22:15:53.793+0000] {logging_mixin.py:154} INFO - [2023-11-08T22:15:53.793+0000] {dag.py:2941} INFO - Sync 1 DAGs
[2023-11-08T22:15:53.808+0000] {logging_mixin.py:154} INFO - [2023-11-08T22:15:53.808+0000] {dag.py:3722} INFO - Setting next_dagrun for example_setup_teardown_taskflow to 2023-11-07T22:15:53.808450+00:00, run_after=2023-11-08T22:15:53.808450+00:00
[2023-11-08T22:15:53.818+0000] {processor.py:179} INFO - Processing /home/airflow/.local/lib/python3.8/site-packages/airflow/example_dags/example_setup_teardown_taskflow.py took 0.046 seconds
[2023-11-08T22:16:24.374+0000] {processor.py:157} INFO - Started process (PID=523) to work on /home/airflow/.local/lib/python3.8/site-packages/airflow/example_dags/example_setup_teardown_taskflow.py
[2023-11-08T22:16:24.375+0000] {processor.py:829} INFO - Processing file /home/airflow/.local/lib/python3.8/site-packages/airflow/example_dags/example_setup_teardown_taskflow.py for tasks to queue
[2023-11-08T22:16:24.376+0000] {logging_mixin.py:154} INFO - [2023-11-08T22:16:24.376+0000] {dagbag.py:536} INFO - Filling up the DagBag from /home/airflow/.local/lib/python3.8/site-packages/airflow/example_dags/example_setup_teardown_taskflow.py
[2023-11-08T22:16:24.381+0000] {processor.py:839} INFO - DAG(s) dict_keys(['example_setup_teardown_taskflow']) retrieved from /home/airflow/.local/lib/python3.8/site-packages/airflow/example_dags/example_setup_teardown_taskflow.py
[2023-11-08T22:16:24.393+0000] {logging_mixin.py:154} INFO - [2023-11-08T22:16:24.393+0000] {dag.py:2941} INFO - Sync 1 DAGs
[2023-11-08T22:16:24.406+0000] {logging_mixin.py:154} INFO - [2023-11-08T22:16:24.406+0000] {dag.py:3722} INFO - Setting next_dagrun for example_setup_teardown_taskflow to 2023-11-07T22:16:24.406632+00:00, run_after=2023-11-08T22:16:24.406632+00:00
[2023-11-08T22:16:24.420+0000] {processor.py:179} INFO - Processing /home/airflow/.local/lib/python3.8/site-packages/airflow/example_dags/example_setup_teardown_taskflow.py took 0.047 seconds
[2023-11-08T22:16:55.052+0000] {processor.py:157} INFO - Started process (PID=577) to work on /home/airflow/.local/lib/python3.8/site-packages/airflow/example_dags/example_setup_teardown_taskflow.py
[2023-11-08T22:16:55.052+0000] {processor.py:829} INFO - Processing file /home/airflow/.local/lib/python3.8/site-packages/airflow/example_dags/example_setup_teardown_taskflow.py for tasks to queue
[2023-11-08T22:16:55.054+0000] {logging_mixin.py:154} INFO - [2023-11-08T22:16:55.054+0000] {dagbag.py:536} INFO - Filling up the DagBag from /home/airflow/.local/lib/python3.8/site-packages/airflow/example_dags/example_setup_teardown_taskflow.py
[2023-11-08T22:16:55.059+0000] {processor.py:839} INFO - DAG(s) dict_keys(['example_setup_teardown_taskflow']) retrieved from /home/airflow/.local/lib/python3.8/site-packages/airflow/example_dags/example_setup_teardown_taskflow.py
[2023-11-08T22:16:55.073+0000] {logging_mixin.py:154} INFO - [2023-11-08T22:16:55.073+0000] {dag.py:2941} INFO - Sync 1 DAGs
[2023-11-08T22:16:55.089+0000] {logging_mixin.py:154} INFO - [2023-11-08T22:16:55.089+0000] {dag.py:3722} INFO - Setting next_dagrun for example_setup_teardown_taskflow to 2023-11-07T22:16:55.088959+00:00, run_after=2023-11-08T22:16:55.088959+00:00
[2023-11-08T22:16:55.100+0000] {processor.py:179} INFO - Processing /home/airflow/.local/lib/python3.8/site-packages/airflow/example_dags/example_setup_teardown_taskflow.py took 0.050 seconds
[2023-11-08T22:17:25.660+0000] {processor.py:157} INFO - Started process (PID=632) to work on /home/airflow/.local/lib/python3.8/site-packages/airflow/example_dags/example_setup_teardown_taskflow.py
[2023-11-08T22:17:25.660+0000] {processor.py:829} INFO - Processing file /home/airflow/.local/lib/python3.8/site-packages/airflow/example_dags/example_setup_teardown_taskflow.py for tasks to queue
[2023-11-08T22:17:25.661+0000] {logging_mixin.py:154} INFO - [2023-11-08T22:17:25.661+0000] {dagbag.py:536} INFO - Filling up the DagBag from /home/airflow/.local/lib/python3.8/site-packages/airflow/example_dags/example_setup_teardown_taskflow.py
[2023-11-08T22:17:25.666+0000] {processor.py:839} INFO - DAG(s) dict_keys(['example_setup_teardown_taskflow']) retrieved from /home/airflow/.local/lib/python3.8/site-packages/airflow/example_dags/example_setup_teardown_taskflow.py
[2023-11-08T22:17:25.679+0000] {logging_mixin.py:154} INFO - [2023-11-08T22:17:25.679+0000] {dag.py:2941} INFO - Sync 1 DAGs
[2023-11-08T22:17:25.692+0000] {logging_mixin.py:154} INFO - [2023-11-08T22:17:25.692+0000] {dag.py:3722} INFO - Setting next_dagrun for example_setup_teardown_taskflow to 2023-11-07T22:17:25.692634+00:00, run_after=2023-11-08T22:17:25.692634+00:00
[2023-11-08T22:17:25.703+0000] {processor.py:179} INFO - Processing /home/airflow/.local/lib/python3.8/site-packages/airflow/example_dags/example_setup_teardown_taskflow.py took 0.045 seconds
[2023-11-08T22:17:56.404+0000] {processor.py:157} INFO - Started process (PID=686) to work on /home/airflow/.local/lib/python3.8/site-packages/airflow/example_dags/example_setup_teardown_taskflow.py
[2023-11-08T22:17:56.405+0000] {processor.py:829} INFO - Processing file /home/airflow/.local/lib/python3.8/site-packages/airflow/example_dags/example_setup_teardown_taskflow.py for tasks to queue
[2023-11-08T22:17:56.406+0000] {logging_mixin.py:154} INFO - [2023-11-08T22:17:56.406+0000] {dagbag.py:536} INFO - Filling up the DagBag from /home/airflow/.local/lib/python3.8/site-packages/airflow/example_dags/example_setup_teardown_taskflow.py
[2023-11-08T22:17:56.411+0000] {processor.py:839} INFO - DAG(s) dict_keys(['example_setup_teardown_taskflow']) retrieved from /home/airflow/.local/lib/python3.8/site-packages/airflow/example_dags/example_setup_teardown_taskflow.py
[2023-11-08T22:17:56.424+0000] {logging_mixin.py:154} INFO - [2023-11-08T22:17:56.424+0000] {dag.py:2941} INFO - Sync 1 DAGs
[2023-11-08T22:17:56.439+0000] {logging_mixin.py:154} INFO - [2023-11-08T22:17:56.438+0000] {dag.py:3722} INFO - Setting next_dagrun for example_setup_teardown_taskflow to 2023-11-07T22:17:56.438711+00:00, run_after=2023-11-08T22:17:56.438711+00:00
[2023-11-08T22:17:56.451+0000] {processor.py:179} INFO - Processing /home/airflow/.local/lib/python3.8/site-packages/airflow/example_dags/example_setup_teardown_taskflow.py took 0.048 seconds
[2023-11-08T22:18:27.007+0000] {processor.py:157} INFO - Started process (PID=741) to work on /home/airflow/.local/lib/python3.8/site-packages/airflow/example_dags/example_setup_teardown_taskflow.py
[2023-11-08T22:18:27.007+0000] {processor.py:829} INFO - Processing file /home/airflow/.local/lib/python3.8/site-packages/airflow/example_dags/example_setup_teardown_taskflow.py for tasks to queue
[2023-11-08T22:18:27.009+0000] {logging_mixin.py:154} INFO - [2023-11-08T22:18:27.008+0000] {dagbag.py:536} INFO - Filling up the DagBag from /home/airflow/.local/lib/python3.8/site-packages/airflow/example_dags/example_setup_teardown_taskflow.py
[2023-11-08T22:18:27.014+0000] {processor.py:839} INFO - DAG(s) dict_keys(['example_setup_teardown_taskflow']) retrieved from /home/airflow/.local/lib/python3.8/site-packages/airflow/example_dags/example_setup_teardown_taskflow.py
[2023-11-08T22:18:27.028+0000] {logging_mixin.py:154} INFO - [2023-11-08T22:18:27.028+0000] {dag.py:2941} INFO - Sync 1 DAGs
[2023-11-08T22:18:27.049+0000] {logging_mixin.py:154} INFO - [2023-11-08T22:18:27.049+0000] {dag.py:3722} INFO - Setting next_dagrun for example_setup_teardown_taskflow to 2023-11-07T22:18:27.049664+00:00, run_after=2023-11-08T22:18:27.049664+00:00
[2023-11-08T22:18:27.072+0000] {processor.py:179} INFO - Processing /home/airflow/.local/lib/python3.8/site-packages/airflow/example_dags/example_setup_teardown_taskflow.py took 0.067 seconds
[2023-11-08T22:18:57.127+0000] {processor.py:157} INFO - Started process (PID=795) to work on /home/airflow/.local/lib/python3.8/site-packages/airflow/example_dags/example_setup_teardown_taskflow.py
[2023-11-08T22:18:57.127+0000] {processor.py:829} INFO - Processing file /home/airflow/.local/lib/python3.8/site-packages/airflow/example_dags/example_setup_teardown_taskflow.py for tasks to queue
[2023-11-08T22:18:57.128+0000] {logging_mixin.py:154} INFO - [2023-11-08T22:18:57.128+0000] {dagbag.py:536} INFO - Filling up the DagBag from /home/airflow/.local/lib/python3.8/site-packages/airflow/example_dags/example_setup_teardown_taskflow.py
[2023-11-08T22:18:57.136+0000] {processor.py:839} INFO - DAG(s) dict_keys(['example_setup_teardown_taskflow']) retrieved from /home/airflow/.local/lib/python3.8/site-packages/airflow/example_dags/example_setup_teardown_taskflow.py
[2023-11-08T22:18:57.148+0000] {logging_mixin.py:154} INFO - [2023-11-08T22:18:57.148+0000] {dag.py:2941} INFO - Sync 1 DAGs
[2023-11-08T22:18:57.167+0000] {logging_mixin.py:154} INFO - [2023-11-08T22:18:57.167+0000] {dag.py:3722} INFO - Setting next_dagrun for example_setup_teardown_taskflow to 2023-11-07T22:18:57.167013+00:00, run_after=2023-11-08T22:18:57.167013+00:00
[2023-11-08T22:18:57.177+0000] {processor.py:179} INFO - Processing /home/airflow/.local/lib/python3.8/site-packages/airflow/example_dags/example_setup_teardown_taskflow.py took 0.052 seconds
[2023-11-08T22:19:27.301+0000] {processor.py:157} INFO - Started process (PID=849) to work on /home/airflow/.local/lib/python3.8/site-packages/airflow/example_dags/example_setup_teardown_taskflow.py
[2023-11-08T22:19:27.302+0000] {processor.py:829} INFO - Processing file /home/airflow/.local/lib/python3.8/site-packages/airflow/example_dags/example_setup_teardown_taskflow.py for tasks to queue
[2023-11-08T22:19:27.303+0000] {logging_mixin.py:154} INFO - [2023-11-08T22:19:27.303+0000] {dagbag.py:536} INFO - Filling up the DagBag from /home/airflow/.local/lib/python3.8/site-packages/airflow/example_dags/example_setup_teardown_taskflow.py
[2023-11-08T22:19:27.309+0000] {processor.py:839} INFO - DAG(s) dict_keys(['example_setup_teardown_taskflow']) retrieved from /home/airflow/.local/lib/python3.8/site-packages/airflow/example_dags/example_setup_teardown_taskflow.py
[2023-11-08T22:19:27.323+0000] {logging_mixin.py:154} INFO - [2023-11-08T22:19:27.323+0000] {dag.py:2941} INFO - Sync 1 DAGs
[2023-11-08T22:19:27.343+0000] {logging_mixin.py:154} INFO - [2023-11-08T22:19:27.343+0000] {dag.py:3722} INFO - Setting next_dagrun for example_setup_teardown_taskflow to 2023-11-07T22:19:27.343005+00:00, run_after=2023-11-08T22:19:27.343005+00:00
[2023-11-08T22:19:27.357+0000] {processor.py:179} INFO - Processing /home/airflow/.local/lib/python3.8/site-packages/airflow/example_dags/example_setup_teardown_taskflow.py took 0.058 seconds
[2023-11-08T22:19:58.209+0000] {processor.py:157} INFO - Started process (PID=903) to work on /home/airflow/.local/lib/python3.8/site-packages/airflow/example_dags/example_setup_teardown_taskflow.py
[2023-11-08T22:19:58.213+0000] {processor.py:829} INFO - Processing file /home/airflow/.local/lib/python3.8/site-packages/airflow/example_dags/example_setup_teardown_taskflow.py for tasks to queue
[2023-11-08T22:19:58.214+0000] {logging_mixin.py:154} INFO - [2023-11-08T22:19:58.214+0000] {dagbag.py:536} INFO - Filling up the DagBag from /home/airflow/.local/lib/python3.8/site-packages/airflow/example_dags/example_setup_teardown_taskflow.py
[2023-11-08T22:19:58.219+0000] {processor.py:839} INFO - DAG(s) dict_keys(['example_setup_teardown_taskflow']) retrieved from /home/airflow/.local/lib/python3.8/site-packages/airflow/example_dags/example_setup_teardown_taskflow.py
[2023-11-08T22:19:58.231+0000] {logging_mixin.py:154} INFO - [2023-11-08T22:19:58.231+0000] {dag.py:2941} INFO - Sync 1 DAGs
[2023-11-08T22:19:58.245+0000] {logging_mixin.py:154} INFO - [2023-11-08T22:19:58.244+0000] {dag.py:3722} INFO - Setting next_dagrun for example_setup_teardown_taskflow to 2023-11-07T22:19:58.244812+00:00, run_after=2023-11-08T22:19:58.244812+00:00
[2023-11-08T22:19:58.255+0000] {processor.py:179} INFO - Processing /home/airflow/.local/lib/python3.8/site-packages/airflow/example_dags/example_setup_teardown_taskflow.py took 0.047 seconds
[2023-11-08T22:20:28.423+0000] {processor.py:157} INFO - Started process (PID=957) to work on /home/airflow/.local/lib/python3.8/site-packages/airflow/example_dags/example_setup_teardown_taskflow.py
[2023-11-08T22:20:28.424+0000] {processor.py:829} INFO - Processing file /home/airflow/.local/lib/python3.8/site-packages/airflow/example_dags/example_setup_teardown_taskflow.py for tasks to queue
[2023-11-08T22:20:28.425+0000] {logging_mixin.py:154} INFO - [2023-11-08T22:20:28.425+0000] {dagbag.py:536} INFO - Filling up the DagBag from /home/airflow/.local/lib/python3.8/site-packages/airflow/example_dags/example_setup_teardown_taskflow.py
[2023-11-08T22:20:28.430+0000] {processor.py:839} INFO - DAG(s) dict_keys(['example_setup_teardown_taskflow']) retrieved from /home/airflow/.local/lib/python3.8/site-packages/airflow/example_dags/example_setup_teardown_taskflow.py
[2023-11-08T22:20:28.442+0000] {logging_mixin.py:154} INFO - [2023-11-08T22:20:28.442+0000] {dag.py:2941} INFO - Sync 1 DAGs
[2023-11-08T22:20:28.457+0000] {logging_mixin.py:154} INFO - [2023-11-08T22:20:28.457+0000] {dag.py:3722} INFO - Setting next_dagrun for example_setup_teardown_taskflow to 2023-11-07T22:20:28.457426+00:00, run_after=2023-11-08T22:20:28.457426+00:00
[2023-11-08T22:20:28.472+0000] {processor.py:179} INFO - Processing /home/airflow/.local/lib/python3.8/site-packages/airflow/example_dags/example_setup_teardown_taskflow.py took 0.051 seconds
[2023-11-08T22:20:59.444+0000] {processor.py:157} INFO - Started process (PID=1011) to work on /home/airflow/.local/lib/python3.8/site-packages/airflow/example_dags/example_setup_teardown_taskflow.py
[2023-11-08T22:20:59.445+0000] {processor.py:829} INFO - Processing file /home/airflow/.local/lib/python3.8/site-packages/airflow/example_dags/example_setup_teardown_taskflow.py for tasks to queue
[2023-11-08T22:20:59.446+0000] {logging_mixin.py:154} INFO - [2023-11-08T22:20:59.446+0000] {dagbag.py:536} INFO - Filling up the DagBag from /home/airflow/.local/lib/python3.8/site-packages/airflow/example_dags/example_setup_teardown_taskflow.py
[2023-11-08T22:20:59.452+0000] {processor.py:839} INFO - DAG(s) dict_keys(['example_setup_teardown_taskflow']) retrieved from /home/airflow/.local/lib/python3.8/site-packages/airflow/example_dags/example_setup_teardown_taskflow.py
[2023-11-08T22:20:59.466+0000] {logging_mixin.py:154} INFO - [2023-11-08T22:20:59.466+0000] {dag.py:2941} INFO - Sync 1 DAGs
[2023-11-08T22:20:59.482+0000] {logging_mixin.py:154} INFO - [2023-11-08T22:20:59.482+0000] {dag.py:3722} INFO - Setting next_dagrun for example_setup_teardown_taskflow to 2023-11-07T22:20:59.482347+00:00, run_after=2023-11-08T22:20:59.482347+00:00
[2023-11-08T22:20:59.495+0000] {processor.py:179} INFO - Processing /home/airflow/.local/lib/python3.8/site-packages/airflow/example_dags/example_setup_teardown_taskflow.py took 0.054 seconds
[2023-11-08T22:21:29.570+0000] {processor.py:157} INFO - Started process (PID=1064) to work on /home/airflow/.local/lib/python3.8/site-packages/airflow/example_dags/example_setup_teardown_taskflow.py
[2023-11-08T22:21:29.571+0000] {processor.py:829} INFO - Processing file /home/airflow/.local/lib/python3.8/site-packages/airflow/example_dags/example_setup_teardown_taskflow.py for tasks to queue
[2023-11-08T22:21:29.572+0000] {logging_mixin.py:154} INFO - [2023-11-08T22:21:29.572+0000] {dagbag.py:536} INFO - Filling up the DagBag from /home/airflow/.local/lib/python3.8/site-packages/airflow/example_dags/example_setup_teardown_taskflow.py
[2023-11-08T22:21:29.577+0000] {processor.py:839} INFO - DAG(s) dict_keys(['example_setup_teardown_taskflow']) retrieved from /home/airflow/.local/lib/python3.8/site-packages/airflow/example_dags/example_setup_teardown_taskflow.py
[2023-11-08T22:21:29.591+0000] {logging_mixin.py:154} INFO - [2023-11-08T22:21:29.591+0000] {dag.py:2941} INFO - Sync 1 DAGs
[2023-11-08T22:21:29.606+0000] {logging_mixin.py:154} INFO - [2023-11-08T22:21:29.606+0000] {dag.py:3722} INFO - Setting next_dagrun for example_setup_teardown_taskflow to 2023-11-07T22:21:29.606282+00:00, run_after=2023-11-08T22:21:29.606282+00:00
[2023-11-08T22:21:29.746+0000] {processor.py:179} INFO - Processing /home/airflow/.local/lib/python3.8/site-packages/airflow/example_dags/example_setup_teardown_taskflow.py took 0.177 seconds
[2023-11-08T22:22:00.527+0000] {processor.py:157} INFO - Started process (PID=1118) to work on /home/airflow/.local/lib/python3.8/site-packages/airflow/example_dags/example_setup_teardown_taskflow.py
[2023-11-08T22:22:00.528+0000] {processor.py:829} INFO - Processing file /home/airflow/.local/lib/python3.8/site-packages/airflow/example_dags/example_setup_teardown_taskflow.py for tasks to queue
[2023-11-08T22:22:00.529+0000] {logging_mixin.py:154} INFO - [2023-11-08T22:22:00.529+0000] {dagbag.py:536} INFO - Filling up the DagBag from /home/airflow/.local/lib/python3.8/site-packages/airflow/example_dags/example_setup_teardown_taskflow.py
[2023-11-08T22:22:00.534+0000] {processor.py:839} INFO - DAG(s) dict_keys(['example_setup_teardown_taskflow']) retrieved from /home/airflow/.local/lib/python3.8/site-packages/airflow/example_dags/example_setup_teardown_taskflow.py
[2023-11-08T22:22:00.548+0000] {logging_mixin.py:154} INFO - [2023-11-08T22:22:00.548+0000] {dag.py:2941} INFO - Sync 1 DAGs
[2023-11-08T22:22:00.564+0000] {logging_mixin.py:154} INFO - [2023-11-08T22:22:00.563+0000] {dag.py:3722} INFO - Setting next_dagrun for example_setup_teardown_taskflow to 2023-11-07T22:22:00.563641+00:00, run_after=2023-11-08T22:22:00.563641+00:00
[2023-11-08T22:22:00.577+0000] {processor.py:179} INFO - Processing /home/airflow/.local/lib/python3.8/site-packages/airflow/example_dags/example_setup_teardown_taskflow.py took 0.052 seconds
[2023-11-08T22:22:30.814+0000] {processor.py:157} INFO - Started process (PID=1171) to work on /home/airflow/.local/lib/python3.8/site-packages/airflow/example_dags/example_setup_teardown_taskflow.py
[2023-11-08T22:22:30.815+0000] {processor.py:829} INFO - Processing file /home/airflow/.local/lib/python3.8/site-packages/airflow/example_dags/example_setup_teardown_taskflow.py for tasks to queue
[2023-11-08T22:22:30.816+0000] {logging_mixin.py:154} INFO - [2023-11-08T22:22:30.816+0000] {dagbag.py:536} INFO - Filling up the DagBag from /home/airflow/.local/lib/python3.8/site-packages/airflow/example_dags/example_setup_teardown_taskflow.py
[2023-11-08T22:22:30.821+0000] {processor.py:839} INFO - DAG(s) dict_keys(['example_setup_teardown_taskflow']) retrieved from /home/airflow/.local/lib/python3.8/site-packages/airflow/example_dags/example_setup_teardown_taskflow.py
[2023-11-08T22:22:30.837+0000] {logging_mixin.py:154} INFO - [2023-11-08T22:22:30.836+0000] {dag.py:2941} INFO - Sync 1 DAGs
[2023-11-08T22:22:30.852+0000] {logging_mixin.py:154} INFO - [2023-11-08T22:22:30.852+0000] {dag.py:3722} INFO - Setting next_dagrun for example_setup_teardown_taskflow to 2023-11-07T22:22:30.852501+00:00, run_after=2023-11-08T22:22:30.852501+00:00
[2023-11-08T22:22:30.867+0000] {processor.py:179} INFO - Processing /home/airflow/.local/lib/python3.8/site-packages/airflow/example_dags/example_setup_teardown_taskflow.py took 0.055 seconds
[2023-11-08T22:23:01.714+0000] {processor.py:157} INFO - Started process (PID=1224) to work on /home/airflow/.local/lib/python3.8/site-packages/airflow/example_dags/example_setup_teardown_taskflow.py
[2023-11-08T22:23:01.715+0000] {processor.py:829} INFO - Processing file /home/airflow/.local/lib/python3.8/site-packages/airflow/example_dags/example_setup_teardown_taskflow.py for tasks to queue
[2023-11-08T22:23:01.716+0000] {logging_mixin.py:154} INFO - [2023-11-08T22:23:01.716+0000] {dagbag.py:536} INFO - Filling up the DagBag from /home/airflow/.local/lib/python3.8/site-packages/airflow/example_dags/example_setup_teardown_taskflow.py
[2023-11-08T22:23:01.721+0000] {processor.py:839} INFO - DAG(s) dict_keys(['example_setup_teardown_taskflow']) retrieved from /home/airflow/.local/lib/python3.8/site-packages/airflow/example_dags/example_setup_teardown_taskflow.py
[2023-11-08T22:23:01.734+0000] {logging_mixin.py:154} INFO - [2023-11-08T22:23:01.734+0000] {dag.py:2941} INFO - Sync 1 DAGs
[2023-11-08T22:23:01.842+0000] {logging_mixin.py:154} INFO - [2023-11-08T22:23:01.842+0000] {dag.py:3722} INFO - Setting next_dagrun for example_setup_teardown_taskflow to 2023-11-07T22:23:01.842333+00:00, run_after=2023-11-08T22:23:01.842333+00:00
[2023-11-08T22:23:01.861+0000] {processor.py:179} INFO - Processing /home/airflow/.local/lib/python3.8/site-packages/airflow/example_dags/example_setup_teardown_taskflow.py took 0.148 seconds
[2023-11-08T22:23:32.348+0000] {processor.py:157} INFO - Started process (PID=1278) to work on /home/airflow/.local/lib/python3.8/site-packages/airflow/example_dags/example_setup_teardown_taskflow.py
[2023-11-08T22:23:32.349+0000] {processor.py:829} INFO - Processing file /home/airflow/.local/lib/python3.8/site-packages/airflow/example_dags/example_setup_teardown_taskflow.py for tasks to queue
[2023-11-08T22:23:32.350+0000] {logging_mixin.py:154} INFO - [2023-11-08T22:23:32.349+0000] {dagbag.py:536} INFO - Filling up the DagBag from /home/airflow/.local/lib/python3.8/site-packages/airflow/example_dags/example_setup_teardown_taskflow.py
[2023-11-08T22:23:32.354+0000] {processor.py:839} INFO - DAG(s) dict_keys(['example_setup_teardown_taskflow']) retrieved from /home/airflow/.local/lib/python3.8/site-packages/airflow/example_dags/example_setup_teardown_taskflow.py
[2023-11-08T22:23:32.368+0000] {logging_mixin.py:154} INFO - [2023-11-08T22:23:32.368+0000] {dag.py:2941} INFO - Sync 1 DAGs
[2023-11-08T22:23:32.382+0000] {logging_mixin.py:154} INFO - [2023-11-08T22:23:32.382+0000] {dag.py:3722} INFO - Setting next_dagrun for example_setup_teardown_taskflow to 2023-11-07T22:23:32.382471+00:00, run_after=2023-11-08T22:23:32.382471+00:00
[2023-11-08T22:23:32.396+0000] {processor.py:179} INFO - Processing /home/airflow/.local/lib/python3.8/site-packages/airflow/example_dags/example_setup_teardown_taskflow.py took 0.050 seconds
[2023-11-08T22:24:02.851+0000] {processor.py:157} INFO - Started process (PID=1332) to work on /home/airflow/.local/lib/python3.8/site-packages/airflow/example_dags/example_setup_teardown_taskflow.py
[2023-11-08T22:24:02.852+0000] {processor.py:829} INFO - Processing file /home/airflow/.local/lib/python3.8/site-packages/airflow/example_dags/example_setup_teardown_taskflow.py for tasks to queue
[2023-11-08T22:24:02.853+0000] {logging_mixin.py:154} INFO - [2023-11-08T22:24:02.853+0000] {dagbag.py:536} INFO - Filling up the DagBag from /home/airflow/.local/lib/python3.8/site-packages/airflow/example_dags/example_setup_teardown_taskflow.py
[2023-11-08T22:24:02.858+0000] {processor.py:839} INFO - DAG(s) dict_keys(['example_setup_teardown_taskflow']) retrieved from /home/airflow/.local/lib/python3.8/site-packages/airflow/example_dags/example_setup_teardown_taskflow.py
[2023-11-08T22:24:02.873+0000] {logging_mixin.py:154} INFO - [2023-11-08T22:24:02.873+0000] {dag.py:2941} INFO - Sync 1 DAGs
[2023-11-08T22:24:02.888+0000] {logging_mixin.py:154} INFO - [2023-11-08T22:24:02.888+0000] {dag.py:3722} INFO - Setting next_dagrun for example_setup_teardown_taskflow to 2023-11-07T22:24:02.888225+00:00, run_after=2023-11-08T22:24:02.888225+00:00
[2023-11-08T22:24:02.898+0000] {processor.py:179} INFO - Processing /home/airflow/.local/lib/python3.8/site-packages/airflow/example_dags/example_setup_teardown_taskflow.py took 0.049 seconds
[2023-11-08T22:24:33.673+0000] {processor.py:157} INFO - Started process (PID=1386) to work on /home/airflow/.local/lib/python3.8/site-packages/airflow/example_dags/example_setup_teardown_taskflow.py
[2023-11-08T22:24:33.673+0000] {processor.py:829} INFO - Processing file /home/airflow/.local/lib/python3.8/site-packages/airflow/example_dags/example_setup_teardown_taskflow.py for tasks to queue
[2023-11-08T22:24:33.675+0000] {logging_mixin.py:154} INFO - [2023-11-08T22:24:33.674+0000] {dagbag.py:536} INFO - Filling up the DagBag from /home/airflow/.local/lib/python3.8/site-packages/airflow/example_dags/example_setup_teardown_taskflow.py
[2023-11-08T22:24:33.679+0000] {processor.py:839} INFO - DAG(s) dict_keys(['example_setup_teardown_taskflow']) retrieved from /home/airflow/.local/lib/python3.8/site-packages/airflow/example_dags/example_setup_teardown_taskflow.py
[2023-11-08T22:24:33.691+0000] {logging_mixin.py:154} INFO - [2023-11-08T22:24:33.691+0000] {dag.py:2941} INFO - Sync 1 DAGs
[2023-11-08T22:24:33.788+0000] {logging_mixin.py:154} INFO - [2023-11-08T22:24:33.788+0000] {dag.py:3722} INFO - Setting next_dagrun for example_setup_teardown_taskflow to 2023-11-07T22:24:33.788030+00:00, run_after=2023-11-08T22:24:33.788030+00:00
[2023-11-08T22:24:33.805+0000] {processor.py:179} INFO - Processing /home/airflow/.local/lib/python3.8/site-packages/airflow/example_dags/example_setup_teardown_taskflow.py took 0.133 seconds
[2023-11-08T22:25:04.535+0000] {processor.py:157} INFO - Started process (PID=1440) to work on /home/airflow/.local/lib/python3.8/site-packages/airflow/example_dags/example_setup_teardown_taskflow.py
[2023-11-08T22:25:04.536+0000] {processor.py:829} INFO - Processing file /home/airflow/.local/lib/python3.8/site-packages/airflow/example_dags/example_setup_teardown_taskflow.py for tasks to queue
[2023-11-08T22:25:04.537+0000] {logging_mixin.py:154} INFO - [2023-11-08T22:25:04.537+0000] {dagbag.py:536} INFO - Filling up the DagBag from /home/airflow/.local/lib/python3.8/site-packages/airflow/example_dags/example_setup_teardown_taskflow.py
[2023-11-08T22:25:04.542+0000] {processor.py:839} INFO - DAG(s) dict_keys(['example_setup_teardown_taskflow']) retrieved from /home/airflow/.local/lib/python3.8/site-packages/airflow/example_dags/example_setup_teardown_taskflow.py
[2023-11-08T22:25:04.556+0000] {logging_mixin.py:154} INFO - [2023-11-08T22:25:04.556+0000] {dag.py:2941} INFO - Sync 1 DAGs
[2023-11-08T22:25:04.570+0000] {logging_mixin.py:154} INFO - [2023-11-08T22:25:04.570+0000] {dag.py:3722} INFO - Setting next_dagrun for example_setup_teardown_taskflow to 2023-11-07T22:25:04.569946+00:00, run_after=2023-11-08T22:25:04.569946+00:00
[2023-11-08T22:25:04.582+0000] {processor.py:179} INFO - Processing /home/airflow/.local/lib/python3.8/site-packages/airflow/example_dags/example_setup_teardown_taskflow.py took 0.049 seconds
[2023-11-08T22:25:35.158+0000] {processor.py:157} INFO - Started process (PID=1494) to work on /home/airflow/.local/lib/python3.8/site-packages/airflow/example_dags/example_setup_teardown_taskflow.py
[2023-11-08T22:25:35.159+0000] {processor.py:829} INFO - Processing file /home/airflow/.local/lib/python3.8/site-packages/airflow/example_dags/example_setup_teardown_taskflow.py for tasks to queue
[2023-11-08T22:25:35.160+0000] {logging_mixin.py:154} INFO - [2023-11-08T22:25:35.160+0000] {dagbag.py:536} INFO - Filling up the DagBag from /home/airflow/.local/lib/python3.8/site-packages/airflow/example_dags/example_setup_teardown_taskflow.py
[2023-11-08T22:25:35.262+0000] {processor.py:839} INFO - DAG(s) dict_keys(['example_setup_teardown_taskflow']) retrieved from /home/airflow/.local/lib/python3.8/site-packages/airflow/example_dags/example_setup_teardown_taskflow.py
[2023-11-08T22:25:35.273+0000] {logging_mixin.py:154} INFO - [2023-11-08T22:25:35.273+0000] {dag.py:2941} INFO - Sync 1 DAGs
[2023-11-08T22:25:35.287+0000] {logging_mixin.py:154} INFO - [2023-11-08T22:25:35.287+0000] {dag.py:3722} INFO - Setting next_dagrun for example_setup_teardown_taskflow to 2023-11-07T22:25:35.287610+00:00, run_after=2023-11-08T22:25:35.287610+00:00
[2023-11-08T22:25:35.307+0000] {processor.py:179} INFO - Processing /home/airflow/.local/lib/python3.8/site-packages/airflow/example_dags/example_setup_teardown_taskflow.py took 0.150 seconds
[2023-11-08T22:26:05.504+0000] {processor.py:157} INFO - Started process (PID=1548) to work on /home/airflow/.local/lib/python3.8/site-packages/airflow/example_dags/example_setup_teardown_taskflow.py
[2023-11-08T22:26:05.504+0000] {processor.py:829} INFO - Processing file /home/airflow/.local/lib/python3.8/site-packages/airflow/example_dags/example_setup_teardown_taskflow.py for tasks to queue
[2023-11-08T22:26:05.506+0000] {logging_mixin.py:154} INFO - [2023-11-08T22:26:05.505+0000] {dagbag.py:536} INFO - Filling up the DagBag from /home/airflow/.local/lib/python3.8/site-packages/airflow/example_dags/example_setup_teardown_taskflow.py
[2023-11-08T22:26:05.511+0000] {processor.py:839} INFO - DAG(s) dict_keys(['example_setup_teardown_taskflow']) retrieved from /home/airflow/.local/lib/python3.8/site-packages/airflow/example_dags/example_setup_teardown_taskflow.py
[2023-11-08T22:26:05.524+0000] {logging_mixin.py:154} INFO - [2023-11-08T22:26:05.523+0000] {dag.py:2941} INFO - Sync 1 DAGs
[2023-11-08T22:26:05.538+0000] {logging_mixin.py:154} INFO - [2023-11-08T22:26:05.537+0000] {dag.py:3722} INFO - Setting next_dagrun for example_setup_teardown_taskflow to 2023-11-07T22:26:05.537832+00:00, run_after=2023-11-08T22:26:05.537832+00:00
[2023-11-08T22:26:05.548+0000] {processor.py:179} INFO - Processing /home/airflow/.local/lib/python3.8/site-packages/airflow/example_dags/example_setup_teardown_taskflow.py took 0.046 seconds
[2023-11-08T22:26:36.173+0000] {processor.py:157} INFO - Started process (PID=1602) to work on /home/airflow/.local/lib/python3.8/site-packages/airflow/example_dags/example_setup_teardown_taskflow.py
[2023-11-08T22:26:36.173+0000] {processor.py:829} INFO - Processing file /home/airflow/.local/lib/python3.8/site-packages/airflow/example_dags/example_setup_teardown_taskflow.py for tasks to queue
[2023-11-08T22:26:36.175+0000] {logging_mixin.py:154} INFO - [2023-11-08T22:26:36.174+0000] {dagbag.py:536} INFO - Filling up the DagBag from /home/airflow/.local/lib/python3.8/site-packages/airflow/example_dags/example_setup_teardown_taskflow.py
[2023-11-08T22:26:36.180+0000] {processor.py:839} INFO - DAG(s) dict_keys(['example_setup_teardown_taskflow']) retrieved from /home/airflow/.local/lib/python3.8/site-packages/airflow/example_dags/example_setup_teardown_taskflow.py
[2023-11-08T22:26:36.192+0000] {logging_mixin.py:154} INFO - [2023-11-08T22:26:36.192+0000] {dag.py:2941} INFO - Sync 1 DAGs
[2023-11-08T22:26:36.205+0000] {logging_mixin.py:154} INFO - [2023-11-08T22:26:36.205+0000] {dag.py:3722} INFO - Setting next_dagrun for example_setup_teardown_taskflow to 2023-11-07T22:26:36.205139+00:00, run_after=2023-11-08T22:26:36.205139+00:00
[2023-11-08T22:26:36.216+0000] {processor.py:179} INFO - Processing /home/airflow/.local/lib/python3.8/site-packages/airflow/example_dags/example_setup_teardown_taskflow.py took 0.045 seconds
[2023-11-08T22:27:16.237+0000] {processor.py:157} INFO - Started process (PID=36) to work on /home/airflow/.local/lib/python3.8/site-packages/airflow/example_dags/example_setup_teardown_taskflow.py
[2023-11-08T22:27:16.238+0000] {processor.py:829} INFO - Processing file /home/airflow/.local/lib/python3.8/site-packages/airflow/example_dags/example_setup_teardown_taskflow.py for tasks to queue
[2023-11-08T22:27:16.240+0000] {logging_mixin.py:154} INFO - [2023-11-08T22:27:16.239+0000] {dagbag.py:536} INFO - Filling up the DagBag from /home/airflow/.local/lib/python3.8/site-packages/airflow/example_dags/example_setup_teardown_taskflow.py
[2023-11-08T22:27:16.246+0000] {processor.py:839} INFO - DAG(s) dict_keys(['example_setup_teardown_taskflow']) retrieved from /home/airflow/.local/lib/python3.8/site-packages/airflow/example_dags/example_setup_teardown_taskflow.py
[2023-11-08T22:27:16.253+0000] {logging_mixin.py:154} INFO - [2023-11-08T22:27:16.253+0000] {dag.py:2941} INFO - Sync 1 DAGs
[2023-11-08T22:27:16.270+0000] {logging_mixin.py:154} INFO - [2023-11-08T22:27:16.270+0000] {dag.py:3722} INFO - Setting next_dagrun for example_setup_teardown_taskflow to 2023-11-07T22:27:16.270215+00:00, run_after=2023-11-08T22:27:16.270215+00:00
[2023-11-08T22:27:16.282+0000] {processor.py:179} INFO - Processing /home/airflow/.local/lib/python3.8/site-packages/airflow/example_dags/example_setup_teardown_taskflow.py took 0.047 seconds
[2023-11-08T22:27:47.057+0000] {processor.py:157} INFO - Started process (PID=90) to work on /home/airflow/.local/lib/python3.8/site-packages/airflow/example_dags/example_setup_teardown_taskflow.py
[2023-11-08T22:27:47.058+0000] {processor.py:829} INFO - Processing file /home/airflow/.local/lib/python3.8/site-packages/airflow/example_dags/example_setup_teardown_taskflow.py for tasks to queue
[2023-11-08T22:27:47.059+0000] {logging_mixin.py:154} INFO - [2023-11-08T22:27:47.059+0000] {dagbag.py:536} INFO - Filling up the DagBag from /home/airflow/.local/lib/python3.8/site-packages/airflow/example_dags/example_setup_teardown_taskflow.py
[2023-11-08T22:27:47.064+0000] {processor.py:839} INFO - DAG(s) dict_keys(['example_setup_teardown_taskflow']) retrieved from /home/airflow/.local/lib/python3.8/site-packages/airflow/example_dags/example_setup_teardown_taskflow.py
[2023-11-08T22:27:47.077+0000] {logging_mixin.py:154} INFO - [2023-11-08T22:27:47.077+0000] {dag.py:2941} INFO - Sync 1 DAGs
[2023-11-08T22:27:47.094+0000] {logging_mixin.py:154} INFO - [2023-11-08T22:27:47.094+0000] {dag.py:3722} INFO - Setting next_dagrun for example_setup_teardown_taskflow to 2023-11-07T22:27:47.094292+00:00, run_after=2023-11-08T22:27:47.094292+00:00
[2023-11-08T22:27:47.105+0000] {processor.py:179} INFO - Processing /home/airflow/.local/lib/python3.8/site-packages/airflow/example_dags/example_setup_teardown_taskflow.py took 0.050 seconds
[2023-11-08T22:28:17.277+0000] {processor.py:157} INFO - Started process (PID=144) to work on /home/airflow/.local/lib/python3.8/site-packages/airflow/example_dags/example_setup_teardown_taskflow.py
[2023-11-08T22:28:17.278+0000] {processor.py:829} INFO - Processing file /home/airflow/.local/lib/python3.8/site-packages/airflow/example_dags/example_setup_teardown_taskflow.py for tasks to queue
[2023-11-08T22:28:17.279+0000] {logging_mixin.py:154} INFO - [2023-11-08T22:28:17.279+0000] {dagbag.py:536} INFO - Filling up the DagBag from /home/airflow/.local/lib/python3.8/site-packages/airflow/example_dags/example_setup_teardown_taskflow.py
[2023-11-08T22:28:17.285+0000] {processor.py:839} INFO - DAG(s) dict_keys(['example_setup_teardown_taskflow']) retrieved from /home/airflow/.local/lib/python3.8/site-packages/airflow/example_dags/example_setup_teardown_taskflow.py
[2023-11-08T22:28:17.297+0000] {logging_mixin.py:154} INFO - [2023-11-08T22:28:17.297+0000] {dag.py:2941} INFO - Sync 1 DAGs
[2023-11-08T22:28:17.311+0000] {logging_mixin.py:154} INFO - [2023-11-08T22:28:17.311+0000] {dag.py:3722} INFO - Setting next_dagrun for example_setup_teardown_taskflow to 2023-11-07T22:28:17.311645+00:00, run_after=2023-11-08T22:28:17.311645+00:00
[2023-11-08T22:28:17.321+0000] {processor.py:179} INFO - Processing /home/airflow/.local/lib/python3.8/site-packages/airflow/example_dags/example_setup_teardown_taskflow.py took 0.046 seconds
[2023-11-08T22:28:47.475+0000] {processor.py:157} INFO - Started process (PID=198) to work on /home/airflow/.local/lib/python3.8/site-packages/airflow/example_dags/example_setup_teardown_taskflow.py
[2023-11-08T22:28:47.476+0000] {processor.py:829} INFO - Processing file /home/airflow/.local/lib/python3.8/site-packages/airflow/example_dags/example_setup_teardown_taskflow.py for tasks to queue
[2023-11-08T22:28:47.477+0000] {logging_mixin.py:154} INFO - [2023-11-08T22:28:47.477+0000] {dagbag.py:536} INFO - Filling up the DagBag from /home/airflow/.local/lib/python3.8/site-packages/airflow/example_dags/example_setup_teardown_taskflow.py
[2023-11-08T22:28:47.482+0000] {processor.py:839} INFO - DAG(s) dict_keys(['example_setup_teardown_taskflow']) retrieved from /home/airflow/.local/lib/python3.8/site-packages/airflow/example_dags/example_setup_teardown_taskflow.py
[2023-11-08T22:28:47.496+0000] {logging_mixin.py:154} INFO - [2023-11-08T22:28:47.496+0000] {dag.py:2941} INFO - Sync 1 DAGs
[2023-11-08T22:28:47.511+0000] {logging_mixin.py:154} INFO - [2023-11-08T22:28:47.510+0000] {dag.py:3722} INFO - Setting next_dagrun for example_setup_teardown_taskflow to 2023-11-07T22:28:47.510636+00:00, run_after=2023-11-08T22:28:47.510636+00:00
[2023-11-08T22:28:47.522+0000] {processor.py:179} INFO - Processing /home/airflow/.local/lib/python3.8/site-packages/airflow/example_dags/example_setup_teardown_taskflow.py took 0.048 seconds
[2023-11-08T22:29:18.073+0000] {processor.py:157} INFO - Started process (PID=252) to work on /home/airflow/.local/lib/python3.8/site-packages/airflow/example_dags/example_setup_teardown_taskflow.py
[2023-11-08T22:29:18.074+0000] {processor.py:829} INFO - Processing file /home/airflow/.local/lib/python3.8/site-packages/airflow/example_dags/example_setup_teardown_taskflow.py for tasks to queue
[2023-11-08T22:29:18.075+0000] {logging_mixin.py:154} INFO - [2023-11-08T22:29:18.075+0000] {dagbag.py:536} INFO - Filling up the DagBag from /home/airflow/.local/lib/python3.8/site-packages/airflow/example_dags/example_setup_teardown_taskflow.py
[2023-11-08T22:29:18.081+0000] {processor.py:839} INFO - DAG(s) dict_keys(['example_setup_teardown_taskflow']) retrieved from /home/airflow/.local/lib/python3.8/site-packages/airflow/example_dags/example_setup_teardown_taskflow.py
[2023-11-08T22:29:18.095+0000] {logging_mixin.py:154} INFO - [2023-11-08T22:29:18.095+0000] {dag.py:2941} INFO - Sync 1 DAGs
[2023-11-08T22:29:18.110+0000] {logging_mixin.py:154} INFO - [2023-11-08T22:29:18.109+0000] {dag.py:3722} INFO - Setting next_dagrun for example_setup_teardown_taskflow to 2023-11-07T22:29:18.109716+00:00, run_after=2023-11-08T22:29:18.109716+00:00
[2023-11-08T22:29:18.134+0000] {processor.py:179} INFO - Processing /home/airflow/.local/lib/python3.8/site-packages/airflow/example_dags/example_setup_teardown_taskflow.py took 0.063 seconds
[2023-11-08T22:29:48.318+0000] {processor.py:157} INFO - Started process (PID=307) to work on /home/airflow/.local/lib/python3.8/site-packages/airflow/example_dags/example_setup_teardown_taskflow.py
[2023-11-08T22:29:48.318+0000] {processor.py:829} INFO - Processing file /home/airflow/.local/lib/python3.8/site-packages/airflow/example_dags/example_setup_teardown_taskflow.py for tasks to queue
[2023-11-08T22:29:48.320+0000] {logging_mixin.py:154} INFO - [2023-11-08T22:29:48.319+0000] {dagbag.py:536} INFO - Filling up the DagBag from /home/airflow/.local/lib/python3.8/site-packages/airflow/example_dags/example_setup_teardown_taskflow.py
[2023-11-08T22:29:48.325+0000] {processor.py:839} INFO - DAG(s) dict_keys(['example_setup_teardown_taskflow']) retrieved from /home/airflow/.local/lib/python3.8/site-packages/airflow/example_dags/example_setup_teardown_taskflow.py
[2023-11-08T22:29:48.339+0000] {logging_mixin.py:154} INFO - [2023-11-08T22:29:48.338+0000] {dag.py:2941} INFO - Sync 1 DAGs
[2023-11-08T22:29:48.355+0000] {logging_mixin.py:154} INFO - [2023-11-08T22:29:48.355+0000] {dag.py:3722} INFO - Setting next_dagrun for example_setup_teardown_taskflow to 2023-11-07T22:29:48.355601+00:00, run_after=2023-11-08T22:29:48.355601+00:00
[2023-11-08T22:29:48.366+0000] {processor.py:179} INFO - Processing /home/airflow/.local/lib/python3.8/site-packages/airflow/example_dags/example_setup_teardown_taskflow.py took 0.050 seconds
[2023-11-08T22:30:19.046+0000] {processor.py:157} INFO - Started process (PID=361) to work on /home/airflow/.local/lib/python3.8/site-packages/airflow/example_dags/example_setup_teardown_taskflow.py
[2023-11-08T22:30:19.047+0000] {processor.py:829} INFO - Processing file /home/airflow/.local/lib/python3.8/site-packages/airflow/example_dags/example_setup_teardown_taskflow.py for tasks to queue
[2023-11-08T22:30:19.048+0000] {logging_mixin.py:154} INFO - [2023-11-08T22:30:19.048+0000] {dagbag.py:536} INFO - Filling up the DagBag from /home/airflow/.local/lib/python3.8/site-packages/airflow/example_dags/example_setup_teardown_taskflow.py
[2023-11-08T22:30:19.055+0000] {processor.py:839} INFO - DAG(s) dict_keys(['example_setup_teardown_taskflow']) retrieved from /home/airflow/.local/lib/python3.8/site-packages/airflow/example_dags/example_setup_teardown_taskflow.py
[2023-11-08T22:30:19.067+0000] {logging_mixin.py:154} INFO - [2023-11-08T22:30:19.067+0000] {dag.py:2941} INFO - Sync 1 DAGs
[2023-11-08T22:30:19.082+0000] {logging_mixin.py:154} INFO - [2023-11-08T22:30:19.082+0000] {dag.py:3722} INFO - Setting next_dagrun for example_setup_teardown_taskflow to 2023-11-07T22:30:19.082211+00:00, run_after=2023-11-08T22:30:19.082211+00:00
[2023-11-08T22:30:19.092+0000] {processor.py:179} INFO - Processing /home/airflow/.local/lib/python3.8/site-packages/airflow/example_dags/example_setup_teardown_taskflow.py took 0.048 seconds
[2023-11-08T22:30:49.715+0000] {processor.py:157} INFO - Started process (PID=415) to work on /home/airflow/.local/lib/python3.8/site-packages/airflow/example_dags/example_setup_teardown_taskflow.py
[2023-11-08T22:30:49.716+0000] {processor.py:829} INFO - Processing file /home/airflow/.local/lib/python3.8/site-packages/airflow/example_dags/example_setup_teardown_taskflow.py for tasks to queue
[2023-11-08T22:30:49.717+0000] {logging_mixin.py:154} INFO - [2023-11-08T22:30:49.717+0000] {dagbag.py:536} INFO - Filling up the DagBag from /home/airflow/.local/lib/python3.8/site-packages/airflow/example_dags/example_setup_teardown_taskflow.py
[2023-11-08T22:30:49.725+0000] {processor.py:839} INFO - DAG(s) dict_keys(['example_setup_teardown_taskflow']) retrieved from /home/airflow/.local/lib/python3.8/site-packages/airflow/example_dags/example_setup_teardown_taskflow.py
[2023-11-08T22:30:49.747+0000] {logging_mixin.py:154} INFO - [2023-11-08T22:30:49.747+0000] {dag.py:2941} INFO - Sync 1 DAGs
[2023-11-08T22:30:49.766+0000] {logging_mixin.py:154} INFO - [2023-11-08T22:30:49.766+0000] {dag.py:3722} INFO - Setting next_dagrun for example_setup_teardown_taskflow to 2023-11-07T22:30:49.766531+00:00, run_after=2023-11-08T22:30:49.766531+00:00
[2023-11-08T22:30:49.783+0000] {processor.py:179} INFO - Processing /home/airflow/.local/lib/python3.8/site-packages/airflow/example_dags/example_setup_teardown_taskflow.py took 0.069 seconds
[2023-11-08T22:31:20.495+0000] {processor.py:157} INFO - Started process (PID=469) to work on /home/airflow/.local/lib/python3.8/site-packages/airflow/example_dags/example_setup_teardown_taskflow.py
[2023-11-08T22:31:20.495+0000] {processor.py:829} INFO - Processing file /home/airflow/.local/lib/python3.8/site-packages/airflow/example_dags/example_setup_teardown_taskflow.py for tasks to queue
[2023-11-08T22:31:20.496+0000] {logging_mixin.py:154} INFO - [2023-11-08T22:31:20.496+0000] {dagbag.py:536} INFO - Filling up the DagBag from /home/airflow/.local/lib/python3.8/site-packages/airflow/example_dags/example_setup_teardown_taskflow.py
[2023-11-08T22:31:20.501+0000] {processor.py:839} INFO - DAG(s) dict_keys(['example_setup_teardown_taskflow']) retrieved from /home/airflow/.local/lib/python3.8/site-packages/airflow/example_dags/example_setup_teardown_taskflow.py
[2023-11-08T22:31:20.518+0000] {logging_mixin.py:154} INFO - [2023-11-08T22:31:20.518+0000] {dag.py:2941} INFO - Sync 1 DAGs
[2023-11-08T22:31:20.537+0000] {logging_mixin.py:154} INFO - [2023-11-08T22:31:20.537+0000] {dag.py:3722} INFO - Setting next_dagrun for example_setup_teardown_taskflow to 2023-11-07T22:31:20.537123+00:00, run_after=2023-11-08T22:31:20.537123+00:00
[2023-11-08T22:31:20.554+0000] {processor.py:179} INFO - Processing /home/airflow/.local/lib/python3.8/site-packages/airflow/example_dags/example_setup_teardown_taskflow.py took 0.061 seconds
[2023-11-08T22:31:50.757+0000] {processor.py:157} INFO - Started process (PID=523) to work on /home/airflow/.local/lib/python3.8/site-packages/airflow/example_dags/example_setup_teardown_taskflow.py
[2023-11-08T22:31:50.758+0000] {processor.py:829} INFO - Processing file /home/airflow/.local/lib/python3.8/site-packages/airflow/example_dags/example_setup_teardown_taskflow.py for tasks to queue
[2023-11-08T22:31:50.759+0000] {logging_mixin.py:154} INFO - [2023-11-08T22:31:50.759+0000] {dagbag.py:536} INFO - Filling up the DagBag from /home/airflow/.local/lib/python3.8/site-packages/airflow/example_dags/example_setup_teardown_taskflow.py
[2023-11-08T22:31:50.765+0000] {processor.py:839} INFO - DAG(s) dict_keys(['example_setup_teardown_taskflow']) retrieved from /home/airflow/.local/lib/python3.8/site-packages/airflow/example_dags/example_setup_teardown_taskflow.py
[2023-11-08T22:31:50.777+0000] {logging_mixin.py:154} INFO - [2023-11-08T22:31:50.777+0000] {dag.py:2941} INFO - Sync 1 DAGs
[2023-11-08T22:31:50.794+0000] {logging_mixin.py:154} INFO - [2023-11-08T22:31:50.793+0000] {dag.py:3722} INFO - Setting next_dagrun for example_setup_teardown_taskflow to 2023-11-07T22:31:50.793743+00:00, run_after=2023-11-08T22:31:50.793743+00:00
[2023-11-08T22:31:50.807+0000] {processor.py:179} INFO - Processing /home/airflow/.local/lib/python3.8/site-packages/airflow/example_dags/example_setup_teardown_taskflow.py took 0.051 seconds
[2023-11-08T22:32:20.944+0000] {processor.py:157} INFO - Started process (PID=578) to work on /home/airflow/.local/lib/python3.8/site-packages/airflow/example_dags/example_setup_teardown_taskflow.py
[2023-11-08T22:32:20.945+0000] {processor.py:829} INFO - Processing file /home/airflow/.local/lib/python3.8/site-packages/airflow/example_dags/example_setup_teardown_taskflow.py for tasks to queue
[2023-11-08T22:32:20.946+0000] {logging_mixin.py:154} INFO - [2023-11-08T22:32:20.946+0000] {dagbag.py:536} INFO - Filling up the DagBag from /home/airflow/.local/lib/python3.8/site-packages/airflow/example_dags/example_setup_teardown_taskflow.py
[2023-11-08T22:32:20.952+0000] {processor.py:839} INFO - DAG(s) dict_keys(['example_setup_teardown_taskflow']) retrieved from /home/airflow/.local/lib/python3.8/site-packages/airflow/example_dags/example_setup_teardown_taskflow.py
[2023-11-08T22:32:20.964+0000] {logging_mixin.py:154} INFO - [2023-11-08T22:32:20.964+0000] {dag.py:2941} INFO - Sync 1 DAGs
[2023-11-08T22:32:20.978+0000] {logging_mixin.py:154} INFO - [2023-11-08T22:32:20.978+0000] {dag.py:3722} INFO - Setting next_dagrun for example_setup_teardown_taskflow to 2023-11-07T22:32:20.978666+00:00, run_after=2023-11-08T22:32:20.978666+00:00
[2023-11-08T22:32:20.989+0000] {processor.py:179} INFO - Processing /home/airflow/.local/lib/python3.8/site-packages/airflow/example_dags/example_setup_teardown_taskflow.py took 0.047 seconds
[2023-11-08T22:32:51.099+0000] {processor.py:157} INFO - Started process (PID=633) to work on /home/airflow/.local/lib/python3.8/site-packages/airflow/example_dags/example_setup_teardown_taskflow.py
[2023-11-08T22:32:51.099+0000] {processor.py:829} INFO - Processing file /home/airflow/.local/lib/python3.8/site-packages/airflow/example_dags/example_setup_teardown_taskflow.py for tasks to queue
[2023-11-08T22:32:51.100+0000] {logging_mixin.py:154} INFO - [2023-11-08T22:32:51.100+0000] {dagbag.py:536} INFO - Filling up the DagBag from /home/airflow/.local/lib/python3.8/site-packages/airflow/example_dags/example_setup_teardown_taskflow.py
[2023-11-08T22:32:51.106+0000] {processor.py:839} INFO - DAG(s) dict_keys(['example_setup_teardown_taskflow']) retrieved from /home/airflow/.local/lib/python3.8/site-packages/airflow/example_dags/example_setup_teardown_taskflow.py
[2023-11-08T22:32:51.120+0000] {logging_mixin.py:154} INFO - [2023-11-08T22:32:51.119+0000] {dag.py:2941} INFO - Sync 1 DAGs
[2023-11-08T22:32:51.138+0000] {logging_mixin.py:154} INFO - [2023-11-08T22:32:51.138+0000] {dag.py:3722} INFO - Setting next_dagrun for example_setup_teardown_taskflow to 2023-11-07T22:32:51.138020+00:00, run_after=2023-11-08T22:32:51.138020+00:00
[2023-11-08T22:32:51.160+0000] {processor.py:179} INFO - Processing /home/airflow/.local/lib/python3.8/site-packages/airflow/example_dags/example_setup_teardown_taskflow.py took 0.063 seconds
[2023-11-08T22:33:21.185+0000] {processor.py:157} INFO - Started process (PID=688) to work on /home/airflow/.local/lib/python3.8/site-packages/airflow/example_dags/example_setup_teardown_taskflow.py
[2023-11-08T22:33:21.186+0000] {processor.py:829} INFO - Processing file /home/airflow/.local/lib/python3.8/site-packages/airflow/example_dags/example_setup_teardown_taskflow.py for tasks to queue
[2023-11-08T22:33:21.187+0000] {logging_mixin.py:154} INFO - [2023-11-08T22:33:21.187+0000] {dagbag.py:536} INFO - Filling up the DagBag from /home/airflow/.local/lib/python3.8/site-packages/airflow/example_dags/example_setup_teardown_taskflow.py
[2023-11-08T22:33:21.192+0000] {processor.py:839} INFO - DAG(s) dict_keys(['example_setup_teardown_taskflow']) retrieved from /home/airflow/.local/lib/python3.8/site-packages/airflow/example_dags/example_setup_teardown_taskflow.py
[2023-11-08T22:33:21.204+0000] {logging_mixin.py:154} INFO - [2023-11-08T22:33:21.203+0000] {dag.py:2941} INFO - Sync 1 DAGs
[2023-11-08T22:33:21.217+0000] {logging_mixin.py:154} INFO - [2023-11-08T22:33:21.217+0000] {dag.py:3722} INFO - Setting next_dagrun for example_setup_teardown_taskflow to 2023-11-07T22:33:21.217293+00:00, run_after=2023-11-08T22:33:21.217293+00:00
[2023-11-08T22:33:21.232+0000] {processor.py:179} INFO - Processing /home/airflow/.local/lib/python3.8/site-packages/airflow/example_dags/example_setup_teardown_taskflow.py took 0.049 seconds
[2023-11-08T22:33:51.354+0000] {processor.py:157} INFO - Started process (PID=743) to work on /home/airflow/.local/lib/python3.8/site-packages/airflow/example_dags/example_setup_teardown_taskflow.py
[2023-11-08T22:33:51.354+0000] {processor.py:829} INFO - Processing file /home/airflow/.local/lib/python3.8/site-packages/airflow/example_dags/example_setup_teardown_taskflow.py for tasks to queue
[2023-11-08T22:33:51.356+0000] {logging_mixin.py:154} INFO - [2023-11-08T22:33:51.355+0000] {dagbag.py:536} INFO - Filling up the DagBag from /home/airflow/.local/lib/python3.8/site-packages/airflow/example_dags/example_setup_teardown_taskflow.py
[2023-11-08T22:33:51.361+0000] {processor.py:839} INFO - DAG(s) dict_keys(['example_setup_teardown_taskflow']) retrieved from /home/airflow/.local/lib/python3.8/site-packages/airflow/example_dags/example_setup_teardown_taskflow.py
[2023-11-08T22:33:51.373+0000] {logging_mixin.py:154} INFO - [2023-11-08T22:33:51.373+0000] {dag.py:2941} INFO - Sync 1 DAGs
[2023-11-08T22:33:51.387+0000] {logging_mixin.py:154} INFO - [2023-11-08T22:33:51.387+0000] {dag.py:3722} INFO - Setting next_dagrun for example_setup_teardown_taskflow to 2023-11-07T22:33:51.387148+00:00, run_after=2023-11-08T22:33:51.387148+00:00
[2023-11-08T22:33:51.399+0000] {processor.py:179} INFO - Processing /home/airflow/.local/lib/python3.8/site-packages/airflow/example_dags/example_setup_teardown_taskflow.py took 0.047 seconds
[2023-11-08T22:34:21.994+0000] {processor.py:157} INFO - Started process (PID=798) to work on /home/airflow/.local/lib/python3.8/site-packages/airflow/example_dags/example_setup_teardown_taskflow.py
[2023-11-08T22:34:21.994+0000] {processor.py:829} INFO - Processing file /home/airflow/.local/lib/python3.8/site-packages/airflow/example_dags/example_setup_teardown_taskflow.py for tasks to queue
[2023-11-08T22:34:21.995+0000] {logging_mixin.py:154} INFO - [2023-11-08T22:34:21.995+0000] {dagbag.py:536} INFO - Filling up the DagBag from /home/airflow/.local/lib/python3.8/site-packages/airflow/example_dags/example_setup_teardown_taskflow.py
[2023-11-08T22:34:22.000+0000] {processor.py:839} INFO - DAG(s) dict_keys(['example_setup_teardown_taskflow']) retrieved from /home/airflow/.local/lib/python3.8/site-packages/airflow/example_dags/example_setup_teardown_taskflow.py
[2023-11-08T22:34:22.013+0000] {logging_mixin.py:154} INFO - [2023-11-08T22:34:22.013+0000] {dag.py:2941} INFO - Sync 1 DAGs
[2023-11-08T22:34:22.028+0000] {logging_mixin.py:154} INFO - [2023-11-08T22:34:22.028+0000] {dag.py:3722} INFO - Setting next_dagrun for example_setup_teardown_taskflow to 2023-11-07T22:34:22.028187+00:00, run_after=2023-11-08T22:34:22.028187+00:00
[2023-11-08T22:34:22.038+0000] {processor.py:179} INFO - Processing /home/airflow/.local/lib/python3.8/site-packages/airflow/example_dags/example_setup_teardown_taskflow.py took 0.046 seconds
[2023-11-08T22:34:52.574+0000] {processor.py:157} INFO - Started process (PID=853) to work on /home/airflow/.local/lib/python3.8/site-packages/airflow/example_dags/example_setup_teardown_taskflow.py
[2023-11-08T22:34:52.575+0000] {processor.py:829} INFO - Processing file /home/airflow/.local/lib/python3.8/site-packages/airflow/example_dags/example_setup_teardown_taskflow.py for tasks to queue
[2023-11-08T22:34:52.576+0000] {logging_mixin.py:154} INFO - [2023-11-08T22:34:52.576+0000] {dagbag.py:536} INFO - Filling up the DagBag from /home/airflow/.local/lib/python3.8/site-packages/airflow/example_dags/example_setup_teardown_taskflow.py
[2023-11-08T22:34:52.581+0000] {processor.py:839} INFO - DAG(s) dict_keys(['example_setup_teardown_taskflow']) retrieved from /home/airflow/.local/lib/python3.8/site-packages/airflow/example_dags/example_setup_teardown_taskflow.py
[2023-11-08T22:34:52.593+0000] {logging_mixin.py:154} INFO - [2023-11-08T22:34:52.593+0000] {dag.py:2941} INFO - Sync 1 DAGs
[2023-11-08T22:34:52.607+0000] {logging_mixin.py:154} INFO - [2023-11-08T22:34:52.607+0000] {dag.py:3722} INFO - Setting next_dagrun for example_setup_teardown_taskflow to 2023-11-07T22:34:52.606999+00:00, run_after=2023-11-08T22:34:52.606999+00:00
[2023-11-08T22:34:52.618+0000] {processor.py:179} INFO - Processing /home/airflow/.local/lib/python3.8/site-packages/airflow/example_dags/example_setup_teardown_taskflow.py took 0.045 seconds
[2023-11-08T22:35:23.212+0000] {processor.py:157} INFO - Started process (PID=908) to work on /home/airflow/.local/lib/python3.8/site-packages/airflow/example_dags/example_setup_teardown_taskflow.py
[2023-11-08T22:35:23.212+0000] {processor.py:829} INFO - Processing file /home/airflow/.local/lib/python3.8/site-packages/airflow/example_dags/example_setup_teardown_taskflow.py for tasks to queue
[2023-11-08T22:35:23.213+0000] {logging_mixin.py:154} INFO - [2023-11-08T22:35:23.213+0000] {dagbag.py:536} INFO - Filling up the DagBag from /home/airflow/.local/lib/python3.8/site-packages/airflow/example_dags/example_setup_teardown_taskflow.py
[2023-11-08T22:35:23.219+0000] {processor.py:839} INFO - DAG(s) dict_keys(['example_setup_teardown_taskflow']) retrieved from /home/airflow/.local/lib/python3.8/site-packages/airflow/example_dags/example_setup_teardown_taskflow.py
[2023-11-08T22:35:23.231+0000] {logging_mixin.py:154} INFO - [2023-11-08T22:35:23.231+0000] {dag.py:2941} INFO - Sync 1 DAGs
[2023-11-08T22:35:23.245+0000] {logging_mixin.py:154} INFO - [2023-11-08T22:35:23.245+0000] {dag.py:3722} INFO - Setting next_dagrun for example_setup_teardown_taskflow to 2023-11-07T22:35:23.245524+00:00, run_after=2023-11-08T22:35:23.245524+00:00
[2023-11-08T22:35:23.259+0000] {processor.py:179} INFO - Processing /home/airflow/.local/lib/python3.8/site-packages/airflow/example_dags/example_setup_teardown_taskflow.py took 0.049 seconds
[2023-11-08T22:35:53.320+0000] {processor.py:157} INFO - Started process (PID=963) to work on /home/airflow/.local/lib/python3.8/site-packages/airflow/example_dags/example_setup_teardown_taskflow.py
[2023-11-08T22:35:53.320+0000] {processor.py:829} INFO - Processing file /home/airflow/.local/lib/python3.8/site-packages/airflow/example_dags/example_setup_teardown_taskflow.py for tasks to queue
[2023-11-08T22:35:53.321+0000] {logging_mixin.py:154} INFO - [2023-11-08T22:35:53.321+0000] {dagbag.py:536} INFO - Filling up the DagBag from /home/airflow/.local/lib/python3.8/site-packages/airflow/example_dags/example_setup_teardown_taskflow.py
[2023-11-08T22:35:53.326+0000] {processor.py:839} INFO - DAG(s) dict_keys(['example_setup_teardown_taskflow']) retrieved from /home/airflow/.local/lib/python3.8/site-packages/airflow/example_dags/example_setup_teardown_taskflow.py
[2023-11-08T22:35:53.338+0000] {logging_mixin.py:154} INFO - [2023-11-08T22:35:53.338+0000] {dag.py:2941} INFO - Sync 1 DAGs
[2023-11-08T22:35:53.351+0000] {logging_mixin.py:154} INFO - [2023-11-08T22:35:53.350+0000] {dag.py:3722} INFO - Setting next_dagrun for example_setup_teardown_taskflow to 2023-11-07T22:35:53.350727+00:00, run_after=2023-11-08T22:35:53.350727+00:00
[2023-11-08T22:35:53.361+0000] {processor.py:179} INFO - Processing /home/airflow/.local/lib/python3.8/site-packages/airflow/example_dags/example_setup_teardown_taskflow.py took 0.043 seconds
[2023-11-08T22:36:23.940+0000] {processor.py:157} INFO - Started process (PID=1018) to work on /home/airflow/.local/lib/python3.8/site-packages/airflow/example_dags/example_setup_teardown_taskflow.py
[2023-11-08T22:36:23.941+0000] {processor.py:829} INFO - Processing file /home/airflow/.local/lib/python3.8/site-packages/airflow/example_dags/example_setup_teardown_taskflow.py for tasks to queue
[2023-11-08T22:36:23.942+0000] {logging_mixin.py:154} INFO - [2023-11-08T22:36:23.942+0000] {dagbag.py:536} INFO - Filling up the DagBag from /home/airflow/.local/lib/python3.8/site-packages/airflow/example_dags/example_setup_teardown_taskflow.py
[2023-11-08T22:36:23.947+0000] {processor.py:839} INFO - DAG(s) dict_keys(['example_setup_teardown_taskflow']) retrieved from /home/airflow/.local/lib/python3.8/site-packages/airflow/example_dags/example_setup_teardown_taskflow.py
[2023-11-08T22:36:23.959+0000] {logging_mixin.py:154} INFO - [2023-11-08T22:36:23.959+0000] {dag.py:2941} INFO - Sync 1 DAGs
[2023-11-08T22:36:23.972+0000] {logging_mixin.py:154} INFO - [2023-11-08T22:36:23.972+0000] {dag.py:3722} INFO - Setting next_dagrun for example_setup_teardown_taskflow to 2023-11-07T22:36:23.972157+00:00, run_after=2023-11-08T22:36:23.972157+00:00
[2023-11-08T22:36:23.982+0000] {processor.py:179} INFO - Processing /home/airflow/.local/lib/python3.8/site-packages/airflow/example_dags/example_setup_teardown_taskflow.py took 0.044 seconds
[2023-11-08T22:36:54.516+0000] {processor.py:157} INFO - Started process (PID=1074) to work on /home/airflow/.local/lib/python3.8/site-packages/airflow/example_dags/example_setup_teardown_taskflow.py
[2023-11-08T22:36:54.522+0000] {processor.py:829} INFO - Processing file /home/airflow/.local/lib/python3.8/site-packages/airflow/example_dags/example_setup_teardown_taskflow.py for tasks to queue
[2023-11-08T22:36:54.523+0000] {logging_mixin.py:154} INFO - [2023-11-08T22:36:54.523+0000] {dagbag.py:536} INFO - Filling up the DagBag from /home/airflow/.local/lib/python3.8/site-packages/airflow/example_dags/example_setup_teardown_taskflow.py
[2023-11-08T22:36:54.529+0000] {processor.py:839} INFO - DAG(s) dict_keys(['example_setup_teardown_taskflow']) retrieved from /home/airflow/.local/lib/python3.8/site-packages/airflow/example_dags/example_setup_teardown_taskflow.py
[2023-11-08T22:36:54.544+0000] {logging_mixin.py:154} INFO - [2023-11-08T22:36:54.543+0000] {dag.py:2941} INFO - Sync 1 DAGs
[2023-11-08T22:36:54.557+0000] {logging_mixin.py:154} INFO - [2023-11-08T22:36:54.557+0000] {dag.py:3722} INFO - Setting next_dagrun for example_setup_teardown_taskflow to 2023-11-07T22:36:54.557360+00:00, run_after=2023-11-08T22:36:54.557360+00:00
[2023-11-08T22:36:54.571+0000] {processor.py:179} INFO - Processing /home/airflow/.local/lib/python3.8/site-packages/airflow/example_dags/example_setup_teardown_taskflow.py took 0.057 seconds
[2023-11-08T22:37:25.247+0000] {processor.py:157} INFO - Started process (PID=1129) to work on /home/airflow/.local/lib/python3.8/site-packages/airflow/example_dags/example_setup_teardown_taskflow.py
[2023-11-08T22:37:25.248+0000] {processor.py:829} INFO - Processing file /home/airflow/.local/lib/python3.8/site-packages/airflow/example_dags/example_setup_teardown_taskflow.py for tasks to queue
[2023-11-08T22:37:25.250+0000] {logging_mixin.py:154} INFO - [2023-11-08T22:37:25.249+0000] {dagbag.py:536} INFO - Filling up the DagBag from /home/airflow/.local/lib/python3.8/site-packages/airflow/example_dags/example_setup_teardown_taskflow.py
[2023-11-08T22:37:25.256+0000] {processor.py:839} INFO - DAG(s) dict_keys(['example_setup_teardown_taskflow']) retrieved from /home/airflow/.local/lib/python3.8/site-packages/airflow/example_dags/example_setup_teardown_taskflow.py
[2023-11-08T22:37:25.270+0000] {logging_mixin.py:154} INFO - [2023-11-08T22:37:25.270+0000] {dag.py:2941} INFO - Sync 1 DAGs
[2023-11-08T22:37:25.285+0000] {logging_mixin.py:154} INFO - [2023-11-08T22:37:25.285+0000] {dag.py:3722} INFO - Setting next_dagrun for example_setup_teardown_taskflow to 2023-11-07T22:37:25.285368+00:00, run_after=2023-11-08T22:37:25.285368+00:00
[2023-11-08T22:37:25.297+0000] {processor.py:179} INFO - Processing /home/airflow/.local/lib/python3.8/site-packages/airflow/example_dags/example_setup_teardown_taskflow.py took 0.052 seconds
[2023-11-08T22:37:55.972+0000] {processor.py:157} INFO - Started process (PID=1184) to work on /home/airflow/.local/lib/python3.8/site-packages/airflow/example_dags/example_setup_teardown_taskflow.py
[2023-11-08T22:37:55.972+0000] {processor.py:829} INFO - Processing file /home/airflow/.local/lib/python3.8/site-packages/airflow/example_dags/example_setup_teardown_taskflow.py for tasks to queue
[2023-11-08T22:37:55.974+0000] {logging_mixin.py:154} INFO - [2023-11-08T22:37:55.973+0000] {dagbag.py:536} INFO - Filling up the DagBag from /home/airflow/.local/lib/python3.8/site-packages/airflow/example_dags/example_setup_teardown_taskflow.py
[2023-11-08T22:37:55.981+0000] {processor.py:839} INFO - DAG(s) dict_keys(['example_setup_teardown_taskflow']) retrieved from /home/airflow/.local/lib/python3.8/site-packages/airflow/example_dags/example_setup_teardown_taskflow.py
[2023-11-08T22:37:55.999+0000] {logging_mixin.py:154} INFO - [2023-11-08T22:37:55.999+0000] {dag.py:2941} INFO - Sync 1 DAGs
[2023-11-08T22:37:56.020+0000] {logging_mixin.py:154} INFO - [2023-11-08T22:37:56.020+0000] {dag.py:3722} INFO - Setting next_dagrun for example_setup_teardown_taskflow to 2023-11-07T22:37:56.020169+00:00, run_after=2023-11-08T22:37:56.020169+00:00
[2023-11-08T22:37:56.035+0000] {processor.py:179} INFO - Processing /home/airflow/.local/lib/python3.8/site-packages/airflow/example_dags/example_setup_teardown_taskflow.py took 0.065 seconds
[2023-11-08T22:38:26.520+0000] {processor.py:157} INFO - Started process (PID=1239) to work on /home/airflow/.local/lib/python3.8/site-packages/airflow/example_dags/example_setup_teardown_taskflow.py
[2023-11-08T22:38:26.520+0000] {processor.py:829} INFO - Processing file /home/airflow/.local/lib/python3.8/site-packages/airflow/example_dags/example_setup_teardown_taskflow.py for tasks to queue
[2023-11-08T22:38:26.521+0000] {logging_mixin.py:154} INFO - [2023-11-08T22:38:26.521+0000] {dagbag.py:536} INFO - Filling up the DagBag from /home/airflow/.local/lib/python3.8/site-packages/airflow/example_dags/example_setup_teardown_taskflow.py
[2023-11-08T22:38:26.526+0000] {processor.py:839} INFO - DAG(s) dict_keys(['example_setup_teardown_taskflow']) retrieved from /home/airflow/.local/lib/python3.8/site-packages/airflow/example_dags/example_setup_teardown_taskflow.py
[2023-11-08T22:38:26.539+0000] {logging_mixin.py:154} INFO - [2023-11-08T22:38:26.539+0000] {dag.py:2941} INFO - Sync 1 DAGs
[2023-11-08T22:38:26.552+0000] {logging_mixin.py:154} INFO - [2023-11-08T22:38:26.551+0000] {dag.py:3722} INFO - Setting next_dagrun for example_setup_teardown_taskflow to 2023-11-07T22:38:26.551774+00:00, run_after=2023-11-08T22:38:26.551774+00:00
[2023-11-08T22:38:26.562+0000] {processor.py:179} INFO - Processing /home/airflow/.local/lib/python3.8/site-packages/airflow/example_dags/example_setup_teardown_taskflow.py took 0.044 seconds
[2023-11-08T22:38:57.163+0000] {processor.py:157} INFO - Started process (PID=1295) to work on /home/airflow/.local/lib/python3.8/site-packages/airflow/example_dags/example_setup_teardown_taskflow.py
[2023-11-08T22:38:57.164+0000] {processor.py:829} INFO - Processing file /home/airflow/.local/lib/python3.8/site-packages/airflow/example_dags/example_setup_teardown_taskflow.py for tasks to queue
[2023-11-08T22:38:57.165+0000] {logging_mixin.py:154} INFO - [2023-11-08T22:38:57.165+0000] {dagbag.py:536} INFO - Filling up the DagBag from /home/airflow/.local/lib/python3.8/site-packages/airflow/example_dags/example_setup_teardown_taskflow.py
[2023-11-08T22:38:57.170+0000] {processor.py:839} INFO - DAG(s) dict_keys(['example_setup_teardown_taskflow']) retrieved from /home/airflow/.local/lib/python3.8/site-packages/airflow/example_dags/example_setup_teardown_taskflow.py
[2023-11-08T22:38:57.182+0000] {logging_mixin.py:154} INFO - [2023-11-08T22:38:57.182+0000] {dag.py:2941} INFO - Sync 1 DAGs
[2023-11-08T22:38:57.195+0000] {logging_mixin.py:154} INFO - [2023-11-08T22:38:57.195+0000] {dag.py:3722} INFO - Setting next_dagrun for example_setup_teardown_taskflow to 2023-11-07T22:38:57.194962+00:00, run_after=2023-11-08T22:38:57.194962+00:00
[2023-11-08T22:38:57.204+0000] {processor.py:179} INFO - Processing /home/airflow/.local/lib/python3.8/site-packages/airflow/example_dags/example_setup_teardown_taskflow.py took 0.043 seconds
[2023-11-08T22:39:27.701+0000] {processor.py:157} INFO - Started process (PID=1351) to work on /home/airflow/.local/lib/python3.8/site-packages/airflow/example_dags/example_setup_teardown_taskflow.py
[2023-11-08T22:39:27.702+0000] {processor.py:829} INFO - Processing file /home/airflow/.local/lib/python3.8/site-packages/airflow/example_dags/example_setup_teardown_taskflow.py for tasks to queue
[2023-11-08T22:39:27.703+0000] {logging_mixin.py:154} INFO - [2023-11-08T22:39:27.703+0000] {dagbag.py:536} INFO - Filling up the DagBag from /home/airflow/.local/lib/python3.8/site-packages/airflow/example_dags/example_setup_teardown_taskflow.py
[2023-11-08T22:39:27.709+0000] {processor.py:839} INFO - DAG(s) dict_keys(['example_setup_teardown_taskflow']) retrieved from /home/airflow/.local/lib/python3.8/site-packages/airflow/example_dags/example_setup_teardown_taskflow.py
[2023-11-08T22:39:27.722+0000] {logging_mixin.py:154} INFO - [2023-11-08T22:39:27.722+0000] {dag.py:2941} INFO - Sync 1 DAGs
[2023-11-08T22:39:27.738+0000] {logging_mixin.py:154} INFO - [2023-11-08T22:39:27.738+0000] {dag.py:3722} INFO - Setting next_dagrun for example_setup_teardown_taskflow to 2023-11-07T22:39:27.738146+00:00, run_after=2023-11-08T22:39:27.738146+00:00
[2023-11-08T22:39:27.751+0000] {processor.py:179} INFO - Processing /home/airflow/.local/lib/python3.8/site-packages/airflow/example_dags/example_setup_teardown_taskflow.py took 0.052 seconds
[2023-11-08T22:39:58.323+0000] {processor.py:157} INFO - Started process (PID=1406) to work on /home/airflow/.local/lib/python3.8/site-packages/airflow/example_dags/example_setup_teardown_taskflow.py
[2023-11-08T22:39:58.324+0000] {processor.py:829} INFO - Processing file /home/airflow/.local/lib/python3.8/site-packages/airflow/example_dags/example_setup_teardown_taskflow.py for tasks to queue
[2023-11-08T22:39:58.325+0000] {logging_mixin.py:154} INFO - [2023-11-08T22:39:58.325+0000] {dagbag.py:536} INFO - Filling up the DagBag from /home/airflow/.local/lib/python3.8/site-packages/airflow/example_dags/example_setup_teardown_taskflow.py
[2023-11-08T22:39:58.330+0000] {processor.py:839} INFO - DAG(s) dict_keys(['example_setup_teardown_taskflow']) retrieved from /home/airflow/.local/lib/python3.8/site-packages/airflow/example_dags/example_setup_teardown_taskflow.py
[2023-11-08T22:39:58.344+0000] {logging_mixin.py:154} INFO - [2023-11-08T22:39:58.343+0000] {dag.py:2941} INFO - Sync 1 DAGs
[2023-11-08T22:39:58.357+0000] {logging_mixin.py:154} INFO - [2023-11-08T22:39:58.357+0000] {dag.py:3722} INFO - Setting next_dagrun for example_setup_teardown_taskflow to 2023-11-07T22:39:58.357238+00:00, run_after=2023-11-08T22:39:58.357238+00:00
[2023-11-08T22:39:58.367+0000] {processor.py:179} INFO - Processing /home/airflow/.local/lib/python3.8/site-packages/airflow/example_dags/example_setup_teardown_taskflow.py took 0.046 seconds
[2023-11-08T22:40:28.949+0000] {processor.py:157} INFO - Started process (PID=1461) to work on /home/airflow/.local/lib/python3.8/site-packages/airflow/example_dags/example_setup_teardown_taskflow.py
[2023-11-08T22:40:28.949+0000] {processor.py:829} INFO - Processing file /home/airflow/.local/lib/python3.8/site-packages/airflow/example_dags/example_setup_teardown_taskflow.py for tasks to queue
[2023-11-08T22:40:28.950+0000] {logging_mixin.py:154} INFO - [2023-11-08T22:40:28.950+0000] {dagbag.py:536} INFO - Filling up the DagBag from /home/airflow/.local/lib/python3.8/site-packages/airflow/example_dags/example_setup_teardown_taskflow.py
[2023-11-08T22:40:28.956+0000] {processor.py:839} INFO - DAG(s) dict_keys(['example_setup_teardown_taskflow']) retrieved from /home/airflow/.local/lib/python3.8/site-packages/airflow/example_dags/example_setup_teardown_taskflow.py
[2023-11-08T22:40:28.970+0000] {logging_mixin.py:154} INFO - [2023-11-08T22:40:28.970+0000] {dag.py:2941} INFO - Sync 1 DAGs
[2023-11-08T22:40:28.987+0000] {logging_mixin.py:154} INFO - [2023-11-08T22:40:28.987+0000] {dag.py:3722} INFO - Setting next_dagrun for example_setup_teardown_taskflow to 2023-11-07T22:40:28.987314+00:00, run_after=2023-11-08T22:40:28.987314+00:00
[2023-11-08T22:40:29.001+0000] {processor.py:179} INFO - Processing /home/airflow/.local/lib/python3.8/site-packages/airflow/example_dags/example_setup_teardown_taskflow.py took 0.054 seconds
[2023-11-08T22:40:59.470+0000] {processor.py:157} INFO - Started process (PID=1516) to work on /home/airflow/.local/lib/python3.8/site-packages/airflow/example_dags/example_setup_teardown_taskflow.py
[2023-11-08T22:40:59.470+0000] {processor.py:829} INFO - Processing file /home/airflow/.local/lib/python3.8/site-packages/airflow/example_dags/example_setup_teardown_taskflow.py for tasks to queue
[2023-11-08T22:40:59.472+0000] {logging_mixin.py:154} INFO - [2023-11-08T22:40:59.471+0000] {dagbag.py:536} INFO - Filling up the DagBag from /home/airflow/.local/lib/python3.8/site-packages/airflow/example_dags/example_setup_teardown_taskflow.py
[2023-11-08T22:40:59.477+0000] {processor.py:839} INFO - DAG(s) dict_keys(['example_setup_teardown_taskflow']) retrieved from /home/airflow/.local/lib/python3.8/site-packages/airflow/example_dags/example_setup_teardown_taskflow.py
[2023-11-08T22:40:59.489+0000] {logging_mixin.py:154} INFO - [2023-11-08T22:40:59.489+0000] {dag.py:2941} INFO - Sync 1 DAGs
[2023-11-08T22:40:59.503+0000] {logging_mixin.py:154} INFO - [2023-11-08T22:40:59.503+0000] {dag.py:3722} INFO - Setting next_dagrun for example_setup_teardown_taskflow to 2023-11-07T22:40:59.502808+00:00, run_after=2023-11-08T22:40:59.502808+00:00
[2023-11-08T22:40:59.513+0000] {processor.py:179} INFO - Processing /home/airflow/.local/lib/python3.8/site-packages/airflow/example_dags/example_setup_teardown_taskflow.py took 0.045 seconds
[2023-11-08T22:41:30.088+0000] {processor.py:157} INFO - Started process (PID=1571) to work on /home/airflow/.local/lib/python3.8/site-packages/airflow/example_dags/example_setup_teardown_taskflow.py
[2023-11-08T22:41:30.089+0000] {processor.py:829} INFO - Processing file /home/airflow/.local/lib/python3.8/site-packages/airflow/example_dags/example_setup_teardown_taskflow.py for tasks to queue
[2023-11-08T22:41:30.090+0000] {logging_mixin.py:154} INFO - [2023-11-08T22:41:30.090+0000] {dagbag.py:536} INFO - Filling up the DagBag from /home/airflow/.local/lib/python3.8/site-packages/airflow/example_dags/example_setup_teardown_taskflow.py
[2023-11-08T22:41:30.095+0000] {processor.py:839} INFO - DAG(s) dict_keys(['example_setup_teardown_taskflow']) retrieved from /home/airflow/.local/lib/python3.8/site-packages/airflow/example_dags/example_setup_teardown_taskflow.py
[2023-11-08T22:41:30.108+0000] {logging_mixin.py:154} INFO - [2023-11-08T22:41:30.108+0000] {dag.py:2941} INFO - Sync 1 DAGs
[2023-11-08T22:41:30.122+0000] {logging_mixin.py:154} INFO - [2023-11-08T22:41:30.122+0000] {dag.py:3722} INFO - Setting next_dagrun for example_setup_teardown_taskflow to 2023-11-07T22:41:30.122415+00:00, run_after=2023-11-08T22:41:30.122415+00:00
[2023-11-08T22:41:30.132+0000] {processor.py:179} INFO - Processing /home/airflow/.local/lib/python3.8/site-packages/airflow/example_dags/example_setup_teardown_taskflow.py took 0.046 seconds
[2023-11-08T22:42:00.732+0000] {processor.py:157} INFO - Started process (PID=1627) to work on /home/airflow/.local/lib/python3.8/site-packages/airflow/example_dags/example_setup_teardown_taskflow.py
[2023-11-08T22:42:00.736+0000] {processor.py:829} INFO - Processing file /home/airflow/.local/lib/python3.8/site-packages/airflow/example_dags/example_setup_teardown_taskflow.py for tasks to queue
[2023-11-08T22:42:00.737+0000] {logging_mixin.py:154} INFO - [2023-11-08T22:42:00.737+0000] {dagbag.py:536} INFO - Filling up the DagBag from /home/airflow/.local/lib/python3.8/site-packages/airflow/example_dags/example_setup_teardown_taskflow.py
[2023-11-08T22:42:00.742+0000] {processor.py:839} INFO - DAG(s) dict_keys(['example_setup_teardown_taskflow']) retrieved from /home/airflow/.local/lib/python3.8/site-packages/airflow/example_dags/example_setup_teardown_taskflow.py
[2023-11-08T22:42:00.755+0000] {logging_mixin.py:154} INFO - [2023-11-08T22:42:00.755+0000] {dag.py:2941} INFO - Sync 1 DAGs
[2023-11-08T22:42:00.769+0000] {logging_mixin.py:154} INFO - [2023-11-08T22:42:00.768+0000] {dag.py:3722} INFO - Setting next_dagrun for example_setup_teardown_taskflow to 2023-11-07T22:42:00.768768+00:00, run_after=2023-11-08T22:42:00.768768+00:00
[2023-11-08T22:42:00.779+0000] {processor.py:179} INFO - Processing /home/airflow/.local/lib/python3.8/site-packages/airflow/example_dags/example_setup_teardown_taskflow.py took 0.049 seconds
[2023-11-08T22:42:31.288+0000] {processor.py:157} INFO - Started process (PID=1682) to work on /home/airflow/.local/lib/python3.8/site-packages/airflow/example_dags/example_setup_teardown_taskflow.py
[2023-11-08T22:42:31.289+0000] {processor.py:829} INFO - Processing file /home/airflow/.local/lib/python3.8/site-packages/airflow/example_dags/example_setup_teardown_taskflow.py for tasks to queue
[2023-11-08T22:42:31.290+0000] {logging_mixin.py:154} INFO - [2023-11-08T22:42:31.290+0000] {dagbag.py:536} INFO - Filling up the DagBag from /home/airflow/.local/lib/python3.8/site-packages/airflow/example_dags/example_setup_teardown_taskflow.py
[2023-11-08T22:42:31.295+0000] {processor.py:839} INFO - DAG(s) dict_keys(['example_setup_teardown_taskflow']) retrieved from /home/airflow/.local/lib/python3.8/site-packages/airflow/example_dags/example_setup_teardown_taskflow.py
[2023-11-08T22:42:31.307+0000] {logging_mixin.py:154} INFO - [2023-11-08T22:42:31.307+0000] {dag.py:2941} INFO - Sync 1 DAGs
[2023-11-08T22:42:31.320+0000] {logging_mixin.py:154} INFO - [2023-11-08T22:42:31.320+0000] {dag.py:3722} INFO - Setting next_dagrun for example_setup_teardown_taskflow to 2023-11-07T22:42:31.320374+00:00, run_after=2023-11-08T22:42:31.320374+00:00
[2023-11-08T22:42:31.330+0000] {processor.py:179} INFO - Processing /home/airflow/.local/lib/python3.8/site-packages/airflow/example_dags/example_setup_teardown_taskflow.py took 0.044 seconds
[2023-11-08T22:43:01.894+0000] {processor.py:157} INFO - Started process (PID=1737) to work on /home/airflow/.local/lib/python3.8/site-packages/airflow/example_dags/example_setup_teardown_taskflow.py
[2023-11-08T22:43:01.895+0000] {processor.py:829} INFO - Processing file /home/airflow/.local/lib/python3.8/site-packages/airflow/example_dags/example_setup_teardown_taskflow.py for tasks to queue
[2023-11-08T22:43:01.896+0000] {logging_mixin.py:154} INFO - [2023-11-08T22:43:01.896+0000] {dagbag.py:536} INFO - Filling up the DagBag from /home/airflow/.local/lib/python3.8/site-packages/airflow/example_dags/example_setup_teardown_taskflow.py
[2023-11-08T22:43:01.901+0000] {processor.py:839} INFO - DAG(s) dict_keys(['example_setup_teardown_taskflow']) retrieved from /home/airflow/.local/lib/python3.8/site-packages/airflow/example_dags/example_setup_teardown_taskflow.py
[2023-11-08T22:43:01.914+0000] {logging_mixin.py:154} INFO - [2023-11-08T22:43:01.914+0000] {dag.py:2941} INFO - Sync 1 DAGs
[2023-11-08T22:43:01.927+0000] {logging_mixin.py:154} INFO - [2023-11-08T22:43:01.927+0000] {dag.py:3722} INFO - Setting next_dagrun for example_setup_teardown_taskflow to 2023-11-07T22:43:01.927218+00:00, run_after=2023-11-08T22:43:01.927218+00:00
[2023-11-08T22:43:01.938+0000] {processor.py:179} INFO - Processing /home/airflow/.local/lib/python3.8/site-packages/airflow/example_dags/example_setup_teardown_taskflow.py took 0.046 seconds
[2023-11-08T22:43:37.429+0000] {processor.py:157} INFO - Started process (PID=37) to work on /home/airflow/.local/lib/python3.8/site-packages/airflow/example_dags/example_setup_teardown_taskflow.py
[2023-11-08T22:43:37.430+0000] {processor.py:829} INFO - Processing file /home/airflow/.local/lib/python3.8/site-packages/airflow/example_dags/example_setup_teardown_taskflow.py for tasks to queue
[2023-11-08T22:43:37.431+0000] {logging_mixin.py:154} INFO - [2023-11-08T22:43:37.431+0000] {dagbag.py:536} INFO - Filling up the DagBag from /home/airflow/.local/lib/python3.8/site-packages/airflow/example_dags/example_setup_teardown_taskflow.py
[2023-11-08T22:43:37.439+0000] {processor.py:839} INFO - DAG(s) dict_keys(['example_setup_teardown_taskflow']) retrieved from /home/airflow/.local/lib/python3.8/site-packages/airflow/example_dags/example_setup_teardown_taskflow.py
[2023-11-08T22:43:37.448+0000] {logging_mixin.py:154} INFO - [2023-11-08T22:43:37.448+0000] {dag.py:2941} INFO - Sync 1 DAGs
[2023-11-08T22:43:37.465+0000] {logging_mixin.py:154} INFO - [2023-11-08T22:43:37.465+0000] {dag.py:3722} INFO - Setting next_dagrun for example_setup_teardown_taskflow to 2023-11-07T22:43:37.465065+00:00, run_after=2023-11-08T22:43:37.465065+00:00
[2023-11-08T22:43:37.478+0000] {processor.py:179} INFO - Processing /home/airflow/.local/lib/python3.8/site-packages/airflow/example_dags/example_setup_teardown_taskflow.py took 0.051 seconds
