[2023-11-08T22:09:15.960+0000] {processor.py:157} INFO - Started process (PID=53) to work on /home/airflow/.local/lib/python3.8/site-packages/airflow/example_dags/example_branch_operator.py
[2023-11-08T22:09:15.961+0000] {processor.py:829} INFO - Processing file /home/airflow/.local/lib/python3.8/site-packages/airflow/example_dags/example_branch_operator.py for tasks to queue
[2023-11-08T22:09:15.962+0000] {logging_mixin.py:154} INFO - [2023-11-08T22:09:15.962+0000] {dagbag.py:536} INFO - Filling up the DagBag from /home/airflow/.local/lib/python3.8/site-packages/airflow/example_dags/example_branch_operator.py
[2023-11-08T22:09:15.970+0000] {processor.py:839} INFO - DAG(s) dict_keys(['example_branch_operator']) retrieved from /home/airflow/.local/lib/python3.8/site-packages/airflow/example_dags/example_branch_operator.py
[2023-11-08T22:09:15.977+0000] {logging_mixin.py:154} INFO - [2023-11-08T22:09:15.977+0000] {dag.py:2941} INFO - Sync 1 DAGs
[2023-11-08T22:09:15.994+0000] {logging_mixin.py:154} INFO - [2023-11-08T22:09:15.994+0000] {dag.py:3722} INFO - Setting next_dagrun for example_branch_operator to 2023-11-07T00:00:00+00:00, run_after=2023-11-08T00:00:00+00:00
[2023-11-08T22:09:16.008+0000] {processor.py:179} INFO - Processing /home/airflow/.local/lib/python3.8/site-packages/airflow/example_dags/example_branch_operator.py took 0.049 seconds
[2023-11-08T22:09:46.671+0000] {processor.py:157} INFO - Started process (PID=108) to work on /home/airflow/.local/lib/python3.8/site-packages/airflow/example_dags/example_branch_operator.py
[2023-11-08T22:09:46.672+0000] {processor.py:829} INFO - Processing file /home/airflow/.local/lib/python3.8/site-packages/airflow/example_dags/example_branch_operator.py for tasks to queue
[2023-11-08T22:09:46.673+0000] {logging_mixin.py:154} INFO - [2023-11-08T22:09:46.673+0000] {dagbag.py:536} INFO - Filling up the DagBag from /home/airflow/.local/lib/python3.8/site-packages/airflow/example_dags/example_branch_operator.py
[2023-11-08T22:09:46.679+0000] {processor.py:839} INFO - DAG(s) dict_keys(['example_branch_operator']) retrieved from /home/airflow/.local/lib/python3.8/site-packages/airflow/example_dags/example_branch_operator.py
[2023-11-08T22:09:46.694+0000] {logging_mixin.py:154} INFO - [2023-11-08T22:09:46.694+0000] {dag.py:2941} INFO - Sync 1 DAGs
[2023-11-08T22:09:46.709+0000] {logging_mixin.py:154} INFO - [2023-11-08T22:09:46.709+0000] {dag.py:3722} INFO - Setting next_dagrun for example_branch_operator to 2023-11-07T00:00:00+00:00, run_after=2023-11-08T00:00:00+00:00
[2023-11-08T22:09:46.719+0000] {processor.py:179} INFO - Processing /home/airflow/.local/lib/python3.8/site-packages/airflow/example_dags/example_branch_operator.py took 0.051 seconds
[2023-11-08T22:11:50.293+0000] {processor.py:157} INFO - Started process (PID=53) to work on /home/airflow/.local/lib/python3.8/site-packages/airflow/example_dags/example_branch_operator.py
[2023-11-08T22:11:50.294+0000] {processor.py:829} INFO - Processing file /home/airflow/.local/lib/python3.8/site-packages/airflow/example_dags/example_branch_operator.py for tasks to queue
[2023-11-08T22:11:50.295+0000] {logging_mixin.py:154} INFO - [2023-11-08T22:11:50.295+0000] {dagbag.py:536} INFO - Filling up the DagBag from /home/airflow/.local/lib/python3.8/site-packages/airflow/example_dags/example_branch_operator.py
[2023-11-08T22:11:50.306+0000] {processor.py:839} INFO - DAG(s) dict_keys(['example_branch_operator']) retrieved from /home/airflow/.local/lib/python3.8/site-packages/airflow/example_dags/example_branch_operator.py
[2023-11-08T22:11:50.321+0000] {logging_mixin.py:154} INFO - [2023-11-08T22:11:50.318+0000] {dag.py:2941} INFO - Sync 1 DAGs
[2023-11-08T22:11:50.344+0000] {logging_mixin.py:154} INFO - [2023-11-08T22:11:50.344+0000] {dag.py:3722} INFO - Setting next_dagrun for example_branch_operator to 2023-11-07T00:00:00+00:00, run_after=2023-11-08T00:00:00+00:00
[2023-11-08T22:11:50.369+0000] {processor.py:179} INFO - Processing /home/airflow/.local/lib/python3.8/site-packages/airflow/example_dags/example_branch_operator.py took 0.078 seconds
[2023-11-08T22:12:20.471+0000] {processor.py:157} INFO - Started process (PID=107) to work on /home/airflow/.local/lib/python3.8/site-packages/airflow/example_dags/example_branch_operator.py
[2023-11-08T22:12:20.472+0000] {processor.py:829} INFO - Processing file /home/airflow/.local/lib/python3.8/site-packages/airflow/example_dags/example_branch_operator.py for tasks to queue
[2023-11-08T22:12:20.473+0000] {logging_mixin.py:154} INFO - [2023-11-08T22:12:20.472+0000] {dagbag.py:536} INFO - Filling up the DagBag from /home/airflow/.local/lib/python3.8/site-packages/airflow/example_dags/example_branch_operator.py
[2023-11-08T22:12:20.478+0000] {processor.py:839} INFO - DAG(s) dict_keys(['example_branch_operator']) retrieved from /home/airflow/.local/lib/python3.8/site-packages/airflow/example_dags/example_branch_operator.py
[2023-11-08T22:12:20.491+0000] {logging_mixin.py:154} INFO - [2023-11-08T22:12:20.491+0000] {dag.py:2941} INFO - Sync 1 DAGs
[2023-11-08T22:12:20.505+0000] {logging_mixin.py:154} INFO - [2023-11-08T22:12:20.505+0000] {dag.py:3722} INFO - Setting next_dagrun for example_branch_operator to 2023-11-07T00:00:00+00:00, run_after=2023-11-08T00:00:00+00:00
[2023-11-08T22:12:20.516+0000] {processor.py:179} INFO - Processing /home/airflow/.local/lib/python3.8/site-packages/airflow/example_dags/example_branch_operator.py took 0.047 seconds
[2023-11-08T22:12:51.446+0000] {processor.py:157} INFO - Started process (PID=161) to work on /home/airflow/.local/lib/python3.8/site-packages/airflow/example_dags/example_branch_operator.py
[2023-11-08T22:12:51.450+0000] {processor.py:829} INFO - Processing file /home/airflow/.local/lib/python3.8/site-packages/airflow/example_dags/example_branch_operator.py for tasks to queue
[2023-11-08T22:12:51.453+0000] {logging_mixin.py:154} INFO - [2023-11-08T22:12:51.453+0000] {dagbag.py:536} INFO - Filling up the DagBag from /home/airflow/.local/lib/python3.8/site-packages/airflow/example_dags/example_branch_operator.py
[2023-11-08T22:12:51.460+0000] {processor.py:839} INFO - DAG(s) dict_keys(['example_branch_operator']) retrieved from /home/airflow/.local/lib/python3.8/site-packages/airflow/example_dags/example_branch_operator.py
[2023-11-08T22:12:51.473+0000] {logging_mixin.py:154} INFO - [2023-11-08T22:12:51.472+0000] {dag.py:2941} INFO - Sync 1 DAGs
[2023-11-08T22:12:51.486+0000] {logging_mixin.py:154} INFO - [2023-11-08T22:12:51.486+0000] {dag.py:3722} INFO - Setting next_dagrun for example_branch_operator to 2023-11-07T00:00:00+00:00, run_after=2023-11-08T00:00:00+00:00
[2023-11-08T22:12:51.495+0000] {processor.py:179} INFO - Processing /home/airflow/.local/lib/python3.8/site-packages/airflow/example_dags/example_branch_operator.py took 0.051 seconds
[2023-11-08T22:13:21.996+0000] {processor.py:157} INFO - Started process (PID=215) to work on /home/airflow/.local/lib/python3.8/site-packages/airflow/example_dags/example_branch_operator.py
[2023-11-08T22:13:22.000+0000] {processor.py:829} INFO - Processing file /home/airflow/.local/lib/python3.8/site-packages/airflow/example_dags/example_branch_operator.py for tasks to queue
[2023-11-08T22:13:22.001+0000] {logging_mixin.py:154} INFO - [2023-11-08T22:13:22.001+0000] {dagbag.py:536} INFO - Filling up the DagBag from /home/airflow/.local/lib/python3.8/site-packages/airflow/example_dags/example_branch_operator.py
[2023-11-08T22:13:22.010+0000] {processor.py:839} INFO - DAG(s) dict_keys(['example_branch_operator']) retrieved from /home/airflow/.local/lib/python3.8/site-packages/airflow/example_dags/example_branch_operator.py
[2023-11-08T22:13:22.023+0000] {logging_mixin.py:154} INFO - [2023-11-08T22:13:22.023+0000] {dag.py:2941} INFO - Sync 1 DAGs
[2023-11-08T22:13:22.036+0000] {logging_mixin.py:154} INFO - [2023-11-08T22:13:22.036+0000] {dag.py:3722} INFO - Setting next_dagrun for example_branch_operator to 2023-11-07T00:00:00+00:00, run_after=2023-11-08T00:00:00+00:00
[2023-11-08T22:13:22.053+0000] {processor.py:179} INFO - Processing /home/airflow/.local/lib/python3.8/site-packages/airflow/example_dags/example_branch_operator.py took 0.058 seconds
[2023-11-08T22:13:52.632+0000] {processor.py:157} INFO - Started process (PID=269) to work on /home/airflow/.local/lib/python3.8/site-packages/airflow/example_dags/example_branch_operator.py
[2023-11-08T22:13:52.635+0000] {processor.py:829} INFO - Processing file /home/airflow/.local/lib/python3.8/site-packages/airflow/example_dags/example_branch_operator.py for tasks to queue
[2023-11-08T22:13:52.636+0000] {logging_mixin.py:154} INFO - [2023-11-08T22:13:52.636+0000] {dagbag.py:536} INFO - Filling up the DagBag from /home/airflow/.local/lib/python3.8/site-packages/airflow/example_dags/example_branch_operator.py
[2023-11-08T22:13:52.643+0000] {processor.py:839} INFO - DAG(s) dict_keys(['example_branch_operator']) retrieved from /home/airflow/.local/lib/python3.8/site-packages/airflow/example_dags/example_branch_operator.py
[2023-11-08T22:13:52.657+0000] {logging_mixin.py:154} INFO - [2023-11-08T22:13:52.657+0000] {dag.py:2941} INFO - Sync 1 DAGs
[2023-11-08T22:13:52.671+0000] {logging_mixin.py:154} INFO - [2023-11-08T22:13:52.671+0000] {dag.py:3722} INFO - Setting next_dagrun for example_branch_operator to 2023-11-07T00:00:00+00:00, run_after=2023-11-08T00:00:00+00:00
[2023-11-08T22:13:52.683+0000] {processor.py:179} INFO - Processing /home/airflow/.local/lib/python3.8/site-packages/airflow/example_dags/example_branch_operator.py took 0.054 seconds
[2023-11-08T22:14:23.318+0000] {processor.py:157} INFO - Started process (PID=323) to work on /home/airflow/.local/lib/python3.8/site-packages/airflow/example_dags/example_branch_operator.py
[2023-11-08T22:14:23.322+0000] {processor.py:829} INFO - Processing file /home/airflow/.local/lib/python3.8/site-packages/airflow/example_dags/example_branch_operator.py for tasks to queue
[2023-11-08T22:14:23.323+0000] {logging_mixin.py:154} INFO - [2023-11-08T22:14:23.323+0000] {dagbag.py:536} INFO - Filling up the DagBag from /home/airflow/.local/lib/python3.8/site-packages/airflow/example_dags/example_branch_operator.py
[2023-11-08T22:14:23.331+0000] {processor.py:839} INFO - DAG(s) dict_keys(['example_branch_operator']) retrieved from /home/airflow/.local/lib/python3.8/site-packages/airflow/example_dags/example_branch_operator.py
[2023-11-08T22:14:23.344+0000] {logging_mixin.py:154} INFO - [2023-11-08T22:14:23.344+0000] {dag.py:2941} INFO - Sync 1 DAGs
[2023-11-08T22:14:23.357+0000] {logging_mixin.py:154} INFO - [2023-11-08T22:14:23.357+0000] {dag.py:3722} INFO - Setting next_dagrun for example_branch_operator to 2023-11-07T00:00:00+00:00, run_after=2023-11-08T00:00:00+00:00
[2023-11-08T22:14:23.367+0000] {processor.py:179} INFO - Processing /home/airflow/.local/lib/python3.8/site-packages/airflow/example_dags/example_branch_operator.py took 0.050 seconds
[2023-11-08T22:14:53.906+0000] {processor.py:157} INFO - Started process (PID=377) to work on /home/airflow/.local/lib/python3.8/site-packages/airflow/example_dags/example_branch_operator.py
[2023-11-08T22:14:53.910+0000] {processor.py:829} INFO - Processing file /home/airflow/.local/lib/python3.8/site-packages/airflow/example_dags/example_branch_operator.py for tasks to queue
[2023-11-08T22:14:53.912+0000] {logging_mixin.py:154} INFO - [2023-11-08T22:14:53.911+0000] {dagbag.py:536} INFO - Filling up the DagBag from /home/airflow/.local/lib/python3.8/site-packages/airflow/example_dags/example_branch_operator.py
[2023-11-08T22:14:53.920+0000] {processor.py:839} INFO - DAG(s) dict_keys(['example_branch_operator']) retrieved from /home/airflow/.local/lib/python3.8/site-packages/airflow/example_dags/example_branch_operator.py
[2023-11-08T22:14:53.937+0000] {logging_mixin.py:154} INFO - [2023-11-08T22:14:53.936+0000] {dag.py:2941} INFO - Sync 1 DAGs
[2023-11-08T22:14:53.956+0000] {logging_mixin.py:154} INFO - [2023-11-08T22:14:53.955+0000] {dag.py:3722} INFO - Setting next_dagrun for example_branch_operator to 2023-11-07T00:00:00+00:00, run_after=2023-11-08T00:00:00+00:00
[2023-11-08T22:14:53.967+0000] {processor.py:179} INFO - Processing /home/airflow/.local/lib/python3.8/site-packages/airflow/example_dags/example_branch_operator.py took 0.064 seconds
[2023-11-08T22:15:24.579+0000] {processor.py:157} INFO - Started process (PID=432) to work on /home/airflow/.local/lib/python3.8/site-packages/airflow/example_dags/example_branch_operator.py
[2023-11-08T22:15:24.583+0000] {processor.py:829} INFO - Processing file /home/airflow/.local/lib/python3.8/site-packages/airflow/example_dags/example_branch_operator.py for tasks to queue
[2023-11-08T22:15:24.584+0000] {logging_mixin.py:154} INFO - [2023-11-08T22:15:24.584+0000] {dagbag.py:536} INFO - Filling up the DagBag from /home/airflow/.local/lib/python3.8/site-packages/airflow/example_dags/example_branch_operator.py
[2023-11-08T22:15:24.590+0000] {processor.py:839} INFO - DAG(s) dict_keys(['example_branch_operator']) retrieved from /home/airflow/.local/lib/python3.8/site-packages/airflow/example_dags/example_branch_operator.py
[2023-11-08T22:15:24.603+0000] {logging_mixin.py:154} INFO - [2023-11-08T22:15:24.602+0000] {dag.py:2941} INFO - Sync 1 DAGs
[2023-11-08T22:15:24.617+0000] {logging_mixin.py:154} INFO - [2023-11-08T22:15:24.617+0000] {dag.py:3722} INFO - Setting next_dagrun for example_branch_operator to 2023-11-07T00:00:00+00:00, run_after=2023-11-08T00:00:00+00:00
[2023-11-08T22:15:24.627+0000] {processor.py:179} INFO - Processing /home/airflow/.local/lib/python3.8/site-packages/airflow/example_dags/example_branch_operator.py took 0.050 seconds
[2023-11-08T22:15:55.291+0000] {processor.py:157} INFO - Started process (PID=486) to work on /home/airflow/.local/lib/python3.8/site-packages/airflow/example_dags/example_branch_operator.py
[2023-11-08T22:15:55.295+0000] {processor.py:829} INFO - Processing file /home/airflow/.local/lib/python3.8/site-packages/airflow/example_dags/example_branch_operator.py for tasks to queue
[2023-11-08T22:15:55.296+0000] {logging_mixin.py:154} INFO - [2023-11-08T22:15:55.296+0000] {dagbag.py:536} INFO - Filling up the DagBag from /home/airflow/.local/lib/python3.8/site-packages/airflow/example_dags/example_branch_operator.py
[2023-11-08T22:15:55.305+0000] {processor.py:839} INFO - DAG(s) dict_keys(['example_branch_operator']) retrieved from /home/airflow/.local/lib/python3.8/site-packages/airflow/example_dags/example_branch_operator.py
[2023-11-08T22:15:55.318+0000] {logging_mixin.py:154} INFO - [2023-11-08T22:15:55.318+0000] {dag.py:2941} INFO - Sync 1 DAGs
[2023-11-08T22:15:55.331+0000] {logging_mixin.py:154} INFO - [2023-11-08T22:15:55.331+0000] {dag.py:3722} INFO - Setting next_dagrun for example_branch_operator to 2023-11-07T00:00:00+00:00, run_after=2023-11-08T00:00:00+00:00
[2023-11-08T22:15:55.341+0000] {processor.py:179} INFO - Processing /home/airflow/.local/lib/python3.8/site-packages/airflow/example_dags/example_branch_operator.py took 0.052 seconds
[2023-11-08T22:16:25.847+0000] {processor.py:157} INFO - Started process (PID=539) to work on /home/airflow/.local/lib/python3.8/site-packages/airflow/example_dags/example_branch_operator.py
[2023-11-08T22:16:25.850+0000] {processor.py:829} INFO - Processing file /home/airflow/.local/lib/python3.8/site-packages/airflow/example_dags/example_branch_operator.py for tasks to queue
[2023-11-08T22:16:25.852+0000] {logging_mixin.py:154} INFO - [2023-11-08T22:16:25.852+0000] {dagbag.py:536} INFO - Filling up the DagBag from /home/airflow/.local/lib/python3.8/site-packages/airflow/example_dags/example_branch_operator.py
[2023-11-08T22:16:25.861+0000] {processor.py:839} INFO - DAG(s) dict_keys(['example_branch_operator']) retrieved from /home/airflow/.local/lib/python3.8/site-packages/airflow/example_dags/example_branch_operator.py
[2023-11-08T22:16:25.874+0000] {logging_mixin.py:154} INFO - [2023-11-08T22:16:25.874+0000] {dag.py:2941} INFO - Sync 1 DAGs
[2023-11-08T22:16:25.887+0000] {logging_mixin.py:154} INFO - [2023-11-08T22:16:25.887+0000] {dag.py:3722} INFO - Setting next_dagrun for example_branch_operator to 2023-11-07T00:00:00+00:00, run_after=2023-11-08T00:00:00+00:00
[2023-11-08T22:16:25.896+0000] {processor.py:179} INFO - Processing /home/airflow/.local/lib/python3.8/site-packages/airflow/example_dags/example_branch_operator.py took 0.052 seconds
[2023-11-08T22:16:56.565+0000] {processor.py:157} INFO - Started process (PID=593) to work on /home/airflow/.local/lib/python3.8/site-packages/airflow/example_dags/example_branch_operator.py
[2023-11-08T22:16:56.569+0000] {processor.py:829} INFO - Processing file /home/airflow/.local/lib/python3.8/site-packages/airflow/example_dags/example_branch_operator.py for tasks to queue
[2023-11-08T22:16:56.570+0000] {logging_mixin.py:154} INFO - [2023-11-08T22:16:56.570+0000] {dagbag.py:536} INFO - Filling up the DagBag from /home/airflow/.local/lib/python3.8/site-packages/airflow/example_dags/example_branch_operator.py
[2023-11-08T22:16:56.579+0000] {processor.py:839} INFO - DAG(s) dict_keys(['example_branch_operator']) retrieved from /home/airflow/.local/lib/python3.8/site-packages/airflow/example_dags/example_branch_operator.py
[2023-11-08T22:16:56.592+0000] {logging_mixin.py:154} INFO - [2023-11-08T22:16:56.592+0000] {dag.py:2941} INFO - Sync 1 DAGs
[2023-11-08T22:16:56.605+0000] {logging_mixin.py:154} INFO - [2023-11-08T22:16:56.605+0000] {dag.py:3722} INFO - Setting next_dagrun for example_branch_operator to 2023-11-07T00:00:00+00:00, run_after=2023-11-08T00:00:00+00:00
[2023-11-08T22:16:56.622+0000] {processor.py:179} INFO - Processing /home/airflow/.local/lib/python3.8/site-packages/airflow/example_dags/example_branch_operator.py took 0.059 seconds
[2023-11-08T22:17:27.225+0000] {processor.py:157} INFO - Started process (PID=648) to work on /home/airflow/.local/lib/python3.8/site-packages/airflow/example_dags/example_branch_operator.py
[2023-11-08T22:17:27.229+0000] {processor.py:829} INFO - Processing file /home/airflow/.local/lib/python3.8/site-packages/airflow/example_dags/example_branch_operator.py for tasks to queue
[2023-11-08T22:17:27.231+0000] {logging_mixin.py:154} INFO - [2023-11-08T22:17:27.231+0000] {dagbag.py:536} INFO - Filling up the DagBag from /home/airflow/.local/lib/python3.8/site-packages/airflow/example_dags/example_branch_operator.py
[2023-11-08T22:17:27.242+0000] {processor.py:839} INFO - DAG(s) dict_keys(['example_branch_operator']) retrieved from /home/airflow/.local/lib/python3.8/site-packages/airflow/example_dags/example_branch_operator.py
[2023-11-08T22:17:27.254+0000] {logging_mixin.py:154} INFO - [2023-11-08T22:17:27.254+0000] {dag.py:2941} INFO - Sync 1 DAGs
[2023-11-08T22:17:27.268+0000] {logging_mixin.py:154} INFO - [2023-11-08T22:17:27.268+0000] {dag.py:3722} INFO - Setting next_dagrun for example_branch_operator to 2023-11-07T00:00:00+00:00, run_after=2023-11-08T00:00:00+00:00
[2023-11-08T22:17:27.286+0000] {processor.py:179} INFO - Processing /home/airflow/.local/lib/python3.8/site-packages/airflow/example_dags/example_branch_operator.py took 0.064 seconds
[2023-11-08T22:17:57.925+0000] {processor.py:157} INFO - Started process (PID=702) to work on /home/airflow/.local/lib/python3.8/site-packages/airflow/example_dags/example_branch_operator.py
[2023-11-08T22:17:57.928+0000] {processor.py:829} INFO - Processing file /home/airflow/.local/lib/python3.8/site-packages/airflow/example_dags/example_branch_operator.py for tasks to queue
[2023-11-08T22:17:57.929+0000] {logging_mixin.py:154} INFO - [2023-11-08T22:17:57.929+0000] {dagbag.py:536} INFO - Filling up the DagBag from /home/airflow/.local/lib/python3.8/site-packages/airflow/example_dags/example_branch_operator.py
[2023-11-08T22:17:57.934+0000] {processor.py:839} INFO - DAG(s) dict_keys(['example_branch_operator']) retrieved from /home/airflow/.local/lib/python3.8/site-packages/airflow/example_dags/example_branch_operator.py
[2023-11-08T22:17:57.947+0000] {logging_mixin.py:154} INFO - [2023-11-08T22:17:57.947+0000] {dag.py:2941} INFO - Sync 1 DAGs
[2023-11-08T22:17:57.960+0000] {logging_mixin.py:154} INFO - [2023-11-08T22:17:57.960+0000] {dag.py:3722} INFO - Setting next_dagrun for example_branch_operator to 2023-11-07T00:00:00+00:00, run_after=2023-11-08T00:00:00+00:00
[2023-11-08T22:17:57.971+0000] {processor.py:179} INFO - Processing /home/airflow/.local/lib/python3.8/site-packages/airflow/example_dags/example_branch_operator.py took 0.047 seconds
[2023-11-08T22:18:28.686+0000] {processor.py:157} INFO - Started process (PID=757) to work on /home/airflow/.local/lib/python3.8/site-packages/airflow/example_dags/example_branch_operator.py
[2023-11-08T22:18:28.687+0000] {processor.py:829} INFO - Processing file /home/airflow/.local/lib/python3.8/site-packages/airflow/example_dags/example_branch_operator.py for tasks to queue
[2023-11-08T22:18:28.689+0000] {logging_mixin.py:154} INFO - [2023-11-08T22:18:28.689+0000] {dagbag.py:536} INFO - Filling up the DagBag from /home/airflow/.local/lib/python3.8/site-packages/airflow/example_dags/example_branch_operator.py
[2023-11-08T22:18:28.697+0000] {processor.py:839} INFO - DAG(s) dict_keys(['example_branch_operator']) retrieved from /home/airflow/.local/lib/python3.8/site-packages/airflow/example_dags/example_branch_operator.py
[2023-11-08T22:18:28.715+0000] {logging_mixin.py:154} INFO - [2023-11-08T22:18:28.715+0000] {dag.py:2941} INFO - Sync 1 DAGs
[2023-11-08T22:18:28.735+0000] {logging_mixin.py:154} INFO - [2023-11-08T22:18:28.735+0000] {dag.py:3722} INFO - Setting next_dagrun for example_branch_operator to 2023-11-07T00:00:00+00:00, run_after=2023-11-08T00:00:00+00:00
[2023-11-08T22:18:28.750+0000] {processor.py:179} INFO - Processing /home/airflow/.local/lib/python3.8/site-packages/airflow/example_dags/example_branch_operator.py took 0.066 seconds
[2023-11-08T22:18:59.620+0000] {processor.py:157} INFO - Started process (PID=811) to work on /home/airflow/.local/lib/python3.8/site-packages/airflow/example_dags/example_branch_operator.py
[2023-11-08T22:18:59.624+0000] {processor.py:829} INFO - Processing file /home/airflow/.local/lib/python3.8/site-packages/airflow/example_dags/example_branch_operator.py for tasks to queue
[2023-11-08T22:18:59.625+0000] {logging_mixin.py:154} INFO - [2023-11-08T22:18:59.625+0000] {dagbag.py:536} INFO - Filling up the DagBag from /home/airflow/.local/lib/python3.8/site-packages/airflow/example_dags/example_branch_operator.py
[2023-11-08T22:18:59.630+0000] {processor.py:839} INFO - DAG(s) dict_keys(['example_branch_operator']) retrieved from /home/airflow/.local/lib/python3.8/site-packages/airflow/example_dags/example_branch_operator.py
[2023-11-08T22:18:59.642+0000] {logging_mixin.py:154} INFO - [2023-11-08T22:18:59.642+0000] {dag.py:2941} INFO - Sync 1 DAGs
[2023-11-08T22:18:59.656+0000] {logging_mixin.py:154} INFO - [2023-11-08T22:18:59.656+0000] {dag.py:3722} INFO - Setting next_dagrun for example_branch_operator to 2023-11-07T00:00:00+00:00, run_after=2023-11-08T00:00:00+00:00
[2023-11-08T22:18:59.669+0000] {processor.py:179} INFO - Processing /home/airflow/.local/lib/python3.8/site-packages/airflow/example_dags/example_branch_operator.py took 0.051 seconds
[2023-11-08T22:19:29.878+0000] {processor.py:157} INFO - Started process (PID=865) to work on /home/airflow/.local/lib/python3.8/site-packages/airflow/example_dags/example_branch_operator.py
[2023-11-08T22:19:29.882+0000] {processor.py:829} INFO - Processing file /home/airflow/.local/lib/python3.8/site-packages/airflow/example_dags/example_branch_operator.py for tasks to queue
[2023-11-08T22:19:29.883+0000] {logging_mixin.py:154} INFO - [2023-11-08T22:19:29.883+0000] {dagbag.py:536} INFO - Filling up the DagBag from /home/airflow/.local/lib/python3.8/site-packages/airflow/example_dags/example_branch_operator.py
[2023-11-08T22:19:29.891+0000] {processor.py:839} INFO - DAG(s) dict_keys(['example_branch_operator']) retrieved from /home/airflow/.local/lib/python3.8/site-packages/airflow/example_dags/example_branch_operator.py
[2023-11-08T22:19:29.905+0000] {logging_mixin.py:154} INFO - [2023-11-08T22:19:29.905+0000] {dag.py:2941} INFO - Sync 1 DAGs
[2023-11-08T22:19:29.918+0000] {logging_mixin.py:154} INFO - [2023-11-08T22:19:29.918+0000] {dag.py:3722} INFO - Setting next_dagrun for example_branch_operator to 2023-11-07T00:00:00+00:00, run_after=2023-11-08T00:00:00+00:00
[2023-11-08T22:19:29.928+0000] {processor.py:179} INFO - Processing /home/airflow/.local/lib/python3.8/site-packages/airflow/example_dags/example_branch_operator.py took 0.052 seconds
[2023-11-08T22:20:00.022+0000] {processor.py:157} INFO - Started process (PID=919) to work on /home/airflow/.local/lib/python3.8/site-packages/airflow/example_dags/example_branch_operator.py
[2023-11-08T22:20:00.022+0000] {processor.py:829} INFO - Processing file /home/airflow/.local/lib/python3.8/site-packages/airflow/example_dags/example_branch_operator.py for tasks to queue
[2023-11-08T22:20:00.024+0000] {logging_mixin.py:154} INFO - [2023-11-08T22:20:00.023+0000] {dagbag.py:536} INFO - Filling up the DagBag from /home/airflow/.local/lib/python3.8/site-packages/airflow/example_dags/example_branch_operator.py
[2023-11-08T22:20:00.029+0000] {processor.py:839} INFO - DAG(s) dict_keys(['example_branch_operator']) retrieved from /home/airflow/.local/lib/python3.8/site-packages/airflow/example_dags/example_branch_operator.py
[2023-11-08T22:20:00.042+0000] {logging_mixin.py:154} INFO - [2023-11-08T22:20:00.042+0000] {dag.py:2941} INFO - Sync 1 DAGs
[2023-11-08T22:20:00.057+0000] {logging_mixin.py:154} INFO - [2023-11-08T22:20:00.057+0000] {dag.py:3722} INFO - Setting next_dagrun for example_branch_operator to 2023-11-07T00:00:00+00:00, run_after=2023-11-08T00:00:00+00:00
[2023-11-08T22:20:00.166+0000] {processor.py:179} INFO - Processing /home/airflow/.local/lib/python3.8/site-packages/airflow/example_dags/example_branch_operator.py took 0.146 seconds
[2023-11-08T22:20:31.016+0000] {processor.py:157} INFO - Started process (PID=973) to work on /home/airflow/.local/lib/python3.8/site-packages/airflow/example_dags/example_branch_operator.py
[2023-11-08T22:20:31.017+0000] {processor.py:829} INFO - Processing file /home/airflow/.local/lib/python3.8/site-packages/airflow/example_dags/example_branch_operator.py for tasks to queue
[2023-11-08T22:20:31.018+0000] {logging_mixin.py:154} INFO - [2023-11-08T22:20:31.018+0000] {dagbag.py:536} INFO - Filling up the DagBag from /home/airflow/.local/lib/python3.8/site-packages/airflow/example_dags/example_branch_operator.py
[2023-11-08T22:20:31.023+0000] {processor.py:839} INFO - DAG(s) dict_keys(['example_branch_operator']) retrieved from /home/airflow/.local/lib/python3.8/site-packages/airflow/example_dags/example_branch_operator.py
[2023-11-08T22:20:31.036+0000] {logging_mixin.py:154} INFO - [2023-11-08T22:20:31.036+0000] {dag.py:2941} INFO - Sync 1 DAGs
[2023-11-08T22:20:31.049+0000] {logging_mixin.py:154} INFO - [2023-11-08T22:20:31.049+0000] {dag.py:3722} INFO - Setting next_dagrun for example_branch_operator to 2023-11-07T00:00:00+00:00, run_after=2023-11-08T00:00:00+00:00
[2023-11-08T22:20:31.060+0000] {processor.py:179} INFO - Processing /home/airflow/.local/lib/python3.8/site-packages/airflow/example_dags/example_branch_operator.py took 0.045 seconds
[2023-11-08T22:21:01.144+0000] {processor.py:157} INFO - Started process (PID=1027) to work on /home/airflow/.local/lib/python3.8/site-packages/airflow/example_dags/example_branch_operator.py
[2023-11-08T22:21:01.144+0000] {processor.py:829} INFO - Processing file /home/airflow/.local/lib/python3.8/site-packages/airflow/example_dags/example_branch_operator.py for tasks to queue
[2023-11-08T22:21:01.145+0000] {logging_mixin.py:154} INFO - [2023-11-08T22:21:01.145+0000] {dagbag.py:536} INFO - Filling up the DagBag from /home/airflow/.local/lib/python3.8/site-packages/airflow/example_dags/example_branch_operator.py
[2023-11-08T22:21:01.151+0000] {processor.py:839} INFO - DAG(s) dict_keys(['example_branch_operator']) retrieved from /home/airflow/.local/lib/python3.8/site-packages/airflow/example_dags/example_branch_operator.py
[2023-11-08T22:21:01.166+0000] {logging_mixin.py:154} INFO - [2023-11-08T22:21:01.166+0000] {dag.py:2941} INFO - Sync 1 DAGs
[2023-11-08T22:21:01.183+0000] {logging_mixin.py:154} INFO - [2023-11-08T22:21:01.183+0000] {dag.py:3722} INFO - Setting next_dagrun for example_branch_operator to 2023-11-07T00:00:00+00:00, run_after=2023-11-08T00:00:00+00:00
[2023-11-08T22:21:01.198+0000] {processor.py:179} INFO - Processing /home/airflow/.local/lib/python3.8/site-packages/airflow/example_dags/example_branch_operator.py took 0.056 seconds
[2023-11-08T22:21:32.058+0000] {processor.py:157} INFO - Started process (PID=1080) to work on /home/airflow/.local/lib/python3.8/site-packages/airflow/example_dags/example_branch_operator.py
[2023-11-08T22:21:32.058+0000] {processor.py:829} INFO - Processing file /home/airflow/.local/lib/python3.8/site-packages/airflow/example_dags/example_branch_operator.py for tasks to queue
[2023-11-08T22:21:32.059+0000] {logging_mixin.py:154} INFO - [2023-11-08T22:21:32.059+0000] {dagbag.py:536} INFO - Filling up the DagBag from /home/airflow/.local/lib/python3.8/site-packages/airflow/example_dags/example_branch_operator.py
[2023-11-08T22:21:32.064+0000] {processor.py:839} INFO - DAG(s) dict_keys(['example_branch_operator']) retrieved from /home/airflow/.local/lib/python3.8/site-packages/airflow/example_dags/example_branch_operator.py
[2023-11-08T22:21:32.077+0000] {logging_mixin.py:154} INFO - [2023-11-08T22:21:32.077+0000] {dag.py:2941} INFO - Sync 1 DAGs
[2023-11-08T22:21:32.189+0000] {logging_mixin.py:154} INFO - [2023-11-08T22:21:32.189+0000] {dag.py:3722} INFO - Setting next_dagrun for example_branch_operator to 2023-11-07T00:00:00+00:00, run_after=2023-11-08T00:00:00+00:00
[2023-11-08T22:21:32.200+0000] {processor.py:179} INFO - Processing /home/airflow/.local/lib/python3.8/site-packages/airflow/example_dags/example_branch_operator.py took 0.144 seconds
[2023-11-08T22:22:02.316+0000] {processor.py:157} INFO - Started process (PID=1134) to work on /home/airflow/.local/lib/python3.8/site-packages/airflow/example_dags/example_branch_operator.py
[2023-11-08T22:22:02.316+0000] {processor.py:829} INFO - Processing file /home/airflow/.local/lib/python3.8/site-packages/airflow/example_dags/example_branch_operator.py for tasks to queue
[2023-11-08T22:22:02.317+0000] {logging_mixin.py:154} INFO - [2023-11-08T22:22:02.317+0000] {dagbag.py:536} INFO - Filling up the DagBag from /home/airflow/.local/lib/python3.8/site-packages/airflow/example_dags/example_branch_operator.py
[2023-11-08T22:22:02.323+0000] {processor.py:839} INFO - DAG(s) dict_keys(['example_branch_operator']) retrieved from /home/airflow/.local/lib/python3.8/site-packages/airflow/example_dags/example_branch_operator.py
[2023-11-08T22:22:02.337+0000] {logging_mixin.py:154} INFO - [2023-11-08T22:22:02.337+0000] {dag.py:2941} INFO - Sync 1 DAGs
[2023-11-08T22:22:02.352+0000] {logging_mixin.py:154} INFO - [2023-11-08T22:22:02.352+0000] {dag.py:3722} INFO - Setting next_dagrun for example_branch_operator to 2023-11-07T00:00:00+00:00, run_after=2023-11-08T00:00:00+00:00
[2023-11-08T22:22:02.458+0000] {processor.py:179} INFO - Processing /home/airflow/.local/lib/python3.8/site-packages/airflow/example_dags/example_branch_operator.py took 0.144 seconds
[2023-11-08T22:22:33.403+0000] {processor.py:157} INFO - Started process (PID=1187) to work on /home/airflow/.local/lib/python3.8/site-packages/airflow/example_dags/example_branch_operator.py
[2023-11-08T22:22:33.411+0000] {processor.py:829} INFO - Processing file /home/airflow/.local/lib/python3.8/site-packages/airflow/example_dags/example_branch_operator.py for tasks to queue
[2023-11-08T22:22:33.413+0000] {logging_mixin.py:154} INFO - [2023-11-08T22:22:33.413+0000] {dagbag.py:536} INFO - Filling up the DagBag from /home/airflow/.local/lib/python3.8/site-packages/airflow/example_dags/example_branch_operator.py
[2023-11-08T22:22:33.422+0000] {processor.py:839} INFO - DAG(s) dict_keys(['example_branch_operator']) retrieved from /home/airflow/.local/lib/python3.8/site-packages/airflow/example_dags/example_branch_operator.py
[2023-11-08T22:22:33.440+0000] {logging_mixin.py:154} INFO - [2023-11-08T22:22:33.440+0000] {dag.py:2941} INFO - Sync 1 DAGs
[2023-11-08T22:22:33.459+0000] {logging_mixin.py:154} INFO - [2023-11-08T22:22:33.459+0000] {dag.py:3722} INFO - Setting next_dagrun for example_branch_operator to 2023-11-07T00:00:00+00:00, run_after=2023-11-08T00:00:00+00:00
[2023-11-08T22:22:33.473+0000] {processor.py:179} INFO - Processing /home/airflow/.local/lib/python3.8/site-packages/airflow/example_dags/example_branch_operator.py took 0.073 seconds
[2023-11-08T22:23:04.119+0000] {processor.py:157} INFO - Started process (PID=1240) to work on /home/airflow/.local/lib/python3.8/site-packages/airflow/example_dags/example_branch_operator.py
[2023-11-08T22:23:04.128+0000] {processor.py:829} INFO - Processing file /home/airflow/.local/lib/python3.8/site-packages/airflow/example_dags/example_branch_operator.py for tasks to queue
[2023-11-08T22:23:04.129+0000] {logging_mixin.py:154} INFO - [2023-11-08T22:23:04.129+0000] {dagbag.py:536} INFO - Filling up the DagBag from /home/airflow/.local/lib/python3.8/site-packages/airflow/example_dags/example_branch_operator.py
[2023-11-08T22:23:04.136+0000] {processor.py:839} INFO - DAG(s) dict_keys(['example_branch_operator']) retrieved from /home/airflow/.local/lib/python3.8/site-packages/airflow/example_dags/example_branch_operator.py
[2023-11-08T22:23:04.149+0000] {logging_mixin.py:154} INFO - [2023-11-08T22:23:04.149+0000] {dag.py:2941} INFO - Sync 1 DAGs
[2023-11-08T22:23:04.162+0000] {logging_mixin.py:154} INFO - [2023-11-08T22:23:04.162+0000] {dag.py:3722} INFO - Setting next_dagrun for example_branch_operator to 2023-11-07T00:00:00+00:00, run_after=2023-11-08T00:00:00+00:00
[2023-11-08T22:23:04.184+0000] {processor.py:179} INFO - Processing /home/airflow/.local/lib/python3.8/site-packages/airflow/example_dags/example_branch_operator.py took 0.066 seconds
[2023-11-08T22:23:34.299+0000] {processor.py:157} INFO - Started process (PID=1294) to work on /home/airflow/.local/lib/python3.8/site-packages/airflow/example_dags/example_branch_operator.py
[2023-11-08T22:23:34.307+0000] {processor.py:829} INFO - Processing file /home/airflow/.local/lib/python3.8/site-packages/airflow/example_dags/example_branch_operator.py for tasks to queue
[2023-11-08T22:23:34.309+0000] {logging_mixin.py:154} INFO - [2023-11-08T22:23:34.309+0000] {dagbag.py:536} INFO - Filling up the DagBag from /home/airflow/.local/lib/python3.8/site-packages/airflow/example_dags/example_branch_operator.py
[2023-11-08T22:23:34.317+0000] {processor.py:839} INFO - DAG(s) dict_keys(['example_branch_operator']) retrieved from /home/airflow/.local/lib/python3.8/site-packages/airflow/example_dags/example_branch_operator.py
[2023-11-08T22:23:34.332+0000] {logging_mixin.py:154} INFO - [2023-11-08T22:23:34.332+0000] {dag.py:2941} INFO - Sync 1 DAGs
[2023-11-08T22:23:34.346+0000] {logging_mixin.py:154} INFO - [2023-11-08T22:23:34.346+0000] {dag.py:3722} INFO - Setting next_dagrun for example_branch_operator to 2023-11-07T00:00:00+00:00, run_after=2023-11-08T00:00:00+00:00
[2023-11-08T22:23:34.457+0000] {processor.py:179} INFO - Processing /home/airflow/.local/lib/python3.8/site-packages/airflow/example_dags/example_branch_operator.py took 0.159 seconds
[2023-11-08T22:24:05.382+0000] {processor.py:157} INFO - Started process (PID=1348) to work on /home/airflow/.local/lib/python3.8/site-packages/airflow/example_dags/example_branch_operator.py
[2023-11-08T22:24:05.390+0000] {processor.py:829} INFO - Processing file /home/airflow/.local/lib/python3.8/site-packages/airflow/example_dags/example_branch_operator.py for tasks to queue
[2023-11-08T22:24:05.392+0000] {logging_mixin.py:154} INFO - [2023-11-08T22:24:05.391+0000] {dagbag.py:536} INFO - Filling up the DagBag from /home/airflow/.local/lib/python3.8/site-packages/airflow/example_dags/example_branch_operator.py
[2023-11-08T22:24:05.398+0000] {processor.py:839} INFO - DAG(s) dict_keys(['example_branch_operator']) retrieved from /home/airflow/.local/lib/python3.8/site-packages/airflow/example_dags/example_branch_operator.py
[2023-11-08T22:24:05.416+0000] {logging_mixin.py:154} INFO - [2023-11-08T22:24:05.416+0000] {dag.py:2941} INFO - Sync 1 DAGs
[2023-11-08T22:24:05.434+0000] {logging_mixin.py:154} INFO - [2023-11-08T22:24:05.434+0000] {dag.py:3722} INFO - Setting next_dagrun for example_branch_operator to 2023-11-07T00:00:00+00:00, run_after=2023-11-08T00:00:00+00:00
[2023-11-08T22:24:05.448+0000] {processor.py:179} INFO - Processing /home/airflow/.local/lib/python3.8/site-packages/airflow/example_dags/example_branch_operator.py took 0.068 seconds
[2023-11-08T22:24:36.061+0000] {processor.py:157} INFO - Started process (PID=1402) to work on /home/airflow/.local/lib/python3.8/site-packages/airflow/example_dags/example_branch_operator.py
[2023-11-08T22:24:36.061+0000] {processor.py:829} INFO - Processing file /home/airflow/.local/lib/python3.8/site-packages/airflow/example_dags/example_branch_operator.py for tasks to queue
[2023-11-08T22:24:36.062+0000] {logging_mixin.py:154} INFO - [2023-11-08T22:24:36.062+0000] {dagbag.py:536} INFO - Filling up the DagBag from /home/airflow/.local/lib/python3.8/site-packages/airflow/example_dags/example_branch_operator.py
[2023-11-08T22:24:36.067+0000] {processor.py:839} INFO - DAG(s) dict_keys(['example_branch_operator']) retrieved from /home/airflow/.local/lib/python3.8/site-packages/airflow/example_dags/example_branch_operator.py
[2023-11-08T22:24:36.081+0000] {logging_mixin.py:154} INFO - [2023-11-08T22:24:36.081+0000] {dag.py:2941} INFO - Sync 1 DAGs
[2023-11-08T22:24:36.187+0000] {logging_mixin.py:154} INFO - [2023-11-08T22:24:36.187+0000] {dag.py:3722} INFO - Setting next_dagrun for example_branch_operator to 2023-11-07T00:00:00+00:00, run_after=2023-11-08T00:00:00+00:00
[2023-11-08T22:24:36.204+0000] {processor.py:179} INFO - Processing /home/airflow/.local/lib/python3.8/site-packages/airflow/example_dags/example_branch_operator.py took 0.146 seconds
[2023-11-08T22:25:06.483+0000] {processor.py:157} INFO - Started process (PID=1456) to work on /home/airflow/.local/lib/python3.8/site-packages/airflow/example_dags/example_branch_operator.py
[2023-11-08T22:25:06.491+0000] {processor.py:829} INFO - Processing file /home/airflow/.local/lib/python3.8/site-packages/airflow/example_dags/example_branch_operator.py for tasks to queue
[2023-11-08T22:25:06.494+0000] {logging_mixin.py:154} INFO - [2023-11-08T22:25:06.494+0000] {dagbag.py:536} INFO - Filling up the DagBag from /home/airflow/.local/lib/python3.8/site-packages/airflow/example_dags/example_branch_operator.py
[2023-11-08T22:25:06.505+0000] {processor.py:839} INFO - DAG(s) dict_keys(['example_branch_operator']) retrieved from /home/airflow/.local/lib/python3.8/site-packages/airflow/example_dags/example_branch_operator.py
[2023-11-08T22:25:06.519+0000] {logging_mixin.py:154} INFO - [2023-11-08T22:25:06.519+0000] {dag.py:2941} INFO - Sync 1 DAGs
[2023-11-08T22:25:06.533+0000] {logging_mixin.py:154} INFO - [2023-11-08T22:25:06.533+0000] {dag.py:3722} INFO - Setting next_dagrun for example_branch_operator to 2023-11-07T00:00:00+00:00, run_after=2023-11-08T00:00:00+00:00
[2023-11-08T22:25:06.649+0000] {processor.py:179} INFO - Processing /home/airflow/.local/lib/python3.8/site-packages/airflow/example_dags/example_branch_operator.py took 0.169 seconds
[2023-11-08T22:25:37.397+0000] {processor.py:157} INFO - Started process (PID=1510) to work on /home/airflow/.local/lib/python3.8/site-packages/airflow/example_dags/example_branch_operator.py
[2023-11-08T22:25:37.405+0000] {processor.py:829} INFO - Processing file /home/airflow/.local/lib/python3.8/site-packages/airflow/example_dags/example_branch_operator.py for tasks to queue
[2023-11-08T22:25:37.408+0000] {logging_mixin.py:154} INFO - [2023-11-08T22:25:37.408+0000] {dagbag.py:536} INFO - Filling up the DagBag from /home/airflow/.local/lib/python3.8/site-packages/airflow/example_dags/example_branch_operator.py
[2023-11-08T22:25:37.416+0000] {processor.py:839} INFO - DAG(s) dict_keys(['example_branch_operator']) retrieved from /home/airflow/.local/lib/python3.8/site-packages/airflow/example_dags/example_branch_operator.py
[2023-11-08T22:25:37.430+0000] {logging_mixin.py:154} INFO - [2023-11-08T22:25:37.430+0000] {dag.py:2941} INFO - Sync 1 DAGs
[2023-11-08T22:25:37.443+0000] {logging_mixin.py:154} INFO - [2023-11-08T22:25:37.443+0000] {dag.py:3722} INFO - Setting next_dagrun for example_branch_operator to 2023-11-07T00:00:00+00:00, run_after=2023-11-08T00:00:00+00:00
[2023-11-08T22:25:37.457+0000] {processor.py:179} INFO - Processing /home/airflow/.local/lib/python3.8/site-packages/airflow/example_dags/example_branch_operator.py took 0.064 seconds
[2023-11-08T22:26:07.969+0000] {processor.py:157} INFO - Started process (PID=1564) to work on /home/airflow/.local/lib/python3.8/site-packages/airflow/example_dags/example_branch_operator.py
[2023-11-08T22:26:07.978+0000] {processor.py:829} INFO - Processing file /home/airflow/.local/lib/python3.8/site-packages/airflow/example_dags/example_branch_operator.py for tasks to queue
[2023-11-08T22:26:07.979+0000] {logging_mixin.py:154} INFO - [2023-11-08T22:26:07.979+0000] {dagbag.py:536} INFO - Filling up the DagBag from /home/airflow/.local/lib/python3.8/site-packages/airflow/example_dags/example_branch_operator.py
[2023-11-08T22:26:07.987+0000] {processor.py:839} INFO - DAG(s) dict_keys(['example_branch_operator']) retrieved from /home/airflow/.local/lib/python3.8/site-packages/airflow/example_dags/example_branch_operator.py
[2023-11-08T22:26:08.001+0000] {logging_mixin.py:154} INFO - [2023-11-08T22:26:08.001+0000] {dag.py:2941} INFO - Sync 1 DAGs
[2023-11-08T22:26:08.016+0000] {logging_mixin.py:154} INFO - [2023-11-08T22:26:08.016+0000] {dag.py:3722} INFO - Setting next_dagrun for example_branch_operator to 2023-11-07T00:00:00+00:00, run_after=2023-11-08T00:00:00+00:00
[2023-11-08T22:26:08.027+0000] {processor.py:179} INFO - Processing /home/airflow/.local/lib/python3.8/site-packages/airflow/example_dags/example_branch_operator.py took 0.061 seconds
[2023-11-08T22:26:38.641+0000] {processor.py:157} INFO - Started process (PID=1618) to work on /home/airflow/.local/lib/python3.8/site-packages/airflow/example_dags/example_branch_operator.py
[2023-11-08T22:26:38.650+0000] {processor.py:829} INFO - Processing file /home/airflow/.local/lib/python3.8/site-packages/airflow/example_dags/example_branch_operator.py for tasks to queue
[2023-11-08T22:26:38.651+0000] {logging_mixin.py:154} INFO - [2023-11-08T22:26:38.651+0000] {dagbag.py:536} INFO - Filling up the DagBag from /home/airflow/.local/lib/python3.8/site-packages/airflow/example_dags/example_branch_operator.py
[2023-11-08T22:26:38.657+0000] {processor.py:839} INFO - DAG(s) dict_keys(['example_branch_operator']) retrieved from /home/airflow/.local/lib/python3.8/site-packages/airflow/example_dags/example_branch_operator.py
[2023-11-08T22:26:38.670+0000] {logging_mixin.py:154} INFO - [2023-11-08T22:26:38.670+0000] {dag.py:2941} INFO - Sync 1 DAGs
[2023-11-08T22:26:38.684+0000] {logging_mixin.py:154} INFO - [2023-11-08T22:26:38.683+0000] {dag.py:3722} INFO - Setting next_dagrun for example_branch_operator to 2023-11-07T00:00:00+00:00, run_after=2023-11-08T00:00:00+00:00
[2023-11-08T22:26:38.693+0000] {processor.py:179} INFO - Processing /home/airflow/.local/lib/python3.8/site-packages/airflow/example_dags/example_branch_operator.py took 0.055 seconds
[2023-11-08T22:27:16.850+0000] {processor.py:157} INFO - Started process (PID=52) to work on /home/airflow/.local/lib/python3.8/site-packages/airflow/example_dags/example_branch_operator.py
[2023-11-08T22:27:16.850+0000] {processor.py:829} INFO - Processing file /home/airflow/.local/lib/python3.8/site-packages/airflow/example_dags/example_branch_operator.py for tasks to queue
[2023-11-08T22:27:16.852+0000] {logging_mixin.py:154} INFO - [2023-11-08T22:27:16.851+0000] {dagbag.py:536} INFO - Filling up the DagBag from /home/airflow/.local/lib/python3.8/site-packages/airflow/example_dags/example_branch_operator.py
[2023-11-08T22:27:16.858+0000] {processor.py:839} INFO - DAG(s) dict_keys(['example_branch_operator']) retrieved from /home/airflow/.local/lib/python3.8/site-packages/airflow/example_dags/example_branch_operator.py
[2023-11-08T22:27:16.865+0000] {logging_mixin.py:154} INFO - [2023-11-08T22:27:16.865+0000] {dag.py:2941} INFO - Sync 1 DAGs
[2023-11-08T22:27:16.880+0000] {logging_mixin.py:154} INFO - [2023-11-08T22:27:16.880+0000] {dag.py:3722} INFO - Setting next_dagrun for example_branch_operator to 2023-11-07T00:00:00+00:00, run_after=2023-11-08T00:00:00+00:00
[2023-11-08T22:27:16.892+0000] {processor.py:179} INFO - Processing /home/airflow/.local/lib/python3.8/site-packages/airflow/example_dags/example_branch_operator.py took 0.043 seconds
[2023-11-08T22:27:47.695+0000] {processor.py:157} INFO - Started process (PID=106) to work on /home/airflow/.local/lib/python3.8/site-packages/airflow/example_dags/example_branch_operator.py
[2023-11-08T22:27:47.696+0000] {processor.py:829} INFO - Processing file /home/airflow/.local/lib/python3.8/site-packages/airflow/example_dags/example_branch_operator.py for tasks to queue
[2023-11-08T22:27:47.697+0000] {logging_mixin.py:154} INFO - [2023-11-08T22:27:47.697+0000] {dagbag.py:536} INFO - Filling up the DagBag from /home/airflow/.local/lib/python3.8/site-packages/airflow/example_dags/example_branch_operator.py
[2023-11-08T22:27:47.704+0000] {processor.py:839} INFO - DAG(s) dict_keys(['example_branch_operator']) retrieved from /home/airflow/.local/lib/python3.8/site-packages/airflow/example_dags/example_branch_operator.py
[2023-11-08T22:27:47.718+0000] {logging_mixin.py:154} INFO - [2023-11-08T22:27:47.718+0000] {dag.py:2941} INFO - Sync 1 DAGs
[2023-11-08T22:27:47.738+0000] {logging_mixin.py:154} INFO - [2023-11-08T22:27:47.737+0000] {dag.py:3722} INFO - Setting next_dagrun for example_branch_operator to 2023-11-07T00:00:00+00:00, run_after=2023-11-08T00:00:00+00:00
[2023-11-08T22:27:47.752+0000] {processor.py:179} INFO - Processing /home/airflow/.local/lib/python3.8/site-packages/airflow/example_dags/example_branch_operator.py took 0.059 seconds
[2023-11-08T22:28:17.875+0000] {processor.py:157} INFO - Started process (PID=160) to work on /home/airflow/.local/lib/python3.8/site-packages/airflow/example_dags/example_branch_operator.py
[2023-11-08T22:28:17.876+0000] {processor.py:829} INFO - Processing file /home/airflow/.local/lib/python3.8/site-packages/airflow/example_dags/example_branch_operator.py for tasks to queue
[2023-11-08T22:28:17.877+0000] {logging_mixin.py:154} INFO - [2023-11-08T22:28:17.877+0000] {dagbag.py:536} INFO - Filling up the DagBag from /home/airflow/.local/lib/python3.8/site-packages/airflow/example_dags/example_branch_operator.py
[2023-11-08T22:28:17.882+0000] {processor.py:839} INFO - DAG(s) dict_keys(['example_branch_operator']) retrieved from /home/airflow/.local/lib/python3.8/site-packages/airflow/example_dags/example_branch_operator.py
[2023-11-08T22:28:17.897+0000] {logging_mixin.py:154} INFO - [2023-11-08T22:28:17.897+0000] {dag.py:2941} INFO - Sync 1 DAGs
[2023-11-08T22:28:17.914+0000] {logging_mixin.py:154} INFO - [2023-11-08T22:28:17.914+0000] {dag.py:3722} INFO - Setting next_dagrun for example_branch_operator to 2023-11-07T00:00:00+00:00, run_after=2023-11-08T00:00:00+00:00
[2023-11-08T22:28:17.925+0000] {processor.py:179} INFO - Processing /home/airflow/.local/lib/python3.8/site-packages/airflow/example_dags/example_branch_operator.py took 0.051 seconds
[2023-11-08T22:28:48.022+0000] {processor.py:157} INFO - Started process (PID=214) to work on /home/airflow/.local/lib/python3.8/site-packages/airflow/example_dags/example_branch_operator.py
[2023-11-08T22:28:48.023+0000] {processor.py:829} INFO - Processing file /home/airflow/.local/lib/python3.8/site-packages/airflow/example_dags/example_branch_operator.py for tasks to queue
[2023-11-08T22:28:48.024+0000] {logging_mixin.py:154} INFO - [2023-11-08T22:28:48.024+0000] {dagbag.py:536} INFO - Filling up the DagBag from /home/airflow/.local/lib/python3.8/site-packages/airflow/example_dags/example_branch_operator.py
[2023-11-08T22:28:48.032+0000] {processor.py:839} INFO - DAG(s) dict_keys(['example_branch_operator']) retrieved from /home/airflow/.local/lib/python3.8/site-packages/airflow/example_dags/example_branch_operator.py
[2023-11-08T22:28:48.048+0000] {logging_mixin.py:154} INFO - [2023-11-08T22:28:48.047+0000] {dag.py:2941} INFO - Sync 1 DAGs
[2023-11-08T22:28:48.064+0000] {logging_mixin.py:154} INFO - [2023-11-08T22:28:48.063+0000] {dag.py:3722} INFO - Setting next_dagrun for example_branch_operator to 2023-11-07T00:00:00+00:00, run_after=2023-11-08T00:00:00+00:00
[2023-11-08T22:28:48.075+0000] {processor.py:179} INFO - Processing /home/airflow/.local/lib/python3.8/site-packages/airflow/example_dags/example_branch_operator.py took 0.054 seconds
[2023-11-08T22:29:18.739+0000] {processor.py:157} INFO - Started process (PID=268) to work on /home/airflow/.local/lib/python3.8/site-packages/airflow/example_dags/example_branch_operator.py
[2023-11-08T22:29:18.740+0000] {processor.py:829} INFO - Processing file /home/airflow/.local/lib/python3.8/site-packages/airflow/example_dags/example_branch_operator.py for tasks to queue
[2023-11-08T22:29:18.741+0000] {logging_mixin.py:154} INFO - [2023-11-08T22:29:18.741+0000] {dagbag.py:536} INFO - Filling up the DagBag from /home/airflow/.local/lib/python3.8/site-packages/airflow/example_dags/example_branch_operator.py
[2023-11-08T22:29:18.747+0000] {processor.py:839} INFO - DAG(s) dict_keys(['example_branch_operator']) retrieved from /home/airflow/.local/lib/python3.8/site-packages/airflow/example_dags/example_branch_operator.py
[2023-11-08T22:29:18.762+0000] {logging_mixin.py:154} INFO - [2023-11-08T22:29:18.762+0000] {dag.py:2941} INFO - Sync 1 DAGs
[2023-11-08T22:29:18.778+0000] {logging_mixin.py:154} INFO - [2023-11-08T22:29:18.777+0000] {dag.py:3722} INFO - Setting next_dagrun for example_branch_operator to 2023-11-07T00:00:00+00:00, run_after=2023-11-08T00:00:00+00:00
[2023-11-08T22:29:18.789+0000] {processor.py:179} INFO - Processing /home/airflow/.local/lib/python3.8/site-packages/airflow/example_dags/example_branch_operator.py took 0.053 seconds
[2023-11-08T22:29:48.892+0000] {processor.py:157} INFO - Started process (PID=323) to work on /home/airflow/.local/lib/python3.8/site-packages/airflow/example_dags/example_branch_operator.py
[2023-11-08T22:29:48.892+0000] {processor.py:829} INFO - Processing file /home/airflow/.local/lib/python3.8/site-packages/airflow/example_dags/example_branch_operator.py for tasks to queue
[2023-11-08T22:29:48.893+0000] {logging_mixin.py:154} INFO - [2023-11-08T22:29:48.893+0000] {dagbag.py:536} INFO - Filling up the DagBag from /home/airflow/.local/lib/python3.8/site-packages/airflow/example_dags/example_branch_operator.py
[2023-11-08T22:29:48.899+0000] {processor.py:839} INFO - DAG(s) dict_keys(['example_branch_operator']) retrieved from /home/airflow/.local/lib/python3.8/site-packages/airflow/example_dags/example_branch_operator.py
[2023-11-08T22:29:48.912+0000] {logging_mixin.py:154} INFO - [2023-11-08T22:29:48.911+0000] {dag.py:2941} INFO - Sync 1 DAGs
[2023-11-08T22:29:48.926+0000] {logging_mixin.py:154} INFO - [2023-11-08T22:29:48.926+0000] {dag.py:3722} INFO - Setting next_dagrun for example_branch_operator to 2023-11-07T00:00:00+00:00, run_after=2023-11-08T00:00:00+00:00
[2023-11-08T22:29:48.937+0000] {processor.py:179} INFO - Processing /home/airflow/.local/lib/python3.8/site-packages/airflow/example_dags/example_branch_operator.py took 0.047 seconds
[2023-11-08T22:30:19.668+0000] {processor.py:157} INFO - Started process (PID=377) to work on /home/airflow/.local/lib/python3.8/site-packages/airflow/example_dags/example_branch_operator.py
[2023-11-08T22:30:19.668+0000] {processor.py:829} INFO - Processing file /home/airflow/.local/lib/python3.8/site-packages/airflow/example_dags/example_branch_operator.py for tasks to queue
[2023-11-08T22:30:19.670+0000] {logging_mixin.py:154} INFO - [2023-11-08T22:30:19.669+0000] {dagbag.py:536} INFO - Filling up the DagBag from /home/airflow/.local/lib/python3.8/site-packages/airflow/example_dags/example_branch_operator.py
[2023-11-08T22:30:19.674+0000] {processor.py:839} INFO - DAG(s) dict_keys(['example_branch_operator']) retrieved from /home/airflow/.local/lib/python3.8/site-packages/airflow/example_dags/example_branch_operator.py
[2023-11-08T22:30:19.687+0000] {logging_mixin.py:154} INFO - [2023-11-08T22:30:19.687+0000] {dag.py:2941} INFO - Sync 1 DAGs
[2023-11-08T22:30:19.700+0000] {logging_mixin.py:154} INFO - [2023-11-08T22:30:19.700+0000] {dag.py:3722} INFO - Setting next_dagrun for example_branch_operator to 2023-11-07T00:00:00+00:00, run_after=2023-11-08T00:00:00+00:00
[2023-11-08T22:30:19.711+0000] {processor.py:179} INFO - Processing /home/airflow/.local/lib/python3.8/site-packages/airflow/example_dags/example_branch_operator.py took 0.045 seconds
[2023-11-08T22:30:50.331+0000] {processor.py:157} INFO - Started process (PID=431) to work on /home/airflow/.local/lib/python3.8/site-packages/airflow/example_dags/example_branch_operator.py
[2023-11-08T22:30:50.332+0000] {processor.py:829} INFO - Processing file /home/airflow/.local/lib/python3.8/site-packages/airflow/example_dags/example_branch_operator.py for tasks to queue
[2023-11-08T22:30:50.333+0000] {logging_mixin.py:154} INFO - [2023-11-08T22:30:50.333+0000] {dagbag.py:536} INFO - Filling up the DagBag from /home/airflow/.local/lib/python3.8/site-packages/airflow/example_dags/example_branch_operator.py
[2023-11-08T22:30:50.338+0000] {processor.py:839} INFO - DAG(s) dict_keys(['example_branch_operator']) retrieved from /home/airflow/.local/lib/python3.8/site-packages/airflow/example_dags/example_branch_operator.py
[2023-11-08T22:30:50.351+0000] {logging_mixin.py:154} INFO - [2023-11-08T22:30:50.351+0000] {dag.py:2941} INFO - Sync 1 DAGs
[2023-11-08T22:30:50.365+0000] {logging_mixin.py:154} INFO - [2023-11-08T22:30:50.365+0000] {dag.py:3722} INFO - Setting next_dagrun for example_branch_operator to 2023-11-07T00:00:00+00:00, run_after=2023-11-08T00:00:00+00:00
[2023-11-08T22:30:50.375+0000] {processor.py:179} INFO - Processing /home/airflow/.local/lib/python3.8/site-packages/airflow/example_dags/example_branch_operator.py took 0.046 seconds
[2023-11-08T22:31:21.336+0000] {processor.py:157} INFO - Started process (PID=485) to work on /home/airflow/.local/lib/python3.8/site-packages/airflow/example_dags/example_branch_operator.py
[2023-11-08T22:31:21.337+0000] {processor.py:829} INFO - Processing file /home/airflow/.local/lib/python3.8/site-packages/airflow/example_dags/example_branch_operator.py for tasks to queue
[2023-11-08T22:31:21.339+0000] {logging_mixin.py:154} INFO - [2023-11-08T22:31:21.338+0000] {dagbag.py:536} INFO - Filling up the DagBag from /home/airflow/.local/lib/python3.8/site-packages/airflow/example_dags/example_branch_operator.py
[2023-11-08T22:31:21.347+0000] {processor.py:839} INFO - DAG(s) dict_keys(['example_branch_operator']) retrieved from /home/airflow/.local/lib/python3.8/site-packages/airflow/example_dags/example_branch_operator.py
[2023-11-08T22:31:21.366+0000] {logging_mixin.py:154} INFO - [2023-11-08T22:31:21.366+0000] {dag.py:2941} INFO - Sync 1 DAGs
[2023-11-08T22:31:21.386+0000] {logging_mixin.py:154} INFO - [2023-11-08T22:31:21.386+0000] {dag.py:3722} INFO - Setting next_dagrun for example_branch_operator to 2023-11-07T00:00:00+00:00, run_after=2023-11-08T00:00:00+00:00
[2023-11-08T22:31:21.402+0000] {processor.py:179} INFO - Processing /home/airflow/.local/lib/python3.8/site-packages/airflow/example_dags/example_branch_operator.py took 0.069 seconds
[2023-11-08T22:31:51.474+0000] {processor.py:157} INFO - Started process (PID=539) to work on /home/airflow/.local/lib/python3.8/site-packages/airflow/example_dags/example_branch_operator.py
[2023-11-08T22:31:51.474+0000] {processor.py:829} INFO - Processing file /home/airflow/.local/lib/python3.8/site-packages/airflow/example_dags/example_branch_operator.py for tasks to queue
[2023-11-08T22:31:51.475+0000] {logging_mixin.py:154} INFO - [2023-11-08T22:31:51.475+0000] {dagbag.py:536} INFO - Filling up the DagBag from /home/airflow/.local/lib/python3.8/site-packages/airflow/example_dags/example_branch_operator.py
[2023-11-08T22:31:51.482+0000] {processor.py:839} INFO - DAG(s) dict_keys(['example_branch_operator']) retrieved from /home/airflow/.local/lib/python3.8/site-packages/airflow/example_dags/example_branch_operator.py
[2023-11-08T22:31:51.502+0000] {logging_mixin.py:154} INFO - [2023-11-08T22:31:51.501+0000] {dag.py:2941} INFO - Sync 1 DAGs
[2023-11-08T22:31:51.522+0000] {logging_mixin.py:154} INFO - [2023-11-08T22:31:51.522+0000] {dag.py:3722} INFO - Setting next_dagrun for example_branch_operator to 2023-11-07T00:00:00+00:00, run_after=2023-11-08T00:00:00+00:00
[2023-11-08T22:31:51.537+0000] {processor.py:179} INFO - Processing /home/airflow/.local/lib/python3.8/site-packages/airflow/example_dags/example_branch_operator.py took 0.065 seconds
[2023-11-08T22:32:22.531+0000] {processor.py:157} INFO - Started process (PID=594) to work on /home/airflow/.local/lib/python3.8/site-packages/airflow/example_dags/example_branch_operator.py
[2023-11-08T22:32:22.532+0000] {processor.py:829} INFO - Processing file /home/airflow/.local/lib/python3.8/site-packages/airflow/example_dags/example_branch_operator.py for tasks to queue
[2023-11-08T22:32:22.533+0000] {logging_mixin.py:154} INFO - [2023-11-08T22:32:22.533+0000] {dagbag.py:536} INFO - Filling up the DagBag from /home/airflow/.local/lib/python3.8/site-packages/airflow/example_dags/example_branch_operator.py
[2023-11-08T22:32:22.539+0000] {processor.py:839} INFO - DAG(s) dict_keys(['example_branch_operator']) retrieved from /home/airflow/.local/lib/python3.8/site-packages/airflow/example_dags/example_branch_operator.py
[2023-11-08T22:32:22.558+0000] {logging_mixin.py:154} INFO - [2023-11-08T22:32:22.558+0000] {dag.py:2941} INFO - Sync 1 DAGs
[2023-11-08T22:32:22.576+0000] {logging_mixin.py:154} INFO - [2023-11-08T22:32:22.576+0000] {dag.py:3722} INFO - Setting next_dagrun for example_branch_operator to 2023-11-07T00:00:00+00:00, run_after=2023-11-08T00:00:00+00:00
[2023-11-08T22:32:22.587+0000] {processor.py:179} INFO - Processing /home/airflow/.local/lib/python3.8/site-packages/airflow/example_dags/example_branch_operator.py took 0.058 seconds
[2023-11-08T22:32:52.644+0000] {processor.py:157} INFO - Started process (PID=649) to work on /home/airflow/.local/lib/python3.8/site-packages/airflow/example_dags/example_branch_operator.py
[2023-11-08T22:32:52.644+0000] {processor.py:829} INFO - Processing file /home/airflow/.local/lib/python3.8/site-packages/airflow/example_dags/example_branch_operator.py for tasks to queue
[2023-11-08T22:32:52.645+0000] {logging_mixin.py:154} INFO - [2023-11-08T22:32:52.645+0000] {dagbag.py:536} INFO - Filling up the DagBag from /home/airflow/.local/lib/python3.8/site-packages/airflow/example_dags/example_branch_operator.py
[2023-11-08T22:32:52.650+0000] {processor.py:839} INFO - DAG(s) dict_keys(['example_branch_operator']) retrieved from /home/airflow/.local/lib/python3.8/site-packages/airflow/example_dags/example_branch_operator.py
[2023-11-08T22:32:52.664+0000] {logging_mixin.py:154} INFO - [2023-11-08T22:32:52.664+0000] {dag.py:2941} INFO - Sync 1 DAGs
[2023-11-08T22:32:52.678+0000] {logging_mixin.py:154} INFO - [2023-11-08T22:32:52.678+0000] {dag.py:3722} INFO - Setting next_dagrun for example_branch_operator to 2023-11-07T00:00:00+00:00, run_after=2023-11-08T00:00:00+00:00
[2023-11-08T22:32:52.690+0000] {processor.py:179} INFO - Processing /home/airflow/.local/lib/python3.8/site-packages/airflow/example_dags/example_branch_operator.py took 0.048 seconds
[2023-11-08T22:33:22.806+0000] {processor.py:157} INFO - Started process (PID=704) to work on /home/airflow/.local/lib/python3.8/site-packages/airflow/example_dags/example_branch_operator.py
[2023-11-08T22:33:22.814+0000] {processor.py:829} INFO - Processing file /home/airflow/.local/lib/python3.8/site-packages/airflow/example_dags/example_branch_operator.py for tasks to queue
[2023-11-08T22:33:22.815+0000] {logging_mixin.py:154} INFO - [2023-11-08T22:33:22.815+0000] {dagbag.py:536} INFO - Filling up the DagBag from /home/airflow/.local/lib/python3.8/site-packages/airflow/example_dags/example_branch_operator.py
[2023-11-08T22:33:22.820+0000] {processor.py:839} INFO - DAG(s) dict_keys(['example_branch_operator']) retrieved from /home/airflow/.local/lib/python3.8/site-packages/airflow/example_dags/example_branch_operator.py
[2023-11-08T22:33:22.833+0000] {logging_mixin.py:154} INFO - [2023-11-08T22:33:22.833+0000] {dag.py:2941} INFO - Sync 1 DAGs
[2023-11-08T22:33:22.846+0000] {logging_mixin.py:154} INFO - [2023-11-08T22:33:22.846+0000] {dag.py:3722} INFO - Setting next_dagrun for example_branch_operator to 2023-11-07T00:00:00+00:00, run_after=2023-11-08T00:00:00+00:00
[2023-11-08T22:33:22.866+0000] {processor.py:179} INFO - Processing /home/airflow/.local/lib/python3.8/site-packages/airflow/example_dags/example_branch_operator.py took 0.062 seconds
[2023-11-08T22:33:52.910+0000] {processor.py:157} INFO - Started process (PID=759) to work on /home/airflow/.local/lib/python3.8/site-packages/airflow/example_dags/example_branch_operator.py
[2023-11-08T22:33:52.911+0000] {processor.py:829} INFO - Processing file /home/airflow/.local/lib/python3.8/site-packages/airflow/example_dags/example_branch_operator.py for tasks to queue
[2023-11-08T22:33:52.912+0000] {logging_mixin.py:154} INFO - [2023-11-08T22:33:52.912+0000] {dagbag.py:536} INFO - Filling up the DagBag from /home/airflow/.local/lib/python3.8/site-packages/airflow/example_dags/example_branch_operator.py
[2023-11-08T22:33:52.917+0000] {processor.py:839} INFO - DAG(s) dict_keys(['example_branch_operator']) retrieved from /home/airflow/.local/lib/python3.8/site-packages/airflow/example_dags/example_branch_operator.py
[2023-11-08T22:33:52.932+0000] {logging_mixin.py:154} INFO - [2023-11-08T22:33:52.932+0000] {dag.py:2941} INFO - Sync 1 DAGs
[2023-11-08T22:33:52.945+0000] {logging_mixin.py:154} INFO - [2023-11-08T22:33:52.945+0000] {dag.py:3722} INFO - Setting next_dagrun for example_branch_operator to 2023-11-07T00:00:00+00:00, run_after=2023-11-08T00:00:00+00:00
[2023-11-08T22:33:52.956+0000] {processor.py:179} INFO - Processing /home/airflow/.local/lib/python3.8/site-packages/airflow/example_dags/example_branch_operator.py took 0.048 seconds
[2023-11-08T22:34:23.522+0000] {processor.py:157} INFO - Started process (PID=814) to work on /home/airflow/.local/lib/python3.8/site-packages/airflow/example_dags/example_branch_operator.py
[2023-11-08T22:34:23.522+0000] {processor.py:829} INFO - Processing file /home/airflow/.local/lib/python3.8/site-packages/airflow/example_dags/example_branch_operator.py for tasks to queue
[2023-11-08T22:34:23.524+0000] {logging_mixin.py:154} INFO - [2023-11-08T22:34:23.524+0000] {dagbag.py:536} INFO - Filling up the DagBag from /home/airflow/.local/lib/python3.8/site-packages/airflow/example_dags/example_branch_operator.py
[2023-11-08T22:34:23.530+0000] {processor.py:839} INFO - DAG(s) dict_keys(['example_branch_operator']) retrieved from /home/airflow/.local/lib/python3.8/site-packages/airflow/example_dags/example_branch_operator.py
[2023-11-08T22:34:23.544+0000] {logging_mixin.py:154} INFO - [2023-11-08T22:34:23.543+0000] {dag.py:2941} INFO - Sync 1 DAGs
[2023-11-08T22:34:23.556+0000] {logging_mixin.py:154} INFO - [2023-11-08T22:34:23.556+0000] {dag.py:3722} INFO - Setting next_dagrun for example_branch_operator to 2023-11-07T00:00:00+00:00, run_after=2023-11-08T00:00:00+00:00
[2023-11-08T22:34:23.566+0000] {processor.py:179} INFO - Processing /home/airflow/.local/lib/python3.8/site-packages/airflow/example_dags/example_branch_operator.py took 0.047 seconds
[2023-11-08T22:34:54.058+0000] {processor.py:157} INFO - Started process (PID=869) to work on /home/airflow/.local/lib/python3.8/site-packages/airflow/example_dags/example_branch_operator.py
[2023-11-08T22:34:54.066+0000] {processor.py:829} INFO - Processing file /home/airflow/.local/lib/python3.8/site-packages/airflow/example_dags/example_branch_operator.py for tasks to queue
[2023-11-08T22:34:54.068+0000] {logging_mixin.py:154} INFO - [2023-11-08T22:34:54.068+0000] {dagbag.py:536} INFO - Filling up the DagBag from /home/airflow/.local/lib/python3.8/site-packages/airflow/example_dags/example_branch_operator.py
[2023-11-08T22:34:54.079+0000] {processor.py:839} INFO - DAG(s) dict_keys(['example_branch_operator']) retrieved from /home/airflow/.local/lib/python3.8/site-packages/airflow/example_dags/example_branch_operator.py
[2023-11-08T22:34:54.093+0000] {logging_mixin.py:154} INFO - [2023-11-08T22:34:54.093+0000] {dag.py:2941} INFO - Sync 1 DAGs
[2023-11-08T22:34:54.107+0000] {logging_mixin.py:154} INFO - [2023-11-08T22:34:54.107+0000] {dag.py:3722} INFO - Setting next_dagrun for example_branch_operator to 2023-11-07T00:00:00+00:00, run_after=2023-11-08T00:00:00+00:00
[2023-11-08T22:34:54.117+0000] {processor.py:179} INFO - Processing /home/airflow/.local/lib/python3.8/site-packages/airflow/example_dags/example_branch_operator.py took 0.063 seconds
[2023-11-08T22:35:24.853+0000] {processor.py:157} INFO - Started process (PID=924) to work on /home/airflow/.local/lib/python3.8/site-packages/airflow/example_dags/example_branch_operator.py
[2023-11-08T22:35:24.861+0000] {processor.py:829} INFO - Processing file /home/airflow/.local/lib/python3.8/site-packages/airflow/example_dags/example_branch_operator.py for tasks to queue
[2023-11-08T22:35:24.862+0000] {logging_mixin.py:154} INFO - [2023-11-08T22:35:24.862+0000] {dagbag.py:536} INFO - Filling up the DagBag from /home/airflow/.local/lib/python3.8/site-packages/airflow/example_dags/example_branch_operator.py
[2023-11-08T22:35:24.869+0000] {processor.py:839} INFO - DAG(s) dict_keys(['example_branch_operator']) retrieved from /home/airflow/.local/lib/python3.8/site-packages/airflow/example_dags/example_branch_operator.py
[2023-11-08T22:35:24.890+0000] {logging_mixin.py:154} INFO - [2023-11-08T22:35:24.890+0000] {dag.py:2941} INFO - Sync 1 DAGs
[2023-11-08T22:35:24.913+0000] {logging_mixin.py:154} INFO - [2023-11-08T22:35:24.913+0000] {dag.py:3722} INFO - Setting next_dagrun for example_branch_operator to 2023-11-07T00:00:00+00:00, run_after=2023-11-08T00:00:00+00:00
[2023-11-08T22:35:24.928+0000] {processor.py:179} INFO - Processing /home/airflow/.local/lib/python3.8/site-packages/airflow/example_dags/example_branch_operator.py took 0.077 seconds
[2023-11-08T22:35:55.862+0000] {processor.py:157} INFO - Started process (PID=979) to work on /home/airflow/.local/lib/python3.8/site-packages/airflow/example_dags/example_branch_operator.py
[2023-11-08T22:35:55.863+0000] {processor.py:829} INFO - Processing file /home/airflow/.local/lib/python3.8/site-packages/airflow/example_dags/example_branch_operator.py for tasks to queue
[2023-11-08T22:35:55.864+0000] {logging_mixin.py:154} INFO - [2023-11-08T22:35:55.864+0000] {dagbag.py:536} INFO - Filling up the DagBag from /home/airflow/.local/lib/python3.8/site-packages/airflow/example_dags/example_branch_operator.py
[2023-11-08T22:35:55.869+0000] {processor.py:839} INFO - DAG(s) dict_keys(['example_branch_operator']) retrieved from /home/airflow/.local/lib/python3.8/site-packages/airflow/example_dags/example_branch_operator.py
[2023-11-08T22:35:55.909+0000] {logging_mixin.py:154} INFO - [2023-11-08T22:35:55.909+0000] {dag.py:2941} INFO - Sync 1 DAGs
[2023-11-08T22:35:55.925+0000] {logging_mixin.py:154} INFO - [2023-11-08T22:35:55.925+0000] {dag.py:3722} INFO - Setting next_dagrun for example_branch_operator to 2023-11-07T00:00:00+00:00, run_after=2023-11-08T00:00:00+00:00
[2023-11-08T22:35:55.936+0000] {processor.py:179} INFO - Processing /home/airflow/.local/lib/python3.8/site-packages/airflow/example_dags/example_branch_operator.py took 0.076 seconds
[2023-11-08T22:36:26.462+0000] {processor.py:157} INFO - Started process (PID=1034) to work on /home/airflow/.local/lib/python3.8/site-packages/airflow/example_dags/example_branch_operator.py
[2023-11-08T22:36:26.462+0000] {processor.py:829} INFO - Processing file /home/airflow/.local/lib/python3.8/site-packages/airflow/example_dags/example_branch_operator.py for tasks to queue
[2023-11-08T22:36:26.464+0000] {logging_mixin.py:154} INFO - [2023-11-08T22:36:26.464+0000] {dagbag.py:536} INFO - Filling up the DagBag from /home/airflow/.local/lib/python3.8/site-packages/airflow/example_dags/example_branch_operator.py
[2023-11-08T22:36:26.469+0000] {processor.py:839} INFO - DAG(s) dict_keys(['example_branch_operator']) retrieved from /home/airflow/.local/lib/python3.8/site-packages/airflow/example_dags/example_branch_operator.py
[2023-11-08T22:36:26.484+0000] {logging_mixin.py:154} INFO - [2023-11-08T22:36:26.484+0000] {dag.py:2941} INFO - Sync 1 DAGs
[2023-11-08T22:36:26.498+0000] {logging_mixin.py:154} INFO - [2023-11-08T22:36:26.497+0000] {dag.py:3722} INFO - Setting next_dagrun for example_branch_operator to 2023-11-07T00:00:00+00:00, run_after=2023-11-08T00:00:00+00:00
[2023-11-08T22:36:26.509+0000] {processor.py:179} INFO - Processing /home/airflow/.local/lib/python3.8/site-packages/airflow/example_dags/example_branch_operator.py took 0.049 seconds
[2023-11-08T22:36:57.093+0000] {processor.py:157} INFO - Started process (PID=1091) to work on /home/airflow/.local/lib/python3.8/site-packages/airflow/example_dags/example_branch_operator.py
[2023-11-08T22:36:57.094+0000] {processor.py:829} INFO - Processing file /home/airflow/.local/lib/python3.8/site-packages/airflow/example_dags/example_branch_operator.py for tasks to queue
[2023-11-08T22:36:57.095+0000] {logging_mixin.py:154} INFO - [2023-11-08T22:36:57.095+0000] {dagbag.py:536} INFO - Filling up the DagBag from /home/airflow/.local/lib/python3.8/site-packages/airflow/example_dags/example_branch_operator.py
[2023-11-08T22:36:57.100+0000] {processor.py:839} INFO - DAG(s) dict_keys(['example_branch_operator']) retrieved from /home/airflow/.local/lib/python3.8/site-packages/airflow/example_dags/example_branch_operator.py
[2023-11-08T22:36:57.114+0000] {logging_mixin.py:154} INFO - [2023-11-08T22:36:57.114+0000] {dag.py:2941} INFO - Sync 1 DAGs
[2023-11-08T22:36:57.129+0000] {logging_mixin.py:154} INFO - [2023-11-08T22:36:57.129+0000] {dag.py:3722} INFO - Setting next_dagrun for example_branch_operator to 2023-11-07T00:00:00+00:00, run_after=2023-11-08T00:00:00+00:00
[2023-11-08T22:36:57.139+0000] {processor.py:179} INFO - Processing /home/airflow/.local/lib/python3.8/site-packages/airflow/example_dags/example_branch_operator.py took 0.048 seconds
[2023-11-08T22:37:27.954+0000] {processor.py:157} INFO - Started process (PID=1146) to work on /home/airflow/.local/lib/python3.8/site-packages/airflow/example_dags/example_branch_operator.py
[2023-11-08T22:37:27.954+0000] {processor.py:829} INFO - Processing file /home/airflow/.local/lib/python3.8/site-packages/airflow/example_dags/example_branch_operator.py for tasks to queue
[2023-11-08T22:37:27.955+0000] {logging_mixin.py:154} INFO - [2023-11-08T22:37:27.955+0000] {dagbag.py:536} INFO - Filling up the DagBag from /home/airflow/.local/lib/python3.8/site-packages/airflow/example_dags/example_branch_operator.py
[2023-11-08T22:37:27.961+0000] {processor.py:839} INFO - DAG(s) dict_keys(['example_branch_operator']) retrieved from /home/airflow/.local/lib/python3.8/site-packages/airflow/example_dags/example_branch_operator.py
[2023-11-08T22:37:27.975+0000] {logging_mixin.py:154} INFO - [2023-11-08T22:37:27.975+0000] {dag.py:2941} INFO - Sync 1 DAGs
[2023-11-08T22:37:27.990+0000] {logging_mixin.py:154} INFO - [2023-11-08T22:37:27.990+0000] {dag.py:3722} INFO - Setting next_dagrun for example_branch_operator to 2023-11-07T00:00:00+00:00, run_after=2023-11-08T00:00:00+00:00
[2023-11-08T22:37:28.002+0000] {processor.py:179} INFO - Processing /home/airflow/.local/lib/python3.8/site-packages/airflow/example_dags/example_branch_operator.py took 0.050 seconds
[2023-11-08T22:37:58.476+0000] {processor.py:157} INFO - Started process (PID=1201) to work on /home/airflow/.local/lib/python3.8/site-packages/airflow/example_dags/example_branch_operator.py
[2023-11-08T22:37:58.477+0000] {processor.py:829} INFO - Processing file /home/airflow/.local/lib/python3.8/site-packages/airflow/example_dags/example_branch_operator.py for tasks to queue
[2023-11-08T22:37:58.478+0000] {logging_mixin.py:154} INFO - [2023-11-08T22:37:58.478+0000] {dagbag.py:536} INFO - Filling up the DagBag from /home/airflow/.local/lib/python3.8/site-packages/airflow/example_dags/example_branch_operator.py
[2023-11-08T22:37:58.484+0000] {processor.py:839} INFO - DAG(s) dict_keys(['example_branch_operator']) retrieved from /home/airflow/.local/lib/python3.8/site-packages/airflow/example_dags/example_branch_operator.py
[2023-11-08T22:37:58.498+0000] {logging_mixin.py:154} INFO - [2023-11-08T22:37:58.498+0000] {dag.py:2941} INFO - Sync 1 DAGs
[2023-11-08T22:37:58.511+0000] {logging_mixin.py:154} INFO - [2023-11-08T22:37:58.511+0000] {dag.py:3722} INFO - Setting next_dagrun for example_branch_operator to 2023-11-07T00:00:00+00:00, run_after=2023-11-08T00:00:00+00:00
[2023-11-08T22:37:58.521+0000] {processor.py:179} INFO - Processing /home/airflow/.local/lib/python3.8/site-packages/airflow/example_dags/example_branch_operator.py took 0.047 seconds
[2023-11-08T22:38:29.024+0000] {processor.py:157} INFO - Started process (PID=1256) to work on /home/airflow/.local/lib/python3.8/site-packages/airflow/example_dags/example_branch_operator.py
[2023-11-08T22:38:29.027+0000] {processor.py:829} INFO - Processing file /home/airflow/.local/lib/python3.8/site-packages/airflow/example_dags/example_branch_operator.py for tasks to queue
[2023-11-08T22:38:29.030+0000] {logging_mixin.py:154} INFO - [2023-11-08T22:38:29.029+0000] {dagbag.py:536} INFO - Filling up the DagBag from /home/airflow/.local/lib/python3.8/site-packages/airflow/example_dags/example_branch_operator.py
[2023-11-08T22:38:29.040+0000] {processor.py:839} INFO - DAG(s) dict_keys(['example_branch_operator']) retrieved from /home/airflow/.local/lib/python3.8/site-packages/airflow/example_dags/example_branch_operator.py
[2023-11-08T22:38:29.053+0000] {logging_mixin.py:154} INFO - [2023-11-08T22:38:29.053+0000] {dag.py:2941} INFO - Sync 1 DAGs
[2023-11-08T22:38:29.067+0000] {logging_mixin.py:154} INFO - [2023-11-08T22:38:29.067+0000] {dag.py:3722} INFO - Setting next_dagrun for example_branch_operator to 2023-11-07T00:00:00+00:00, run_after=2023-11-08T00:00:00+00:00
[2023-11-08T22:38:29.077+0000] {processor.py:179} INFO - Processing /home/airflow/.local/lib/python3.8/site-packages/airflow/example_dags/example_branch_operator.py took 0.055 seconds
[2023-11-08T22:38:59.659+0000] {processor.py:157} INFO - Started process (PID=1312) to work on /home/airflow/.local/lib/python3.8/site-packages/airflow/example_dags/example_branch_operator.py
[2023-11-08T22:38:59.662+0000] {processor.py:829} INFO - Processing file /home/airflow/.local/lib/python3.8/site-packages/airflow/example_dags/example_branch_operator.py for tasks to queue
[2023-11-08T22:38:59.665+0000] {logging_mixin.py:154} INFO - [2023-11-08T22:38:59.664+0000] {dagbag.py:536} INFO - Filling up the DagBag from /home/airflow/.local/lib/python3.8/site-packages/airflow/example_dags/example_branch_operator.py
[2023-11-08T22:38:59.676+0000] {processor.py:839} INFO - DAG(s) dict_keys(['example_branch_operator']) retrieved from /home/airflow/.local/lib/python3.8/site-packages/airflow/example_dags/example_branch_operator.py
[2023-11-08T22:38:59.689+0000] {logging_mixin.py:154} INFO - [2023-11-08T22:38:59.689+0000] {dag.py:2941} INFO - Sync 1 DAGs
[2023-11-08T22:38:59.704+0000] {logging_mixin.py:154} INFO - [2023-11-08T22:38:59.703+0000] {dag.py:3722} INFO - Setting next_dagrun for example_branch_operator to 2023-11-07T00:00:00+00:00, run_after=2023-11-08T00:00:00+00:00
[2023-11-08T22:38:59.714+0000] {processor.py:179} INFO - Processing /home/airflow/.local/lib/python3.8/site-packages/airflow/example_dags/example_branch_operator.py took 0.057 seconds
[2023-11-08T22:39:30.212+0000] {processor.py:157} INFO - Started process (PID=1368) to work on /home/airflow/.local/lib/python3.8/site-packages/airflow/example_dags/example_branch_operator.py
[2023-11-08T22:39:30.217+0000] {processor.py:829} INFO - Processing file /home/airflow/.local/lib/python3.8/site-packages/airflow/example_dags/example_branch_operator.py for tasks to queue
[2023-11-08T22:39:30.218+0000] {logging_mixin.py:154} INFO - [2023-11-08T22:39:30.218+0000] {dagbag.py:536} INFO - Filling up the DagBag from /home/airflow/.local/lib/python3.8/site-packages/airflow/example_dags/example_branch_operator.py
[2023-11-08T22:39:30.225+0000] {processor.py:839} INFO - DAG(s) dict_keys(['example_branch_operator']) retrieved from /home/airflow/.local/lib/python3.8/site-packages/airflow/example_dags/example_branch_operator.py
[2023-11-08T22:39:30.239+0000] {logging_mixin.py:154} INFO - [2023-11-08T22:39:30.238+0000] {dag.py:2941} INFO - Sync 1 DAGs
[2023-11-08T22:39:30.257+0000] {logging_mixin.py:154} INFO - [2023-11-08T22:39:30.257+0000] {dag.py:3722} INFO - Setting next_dagrun for example_branch_operator to 2023-11-07T00:00:00+00:00, run_after=2023-11-08T00:00:00+00:00
[2023-11-08T22:39:30.268+0000] {processor.py:179} INFO - Processing /home/airflow/.local/lib/python3.8/site-packages/airflow/example_dags/example_branch_operator.py took 0.057 seconds
[2023-11-08T22:40:00.843+0000] {processor.py:157} INFO - Started process (PID=1423) to work on /home/airflow/.local/lib/python3.8/site-packages/airflow/example_dags/example_branch_operator.py
[2023-11-08T22:40:00.846+0000] {processor.py:829} INFO - Processing file /home/airflow/.local/lib/python3.8/site-packages/airflow/example_dags/example_branch_operator.py for tasks to queue
[2023-11-08T22:40:00.847+0000] {logging_mixin.py:154} INFO - [2023-11-08T22:40:00.847+0000] {dagbag.py:536} INFO - Filling up the DagBag from /home/airflow/.local/lib/python3.8/site-packages/airflow/example_dags/example_branch_operator.py
[2023-11-08T22:40:00.853+0000] {processor.py:839} INFO - DAG(s) dict_keys(['example_branch_operator']) retrieved from /home/airflow/.local/lib/python3.8/site-packages/airflow/example_dags/example_branch_operator.py
[2023-11-08T22:40:00.867+0000] {logging_mixin.py:154} INFO - [2023-11-08T22:40:00.867+0000] {dag.py:2941} INFO - Sync 1 DAGs
[2023-11-08T22:40:00.881+0000] {logging_mixin.py:154} INFO - [2023-11-08T22:40:00.881+0000] {dag.py:3722} INFO - Setting next_dagrun for example_branch_operator to 2023-11-07T00:00:00+00:00, run_after=2023-11-08T00:00:00+00:00
[2023-11-08T22:40:00.892+0000] {processor.py:179} INFO - Processing /home/airflow/.local/lib/python3.8/site-packages/airflow/example_dags/example_branch_operator.py took 0.050 seconds
[2023-11-08T22:40:31.439+0000] {processor.py:157} INFO - Started process (PID=1478) to work on /home/airflow/.local/lib/python3.8/site-packages/airflow/example_dags/example_branch_operator.py
[2023-11-08T22:40:31.443+0000] {processor.py:829} INFO - Processing file /home/airflow/.local/lib/python3.8/site-packages/airflow/example_dags/example_branch_operator.py for tasks to queue
[2023-11-08T22:40:31.444+0000] {logging_mixin.py:154} INFO - [2023-11-08T22:40:31.444+0000] {dagbag.py:536} INFO - Filling up the DagBag from /home/airflow/.local/lib/python3.8/site-packages/airflow/example_dags/example_branch_operator.py
[2023-11-08T22:40:31.451+0000] {processor.py:839} INFO - DAG(s) dict_keys(['example_branch_operator']) retrieved from /home/airflow/.local/lib/python3.8/site-packages/airflow/example_dags/example_branch_operator.py
[2023-11-08T22:40:31.464+0000] {logging_mixin.py:154} INFO - [2023-11-08T22:40:31.464+0000] {dag.py:2941} INFO - Sync 1 DAGs
[2023-11-08T22:40:31.481+0000] {logging_mixin.py:154} INFO - [2023-11-08T22:40:31.481+0000] {dag.py:3722} INFO - Setting next_dagrun for example_branch_operator to 2023-11-07T00:00:00+00:00, run_after=2023-11-08T00:00:00+00:00
[2023-11-08T22:40:31.492+0000] {processor.py:179} INFO - Processing /home/airflow/.local/lib/python3.8/site-packages/airflow/example_dags/example_branch_operator.py took 0.054 seconds
[2023-11-08T22:41:01.958+0000] {processor.py:157} INFO - Started process (PID=1533) to work on /home/airflow/.local/lib/python3.8/site-packages/airflow/example_dags/example_branch_operator.py
[2023-11-08T22:41:01.962+0000] {processor.py:829} INFO - Processing file /home/airflow/.local/lib/python3.8/site-packages/airflow/example_dags/example_branch_operator.py for tasks to queue
[2023-11-08T22:41:01.963+0000] {logging_mixin.py:154} INFO - [2023-11-08T22:41:01.963+0000] {dagbag.py:536} INFO - Filling up the DagBag from /home/airflow/.local/lib/python3.8/site-packages/airflow/example_dags/example_branch_operator.py
[2023-11-08T22:41:01.971+0000] {processor.py:839} INFO - DAG(s) dict_keys(['example_branch_operator']) retrieved from /home/airflow/.local/lib/python3.8/site-packages/airflow/example_dags/example_branch_operator.py
[2023-11-08T22:41:01.985+0000] {logging_mixin.py:154} INFO - [2023-11-08T22:41:01.985+0000] {dag.py:2941} INFO - Sync 1 DAGs
[2023-11-08T22:41:02.001+0000] {logging_mixin.py:154} INFO - [2023-11-08T22:41:02.001+0000] {dag.py:3722} INFO - Setting next_dagrun for example_branch_operator to 2023-11-07T00:00:00+00:00, run_after=2023-11-08T00:00:00+00:00
[2023-11-08T22:41:02.012+0000] {processor.py:179} INFO - Processing /home/airflow/.local/lib/python3.8/site-packages/airflow/example_dags/example_branch_operator.py took 0.056 seconds
[2023-11-08T22:41:32.618+0000] {processor.py:157} INFO - Started process (PID=1588) to work on /home/airflow/.local/lib/python3.8/site-packages/airflow/example_dags/example_branch_operator.py
[2023-11-08T22:41:32.618+0000] {processor.py:829} INFO - Processing file /home/airflow/.local/lib/python3.8/site-packages/airflow/example_dags/example_branch_operator.py for tasks to queue
[2023-11-08T22:41:32.620+0000] {logging_mixin.py:154} INFO - [2023-11-08T22:41:32.619+0000] {dagbag.py:536} INFO - Filling up the DagBag from /home/airflow/.local/lib/python3.8/site-packages/airflow/example_dags/example_branch_operator.py
[2023-11-08T22:41:32.625+0000] {processor.py:839} INFO - DAG(s) dict_keys(['example_branch_operator']) retrieved from /home/airflow/.local/lib/python3.8/site-packages/airflow/example_dags/example_branch_operator.py
[2023-11-08T22:41:32.640+0000] {logging_mixin.py:154} INFO - [2023-11-08T22:41:32.640+0000] {dag.py:2941} INFO - Sync 1 DAGs
[2023-11-08T22:41:32.655+0000] {logging_mixin.py:154} INFO - [2023-11-08T22:41:32.655+0000] {dag.py:3722} INFO - Setting next_dagrun for example_branch_operator to 2023-11-07T00:00:00+00:00, run_after=2023-11-08T00:00:00+00:00
[2023-11-08T22:41:32.664+0000] {processor.py:179} INFO - Processing /home/airflow/.local/lib/python3.8/site-packages/airflow/example_dags/example_branch_operator.py took 0.049 seconds
[2023-11-08T22:42:03.255+0000] {processor.py:157} INFO - Started process (PID=1644) to work on /home/airflow/.local/lib/python3.8/site-packages/airflow/example_dags/example_branch_operator.py
[2023-11-08T22:42:03.258+0000] {processor.py:829} INFO - Processing file /home/airflow/.local/lib/python3.8/site-packages/airflow/example_dags/example_branch_operator.py for tasks to queue
[2023-11-08T22:42:03.260+0000] {logging_mixin.py:154} INFO - [2023-11-08T22:42:03.260+0000] {dagbag.py:536} INFO - Filling up the DagBag from /home/airflow/.local/lib/python3.8/site-packages/airflow/example_dags/example_branch_operator.py
[2023-11-08T22:42:03.268+0000] {processor.py:839} INFO - DAG(s) dict_keys(['example_branch_operator']) retrieved from /home/airflow/.local/lib/python3.8/site-packages/airflow/example_dags/example_branch_operator.py
[2023-11-08T22:42:03.285+0000] {logging_mixin.py:154} INFO - [2023-11-08T22:42:03.285+0000] {dag.py:2941} INFO - Sync 1 DAGs
[2023-11-08T22:42:03.299+0000] {logging_mixin.py:154} INFO - [2023-11-08T22:42:03.299+0000] {dag.py:3722} INFO - Setting next_dagrun for example_branch_operator to 2023-11-07T00:00:00+00:00, run_after=2023-11-08T00:00:00+00:00
[2023-11-08T22:42:03.309+0000] {processor.py:179} INFO - Processing /home/airflow/.local/lib/python3.8/site-packages/airflow/example_dags/example_branch_operator.py took 0.056 seconds
[2023-11-08T22:42:33.812+0000] {processor.py:157} INFO - Started process (PID=1699) to work on /home/airflow/.local/lib/python3.8/site-packages/airflow/example_dags/example_branch_operator.py
[2023-11-08T22:42:33.812+0000] {processor.py:829} INFO - Processing file /home/airflow/.local/lib/python3.8/site-packages/airflow/example_dags/example_branch_operator.py for tasks to queue
[2023-11-08T22:42:33.814+0000] {logging_mixin.py:154} INFO - [2023-11-08T22:42:33.813+0000] {dagbag.py:536} INFO - Filling up the DagBag from /home/airflow/.local/lib/python3.8/site-packages/airflow/example_dags/example_branch_operator.py
[2023-11-08T22:42:33.821+0000] {processor.py:839} INFO - DAG(s) dict_keys(['example_branch_operator']) retrieved from /home/airflow/.local/lib/python3.8/site-packages/airflow/example_dags/example_branch_operator.py
[2023-11-08T22:42:33.835+0000] {logging_mixin.py:154} INFO - [2023-11-08T22:42:33.835+0000] {dag.py:2941} INFO - Sync 1 DAGs
[2023-11-08T22:42:33.849+0000] {logging_mixin.py:154} INFO - [2023-11-08T22:42:33.849+0000] {dag.py:3722} INFO - Setting next_dagrun for example_branch_operator to 2023-11-07T00:00:00+00:00, run_after=2023-11-08T00:00:00+00:00
[2023-11-08T22:42:33.859+0000] {processor.py:179} INFO - Processing /home/airflow/.local/lib/python3.8/site-packages/airflow/example_dags/example_branch_operator.py took 0.049 seconds
[2023-11-08T22:43:04.441+0000] {processor.py:157} INFO - Started process (PID=1754) to work on /home/airflow/.local/lib/python3.8/site-packages/airflow/example_dags/example_branch_operator.py
[2023-11-08T22:43:04.444+0000] {processor.py:829} INFO - Processing file /home/airflow/.local/lib/python3.8/site-packages/airflow/example_dags/example_branch_operator.py for tasks to queue
[2023-11-08T22:43:04.446+0000] {logging_mixin.py:154} INFO - [2023-11-08T22:43:04.445+0000] {dagbag.py:536} INFO - Filling up the DagBag from /home/airflow/.local/lib/python3.8/site-packages/airflow/example_dags/example_branch_operator.py
[2023-11-08T22:43:04.454+0000] {processor.py:839} INFO - DAG(s) dict_keys(['example_branch_operator']) retrieved from /home/airflow/.local/lib/python3.8/site-packages/airflow/example_dags/example_branch_operator.py
[2023-11-08T22:43:04.468+0000] {logging_mixin.py:154} INFO - [2023-11-08T22:43:04.468+0000] {dag.py:2941} INFO - Sync 1 DAGs
[2023-11-08T22:43:04.482+0000] {logging_mixin.py:154} INFO - [2023-11-08T22:43:04.482+0000] {dag.py:3722} INFO - Setting next_dagrun for example_branch_operator to 2023-11-07T00:00:00+00:00, run_after=2023-11-08T00:00:00+00:00
[2023-11-08T22:43:04.493+0000] {processor.py:179} INFO - Processing /home/airflow/.local/lib/python3.8/site-packages/airflow/example_dags/example_branch_operator.py took 0.054 seconds
[2023-11-08T22:43:38.110+0000] {processor.py:157} INFO - Started process (PID=53) to work on /home/airflow/.local/lib/python3.8/site-packages/airflow/example_dags/example_branch_operator.py
[2023-11-08T22:43:38.111+0000] {processor.py:829} INFO - Processing file /home/airflow/.local/lib/python3.8/site-packages/airflow/example_dags/example_branch_operator.py for tasks to queue
[2023-11-08T22:43:38.112+0000] {logging_mixin.py:154} INFO - [2023-11-08T22:43:38.112+0000] {dagbag.py:536} INFO - Filling up the DagBag from /home/airflow/.local/lib/python3.8/site-packages/airflow/example_dags/example_branch_operator.py
[2023-11-08T22:43:38.119+0000] {processor.py:839} INFO - DAG(s) dict_keys(['example_branch_operator']) retrieved from /home/airflow/.local/lib/python3.8/site-packages/airflow/example_dags/example_branch_operator.py
[2023-11-08T22:43:38.128+0000] {logging_mixin.py:154} INFO - [2023-11-08T22:43:38.128+0000] {dag.py:2941} INFO - Sync 1 DAGs
[2023-11-08T22:43:38.143+0000] {logging_mixin.py:154} INFO - [2023-11-08T22:43:38.143+0000] {dag.py:3722} INFO - Setting next_dagrun for example_branch_operator to 2023-11-07T00:00:00+00:00, run_after=2023-11-08T00:00:00+00:00
[2023-11-08T22:43:38.154+0000] {processor.py:179} INFO - Processing /home/airflow/.local/lib/python3.8/site-packages/airflow/example_dags/example_branch_operator.py took 0.046 seconds
