[2023-11-08T22:09:15.558+0000] {processor.py:157} INFO - Started process (PID=43) to work on /home/airflow/.local/lib/python3.8/site-packages/airflow/example_dags/example_complex.py
[2023-11-08T22:09:15.559+0000] {processor.py:829} INFO - Processing file /home/airflow/.local/lib/python3.8/site-packages/airflow/example_dags/example_complex.py for tasks to queue
[2023-11-08T22:09:15.560+0000] {logging_mixin.py:154} INFO - [2023-11-08T22:09:15.560+0000] {dagbag.py:536} INFO - Filling up the DagBag from /home/airflow/.local/lib/python3.8/site-packages/airflow/example_dags/example_complex.py
[2023-11-08T22:09:15.574+0000] {processor.py:839} INFO - DAG(s) dict_keys(['example_complex']) retrieved from /home/airflow/.local/lib/python3.8/site-packages/airflow/example_dags/example_complex.py
[2023-11-08T22:09:15.584+0000] {logging_mixin.py:154} INFO - [2023-11-08T22:09:15.583+0000] {dag.py:2941} INFO - Sync 1 DAGs
[2023-11-08T22:09:15.595+0000] {logging_mixin.py:154} INFO - [2023-11-08T22:09:15.595+0000] {dag.py:3722} INFO - Setting next_dagrun for example_complex to None, run_after=None
[2023-11-08T22:09:15.612+0000] {processor.py:179} INFO - Processing /home/airflow/.local/lib/python3.8/site-packages/airflow/example_dags/example_complex.py took 0.057 seconds
[2023-11-08T22:09:46.239+0000] {processor.py:157} INFO - Started process (PID=98) to work on /home/airflow/.local/lib/python3.8/site-packages/airflow/example_dags/example_complex.py
[2023-11-08T22:09:46.240+0000] {processor.py:829} INFO - Processing file /home/airflow/.local/lib/python3.8/site-packages/airflow/example_dags/example_complex.py for tasks to queue
[2023-11-08T22:09:46.241+0000] {logging_mixin.py:154} INFO - [2023-11-08T22:09:46.240+0000] {dagbag.py:536} INFO - Filling up the DagBag from /home/airflow/.local/lib/python3.8/site-packages/airflow/example_dags/example_complex.py
[2023-11-08T22:09:46.247+0000] {processor.py:839} INFO - DAG(s) dict_keys(['example_complex']) retrieved from /home/airflow/.local/lib/python3.8/site-packages/airflow/example_dags/example_complex.py
[2023-11-08T22:09:46.265+0000] {logging_mixin.py:154} INFO - [2023-11-08T22:09:46.265+0000] {dag.py:2941} INFO - Sync 1 DAGs
[2023-11-08T22:09:46.272+0000] {logging_mixin.py:154} INFO - [2023-11-08T22:09:46.272+0000] {dag.py:3722} INFO - Setting next_dagrun for example_complex to None, run_after=None
[2023-11-08T22:09:46.282+0000] {processor.py:179} INFO - Processing /home/airflow/.local/lib/python3.8/site-packages/airflow/example_dags/example_complex.py took 0.045 seconds
[2023-11-08T22:11:49.831+0000] {processor.py:157} INFO - Started process (PID=43) to work on /home/airflow/.local/lib/python3.8/site-packages/airflow/example_dags/example_complex.py
[2023-11-08T22:11:49.831+0000] {processor.py:829} INFO - Processing file /home/airflow/.local/lib/python3.8/site-packages/airflow/example_dags/example_complex.py for tasks to queue
[2023-11-08T22:11:49.833+0000] {logging_mixin.py:154} INFO - [2023-11-08T22:11:49.832+0000] {dagbag.py:536} INFO - Filling up the DagBag from /home/airflow/.local/lib/python3.8/site-packages/airflow/example_dags/example_complex.py
[2023-11-08T22:11:49.843+0000] {processor.py:839} INFO - DAG(s) dict_keys(['example_complex']) retrieved from /home/airflow/.local/lib/python3.8/site-packages/airflow/example_dags/example_complex.py
[2023-11-08T22:11:49.853+0000] {logging_mixin.py:154} INFO - [2023-11-08T22:11:49.852+0000] {dag.py:2941} INFO - Sync 1 DAGs
[2023-11-08T22:11:49.862+0000] {logging_mixin.py:154} INFO - [2023-11-08T22:11:49.862+0000] {dag.py:3722} INFO - Setting next_dagrun for example_complex to None, run_after=None
[2023-11-08T22:11:49.879+0000] {processor.py:179} INFO - Processing /home/airflow/.local/lib/python3.8/site-packages/airflow/example_dags/example_complex.py took 0.050 seconds
[2023-11-08T22:12:19.931+0000] {processor.py:157} INFO - Started process (PID=97) to work on /home/airflow/.local/lib/python3.8/site-packages/airflow/example_dags/example_complex.py
[2023-11-08T22:12:19.931+0000] {processor.py:829} INFO - Processing file /home/airflow/.local/lib/python3.8/site-packages/airflow/example_dags/example_complex.py for tasks to queue
[2023-11-08T22:12:19.932+0000] {logging_mixin.py:154} INFO - [2023-11-08T22:12:19.932+0000] {dagbag.py:536} INFO - Filling up the DagBag from /home/airflow/.local/lib/python3.8/site-packages/airflow/example_dags/example_complex.py
[2023-11-08T22:12:19.939+0000] {processor.py:839} INFO - DAG(s) dict_keys(['example_complex']) retrieved from /home/airflow/.local/lib/python3.8/site-packages/airflow/example_dags/example_complex.py
[2023-11-08T22:12:19.956+0000] {logging_mixin.py:154} INFO - [2023-11-08T22:12:19.956+0000] {dag.py:2941} INFO - Sync 1 DAGs
[2023-11-08T22:12:19.963+0000] {logging_mixin.py:154} INFO - [2023-11-08T22:12:19.963+0000] {dag.py:3722} INFO - Setting next_dagrun for example_complex to None, run_after=None
[2023-11-08T22:12:19.974+0000] {processor.py:179} INFO - Processing /home/airflow/.local/lib/python3.8/site-packages/airflow/example_dags/example_complex.py took 0.045 seconds
[2023-11-08T22:12:50.082+0000] {processor.py:157} INFO - Started process (PID=151) to work on /home/airflow/.local/lib/python3.8/site-packages/airflow/example_dags/example_complex.py
[2023-11-08T22:12:50.082+0000] {processor.py:829} INFO - Processing file /home/airflow/.local/lib/python3.8/site-packages/airflow/example_dags/example_complex.py for tasks to queue
[2023-11-08T22:12:50.083+0000] {logging_mixin.py:154} INFO - [2023-11-08T22:12:50.083+0000] {dagbag.py:536} INFO - Filling up the DagBag from /home/airflow/.local/lib/python3.8/site-packages/airflow/example_dags/example_complex.py
[2023-11-08T22:12:50.089+0000] {processor.py:839} INFO - DAG(s) dict_keys(['example_complex']) retrieved from /home/airflow/.local/lib/python3.8/site-packages/airflow/example_dags/example_complex.py
[2023-11-08T22:12:50.107+0000] {logging_mixin.py:154} INFO - [2023-11-08T22:12:50.107+0000] {dag.py:2941} INFO - Sync 1 DAGs
[2023-11-08T22:12:50.114+0000] {logging_mixin.py:154} INFO - [2023-11-08T22:12:50.114+0000] {dag.py:3722} INFO - Setting next_dagrun for example_complex to None, run_after=None
[2023-11-08T22:12:50.125+0000] {processor.py:179} INFO - Processing /home/airflow/.local/lib/python3.8/site-packages/airflow/example_dags/example_complex.py took 0.045 seconds
[2023-11-08T22:13:20.697+0000] {processor.py:157} INFO - Started process (PID=205) to work on /home/airflow/.local/lib/python3.8/site-packages/airflow/example_dags/example_complex.py
[2023-11-08T22:13:20.698+0000] {processor.py:829} INFO - Processing file /home/airflow/.local/lib/python3.8/site-packages/airflow/example_dags/example_complex.py for tasks to queue
[2023-11-08T22:13:20.699+0000] {logging_mixin.py:154} INFO - [2023-11-08T22:13:20.699+0000] {dagbag.py:536} INFO - Filling up the DagBag from /home/airflow/.local/lib/python3.8/site-packages/airflow/example_dags/example_complex.py
[2023-11-08T22:13:20.705+0000] {processor.py:839} INFO - DAG(s) dict_keys(['example_complex']) retrieved from /home/airflow/.local/lib/python3.8/site-packages/airflow/example_dags/example_complex.py
[2023-11-08T22:13:20.723+0000] {logging_mixin.py:154} INFO - [2023-11-08T22:13:20.723+0000] {dag.py:2941} INFO - Sync 1 DAGs
[2023-11-08T22:13:20.731+0000] {logging_mixin.py:154} INFO - [2023-11-08T22:13:20.731+0000] {dag.py:3722} INFO - Setting next_dagrun for example_complex to None, run_after=None
[2023-11-08T22:13:20.741+0000] {processor.py:179} INFO - Processing /home/airflow/.local/lib/python3.8/site-packages/airflow/example_dags/example_complex.py took 0.046 seconds
[2023-11-08T22:13:51.287+0000] {processor.py:157} INFO - Started process (PID=259) to work on /home/airflow/.local/lib/python3.8/site-packages/airflow/example_dags/example_complex.py
[2023-11-08T22:13:51.287+0000] {processor.py:829} INFO - Processing file /home/airflow/.local/lib/python3.8/site-packages/airflow/example_dags/example_complex.py for tasks to queue
[2023-11-08T22:13:51.289+0000] {logging_mixin.py:154} INFO - [2023-11-08T22:13:51.288+0000] {dagbag.py:536} INFO - Filling up the DagBag from /home/airflow/.local/lib/python3.8/site-packages/airflow/example_dags/example_complex.py
[2023-11-08T22:13:51.295+0000] {processor.py:839} INFO - DAG(s) dict_keys(['example_complex']) retrieved from /home/airflow/.local/lib/python3.8/site-packages/airflow/example_dags/example_complex.py
[2023-11-08T22:13:51.315+0000] {logging_mixin.py:154} INFO - [2023-11-08T22:13:51.315+0000] {dag.py:2941} INFO - Sync 1 DAGs
[2023-11-08T22:13:51.324+0000] {logging_mixin.py:154} INFO - [2023-11-08T22:13:51.324+0000] {dag.py:3722} INFO - Setting next_dagrun for example_complex to None, run_after=None
[2023-11-08T22:13:51.339+0000] {processor.py:179} INFO - Processing /home/airflow/.local/lib/python3.8/site-packages/airflow/example_dags/example_complex.py took 0.054 seconds
[2023-11-08T22:14:21.998+0000] {processor.py:157} INFO - Started process (PID=313) to work on /home/airflow/.local/lib/python3.8/site-packages/airflow/example_dags/example_complex.py
[2023-11-08T22:14:21.998+0000] {processor.py:829} INFO - Processing file /home/airflow/.local/lib/python3.8/site-packages/airflow/example_dags/example_complex.py for tasks to queue
[2023-11-08T22:14:21.999+0000] {logging_mixin.py:154} INFO - [2023-11-08T22:14:21.999+0000] {dagbag.py:536} INFO - Filling up the DagBag from /home/airflow/.local/lib/python3.8/site-packages/airflow/example_dags/example_complex.py
[2023-11-08T22:14:22.006+0000] {processor.py:839} INFO - DAG(s) dict_keys(['example_complex']) retrieved from /home/airflow/.local/lib/python3.8/site-packages/airflow/example_dags/example_complex.py
[2023-11-08T22:14:22.023+0000] {logging_mixin.py:154} INFO - [2023-11-08T22:14:22.023+0000] {dag.py:2941} INFO - Sync 1 DAGs
[2023-11-08T22:14:22.030+0000] {logging_mixin.py:154} INFO - [2023-11-08T22:14:22.030+0000] {dag.py:3722} INFO - Setting next_dagrun for example_complex to None, run_after=None
[2023-11-08T22:14:22.040+0000] {processor.py:179} INFO - Processing /home/airflow/.local/lib/python3.8/site-packages/airflow/example_dags/example_complex.py took 0.044 seconds
[2023-11-08T22:14:52.577+0000] {processor.py:157} INFO - Started process (PID=367) to work on /home/airflow/.local/lib/python3.8/site-packages/airflow/example_dags/example_complex.py
[2023-11-08T22:14:52.578+0000] {processor.py:829} INFO - Processing file /home/airflow/.local/lib/python3.8/site-packages/airflow/example_dags/example_complex.py for tasks to queue
[2023-11-08T22:14:52.579+0000] {logging_mixin.py:154} INFO - [2023-11-08T22:14:52.579+0000] {dagbag.py:536} INFO - Filling up the DagBag from /home/airflow/.local/lib/python3.8/site-packages/airflow/example_dags/example_complex.py
[2023-11-08T22:14:52.585+0000] {processor.py:839} INFO - DAG(s) dict_keys(['example_complex']) retrieved from /home/airflow/.local/lib/python3.8/site-packages/airflow/example_dags/example_complex.py
[2023-11-08T22:14:52.602+0000] {logging_mixin.py:154} INFO - [2023-11-08T22:14:52.601+0000] {dag.py:2941} INFO - Sync 1 DAGs
[2023-11-08T22:14:52.609+0000] {logging_mixin.py:154} INFO - [2023-11-08T22:14:52.608+0000] {dag.py:3722} INFO - Setting next_dagrun for example_complex to None, run_after=None
[2023-11-08T22:14:52.618+0000] {processor.py:179} INFO - Processing /home/airflow/.local/lib/python3.8/site-packages/airflow/example_dags/example_complex.py took 0.043 seconds
[2023-11-08T22:15:23.261+0000] {processor.py:157} INFO - Started process (PID=422) to work on /home/airflow/.local/lib/python3.8/site-packages/airflow/example_dags/example_complex.py
[2023-11-08T22:15:23.262+0000] {processor.py:829} INFO - Processing file /home/airflow/.local/lib/python3.8/site-packages/airflow/example_dags/example_complex.py for tasks to queue
[2023-11-08T22:15:23.263+0000] {logging_mixin.py:154} INFO - [2023-11-08T22:15:23.263+0000] {dagbag.py:536} INFO - Filling up the DagBag from /home/airflow/.local/lib/python3.8/site-packages/airflow/example_dags/example_complex.py
[2023-11-08T22:15:23.269+0000] {processor.py:839} INFO - DAG(s) dict_keys(['example_complex']) retrieved from /home/airflow/.local/lib/python3.8/site-packages/airflow/example_dags/example_complex.py
[2023-11-08T22:15:23.287+0000] {logging_mixin.py:154} INFO - [2023-11-08T22:15:23.287+0000] {dag.py:2941} INFO - Sync 1 DAGs
[2023-11-08T22:15:23.295+0000] {logging_mixin.py:154} INFO - [2023-11-08T22:15:23.295+0000] {dag.py:3722} INFO - Setting next_dagrun for example_complex to None, run_after=None
[2023-11-08T22:15:23.306+0000] {processor.py:179} INFO - Processing /home/airflow/.local/lib/python3.8/site-packages/airflow/example_dags/example_complex.py took 0.047 seconds
[2023-11-08T22:15:53.962+0000] {processor.py:157} INFO - Started process (PID=476) to work on /home/airflow/.local/lib/python3.8/site-packages/airflow/example_dags/example_complex.py
[2023-11-08T22:15:53.962+0000] {processor.py:829} INFO - Processing file /home/airflow/.local/lib/python3.8/site-packages/airflow/example_dags/example_complex.py for tasks to queue
[2023-11-08T22:15:53.963+0000] {logging_mixin.py:154} INFO - [2023-11-08T22:15:53.963+0000] {dagbag.py:536} INFO - Filling up the DagBag from /home/airflow/.local/lib/python3.8/site-packages/airflow/example_dags/example_complex.py
[2023-11-08T22:15:53.969+0000] {processor.py:839} INFO - DAG(s) dict_keys(['example_complex']) retrieved from /home/airflow/.local/lib/python3.8/site-packages/airflow/example_dags/example_complex.py
[2023-11-08T22:15:53.986+0000] {logging_mixin.py:154} INFO - [2023-11-08T22:15:53.986+0000] {dag.py:2941} INFO - Sync 1 DAGs
[2023-11-08T22:15:53.993+0000] {logging_mixin.py:154} INFO - [2023-11-08T22:15:53.993+0000] {dag.py:3722} INFO - Setting next_dagrun for example_complex to None, run_after=None
[2023-11-08T22:15:54.003+0000] {processor.py:179} INFO - Processing /home/airflow/.local/lib/python3.8/site-packages/airflow/example_dags/example_complex.py took 0.043 seconds
[2023-11-08T22:16:24.566+0000] {processor.py:157} INFO - Started process (PID=529) to work on /home/airflow/.local/lib/python3.8/site-packages/airflow/example_dags/example_complex.py
[2023-11-08T22:16:24.566+0000] {processor.py:829} INFO - Processing file /home/airflow/.local/lib/python3.8/site-packages/airflow/example_dags/example_complex.py for tasks to queue
[2023-11-08T22:16:24.567+0000] {logging_mixin.py:154} INFO - [2023-11-08T22:16:24.567+0000] {dagbag.py:536} INFO - Filling up the DagBag from /home/airflow/.local/lib/python3.8/site-packages/airflow/example_dags/example_complex.py
[2023-11-08T22:16:24.573+0000] {processor.py:839} INFO - DAG(s) dict_keys(['example_complex']) retrieved from /home/airflow/.local/lib/python3.8/site-packages/airflow/example_dags/example_complex.py
[2023-11-08T22:16:24.591+0000] {logging_mixin.py:154} INFO - [2023-11-08T22:16:24.591+0000] {dag.py:2941} INFO - Sync 1 DAGs
[2023-11-08T22:16:24.598+0000] {logging_mixin.py:154} INFO - [2023-11-08T22:16:24.598+0000] {dag.py:3722} INFO - Setting next_dagrun for example_complex to None, run_after=None
[2023-11-08T22:16:24.608+0000] {processor.py:179} INFO - Processing /home/airflow/.local/lib/python3.8/site-packages/airflow/example_dags/example_complex.py took 0.044 seconds
[2023-11-08T22:16:55.263+0000] {processor.py:157} INFO - Started process (PID=583) to work on /home/airflow/.local/lib/python3.8/site-packages/airflow/example_dags/example_complex.py
[2023-11-08T22:16:55.264+0000] {processor.py:829} INFO - Processing file /home/airflow/.local/lib/python3.8/site-packages/airflow/example_dags/example_complex.py for tasks to queue
[2023-11-08T22:16:55.265+0000] {logging_mixin.py:154} INFO - [2023-11-08T22:16:55.265+0000] {dagbag.py:536} INFO - Filling up the DagBag from /home/airflow/.local/lib/python3.8/site-packages/airflow/example_dags/example_complex.py
[2023-11-08T22:16:55.271+0000] {processor.py:839} INFO - DAG(s) dict_keys(['example_complex']) retrieved from /home/airflow/.local/lib/python3.8/site-packages/airflow/example_dags/example_complex.py
[2023-11-08T22:16:55.289+0000] {logging_mixin.py:154} INFO - [2023-11-08T22:16:55.289+0000] {dag.py:2941} INFO - Sync 1 DAGs
[2023-11-08T22:16:55.296+0000] {logging_mixin.py:154} INFO - [2023-11-08T22:16:55.296+0000] {dag.py:3722} INFO - Setting next_dagrun for example_complex to None, run_after=None
[2023-11-08T22:16:55.307+0000] {processor.py:179} INFO - Processing /home/airflow/.local/lib/python3.8/site-packages/airflow/example_dags/example_complex.py took 0.046 seconds
[2023-11-08T22:17:25.851+0000] {processor.py:157} INFO - Started process (PID=638) to work on /home/airflow/.local/lib/python3.8/site-packages/airflow/example_dags/example_complex.py
[2023-11-08T22:17:25.851+0000] {processor.py:829} INFO - Processing file /home/airflow/.local/lib/python3.8/site-packages/airflow/example_dags/example_complex.py for tasks to queue
[2023-11-08T22:17:25.852+0000] {logging_mixin.py:154} INFO - [2023-11-08T22:17:25.852+0000] {dagbag.py:536} INFO - Filling up the DagBag from /home/airflow/.local/lib/python3.8/site-packages/airflow/example_dags/example_complex.py
[2023-11-08T22:17:25.859+0000] {processor.py:839} INFO - DAG(s) dict_keys(['example_complex']) retrieved from /home/airflow/.local/lib/python3.8/site-packages/airflow/example_dags/example_complex.py
[2023-11-08T22:17:25.877+0000] {logging_mixin.py:154} INFO - [2023-11-08T22:17:25.877+0000] {dag.py:2941} INFO - Sync 1 DAGs
[2023-11-08T22:17:25.884+0000] {logging_mixin.py:154} INFO - [2023-11-08T22:17:25.884+0000] {dag.py:3722} INFO - Setting next_dagrun for example_complex to None, run_after=None
[2023-11-08T22:17:25.895+0000] {processor.py:179} INFO - Processing /home/airflow/.local/lib/python3.8/site-packages/airflow/example_dags/example_complex.py took 0.046 seconds
[2023-11-08T22:17:56.606+0000] {processor.py:157} INFO - Started process (PID=692) to work on /home/airflow/.local/lib/python3.8/site-packages/airflow/example_dags/example_complex.py
[2023-11-08T22:17:56.606+0000] {processor.py:829} INFO - Processing file /home/airflow/.local/lib/python3.8/site-packages/airflow/example_dags/example_complex.py for tasks to queue
[2023-11-08T22:17:56.607+0000] {logging_mixin.py:154} INFO - [2023-11-08T22:17:56.607+0000] {dagbag.py:536} INFO - Filling up the DagBag from /home/airflow/.local/lib/python3.8/site-packages/airflow/example_dags/example_complex.py
[2023-11-08T22:17:56.613+0000] {processor.py:839} INFO - DAG(s) dict_keys(['example_complex']) retrieved from /home/airflow/.local/lib/python3.8/site-packages/airflow/example_dags/example_complex.py
[2023-11-08T22:17:56.631+0000] {logging_mixin.py:154} INFO - [2023-11-08T22:17:56.631+0000] {dag.py:2941} INFO - Sync 1 DAGs
[2023-11-08T22:17:56.639+0000] {logging_mixin.py:154} INFO - [2023-11-08T22:17:56.638+0000] {dag.py:3722} INFO - Setting next_dagrun for example_complex to None, run_after=None
[2023-11-08T22:17:56.651+0000] {processor.py:179} INFO - Processing /home/airflow/.local/lib/python3.8/site-packages/airflow/example_dags/example_complex.py took 0.047 seconds
[2023-11-08T22:18:27.258+0000] {processor.py:157} INFO - Started process (PID=747) to work on /home/airflow/.local/lib/python3.8/site-packages/airflow/example_dags/example_complex.py
[2023-11-08T22:18:27.259+0000] {processor.py:829} INFO - Processing file /home/airflow/.local/lib/python3.8/site-packages/airflow/example_dags/example_complex.py for tasks to queue
[2023-11-08T22:18:27.260+0000] {logging_mixin.py:154} INFO - [2023-11-08T22:18:27.260+0000] {dagbag.py:536} INFO - Filling up the DagBag from /home/airflow/.local/lib/python3.8/site-packages/airflow/example_dags/example_complex.py
[2023-11-08T22:18:27.266+0000] {processor.py:839} INFO - DAG(s) dict_keys(['example_complex']) retrieved from /home/airflow/.local/lib/python3.8/site-packages/airflow/example_dags/example_complex.py
[2023-11-08T22:18:27.286+0000] {logging_mixin.py:154} INFO - [2023-11-08T22:18:27.286+0000] {dag.py:2941} INFO - Sync 1 DAGs
[2023-11-08T22:18:27.298+0000] {logging_mixin.py:154} INFO - [2023-11-08T22:18:27.298+0000] {dag.py:3722} INFO - Setting next_dagrun for example_complex to None, run_after=None
[2023-11-08T22:18:27.312+0000] {processor.py:179} INFO - Processing /home/airflow/.local/lib/python3.8/site-packages/airflow/example_dags/example_complex.py took 0.056 seconds
[2023-11-08T22:18:57.384+0000] {processor.py:157} INFO - Started process (PID=801) to work on /home/airflow/.local/lib/python3.8/site-packages/airflow/example_dags/example_complex.py
[2023-11-08T22:18:57.384+0000] {processor.py:829} INFO - Processing file /home/airflow/.local/lib/python3.8/site-packages/airflow/example_dags/example_complex.py for tasks to queue
[2023-11-08T22:18:57.386+0000] {logging_mixin.py:154} INFO - [2023-11-08T22:18:57.385+0000] {dagbag.py:536} INFO - Filling up the DagBag from /home/airflow/.local/lib/python3.8/site-packages/airflow/example_dags/example_complex.py
[2023-11-08T22:18:57.392+0000] {processor.py:839} INFO - DAG(s) dict_keys(['example_complex']) retrieved from /home/airflow/.local/lib/python3.8/site-packages/airflow/example_dags/example_complex.py
[2023-11-08T22:18:57.410+0000] {logging_mixin.py:154} INFO - [2023-11-08T22:18:57.410+0000] {dag.py:2941} INFO - Sync 1 DAGs
[2023-11-08T22:18:57.418+0000] {logging_mixin.py:154} INFO - [2023-11-08T22:18:57.418+0000] {dag.py:3722} INFO - Setting next_dagrun for example_complex to None, run_after=None
[2023-11-08T22:18:57.429+0000] {processor.py:179} INFO - Processing /home/airflow/.local/lib/python3.8/site-packages/airflow/example_dags/example_complex.py took 0.047 seconds
[2023-11-08T22:19:27.553+0000] {processor.py:157} INFO - Started process (PID=855) to work on /home/airflow/.local/lib/python3.8/site-packages/airflow/example_dags/example_complex.py
[2023-11-08T22:19:27.554+0000] {processor.py:829} INFO - Processing file /home/airflow/.local/lib/python3.8/site-packages/airflow/example_dags/example_complex.py for tasks to queue
[2023-11-08T22:19:27.555+0000] {logging_mixin.py:154} INFO - [2023-11-08T22:19:27.555+0000] {dagbag.py:536} INFO - Filling up the DagBag from /home/airflow/.local/lib/python3.8/site-packages/airflow/example_dags/example_complex.py
[2023-11-08T22:19:27.562+0000] {processor.py:839} INFO - DAG(s) dict_keys(['example_complex']) retrieved from /home/airflow/.local/lib/python3.8/site-packages/airflow/example_dags/example_complex.py
[2023-11-08T22:19:27.588+0000] {logging_mixin.py:154} INFO - [2023-11-08T22:19:27.588+0000] {dag.py:2941} INFO - Sync 1 DAGs
[2023-11-08T22:19:27.595+0000] {logging_mixin.py:154} INFO - [2023-11-08T22:19:27.595+0000] {dag.py:3722} INFO - Setting next_dagrun for example_complex to None, run_after=None
[2023-11-08T22:19:27.607+0000] {processor.py:179} INFO - Processing /home/airflow/.local/lib/python3.8/site-packages/airflow/example_dags/example_complex.py took 0.056 seconds
[2023-11-08T22:19:58.405+0000] {processor.py:157} INFO - Started process (PID=909) to work on /home/airflow/.local/lib/python3.8/site-packages/airflow/example_dags/example_complex.py
[2023-11-08T22:19:58.405+0000] {processor.py:829} INFO - Processing file /home/airflow/.local/lib/python3.8/site-packages/airflow/example_dags/example_complex.py for tasks to queue
[2023-11-08T22:19:58.407+0000] {logging_mixin.py:154} INFO - [2023-11-08T22:19:58.406+0000] {dagbag.py:536} INFO - Filling up the DagBag from /home/airflow/.local/lib/python3.8/site-packages/airflow/example_dags/example_complex.py
[2023-11-08T22:19:58.414+0000] {processor.py:839} INFO - DAG(s) dict_keys(['example_complex']) retrieved from /home/airflow/.local/lib/python3.8/site-packages/airflow/example_dags/example_complex.py
[2023-11-08T22:19:58.431+0000] {logging_mixin.py:154} INFO - [2023-11-08T22:19:58.431+0000] {dag.py:2941} INFO - Sync 1 DAGs
[2023-11-08T22:19:58.439+0000] {logging_mixin.py:154} INFO - [2023-11-08T22:19:58.439+0000] {dag.py:3722} INFO - Setting next_dagrun for example_complex to None, run_after=None
[2023-11-08T22:19:58.450+0000] {processor.py:179} INFO - Processing /home/airflow/.local/lib/python3.8/site-packages/airflow/example_dags/example_complex.py took 0.047 seconds
[2023-11-08T22:20:28.699+0000] {processor.py:157} INFO - Started process (PID=963) to work on /home/airflow/.local/lib/python3.8/site-packages/airflow/example_dags/example_complex.py
[2023-11-08T22:20:28.700+0000] {processor.py:829} INFO - Processing file /home/airflow/.local/lib/python3.8/site-packages/airflow/example_dags/example_complex.py for tasks to queue
[2023-11-08T22:20:28.701+0000] {logging_mixin.py:154} INFO - [2023-11-08T22:20:28.701+0000] {dagbag.py:536} INFO - Filling up the DagBag from /home/airflow/.local/lib/python3.8/site-packages/airflow/example_dags/example_complex.py
[2023-11-08T22:20:28.707+0000] {processor.py:839} INFO - DAG(s) dict_keys(['example_complex']) retrieved from /home/airflow/.local/lib/python3.8/site-packages/airflow/example_dags/example_complex.py
[2023-11-08T22:20:28.725+0000] {logging_mixin.py:154} INFO - [2023-11-08T22:20:28.725+0000] {dag.py:2941} INFO - Sync 1 DAGs
[2023-11-08T22:20:28.732+0000] {logging_mixin.py:154} INFO - [2023-11-08T22:20:28.732+0000] {dag.py:3722} INFO - Setting next_dagrun for example_complex to None, run_after=None
[2023-11-08T22:20:28.742+0000] {processor.py:179} INFO - Processing /home/airflow/.local/lib/python3.8/site-packages/airflow/example_dags/example_complex.py took 0.044 seconds
[2023-11-08T22:20:59.665+0000] {processor.py:157} INFO - Started process (PID=1017) to work on /home/airflow/.local/lib/python3.8/site-packages/airflow/example_dags/example_complex.py
[2023-11-08T22:20:59.666+0000] {processor.py:829} INFO - Processing file /home/airflow/.local/lib/python3.8/site-packages/airflow/example_dags/example_complex.py for tasks to queue
[2023-11-08T22:20:59.667+0000] {logging_mixin.py:154} INFO - [2023-11-08T22:20:59.667+0000] {dagbag.py:536} INFO - Filling up the DagBag from /home/airflow/.local/lib/python3.8/site-packages/airflow/example_dags/example_complex.py
[2023-11-08T22:20:59.673+0000] {processor.py:839} INFO - DAG(s) dict_keys(['example_complex']) retrieved from /home/airflow/.local/lib/python3.8/site-packages/airflow/example_dags/example_complex.py
[2023-11-08T22:20:59.693+0000] {logging_mixin.py:154} INFO - [2023-11-08T22:20:59.693+0000] {dag.py:2941} INFO - Sync 1 DAGs
[2023-11-08T22:20:59.702+0000] {logging_mixin.py:154} INFO - [2023-11-08T22:20:59.701+0000] {dag.py:3722} INFO - Setting next_dagrun for example_complex to None, run_after=None
[2023-11-08T22:20:59.713+0000] {processor.py:179} INFO - Processing /home/airflow/.local/lib/python3.8/site-packages/airflow/example_dags/example_complex.py took 0.050 seconds
[2023-11-08T22:21:30.089+0000] {processor.py:157} INFO - Started process (PID=1070) to work on /home/airflow/.local/lib/python3.8/site-packages/airflow/example_dags/example_complex.py
[2023-11-08T22:21:30.089+0000] {processor.py:829} INFO - Processing file /home/airflow/.local/lib/python3.8/site-packages/airflow/example_dags/example_complex.py for tasks to queue
[2023-11-08T22:21:30.091+0000] {logging_mixin.py:154} INFO - [2023-11-08T22:21:30.090+0000] {dagbag.py:536} INFO - Filling up the DagBag from /home/airflow/.local/lib/python3.8/site-packages/airflow/example_dags/example_complex.py
[2023-11-08T22:21:30.097+0000] {processor.py:839} INFO - DAG(s) dict_keys(['example_complex']) retrieved from /home/airflow/.local/lib/python3.8/site-packages/airflow/example_dags/example_complex.py
[2023-11-08T22:21:30.116+0000] {logging_mixin.py:154} INFO - [2023-11-08T22:21:30.116+0000] {dag.py:2941} INFO - Sync 1 DAGs
[2023-11-08T22:21:30.124+0000] {logging_mixin.py:154} INFO - [2023-11-08T22:21:30.124+0000] {dag.py:3722} INFO - Setting next_dagrun for example_complex to None, run_after=None
[2023-11-08T22:21:30.235+0000] {processor.py:179} INFO - Processing /home/airflow/.local/lib/python3.8/site-packages/airflow/example_dags/example_complex.py took 0.148 seconds
[2023-11-08T22:22:00.730+0000] {processor.py:157} INFO - Started process (PID=1124) to work on /home/airflow/.local/lib/python3.8/site-packages/airflow/example_dags/example_complex.py
[2023-11-08T22:22:00.731+0000] {processor.py:829} INFO - Processing file /home/airflow/.local/lib/python3.8/site-packages/airflow/example_dags/example_complex.py for tasks to queue
[2023-11-08T22:22:00.732+0000] {logging_mixin.py:154} INFO - [2023-11-08T22:22:00.732+0000] {dagbag.py:536} INFO - Filling up the DagBag from /home/airflow/.local/lib/python3.8/site-packages/airflow/example_dags/example_complex.py
[2023-11-08T22:22:00.739+0000] {processor.py:839} INFO - DAG(s) dict_keys(['example_complex']) retrieved from /home/airflow/.local/lib/python3.8/site-packages/airflow/example_dags/example_complex.py
[2023-11-08T22:22:00.756+0000] {logging_mixin.py:154} INFO - [2023-11-08T22:22:00.756+0000] {dag.py:2941} INFO - Sync 1 DAGs
[2023-11-08T22:22:00.764+0000] {logging_mixin.py:154} INFO - [2023-11-08T22:22:00.764+0000] {dag.py:3722} INFO - Setting next_dagrun for example_complex to None, run_after=None
[2023-11-08T22:22:00.774+0000] {processor.py:179} INFO - Processing /home/airflow/.local/lib/python3.8/site-packages/airflow/example_dags/example_complex.py took 0.046 seconds
[2023-11-08T22:22:31.073+0000] {processor.py:157} INFO - Started process (PID=1177) to work on /home/airflow/.local/lib/python3.8/site-packages/airflow/example_dags/example_complex.py
[2023-11-08T22:22:31.074+0000] {processor.py:829} INFO - Processing file /home/airflow/.local/lib/python3.8/site-packages/airflow/example_dags/example_complex.py for tasks to queue
[2023-11-08T22:22:31.075+0000] {logging_mixin.py:154} INFO - [2023-11-08T22:22:31.075+0000] {dagbag.py:536} INFO - Filling up the DagBag from /home/airflow/.local/lib/python3.8/site-packages/airflow/example_dags/example_complex.py
[2023-11-08T22:22:31.081+0000] {processor.py:839} INFO - DAG(s) dict_keys(['example_complex']) retrieved from /home/airflow/.local/lib/python3.8/site-packages/airflow/example_dags/example_complex.py
[2023-11-08T22:22:31.099+0000] {logging_mixin.py:154} INFO - [2023-11-08T22:22:31.099+0000] {dag.py:2941} INFO - Sync 1 DAGs
[2023-11-08T22:22:31.107+0000] {logging_mixin.py:154} INFO - [2023-11-08T22:22:31.106+0000] {dag.py:3722} INFO - Setting next_dagrun for example_complex to None, run_after=None
[2023-11-08T22:22:31.117+0000] {processor.py:179} INFO - Processing /home/airflow/.local/lib/python3.8/site-packages/airflow/example_dags/example_complex.py took 0.046 seconds
[2023-11-08T22:23:02.358+0000] {processor.py:157} INFO - Started process (PID=1230) to work on /home/airflow/.local/lib/python3.8/site-packages/airflow/example_dags/example_complex.py
[2023-11-08T22:23:02.359+0000] {processor.py:829} INFO - Processing file /home/airflow/.local/lib/python3.8/site-packages/airflow/example_dags/example_complex.py for tasks to queue
[2023-11-08T22:23:02.360+0000] {logging_mixin.py:154} INFO - [2023-11-08T22:23:02.359+0000] {dagbag.py:536} INFO - Filling up the DagBag from /home/airflow/.local/lib/python3.8/site-packages/airflow/example_dags/example_complex.py
[2023-11-08T22:23:02.366+0000] {processor.py:839} INFO - DAG(s) dict_keys(['example_complex']) retrieved from /home/airflow/.local/lib/python3.8/site-packages/airflow/example_dags/example_complex.py
[2023-11-08T22:23:02.385+0000] {logging_mixin.py:154} INFO - [2023-11-08T22:23:02.384+0000] {dag.py:2941} INFO - Sync 1 DAGs
[2023-11-08T22:23:02.485+0000] {logging_mixin.py:154} INFO - [2023-11-08T22:23:02.485+0000] {dag.py:3722} INFO - Setting next_dagrun for example_complex to None, run_after=None
[2023-11-08T22:23:02.503+0000] {processor.py:179} INFO - Processing /home/airflow/.local/lib/python3.8/site-packages/airflow/example_dags/example_complex.py took 0.147 seconds
[2023-11-08T22:23:32.578+0000] {processor.py:157} INFO - Started process (PID=1284) to work on /home/airflow/.local/lib/python3.8/site-packages/airflow/example_dags/example_complex.py
[2023-11-08T22:23:32.578+0000] {processor.py:829} INFO - Processing file /home/airflow/.local/lib/python3.8/site-packages/airflow/example_dags/example_complex.py for tasks to queue
[2023-11-08T22:23:32.579+0000] {logging_mixin.py:154} INFO - [2023-11-08T22:23:32.579+0000] {dagbag.py:536} INFO - Filling up the DagBag from /home/airflow/.local/lib/python3.8/site-packages/airflow/example_dags/example_complex.py
[2023-11-08T22:23:32.585+0000] {processor.py:839} INFO - DAG(s) dict_keys(['example_complex']) retrieved from /home/airflow/.local/lib/python3.8/site-packages/airflow/example_dags/example_complex.py
[2023-11-08T22:23:32.605+0000] {logging_mixin.py:154} INFO - [2023-11-08T22:23:32.605+0000] {dag.py:2941} INFO - Sync 1 DAGs
[2023-11-08T22:23:32.612+0000] {logging_mixin.py:154} INFO - [2023-11-08T22:23:32.612+0000] {dag.py:3722} INFO - Setting next_dagrun for example_complex to None, run_after=None
[2023-11-08T22:23:32.623+0000] {processor.py:179} INFO - Processing /home/airflow/.local/lib/python3.8/site-packages/airflow/example_dags/example_complex.py took 0.047 seconds
[2023-11-08T22:24:03.055+0000] {processor.py:157} INFO - Started process (PID=1338) to work on /home/airflow/.local/lib/python3.8/site-packages/airflow/example_dags/example_complex.py
[2023-11-08T22:24:03.055+0000] {processor.py:829} INFO - Processing file /home/airflow/.local/lib/python3.8/site-packages/airflow/example_dags/example_complex.py for tasks to queue
[2023-11-08T22:24:03.057+0000] {logging_mixin.py:154} INFO - [2023-11-08T22:24:03.056+0000] {dagbag.py:536} INFO - Filling up the DagBag from /home/airflow/.local/lib/python3.8/site-packages/airflow/example_dags/example_complex.py
[2023-11-08T22:24:03.063+0000] {processor.py:839} INFO - DAG(s) dict_keys(['example_complex']) retrieved from /home/airflow/.local/lib/python3.8/site-packages/airflow/example_dags/example_complex.py
[2023-11-08T22:24:03.081+0000] {logging_mixin.py:154} INFO - [2023-11-08T22:24:03.081+0000] {dag.py:2941} INFO - Sync 1 DAGs
[2023-11-08T22:24:03.088+0000] {logging_mixin.py:154} INFO - [2023-11-08T22:24:03.088+0000] {dag.py:3722} INFO - Setting next_dagrun for example_complex to None, run_after=None
[2023-11-08T22:24:03.098+0000] {processor.py:179} INFO - Processing /home/airflow/.local/lib/python3.8/site-packages/airflow/example_dags/example_complex.py took 0.045 seconds
[2023-11-08T22:24:34.134+0000] {processor.py:157} INFO - Started process (PID=1392) to work on /home/airflow/.local/lib/python3.8/site-packages/airflow/example_dags/example_complex.py
[2023-11-08T22:24:34.134+0000] {processor.py:829} INFO - Processing file /home/airflow/.local/lib/python3.8/site-packages/airflow/example_dags/example_complex.py for tasks to queue
[2023-11-08T22:24:34.135+0000] {logging_mixin.py:154} INFO - [2023-11-08T22:24:34.135+0000] {dagbag.py:536} INFO - Filling up the DagBag from /home/airflow/.local/lib/python3.8/site-packages/airflow/example_dags/example_complex.py
[2023-11-08T22:24:34.141+0000] {processor.py:839} INFO - DAG(s) dict_keys(['example_complex']) retrieved from /home/airflow/.local/lib/python3.8/site-packages/airflow/example_dags/example_complex.py
[2023-11-08T22:24:34.159+0000] {logging_mixin.py:154} INFO - [2023-11-08T22:24:34.159+0000] {dag.py:2941} INFO - Sync 1 DAGs
[2023-11-08T22:24:34.258+0000] {logging_mixin.py:154} INFO - [2023-11-08T22:24:34.258+0000] {dag.py:3722} INFO - Setting next_dagrun for example_complex to None, run_after=None
[2023-11-08T22:24:34.269+0000] {processor.py:179} INFO - Processing /home/airflow/.local/lib/python3.8/site-packages/airflow/example_dags/example_complex.py took 0.138 seconds
[2023-11-08T22:25:04.777+0000] {processor.py:157} INFO - Started process (PID=1446) to work on /home/airflow/.local/lib/python3.8/site-packages/airflow/example_dags/example_complex.py
[2023-11-08T22:25:04.778+0000] {processor.py:829} INFO - Processing file /home/airflow/.local/lib/python3.8/site-packages/airflow/example_dags/example_complex.py for tasks to queue
[2023-11-08T22:25:04.779+0000] {logging_mixin.py:154} INFO - [2023-11-08T22:25:04.779+0000] {dagbag.py:536} INFO - Filling up the DagBag from /home/airflow/.local/lib/python3.8/site-packages/airflow/example_dags/example_complex.py
[2023-11-08T22:25:04.785+0000] {processor.py:839} INFO - DAG(s) dict_keys(['example_complex']) retrieved from /home/airflow/.local/lib/python3.8/site-packages/airflow/example_dags/example_complex.py
[2023-11-08T22:25:04.802+0000] {logging_mixin.py:154} INFO - [2023-11-08T22:25:04.801+0000] {dag.py:2941} INFO - Sync 1 DAGs
[2023-11-08T22:25:04.809+0000] {logging_mixin.py:154} INFO - [2023-11-08T22:25:04.808+0000] {dag.py:3722} INFO - Setting next_dagrun for example_complex to None, run_after=None
[2023-11-08T22:25:04.819+0000] {processor.py:179} INFO - Processing /home/airflow/.local/lib/python3.8/site-packages/airflow/example_dags/example_complex.py took 0.044 seconds
[2023-11-08T22:25:35.789+0000] {processor.py:157} INFO - Started process (PID=1500) to work on /home/airflow/.local/lib/python3.8/site-packages/airflow/example_dags/example_complex.py
[2023-11-08T22:25:35.790+0000] {processor.py:829} INFO - Processing file /home/airflow/.local/lib/python3.8/site-packages/airflow/example_dags/example_complex.py for tasks to queue
[2023-11-08T22:25:35.791+0000] {logging_mixin.py:154} INFO - [2023-11-08T22:25:35.791+0000] {dagbag.py:536} INFO - Filling up the DagBag from /home/airflow/.local/lib/python3.8/site-packages/airflow/example_dags/example_complex.py
[2023-11-08T22:25:35.894+0000] {processor.py:839} INFO - DAG(s) dict_keys(['example_complex']) retrieved from /home/airflow/.local/lib/python3.8/site-packages/airflow/example_dags/example_complex.py
[2023-11-08T22:25:35.909+0000] {logging_mixin.py:154} INFO - [2023-11-08T22:25:35.909+0000] {dag.py:2941} INFO - Sync 1 DAGs
[2023-11-08T22:25:35.916+0000] {logging_mixin.py:154} INFO - [2023-11-08T22:25:35.916+0000] {dag.py:3722} INFO - Setting next_dagrun for example_complex to None, run_after=None
[2023-11-08T22:25:35.933+0000] {processor.py:179} INFO - Processing /home/airflow/.local/lib/python3.8/site-packages/airflow/example_dags/example_complex.py took 0.146 seconds
[2023-11-08T22:26:06.656+0000] {processor.py:157} INFO - Started process (PID=1554) to work on /home/airflow/.local/lib/python3.8/site-packages/airflow/example_dags/example_complex.py
[2023-11-08T22:26:06.657+0000] {processor.py:829} INFO - Processing file /home/airflow/.local/lib/python3.8/site-packages/airflow/example_dags/example_complex.py for tasks to queue
[2023-11-08T22:26:06.658+0000] {logging_mixin.py:154} INFO - [2023-11-08T22:26:06.658+0000] {dagbag.py:536} INFO - Filling up the DagBag from /home/airflow/.local/lib/python3.8/site-packages/airflow/example_dags/example_complex.py
[2023-11-08T22:26:06.664+0000] {processor.py:839} INFO - DAG(s) dict_keys(['example_complex']) retrieved from /home/airflow/.local/lib/python3.8/site-packages/airflow/example_dags/example_complex.py
[2023-11-08T22:26:06.682+0000] {logging_mixin.py:154} INFO - [2023-11-08T22:26:06.682+0000] {dag.py:2941} INFO - Sync 1 DAGs
[2023-11-08T22:26:06.690+0000] {logging_mixin.py:154} INFO - [2023-11-08T22:26:06.690+0000] {dag.py:3722} INFO - Setting next_dagrun for example_complex to None, run_after=None
[2023-11-08T22:26:06.701+0000] {processor.py:179} INFO - Processing /home/airflow/.local/lib/python3.8/site-packages/airflow/example_dags/example_complex.py took 0.047 seconds
[2023-11-08T22:26:37.322+0000] {processor.py:157} INFO - Started process (PID=1608) to work on /home/airflow/.local/lib/python3.8/site-packages/airflow/example_dags/example_complex.py
[2023-11-08T22:26:37.323+0000] {processor.py:829} INFO - Processing file /home/airflow/.local/lib/python3.8/site-packages/airflow/example_dags/example_complex.py for tasks to queue
[2023-11-08T22:26:37.324+0000] {logging_mixin.py:154} INFO - [2023-11-08T22:26:37.324+0000] {dagbag.py:536} INFO - Filling up the DagBag from /home/airflow/.local/lib/python3.8/site-packages/airflow/example_dags/example_complex.py
[2023-11-08T22:26:37.330+0000] {processor.py:839} INFO - DAG(s) dict_keys(['example_complex']) retrieved from /home/airflow/.local/lib/python3.8/site-packages/airflow/example_dags/example_complex.py
[2023-11-08T22:26:37.348+0000] {logging_mixin.py:154} INFO - [2023-11-08T22:26:37.348+0000] {dag.py:2941} INFO - Sync 1 DAGs
[2023-11-08T22:26:37.355+0000] {logging_mixin.py:154} INFO - [2023-11-08T22:26:37.355+0000] {dag.py:3722} INFO - Setting next_dagrun for example_complex to None, run_after=None
[2023-11-08T22:26:37.366+0000] {processor.py:179} INFO - Processing /home/airflow/.local/lib/python3.8/site-packages/airflow/example_dags/example_complex.py took 0.045 seconds
[2023-11-08T22:27:16.480+0000] {processor.py:157} INFO - Started process (PID=42) to work on /home/airflow/.local/lib/python3.8/site-packages/airflow/example_dags/example_complex.py
[2023-11-08T22:27:16.480+0000] {processor.py:829} INFO - Processing file /home/airflow/.local/lib/python3.8/site-packages/airflow/example_dags/example_complex.py for tasks to queue
[2023-11-08T22:27:16.482+0000] {logging_mixin.py:154} INFO - [2023-11-08T22:27:16.481+0000] {dagbag.py:536} INFO - Filling up the DagBag from /home/airflow/.local/lib/python3.8/site-packages/airflow/example_dags/example_complex.py
[2023-11-08T22:27:16.489+0000] {processor.py:839} INFO - DAG(s) dict_keys(['example_complex']) retrieved from /home/airflow/.local/lib/python3.8/site-packages/airflow/example_dags/example_complex.py
[2023-11-08T22:27:16.496+0000] {logging_mixin.py:154} INFO - [2023-11-08T22:27:16.496+0000] {dag.py:2941} INFO - Sync 1 DAGs
[2023-11-08T22:27:16.506+0000] {logging_mixin.py:154} INFO - [2023-11-08T22:27:16.505+0000] {dag.py:3722} INFO - Setting next_dagrun for example_complex to None, run_after=None
[2023-11-08T22:27:16.517+0000] {processor.py:179} INFO - Processing /home/airflow/.local/lib/python3.8/site-packages/airflow/example_dags/example_complex.py took 0.039 seconds
[2023-11-08T22:27:47.262+0000] {processor.py:157} INFO - Started process (PID=96) to work on /home/airflow/.local/lib/python3.8/site-packages/airflow/example_dags/example_complex.py
[2023-11-08T22:27:47.263+0000] {processor.py:829} INFO - Processing file /home/airflow/.local/lib/python3.8/site-packages/airflow/example_dags/example_complex.py for tasks to queue
[2023-11-08T22:27:47.265+0000] {logging_mixin.py:154} INFO - [2023-11-08T22:27:47.264+0000] {dagbag.py:536} INFO - Filling up the DagBag from /home/airflow/.local/lib/python3.8/site-packages/airflow/example_dags/example_complex.py
[2023-11-08T22:27:47.271+0000] {processor.py:839} INFO - DAG(s) dict_keys(['example_complex']) retrieved from /home/airflow/.local/lib/python3.8/site-packages/airflow/example_dags/example_complex.py
[2023-11-08T22:27:47.289+0000] {logging_mixin.py:154} INFO - [2023-11-08T22:27:47.289+0000] {dag.py:2941} INFO - Sync 1 DAGs
[2023-11-08T22:27:47.298+0000] {logging_mixin.py:154} INFO - [2023-11-08T22:27:47.298+0000] {dag.py:3722} INFO - Setting next_dagrun for example_complex to None, run_after=None
[2023-11-08T22:27:47.312+0000] {processor.py:179} INFO - Processing /home/airflow/.local/lib/python3.8/site-packages/airflow/example_dags/example_complex.py took 0.052 seconds
[2023-11-08T22:28:17.472+0000] {processor.py:157} INFO - Started process (PID=150) to work on /home/airflow/.local/lib/python3.8/site-packages/airflow/example_dags/example_complex.py
[2023-11-08T22:28:17.473+0000] {processor.py:829} INFO - Processing file /home/airflow/.local/lib/python3.8/site-packages/airflow/example_dags/example_complex.py for tasks to queue
[2023-11-08T22:28:17.475+0000] {logging_mixin.py:154} INFO - [2023-11-08T22:28:17.474+0000] {dagbag.py:536} INFO - Filling up the DagBag from /home/airflow/.local/lib/python3.8/site-packages/airflow/example_dags/example_complex.py
[2023-11-08T22:28:17.483+0000] {processor.py:839} INFO - DAG(s) dict_keys(['example_complex']) retrieved from /home/airflow/.local/lib/python3.8/site-packages/airflow/example_dags/example_complex.py
[2023-11-08T22:28:17.506+0000] {logging_mixin.py:154} INFO - [2023-11-08T22:28:17.506+0000] {dag.py:2941} INFO - Sync 1 DAGs
[2023-11-08T22:28:17.513+0000] {logging_mixin.py:154} INFO - [2023-11-08T22:28:17.513+0000] {dag.py:3722} INFO - Setting next_dagrun for example_complex to None, run_after=None
[2023-11-08T22:28:17.524+0000] {processor.py:179} INFO - Processing /home/airflow/.local/lib/python3.8/site-packages/airflow/example_dags/example_complex.py took 0.054 seconds
[2023-11-08T22:28:47.674+0000] {processor.py:157} INFO - Started process (PID=204) to work on /home/airflow/.local/lib/python3.8/site-packages/airflow/example_dags/example_complex.py
[2023-11-08T22:28:47.674+0000] {processor.py:829} INFO - Processing file /home/airflow/.local/lib/python3.8/site-packages/airflow/example_dags/example_complex.py for tasks to queue
[2023-11-08T22:28:47.676+0000] {logging_mixin.py:154} INFO - [2023-11-08T22:28:47.675+0000] {dagbag.py:536} INFO - Filling up the DagBag from /home/airflow/.local/lib/python3.8/site-packages/airflow/example_dags/example_complex.py
[2023-11-08T22:28:47.682+0000] {processor.py:839} INFO - DAG(s) dict_keys(['example_complex']) retrieved from /home/airflow/.local/lib/python3.8/site-packages/airflow/example_dags/example_complex.py
[2023-11-08T22:28:47.701+0000] {logging_mixin.py:154} INFO - [2023-11-08T22:28:47.701+0000] {dag.py:2941} INFO - Sync 1 DAGs
[2023-11-08T22:28:47.709+0000] {logging_mixin.py:154} INFO - [2023-11-08T22:28:47.709+0000] {dag.py:3722} INFO - Setting next_dagrun for example_complex to None, run_after=None
[2023-11-08T22:28:47.721+0000] {processor.py:179} INFO - Processing /home/airflow/.local/lib/python3.8/site-packages/airflow/example_dags/example_complex.py took 0.049 seconds
[2023-11-08T22:29:18.318+0000] {processor.py:157} INFO - Started process (PID=258) to work on /home/airflow/.local/lib/python3.8/site-packages/airflow/example_dags/example_complex.py
[2023-11-08T22:29:18.319+0000] {processor.py:829} INFO - Processing file /home/airflow/.local/lib/python3.8/site-packages/airflow/example_dags/example_complex.py for tasks to queue
[2023-11-08T22:29:18.320+0000] {logging_mixin.py:154} INFO - [2023-11-08T22:29:18.320+0000] {dagbag.py:536} INFO - Filling up the DagBag from /home/airflow/.local/lib/python3.8/site-packages/airflow/example_dags/example_complex.py
[2023-11-08T22:29:18.330+0000] {processor.py:839} INFO - DAG(s) dict_keys(['example_complex']) retrieved from /home/airflow/.local/lib/python3.8/site-packages/airflow/example_dags/example_complex.py
[2023-11-08T22:29:18.354+0000] {logging_mixin.py:154} INFO - [2023-11-08T22:29:18.354+0000] {dag.py:2941} INFO - Sync 1 DAGs
[2023-11-08T22:29:18.365+0000] {logging_mixin.py:154} INFO - [2023-11-08T22:29:18.365+0000] {dag.py:3722} INFO - Setting next_dagrun for example_complex to None, run_after=None
[2023-11-08T22:29:18.380+0000] {processor.py:179} INFO - Processing /home/airflow/.local/lib/python3.8/site-packages/airflow/example_dags/example_complex.py took 0.064 seconds
[2023-11-08T22:29:48.535+0000] {processor.py:157} INFO - Started process (PID=313) to work on /home/airflow/.local/lib/python3.8/site-packages/airflow/example_dags/example_complex.py
[2023-11-08T22:29:48.536+0000] {processor.py:829} INFO - Processing file /home/airflow/.local/lib/python3.8/site-packages/airflow/example_dags/example_complex.py for tasks to queue
[2023-11-08T22:29:48.537+0000] {logging_mixin.py:154} INFO - [2023-11-08T22:29:48.537+0000] {dagbag.py:536} INFO - Filling up the DagBag from /home/airflow/.local/lib/python3.8/site-packages/airflow/example_dags/example_complex.py
[2023-11-08T22:29:48.543+0000] {processor.py:839} INFO - DAG(s) dict_keys(['example_complex']) retrieved from /home/airflow/.local/lib/python3.8/site-packages/airflow/example_dags/example_complex.py
[2023-11-08T22:29:48.561+0000] {logging_mixin.py:154} INFO - [2023-11-08T22:29:48.561+0000] {dag.py:2941} INFO - Sync 1 DAGs
[2023-11-08T22:29:48.569+0000] {logging_mixin.py:154} INFO - [2023-11-08T22:29:48.568+0000] {dag.py:3722} INFO - Setting next_dagrun for example_complex to None, run_after=None
[2023-11-08T22:29:48.578+0000] {processor.py:179} INFO - Processing /home/airflow/.local/lib/python3.8/site-packages/airflow/example_dags/example_complex.py took 0.045 seconds
[2023-11-08T22:30:19.249+0000] {processor.py:157} INFO - Started process (PID=367) to work on /home/airflow/.local/lib/python3.8/site-packages/airflow/example_dags/example_complex.py
[2023-11-08T22:30:19.250+0000] {processor.py:829} INFO - Processing file /home/airflow/.local/lib/python3.8/site-packages/airflow/example_dags/example_complex.py for tasks to queue
[2023-11-08T22:30:19.251+0000] {logging_mixin.py:154} INFO - [2023-11-08T22:30:19.251+0000] {dagbag.py:536} INFO - Filling up the DagBag from /home/airflow/.local/lib/python3.8/site-packages/airflow/example_dags/example_complex.py
[2023-11-08T22:30:19.257+0000] {processor.py:839} INFO - DAG(s) dict_keys(['example_complex']) retrieved from /home/airflow/.local/lib/python3.8/site-packages/airflow/example_dags/example_complex.py
[2023-11-08T22:30:19.274+0000] {logging_mixin.py:154} INFO - [2023-11-08T22:30:19.274+0000] {dag.py:2941} INFO - Sync 1 DAGs
[2023-11-08T22:30:19.281+0000] {logging_mixin.py:154} INFO - [2023-11-08T22:30:19.281+0000] {dag.py:3722} INFO - Setting next_dagrun for example_complex to None, run_after=None
[2023-11-08T22:30:19.291+0000] {processor.py:179} INFO - Processing /home/airflow/.local/lib/python3.8/site-packages/airflow/example_dags/example_complex.py took 0.044 seconds
[2023-11-08T22:30:49.943+0000] {processor.py:157} INFO - Started process (PID=421) to work on /home/airflow/.local/lib/python3.8/site-packages/airflow/example_dags/example_complex.py
[2023-11-08T22:30:49.944+0000] {processor.py:829} INFO - Processing file /home/airflow/.local/lib/python3.8/site-packages/airflow/example_dags/example_complex.py for tasks to queue
[2023-11-08T22:30:49.945+0000] {logging_mixin.py:154} INFO - [2023-11-08T22:30:49.945+0000] {dagbag.py:536} INFO - Filling up the DagBag from /home/airflow/.local/lib/python3.8/site-packages/airflow/example_dags/example_complex.py
[2023-11-08T22:30:49.951+0000] {processor.py:839} INFO - DAG(s) dict_keys(['example_complex']) retrieved from /home/airflow/.local/lib/python3.8/site-packages/airflow/example_dags/example_complex.py
[2023-11-08T22:30:49.977+0000] {logging_mixin.py:154} INFO - [2023-11-08T22:30:49.976+0000] {dag.py:2941} INFO - Sync 1 DAGs
[2023-11-08T22:30:49.985+0000] {logging_mixin.py:154} INFO - [2023-11-08T22:30:49.984+0000] {dag.py:3722} INFO - Setting next_dagrun for example_complex to None, run_after=None
[2023-11-08T22:30:49.995+0000] {processor.py:179} INFO - Processing /home/airflow/.local/lib/python3.8/site-packages/airflow/example_dags/example_complex.py took 0.053 seconds
[2023-11-08T22:31:20.815+0000] {processor.py:157} INFO - Started process (PID=475) to work on /home/airflow/.local/lib/python3.8/site-packages/airflow/example_dags/example_complex.py
[2023-11-08T22:31:20.815+0000] {processor.py:829} INFO - Processing file /home/airflow/.local/lib/python3.8/site-packages/airflow/example_dags/example_complex.py for tasks to queue
[2023-11-08T22:31:20.817+0000] {logging_mixin.py:154} INFO - [2023-11-08T22:31:20.817+0000] {dagbag.py:536} INFO - Filling up the DagBag from /home/airflow/.local/lib/python3.8/site-packages/airflow/example_dags/example_complex.py
[2023-11-08T22:31:20.826+0000] {processor.py:839} INFO - DAG(s) dict_keys(['example_complex']) retrieved from /home/airflow/.local/lib/python3.8/site-packages/airflow/example_dags/example_complex.py
[2023-11-08T22:31:20.849+0000] {logging_mixin.py:154} INFO - [2023-11-08T22:31:20.848+0000] {dag.py:2941} INFO - Sync 1 DAGs
[2023-11-08T22:31:20.861+0000] {logging_mixin.py:154} INFO - [2023-11-08T22:31:20.861+0000] {dag.py:3722} INFO - Setting next_dagrun for example_complex to None, run_after=None
[2023-11-08T22:31:20.876+0000] {processor.py:179} INFO - Processing /home/airflow/.local/lib/python3.8/site-packages/airflow/example_dags/example_complex.py took 0.064 seconds
[2023-11-08T22:31:51.021+0000] {processor.py:157} INFO - Started process (PID=529) to work on /home/airflow/.local/lib/python3.8/site-packages/airflow/example_dags/example_complex.py
[2023-11-08T22:31:51.021+0000] {processor.py:829} INFO - Processing file /home/airflow/.local/lib/python3.8/site-packages/airflow/example_dags/example_complex.py for tasks to queue
[2023-11-08T22:31:51.022+0000] {logging_mixin.py:154} INFO - [2023-11-08T22:31:51.022+0000] {dagbag.py:536} INFO - Filling up the DagBag from /home/airflow/.local/lib/python3.8/site-packages/airflow/example_dags/example_complex.py
[2023-11-08T22:31:51.028+0000] {processor.py:839} INFO - DAG(s) dict_keys(['example_complex']) retrieved from /home/airflow/.local/lib/python3.8/site-packages/airflow/example_dags/example_complex.py
[2023-11-08T22:31:51.054+0000] {logging_mixin.py:154} INFO - [2023-11-08T22:31:51.054+0000] {dag.py:2941} INFO - Sync 1 DAGs
[2023-11-08T22:31:51.063+0000] {logging_mixin.py:154} INFO - [2023-11-08T22:31:51.063+0000] {dag.py:3722} INFO - Setting next_dagrun for example_complex to None, run_after=None
[2023-11-08T22:31:51.077+0000] {processor.py:179} INFO - Processing /home/airflow/.local/lib/python3.8/site-packages/airflow/example_dags/example_complex.py took 0.059 seconds
[2023-11-08T22:32:21.149+0000] {processor.py:157} INFO - Started process (PID=584) to work on /home/airflow/.local/lib/python3.8/site-packages/airflow/example_dags/example_complex.py
[2023-11-08T22:32:21.149+0000] {processor.py:829} INFO - Processing file /home/airflow/.local/lib/python3.8/site-packages/airflow/example_dags/example_complex.py for tasks to queue
[2023-11-08T22:32:21.150+0000] {logging_mixin.py:154} INFO - [2023-11-08T22:32:21.150+0000] {dagbag.py:536} INFO - Filling up the DagBag from /home/airflow/.local/lib/python3.8/site-packages/airflow/example_dags/example_complex.py
[2023-11-08T22:32:21.157+0000] {processor.py:839} INFO - DAG(s) dict_keys(['example_complex']) retrieved from /home/airflow/.local/lib/python3.8/site-packages/airflow/example_dags/example_complex.py
[2023-11-08T22:32:21.175+0000] {logging_mixin.py:154} INFO - [2023-11-08T22:32:21.174+0000] {dag.py:2941} INFO - Sync 1 DAGs
[2023-11-08T22:32:21.182+0000] {logging_mixin.py:154} INFO - [2023-11-08T22:32:21.182+0000] {dag.py:3722} INFO - Setting next_dagrun for example_complex to None, run_after=None
[2023-11-08T22:32:21.193+0000] {processor.py:179} INFO - Processing /home/airflow/.local/lib/python3.8/site-packages/airflow/example_dags/example_complex.py took 0.046 seconds
[2023-11-08T22:32:51.327+0000] {processor.py:157} INFO - Started process (PID=639) to work on /home/airflow/.local/lib/python3.8/site-packages/airflow/example_dags/example_complex.py
[2023-11-08T22:32:51.328+0000] {processor.py:829} INFO - Processing file /home/airflow/.local/lib/python3.8/site-packages/airflow/example_dags/example_complex.py for tasks to queue
[2023-11-08T22:32:51.329+0000] {logging_mixin.py:154} INFO - [2023-11-08T22:32:51.329+0000] {dagbag.py:536} INFO - Filling up the DagBag from /home/airflow/.local/lib/python3.8/site-packages/airflow/example_dags/example_complex.py
[2023-11-08T22:32:51.335+0000] {processor.py:839} INFO - DAG(s) dict_keys(['example_complex']) retrieved from /home/airflow/.local/lib/python3.8/site-packages/airflow/example_dags/example_complex.py
[2023-11-08T22:32:51.356+0000] {logging_mixin.py:154} INFO - [2023-11-08T22:32:51.356+0000] {dag.py:2941} INFO - Sync 1 DAGs
[2023-11-08T22:32:51.364+0000] {logging_mixin.py:154} INFO - [2023-11-08T22:32:51.364+0000] {dag.py:3722} INFO - Setting next_dagrun for example_complex to None, run_after=None
[2023-11-08T22:32:51.375+0000] {processor.py:179} INFO - Processing /home/airflow/.local/lib/python3.8/site-packages/airflow/example_dags/example_complex.py took 0.050 seconds
[2023-11-08T22:33:21.443+0000] {processor.py:157} INFO - Started process (PID=694) to work on /home/airflow/.local/lib/python3.8/site-packages/airflow/example_dags/example_complex.py
[2023-11-08T22:33:21.443+0000] {processor.py:829} INFO - Processing file /home/airflow/.local/lib/python3.8/site-packages/airflow/example_dags/example_complex.py for tasks to queue
[2023-11-08T22:33:21.445+0000] {logging_mixin.py:154} INFO - [2023-11-08T22:33:21.445+0000] {dagbag.py:536} INFO - Filling up the DagBag from /home/airflow/.local/lib/python3.8/site-packages/airflow/example_dags/example_complex.py
[2023-11-08T22:33:21.455+0000] {processor.py:839} INFO - DAG(s) dict_keys(['example_complex']) retrieved from /home/airflow/.local/lib/python3.8/site-packages/airflow/example_dags/example_complex.py
[2023-11-08T22:33:21.473+0000] {logging_mixin.py:154} INFO - [2023-11-08T22:33:21.473+0000] {dag.py:2941} INFO - Sync 1 DAGs
[2023-11-08T22:33:21.480+0000] {logging_mixin.py:154} INFO - [2023-11-08T22:33:21.480+0000] {dag.py:3722} INFO - Setting next_dagrun for example_complex to None, run_after=None
[2023-11-08T22:33:21.491+0000] {processor.py:179} INFO - Processing /home/airflow/.local/lib/python3.8/site-packages/airflow/example_dags/example_complex.py took 0.050 seconds
[2023-11-08T22:33:51.539+0000] {processor.py:157} INFO - Started process (PID=749) to work on /home/airflow/.local/lib/python3.8/site-packages/airflow/example_dags/example_complex.py
[2023-11-08T22:33:51.540+0000] {processor.py:829} INFO - Processing file /home/airflow/.local/lib/python3.8/site-packages/airflow/example_dags/example_complex.py for tasks to queue
[2023-11-08T22:33:51.541+0000] {logging_mixin.py:154} INFO - [2023-11-08T22:33:51.541+0000] {dagbag.py:536} INFO - Filling up the DagBag from /home/airflow/.local/lib/python3.8/site-packages/airflow/example_dags/example_complex.py
[2023-11-08T22:33:51.547+0000] {processor.py:839} INFO - DAG(s) dict_keys(['example_complex']) retrieved from /home/airflow/.local/lib/python3.8/site-packages/airflow/example_dags/example_complex.py
[2023-11-08T22:33:51.564+0000] {logging_mixin.py:154} INFO - [2023-11-08T22:33:51.564+0000] {dag.py:2941} INFO - Sync 1 DAGs
[2023-11-08T22:33:51.571+0000] {logging_mixin.py:154} INFO - [2023-11-08T22:33:51.571+0000] {dag.py:3722} INFO - Setting next_dagrun for example_complex to None, run_after=None
[2023-11-08T22:33:51.581+0000] {processor.py:179} INFO - Processing /home/airflow/.local/lib/python3.8/site-packages/airflow/example_dags/example_complex.py took 0.043 seconds
[2023-11-08T22:34:22.184+0000] {processor.py:157} INFO - Started process (PID=804) to work on /home/airflow/.local/lib/python3.8/site-packages/airflow/example_dags/example_complex.py
[2023-11-08T22:34:22.185+0000] {processor.py:829} INFO - Processing file /home/airflow/.local/lib/python3.8/site-packages/airflow/example_dags/example_complex.py for tasks to queue
[2023-11-08T22:34:22.186+0000] {logging_mixin.py:154} INFO - [2023-11-08T22:34:22.186+0000] {dagbag.py:536} INFO - Filling up the DagBag from /home/airflow/.local/lib/python3.8/site-packages/airflow/example_dags/example_complex.py
[2023-11-08T22:34:22.192+0000] {processor.py:839} INFO - DAG(s) dict_keys(['example_complex']) retrieved from /home/airflow/.local/lib/python3.8/site-packages/airflow/example_dags/example_complex.py
[2023-11-08T22:34:22.208+0000] {logging_mixin.py:154} INFO - [2023-11-08T22:34:22.208+0000] {dag.py:2941} INFO - Sync 1 DAGs
[2023-11-08T22:34:22.215+0000] {logging_mixin.py:154} INFO - [2023-11-08T22:34:22.215+0000] {dag.py:3722} INFO - Setting next_dagrun for example_complex to None, run_after=None
[2023-11-08T22:34:22.224+0000] {processor.py:179} INFO - Processing /home/airflow/.local/lib/python3.8/site-packages/airflow/example_dags/example_complex.py took 0.041 seconds
[2023-11-08T22:34:52.757+0000] {processor.py:157} INFO - Started process (PID=859) to work on /home/airflow/.local/lib/python3.8/site-packages/airflow/example_dags/example_complex.py
[2023-11-08T22:34:52.758+0000] {processor.py:829} INFO - Processing file /home/airflow/.local/lib/python3.8/site-packages/airflow/example_dags/example_complex.py for tasks to queue
[2023-11-08T22:34:52.759+0000] {logging_mixin.py:154} INFO - [2023-11-08T22:34:52.759+0000] {dagbag.py:536} INFO - Filling up the DagBag from /home/airflow/.local/lib/python3.8/site-packages/airflow/example_dags/example_complex.py
[2023-11-08T22:34:52.765+0000] {processor.py:839} INFO - DAG(s) dict_keys(['example_complex']) retrieved from /home/airflow/.local/lib/python3.8/site-packages/airflow/example_dags/example_complex.py
[2023-11-08T22:34:52.782+0000] {logging_mixin.py:154} INFO - [2023-11-08T22:34:52.782+0000] {dag.py:2941} INFO - Sync 1 DAGs
[2023-11-08T22:34:52.789+0000] {logging_mixin.py:154} INFO - [2023-11-08T22:34:52.789+0000] {dag.py:3722} INFO - Setting next_dagrun for example_complex to None, run_after=None
[2023-11-08T22:34:52.799+0000] {processor.py:179} INFO - Processing /home/airflow/.local/lib/python3.8/site-packages/airflow/example_dags/example_complex.py took 0.044 seconds
[2023-11-08T22:35:23.461+0000] {processor.py:157} INFO - Started process (PID=914) to work on /home/airflow/.local/lib/python3.8/site-packages/airflow/example_dags/example_complex.py
[2023-11-08T22:35:23.461+0000] {processor.py:829} INFO - Processing file /home/airflow/.local/lib/python3.8/site-packages/airflow/example_dags/example_complex.py for tasks to queue
[2023-11-08T22:35:23.463+0000] {logging_mixin.py:154} INFO - [2023-11-08T22:35:23.463+0000] {dagbag.py:536} INFO - Filling up the DagBag from /home/airflow/.local/lib/python3.8/site-packages/airflow/example_dags/example_complex.py
[2023-11-08T22:35:23.472+0000] {processor.py:839} INFO - DAG(s) dict_keys(['example_complex']) retrieved from /home/airflow/.local/lib/python3.8/site-packages/airflow/example_dags/example_complex.py
[2023-11-08T22:35:23.497+0000] {logging_mixin.py:154} INFO - [2023-11-08T22:35:23.497+0000] {dag.py:2941} INFO - Sync 1 DAGs
[2023-11-08T22:35:23.508+0000] {logging_mixin.py:154} INFO - [2023-11-08T22:35:23.508+0000] {dag.py:3722} INFO - Setting next_dagrun for example_complex to None, run_after=None
[2023-11-08T22:35:23.523+0000] {processor.py:179} INFO - Processing /home/airflow/.local/lib/python3.8/site-packages/airflow/example_dags/example_complex.py took 0.065 seconds
[2023-11-08T22:35:54.471+0000] {processor.py:157} INFO - Started process (PID=969) to work on /home/airflow/.local/lib/python3.8/site-packages/airflow/example_dags/example_complex.py
[2023-11-08T22:35:54.473+0000] {processor.py:829} INFO - Processing file /home/airflow/.local/lib/python3.8/site-packages/airflow/example_dags/example_complex.py for tasks to queue
[2023-11-08T22:35:54.475+0000] {logging_mixin.py:154} INFO - [2023-11-08T22:35:54.475+0000] {dagbag.py:536} INFO - Filling up the DagBag from /home/airflow/.local/lib/python3.8/site-packages/airflow/example_dags/example_complex.py
[2023-11-08T22:35:54.485+0000] {processor.py:839} INFO - DAG(s) dict_keys(['example_complex']) retrieved from /home/airflow/.local/lib/python3.8/site-packages/airflow/example_dags/example_complex.py
[2023-11-08T22:35:54.507+0000] {logging_mixin.py:154} INFO - [2023-11-08T22:35:54.507+0000] {dag.py:2941} INFO - Sync 1 DAGs
[2023-11-08T22:35:54.515+0000] {logging_mixin.py:154} INFO - [2023-11-08T22:35:54.515+0000] {dag.py:3722} INFO - Setting next_dagrun for example_complex to None, run_after=None
[2023-11-08T22:35:54.527+0000] {processor.py:179} INFO - Processing /home/airflow/.local/lib/python3.8/site-packages/airflow/example_dags/example_complex.py took 0.058 seconds
[2023-11-08T22:36:25.088+0000] {processor.py:157} INFO - Started process (PID=1024) to work on /home/airflow/.local/lib/python3.8/site-packages/airflow/example_dags/example_complex.py
[2023-11-08T22:36:25.091+0000] {processor.py:829} INFO - Processing file /home/airflow/.local/lib/python3.8/site-packages/airflow/example_dags/example_complex.py for tasks to queue
[2023-11-08T22:36:25.092+0000] {logging_mixin.py:154} INFO - [2023-11-08T22:36:25.092+0000] {dagbag.py:536} INFO - Filling up the DagBag from /home/airflow/.local/lib/python3.8/site-packages/airflow/example_dags/example_complex.py
[2023-11-08T22:36:25.099+0000] {processor.py:839} INFO - DAG(s) dict_keys(['example_complex']) retrieved from /home/airflow/.local/lib/python3.8/site-packages/airflow/example_dags/example_complex.py
[2023-11-08T22:36:25.120+0000] {logging_mixin.py:154} INFO - [2023-11-08T22:36:25.120+0000] {dag.py:2941} INFO - Sync 1 DAGs
[2023-11-08T22:36:25.128+0000] {logging_mixin.py:154} INFO - [2023-11-08T22:36:25.128+0000] {dag.py:3722} INFO - Setting next_dagrun for example_complex to None, run_after=None
[2023-11-08T22:36:25.139+0000] {processor.py:179} INFO - Processing /home/airflow/.local/lib/python3.8/site-packages/airflow/example_dags/example_complex.py took 0.053 seconds
[2023-11-08T22:36:55.674+0000] {processor.py:157} INFO - Started process (PID=1080) to work on /home/airflow/.local/lib/python3.8/site-packages/airflow/example_dags/example_complex.py
[2023-11-08T22:36:55.674+0000] {processor.py:829} INFO - Processing file /home/airflow/.local/lib/python3.8/site-packages/airflow/example_dags/example_complex.py for tasks to queue
[2023-11-08T22:36:55.676+0000] {logging_mixin.py:154} INFO - [2023-11-08T22:36:55.675+0000] {dagbag.py:536} INFO - Filling up the DagBag from /home/airflow/.local/lib/python3.8/site-packages/airflow/example_dags/example_complex.py
[2023-11-08T22:36:55.683+0000] {processor.py:839} INFO - DAG(s) dict_keys(['example_complex']) retrieved from /home/airflow/.local/lib/python3.8/site-packages/airflow/example_dags/example_complex.py
[2023-11-08T22:36:55.709+0000] {logging_mixin.py:154} INFO - [2023-11-08T22:36:55.708+0000] {dag.py:2941} INFO - Sync 1 DAGs
[2023-11-08T22:36:55.719+0000] {logging_mixin.py:154} INFO - [2023-11-08T22:36:55.719+0000] {dag.py:3722} INFO - Setting next_dagrun for example_complex to None, run_after=None
[2023-11-08T22:36:55.733+0000] {processor.py:179} INFO - Processing /home/airflow/.local/lib/python3.8/site-packages/airflow/example_dags/example_complex.py took 0.061 seconds
[2023-11-08T22:37:26.419+0000] {processor.py:157} INFO - Started process (PID=1135) to work on /home/airflow/.local/lib/python3.8/site-packages/airflow/example_dags/example_complex.py
[2023-11-08T22:37:26.420+0000] {processor.py:829} INFO - Processing file /home/airflow/.local/lib/python3.8/site-packages/airflow/example_dags/example_complex.py for tasks to queue
[2023-11-08T22:37:26.422+0000] {logging_mixin.py:154} INFO - [2023-11-08T22:37:26.422+0000] {dagbag.py:536} INFO - Filling up the DagBag from /home/airflow/.local/lib/python3.8/site-packages/airflow/example_dags/example_complex.py
[2023-11-08T22:37:26.428+0000] {processor.py:839} INFO - DAG(s) dict_keys(['example_complex']) retrieved from /home/airflow/.local/lib/python3.8/site-packages/airflow/example_dags/example_complex.py
[2023-11-08T22:37:26.449+0000] {logging_mixin.py:154} INFO - [2023-11-08T22:37:26.449+0000] {dag.py:2941} INFO - Sync 1 DAGs
[2023-11-08T22:37:26.460+0000] {logging_mixin.py:154} INFO - [2023-11-08T22:37:26.459+0000] {dag.py:3722} INFO - Setting next_dagrun for example_complex to None, run_after=None
[2023-11-08T22:37:26.475+0000] {processor.py:179} INFO - Processing /home/airflow/.local/lib/python3.8/site-packages/airflow/example_dags/example_complex.py took 0.058 seconds
[2023-11-08T22:37:57.142+0000] {processor.py:157} INFO - Started process (PID=1190) to work on /home/airflow/.local/lib/python3.8/site-packages/airflow/example_dags/example_complex.py
[2023-11-08T22:37:57.143+0000] {processor.py:829} INFO - Processing file /home/airflow/.local/lib/python3.8/site-packages/airflow/example_dags/example_complex.py for tasks to queue
[2023-11-08T22:37:57.144+0000] {logging_mixin.py:154} INFO - [2023-11-08T22:37:57.144+0000] {dagbag.py:536} INFO - Filling up the DagBag from /home/airflow/.local/lib/python3.8/site-packages/airflow/example_dags/example_complex.py
[2023-11-08T22:37:57.150+0000] {processor.py:839} INFO - DAG(s) dict_keys(['example_complex']) retrieved from /home/airflow/.local/lib/python3.8/site-packages/airflow/example_dags/example_complex.py
[2023-11-08T22:37:57.167+0000] {logging_mixin.py:154} INFO - [2023-11-08T22:37:57.167+0000] {dag.py:2941} INFO - Sync 1 DAGs
[2023-11-08T22:37:57.174+0000] {logging_mixin.py:154} INFO - [2023-11-08T22:37:57.174+0000] {dag.py:3722} INFO - Setting next_dagrun for example_complex to None, run_after=None
[2023-11-08T22:37:57.183+0000] {processor.py:179} INFO - Processing /home/airflow/.local/lib/python3.8/site-packages/airflow/example_dags/example_complex.py took 0.043 seconds
[2023-11-08T22:38:27.672+0000] {processor.py:157} INFO - Started process (PID=1245) to work on /home/airflow/.local/lib/python3.8/site-packages/airflow/example_dags/example_complex.py
[2023-11-08T22:38:27.674+0000] {processor.py:829} INFO - Processing file /home/airflow/.local/lib/python3.8/site-packages/airflow/example_dags/example_complex.py for tasks to queue
[2023-11-08T22:38:27.676+0000] {logging_mixin.py:154} INFO - [2023-11-08T22:38:27.676+0000] {dagbag.py:536} INFO - Filling up the DagBag from /home/airflow/.local/lib/python3.8/site-packages/airflow/example_dags/example_complex.py
[2023-11-08T22:38:27.687+0000] {processor.py:839} INFO - DAG(s) dict_keys(['example_complex']) retrieved from /home/airflow/.local/lib/python3.8/site-packages/airflow/example_dags/example_complex.py
[2023-11-08T22:38:27.704+0000] {logging_mixin.py:154} INFO - [2023-11-08T22:38:27.704+0000] {dag.py:2941} INFO - Sync 1 DAGs
[2023-11-08T22:38:27.712+0000] {logging_mixin.py:154} INFO - [2023-11-08T22:38:27.712+0000] {dag.py:3722} INFO - Setting next_dagrun for example_complex to None, run_after=None
[2023-11-08T22:38:27.722+0000] {processor.py:179} INFO - Processing /home/airflow/.local/lib/python3.8/site-packages/airflow/example_dags/example_complex.py took 0.052 seconds
[2023-11-08T22:38:58.310+0000] {processor.py:157} INFO - Started process (PID=1301) to work on /home/airflow/.local/lib/python3.8/site-packages/airflow/example_dags/example_complex.py
[2023-11-08T22:38:58.313+0000] {processor.py:829} INFO - Processing file /home/airflow/.local/lib/python3.8/site-packages/airflow/example_dags/example_complex.py for tasks to queue
[2023-11-08T22:38:58.315+0000] {logging_mixin.py:154} INFO - [2023-11-08T22:38:58.314+0000] {dagbag.py:536} INFO - Filling up the DagBag from /home/airflow/.local/lib/python3.8/site-packages/airflow/example_dags/example_complex.py
[2023-11-08T22:38:58.326+0000] {processor.py:839} INFO - DAG(s) dict_keys(['example_complex']) retrieved from /home/airflow/.local/lib/python3.8/site-packages/airflow/example_dags/example_complex.py
[2023-11-08T22:38:58.343+0000] {logging_mixin.py:154} INFO - [2023-11-08T22:38:58.343+0000] {dag.py:2941} INFO - Sync 1 DAGs
[2023-11-08T22:38:58.351+0000] {logging_mixin.py:154} INFO - [2023-11-08T22:38:58.351+0000] {dag.py:3722} INFO - Setting next_dagrun for example_complex to None, run_after=None
[2023-11-08T22:38:58.361+0000] {processor.py:179} INFO - Processing /home/airflow/.local/lib/python3.8/site-packages/airflow/example_dags/example_complex.py took 0.053 seconds
[2023-11-08T22:39:28.856+0000] {processor.py:157} INFO - Started process (PID=1357) to work on /home/airflow/.local/lib/python3.8/site-packages/airflow/example_dags/example_complex.py
[2023-11-08T22:39:28.859+0000] {processor.py:829} INFO - Processing file /home/airflow/.local/lib/python3.8/site-packages/airflow/example_dags/example_complex.py for tasks to queue
[2023-11-08T22:39:28.860+0000] {logging_mixin.py:154} INFO - [2023-11-08T22:39:28.860+0000] {dagbag.py:536} INFO - Filling up the DagBag from /home/airflow/.local/lib/python3.8/site-packages/airflow/example_dags/example_complex.py
[2023-11-08T22:39:28.870+0000] {processor.py:839} INFO - DAG(s) dict_keys(['example_complex']) retrieved from /home/airflow/.local/lib/python3.8/site-packages/airflow/example_dags/example_complex.py
[2023-11-08T22:39:28.887+0000] {logging_mixin.py:154} INFO - [2023-11-08T22:39:28.887+0000] {dag.py:2941} INFO - Sync 1 DAGs
[2023-11-08T22:39:28.894+0000] {logging_mixin.py:154} INFO - [2023-11-08T22:39:28.894+0000] {dag.py:3722} INFO - Setting next_dagrun for example_complex to None, run_after=None
[2023-11-08T22:39:28.904+0000] {processor.py:179} INFO - Processing /home/airflow/.local/lib/python3.8/site-packages/airflow/example_dags/example_complex.py took 0.050 seconds
[2023-11-08T22:39:59.498+0000] {processor.py:157} INFO - Started process (PID=1412) to work on /home/airflow/.local/lib/python3.8/site-packages/airflow/example_dags/example_complex.py
[2023-11-08T22:39:59.501+0000] {processor.py:829} INFO - Processing file /home/airflow/.local/lib/python3.8/site-packages/airflow/example_dags/example_complex.py for tasks to queue
[2023-11-08T22:39:59.502+0000] {logging_mixin.py:154} INFO - [2023-11-08T22:39:59.502+0000] {dagbag.py:536} INFO - Filling up the DagBag from /home/airflow/.local/lib/python3.8/site-packages/airflow/example_dags/example_complex.py
[2023-11-08T22:39:59.508+0000] {processor.py:839} INFO - DAG(s) dict_keys(['example_complex']) retrieved from /home/airflow/.local/lib/python3.8/site-packages/airflow/example_dags/example_complex.py
[2023-11-08T22:39:59.524+0000] {logging_mixin.py:154} INFO - [2023-11-08T22:39:59.524+0000] {dag.py:2941} INFO - Sync 1 DAGs
[2023-11-08T22:39:59.531+0000] {logging_mixin.py:154} INFO - [2023-11-08T22:39:59.531+0000] {dag.py:3722} INFO - Setting next_dagrun for example_complex to None, run_after=None
[2023-11-08T22:39:59.541+0000] {processor.py:179} INFO - Processing /home/airflow/.local/lib/python3.8/site-packages/airflow/example_dags/example_complex.py took 0.045 seconds
[2023-11-08T22:40:30.113+0000] {processor.py:157} INFO - Started process (PID=1467) to work on /home/airflow/.local/lib/python3.8/site-packages/airflow/example_dags/example_complex.py
[2023-11-08T22:40:30.114+0000] {processor.py:829} INFO - Processing file /home/airflow/.local/lib/python3.8/site-packages/airflow/example_dags/example_complex.py for tasks to queue
[2023-11-08T22:40:30.116+0000] {logging_mixin.py:154} INFO - [2023-11-08T22:40:30.115+0000] {dagbag.py:536} INFO - Filling up the DagBag from /home/airflow/.local/lib/python3.8/site-packages/airflow/example_dags/example_complex.py
[2023-11-08T22:40:30.124+0000] {processor.py:839} INFO - DAG(s) dict_keys(['example_complex']) retrieved from /home/airflow/.local/lib/python3.8/site-packages/airflow/example_dags/example_complex.py
[2023-11-08T22:40:30.141+0000] {logging_mixin.py:154} INFO - [2023-11-08T22:40:30.141+0000] {dag.py:2941} INFO - Sync 1 DAGs
[2023-11-08T22:40:30.148+0000] {logging_mixin.py:154} INFO - [2023-11-08T22:40:30.148+0000] {dag.py:3722} INFO - Setting next_dagrun for example_complex to None, run_after=None
[2023-11-08T22:40:30.158+0000] {processor.py:179} INFO - Processing /home/airflow/.local/lib/python3.8/site-packages/airflow/example_dags/example_complex.py took 0.047 seconds
[2023-11-08T22:41:00.612+0000] {processor.py:157} INFO - Started process (PID=1522) to work on /home/airflow/.local/lib/python3.8/site-packages/airflow/example_dags/example_complex.py
[2023-11-08T22:41:00.614+0000] {processor.py:829} INFO - Processing file /home/airflow/.local/lib/python3.8/site-packages/airflow/example_dags/example_complex.py for tasks to queue
[2023-11-08T22:41:00.616+0000] {logging_mixin.py:154} INFO - [2023-11-08T22:41:00.616+0000] {dagbag.py:536} INFO - Filling up the DagBag from /home/airflow/.local/lib/python3.8/site-packages/airflow/example_dags/example_complex.py
[2023-11-08T22:41:00.625+0000] {processor.py:839} INFO - DAG(s) dict_keys(['example_complex']) retrieved from /home/airflow/.local/lib/python3.8/site-packages/airflow/example_dags/example_complex.py
[2023-11-08T22:41:00.642+0000] {logging_mixin.py:154} INFO - [2023-11-08T22:41:00.642+0000] {dag.py:2941} INFO - Sync 1 DAGs
[2023-11-08T22:41:00.649+0000] {logging_mixin.py:154} INFO - [2023-11-08T22:41:00.649+0000] {dag.py:3722} INFO - Setting next_dagrun for example_complex to None, run_after=None
[2023-11-08T22:41:00.660+0000] {processor.py:179} INFO - Processing /home/airflow/.local/lib/python3.8/site-packages/airflow/example_dags/example_complex.py took 0.050 seconds
[2023-11-08T22:41:31.247+0000] {processor.py:157} INFO - Started process (PID=1577) to work on /home/airflow/.local/lib/python3.8/site-packages/airflow/example_dags/example_complex.py
[2023-11-08T22:41:31.250+0000] {processor.py:829} INFO - Processing file /home/airflow/.local/lib/python3.8/site-packages/airflow/example_dags/example_complex.py for tasks to queue
[2023-11-08T22:41:31.252+0000] {logging_mixin.py:154} INFO - [2023-11-08T22:41:31.251+0000] {dagbag.py:536} INFO - Filling up the DagBag from /home/airflow/.local/lib/python3.8/site-packages/airflow/example_dags/example_complex.py
[2023-11-08T22:41:31.259+0000] {processor.py:839} INFO - DAG(s) dict_keys(['example_complex']) retrieved from /home/airflow/.local/lib/python3.8/site-packages/airflow/example_dags/example_complex.py
[2023-11-08T22:41:31.279+0000] {logging_mixin.py:154} INFO - [2023-11-08T22:41:31.279+0000] {dag.py:2941} INFO - Sync 1 DAGs
[2023-11-08T22:41:31.287+0000] {logging_mixin.py:154} INFO - [2023-11-08T22:41:31.287+0000] {dag.py:3722} INFO - Setting next_dagrun for example_complex to None, run_after=None
[2023-11-08T22:41:31.298+0000] {processor.py:179} INFO - Processing /home/airflow/.local/lib/python3.8/site-packages/airflow/example_dags/example_complex.py took 0.053 seconds
[2023-11-08T22:42:01.892+0000] {processor.py:157} INFO - Started process (PID=1633) to work on /home/airflow/.local/lib/python3.8/site-packages/airflow/example_dags/example_complex.py
[2023-11-08T22:42:01.894+0000] {processor.py:829} INFO - Processing file /home/airflow/.local/lib/python3.8/site-packages/airflow/example_dags/example_complex.py for tasks to queue
[2023-11-08T22:42:01.896+0000] {logging_mixin.py:154} INFO - [2023-11-08T22:42:01.896+0000] {dagbag.py:536} INFO - Filling up the DagBag from /home/airflow/.local/lib/python3.8/site-packages/airflow/example_dags/example_complex.py
[2023-11-08T22:42:01.903+0000] {processor.py:839} INFO - DAG(s) dict_keys(['example_complex']) retrieved from /home/airflow/.local/lib/python3.8/site-packages/airflow/example_dags/example_complex.py
[2023-11-08T22:42:01.920+0000] {logging_mixin.py:154} INFO - [2023-11-08T22:42:01.920+0000] {dag.py:2941} INFO - Sync 1 DAGs
[2023-11-08T22:42:01.928+0000] {logging_mixin.py:154} INFO - [2023-11-08T22:42:01.928+0000] {dag.py:3722} INFO - Setting next_dagrun for example_complex to None, run_after=None
[2023-11-08T22:42:01.939+0000] {processor.py:179} INFO - Processing /home/airflow/.local/lib/python3.8/site-packages/airflow/example_dags/example_complex.py took 0.049 seconds
[2023-11-08T22:42:32.429+0000] {processor.py:157} INFO - Started process (PID=1688) to work on /home/airflow/.local/lib/python3.8/site-packages/airflow/example_dags/example_complex.py
[2023-11-08T22:42:32.432+0000] {processor.py:829} INFO - Processing file /home/airflow/.local/lib/python3.8/site-packages/airflow/example_dags/example_complex.py for tasks to queue
[2023-11-08T22:42:32.434+0000] {logging_mixin.py:154} INFO - [2023-11-08T22:42:32.434+0000] {dagbag.py:536} INFO - Filling up the DagBag from /home/airflow/.local/lib/python3.8/site-packages/airflow/example_dags/example_complex.py
[2023-11-08T22:42:32.443+0000] {processor.py:839} INFO - DAG(s) dict_keys(['example_complex']) retrieved from /home/airflow/.local/lib/python3.8/site-packages/airflow/example_dags/example_complex.py
[2023-11-08T22:42:32.466+0000] {logging_mixin.py:154} INFO - [2023-11-08T22:42:32.466+0000] {dag.py:2941} INFO - Sync 1 DAGs
[2023-11-08T22:42:32.474+0000] {logging_mixin.py:154} INFO - [2023-11-08T22:42:32.474+0000] {dag.py:3722} INFO - Setting next_dagrun for example_complex to None, run_after=None
[2023-11-08T22:42:32.485+0000] {processor.py:179} INFO - Processing /home/airflow/.local/lib/python3.8/site-packages/airflow/example_dags/example_complex.py took 0.058 seconds
[2023-11-08T22:43:03.037+0000] {processor.py:157} INFO - Started process (PID=1743) to work on /home/airflow/.local/lib/python3.8/site-packages/airflow/example_dags/example_complex.py
[2023-11-08T22:43:03.039+0000] {processor.py:829} INFO - Processing file /home/airflow/.local/lib/python3.8/site-packages/airflow/example_dags/example_complex.py for tasks to queue
[2023-11-08T22:43:03.040+0000] {logging_mixin.py:154} INFO - [2023-11-08T22:43:03.040+0000] {dagbag.py:536} INFO - Filling up the DagBag from /home/airflow/.local/lib/python3.8/site-packages/airflow/example_dags/example_complex.py
[2023-11-08T22:43:03.048+0000] {processor.py:839} INFO - DAG(s) dict_keys(['example_complex']) retrieved from /home/airflow/.local/lib/python3.8/site-packages/airflow/example_dags/example_complex.py
[2023-11-08T22:43:03.075+0000] {logging_mixin.py:154} INFO - [2023-11-08T22:43:03.074+0000] {dag.py:2941} INFO - Sync 1 DAGs
[2023-11-08T22:43:03.087+0000] {logging_mixin.py:154} INFO - [2023-11-08T22:43:03.087+0000] {dag.py:3722} INFO - Setting next_dagrun for example_complex to None, run_after=None
[2023-11-08T22:43:03.099+0000] {processor.py:179} INFO - Processing /home/airflow/.local/lib/python3.8/site-packages/airflow/example_dags/example_complex.py took 0.064 seconds
[2023-11-08T22:43:37.713+0000] {processor.py:157} INFO - Started process (PID=43) to work on /home/airflow/.local/lib/python3.8/site-packages/airflow/example_dags/example_complex.py
[2023-11-08T22:43:37.714+0000] {processor.py:829} INFO - Processing file /home/airflow/.local/lib/python3.8/site-packages/airflow/example_dags/example_complex.py for tasks to queue
[2023-11-08T22:43:37.716+0000] {logging_mixin.py:154} INFO - [2023-11-08T22:43:37.715+0000] {dagbag.py:536} INFO - Filling up the DagBag from /home/airflow/.local/lib/python3.8/site-packages/airflow/example_dags/example_complex.py
[2023-11-08T22:43:37.727+0000] {processor.py:839} INFO - DAG(s) dict_keys(['example_complex']) retrieved from /home/airflow/.local/lib/python3.8/site-packages/airflow/example_dags/example_complex.py
[2023-11-08T22:43:37.738+0000] {logging_mixin.py:154} INFO - [2023-11-08T22:43:37.737+0000] {dag.py:2941} INFO - Sync 1 DAGs
[2023-11-08T22:43:37.752+0000] {logging_mixin.py:154} INFO - [2023-11-08T22:43:37.752+0000] {dag.py:3722} INFO - Setting next_dagrun for example_complex to None, run_after=None
[2023-11-08T22:43:37.770+0000] {processor.py:179} INFO - Processing /home/airflow/.local/lib/python3.8/site-packages/airflow/example_dags/example_complex.py took 0.059 seconds
