[2023-11-08T22:09:16.493+0000] {processor.py:157} INFO - Started process (PID=67) to work on /home/airflow/.local/lib/python3.8/site-packages/airflow/example_dags/example_branch_python_dop_operator_3.py
[2023-11-08T22:09:16.494+0000] {processor.py:829} INFO - Processing file /home/airflow/.local/lib/python3.8/site-packages/airflow/example_dags/example_branch_python_dop_operator_3.py for tasks to queue
[2023-11-08T22:09:16.495+0000] {logging_mixin.py:154} INFO - [2023-11-08T22:09:16.495+0000] {dagbag.py:536} INFO - Filling up the DagBag from /home/airflow/.local/lib/python3.8/site-packages/airflow/example_dags/example_branch_python_dop_operator_3.py
[2023-11-08T22:09:16.500+0000] {processor.py:839} INFO - DAG(s) dict_keys(['example_branch_dop_operator_v3']) retrieved from /home/airflow/.local/lib/python3.8/site-packages/airflow/example_dags/example_branch_python_dop_operator_3.py
[2023-11-08T22:09:16.512+0000] {logging_mixin.py:154} INFO - [2023-11-08T22:09:16.512+0000] {dag.py:2941} INFO - Sync 1 DAGs
[2023-11-08T22:09:16.531+0000] {logging_mixin.py:154} INFO - [2023-11-08T22:09:16.531+0000] {dag.py:3722} INFO - Setting next_dagrun for example_branch_dop_operator_v3 to 2023-11-08T22:08:00+00:00, run_after=2023-11-08T22:09:00+00:00
[2023-11-08T22:09:16.543+0000] {processor.py:179} INFO - Processing /home/airflow/.local/lib/python3.8/site-packages/airflow/example_dags/example_branch_python_dop_operator_3.py took 0.052 seconds
[2023-11-08T22:09:47.162+0000] {processor.py:157} INFO - Started process (PID=122) to work on /home/airflow/.local/lib/python3.8/site-packages/airflow/example_dags/example_branch_python_dop_operator_3.py
[2023-11-08T22:09:47.163+0000] {processor.py:829} INFO - Processing file /home/airflow/.local/lib/python3.8/site-packages/airflow/example_dags/example_branch_python_dop_operator_3.py for tasks to queue
[2023-11-08T22:09:47.164+0000] {logging_mixin.py:154} INFO - [2023-11-08T22:09:47.164+0000] {dagbag.py:536} INFO - Filling up the DagBag from /home/airflow/.local/lib/python3.8/site-packages/airflow/example_dags/example_branch_python_dop_operator_3.py
[2023-11-08T22:09:47.169+0000] {processor.py:839} INFO - DAG(s) dict_keys(['example_branch_dop_operator_v3']) retrieved from /home/airflow/.local/lib/python3.8/site-packages/airflow/example_dags/example_branch_python_dop_operator_3.py
[2023-11-08T22:09:47.181+0000] {logging_mixin.py:154} INFO - [2023-11-08T22:09:47.181+0000] {dag.py:2941} INFO - Sync 1 DAGs
[2023-11-08T22:09:47.198+0000] {logging_mixin.py:154} INFO - [2023-11-08T22:09:47.198+0000] {dag.py:3722} INFO - Setting next_dagrun for example_branch_dop_operator_v3 to 2023-11-08T22:08:00+00:00, run_after=2023-11-08T22:09:00+00:00
[2023-11-08T22:09:47.213+0000] {processor.py:179} INFO - Processing /home/airflow/.local/lib/python3.8/site-packages/airflow/example_dags/example_branch_python_dop_operator_3.py took 0.053 seconds
[2023-11-08T22:11:50.899+0000] {processor.py:157} INFO - Started process (PID=67) to work on /home/airflow/.local/lib/python3.8/site-packages/airflow/example_dags/example_branch_python_dop_operator_3.py
[2023-11-08T22:11:50.900+0000] {processor.py:829} INFO - Processing file /home/airflow/.local/lib/python3.8/site-packages/airflow/example_dags/example_branch_python_dop_operator_3.py for tasks to queue
[2023-11-08T22:11:50.902+0000] {logging_mixin.py:154} INFO - [2023-11-08T22:11:50.901+0000] {dagbag.py:536} INFO - Filling up the DagBag from /home/airflow/.local/lib/python3.8/site-packages/airflow/example_dags/example_branch_python_dop_operator_3.py
[2023-11-08T22:11:50.908+0000] {processor.py:839} INFO - DAG(s) dict_keys(['example_branch_dop_operator_v3']) retrieved from /home/airflow/.local/lib/python3.8/site-packages/airflow/example_dags/example_branch_python_dop_operator_3.py
[2023-11-08T22:11:50.917+0000] {logging_mixin.py:154} INFO - [2023-11-08T22:11:50.917+0000] {dag.py:2941} INFO - Sync 1 DAGs
[2023-11-08T22:11:50.940+0000] {logging_mixin.py:154} INFO - [2023-11-08T22:11:50.940+0000] {dag.py:3722} INFO - Setting next_dagrun for example_branch_dop_operator_v3 to 2023-11-08T22:10:00+00:00, run_after=2023-11-08T22:11:00+00:00
[2023-11-08T22:11:50.988+0000] {processor.py:179} INFO - Processing /home/airflow/.local/lib/python3.8/site-packages/airflow/example_dags/example_branch_python_dop_operator_3.py took 0.092 seconds
[2023-11-08T22:12:21.949+0000] {processor.py:157} INFO - Started process (PID=121) to work on /home/airflow/.local/lib/python3.8/site-packages/airflow/example_dags/example_branch_python_dop_operator_3.py
[2023-11-08T22:12:21.950+0000] {processor.py:829} INFO - Processing file /home/airflow/.local/lib/python3.8/site-packages/airflow/example_dags/example_branch_python_dop_operator_3.py for tasks to queue
[2023-11-08T22:12:21.951+0000] {logging_mixin.py:154} INFO - [2023-11-08T22:12:21.950+0000] {dagbag.py:536} INFO - Filling up the DagBag from /home/airflow/.local/lib/python3.8/site-packages/airflow/example_dags/example_branch_python_dop_operator_3.py
[2023-11-08T22:12:21.956+0000] {processor.py:839} INFO - DAG(s) dict_keys(['example_branch_dop_operator_v3']) retrieved from /home/airflow/.local/lib/python3.8/site-packages/airflow/example_dags/example_branch_python_dop_operator_3.py
[2023-11-08T22:12:21.967+0000] {logging_mixin.py:154} INFO - [2023-11-08T22:12:21.967+0000] {dag.py:2941} INFO - Sync 1 DAGs
[2023-11-08T22:12:21.982+0000] {logging_mixin.py:154} INFO - [2023-11-08T22:12:21.982+0000] {dag.py:3722} INFO - Setting next_dagrun for example_branch_dop_operator_v3 to 2023-11-08T22:11:00+00:00, run_after=2023-11-08T22:12:00+00:00
[2023-11-08T22:12:21.992+0000] {processor.py:179} INFO - Processing /home/airflow/.local/lib/python3.8/site-packages/airflow/example_dags/example_branch_python_dop_operator_3.py took 0.044 seconds
[2023-11-08T22:12:52.838+0000] {processor.py:157} INFO - Started process (PID=175) to work on /home/airflow/.local/lib/python3.8/site-packages/airflow/example_dags/example_branch_python_dop_operator_3.py
[2023-11-08T22:12:52.843+0000] {processor.py:829} INFO - Processing file /home/airflow/.local/lib/python3.8/site-packages/airflow/example_dags/example_branch_python_dop_operator_3.py for tasks to queue
[2023-11-08T22:12:52.846+0000] {logging_mixin.py:154} INFO - [2023-11-08T22:12:52.846+0000] {dagbag.py:536} INFO - Filling up the DagBag from /home/airflow/.local/lib/python3.8/site-packages/airflow/example_dags/example_branch_python_dop_operator_3.py
[2023-11-08T22:12:52.856+0000] {processor.py:839} INFO - DAG(s) dict_keys(['example_branch_dop_operator_v3']) retrieved from /home/airflow/.local/lib/python3.8/site-packages/airflow/example_dags/example_branch_python_dop_operator_3.py
[2023-11-08T22:12:52.868+0000] {logging_mixin.py:154} INFO - [2023-11-08T22:12:52.868+0000] {dag.py:2941} INFO - Sync 1 DAGs
[2023-11-08T22:12:52.883+0000] {logging_mixin.py:154} INFO - [2023-11-08T22:12:52.883+0000] {dag.py:3722} INFO - Setting next_dagrun for example_branch_dop_operator_v3 to 2023-11-08T22:11:00+00:00, run_after=2023-11-08T22:12:00+00:00
[2023-11-08T22:12:52.893+0000] {processor.py:179} INFO - Processing /home/airflow/.local/lib/python3.8/site-packages/airflow/example_dags/example_branch_python_dop_operator_3.py took 0.056 seconds
[2023-11-08T22:13:23.405+0000] {processor.py:157} INFO - Started process (PID=229) to work on /home/airflow/.local/lib/python3.8/site-packages/airflow/example_dags/example_branch_python_dop_operator_3.py
[2023-11-08T22:13:23.409+0000] {processor.py:829} INFO - Processing file /home/airflow/.local/lib/python3.8/site-packages/airflow/example_dags/example_branch_python_dop_operator_3.py for tasks to queue
[2023-11-08T22:13:23.412+0000] {logging_mixin.py:154} INFO - [2023-11-08T22:13:23.411+0000] {dagbag.py:536} INFO - Filling up the DagBag from /home/airflow/.local/lib/python3.8/site-packages/airflow/example_dags/example_branch_python_dop_operator_3.py
[2023-11-08T22:13:23.422+0000] {processor.py:839} INFO - DAG(s) dict_keys(['example_branch_dop_operator_v3']) retrieved from /home/airflow/.local/lib/python3.8/site-packages/airflow/example_dags/example_branch_python_dop_operator_3.py
[2023-11-08T22:13:23.434+0000] {logging_mixin.py:154} INFO - [2023-11-08T22:13:23.433+0000] {dag.py:2941} INFO - Sync 1 DAGs
[2023-11-08T22:13:23.449+0000] {logging_mixin.py:154} INFO - [2023-11-08T22:13:23.449+0000] {dag.py:3722} INFO - Setting next_dagrun for example_branch_dop_operator_v3 to 2023-11-08T22:12:00+00:00, run_after=2023-11-08T22:13:00+00:00
[2023-11-08T22:13:23.462+0000] {processor.py:179} INFO - Processing /home/airflow/.local/lib/python3.8/site-packages/airflow/example_dags/example_branch_python_dop_operator_3.py took 0.058 seconds
[2023-11-08T22:13:54.122+0000] {processor.py:157} INFO - Started process (PID=283) to work on /home/airflow/.local/lib/python3.8/site-packages/airflow/example_dags/example_branch_python_dop_operator_3.py
[2023-11-08T22:13:54.125+0000] {processor.py:829} INFO - Processing file /home/airflow/.local/lib/python3.8/site-packages/airflow/example_dags/example_branch_python_dop_operator_3.py for tasks to queue
[2023-11-08T22:13:54.127+0000] {logging_mixin.py:154} INFO - [2023-11-08T22:13:54.126+0000] {dagbag.py:536} INFO - Filling up the DagBag from /home/airflow/.local/lib/python3.8/site-packages/airflow/example_dags/example_branch_python_dop_operator_3.py
[2023-11-08T22:13:54.133+0000] {processor.py:839} INFO - DAG(s) dict_keys(['example_branch_dop_operator_v3']) retrieved from /home/airflow/.local/lib/python3.8/site-packages/airflow/example_dags/example_branch_python_dop_operator_3.py
[2023-11-08T22:13:54.146+0000] {logging_mixin.py:154} INFO - [2023-11-08T22:13:54.145+0000] {dag.py:2941} INFO - Sync 1 DAGs
[2023-11-08T22:13:54.164+0000] {logging_mixin.py:154} INFO - [2023-11-08T22:13:54.163+0000] {dag.py:3722} INFO - Setting next_dagrun for example_branch_dop_operator_v3 to 2023-11-08T22:12:00+00:00, run_after=2023-11-08T22:13:00+00:00
[2023-11-08T22:13:54.174+0000] {processor.py:179} INFO - Processing /home/airflow/.local/lib/python3.8/site-packages/airflow/example_dags/example_branch_python_dop_operator_3.py took 0.054 seconds
[2023-11-08T22:14:24.720+0000] {processor.py:157} INFO - Started process (PID=337) to work on /home/airflow/.local/lib/python3.8/site-packages/airflow/example_dags/example_branch_python_dop_operator_3.py
[2023-11-08T22:14:24.725+0000] {processor.py:829} INFO - Processing file /home/airflow/.local/lib/python3.8/site-packages/airflow/example_dags/example_branch_python_dop_operator_3.py for tasks to queue
[2023-11-08T22:14:24.728+0000] {logging_mixin.py:154} INFO - [2023-11-08T22:14:24.727+0000] {dagbag.py:536} INFO - Filling up the DagBag from /home/airflow/.local/lib/python3.8/site-packages/airflow/example_dags/example_branch_python_dop_operator_3.py
[2023-11-08T22:14:24.739+0000] {processor.py:839} INFO - DAG(s) dict_keys(['example_branch_dop_operator_v3']) retrieved from /home/airflow/.local/lib/python3.8/site-packages/airflow/example_dags/example_branch_python_dop_operator_3.py
[2023-11-08T22:14:24.753+0000] {logging_mixin.py:154} INFO - [2023-11-08T22:14:24.753+0000] {dag.py:2941} INFO - Sync 1 DAGs
[2023-11-08T22:14:24.773+0000] {logging_mixin.py:154} INFO - [2023-11-08T22:14:24.773+0000] {dag.py:3722} INFO - Setting next_dagrun for example_branch_dop_operator_v3 to 2023-11-08T22:13:00+00:00, run_after=2023-11-08T22:14:00+00:00
[2023-11-08T22:14:24.782+0000] {processor.py:179} INFO - Processing /home/airflow/.local/lib/python3.8/site-packages/airflow/example_dags/example_branch_python_dop_operator_3.py took 0.064 seconds
[2023-11-08T22:14:55.339+0000] {processor.py:157} INFO - Started process (PID=391) to work on /home/airflow/.local/lib/python3.8/site-packages/airflow/example_dags/example_branch_python_dop_operator_3.py
[2023-11-08T22:14:55.343+0000] {processor.py:829} INFO - Processing file /home/airflow/.local/lib/python3.8/site-packages/airflow/example_dags/example_branch_python_dop_operator_3.py for tasks to queue
[2023-11-08T22:14:55.345+0000] {logging_mixin.py:154} INFO - [2023-11-08T22:14:55.345+0000] {dagbag.py:536} INFO - Filling up the DagBag from /home/airflow/.local/lib/python3.8/site-packages/airflow/example_dags/example_branch_python_dop_operator_3.py
[2023-11-08T22:14:55.352+0000] {processor.py:839} INFO - DAG(s) dict_keys(['example_branch_dop_operator_v3']) retrieved from /home/airflow/.local/lib/python3.8/site-packages/airflow/example_dags/example_branch_python_dop_operator_3.py
[2023-11-08T22:14:55.363+0000] {logging_mixin.py:154} INFO - [2023-11-08T22:14:55.363+0000] {dag.py:2941} INFO - Sync 1 DAGs
[2023-11-08T22:14:55.380+0000] {logging_mixin.py:154} INFO - [2023-11-08T22:14:55.380+0000] {dag.py:3722} INFO - Setting next_dagrun for example_branch_dop_operator_v3 to 2023-11-08T22:13:00+00:00, run_after=2023-11-08T22:14:00+00:00
[2023-11-08T22:14:55.391+0000] {processor.py:179} INFO - Processing /home/airflow/.local/lib/python3.8/site-packages/airflow/example_dags/example_branch_python_dop_operator_3.py took 0.053 seconds
[2023-11-08T22:15:26.081+0000] {processor.py:157} INFO - Started process (PID=446) to work on /home/airflow/.local/lib/python3.8/site-packages/airflow/example_dags/example_branch_python_dop_operator_3.py
[2023-11-08T22:15:26.085+0000] {processor.py:829} INFO - Processing file /home/airflow/.local/lib/python3.8/site-packages/airflow/example_dags/example_branch_python_dop_operator_3.py for tasks to queue
[2023-11-08T22:15:26.087+0000] {logging_mixin.py:154} INFO - [2023-11-08T22:15:26.087+0000] {dagbag.py:536} INFO - Filling up the DagBag from /home/airflow/.local/lib/python3.8/site-packages/airflow/example_dags/example_branch_python_dop_operator_3.py
[2023-11-08T22:15:26.096+0000] {processor.py:839} INFO - DAG(s) dict_keys(['example_branch_dop_operator_v3']) retrieved from /home/airflow/.local/lib/python3.8/site-packages/airflow/example_dags/example_branch_python_dop_operator_3.py
[2023-11-08T22:15:26.109+0000] {logging_mixin.py:154} INFO - [2023-11-08T22:15:26.109+0000] {dag.py:2941} INFO - Sync 1 DAGs
[2023-11-08T22:15:26.125+0000] {logging_mixin.py:154} INFO - [2023-11-08T22:15:26.125+0000] {dag.py:3722} INFO - Setting next_dagrun for example_branch_dop_operator_v3 to 2023-11-08T22:14:00+00:00, run_after=2023-11-08T22:15:00+00:00
[2023-11-08T22:15:26.136+0000] {processor.py:179} INFO - Processing /home/airflow/.local/lib/python3.8/site-packages/airflow/example_dags/example_branch_python_dop_operator_3.py took 0.057 seconds
[2023-11-08T22:15:56.692+0000] {processor.py:157} INFO - Started process (PID=500) to work on /home/airflow/.local/lib/python3.8/site-packages/airflow/example_dags/example_branch_python_dop_operator_3.py
[2023-11-08T22:15:56.695+0000] {processor.py:829} INFO - Processing file /home/airflow/.local/lib/python3.8/site-packages/airflow/example_dags/example_branch_python_dop_operator_3.py for tasks to queue
[2023-11-08T22:15:56.696+0000] {logging_mixin.py:154} INFO - [2023-11-08T22:15:56.696+0000] {dagbag.py:536} INFO - Filling up the DagBag from /home/airflow/.local/lib/python3.8/site-packages/airflow/example_dags/example_branch_python_dop_operator_3.py
[2023-11-08T22:15:56.701+0000] {processor.py:839} INFO - DAG(s) dict_keys(['example_branch_dop_operator_v3']) retrieved from /home/airflow/.local/lib/python3.8/site-packages/airflow/example_dags/example_branch_python_dop_operator_3.py
[2023-11-08T22:15:56.713+0000] {logging_mixin.py:154} INFO - [2023-11-08T22:15:56.712+0000] {dag.py:2941} INFO - Sync 1 DAGs
[2023-11-08T22:15:56.728+0000] {logging_mixin.py:154} INFO - [2023-11-08T22:15:56.728+0000] {dag.py:3722} INFO - Setting next_dagrun for example_branch_dop_operator_v3 to 2023-11-08T22:14:00+00:00, run_after=2023-11-08T22:15:00+00:00
[2023-11-08T22:15:56.738+0000] {processor.py:179} INFO - Processing /home/airflow/.local/lib/python3.8/site-packages/airflow/example_dags/example_branch_python_dop_operator_3.py took 0.049 seconds
[2023-11-08T22:16:27.305+0000] {processor.py:157} INFO - Started process (PID=553) to work on /home/airflow/.local/lib/python3.8/site-packages/airflow/example_dags/example_branch_python_dop_operator_3.py
[2023-11-08T22:16:27.306+0000] {processor.py:829} INFO - Processing file /home/airflow/.local/lib/python3.8/site-packages/airflow/example_dags/example_branch_python_dop_operator_3.py for tasks to queue
[2023-11-08T22:16:27.307+0000] {logging_mixin.py:154} INFO - [2023-11-08T22:16:27.307+0000] {dagbag.py:536} INFO - Filling up the DagBag from /home/airflow/.local/lib/python3.8/site-packages/airflow/example_dags/example_branch_python_dop_operator_3.py
[2023-11-08T22:16:27.312+0000] {processor.py:839} INFO - DAG(s) dict_keys(['example_branch_dop_operator_v3']) retrieved from /home/airflow/.local/lib/python3.8/site-packages/airflow/example_dags/example_branch_python_dop_operator_3.py
[2023-11-08T22:16:27.324+0000] {logging_mixin.py:154} INFO - [2023-11-08T22:16:27.324+0000] {dag.py:2941} INFO - Sync 1 DAGs
[2023-11-08T22:16:27.341+0000] {logging_mixin.py:154} INFO - [2023-11-08T22:16:27.341+0000] {dag.py:3722} INFO - Setting next_dagrun for example_branch_dop_operator_v3 to 2023-11-08T22:15:00+00:00, run_after=2023-11-08T22:16:00+00:00
[2023-11-08T22:16:27.352+0000] {processor.py:179} INFO - Processing /home/airflow/.local/lib/python3.8/site-packages/airflow/example_dags/example_branch_python_dop_operator_3.py took 0.048 seconds
[2023-11-08T22:16:57.962+0000] {processor.py:157} INFO - Started process (PID=607) to work on /home/airflow/.local/lib/python3.8/site-packages/airflow/example_dags/example_branch_python_dop_operator_3.py
[2023-11-08T22:16:57.966+0000] {processor.py:829} INFO - Processing file /home/airflow/.local/lib/python3.8/site-packages/airflow/example_dags/example_branch_python_dop_operator_3.py for tasks to queue
[2023-11-08T22:16:57.969+0000] {logging_mixin.py:154} INFO - [2023-11-08T22:16:57.969+0000] {dagbag.py:536} INFO - Filling up the DagBag from /home/airflow/.local/lib/python3.8/site-packages/airflow/example_dags/example_branch_python_dop_operator_3.py
[2023-11-08T22:16:57.978+0000] {processor.py:839} INFO - DAG(s) dict_keys(['example_branch_dop_operator_v3']) retrieved from /home/airflow/.local/lib/python3.8/site-packages/airflow/example_dags/example_branch_python_dop_operator_3.py
[2023-11-08T22:16:57.990+0000] {logging_mixin.py:154} INFO - [2023-11-08T22:16:57.990+0000] {dag.py:2941} INFO - Sync 1 DAGs
[2023-11-08T22:16:58.007+0000] {logging_mixin.py:154} INFO - [2023-11-08T22:16:58.007+0000] {dag.py:3722} INFO - Setting next_dagrun for example_branch_dop_operator_v3 to 2023-11-08T22:15:00+00:00, run_after=2023-11-08T22:16:00+00:00
[2023-11-08T22:16:58.017+0000] {processor.py:179} INFO - Processing /home/airflow/.local/lib/python3.8/site-packages/airflow/example_dags/example_branch_python_dop_operator_3.py took 0.058 seconds
[2023-11-08T22:17:28.698+0000] {processor.py:157} INFO - Started process (PID=662) to work on /home/airflow/.local/lib/python3.8/site-packages/airflow/example_dags/example_branch_python_dop_operator_3.py
[2023-11-08T22:17:28.698+0000] {processor.py:829} INFO - Processing file /home/airflow/.local/lib/python3.8/site-packages/airflow/example_dags/example_branch_python_dop_operator_3.py for tasks to queue
[2023-11-08T22:17:28.700+0000] {logging_mixin.py:154} INFO - [2023-11-08T22:17:28.699+0000] {dagbag.py:536} INFO - Filling up the DagBag from /home/airflow/.local/lib/python3.8/site-packages/airflow/example_dags/example_branch_python_dop_operator_3.py
[2023-11-08T22:17:28.705+0000] {processor.py:839} INFO - DAG(s) dict_keys(['example_branch_dop_operator_v3']) retrieved from /home/airflow/.local/lib/python3.8/site-packages/airflow/example_dags/example_branch_python_dop_operator_3.py
[2023-11-08T22:17:28.717+0000] {logging_mixin.py:154} INFO - [2023-11-08T22:17:28.717+0000] {dag.py:2941} INFO - Sync 1 DAGs
[2023-11-08T22:17:28.733+0000] {logging_mixin.py:154} INFO - [2023-11-08T22:17:28.733+0000] {dag.py:3722} INFO - Setting next_dagrun for example_branch_dop_operator_v3 to 2023-11-08T22:16:00+00:00, run_after=2023-11-08T22:17:00+00:00
[2023-11-08T22:17:28.743+0000] {processor.py:179} INFO - Processing /home/airflow/.local/lib/python3.8/site-packages/airflow/example_dags/example_branch_python_dop_operator_3.py took 0.048 seconds
[2023-11-08T22:17:59.358+0000] {processor.py:157} INFO - Started process (PID=716) to work on /home/airflow/.local/lib/python3.8/site-packages/airflow/example_dags/example_branch_python_dop_operator_3.py
[2023-11-08T22:17:59.359+0000] {processor.py:829} INFO - Processing file /home/airflow/.local/lib/python3.8/site-packages/airflow/example_dags/example_branch_python_dop_operator_3.py for tasks to queue
[2023-11-08T22:17:59.361+0000] {logging_mixin.py:154} INFO - [2023-11-08T22:17:59.361+0000] {dagbag.py:536} INFO - Filling up the DagBag from /home/airflow/.local/lib/python3.8/site-packages/airflow/example_dags/example_branch_python_dop_operator_3.py
[2023-11-08T22:17:59.368+0000] {processor.py:839} INFO - DAG(s) dict_keys(['example_branch_dop_operator_v3']) retrieved from /home/airflow/.local/lib/python3.8/site-packages/airflow/example_dags/example_branch_python_dop_operator_3.py
[2023-11-08T22:17:59.380+0000] {logging_mixin.py:154} INFO - [2023-11-08T22:17:59.379+0000] {dag.py:2941} INFO - Sync 1 DAGs
[2023-11-08T22:17:59.395+0000] {logging_mixin.py:154} INFO - [2023-11-08T22:17:59.395+0000] {dag.py:3722} INFO - Setting next_dagrun for example_branch_dop_operator_v3 to 2023-11-08T22:16:00+00:00, run_after=2023-11-08T22:17:00+00:00
[2023-11-08T22:17:59.405+0000] {processor.py:179} INFO - Processing /home/airflow/.local/lib/python3.8/site-packages/airflow/example_dags/example_branch_python_dop_operator_3.py took 0.050 seconds
[2023-11-08T22:18:30.147+0000] {processor.py:157} INFO - Started process (PID=771) to work on /home/airflow/.local/lib/python3.8/site-packages/airflow/example_dags/example_branch_python_dop_operator_3.py
[2023-11-08T22:18:30.148+0000] {processor.py:829} INFO - Processing file /home/airflow/.local/lib/python3.8/site-packages/airflow/example_dags/example_branch_python_dop_operator_3.py for tasks to queue
[2023-11-08T22:18:30.149+0000] {logging_mixin.py:154} INFO - [2023-11-08T22:18:30.149+0000] {dagbag.py:536} INFO - Filling up the DagBag from /home/airflow/.local/lib/python3.8/site-packages/airflow/example_dags/example_branch_python_dop_operator_3.py
[2023-11-08T22:18:30.155+0000] {processor.py:839} INFO - DAG(s) dict_keys(['example_branch_dop_operator_v3']) retrieved from /home/airflow/.local/lib/python3.8/site-packages/airflow/example_dags/example_branch_python_dop_operator_3.py
[2023-11-08T22:18:30.169+0000] {logging_mixin.py:154} INFO - [2023-11-08T22:18:30.169+0000] {dag.py:2941} INFO - Sync 1 DAGs
[2023-11-08T22:18:30.187+0000] {logging_mixin.py:154} INFO - [2023-11-08T22:18:30.186+0000] {dag.py:3722} INFO - Setting next_dagrun for example_branch_dop_operator_v3 to 2023-11-08T22:17:00+00:00, run_after=2023-11-08T22:18:00+00:00
[2023-11-08T22:18:30.198+0000] {processor.py:179} INFO - Processing /home/airflow/.local/lib/python3.8/site-packages/airflow/example_dags/example_branch_python_dop_operator_3.py took 0.053 seconds
[2023-11-08T22:19:00.226+0000] {processor.py:157} INFO - Started process (PID=825) to work on /home/airflow/.local/lib/python3.8/site-packages/airflow/example_dags/example_branch_python_dop_operator_3.py
[2023-11-08T22:19:00.227+0000] {processor.py:829} INFO - Processing file /home/airflow/.local/lib/python3.8/site-packages/airflow/example_dags/example_branch_python_dop_operator_3.py for tasks to queue
[2023-11-08T22:19:00.228+0000] {logging_mixin.py:154} INFO - [2023-11-08T22:19:00.228+0000] {dagbag.py:536} INFO - Filling up the DagBag from /home/airflow/.local/lib/python3.8/site-packages/airflow/example_dags/example_branch_python_dop_operator_3.py
[2023-11-08T22:19:00.233+0000] {processor.py:839} INFO - DAG(s) dict_keys(['example_branch_dop_operator_v3']) retrieved from /home/airflow/.local/lib/python3.8/site-packages/airflow/example_dags/example_branch_python_dop_operator_3.py
[2023-11-08T22:19:00.245+0000] {logging_mixin.py:154} INFO - [2023-11-08T22:19:00.245+0000] {dag.py:2941} INFO - Sync 1 DAGs
[2023-11-08T22:19:00.262+0000] {logging_mixin.py:154} INFO - [2023-11-08T22:19:00.262+0000] {dag.py:3722} INFO - Setting next_dagrun for example_branch_dop_operator_v3 to 2023-11-08T22:18:00+00:00, run_after=2023-11-08T22:19:00+00:00
[2023-11-08T22:19:00.274+0000] {processor.py:179} INFO - Processing /home/airflow/.local/lib/python3.8/site-packages/airflow/example_dags/example_branch_python_dop_operator_3.py took 0.049 seconds
[2023-11-08T22:19:30.372+0000] {processor.py:157} INFO - Started process (PID=879) to work on /home/airflow/.local/lib/python3.8/site-packages/airflow/example_dags/example_branch_python_dop_operator_3.py
[2023-11-08T22:19:30.373+0000] {processor.py:829} INFO - Processing file /home/airflow/.local/lib/python3.8/site-packages/airflow/example_dags/example_branch_python_dop_operator_3.py for tasks to queue
[2023-11-08T22:19:30.374+0000] {logging_mixin.py:154} INFO - [2023-11-08T22:19:30.374+0000] {dagbag.py:536} INFO - Filling up the DagBag from /home/airflow/.local/lib/python3.8/site-packages/airflow/example_dags/example_branch_python_dop_operator_3.py
[2023-11-08T22:19:30.379+0000] {processor.py:839} INFO - DAG(s) dict_keys(['example_branch_dop_operator_v3']) retrieved from /home/airflow/.local/lib/python3.8/site-packages/airflow/example_dags/example_branch_python_dop_operator_3.py
[2023-11-08T22:19:30.393+0000] {logging_mixin.py:154} INFO - [2023-11-08T22:19:30.393+0000] {dag.py:2941} INFO - Sync 1 DAGs
[2023-11-08T22:19:30.414+0000] {logging_mixin.py:154} INFO - [2023-11-08T22:19:30.414+0000] {dag.py:3722} INFO - Setting next_dagrun for example_branch_dop_operator_v3 to 2023-11-08T22:18:00+00:00, run_after=2023-11-08T22:19:00+00:00
[2023-11-08T22:19:30.425+0000] {processor.py:179} INFO - Processing /home/airflow/.local/lib/python3.8/site-packages/airflow/example_dags/example_branch_python_dop_operator_3.py took 0.055 seconds
[2023-11-08T22:20:00.611+0000] {processor.py:157} INFO - Started process (PID=933) to work on /home/airflow/.local/lib/python3.8/site-packages/airflow/example_dags/example_branch_python_dop_operator_3.py
[2023-11-08T22:20:00.612+0000] {processor.py:829} INFO - Processing file /home/airflow/.local/lib/python3.8/site-packages/airflow/example_dags/example_branch_python_dop_operator_3.py for tasks to queue
[2023-11-08T22:20:00.613+0000] {logging_mixin.py:154} INFO - [2023-11-08T22:20:00.613+0000] {dagbag.py:536} INFO - Filling up the DagBag from /home/airflow/.local/lib/python3.8/site-packages/airflow/example_dags/example_branch_python_dop_operator_3.py
[2023-11-08T22:20:00.618+0000] {processor.py:839} INFO - DAG(s) dict_keys(['example_branch_dop_operator_v3']) retrieved from /home/airflow/.local/lib/python3.8/site-packages/airflow/example_dags/example_branch_python_dop_operator_3.py
[2023-11-08T22:20:00.629+0000] {logging_mixin.py:154} INFO - [2023-11-08T22:20:00.629+0000] {dag.py:2941} INFO - Sync 1 DAGs
[2023-11-08T22:20:00.646+0000] {logging_mixin.py:154} INFO - [2023-11-08T22:20:00.646+0000] {dag.py:3722} INFO - Setting next_dagrun for example_branch_dop_operator_v3 to 2023-11-08T22:19:00+00:00, run_after=2023-11-08T22:20:00+00:00
[2023-11-08T22:20:00.657+0000] {processor.py:179} INFO - Processing /home/airflow/.local/lib/python3.8/site-packages/airflow/example_dags/example_branch_python_dop_operator_3.py took 0.048 seconds
[2023-11-08T22:20:31.417+0000] {processor.py:157} INFO - Started process (PID=987) to work on /home/airflow/.local/lib/python3.8/site-packages/airflow/example_dags/example_branch_python_dop_operator_3.py
[2023-11-08T22:20:31.418+0000] {processor.py:829} INFO - Processing file /home/airflow/.local/lib/python3.8/site-packages/airflow/example_dags/example_branch_python_dop_operator_3.py for tasks to queue
[2023-11-08T22:20:31.419+0000] {logging_mixin.py:154} INFO - [2023-11-08T22:20:31.419+0000] {dagbag.py:536} INFO - Filling up the DagBag from /home/airflow/.local/lib/python3.8/site-packages/airflow/example_dags/example_branch_python_dop_operator_3.py
[2023-11-08T22:20:31.424+0000] {processor.py:839} INFO - DAG(s) dict_keys(['example_branch_dop_operator_v3']) retrieved from /home/airflow/.local/lib/python3.8/site-packages/airflow/example_dags/example_branch_python_dop_operator_3.py
[2023-11-08T22:20:31.437+0000] {logging_mixin.py:154} INFO - [2023-11-08T22:20:31.437+0000] {dag.py:2941} INFO - Sync 1 DAGs
[2023-11-08T22:20:31.453+0000] {logging_mixin.py:154} INFO - [2023-11-08T22:20:31.453+0000] {dag.py:3722} INFO - Setting next_dagrun for example_branch_dop_operator_v3 to 2023-11-08T22:19:00+00:00, run_after=2023-11-08T22:20:00+00:00
[2023-11-08T22:20:31.464+0000] {processor.py:179} INFO - Processing /home/airflow/.local/lib/python3.8/site-packages/airflow/example_dags/example_branch_python_dop_operator_3.py took 0.048 seconds
[2023-11-08T22:21:01.755+0000] {processor.py:157} INFO - Started process (PID=1041) to work on /home/airflow/.local/lib/python3.8/site-packages/airflow/example_dags/example_branch_python_dop_operator_3.py
[2023-11-08T22:21:01.756+0000] {processor.py:829} INFO - Processing file /home/airflow/.local/lib/python3.8/site-packages/airflow/example_dags/example_branch_python_dop_operator_3.py for tasks to queue
[2023-11-08T22:21:01.757+0000] {logging_mixin.py:154} INFO - [2023-11-08T22:21:01.757+0000] {dagbag.py:536} INFO - Filling up the DagBag from /home/airflow/.local/lib/python3.8/site-packages/airflow/example_dags/example_branch_python_dop_operator_3.py
[2023-11-08T22:21:01.763+0000] {processor.py:839} INFO - DAG(s) dict_keys(['example_branch_dop_operator_v3']) retrieved from /home/airflow/.local/lib/python3.8/site-packages/airflow/example_dags/example_branch_python_dop_operator_3.py
[2023-11-08T22:21:01.777+0000] {logging_mixin.py:154} INFO - [2023-11-08T22:21:01.777+0000] {dag.py:2941} INFO - Sync 1 DAGs
[2023-11-08T22:21:01.794+0000] {logging_mixin.py:154} INFO - [2023-11-08T22:21:01.793+0000] {dag.py:3722} INFO - Setting next_dagrun for example_branch_dop_operator_v3 to 2023-11-08T22:20:00+00:00, run_after=2023-11-08T22:21:00+00:00
[2023-11-08T22:21:01.805+0000] {processor.py:179} INFO - Processing /home/airflow/.local/lib/python3.8/site-packages/airflow/example_dags/example_branch_python_dop_operator_3.py took 0.052 seconds
[2023-11-08T22:21:32.712+0000] {processor.py:157} INFO - Started process (PID=1094) to work on /home/airflow/.local/lib/python3.8/site-packages/airflow/example_dags/example_branch_python_dop_operator_3.py
[2023-11-08T22:21:32.713+0000] {processor.py:829} INFO - Processing file /home/airflow/.local/lib/python3.8/site-packages/airflow/example_dags/example_branch_python_dop_operator_3.py for tasks to queue
[2023-11-08T22:21:32.714+0000] {logging_mixin.py:154} INFO - [2023-11-08T22:21:32.714+0000] {dagbag.py:536} INFO - Filling up the DagBag from /home/airflow/.local/lib/python3.8/site-packages/airflow/example_dags/example_branch_python_dop_operator_3.py
[2023-11-08T22:21:32.720+0000] {processor.py:839} INFO - DAG(s) dict_keys(['example_branch_dop_operator_v3']) retrieved from /home/airflow/.local/lib/python3.8/site-packages/airflow/example_dags/example_branch_python_dop_operator_3.py
[2023-11-08T22:21:32.733+0000] {logging_mixin.py:154} INFO - [2023-11-08T22:21:32.733+0000] {dag.py:2941} INFO - Sync 1 DAGs
[2023-11-08T22:21:32.750+0000] {logging_mixin.py:154} INFO - [2023-11-08T22:21:32.750+0000] {dag.py:3722} INFO - Setting next_dagrun for example_branch_dop_operator_v3 to 2023-11-08T22:20:00+00:00, run_after=2023-11-08T22:21:00+00:00
[2023-11-08T22:21:32.760+0000] {processor.py:179} INFO - Processing /home/airflow/.local/lib/python3.8/site-packages/airflow/example_dags/example_branch_python_dop_operator_3.py took 0.051 seconds
[2023-11-08T22:22:03.565+0000] {processor.py:157} INFO - Started process (PID=1148) to work on /home/airflow/.local/lib/python3.8/site-packages/airflow/example_dags/example_branch_python_dop_operator_3.py
[2023-11-08T22:22:03.566+0000] {processor.py:829} INFO - Processing file /home/airflow/.local/lib/python3.8/site-packages/airflow/example_dags/example_branch_python_dop_operator_3.py for tasks to queue
[2023-11-08T22:22:03.567+0000] {logging_mixin.py:154} INFO - [2023-11-08T22:22:03.567+0000] {dagbag.py:536} INFO - Filling up the DagBag from /home/airflow/.local/lib/python3.8/site-packages/airflow/example_dags/example_branch_python_dop_operator_3.py
[2023-11-08T22:22:03.572+0000] {processor.py:839} INFO - DAG(s) dict_keys(['example_branch_dop_operator_v3']) retrieved from /home/airflow/.local/lib/python3.8/site-packages/airflow/example_dags/example_branch_python_dop_operator_3.py
[2023-11-08T22:22:03.584+0000] {logging_mixin.py:154} INFO - [2023-11-08T22:22:03.584+0000] {dag.py:2941} INFO - Sync 1 DAGs
[2023-11-08T22:22:03.693+0000] {logging_mixin.py:154} INFO - [2023-11-08T22:22:03.693+0000] {dag.py:3722} INFO - Setting next_dagrun for example_branch_dop_operator_v3 to 2023-11-08T22:21:00+00:00, run_after=2023-11-08T22:22:00+00:00
[2023-11-08T22:22:03.712+0000] {processor.py:179} INFO - Processing /home/airflow/.local/lib/python3.8/site-packages/airflow/example_dags/example_branch_python_dop_operator_3.py took 0.149 seconds
[2023-11-08T22:22:33.831+0000] {processor.py:157} INFO - Started process (PID=1201) to work on /home/airflow/.local/lib/python3.8/site-packages/airflow/example_dags/example_branch_python_dop_operator_3.py
[2023-11-08T22:22:33.831+0000] {processor.py:829} INFO - Processing file /home/airflow/.local/lib/python3.8/site-packages/airflow/example_dags/example_branch_python_dop_operator_3.py for tasks to queue
[2023-11-08T22:22:33.833+0000] {logging_mixin.py:154} INFO - [2023-11-08T22:22:33.833+0000] {dagbag.py:536} INFO - Filling up the DagBag from /home/airflow/.local/lib/python3.8/site-packages/airflow/example_dags/example_branch_python_dop_operator_3.py
[2023-11-08T22:22:33.837+0000] {processor.py:839} INFO - DAG(s) dict_keys(['example_branch_dop_operator_v3']) retrieved from /home/airflow/.local/lib/python3.8/site-packages/airflow/example_dags/example_branch_python_dop_operator_3.py
[2023-11-08T22:22:33.849+0000] {logging_mixin.py:154} INFO - [2023-11-08T22:22:33.849+0000] {dag.py:2941} INFO - Sync 1 DAGs
[2023-11-08T22:22:33.865+0000] {logging_mixin.py:154} INFO - [2023-11-08T22:22:33.865+0000] {dag.py:3722} INFO - Setting next_dagrun for example_branch_dop_operator_v3 to 2023-11-08T22:21:00+00:00, run_after=2023-11-08T22:22:00+00:00
[2023-11-08T22:22:33.875+0000] {processor.py:179} INFO - Processing /home/airflow/.local/lib/python3.8/site-packages/airflow/example_dags/example_branch_python_dop_operator_3.py took 0.046 seconds
[2023-11-08T22:23:04.515+0000] {processor.py:157} INFO - Started process (PID=1254) to work on /home/airflow/.local/lib/python3.8/site-packages/airflow/example_dags/example_branch_python_dop_operator_3.py
[2023-11-08T22:23:04.516+0000] {processor.py:829} INFO - Processing file /home/airflow/.local/lib/python3.8/site-packages/airflow/example_dags/example_branch_python_dop_operator_3.py for tasks to queue
[2023-11-08T22:23:04.517+0000] {logging_mixin.py:154} INFO - [2023-11-08T22:23:04.517+0000] {dagbag.py:536} INFO - Filling up the DagBag from /home/airflow/.local/lib/python3.8/site-packages/airflow/example_dags/example_branch_python_dop_operator_3.py
[2023-11-08T22:23:04.522+0000] {processor.py:839} INFO - DAG(s) dict_keys(['example_branch_dop_operator_v3']) retrieved from /home/airflow/.local/lib/python3.8/site-packages/airflow/example_dags/example_branch_python_dop_operator_3.py
[2023-11-08T22:23:04.533+0000] {logging_mixin.py:154} INFO - [2023-11-08T22:23:04.533+0000] {dag.py:2941} INFO - Sync 1 DAGs
[2023-11-08T22:23:04.549+0000] {logging_mixin.py:154} INFO - [2023-11-08T22:23:04.549+0000] {dag.py:3722} INFO - Setting next_dagrun for example_branch_dop_operator_v3 to 2023-11-08T22:22:00+00:00, run_after=2023-11-08T22:23:00+00:00
[2023-11-08T22:23:04.559+0000] {processor.py:179} INFO - Processing /home/airflow/.local/lib/python3.8/site-packages/airflow/example_dags/example_branch_python_dop_operator_3.py took 0.046 seconds
[2023-11-08T22:23:35.565+0000] {processor.py:157} INFO - Started process (PID=1308) to work on /home/airflow/.local/lib/python3.8/site-packages/airflow/example_dags/example_branch_python_dop_operator_3.py
[2023-11-08T22:23:35.566+0000] {processor.py:829} INFO - Processing file /home/airflow/.local/lib/python3.8/site-packages/airflow/example_dags/example_branch_python_dop_operator_3.py for tasks to queue
[2023-11-08T22:23:35.567+0000] {logging_mixin.py:154} INFO - [2023-11-08T22:23:35.567+0000] {dagbag.py:536} INFO - Filling up the DagBag from /home/airflow/.local/lib/python3.8/site-packages/airflow/example_dags/example_branch_python_dop_operator_3.py
[2023-11-08T22:23:35.572+0000] {processor.py:839} INFO - DAG(s) dict_keys(['example_branch_dop_operator_v3']) retrieved from /home/airflow/.local/lib/python3.8/site-packages/airflow/example_dags/example_branch_python_dop_operator_3.py
[2023-11-08T22:23:35.584+0000] {logging_mixin.py:154} INFO - [2023-11-08T22:23:35.584+0000] {dag.py:2941} INFO - Sync 1 DAGs
[2023-11-08T22:23:35.695+0000] {logging_mixin.py:154} INFO - [2023-11-08T22:23:35.695+0000] {dag.py:3722} INFO - Setting next_dagrun for example_branch_dop_operator_v3 to 2023-11-08T22:22:00+00:00, run_after=2023-11-08T22:23:00+00:00
[2023-11-08T22:23:35.713+0000] {processor.py:179} INFO - Processing /home/airflow/.local/lib/python3.8/site-packages/airflow/example_dags/example_branch_python_dop_operator_3.py took 0.150 seconds
[2023-11-08T22:24:05.793+0000] {processor.py:157} INFO - Started process (PID=1362) to work on /home/airflow/.local/lib/python3.8/site-packages/airflow/example_dags/example_branch_python_dop_operator_3.py
[2023-11-08T22:24:05.793+0000] {processor.py:829} INFO - Processing file /home/airflow/.local/lib/python3.8/site-packages/airflow/example_dags/example_branch_python_dop_operator_3.py for tasks to queue
[2023-11-08T22:24:05.794+0000] {logging_mixin.py:154} INFO - [2023-11-08T22:24:05.794+0000] {dagbag.py:536} INFO - Filling up the DagBag from /home/airflow/.local/lib/python3.8/site-packages/airflow/example_dags/example_branch_python_dop_operator_3.py
[2023-11-08T22:24:05.799+0000] {processor.py:839} INFO - DAG(s) dict_keys(['example_branch_dop_operator_v3']) retrieved from /home/airflow/.local/lib/python3.8/site-packages/airflow/example_dags/example_branch_python_dop_operator_3.py
[2023-11-08T22:24:05.810+0000] {logging_mixin.py:154} INFO - [2023-11-08T22:24:05.810+0000] {dag.py:2941} INFO - Sync 1 DAGs
[2023-11-08T22:24:05.826+0000] {logging_mixin.py:154} INFO - [2023-11-08T22:24:05.826+0000] {dag.py:3722} INFO - Setting next_dagrun for example_branch_dop_operator_v3 to 2023-11-08T22:23:00+00:00, run_after=2023-11-08T22:24:00+00:00
[2023-11-08T22:24:05.837+0000] {processor.py:179} INFO - Processing /home/airflow/.local/lib/python3.8/site-packages/airflow/example_dags/example_branch_python_dop_operator_3.py took 0.046 seconds
[2023-11-08T22:24:37.115+0000] {processor.py:157} INFO - Started process (PID=1416) to work on /home/airflow/.local/lib/python3.8/site-packages/airflow/example_dags/example_branch_python_dop_operator_3.py
[2023-11-08T22:24:37.115+0000] {processor.py:829} INFO - Processing file /home/airflow/.local/lib/python3.8/site-packages/airflow/example_dags/example_branch_python_dop_operator_3.py for tasks to queue
[2023-11-08T22:24:37.117+0000] {logging_mixin.py:154} INFO - [2023-11-08T22:24:37.117+0000] {dagbag.py:536} INFO - Filling up the DagBag from /home/airflow/.local/lib/python3.8/site-packages/airflow/example_dags/example_branch_python_dop_operator_3.py
[2023-11-08T22:24:37.121+0000] {processor.py:839} INFO - DAG(s) dict_keys(['example_branch_dop_operator_v3']) retrieved from /home/airflow/.local/lib/python3.8/site-packages/airflow/example_dags/example_branch_python_dop_operator_3.py
[2023-11-08T22:24:37.225+0000] {logging_mixin.py:154} INFO - [2023-11-08T22:24:37.225+0000] {dag.py:2941} INFO - Sync 1 DAGs
[2023-11-08T22:24:37.239+0000] {logging_mixin.py:154} INFO - [2023-11-08T22:24:37.239+0000] {dag.py:3722} INFO - Setting next_dagrun for example_branch_dop_operator_v3 to 2023-11-08T22:23:00+00:00, run_after=2023-11-08T22:24:00+00:00
[2023-11-08T22:24:37.256+0000] {processor.py:179} INFO - Processing /home/airflow/.local/lib/python3.8/site-packages/airflow/example_dags/example_branch_python_dop_operator_3.py took 0.143 seconds
[2023-11-08T22:25:07.771+0000] {processor.py:157} INFO - Started process (PID=1470) to work on /home/airflow/.local/lib/python3.8/site-packages/airflow/example_dags/example_branch_python_dop_operator_3.py
[2023-11-08T22:25:07.772+0000] {processor.py:829} INFO - Processing file /home/airflow/.local/lib/python3.8/site-packages/airflow/example_dags/example_branch_python_dop_operator_3.py for tasks to queue
[2023-11-08T22:25:07.773+0000] {logging_mixin.py:154} INFO - [2023-11-08T22:25:07.773+0000] {dagbag.py:536} INFO - Filling up the DagBag from /home/airflow/.local/lib/python3.8/site-packages/airflow/example_dags/example_branch_python_dop_operator_3.py
[2023-11-08T22:25:07.778+0000] {processor.py:839} INFO - DAG(s) dict_keys(['example_branch_dop_operator_v3']) retrieved from /home/airflow/.local/lib/python3.8/site-packages/airflow/example_dags/example_branch_python_dop_operator_3.py
[2023-11-08T22:25:07.790+0000] {logging_mixin.py:154} INFO - [2023-11-08T22:25:07.790+0000] {dag.py:2941} INFO - Sync 1 DAGs
[2023-11-08T22:25:07.899+0000] {logging_mixin.py:154} INFO - [2023-11-08T22:25:07.898+0000] {dag.py:3722} INFO - Setting next_dagrun for example_branch_dop_operator_v3 to 2023-11-08T22:24:00+00:00, run_after=2023-11-08T22:25:00+00:00
[2023-11-08T22:25:07.918+0000] {processor.py:179} INFO - Processing /home/airflow/.local/lib/python3.8/site-packages/airflow/example_dags/example_branch_python_dop_operator_3.py took 0.148 seconds
[2023-11-08T22:25:38.830+0000] {processor.py:157} INFO - Started process (PID=1524) to work on /home/airflow/.local/lib/python3.8/site-packages/airflow/example_dags/example_branch_python_dop_operator_3.py
[2023-11-08T22:25:38.838+0000] {processor.py:829} INFO - Processing file /home/airflow/.local/lib/python3.8/site-packages/airflow/example_dags/example_branch_python_dop_operator_3.py for tasks to queue
[2023-11-08T22:25:38.841+0000] {logging_mixin.py:154} INFO - [2023-11-08T22:25:38.841+0000] {dagbag.py:536} INFO - Filling up the DagBag from /home/airflow/.local/lib/python3.8/site-packages/airflow/example_dags/example_branch_python_dop_operator_3.py
[2023-11-08T22:25:38.850+0000] {processor.py:839} INFO - DAG(s) dict_keys(['example_branch_dop_operator_v3']) retrieved from /home/airflow/.local/lib/python3.8/site-packages/airflow/example_dags/example_branch_python_dop_operator_3.py
[2023-11-08T22:25:38.862+0000] {logging_mixin.py:154} INFO - [2023-11-08T22:25:38.862+0000] {dag.py:2941} INFO - Sync 1 DAGs
[2023-11-08T22:25:38.877+0000] {logging_mixin.py:154} INFO - [2023-11-08T22:25:38.877+0000] {dag.py:3722} INFO - Setting next_dagrun for example_branch_dop_operator_v3 to 2023-11-08T22:24:00+00:00, run_after=2023-11-08T22:25:00+00:00
[2023-11-08T22:25:38.895+0000] {processor.py:179} INFO - Processing /home/airflow/.local/lib/python3.8/site-packages/airflow/example_dags/example_branch_python_dop_operator_3.py took 0.068 seconds
[2023-11-08T22:26:09.450+0000] {processor.py:157} INFO - Started process (PID=1578) to work on /home/airflow/.local/lib/python3.8/site-packages/airflow/example_dags/example_branch_python_dop_operator_3.py
[2023-11-08T22:26:09.451+0000] {processor.py:829} INFO - Processing file /home/airflow/.local/lib/python3.8/site-packages/airflow/example_dags/example_branch_python_dop_operator_3.py for tasks to queue
[2023-11-08T22:26:09.453+0000] {logging_mixin.py:154} INFO - [2023-11-08T22:26:09.453+0000] {dagbag.py:536} INFO - Filling up the DagBag from /home/airflow/.local/lib/python3.8/site-packages/airflow/example_dags/example_branch_python_dop_operator_3.py
[2023-11-08T22:26:09.460+0000] {processor.py:839} INFO - DAG(s) dict_keys(['example_branch_dop_operator_v3']) retrieved from /home/airflow/.local/lib/python3.8/site-packages/airflow/example_dags/example_branch_python_dop_operator_3.py
[2023-11-08T22:26:09.473+0000] {logging_mixin.py:154} INFO - [2023-11-08T22:26:09.473+0000] {dag.py:2941} INFO - Sync 1 DAGs
[2023-11-08T22:26:09.488+0000] {logging_mixin.py:154} INFO - [2023-11-08T22:26:09.488+0000] {dag.py:3722} INFO - Setting next_dagrun for example_branch_dop_operator_v3 to 2023-11-08T22:25:00+00:00, run_after=2023-11-08T22:26:00+00:00
[2023-11-08T22:26:09.499+0000] {processor.py:179} INFO - Processing /home/airflow/.local/lib/python3.8/site-packages/airflow/example_dags/example_branch_python_dop_operator_3.py took 0.052 seconds
[2023-11-08T22:26:40.073+0000] {processor.py:157} INFO - Started process (PID=1632) to work on /home/airflow/.local/lib/python3.8/site-packages/airflow/example_dags/example_branch_python_dop_operator_3.py
[2023-11-08T22:26:40.082+0000] {processor.py:829} INFO - Processing file /home/airflow/.local/lib/python3.8/site-packages/airflow/example_dags/example_branch_python_dop_operator_3.py for tasks to queue
[2023-11-08T22:26:40.086+0000] {logging_mixin.py:154} INFO - [2023-11-08T22:26:40.085+0000] {dagbag.py:536} INFO - Filling up the DagBag from /home/airflow/.local/lib/python3.8/site-packages/airflow/example_dags/example_branch_python_dop_operator_3.py
[2023-11-08T22:26:40.095+0000] {processor.py:839} INFO - DAG(s) dict_keys(['example_branch_dop_operator_v3']) retrieved from /home/airflow/.local/lib/python3.8/site-packages/airflow/example_dags/example_branch_python_dop_operator_3.py
[2023-11-08T22:26:40.107+0000] {logging_mixin.py:154} INFO - [2023-11-08T22:26:40.107+0000] {dag.py:2941} INFO - Sync 1 DAGs
[2023-11-08T22:26:40.123+0000] {logging_mixin.py:154} INFO - [2023-11-08T22:26:40.123+0000] {dag.py:3722} INFO - Setting next_dagrun for example_branch_dop_operator_v3 to 2023-11-08T22:25:00+00:00, run_after=2023-11-08T22:26:00+00:00
[2023-11-08T22:26:40.141+0000] {processor.py:179} INFO - Processing /home/airflow/.local/lib/python3.8/site-packages/airflow/example_dags/example_branch_python_dop_operator_3.py took 0.072 seconds
[2023-11-08T22:27:17.310+0000] {processor.py:157} INFO - Started process (PID=66) to work on /home/airflow/.local/lib/python3.8/site-packages/airflow/example_dags/example_branch_python_dop_operator_3.py
[2023-11-08T22:27:17.310+0000] {processor.py:829} INFO - Processing file /home/airflow/.local/lib/python3.8/site-packages/airflow/example_dags/example_branch_python_dop_operator_3.py for tasks to queue
[2023-11-08T22:27:17.311+0000] {logging_mixin.py:154} INFO - [2023-11-08T22:27:17.311+0000] {dagbag.py:536} INFO - Filling up the DagBag from /home/airflow/.local/lib/python3.8/site-packages/airflow/example_dags/example_branch_python_dop_operator_3.py
[2023-11-08T22:27:17.317+0000] {processor.py:839} INFO - DAG(s) dict_keys(['example_branch_dop_operator_v3']) retrieved from /home/airflow/.local/lib/python3.8/site-packages/airflow/example_dags/example_branch_python_dop_operator_3.py
[2023-11-08T22:27:17.324+0000] {logging_mixin.py:154} INFO - [2023-11-08T22:27:17.324+0000] {dag.py:2941} INFO - Sync 1 DAGs
[2023-11-08T22:27:17.344+0000] {logging_mixin.py:154} INFO - [2023-11-08T22:27:17.344+0000] {dag.py:3722} INFO - Setting next_dagrun for example_branch_dop_operator_v3 to 2023-11-08T22:26:00+00:00, run_after=2023-11-08T22:27:00+00:00
[2023-11-08T22:27:17.357+0000] {processor.py:179} INFO - Processing /home/airflow/.local/lib/python3.8/site-packages/airflow/example_dags/example_branch_python_dop_operator_3.py took 0.050 seconds
[2023-11-08T22:27:48.333+0000] {processor.py:157} INFO - Started process (PID=120) to work on /home/airflow/.local/lib/python3.8/site-packages/airflow/example_dags/example_branch_python_dop_operator_3.py
[2023-11-08T22:27:48.334+0000] {processor.py:829} INFO - Processing file /home/airflow/.local/lib/python3.8/site-packages/airflow/example_dags/example_branch_python_dop_operator_3.py for tasks to queue
[2023-11-08T22:27:48.335+0000] {logging_mixin.py:154} INFO - [2023-11-08T22:27:48.335+0000] {dagbag.py:536} INFO - Filling up the DagBag from /home/airflow/.local/lib/python3.8/site-packages/airflow/example_dags/example_branch_python_dop_operator_3.py
[2023-11-08T22:27:48.342+0000] {processor.py:839} INFO - DAG(s) dict_keys(['example_branch_dop_operator_v3']) retrieved from /home/airflow/.local/lib/python3.8/site-packages/airflow/example_dags/example_branch_python_dop_operator_3.py
[2023-11-08T22:27:48.359+0000] {logging_mixin.py:154} INFO - [2023-11-08T22:27:48.359+0000] {dag.py:2941} INFO - Sync 1 DAGs
[2023-11-08T22:27:48.382+0000] {logging_mixin.py:154} INFO - [2023-11-08T22:27:48.382+0000] {dag.py:3722} INFO - Setting next_dagrun for example_branch_dop_operator_v3 to 2023-11-08T22:26:00+00:00, run_after=2023-11-08T22:27:00+00:00
[2023-11-08T22:27:48.396+0000] {processor.py:179} INFO - Processing /home/airflow/.local/lib/python3.8/site-packages/airflow/example_dags/example_branch_python_dop_operator_3.py took 0.066 seconds
[2023-11-08T22:28:18.496+0000] {processor.py:157} INFO - Started process (PID=174) to work on /home/airflow/.local/lib/python3.8/site-packages/airflow/example_dags/example_branch_python_dop_operator_3.py
[2023-11-08T22:28:18.497+0000] {processor.py:829} INFO - Processing file /home/airflow/.local/lib/python3.8/site-packages/airflow/example_dags/example_branch_python_dop_operator_3.py for tasks to queue
[2023-11-08T22:28:18.498+0000] {logging_mixin.py:154} INFO - [2023-11-08T22:28:18.498+0000] {dagbag.py:536} INFO - Filling up the DagBag from /home/airflow/.local/lib/python3.8/site-packages/airflow/example_dags/example_branch_python_dop_operator_3.py
[2023-11-08T22:28:18.503+0000] {processor.py:839} INFO - DAG(s) dict_keys(['example_branch_dop_operator_v3']) retrieved from /home/airflow/.local/lib/python3.8/site-packages/airflow/example_dags/example_branch_python_dop_operator_3.py
[2023-11-08T22:28:18.515+0000] {logging_mixin.py:154} INFO - [2023-11-08T22:28:18.515+0000] {dag.py:2941} INFO - Sync 1 DAGs
[2023-11-08T22:28:18.531+0000] {logging_mixin.py:154} INFO - [2023-11-08T22:28:18.531+0000] {dag.py:3722} INFO - Setting next_dagrun for example_branch_dop_operator_v3 to 2023-11-08T22:27:00+00:00, run_after=2023-11-08T22:28:00+00:00
[2023-11-08T22:28:18.543+0000] {processor.py:179} INFO - Processing /home/airflow/.local/lib/python3.8/site-packages/airflow/example_dags/example_branch_python_dop_operator_3.py took 0.048 seconds
[2023-11-08T22:28:49.449+0000] {processor.py:157} INFO - Started process (PID=228) to work on /home/airflow/.local/lib/python3.8/site-packages/airflow/example_dags/example_branch_python_dop_operator_3.py
[2023-11-08T22:28:49.450+0000] {processor.py:829} INFO - Processing file /home/airflow/.local/lib/python3.8/site-packages/airflow/example_dags/example_branch_python_dop_operator_3.py for tasks to queue
[2023-11-08T22:28:49.452+0000] {logging_mixin.py:154} INFO - [2023-11-08T22:28:49.452+0000] {dagbag.py:536} INFO - Filling up the DagBag from /home/airflow/.local/lib/python3.8/site-packages/airflow/example_dags/example_branch_python_dop_operator_3.py
[2023-11-08T22:28:49.459+0000] {processor.py:839} INFO - DAG(s) dict_keys(['example_branch_dop_operator_v3']) retrieved from /home/airflow/.local/lib/python3.8/site-packages/airflow/example_dags/example_branch_python_dop_operator_3.py
[2023-11-08T22:28:49.472+0000] {logging_mixin.py:154} INFO - [2023-11-08T22:28:49.472+0000] {dag.py:2941} INFO - Sync 1 DAGs
[2023-11-08T22:28:49.488+0000] {logging_mixin.py:154} INFO - [2023-11-08T22:28:49.488+0000] {dag.py:3722} INFO - Setting next_dagrun for example_branch_dop_operator_v3 to 2023-11-08T22:27:00+00:00, run_after=2023-11-08T22:28:00+00:00
[2023-11-08T22:28:49.499+0000] {processor.py:179} INFO - Processing /home/airflow/.local/lib/python3.8/site-packages/airflow/example_dags/example_branch_python_dop_operator_3.py took 0.052 seconds
[2023-11-08T22:29:20.264+0000] {processor.py:157} INFO - Started process (PID=282) to work on /home/airflow/.local/lib/python3.8/site-packages/airflow/example_dags/example_branch_python_dop_operator_3.py
[2023-11-08T22:29:20.264+0000] {processor.py:829} INFO - Processing file /home/airflow/.local/lib/python3.8/site-packages/airflow/example_dags/example_branch_python_dop_operator_3.py for tasks to queue
[2023-11-08T22:29:20.266+0000] {logging_mixin.py:154} INFO - [2023-11-08T22:29:20.265+0000] {dagbag.py:536} INFO - Filling up the DagBag from /home/airflow/.local/lib/python3.8/site-packages/airflow/example_dags/example_branch_python_dop_operator_3.py
[2023-11-08T22:29:20.272+0000] {processor.py:839} INFO - DAG(s) dict_keys(['example_branch_dop_operator_v3']) retrieved from /home/airflow/.local/lib/python3.8/site-packages/airflow/example_dags/example_branch_python_dop_operator_3.py
[2023-11-08T22:29:20.289+0000] {logging_mixin.py:154} INFO - [2023-11-08T22:29:20.289+0000] {dag.py:2941} INFO - Sync 1 DAGs
[2023-11-08T22:29:20.313+0000] {logging_mixin.py:154} INFO - [2023-11-08T22:29:20.313+0000] {dag.py:3722} INFO - Setting next_dagrun for example_branch_dop_operator_v3 to 2023-11-08T22:28:00+00:00, run_after=2023-11-08T22:29:00+00:00
[2023-11-08T22:29:20.328+0000] {processor.py:179} INFO - Processing /home/airflow/.local/lib/python3.8/site-packages/airflow/example_dags/example_branch_python_dop_operator_3.py took 0.066 seconds
[2023-11-08T22:29:50.373+0000] {processor.py:157} INFO - Started process (PID=337) to work on /home/airflow/.local/lib/python3.8/site-packages/airflow/example_dags/example_branch_python_dop_operator_3.py
[2023-11-08T22:29:50.373+0000] {processor.py:829} INFO - Processing file /home/airflow/.local/lib/python3.8/site-packages/airflow/example_dags/example_branch_python_dop_operator_3.py for tasks to queue
[2023-11-08T22:29:50.374+0000] {logging_mixin.py:154} INFO - [2023-11-08T22:29:50.374+0000] {dagbag.py:536} INFO - Filling up the DagBag from /home/airflow/.local/lib/python3.8/site-packages/airflow/example_dags/example_branch_python_dop_operator_3.py
[2023-11-08T22:29:50.380+0000] {processor.py:839} INFO - DAG(s) dict_keys(['example_branch_dop_operator_v3']) retrieved from /home/airflow/.local/lib/python3.8/site-packages/airflow/example_dags/example_branch_python_dop_operator_3.py
[2023-11-08T22:29:50.395+0000] {logging_mixin.py:154} INFO - [2023-11-08T22:29:50.395+0000] {dag.py:2941} INFO - Sync 1 DAGs
[2023-11-08T22:29:50.418+0000] {logging_mixin.py:154} INFO - [2023-11-08T22:29:50.418+0000] {dag.py:3722} INFO - Setting next_dagrun for example_branch_dop_operator_v3 to 2023-11-08T22:28:00+00:00, run_after=2023-11-08T22:29:00+00:00
[2023-11-08T22:29:50.428+0000] {processor.py:179} INFO - Processing /home/airflow/.local/lib/python3.8/site-packages/airflow/example_dags/example_branch_python_dop_operator_3.py took 0.057 seconds
[2023-11-08T22:30:21.090+0000] {processor.py:157} INFO - Started process (PID=391) to work on /home/airflow/.local/lib/python3.8/site-packages/airflow/example_dags/example_branch_python_dop_operator_3.py
[2023-11-08T22:30:21.092+0000] {processor.py:829} INFO - Processing file /home/airflow/.local/lib/python3.8/site-packages/airflow/example_dags/example_branch_python_dop_operator_3.py for tasks to queue
[2023-11-08T22:30:21.094+0000] {logging_mixin.py:154} INFO - [2023-11-08T22:30:21.093+0000] {dagbag.py:536} INFO - Filling up the DagBag from /home/airflow/.local/lib/python3.8/site-packages/airflow/example_dags/example_branch_python_dop_operator_3.py
[2023-11-08T22:30:21.099+0000] {processor.py:839} INFO - DAG(s) dict_keys(['example_branch_dop_operator_v3']) retrieved from /home/airflow/.local/lib/python3.8/site-packages/airflow/example_dags/example_branch_python_dop_operator_3.py
[2023-11-08T22:30:21.111+0000] {logging_mixin.py:154} INFO - [2023-11-08T22:30:21.110+0000] {dag.py:2941} INFO - Sync 1 DAGs
[2023-11-08T22:30:21.127+0000] {logging_mixin.py:154} INFO - [2023-11-08T22:30:21.127+0000] {dag.py:3722} INFO - Setting next_dagrun for example_branch_dop_operator_v3 to 2023-11-08T22:29:00+00:00, run_after=2023-11-08T22:30:00+00:00
[2023-11-08T22:30:21.138+0000] {processor.py:179} INFO - Processing /home/airflow/.local/lib/python3.8/site-packages/airflow/example_dags/example_branch_python_dop_operator_3.py took 0.051 seconds
[2023-11-08T22:30:51.863+0000] {processor.py:157} INFO - Started process (PID=445) to work on /home/airflow/.local/lib/python3.8/site-packages/airflow/example_dags/example_branch_python_dop_operator_3.py
[2023-11-08T22:30:51.863+0000] {processor.py:829} INFO - Processing file /home/airflow/.local/lib/python3.8/site-packages/airflow/example_dags/example_branch_python_dop_operator_3.py for tasks to queue
[2023-11-08T22:30:51.865+0000] {logging_mixin.py:154} INFO - [2023-11-08T22:30:51.865+0000] {dagbag.py:536} INFO - Filling up the DagBag from /home/airflow/.local/lib/python3.8/site-packages/airflow/example_dags/example_branch_python_dop_operator_3.py
[2023-11-08T22:30:51.869+0000] {processor.py:839} INFO - DAG(s) dict_keys(['example_branch_dop_operator_v3']) retrieved from /home/airflow/.local/lib/python3.8/site-packages/airflow/example_dags/example_branch_python_dop_operator_3.py
[2023-11-08T22:30:51.882+0000] {logging_mixin.py:154} INFO - [2023-11-08T22:30:51.882+0000] {dag.py:2941} INFO - Sync 1 DAGs
[2023-11-08T22:30:51.899+0000] {logging_mixin.py:154} INFO - [2023-11-08T22:30:51.898+0000] {dag.py:3722} INFO - Setting next_dagrun for example_branch_dop_operator_v3 to 2023-11-08T22:29:00+00:00, run_after=2023-11-08T22:30:00+00:00
[2023-11-08T22:30:51.909+0000] {processor.py:179} INFO - Processing /home/airflow/.local/lib/python3.8/site-packages/airflow/example_dags/example_branch_python_dop_operator_3.py took 0.049 seconds
[2023-11-08T22:31:21.978+0000] {processor.py:157} INFO - Started process (PID=499) to work on /home/airflow/.local/lib/python3.8/site-packages/airflow/example_dags/example_branch_python_dop_operator_3.py
[2023-11-08T22:31:21.979+0000] {processor.py:829} INFO - Processing file /home/airflow/.local/lib/python3.8/site-packages/airflow/example_dags/example_branch_python_dop_operator_3.py for tasks to queue
[2023-11-08T22:31:21.980+0000] {logging_mixin.py:154} INFO - [2023-11-08T22:31:21.980+0000] {dagbag.py:536} INFO - Filling up the DagBag from /home/airflow/.local/lib/python3.8/site-packages/airflow/example_dags/example_branch_python_dop_operator_3.py
[2023-11-08T22:31:21.988+0000] {processor.py:839} INFO - DAG(s) dict_keys(['example_branch_dop_operator_v3']) retrieved from /home/airflow/.local/lib/python3.8/site-packages/airflow/example_dags/example_branch_python_dop_operator_3.py
[2023-11-08T22:31:22.004+0000] {logging_mixin.py:154} INFO - [2023-11-08T22:31:22.004+0000] {dag.py:2941} INFO - Sync 1 DAGs
[2023-11-08T22:31:22.025+0000] {logging_mixin.py:154} INFO - [2023-11-08T22:31:22.025+0000] {dag.py:3722} INFO - Setting next_dagrun for example_branch_dop_operator_v3 to 2023-11-08T22:30:00+00:00, run_after=2023-11-08T22:31:00+00:00
[2023-11-08T22:31:22.036+0000] {processor.py:179} INFO - Processing /home/airflow/.local/lib/python3.8/site-packages/airflow/example_dags/example_branch_python_dop_operator_3.py took 0.061 seconds
[2023-11-08T22:31:52.070+0000] {processor.py:157} INFO - Started process (PID=553) to work on /home/airflow/.local/lib/python3.8/site-packages/airflow/example_dags/example_branch_python_dop_operator_3.py
[2023-11-08T22:31:52.071+0000] {processor.py:829} INFO - Processing file /home/airflow/.local/lib/python3.8/site-packages/airflow/example_dags/example_branch_python_dop_operator_3.py for tasks to queue
[2023-11-08T22:31:52.072+0000] {logging_mixin.py:154} INFO - [2023-11-08T22:31:52.072+0000] {dagbag.py:536} INFO - Filling up the DagBag from /home/airflow/.local/lib/python3.8/site-packages/airflow/example_dags/example_branch_python_dop_operator_3.py
[2023-11-08T22:31:52.077+0000] {processor.py:839} INFO - DAG(s) dict_keys(['example_branch_dop_operator_v3']) retrieved from /home/airflow/.local/lib/python3.8/site-packages/airflow/example_dags/example_branch_python_dop_operator_3.py
[2023-11-08T22:31:52.090+0000] {logging_mixin.py:154} INFO - [2023-11-08T22:31:52.090+0000] {dag.py:2941} INFO - Sync 1 DAGs
[2023-11-08T22:31:52.113+0000] {logging_mixin.py:154} INFO - [2023-11-08T22:31:52.113+0000] {dag.py:3722} INFO - Setting next_dagrun for example_branch_dop_operator_v3 to 2023-11-08T22:30:00+00:00, run_after=2023-11-08T22:31:00+00:00
[2023-11-08T22:31:52.125+0000] {processor.py:179} INFO - Processing /home/airflow/.local/lib/python3.8/site-packages/airflow/example_dags/example_branch_python_dop_operator_3.py took 0.057 seconds
[2023-11-08T22:32:23.035+0000] {processor.py:157} INFO - Started process (PID=608) to work on /home/airflow/.local/lib/python3.8/site-packages/airflow/example_dags/example_branch_python_dop_operator_3.py
[2023-11-08T22:32:23.036+0000] {processor.py:829} INFO - Processing file /home/airflow/.local/lib/python3.8/site-packages/airflow/example_dags/example_branch_python_dop_operator_3.py for tasks to queue
[2023-11-08T22:32:23.037+0000] {logging_mixin.py:154} INFO - [2023-11-08T22:32:23.037+0000] {dagbag.py:536} INFO - Filling up the DagBag from /home/airflow/.local/lib/python3.8/site-packages/airflow/example_dags/example_branch_python_dop_operator_3.py
[2023-11-08T22:32:23.043+0000] {processor.py:839} INFO - DAG(s) dict_keys(['example_branch_dop_operator_v3']) retrieved from /home/airflow/.local/lib/python3.8/site-packages/airflow/example_dags/example_branch_python_dop_operator_3.py
[2023-11-08T22:32:23.063+0000] {logging_mixin.py:154} INFO - [2023-11-08T22:32:23.063+0000] {dag.py:2941} INFO - Sync 1 DAGs
[2023-11-08T22:32:23.082+0000] {logging_mixin.py:154} INFO - [2023-11-08T22:32:23.082+0000] {dag.py:3722} INFO - Setting next_dagrun for example_branch_dop_operator_v3 to 2023-11-08T22:31:00+00:00, run_after=2023-11-08T22:32:00+00:00
[2023-11-08T22:32:23.094+0000] {processor.py:179} INFO - Processing /home/airflow/.local/lib/python3.8/site-packages/airflow/example_dags/example_branch_python_dop_operator_3.py took 0.061 seconds
[2023-11-08T22:32:54.096+0000] {processor.py:157} INFO - Started process (PID=663) to work on /home/airflow/.local/lib/python3.8/site-packages/airflow/example_dags/example_branch_python_dop_operator_3.py
[2023-11-08T22:32:54.096+0000] {processor.py:829} INFO - Processing file /home/airflow/.local/lib/python3.8/site-packages/airflow/example_dags/example_branch_python_dop_operator_3.py for tasks to queue
[2023-11-08T22:32:54.098+0000] {logging_mixin.py:154} INFO - [2023-11-08T22:32:54.098+0000] {dagbag.py:536} INFO - Filling up the DagBag from /home/airflow/.local/lib/python3.8/site-packages/airflow/example_dags/example_branch_python_dop_operator_3.py
[2023-11-08T22:32:54.106+0000] {processor.py:839} INFO - DAG(s) dict_keys(['example_branch_dop_operator_v3']) retrieved from /home/airflow/.local/lib/python3.8/site-packages/airflow/example_dags/example_branch_python_dop_operator_3.py
[2023-11-08T22:32:54.123+0000] {logging_mixin.py:154} INFO - [2023-11-08T22:32:54.123+0000] {dag.py:2941} INFO - Sync 1 DAGs
[2023-11-08T22:32:54.142+0000] {logging_mixin.py:154} INFO - [2023-11-08T22:32:54.142+0000] {dag.py:3722} INFO - Setting next_dagrun for example_branch_dop_operator_v3 to 2023-11-08T22:31:00+00:00, run_after=2023-11-08T22:32:00+00:00
[2023-11-08T22:32:54.158+0000] {processor.py:179} INFO - Processing /home/airflow/.local/lib/python3.8/site-packages/airflow/example_dags/example_branch_python_dop_operator_3.py took 0.064 seconds
[2023-11-08T22:33:24.344+0000] {processor.py:157} INFO - Started process (PID=718) to work on /home/airflow/.local/lib/python3.8/site-packages/airflow/example_dags/example_branch_python_dop_operator_3.py
[2023-11-08T22:33:24.347+0000] {processor.py:829} INFO - Processing file /home/airflow/.local/lib/python3.8/site-packages/airflow/example_dags/example_branch_python_dop_operator_3.py for tasks to queue
[2023-11-08T22:33:24.349+0000] {logging_mixin.py:154} INFO - [2023-11-08T22:33:24.349+0000] {dagbag.py:536} INFO - Filling up the DagBag from /home/airflow/.local/lib/python3.8/site-packages/airflow/example_dags/example_branch_python_dop_operator_3.py
[2023-11-08T22:33:24.355+0000] {processor.py:839} INFO - DAG(s) dict_keys(['example_branch_dop_operator_v3']) retrieved from /home/airflow/.local/lib/python3.8/site-packages/airflow/example_dags/example_branch_python_dop_operator_3.py
[2023-11-08T22:33:24.368+0000] {logging_mixin.py:154} INFO - [2023-11-08T22:33:24.368+0000] {dag.py:2941} INFO - Sync 1 DAGs
[2023-11-08T22:33:24.392+0000] {logging_mixin.py:154} INFO - [2023-11-08T22:33:24.392+0000] {dag.py:3722} INFO - Setting next_dagrun for example_branch_dop_operator_v3 to 2023-11-08T22:32:00+00:00, run_after=2023-11-08T22:33:00+00:00
[2023-11-08T22:33:24.409+0000] {processor.py:179} INFO - Processing /home/airflow/.local/lib/python3.8/site-packages/airflow/example_dags/example_branch_python_dop_operator_3.py took 0.067 seconds
[2023-11-08T22:33:55.345+0000] {processor.py:157} INFO - Started process (PID=773) to work on /home/airflow/.local/lib/python3.8/site-packages/airflow/example_dags/example_branch_python_dop_operator_3.py
[2023-11-08T22:33:55.347+0000] {processor.py:829} INFO - Processing file /home/airflow/.local/lib/python3.8/site-packages/airflow/example_dags/example_branch_python_dop_operator_3.py for tasks to queue
[2023-11-08T22:33:55.349+0000] {logging_mixin.py:154} INFO - [2023-11-08T22:33:55.349+0000] {dagbag.py:536} INFO - Filling up the DagBag from /home/airflow/.local/lib/python3.8/site-packages/airflow/example_dags/example_branch_python_dop_operator_3.py
[2023-11-08T22:33:55.355+0000] {processor.py:839} INFO - DAG(s) dict_keys(['example_branch_dop_operator_v3']) retrieved from /home/airflow/.local/lib/python3.8/site-packages/airflow/example_dags/example_branch_python_dop_operator_3.py
[2023-11-08T22:33:55.367+0000] {logging_mixin.py:154} INFO - [2023-11-08T22:33:55.367+0000] {dag.py:2941} INFO - Sync 1 DAGs
[2023-11-08T22:33:55.384+0000] {logging_mixin.py:154} INFO - [2023-11-08T22:33:55.384+0000] {dag.py:3722} INFO - Setting next_dagrun for example_branch_dop_operator_v3 to 2023-11-08T22:32:00+00:00, run_after=2023-11-08T22:33:00+00:00
[2023-11-08T22:33:55.396+0000] {processor.py:179} INFO - Processing /home/airflow/.local/lib/python3.8/site-packages/airflow/example_dags/example_branch_python_dop_operator_3.py took 0.053 seconds
[2023-11-08T22:34:25.926+0000] {processor.py:157} INFO - Started process (PID=828) to work on /home/airflow/.local/lib/python3.8/site-packages/airflow/example_dags/example_branch_python_dop_operator_3.py
[2023-11-08T22:34:25.928+0000] {processor.py:829} INFO - Processing file /home/airflow/.local/lib/python3.8/site-packages/airflow/example_dags/example_branch_python_dop_operator_3.py for tasks to queue
[2023-11-08T22:34:25.930+0000] {logging_mixin.py:154} INFO - [2023-11-08T22:34:25.930+0000] {dagbag.py:536} INFO - Filling up the DagBag from /home/airflow/.local/lib/python3.8/site-packages/airflow/example_dags/example_branch_python_dop_operator_3.py
[2023-11-08T22:34:25.935+0000] {processor.py:839} INFO - DAG(s) dict_keys(['example_branch_dop_operator_v3']) retrieved from /home/airflow/.local/lib/python3.8/site-packages/airflow/example_dags/example_branch_python_dop_operator_3.py
[2023-11-08T22:34:25.949+0000] {logging_mixin.py:154} INFO - [2023-11-08T22:34:25.949+0000] {dag.py:2941} INFO - Sync 1 DAGs
[2023-11-08T22:34:25.973+0000] {logging_mixin.py:154} INFO - [2023-11-08T22:34:25.972+0000] {dag.py:3722} INFO - Setting next_dagrun for example_branch_dop_operator_v3 to 2023-11-08T22:33:00+00:00, run_after=2023-11-08T22:34:00+00:00
[2023-11-08T22:34:25.986+0000] {processor.py:179} INFO - Processing /home/airflow/.local/lib/python3.8/site-packages/airflow/example_dags/example_branch_python_dop_operator_3.py took 0.062 seconds
[2023-11-08T22:34:56.475+0000] {processor.py:157} INFO - Started process (PID=883) to work on /home/airflow/.local/lib/python3.8/site-packages/airflow/example_dags/example_branch_python_dop_operator_3.py
[2023-11-08T22:34:56.479+0000] {processor.py:829} INFO - Processing file /home/airflow/.local/lib/python3.8/site-packages/airflow/example_dags/example_branch_python_dop_operator_3.py for tasks to queue
[2023-11-08T22:34:56.481+0000] {logging_mixin.py:154} INFO - [2023-11-08T22:34:56.480+0000] {dagbag.py:536} INFO - Filling up the DagBag from /home/airflow/.local/lib/python3.8/site-packages/airflow/example_dags/example_branch_python_dop_operator_3.py
[2023-11-08T22:34:56.489+0000] {processor.py:839} INFO - DAG(s) dict_keys(['example_branch_dop_operator_v3']) retrieved from /home/airflow/.local/lib/python3.8/site-packages/airflow/example_dags/example_branch_python_dop_operator_3.py
[2023-11-08T22:34:56.500+0000] {logging_mixin.py:154} INFO - [2023-11-08T22:34:56.500+0000] {dag.py:2941} INFO - Sync 1 DAGs
[2023-11-08T22:34:56.517+0000] {logging_mixin.py:154} INFO - [2023-11-08T22:34:56.517+0000] {dag.py:3722} INFO - Setting next_dagrun for example_branch_dop_operator_v3 to 2023-11-08T22:33:00+00:00, run_after=2023-11-08T22:34:00+00:00
[2023-11-08T22:34:56.529+0000] {processor.py:179} INFO - Processing /home/airflow/.local/lib/python3.8/site-packages/airflow/example_dags/example_branch_python_dop_operator_3.py took 0.055 seconds
[2023-11-08T22:35:27.311+0000] {processor.py:157} INFO - Started process (PID=938) to work on /home/airflow/.local/lib/python3.8/site-packages/airflow/example_dags/example_branch_python_dop_operator_3.py
[2023-11-08T22:35:27.314+0000] {processor.py:829} INFO - Processing file /home/airflow/.local/lib/python3.8/site-packages/airflow/example_dags/example_branch_python_dop_operator_3.py for tasks to queue
[2023-11-08T22:35:27.316+0000] {logging_mixin.py:154} INFO - [2023-11-08T22:35:27.316+0000] {dagbag.py:536} INFO - Filling up the DagBag from /home/airflow/.local/lib/python3.8/site-packages/airflow/example_dags/example_branch_python_dop_operator_3.py
[2023-11-08T22:35:27.323+0000] {processor.py:839} INFO - DAG(s) dict_keys(['example_branch_dop_operator_v3']) retrieved from /home/airflow/.local/lib/python3.8/site-packages/airflow/example_dags/example_branch_python_dop_operator_3.py
[2023-11-08T22:35:27.337+0000] {logging_mixin.py:154} INFO - [2023-11-08T22:35:27.337+0000] {dag.py:2941} INFO - Sync 1 DAGs
[2023-11-08T22:35:27.354+0000] {logging_mixin.py:154} INFO - [2023-11-08T22:35:27.353+0000] {dag.py:3722} INFO - Setting next_dagrun for example_branch_dop_operator_v3 to 2023-11-08T22:34:00+00:00, run_after=2023-11-08T22:35:00+00:00
[2023-11-08T22:35:27.364+0000] {processor.py:179} INFO - Processing /home/airflow/.local/lib/python3.8/site-packages/airflow/example_dags/example_branch_python_dop_operator_3.py took 0.056 seconds
[2023-11-08T22:35:58.305+0000] {processor.py:157} INFO - Started process (PID=993) to work on /home/airflow/.local/lib/python3.8/site-packages/airflow/example_dags/example_branch_python_dop_operator_3.py
[2023-11-08T22:35:58.308+0000] {processor.py:829} INFO - Processing file /home/airflow/.local/lib/python3.8/site-packages/airflow/example_dags/example_branch_python_dop_operator_3.py for tasks to queue
[2023-11-08T22:35:58.310+0000] {logging_mixin.py:154} INFO - [2023-11-08T22:35:58.310+0000] {dagbag.py:536} INFO - Filling up the DagBag from /home/airflow/.local/lib/python3.8/site-packages/airflow/example_dags/example_branch_python_dop_operator_3.py
[2023-11-08T22:35:58.318+0000] {processor.py:839} INFO - DAG(s) dict_keys(['example_branch_dop_operator_v3']) retrieved from /home/airflow/.local/lib/python3.8/site-packages/airflow/example_dags/example_branch_python_dop_operator_3.py
[2023-11-08T22:35:58.329+0000] {logging_mixin.py:154} INFO - [2023-11-08T22:35:58.329+0000] {dag.py:2941} INFO - Sync 1 DAGs
[2023-11-08T22:35:58.345+0000] {logging_mixin.py:154} INFO - [2023-11-08T22:35:58.345+0000] {dag.py:3722} INFO - Setting next_dagrun for example_branch_dop_operator_v3 to 2023-11-08T22:34:00+00:00, run_after=2023-11-08T22:35:00+00:00
[2023-11-08T22:35:58.356+0000] {processor.py:179} INFO - Processing /home/airflow/.local/lib/python3.8/site-packages/airflow/example_dags/example_branch_python_dop_operator_3.py took 0.054 seconds
[2023-11-08T22:36:28.888+0000] {processor.py:157} INFO - Started process (PID=1048) to work on /home/airflow/.local/lib/python3.8/site-packages/airflow/example_dags/example_branch_python_dop_operator_3.py
[2023-11-08T22:36:28.891+0000] {processor.py:829} INFO - Processing file /home/airflow/.local/lib/python3.8/site-packages/airflow/example_dags/example_branch_python_dop_operator_3.py for tasks to queue
[2023-11-08T22:36:28.893+0000] {logging_mixin.py:154} INFO - [2023-11-08T22:36:28.893+0000] {dagbag.py:536} INFO - Filling up the DagBag from /home/airflow/.local/lib/python3.8/site-packages/airflow/example_dags/example_branch_python_dop_operator_3.py
[2023-11-08T22:36:28.902+0000] {processor.py:839} INFO - DAG(s) dict_keys(['example_branch_dop_operator_v3']) retrieved from /home/airflow/.local/lib/python3.8/site-packages/airflow/example_dags/example_branch_python_dop_operator_3.py
[2023-11-08T22:36:28.914+0000] {logging_mixin.py:154} INFO - [2023-11-08T22:36:28.914+0000] {dag.py:2941} INFO - Sync 1 DAGs
[2023-11-08T22:36:28.930+0000] {logging_mixin.py:154} INFO - [2023-11-08T22:36:28.930+0000] {dag.py:3722} INFO - Setting next_dagrun for example_branch_dop_operator_v3 to 2023-11-08T22:35:00+00:00, run_after=2023-11-08T22:36:00+00:00
[2023-11-08T22:36:28.942+0000] {processor.py:179} INFO - Processing /home/airflow/.local/lib/python3.8/site-packages/airflow/example_dags/example_branch_python_dop_operator_3.py took 0.056 seconds
[2023-11-08T22:36:59.495+0000] {processor.py:157} INFO - Started process (PID=1105) to work on /home/airflow/.local/lib/python3.8/site-packages/airflow/example_dags/example_branch_python_dop_operator_3.py
[2023-11-08T22:36:59.496+0000] {processor.py:829} INFO - Processing file /home/airflow/.local/lib/python3.8/site-packages/airflow/example_dags/example_branch_python_dop_operator_3.py for tasks to queue
[2023-11-08T22:36:59.497+0000] {logging_mixin.py:154} INFO - [2023-11-08T22:36:59.497+0000] {dagbag.py:536} INFO - Filling up the DagBag from /home/airflow/.local/lib/python3.8/site-packages/airflow/example_dags/example_branch_python_dop_operator_3.py
[2023-11-08T22:36:59.503+0000] {processor.py:839} INFO - DAG(s) dict_keys(['example_branch_dop_operator_v3']) retrieved from /home/airflow/.local/lib/python3.8/site-packages/airflow/example_dags/example_branch_python_dop_operator_3.py
[2023-11-08T22:36:59.514+0000] {logging_mixin.py:154} INFO - [2023-11-08T22:36:59.514+0000] {dag.py:2941} INFO - Sync 1 DAGs
[2023-11-08T22:36:59.532+0000] {logging_mixin.py:154} INFO - [2023-11-08T22:36:59.531+0000] {dag.py:3722} INFO - Setting next_dagrun for example_branch_dop_operator_v3 to 2023-11-08T22:35:00+00:00, run_after=2023-11-08T22:36:00+00:00
[2023-11-08T22:36:59.542+0000] {processor.py:179} INFO - Processing /home/airflow/.local/lib/python3.8/site-packages/airflow/example_dags/example_branch_python_dop_operator_3.py took 0.049 seconds
[2023-11-08T22:37:30.369+0000] {processor.py:157} INFO - Started process (PID=1160) to work on /home/airflow/.local/lib/python3.8/site-packages/airflow/example_dags/example_branch_python_dop_operator_3.py
[2023-11-08T22:37:30.369+0000] {processor.py:829} INFO - Processing file /home/airflow/.local/lib/python3.8/site-packages/airflow/example_dags/example_branch_python_dop_operator_3.py for tasks to queue
[2023-11-08T22:37:30.371+0000] {logging_mixin.py:154} INFO - [2023-11-08T22:37:30.371+0000] {dagbag.py:536} INFO - Filling up the DagBag from /home/airflow/.local/lib/python3.8/site-packages/airflow/example_dags/example_branch_python_dop_operator_3.py
[2023-11-08T22:37:30.377+0000] {processor.py:839} INFO - DAG(s) dict_keys(['example_branch_dop_operator_v3']) retrieved from /home/airflow/.local/lib/python3.8/site-packages/airflow/example_dags/example_branch_python_dop_operator_3.py
[2023-11-08T22:37:30.388+0000] {logging_mixin.py:154} INFO - [2023-11-08T22:37:30.388+0000] {dag.py:2941} INFO - Sync 1 DAGs
[2023-11-08T22:37:30.403+0000] {logging_mixin.py:154} INFO - [2023-11-08T22:37:30.403+0000] {dag.py:3722} INFO - Setting next_dagrun for example_branch_dop_operator_v3 to 2023-11-08T22:36:00+00:00, run_after=2023-11-08T22:37:00+00:00
[2023-11-08T22:37:30.414+0000] {processor.py:179} INFO - Processing /home/airflow/.local/lib/python3.8/site-packages/airflow/example_dags/example_branch_python_dop_operator_3.py took 0.048 seconds
[2023-11-08T22:38:00.883+0000] {processor.py:157} INFO - Started process (PID=1215) to work on /home/airflow/.local/lib/python3.8/site-packages/airflow/example_dags/example_branch_python_dop_operator_3.py
[2023-11-08T22:38:00.884+0000] {processor.py:829} INFO - Processing file /home/airflow/.local/lib/python3.8/site-packages/airflow/example_dags/example_branch_python_dop_operator_3.py for tasks to queue
[2023-11-08T22:38:00.885+0000] {logging_mixin.py:154} INFO - [2023-11-08T22:38:00.885+0000] {dagbag.py:536} INFO - Filling up the DagBag from /home/airflow/.local/lib/python3.8/site-packages/airflow/example_dags/example_branch_python_dop_operator_3.py
[2023-11-08T22:38:00.891+0000] {processor.py:839} INFO - DAG(s) dict_keys(['example_branch_dop_operator_v3']) retrieved from /home/airflow/.local/lib/python3.8/site-packages/airflow/example_dags/example_branch_python_dop_operator_3.py
[2023-11-08T22:38:00.903+0000] {logging_mixin.py:154} INFO - [2023-11-08T22:38:00.902+0000] {dag.py:2941} INFO - Sync 1 DAGs
[2023-11-08T22:38:00.919+0000] {logging_mixin.py:154} INFO - [2023-11-08T22:38:00.919+0000] {dag.py:3722} INFO - Setting next_dagrun for example_branch_dop_operator_v3 to 2023-11-08T22:37:00+00:00, run_after=2023-11-08T22:38:00+00:00
[2023-11-08T22:38:00.930+0000] {processor.py:179} INFO - Processing /home/airflow/.local/lib/python3.8/site-packages/airflow/example_dags/example_branch_python_dop_operator_3.py took 0.049 seconds
[2023-11-08T22:38:31.439+0000] {processor.py:157} INFO - Started process (PID=1270) to work on /home/airflow/.local/lib/python3.8/site-packages/airflow/example_dags/example_branch_python_dop_operator_3.py
[2023-11-08T22:38:31.439+0000] {processor.py:829} INFO - Processing file /home/airflow/.local/lib/python3.8/site-packages/airflow/example_dags/example_branch_python_dop_operator_3.py for tasks to queue
[2023-11-08T22:38:31.441+0000] {logging_mixin.py:154} INFO - [2023-11-08T22:38:31.441+0000] {dagbag.py:536} INFO - Filling up the DagBag from /home/airflow/.local/lib/python3.8/site-packages/airflow/example_dags/example_branch_python_dop_operator_3.py
[2023-11-08T22:38:31.446+0000] {processor.py:839} INFO - DAG(s) dict_keys(['example_branch_dop_operator_v3']) retrieved from /home/airflow/.local/lib/python3.8/site-packages/airflow/example_dags/example_branch_python_dop_operator_3.py
[2023-11-08T22:38:31.457+0000] {logging_mixin.py:154} INFO - [2023-11-08T22:38:31.457+0000] {dag.py:2941} INFO - Sync 1 DAGs
[2023-11-08T22:38:31.473+0000] {logging_mixin.py:154} INFO - [2023-11-08T22:38:31.473+0000] {dag.py:3722} INFO - Setting next_dagrun for example_branch_dop_operator_v3 to 2023-11-08T22:37:00+00:00, run_after=2023-11-08T22:38:00+00:00
[2023-11-08T22:38:31.483+0000] {processor.py:179} INFO - Processing /home/airflow/.local/lib/python3.8/site-packages/airflow/example_dags/example_branch_python_dop_operator_3.py took 0.046 seconds
[2023-11-08T22:39:02.056+0000] {processor.py:157} INFO - Started process (PID=1326) to work on /home/airflow/.local/lib/python3.8/site-packages/airflow/example_dags/example_branch_python_dop_operator_3.py
[2023-11-08T22:39:02.060+0000] {processor.py:829} INFO - Processing file /home/airflow/.local/lib/python3.8/site-packages/airflow/example_dags/example_branch_python_dop_operator_3.py for tasks to queue
[2023-11-08T22:39:02.062+0000] {logging_mixin.py:154} INFO - [2023-11-08T22:39:02.062+0000] {dagbag.py:536} INFO - Filling up the DagBag from /home/airflow/.local/lib/python3.8/site-packages/airflow/example_dags/example_branch_python_dop_operator_3.py
[2023-11-08T22:39:02.070+0000] {processor.py:839} INFO - DAG(s) dict_keys(['example_branch_dop_operator_v3']) retrieved from /home/airflow/.local/lib/python3.8/site-packages/airflow/example_dags/example_branch_python_dop_operator_3.py
[2023-11-08T22:39:02.084+0000] {logging_mixin.py:154} INFO - [2023-11-08T22:39:02.084+0000] {dag.py:2941} INFO - Sync 1 DAGs
[2023-11-08T22:39:02.103+0000] {logging_mixin.py:154} INFO - [2023-11-08T22:39:02.103+0000] {dag.py:3722} INFO - Setting next_dagrun for example_branch_dop_operator_v3 to 2023-11-08T22:38:00+00:00, run_after=2023-11-08T22:39:00+00:00
[2023-11-08T22:39:02.114+0000] {processor.py:179} INFO - Processing /home/airflow/.local/lib/python3.8/site-packages/airflow/example_dags/example_branch_python_dop_operator_3.py took 0.060 seconds
[2023-11-08T22:39:32.649+0000] {processor.py:157} INFO - Started process (PID=1382) to work on /home/airflow/.local/lib/python3.8/site-packages/airflow/example_dags/example_branch_python_dop_operator_3.py
[2023-11-08T22:39:32.652+0000] {processor.py:829} INFO - Processing file /home/airflow/.local/lib/python3.8/site-packages/airflow/example_dags/example_branch_python_dop_operator_3.py for tasks to queue
[2023-11-08T22:39:32.653+0000] {logging_mixin.py:154} INFO - [2023-11-08T22:39:32.653+0000] {dagbag.py:536} INFO - Filling up the DagBag from /home/airflow/.local/lib/python3.8/site-packages/airflow/example_dags/example_branch_python_dop_operator_3.py
[2023-11-08T22:39:32.658+0000] {processor.py:839} INFO - DAG(s) dict_keys(['example_branch_dop_operator_v3']) retrieved from /home/airflow/.local/lib/python3.8/site-packages/airflow/example_dags/example_branch_python_dop_operator_3.py
[2023-11-08T22:39:32.671+0000] {logging_mixin.py:154} INFO - [2023-11-08T22:39:32.671+0000] {dag.py:2941} INFO - Sync 1 DAGs
[2023-11-08T22:39:32.686+0000] {logging_mixin.py:154} INFO - [2023-11-08T22:39:32.686+0000] {dag.py:3722} INFO - Setting next_dagrun for example_branch_dop_operator_v3 to 2023-11-08T22:38:00+00:00, run_after=2023-11-08T22:39:00+00:00
[2023-11-08T22:39:32.696+0000] {processor.py:179} INFO - Processing /home/airflow/.local/lib/python3.8/site-packages/airflow/example_dags/example_branch_python_dop_operator_3.py took 0.049 seconds
[2023-11-08T22:40:03.261+0000] {processor.py:157} INFO - Started process (PID=1437) to work on /home/airflow/.local/lib/python3.8/site-packages/airflow/example_dags/example_branch_python_dop_operator_3.py
[2023-11-08T22:40:03.264+0000] {processor.py:829} INFO - Processing file /home/airflow/.local/lib/python3.8/site-packages/airflow/example_dags/example_branch_python_dop_operator_3.py for tasks to queue
[2023-11-08T22:40:03.267+0000] {logging_mixin.py:154} INFO - [2023-11-08T22:40:03.266+0000] {dagbag.py:536} INFO - Filling up the DagBag from /home/airflow/.local/lib/python3.8/site-packages/airflow/example_dags/example_branch_python_dop_operator_3.py
[2023-11-08T22:40:03.275+0000] {processor.py:839} INFO - DAG(s) dict_keys(['example_branch_dop_operator_v3']) retrieved from /home/airflow/.local/lib/python3.8/site-packages/airflow/example_dags/example_branch_python_dop_operator_3.py
[2023-11-08T22:40:03.288+0000] {logging_mixin.py:154} INFO - [2023-11-08T22:40:03.288+0000] {dag.py:2941} INFO - Sync 1 DAGs
[2023-11-08T22:40:03.303+0000] {logging_mixin.py:154} INFO - [2023-11-08T22:40:03.303+0000] {dag.py:3722} INFO - Setting next_dagrun for example_branch_dop_operator_v3 to 2023-11-08T22:39:00+00:00, run_after=2023-11-08T22:40:00+00:00
[2023-11-08T22:40:03.313+0000] {processor.py:179} INFO - Processing /home/airflow/.local/lib/python3.8/site-packages/airflow/example_dags/example_branch_python_dop_operator_3.py took 0.055 seconds
[2023-11-08T22:40:33.842+0000] {processor.py:157} INFO - Started process (PID=1492) to work on /home/airflow/.local/lib/python3.8/site-packages/airflow/example_dags/example_branch_python_dop_operator_3.py
[2023-11-08T22:40:33.846+0000] {processor.py:829} INFO - Processing file /home/airflow/.local/lib/python3.8/site-packages/airflow/example_dags/example_branch_python_dop_operator_3.py for tasks to queue
[2023-11-08T22:40:33.848+0000] {logging_mixin.py:154} INFO - [2023-11-08T22:40:33.848+0000] {dagbag.py:536} INFO - Filling up the DagBag from /home/airflow/.local/lib/python3.8/site-packages/airflow/example_dags/example_branch_python_dop_operator_3.py
[2023-11-08T22:40:33.857+0000] {processor.py:839} INFO - DAG(s) dict_keys(['example_branch_dop_operator_v3']) retrieved from /home/airflow/.local/lib/python3.8/site-packages/airflow/example_dags/example_branch_python_dop_operator_3.py
[2023-11-08T22:40:33.869+0000] {logging_mixin.py:154} INFO - [2023-11-08T22:40:33.869+0000] {dag.py:2941} INFO - Sync 1 DAGs
[2023-11-08T22:40:33.885+0000] {logging_mixin.py:154} INFO - [2023-11-08T22:40:33.885+0000] {dag.py:3722} INFO - Setting next_dagrun for example_branch_dop_operator_v3 to 2023-11-08T22:39:00+00:00, run_after=2023-11-08T22:40:00+00:00
[2023-11-08T22:40:33.895+0000] {processor.py:179} INFO - Processing /home/airflow/.local/lib/python3.8/site-packages/airflow/example_dags/example_branch_python_dop_operator_3.py took 0.055 seconds
[2023-11-08T22:41:04.381+0000] {processor.py:157} INFO - Started process (PID=1547) to work on /home/airflow/.local/lib/python3.8/site-packages/airflow/example_dags/example_branch_python_dop_operator_3.py
[2023-11-08T22:41:04.382+0000] {processor.py:829} INFO - Processing file /home/airflow/.local/lib/python3.8/site-packages/airflow/example_dags/example_branch_python_dop_operator_3.py for tasks to queue
[2023-11-08T22:41:04.384+0000] {logging_mixin.py:154} INFO - [2023-11-08T22:41:04.383+0000] {dagbag.py:536} INFO - Filling up the DagBag from /home/airflow/.local/lib/python3.8/site-packages/airflow/example_dags/example_branch_python_dop_operator_3.py
[2023-11-08T22:41:04.389+0000] {processor.py:839} INFO - DAG(s) dict_keys(['example_branch_dop_operator_v3']) retrieved from /home/airflow/.local/lib/python3.8/site-packages/airflow/example_dags/example_branch_python_dop_operator_3.py
[2023-11-08T22:41:04.400+0000] {logging_mixin.py:154} INFO - [2023-11-08T22:41:04.400+0000] {dag.py:2941} INFO - Sync 1 DAGs
[2023-11-08T22:41:04.415+0000] {logging_mixin.py:154} INFO - [2023-11-08T22:41:04.415+0000] {dag.py:3722} INFO - Setting next_dagrun for example_branch_dop_operator_v3 to 2023-11-08T22:40:00+00:00, run_after=2023-11-08T22:41:00+00:00
[2023-11-08T22:41:04.425+0000] {processor.py:179} INFO - Processing /home/airflow/.local/lib/python3.8/site-packages/airflow/example_dags/example_branch_python_dop_operator_3.py took 0.046 seconds
[2023-11-08T22:41:35.072+0000] {processor.py:157} INFO - Started process (PID=1602) to work on /home/airflow/.local/lib/python3.8/site-packages/airflow/example_dags/example_branch_python_dop_operator_3.py
[2023-11-08T22:41:35.076+0000] {processor.py:829} INFO - Processing file /home/airflow/.local/lib/python3.8/site-packages/airflow/example_dags/example_branch_python_dop_operator_3.py for tasks to queue
[2023-11-08T22:41:35.077+0000] {logging_mixin.py:154} INFO - [2023-11-08T22:41:35.077+0000] {dagbag.py:536} INFO - Filling up the DagBag from /home/airflow/.local/lib/python3.8/site-packages/airflow/example_dags/example_branch_python_dop_operator_3.py
[2023-11-08T22:41:35.083+0000] {processor.py:839} INFO - DAG(s) dict_keys(['example_branch_dop_operator_v3']) retrieved from /home/airflow/.local/lib/python3.8/site-packages/airflow/example_dags/example_branch_python_dop_operator_3.py
[2023-11-08T22:41:35.094+0000] {logging_mixin.py:154} INFO - [2023-11-08T22:41:35.093+0000] {dag.py:2941} INFO - Sync 1 DAGs
[2023-11-08T22:41:35.108+0000] {logging_mixin.py:154} INFO - [2023-11-08T22:41:35.108+0000] {dag.py:3722} INFO - Setting next_dagrun for example_branch_dop_operator_v3 to 2023-11-08T22:40:00+00:00, run_after=2023-11-08T22:41:00+00:00
[2023-11-08T22:41:35.118+0000] {processor.py:179} INFO - Processing /home/airflow/.local/lib/python3.8/site-packages/airflow/example_dags/example_branch_python_dop_operator_3.py took 0.048 seconds
[2023-11-08T22:42:05.676+0000] {processor.py:157} INFO - Started process (PID=1658) to work on /home/airflow/.local/lib/python3.8/site-packages/airflow/example_dags/example_branch_python_dop_operator_3.py
[2023-11-08T22:42:05.676+0000] {processor.py:829} INFO - Processing file /home/airflow/.local/lib/python3.8/site-packages/airflow/example_dags/example_branch_python_dop_operator_3.py for tasks to queue
[2023-11-08T22:42:05.678+0000] {logging_mixin.py:154} INFO - [2023-11-08T22:42:05.678+0000] {dagbag.py:536} INFO - Filling up the DagBag from /home/airflow/.local/lib/python3.8/site-packages/airflow/example_dags/example_branch_python_dop_operator_3.py
[2023-11-08T22:42:05.684+0000] {processor.py:839} INFO - DAG(s) dict_keys(['example_branch_dop_operator_v3']) retrieved from /home/airflow/.local/lib/python3.8/site-packages/airflow/example_dags/example_branch_python_dop_operator_3.py
[2023-11-08T22:42:05.696+0000] {logging_mixin.py:154} INFO - [2023-11-08T22:42:05.695+0000] {dag.py:2941} INFO - Sync 1 DAGs
[2023-11-08T22:42:05.711+0000] {logging_mixin.py:154} INFO - [2023-11-08T22:42:05.711+0000] {dag.py:3722} INFO - Setting next_dagrun for example_branch_dop_operator_v3 to 2023-11-08T22:41:00+00:00, run_after=2023-11-08T22:42:00+00:00
[2023-11-08T22:42:05.722+0000] {processor.py:179} INFO - Processing /home/airflow/.local/lib/python3.8/site-packages/airflow/example_dags/example_branch_python_dop_operator_3.py took 0.048 seconds
[2023-11-08T22:42:36.199+0000] {processor.py:157} INFO - Started process (PID=1713) to work on /home/airflow/.local/lib/python3.8/site-packages/airflow/example_dags/example_branch_python_dop_operator_3.py
[2023-11-08T22:42:36.200+0000] {processor.py:829} INFO - Processing file /home/airflow/.local/lib/python3.8/site-packages/airflow/example_dags/example_branch_python_dop_operator_3.py for tasks to queue
[2023-11-08T22:42:36.201+0000] {logging_mixin.py:154} INFO - [2023-11-08T22:42:36.201+0000] {dagbag.py:536} INFO - Filling up the DagBag from /home/airflow/.local/lib/python3.8/site-packages/airflow/example_dags/example_branch_python_dop_operator_3.py
[2023-11-08T22:42:36.206+0000] {processor.py:839} INFO - DAG(s) dict_keys(['example_branch_dop_operator_v3']) retrieved from /home/airflow/.local/lib/python3.8/site-packages/airflow/example_dags/example_branch_python_dop_operator_3.py
[2023-11-08T22:42:36.218+0000] {logging_mixin.py:154} INFO - [2023-11-08T22:42:36.218+0000] {dag.py:2941} INFO - Sync 1 DAGs
[2023-11-08T22:42:36.233+0000] {logging_mixin.py:154} INFO - [2023-11-08T22:42:36.233+0000] {dag.py:3722} INFO - Setting next_dagrun for example_branch_dop_operator_v3 to 2023-11-08T22:41:00+00:00, run_after=2023-11-08T22:42:00+00:00
[2023-11-08T22:42:36.244+0000] {processor.py:179} INFO - Processing /home/airflow/.local/lib/python3.8/site-packages/airflow/example_dags/example_branch_python_dop_operator_3.py took 0.046 seconds
[2023-11-08T22:43:06.879+0000] {processor.py:157} INFO - Started process (PID=1768) to work on /home/airflow/.local/lib/python3.8/site-packages/airflow/example_dags/example_branch_python_dop_operator_3.py
[2023-11-08T22:43:06.882+0000] {processor.py:829} INFO - Processing file /home/airflow/.local/lib/python3.8/site-packages/airflow/example_dags/example_branch_python_dop_operator_3.py for tasks to queue
[2023-11-08T22:43:06.885+0000] {logging_mixin.py:154} INFO - [2023-11-08T22:43:06.885+0000] {dagbag.py:536} INFO - Filling up the DagBag from /home/airflow/.local/lib/python3.8/site-packages/airflow/example_dags/example_branch_python_dop_operator_3.py
[2023-11-08T22:43:06.895+0000] {processor.py:839} INFO - DAG(s) dict_keys(['example_branch_dop_operator_v3']) retrieved from /home/airflow/.local/lib/python3.8/site-packages/airflow/example_dags/example_branch_python_dop_operator_3.py
[2023-11-08T22:43:06.907+0000] {logging_mixin.py:154} INFO - [2023-11-08T22:43:06.907+0000] {dag.py:2941} INFO - Sync 1 DAGs
[2023-11-08T22:43:06.924+0000] {logging_mixin.py:154} INFO - [2023-11-08T22:43:06.924+0000] {dag.py:3722} INFO - Setting next_dagrun for example_branch_dop_operator_v3 to 2023-11-08T22:42:00+00:00, run_after=2023-11-08T22:43:00+00:00
[2023-11-08T22:43:06.934+0000] {processor.py:179} INFO - Processing /home/airflow/.local/lib/python3.8/site-packages/airflow/example_dags/example_branch_python_dop_operator_3.py took 0.057 seconds
[2023-11-08T22:43:38.623+0000] {processor.py:157} INFO - Started process (PID=67) to work on /home/airflow/.local/lib/python3.8/site-packages/airflow/example_dags/example_branch_python_dop_operator_3.py
[2023-11-08T22:43:38.624+0000] {processor.py:829} INFO - Processing file /home/airflow/.local/lib/python3.8/site-packages/airflow/example_dags/example_branch_python_dop_operator_3.py for tasks to queue
[2023-11-08T22:43:38.626+0000] {logging_mixin.py:154} INFO - [2023-11-08T22:43:38.625+0000] {dagbag.py:536} INFO - Filling up the DagBag from /home/airflow/.local/lib/python3.8/site-packages/airflow/example_dags/example_branch_python_dop_operator_3.py
[2023-11-08T22:43:38.633+0000] {processor.py:839} INFO - DAG(s) dict_keys(['example_branch_dop_operator_v3']) retrieved from /home/airflow/.local/lib/python3.8/site-packages/airflow/example_dags/example_branch_python_dop_operator_3.py
[2023-11-08T22:43:38.644+0000] {logging_mixin.py:154} INFO - [2023-11-08T22:43:38.643+0000] {dag.py:2941} INFO - Sync 1 DAGs
[2023-11-08T22:43:38.669+0000] {logging_mixin.py:154} INFO - [2023-11-08T22:43:38.669+0000] {dag.py:3722} INFO - Setting next_dagrun for example_branch_dop_operator_v3 to 2023-11-08T22:42:00+00:00, run_after=2023-11-08T22:43:00+00:00
[2023-11-08T22:43:38.687+0000] {processor.py:179} INFO - Processing /home/airflow/.local/lib/python3.8/site-packages/airflow/example_dags/example_branch_python_dop_operator_3.py took 0.066 seconds
