[2023-11-08T22:09:15.633+0000] {processor.py:157} INFO - Started process (PID=45) to work on /home/airflow/.local/lib/python3.8/site-packages/airflow/example_dags/example_branch_day_of_week_operator.py
[2023-11-08T22:09:15.634+0000] {processor.py:829} INFO - Processing file /home/airflow/.local/lib/python3.8/site-packages/airflow/example_dags/example_branch_day_of_week_operator.py for tasks to queue
[2023-11-08T22:09:15.635+0000] {logging_mixin.py:154} INFO - [2023-11-08T22:09:15.635+0000] {dagbag.py:536} INFO - Filling up the DagBag from /home/airflow/.local/lib/python3.8/site-packages/airflow/example_dags/example_branch_day_of_week_operator.py
[2023-11-08T22:09:15.643+0000] {processor.py:839} INFO - DAG(s) dict_keys(['example_weekday_branch_operator']) retrieved from /home/airflow/.local/lib/python3.8/site-packages/airflow/example_dags/example_branch_day_of_week_operator.py
[2023-11-08T22:09:15.650+0000] {logging_mixin.py:154} INFO - [2023-11-08T22:09:15.650+0000] {dag.py:2941} INFO - Sync 1 DAGs
[2023-11-08T22:09:15.666+0000] {logging_mixin.py:154} INFO - [2023-11-08T22:09:15.666+0000] {dag.py:3722} INFO - Setting next_dagrun for example_weekday_branch_operator to 2023-11-07T00:00:00+00:00, run_after=2023-11-08T00:00:00+00:00
[2023-11-08T22:09:15.678+0000] {processor.py:179} INFO - Processing /home/airflow/.local/lib/python3.8/site-packages/airflow/example_dags/example_branch_day_of_week_operator.py took 0.047 seconds
[2023-11-08T22:09:46.348+0000] {processor.py:157} INFO - Started process (PID=100) to work on /home/airflow/.local/lib/python3.8/site-packages/airflow/example_dags/example_branch_day_of_week_operator.py
[2023-11-08T22:09:46.348+0000] {processor.py:829} INFO - Processing file /home/airflow/.local/lib/python3.8/site-packages/airflow/example_dags/example_branch_day_of_week_operator.py for tasks to queue
[2023-11-08T22:09:46.350+0000] {logging_mixin.py:154} INFO - [2023-11-08T22:09:46.349+0000] {dagbag.py:536} INFO - Filling up the DagBag from /home/airflow/.local/lib/python3.8/site-packages/airflow/example_dags/example_branch_day_of_week_operator.py
[2023-11-08T22:09:46.354+0000] {processor.py:839} INFO - DAG(s) dict_keys(['example_weekday_branch_operator']) retrieved from /home/airflow/.local/lib/python3.8/site-packages/airflow/example_dags/example_branch_day_of_week_operator.py
[2023-11-08T22:09:46.367+0000] {logging_mixin.py:154} INFO - [2023-11-08T22:09:46.367+0000] {dag.py:2941} INFO - Sync 1 DAGs
[2023-11-08T22:09:46.384+0000] {logging_mixin.py:154} INFO - [2023-11-08T22:09:46.384+0000] {dag.py:3722} INFO - Setting next_dagrun for example_weekday_branch_operator to 2023-11-07T00:00:00+00:00, run_after=2023-11-08T00:00:00+00:00
[2023-11-08T22:09:46.400+0000] {processor.py:179} INFO - Processing /home/airflow/.local/lib/python3.8/site-packages/airflow/example_dags/example_branch_day_of_week_operator.py took 0.053 seconds
[2023-11-08T22:11:49.954+0000] {processor.py:157} INFO - Started process (PID=45) to work on /home/airflow/.local/lib/python3.8/site-packages/airflow/example_dags/example_branch_day_of_week_operator.py
[2023-11-08T22:11:49.955+0000] {processor.py:829} INFO - Processing file /home/airflow/.local/lib/python3.8/site-packages/airflow/example_dags/example_branch_day_of_week_operator.py for tasks to queue
[2023-11-08T22:11:49.956+0000] {logging_mixin.py:154} INFO - [2023-11-08T22:11:49.956+0000] {dagbag.py:536} INFO - Filling up the DagBag from /home/airflow/.local/lib/python3.8/site-packages/airflow/example_dags/example_branch_day_of_week_operator.py
[2023-11-08T22:11:49.962+0000] {processor.py:839} INFO - DAG(s) dict_keys(['example_weekday_branch_operator']) retrieved from /home/airflow/.local/lib/python3.8/site-packages/airflow/example_dags/example_branch_day_of_week_operator.py
[2023-11-08T22:11:49.971+0000] {logging_mixin.py:154} INFO - [2023-11-08T22:11:49.971+0000] {dag.py:2941} INFO - Sync 1 DAGs
[2023-11-08T22:11:49.995+0000] {logging_mixin.py:154} INFO - [2023-11-08T22:11:49.995+0000] {dag.py:3722} INFO - Setting next_dagrun for example_weekday_branch_operator to 2023-11-07T00:00:00+00:00, run_after=2023-11-08T00:00:00+00:00
[2023-11-08T22:11:50.010+0000] {processor.py:179} INFO - Processing /home/airflow/.local/lib/python3.8/site-packages/airflow/example_dags/example_branch_day_of_week_operator.py took 0.058 seconds
[2023-11-08T22:12:20.039+0000] {processor.py:157} INFO - Started process (PID=99) to work on /home/airflow/.local/lib/python3.8/site-packages/airflow/example_dags/example_branch_day_of_week_operator.py
[2023-11-08T22:12:20.040+0000] {processor.py:829} INFO - Processing file /home/airflow/.local/lib/python3.8/site-packages/airflow/example_dags/example_branch_day_of_week_operator.py for tasks to queue
[2023-11-08T22:12:20.041+0000] {logging_mixin.py:154} INFO - [2023-11-08T22:12:20.041+0000] {dagbag.py:536} INFO - Filling up the DagBag from /home/airflow/.local/lib/python3.8/site-packages/airflow/example_dags/example_branch_day_of_week_operator.py
[2023-11-08T22:12:20.045+0000] {processor.py:839} INFO - DAG(s) dict_keys(['example_weekday_branch_operator']) retrieved from /home/airflow/.local/lib/python3.8/site-packages/airflow/example_dags/example_branch_day_of_week_operator.py
[2023-11-08T22:12:20.057+0000] {logging_mixin.py:154} INFO - [2023-11-08T22:12:20.057+0000] {dag.py:2941} INFO - Sync 1 DAGs
[2023-11-08T22:12:20.070+0000] {logging_mixin.py:154} INFO - [2023-11-08T22:12:20.070+0000] {dag.py:3722} INFO - Setting next_dagrun for example_weekday_branch_operator to 2023-11-07T00:00:00+00:00, run_after=2023-11-08T00:00:00+00:00
[2023-11-08T22:12:20.079+0000] {processor.py:179} INFO - Processing /home/airflow/.local/lib/python3.8/site-packages/airflow/example_dags/example_branch_day_of_week_operator.py took 0.042 seconds
[2023-11-08T22:12:50.138+0000] {processor.py:157} INFO - Started process (PID=153) to work on /home/airflow/.local/lib/python3.8/site-packages/airflow/example_dags/example_branch_day_of_week_operator.py
[2023-11-08T22:12:50.138+0000] {processor.py:829} INFO - Processing file /home/airflow/.local/lib/python3.8/site-packages/airflow/example_dags/example_branch_day_of_week_operator.py for tasks to queue
[2023-11-08T22:12:50.139+0000] {logging_mixin.py:154} INFO - [2023-11-08T22:12:50.139+0000] {dagbag.py:536} INFO - Filling up the DagBag from /home/airflow/.local/lib/python3.8/site-packages/airflow/example_dags/example_branch_day_of_week_operator.py
[2023-11-08T22:12:50.144+0000] {processor.py:839} INFO - DAG(s) dict_keys(['example_weekday_branch_operator']) retrieved from /home/airflow/.local/lib/python3.8/site-packages/airflow/example_dags/example_branch_day_of_week_operator.py
[2023-11-08T22:12:50.155+0000] {logging_mixin.py:154} INFO - [2023-11-08T22:12:50.155+0000] {dag.py:2941} INFO - Sync 1 DAGs
[2023-11-08T22:12:50.167+0000] {logging_mixin.py:154} INFO - [2023-11-08T22:12:50.167+0000] {dag.py:3722} INFO - Setting next_dagrun for example_weekday_branch_operator to 2023-11-07T00:00:00+00:00, run_after=2023-11-08T00:00:00+00:00
[2023-11-08T22:12:50.176+0000] {processor.py:179} INFO - Processing /home/airflow/.local/lib/python3.8/site-packages/airflow/example_dags/example_branch_day_of_week_operator.py took 0.040 seconds
[2023-11-08T22:13:20.755+0000] {processor.py:157} INFO - Started process (PID=207) to work on /home/airflow/.local/lib/python3.8/site-packages/airflow/example_dags/example_branch_day_of_week_operator.py
[2023-11-08T22:13:20.755+0000] {processor.py:829} INFO - Processing file /home/airflow/.local/lib/python3.8/site-packages/airflow/example_dags/example_branch_day_of_week_operator.py for tasks to queue
[2023-11-08T22:13:20.756+0000] {logging_mixin.py:154} INFO - [2023-11-08T22:13:20.756+0000] {dagbag.py:536} INFO - Filling up the DagBag from /home/airflow/.local/lib/python3.8/site-packages/airflow/example_dags/example_branch_day_of_week_operator.py
[2023-11-08T22:13:20.761+0000] {processor.py:839} INFO - DAG(s) dict_keys(['example_weekday_branch_operator']) retrieved from /home/airflow/.local/lib/python3.8/site-packages/airflow/example_dags/example_branch_day_of_week_operator.py
[2023-11-08T22:13:20.773+0000] {logging_mixin.py:154} INFO - [2023-11-08T22:13:20.772+0000] {dag.py:2941} INFO - Sync 1 DAGs
[2023-11-08T22:13:20.786+0000] {logging_mixin.py:154} INFO - [2023-11-08T22:13:20.786+0000] {dag.py:3722} INFO - Setting next_dagrun for example_weekday_branch_operator to 2023-11-07T00:00:00+00:00, run_after=2023-11-08T00:00:00+00:00
[2023-11-08T22:13:20.796+0000] {processor.py:179} INFO - Processing /home/airflow/.local/lib/python3.8/site-packages/airflow/example_dags/example_branch_day_of_week_operator.py took 0.043 seconds
[2023-11-08T22:13:51.410+0000] {processor.py:157} INFO - Started process (PID=261) to work on /home/airflow/.local/lib/python3.8/site-packages/airflow/example_dags/example_branch_day_of_week_operator.py
[2023-11-08T22:13:51.410+0000] {processor.py:829} INFO - Processing file /home/airflow/.local/lib/python3.8/site-packages/airflow/example_dags/example_branch_day_of_week_operator.py for tasks to queue
[2023-11-08T22:13:51.412+0000] {logging_mixin.py:154} INFO - [2023-11-08T22:13:51.412+0000] {dagbag.py:536} INFO - Filling up the DagBag from /home/airflow/.local/lib/python3.8/site-packages/airflow/example_dags/example_branch_day_of_week_operator.py
[2023-11-08T22:13:51.417+0000] {processor.py:839} INFO - DAG(s) dict_keys(['example_weekday_branch_operator']) retrieved from /home/airflow/.local/lib/python3.8/site-packages/airflow/example_dags/example_branch_day_of_week_operator.py
[2023-11-08T22:13:51.430+0000] {logging_mixin.py:154} INFO - [2023-11-08T22:13:51.430+0000] {dag.py:2941} INFO - Sync 1 DAGs
[2023-11-08T22:13:51.445+0000] {logging_mixin.py:154} INFO - [2023-11-08T22:13:51.445+0000] {dag.py:3722} INFO - Setting next_dagrun for example_weekday_branch_operator to 2023-11-07T00:00:00+00:00, run_after=2023-11-08T00:00:00+00:00
[2023-11-08T22:13:51.455+0000] {processor.py:179} INFO - Processing /home/airflow/.local/lib/python3.8/site-packages/airflow/example_dags/example_branch_day_of_week_operator.py took 0.048 seconds
[2023-11-08T22:14:22.104+0000] {processor.py:157} INFO - Started process (PID=315) to work on /home/airflow/.local/lib/python3.8/site-packages/airflow/example_dags/example_branch_day_of_week_operator.py
[2023-11-08T22:14:22.105+0000] {processor.py:829} INFO - Processing file /home/airflow/.local/lib/python3.8/site-packages/airflow/example_dags/example_branch_day_of_week_operator.py for tasks to queue
[2023-11-08T22:14:22.106+0000] {logging_mixin.py:154} INFO - [2023-11-08T22:14:22.106+0000] {dagbag.py:536} INFO - Filling up the DagBag from /home/airflow/.local/lib/python3.8/site-packages/airflow/example_dags/example_branch_day_of_week_operator.py
[2023-11-08T22:14:22.110+0000] {processor.py:839} INFO - DAG(s) dict_keys(['example_weekday_branch_operator']) retrieved from /home/airflow/.local/lib/python3.8/site-packages/airflow/example_dags/example_branch_day_of_week_operator.py
[2023-11-08T22:14:22.123+0000] {logging_mixin.py:154} INFO - [2023-11-08T22:14:22.122+0000] {dag.py:2941} INFO - Sync 1 DAGs
[2023-11-08T22:14:22.136+0000] {logging_mixin.py:154} INFO - [2023-11-08T22:14:22.136+0000] {dag.py:3722} INFO - Setting next_dagrun for example_weekday_branch_operator to 2023-11-07T00:00:00+00:00, run_after=2023-11-08T00:00:00+00:00
[2023-11-08T22:14:22.145+0000] {processor.py:179} INFO - Processing /home/airflow/.local/lib/python3.8/site-packages/airflow/example_dags/example_branch_day_of_week_operator.py took 0.043 seconds
[2023-11-08T22:14:52.635+0000] {processor.py:157} INFO - Started process (PID=369) to work on /home/airflow/.local/lib/python3.8/site-packages/airflow/example_dags/example_branch_day_of_week_operator.py
[2023-11-08T22:14:52.635+0000] {processor.py:829} INFO - Processing file /home/airflow/.local/lib/python3.8/site-packages/airflow/example_dags/example_branch_day_of_week_operator.py for tasks to queue
[2023-11-08T22:14:52.636+0000] {logging_mixin.py:154} INFO - [2023-11-08T22:14:52.636+0000] {dagbag.py:536} INFO - Filling up the DagBag from /home/airflow/.local/lib/python3.8/site-packages/airflow/example_dags/example_branch_day_of_week_operator.py
[2023-11-08T22:14:52.641+0000] {processor.py:839} INFO - DAG(s) dict_keys(['example_weekday_branch_operator']) retrieved from /home/airflow/.local/lib/python3.8/site-packages/airflow/example_dags/example_branch_day_of_week_operator.py
[2023-11-08T22:14:52.654+0000] {logging_mixin.py:154} INFO - [2023-11-08T22:14:52.654+0000] {dag.py:2941} INFO - Sync 1 DAGs
[2023-11-08T22:14:52.668+0000] {logging_mixin.py:154} INFO - [2023-11-08T22:14:52.668+0000] {dag.py:3722} INFO - Setting next_dagrun for example_weekday_branch_operator to 2023-11-07T00:00:00+00:00, run_after=2023-11-08T00:00:00+00:00
[2023-11-08T22:14:52.680+0000] {processor.py:179} INFO - Processing /home/airflow/.local/lib/python3.8/site-packages/airflow/example_dags/example_branch_day_of_week_operator.py took 0.047 seconds
[2023-11-08T22:15:23.320+0000] {processor.py:157} INFO - Started process (PID=424) to work on /home/airflow/.local/lib/python3.8/site-packages/airflow/example_dags/example_branch_day_of_week_operator.py
[2023-11-08T22:15:23.320+0000] {processor.py:829} INFO - Processing file /home/airflow/.local/lib/python3.8/site-packages/airflow/example_dags/example_branch_day_of_week_operator.py for tasks to queue
[2023-11-08T22:15:23.321+0000] {logging_mixin.py:154} INFO - [2023-11-08T22:15:23.321+0000] {dagbag.py:536} INFO - Filling up the DagBag from /home/airflow/.local/lib/python3.8/site-packages/airflow/example_dags/example_branch_day_of_week_operator.py
[2023-11-08T22:15:23.325+0000] {processor.py:839} INFO - DAG(s) dict_keys(['example_weekday_branch_operator']) retrieved from /home/airflow/.local/lib/python3.8/site-packages/airflow/example_dags/example_branch_day_of_week_operator.py
[2023-11-08T22:15:23.339+0000] {logging_mixin.py:154} INFO - [2023-11-08T22:15:23.339+0000] {dag.py:2941} INFO - Sync 1 DAGs
[2023-11-08T22:15:23.355+0000] {logging_mixin.py:154} INFO - [2023-11-08T22:15:23.355+0000] {dag.py:3722} INFO - Setting next_dagrun for example_weekday_branch_operator to 2023-11-07T00:00:00+00:00, run_after=2023-11-08T00:00:00+00:00
[2023-11-08T22:15:23.368+0000] {processor.py:179} INFO - Processing /home/airflow/.local/lib/python3.8/site-packages/airflow/example_dags/example_branch_day_of_week_operator.py took 0.050 seconds
[2023-11-08T22:15:54.067+0000] {processor.py:157} INFO - Started process (PID=478) to work on /home/airflow/.local/lib/python3.8/site-packages/airflow/example_dags/example_branch_day_of_week_operator.py
[2023-11-08T22:15:54.068+0000] {processor.py:829} INFO - Processing file /home/airflow/.local/lib/python3.8/site-packages/airflow/example_dags/example_branch_day_of_week_operator.py for tasks to queue
[2023-11-08T22:15:54.069+0000] {logging_mixin.py:154} INFO - [2023-11-08T22:15:54.069+0000] {dagbag.py:536} INFO - Filling up the DagBag from /home/airflow/.local/lib/python3.8/site-packages/airflow/example_dags/example_branch_day_of_week_operator.py
[2023-11-08T22:15:54.073+0000] {processor.py:839} INFO - DAG(s) dict_keys(['example_weekday_branch_operator']) retrieved from /home/airflow/.local/lib/python3.8/site-packages/airflow/example_dags/example_branch_day_of_week_operator.py
[2023-11-08T22:15:54.085+0000] {logging_mixin.py:154} INFO - [2023-11-08T22:15:54.085+0000] {dag.py:2941} INFO - Sync 1 DAGs
[2023-11-08T22:15:54.098+0000] {logging_mixin.py:154} INFO - [2023-11-08T22:15:54.098+0000] {dag.py:3722} INFO - Setting next_dagrun for example_weekday_branch_operator to 2023-11-07T00:00:00+00:00, run_after=2023-11-08T00:00:00+00:00
[2023-11-08T22:15:54.108+0000] {processor.py:179} INFO - Processing /home/airflow/.local/lib/python3.8/site-packages/airflow/example_dags/example_branch_day_of_week_operator.py took 0.042 seconds
[2023-11-08T22:16:24.622+0000] {processor.py:157} INFO - Started process (PID=531) to work on /home/airflow/.local/lib/python3.8/site-packages/airflow/example_dags/example_branch_day_of_week_operator.py
[2023-11-08T22:16:24.623+0000] {processor.py:829} INFO - Processing file /home/airflow/.local/lib/python3.8/site-packages/airflow/example_dags/example_branch_day_of_week_operator.py for tasks to queue
[2023-11-08T22:16:24.624+0000] {logging_mixin.py:154} INFO - [2023-11-08T22:16:24.624+0000] {dagbag.py:536} INFO - Filling up the DagBag from /home/airflow/.local/lib/python3.8/site-packages/airflow/example_dags/example_branch_day_of_week_operator.py
[2023-11-08T22:16:24.628+0000] {processor.py:839} INFO - DAG(s) dict_keys(['example_weekday_branch_operator']) retrieved from /home/airflow/.local/lib/python3.8/site-packages/airflow/example_dags/example_branch_day_of_week_operator.py
[2023-11-08T22:16:24.640+0000] {logging_mixin.py:154} INFO - [2023-11-08T22:16:24.640+0000] {dag.py:2941} INFO - Sync 1 DAGs
[2023-11-08T22:16:24.653+0000] {logging_mixin.py:154} INFO - [2023-11-08T22:16:24.653+0000] {dag.py:3722} INFO - Setting next_dagrun for example_weekday_branch_operator to 2023-11-07T00:00:00+00:00, run_after=2023-11-08T00:00:00+00:00
[2023-11-08T22:16:24.664+0000] {processor.py:179} INFO - Processing /home/airflow/.local/lib/python3.8/site-packages/airflow/example_dags/example_branch_day_of_week_operator.py took 0.043 seconds
[2023-11-08T22:16:55.322+0000] {processor.py:157} INFO - Started process (PID=585) to work on /home/airflow/.local/lib/python3.8/site-packages/airflow/example_dags/example_branch_day_of_week_operator.py
[2023-11-08T22:16:55.323+0000] {processor.py:829} INFO - Processing file /home/airflow/.local/lib/python3.8/site-packages/airflow/example_dags/example_branch_day_of_week_operator.py for tasks to queue
[2023-11-08T22:16:55.324+0000] {logging_mixin.py:154} INFO - [2023-11-08T22:16:55.324+0000] {dagbag.py:536} INFO - Filling up the DagBag from /home/airflow/.local/lib/python3.8/site-packages/airflow/example_dags/example_branch_day_of_week_operator.py
[2023-11-08T22:16:55.328+0000] {processor.py:839} INFO - DAG(s) dict_keys(['example_weekday_branch_operator']) retrieved from /home/airflow/.local/lib/python3.8/site-packages/airflow/example_dags/example_branch_day_of_week_operator.py
[2023-11-08T22:16:55.340+0000] {logging_mixin.py:154} INFO - [2023-11-08T22:16:55.340+0000] {dag.py:2941} INFO - Sync 1 DAGs
[2023-11-08T22:16:55.354+0000] {logging_mixin.py:154} INFO - [2023-11-08T22:16:55.354+0000] {dag.py:3722} INFO - Setting next_dagrun for example_weekday_branch_operator to 2023-11-07T00:00:00+00:00, run_after=2023-11-08T00:00:00+00:00
[2023-11-08T22:16:55.366+0000] {processor.py:179} INFO - Processing /home/airflow/.local/lib/python3.8/site-packages/airflow/example_dags/example_branch_day_of_week_operator.py took 0.046 seconds
[2023-11-08T22:17:25.965+0000] {processor.py:157} INFO - Started process (PID=640) to work on /home/airflow/.local/lib/python3.8/site-packages/airflow/example_dags/example_branch_day_of_week_operator.py
[2023-11-08T22:17:25.966+0000] {processor.py:829} INFO - Processing file /home/airflow/.local/lib/python3.8/site-packages/airflow/example_dags/example_branch_day_of_week_operator.py for tasks to queue
[2023-11-08T22:17:25.967+0000] {logging_mixin.py:154} INFO - [2023-11-08T22:17:25.967+0000] {dagbag.py:536} INFO - Filling up the DagBag from /home/airflow/.local/lib/python3.8/site-packages/airflow/example_dags/example_branch_day_of_week_operator.py
[2023-11-08T22:17:25.974+0000] {processor.py:839} INFO - DAG(s) dict_keys(['example_weekday_branch_operator']) retrieved from /home/airflow/.local/lib/python3.8/site-packages/airflow/example_dags/example_branch_day_of_week_operator.py
[2023-11-08T22:17:25.992+0000] {logging_mixin.py:154} INFO - [2023-11-08T22:17:25.992+0000] {dag.py:2941} INFO - Sync 1 DAGs
[2023-11-08T22:17:26.014+0000] {logging_mixin.py:154} INFO - [2023-11-08T22:17:26.013+0000] {dag.py:3722} INFO - Setting next_dagrun for example_weekday_branch_operator to 2023-11-07T00:00:00+00:00, run_after=2023-11-08T00:00:00+00:00
[2023-11-08T22:17:26.024+0000] {processor.py:179} INFO - Processing /home/airflow/.local/lib/python3.8/site-packages/airflow/example_dags/example_branch_day_of_week_operator.py took 0.062 seconds
[2023-11-08T22:17:56.668+0000] {processor.py:157} INFO - Started process (PID=694) to work on /home/airflow/.local/lib/python3.8/site-packages/airflow/example_dags/example_branch_day_of_week_operator.py
[2023-11-08T22:17:56.668+0000] {processor.py:829} INFO - Processing file /home/airflow/.local/lib/python3.8/site-packages/airflow/example_dags/example_branch_day_of_week_operator.py for tasks to queue
[2023-11-08T22:17:56.669+0000] {logging_mixin.py:154} INFO - [2023-11-08T22:17:56.669+0000] {dagbag.py:536} INFO - Filling up the DagBag from /home/airflow/.local/lib/python3.8/site-packages/airflow/example_dags/example_branch_day_of_week_operator.py
[2023-11-08T22:17:56.674+0000] {processor.py:839} INFO - DAG(s) dict_keys(['example_weekday_branch_operator']) retrieved from /home/airflow/.local/lib/python3.8/site-packages/airflow/example_dags/example_branch_day_of_week_operator.py
[2023-11-08T22:17:56.686+0000] {logging_mixin.py:154} INFO - [2023-11-08T22:17:56.686+0000] {dag.py:2941} INFO - Sync 1 DAGs
[2023-11-08T22:17:56.700+0000] {logging_mixin.py:154} INFO - [2023-11-08T22:17:56.700+0000] {dag.py:3722} INFO - Setting next_dagrun for example_weekday_branch_operator to 2023-11-07T00:00:00+00:00, run_after=2023-11-08T00:00:00+00:00
[2023-11-08T22:17:56.711+0000] {processor.py:179} INFO - Processing /home/airflow/.local/lib/python3.8/site-packages/airflow/example_dags/example_branch_day_of_week_operator.py took 0.045 seconds
[2023-11-08T22:18:27.384+0000] {processor.py:157} INFO - Started process (PID=749) to work on /home/airflow/.local/lib/python3.8/site-packages/airflow/example_dags/example_branch_day_of_week_operator.py
[2023-11-08T22:18:27.385+0000] {processor.py:829} INFO - Processing file /home/airflow/.local/lib/python3.8/site-packages/airflow/example_dags/example_branch_day_of_week_operator.py for tasks to queue
[2023-11-08T22:18:27.386+0000] {logging_mixin.py:154} INFO - [2023-11-08T22:18:27.386+0000] {dagbag.py:536} INFO - Filling up the DagBag from /home/airflow/.local/lib/python3.8/site-packages/airflow/example_dags/example_branch_day_of_week_operator.py
[2023-11-08T22:18:27.391+0000] {processor.py:839} INFO - DAG(s) dict_keys(['example_weekday_branch_operator']) retrieved from /home/airflow/.local/lib/python3.8/site-packages/airflow/example_dags/example_branch_day_of_week_operator.py
[2023-11-08T22:18:27.406+0000] {logging_mixin.py:154} INFO - [2023-11-08T22:18:27.405+0000] {dag.py:2941} INFO - Sync 1 DAGs
[2023-11-08T22:18:27.423+0000] {logging_mixin.py:154} INFO - [2023-11-08T22:18:27.422+0000] {dag.py:3722} INFO - Setting next_dagrun for example_weekday_branch_operator to 2023-11-07T00:00:00+00:00, run_after=2023-11-08T00:00:00+00:00
[2023-11-08T22:18:27.440+0000] {processor.py:179} INFO - Processing /home/airflow/.local/lib/python3.8/site-packages/airflow/example_dags/example_branch_day_of_week_operator.py took 0.058 seconds
[2023-11-08T22:18:58.405+0000] {processor.py:157} INFO - Started process (PID=803) to work on /home/airflow/.local/lib/python3.8/site-packages/airflow/example_dags/example_branch_day_of_week_operator.py
[2023-11-08T22:18:58.413+0000] {processor.py:829} INFO - Processing file /home/airflow/.local/lib/python3.8/site-packages/airflow/example_dags/example_branch_day_of_week_operator.py for tasks to queue
[2023-11-08T22:18:58.415+0000] {logging_mixin.py:154} INFO - [2023-11-08T22:18:58.415+0000] {dagbag.py:536} INFO - Filling up the DagBag from /home/airflow/.local/lib/python3.8/site-packages/airflow/example_dags/example_branch_day_of_week_operator.py
[2023-11-08T22:18:58.422+0000] {processor.py:839} INFO - DAG(s) dict_keys(['example_weekday_branch_operator']) retrieved from /home/airflow/.local/lib/python3.8/site-packages/airflow/example_dags/example_branch_day_of_week_operator.py
[2023-11-08T22:18:58.436+0000] {logging_mixin.py:154} INFO - [2023-11-08T22:18:58.436+0000] {dag.py:2941} INFO - Sync 1 DAGs
[2023-11-08T22:18:58.451+0000] {logging_mixin.py:154} INFO - [2023-11-08T22:18:58.451+0000] {dag.py:3722} INFO - Setting next_dagrun for example_weekday_branch_operator to 2023-11-07T00:00:00+00:00, run_after=2023-11-08T00:00:00+00:00
[2023-11-08T22:18:58.461+0000] {processor.py:179} INFO - Processing /home/airflow/.local/lib/python3.8/site-packages/airflow/example_dags/example_branch_day_of_week_operator.py took 0.059 seconds
[2023-11-08T22:19:28.634+0000] {processor.py:157} INFO - Started process (PID=857) to work on /home/airflow/.local/lib/python3.8/site-packages/airflow/example_dags/example_branch_day_of_week_operator.py
[2023-11-08T22:19:28.635+0000] {processor.py:829} INFO - Processing file /home/airflow/.local/lib/python3.8/site-packages/airflow/example_dags/example_branch_day_of_week_operator.py for tasks to queue
[2023-11-08T22:19:28.636+0000] {logging_mixin.py:154} INFO - [2023-11-08T22:19:28.636+0000] {dagbag.py:536} INFO - Filling up the DagBag from /home/airflow/.local/lib/python3.8/site-packages/airflow/example_dags/example_branch_day_of_week_operator.py
[2023-11-08T22:19:28.640+0000] {processor.py:839} INFO - DAG(s) dict_keys(['example_weekday_branch_operator']) retrieved from /home/airflow/.local/lib/python3.8/site-packages/airflow/example_dags/example_branch_day_of_week_operator.py
[2023-11-08T22:19:28.654+0000] {logging_mixin.py:154} INFO - [2023-11-08T22:19:28.654+0000] {dag.py:2941} INFO - Sync 1 DAGs
[2023-11-08T22:19:28.669+0000] {logging_mixin.py:154} INFO - [2023-11-08T22:19:28.669+0000] {dag.py:3722} INFO - Setting next_dagrun for example_weekday_branch_operator to 2023-11-07T00:00:00+00:00, run_after=2023-11-08T00:00:00+00:00
[2023-11-08T22:19:28.680+0000] {processor.py:179} INFO - Processing /home/airflow/.local/lib/python3.8/site-packages/airflow/example_dags/example_branch_day_of_week_operator.py took 0.049 seconds
[2023-11-08T22:19:59.478+0000] {processor.py:157} INFO - Started process (PID=911) to work on /home/airflow/.local/lib/python3.8/site-packages/airflow/example_dags/example_branch_day_of_week_operator.py
[2023-11-08T22:19:59.486+0000] {processor.py:829} INFO - Processing file /home/airflow/.local/lib/python3.8/site-packages/airflow/example_dags/example_branch_day_of_week_operator.py for tasks to queue
[2023-11-08T22:19:59.488+0000] {logging_mixin.py:154} INFO - [2023-11-08T22:19:59.487+0000] {dagbag.py:536} INFO - Filling up the DagBag from /home/airflow/.local/lib/python3.8/site-packages/airflow/example_dags/example_branch_day_of_week_operator.py
[2023-11-08T22:19:59.496+0000] {processor.py:839} INFO - DAG(s) dict_keys(['example_weekday_branch_operator']) retrieved from /home/airflow/.local/lib/python3.8/site-packages/airflow/example_dags/example_branch_day_of_week_operator.py
[2023-11-08T22:19:59.510+0000] {logging_mixin.py:154} INFO - [2023-11-08T22:19:59.510+0000] {dag.py:2941} INFO - Sync 1 DAGs
[2023-11-08T22:19:59.524+0000] {logging_mixin.py:154} INFO - [2023-11-08T22:19:59.524+0000] {dag.py:3722} INFO - Setting next_dagrun for example_weekday_branch_operator to 2023-11-07T00:00:00+00:00, run_after=2023-11-08T00:00:00+00:00
[2023-11-08T22:19:59.632+0000] {processor.py:179} INFO - Processing /home/airflow/.local/lib/python3.8/site-packages/airflow/example_dags/example_branch_day_of_week_operator.py took 0.158 seconds
[2023-11-08T22:20:29.713+0000] {processor.py:157} INFO - Started process (PID=965) to work on /home/airflow/.local/lib/python3.8/site-packages/airflow/example_dags/example_branch_day_of_week_operator.py
[2023-11-08T22:20:29.722+0000] {processor.py:829} INFO - Processing file /home/airflow/.local/lib/python3.8/site-packages/airflow/example_dags/example_branch_day_of_week_operator.py for tasks to queue
[2023-11-08T22:20:29.723+0000] {logging_mixin.py:154} INFO - [2023-11-08T22:20:29.723+0000] {dagbag.py:536} INFO - Filling up the DagBag from /home/airflow/.local/lib/python3.8/site-packages/airflow/example_dags/example_branch_day_of_week_operator.py
[2023-11-08T22:20:29.728+0000] {processor.py:839} INFO - DAG(s) dict_keys(['example_weekday_branch_operator']) retrieved from /home/airflow/.local/lib/python3.8/site-packages/airflow/example_dags/example_branch_day_of_week_operator.py
[2023-11-08T22:20:29.740+0000] {logging_mixin.py:154} INFO - [2023-11-08T22:20:29.740+0000] {dag.py:2941} INFO - Sync 1 DAGs
[2023-11-08T22:20:29.754+0000] {logging_mixin.py:154} INFO - [2023-11-08T22:20:29.754+0000] {dag.py:3722} INFO - Setting next_dagrun for example_weekday_branch_operator to 2023-11-07T00:00:00+00:00, run_after=2023-11-08T00:00:00+00:00
[2023-11-08T22:20:29.765+0000] {processor.py:179} INFO - Processing /home/airflow/.local/lib/python3.8/site-packages/airflow/example_dags/example_branch_day_of_week_operator.py took 0.054 seconds
[2023-11-08T22:20:59.787+0000] {processor.py:157} INFO - Started process (PID=1019) to work on /home/airflow/.local/lib/python3.8/site-packages/airflow/example_dags/example_branch_day_of_week_operator.py
[2023-11-08T22:20:59.788+0000] {processor.py:829} INFO - Processing file /home/airflow/.local/lib/python3.8/site-packages/airflow/example_dags/example_branch_day_of_week_operator.py for tasks to queue
[2023-11-08T22:20:59.789+0000] {logging_mixin.py:154} INFO - [2023-11-08T22:20:59.789+0000] {dagbag.py:536} INFO - Filling up the DagBag from /home/airflow/.local/lib/python3.8/site-packages/airflow/example_dags/example_branch_day_of_week_operator.py
[2023-11-08T22:20:59.794+0000] {processor.py:839} INFO - DAG(s) dict_keys(['example_weekday_branch_operator']) retrieved from /home/airflow/.local/lib/python3.8/site-packages/airflow/example_dags/example_branch_day_of_week_operator.py
[2023-11-08T22:20:59.809+0000] {logging_mixin.py:154} INFO - [2023-11-08T22:20:59.808+0000] {dag.py:2941} INFO - Sync 1 DAGs
[2023-11-08T22:20:59.824+0000] {logging_mixin.py:154} INFO - [2023-11-08T22:20:59.824+0000] {dag.py:3722} INFO - Setting next_dagrun for example_weekday_branch_operator to 2023-11-07T00:00:00+00:00, run_after=2023-11-08T00:00:00+00:00
[2023-11-08T22:20:59.837+0000] {processor.py:179} INFO - Processing /home/airflow/.local/lib/python3.8/site-packages/airflow/example_dags/example_branch_day_of_week_operator.py took 0.051 seconds
[2023-11-08T22:21:30.256+0000] {processor.py:157} INFO - Started process (PID=1072) to work on /home/airflow/.local/lib/python3.8/site-packages/airflow/example_dags/example_branch_day_of_week_operator.py
[2023-11-08T22:21:30.257+0000] {processor.py:829} INFO - Processing file /home/airflow/.local/lib/python3.8/site-packages/airflow/example_dags/example_branch_day_of_week_operator.py for tasks to queue
[2023-11-08T22:21:30.258+0000] {logging_mixin.py:154} INFO - [2023-11-08T22:21:30.258+0000] {dagbag.py:536} INFO - Filling up the DagBag from /home/airflow/.local/lib/python3.8/site-packages/airflow/example_dags/example_branch_day_of_week_operator.py
[2023-11-08T22:21:30.263+0000] {processor.py:839} INFO - DAG(s) dict_keys(['example_weekday_branch_operator']) retrieved from /home/airflow/.local/lib/python3.8/site-packages/airflow/example_dags/example_branch_day_of_week_operator.py
[2023-11-08T22:21:30.277+0000] {logging_mixin.py:154} INFO - [2023-11-08T22:21:30.276+0000] {dag.py:2941} INFO - Sync 1 DAGs
[2023-11-08T22:21:30.292+0000] {logging_mixin.py:154} INFO - [2023-11-08T22:21:30.292+0000] {dag.py:3722} INFO - Setting next_dagrun for example_weekday_branch_operator to 2023-11-07T00:00:00+00:00, run_after=2023-11-08T00:00:00+00:00
[2023-11-08T22:21:30.399+0000] {processor.py:179} INFO - Processing /home/airflow/.local/lib/python3.8/site-packages/airflow/example_dags/example_branch_day_of_week_operator.py took 0.145 seconds
[2023-11-08T22:22:00.789+0000] {processor.py:157} INFO - Started process (PID=1126) to work on /home/airflow/.local/lib/python3.8/site-packages/airflow/example_dags/example_branch_day_of_week_operator.py
[2023-11-08T22:22:00.789+0000] {processor.py:829} INFO - Processing file /home/airflow/.local/lib/python3.8/site-packages/airflow/example_dags/example_branch_day_of_week_operator.py for tasks to queue
[2023-11-08T22:22:00.790+0000] {logging_mixin.py:154} INFO - [2023-11-08T22:22:00.790+0000] {dagbag.py:536} INFO - Filling up the DagBag from /home/airflow/.local/lib/python3.8/site-packages/airflow/example_dags/example_branch_day_of_week_operator.py
[2023-11-08T22:22:00.794+0000] {processor.py:839} INFO - DAG(s) dict_keys(['example_weekday_branch_operator']) retrieved from /home/airflow/.local/lib/python3.8/site-packages/airflow/example_dags/example_branch_day_of_week_operator.py
[2023-11-08T22:22:00.807+0000] {logging_mixin.py:154} INFO - [2023-11-08T22:22:00.806+0000] {dag.py:2941} INFO - Sync 1 DAGs
[2023-11-08T22:22:00.820+0000] {logging_mixin.py:154} INFO - [2023-11-08T22:22:00.820+0000] {dag.py:3722} INFO - Setting next_dagrun for example_weekday_branch_operator to 2023-11-07T00:00:00+00:00, run_after=2023-11-08T00:00:00+00:00
[2023-11-08T22:22:00.830+0000] {processor.py:179} INFO - Processing /home/airflow/.local/lib/python3.8/site-packages/airflow/example_dags/example_branch_day_of_week_operator.py took 0.043 seconds
[2023-11-08T22:22:31.130+0000] {processor.py:157} INFO - Started process (PID=1179) to work on /home/airflow/.local/lib/python3.8/site-packages/airflow/example_dags/example_branch_day_of_week_operator.py
[2023-11-08T22:22:31.131+0000] {processor.py:829} INFO - Processing file /home/airflow/.local/lib/python3.8/site-packages/airflow/example_dags/example_branch_day_of_week_operator.py for tasks to queue
[2023-11-08T22:22:31.132+0000] {logging_mixin.py:154} INFO - [2023-11-08T22:22:31.132+0000] {dagbag.py:536} INFO - Filling up the DagBag from /home/airflow/.local/lib/python3.8/site-packages/airflow/example_dags/example_branch_day_of_week_operator.py
[2023-11-08T22:22:31.136+0000] {processor.py:839} INFO - DAG(s) dict_keys(['example_weekday_branch_operator']) retrieved from /home/airflow/.local/lib/python3.8/site-packages/airflow/example_dags/example_branch_day_of_week_operator.py
[2023-11-08T22:22:31.148+0000] {logging_mixin.py:154} INFO - [2023-11-08T22:22:31.148+0000] {dag.py:2941} INFO - Sync 1 DAGs
[2023-11-08T22:22:31.161+0000] {logging_mixin.py:154} INFO - [2023-11-08T22:22:31.161+0000] {dag.py:3722} INFO - Setting next_dagrun for example_weekday_branch_operator to 2023-11-07T00:00:00+00:00, run_after=2023-11-08T00:00:00+00:00
[2023-11-08T22:22:31.171+0000] {processor.py:179} INFO - Processing /home/airflow/.local/lib/python3.8/site-packages/airflow/example_dags/example_branch_day_of_week_operator.py took 0.043 seconds
[2023-11-08T22:23:02.518+0000] {processor.py:157} INFO - Started process (PID=1232) to work on /home/airflow/.local/lib/python3.8/site-packages/airflow/example_dags/example_branch_day_of_week_operator.py
[2023-11-08T22:23:02.519+0000] {processor.py:829} INFO - Processing file /home/airflow/.local/lib/python3.8/site-packages/airflow/example_dags/example_branch_day_of_week_operator.py for tasks to queue
[2023-11-08T22:23:02.520+0000] {logging_mixin.py:154} INFO - [2023-11-08T22:23:02.520+0000] {dagbag.py:536} INFO - Filling up the DagBag from /home/airflow/.local/lib/python3.8/site-packages/airflow/example_dags/example_branch_day_of_week_operator.py
[2023-11-08T22:23:02.525+0000] {processor.py:839} INFO - DAG(s) dict_keys(['example_weekday_branch_operator']) retrieved from /home/airflow/.local/lib/python3.8/site-packages/airflow/example_dags/example_branch_day_of_week_operator.py
[2023-11-08T22:23:02.537+0000] {logging_mixin.py:154} INFO - [2023-11-08T22:23:02.537+0000] {dag.py:2941} INFO - Sync 1 DAGs
[2023-11-08T22:23:02.649+0000] {logging_mixin.py:154} INFO - [2023-11-08T22:23:02.649+0000] {dag.py:3722} INFO - Setting next_dagrun for example_weekday_branch_operator to 2023-11-07T00:00:00+00:00, run_after=2023-11-08T00:00:00+00:00
[2023-11-08T22:23:02.664+0000] {processor.py:179} INFO - Processing /home/airflow/.local/lib/python3.8/site-packages/airflow/example_dags/example_branch_day_of_week_operator.py took 0.147 seconds
[2023-11-08T22:23:32.770+0000] {processor.py:157} INFO - Started process (PID=1286) to work on /home/airflow/.local/lib/python3.8/site-packages/airflow/example_dags/example_branch_day_of_week_operator.py
[2023-11-08T22:23:32.774+0000] {processor.py:829} INFO - Processing file /home/airflow/.local/lib/python3.8/site-packages/airflow/example_dags/example_branch_day_of_week_operator.py for tasks to queue
[2023-11-08T22:23:32.775+0000] {logging_mixin.py:154} INFO - [2023-11-08T22:23:32.775+0000] {dagbag.py:536} INFO - Filling up the DagBag from /home/airflow/.local/lib/python3.8/site-packages/airflow/example_dags/example_branch_day_of_week_operator.py
[2023-11-08T22:23:32.780+0000] {processor.py:839} INFO - DAG(s) dict_keys(['example_weekday_branch_operator']) retrieved from /home/airflow/.local/lib/python3.8/site-packages/airflow/example_dags/example_branch_day_of_week_operator.py
[2023-11-08T22:23:32.792+0000] {logging_mixin.py:154} INFO - [2023-11-08T22:23:32.792+0000] {dag.py:2941} INFO - Sync 1 DAGs
[2023-11-08T22:23:32.805+0000] {logging_mixin.py:154} INFO - [2023-11-08T22:23:32.805+0000] {dag.py:3722} INFO - Setting next_dagrun for example_weekday_branch_operator to 2023-11-07T00:00:00+00:00, run_after=2023-11-08T00:00:00+00:00
[2023-11-08T22:23:32.915+0000] {processor.py:179} INFO - Processing /home/airflow/.local/lib/python3.8/site-packages/airflow/example_dags/example_branch_day_of_week_operator.py took 0.147 seconds
[2023-11-08T22:24:03.112+0000] {processor.py:157} INFO - Started process (PID=1340) to work on /home/airflow/.local/lib/python3.8/site-packages/airflow/example_dags/example_branch_day_of_week_operator.py
[2023-11-08T22:24:03.113+0000] {processor.py:829} INFO - Processing file /home/airflow/.local/lib/python3.8/site-packages/airflow/example_dags/example_branch_day_of_week_operator.py for tasks to queue
[2023-11-08T22:24:03.114+0000] {logging_mixin.py:154} INFO - [2023-11-08T22:24:03.114+0000] {dagbag.py:536} INFO - Filling up the DagBag from /home/airflow/.local/lib/python3.8/site-packages/airflow/example_dags/example_branch_day_of_week_operator.py
[2023-11-08T22:24:03.118+0000] {processor.py:839} INFO - DAG(s) dict_keys(['example_weekday_branch_operator']) retrieved from /home/airflow/.local/lib/python3.8/site-packages/airflow/example_dags/example_branch_day_of_week_operator.py
[2023-11-08T22:24:03.131+0000] {logging_mixin.py:154} INFO - [2023-11-08T22:24:03.131+0000] {dag.py:2941} INFO - Sync 1 DAGs
[2023-11-08T22:24:03.145+0000] {logging_mixin.py:154} INFO - [2023-11-08T22:24:03.144+0000] {dag.py:3722} INFO - Setting next_dagrun for example_weekday_branch_operator to 2023-11-07T00:00:00+00:00, run_after=2023-11-08T00:00:00+00:00
[2023-11-08T22:24:03.154+0000] {processor.py:179} INFO - Processing /home/airflow/.local/lib/python3.8/site-packages/airflow/example_dags/example_branch_day_of_week_operator.py took 0.044 seconds
[2023-11-08T22:24:34.285+0000] {processor.py:157} INFO - Started process (PID=1394) to work on /home/airflow/.local/lib/python3.8/site-packages/airflow/example_dags/example_branch_day_of_week_operator.py
[2023-11-08T22:24:34.286+0000] {processor.py:829} INFO - Processing file /home/airflow/.local/lib/python3.8/site-packages/airflow/example_dags/example_branch_day_of_week_operator.py for tasks to queue
[2023-11-08T22:24:34.287+0000] {logging_mixin.py:154} INFO - [2023-11-08T22:24:34.287+0000] {dagbag.py:536} INFO - Filling up the DagBag from /home/airflow/.local/lib/python3.8/site-packages/airflow/example_dags/example_branch_day_of_week_operator.py
[2023-11-08T22:24:34.291+0000] {processor.py:839} INFO - DAG(s) dict_keys(['example_weekday_branch_operator']) retrieved from /home/airflow/.local/lib/python3.8/site-packages/airflow/example_dags/example_branch_day_of_week_operator.py
[2023-11-08T22:24:34.304+0000] {logging_mixin.py:154} INFO - [2023-11-08T22:24:34.304+0000] {dag.py:2941} INFO - Sync 1 DAGs
[2023-11-08T22:24:34.410+0000] {logging_mixin.py:154} INFO - [2023-11-08T22:24:34.410+0000] {dag.py:3722} INFO - Setting next_dagrun for example_weekday_branch_operator to 2023-11-07T00:00:00+00:00, run_after=2023-11-08T00:00:00+00:00
[2023-11-08T22:24:34.420+0000] {processor.py:179} INFO - Processing /home/airflow/.local/lib/python3.8/site-packages/airflow/example_dags/example_branch_day_of_week_operator.py took 0.136 seconds
[2023-11-08T22:25:04.833+0000] {processor.py:157} INFO - Started process (PID=1448) to work on /home/airflow/.local/lib/python3.8/site-packages/airflow/example_dags/example_branch_day_of_week_operator.py
[2023-11-08T22:25:04.834+0000] {processor.py:829} INFO - Processing file /home/airflow/.local/lib/python3.8/site-packages/airflow/example_dags/example_branch_day_of_week_operator.py for tasks to queue
[2023-11-08T22:25:04.835+0000] {logging_mixin.py:154} INFO - [2023-11-08T22:25:04.835+0000] {dagbag.py:536} INFO - Filling up the DagBag from /home/airflow/.local/lib/python3.8/site-packages/airflow/example_dags/example_branch_day_of_week_operator.py
[2023-11-08T22:25:04.839+0000] {processor.py:839} INFO - DAG(s) dict_keys(['example_weekday_branch_operator']) retrieved from /home/airflow/.local/lib/python3.8/site-packages/airflow/example_dags/example_branch_day_of_week_operator.py
[2023-11-08T22:25:04.851+0000] {logging_mixin.py:154} INFO - [2023-11-08T22:25:04.851+0000] {dag.py:2941} INFO - Sync 1 DAGs
[2023-11-08T22:25:04.864+0000] {logging_mixin.py:154} INFO - [2023-11-08T22:25:04.864+0000] {dag.py:3722} INFO - Setting next_dagrun for example_weekday_branch_operator to 2023-11-07T00:00:00+00:00, run_after=2023-11-08T00:00:00+00:00
[2023-11-08T22:25:04.980+0000] {processor.py:179} INFO - Processing /home/airflow/.local/lib/python3.8/site-packages/airflow/example_dags/example_branch_day_of_week_operator.py took 0.148 seconds
[2023-11-08T22:25:35.949+0000] {processor.py:157} INFO - Started process (PID=1502) to work on /home/airflow/.local/lib/python3.8/site-packages/airflow/example_dags/example_branch_day_of_week_operator.py
[2023-11-08T22:25:35.949+0000] {processor.py:829} INFO - Processing file /home/airflow/.local/lib/python3.8/site-packages/airflow/example_dags/example_branch_day_of_week_operator.py for tasks to queue
[2023-11-08T22:25:35.950+0000] {logging_mixin.py:154} INFO - [2023-11-08T22:25:35.950+0000] {dagbag.py:536} INFO - Filling up the DagBag from /home/airflow/.local/lib/python3.8/site-packages/airflow/example_dags/example_branch_day_of_week_operator.py
[2023-11-08T22:25:36.043+0000] {processor.py:839} INFO - DAG(s) dict_keys(['example_weekday_branch_operator']) retrieved from /home/airflow/.local/lib/python3.8/site-packages/airflow/example_dags/example_branch_day_of_week_operator.py
[2023-11-08T22:25:36.053+0000] {logging_mixin.py:154} INFO - [2023-11-08T22:25:36.053+0000] {dag.py:2941} INFO - Sync 1 DAGs
[2023-11-08T22:25:36.064+0000] {logging_mixin.py:154} INFO - [2023-11-08T22:25:36.064+0000] {dag.py:3722} INFO - Setting next_dagrun for example_weekday_branch_operator to 2023-11-07T00:00:00+00:00, run_after=2023-11-08T00:00:00+00:00
[2023-11-08T22:25:36.080+0000] {processor.py:179} INFO - Processing /home/airflow/.local/lib/python3.8/site-packages/airflow/example_dags/example_branch_day_of_week_operator.py took 0.133 seconds
[2023-11-08T22:26:06.717+0000] {processor.py:157} INFO - Started process (PID=1556) to work on /home/airflow/.local/lib/python3.8/site-packages/airflow/example_dags/example_branch_day_of_week_operator.py
[2023-11-08T22:26:06.718+0000] {processor.py:829} INFO - Processing file /home/airflow/.local/lib/python3.8/site-packages/airflow/example_dags/example_branch_day_of_week_operator.py for tasks to queue
[2023-11-08T22:26:06.719+0000] {logging_mixin.py:154} INFO - [2023-11-08T22:26:06.719+0000] {dagbag.py:536} INFO - Filling up the DagBag from /home/airflow/.local/lib/python3.8/site-packages/airflow/example_dags/example_branch_day_of_week_operator.py
[2023-11-08T22:26:06.723+0000] {processor.py:839} INFO - DAG(s) dict_keys(['example_weekday_branch_operator']) retrieved from /home/airflow/.local/lib/python3.8/site-packages/airflow/example_dags/example_branch_day_of_week_operator.py
[2023-11-08T22:26:06.736+0000] {logging_mixin.py:154} INFO - [2023-11-08T22:26:06.736+0000] {dag.py:2941} INFO - Sync 1 DAGs
[2023-11-08T22:26:06.749+0000] {logging_mixin.py:154} INFO - [2023-11-08T22:26:06.749+0000] {dag.py:3722} INFO - Setting next_dagrun for example_weekday_branch_operator to 2023-11-07T00:00:00+00:00, run_after=2023-11-08T00:00:00+00:00
[2023-11-08T22:26:06.759+0000] {processor.py:179} INFO - Processing /home/airflow/.local/lib/python3.8/site-packages/airflow/example_dags/example_branch_day_of_week_operator.py took 0.044 seconds
[2023-11-08T22:26:37.380+0000] {processor.py:157} INFO - Started process (PID=1610) to work on /home/airflow/.local/lib/python3.8/site-packages/airflow/example_dags/example_branch_day_of_week_operator.py
[2023-11-08T22:26:37.381+0000] {processor.py:829} INFO - Processing file /home/airflow/.local/lib/python3.8/site-packages/airflow/example_dags/example_branch_day_of_week_operator.py for tasks to queue
[2023-11-08T22:26:37.382+0000] {logging_mixin.py:154} INFO - [2023-11-08T22:26:37.382+0000] {dagbag.py:536} INFO - Filling up the DagBag from /home/airflow/.local/lib/python3.8/site-packages/airflow/example_dags/example_branch_day_of_week_operator.py
[2023-11-08T22:26:37.387+0000] {processor.py:839} INFO - DAG(s) dict_keys(['example_weekday_branch_operator']) retrieved from /home/airflow/.local/lib/python3.8/site-packages/airflow/example_dags/example_branch_day_of_week_operator.py
[2023-11-08T22:26:37.399+0000] {logging_mixin.py:154} INFO - [2023-11-08T22:26:37.399+0000] {dag.py:2941} INFO - Sync 1 DAGs
[2023-11-08T22:26:37.412+0000] {logging_mixin.py:154} INFO - [2023-11-08T22:26:37.412+0000] {dag.py:3722} INFO - Setting next_dagrun for example_weekday_branch_operator to 2023-11-07T00:00:00+00:00, run_after=2023-11-08T00:00:00+00:00
[2023-11-08T22:26:37.422+0000] {processor.py:179} INFO - Processing /home/airflow/.local/lib/python3.8/site-packages/airflow/example_dags/example_branch_day_of_week_operator.py took 0.044 seconds
[2023-11-08T22:27:16.540+0000] {processor.py:157} INFO - Started process (PID=44) to work on /home/airflow/.local/lib/python3.8/site-packages/airflow/example_dags/example_branch_day_of_week_operator.py
[2023-11-08T22:27:16.541+0000] {processor.py:829} INFO - Processing file /home/airflow/.local/lib/python3.8/site-packages/airflow/example_dags/example_branch_day_of_week_operator.py for tasks to queue
[2023-11-08T22:27:16.542+0000] {logging_mixin.py:154} INFO - [2023-11-08T22:27:16.542+0000] {dagbag.py:536} INFO - Filling up the DagBag from /home/airflow/.local/lib/python3.8/site-packages/airflow/example_dags/example_branch_day_of_week_operator.py
[2023-11-08T22:27:16.548+0000] {processor.py:839} INFO - DAG(s) dict_keys(['example_weekday_branch_operator']) retrieved from /home/airflow/.local/lib/python3.8/site-packages/airflow/example_dags/example_branch_day_of_week_operator.py
[2023-11-08T22:27:16.556+0000] {logging_mixin.py:154} INFO - [2023-11-08T22:27:16.556+0000] {dag.py:2941} INFO - Sync 1 DAGs
[2023-11-08T22:27:16.575+0000] {logging_mixin.py:154} INFO - [2023-11-08T22:27:16.574+0000] {dag.py:3722} INFO - Setting next_dagrun for example_weekday_branch_operator to 2023-11-07T00:00:00+00:00, run_after=2023-11-08T00:00:00+00:00
[2023-11-08T22:27:16.587+0000] {processor.py:179} INFO - Processing /home/airflow/.local/lib/python3.8/site-packages/airflow/example_dags/example_branch_day_of_week_operator.py took 0.050 seconds
[2023-11-08T22:27:47.331+0000] {processor.py:157} INFO - Started process (PID=98) to work on /home/airflow/.local/lib/python3.8/site-packages/airflow/example_dags/example_branch_day_of_week_operator.py
[2023-11-08T22:27:47.332+0000] {processor.py:829} INFO - Processing file /home/airflow/.local/lib/python3.8/site-packages/airflow/example_dags/example_branch_day_of_week_operator.py for tasks to queue
[2023-11-08T22:27:47.333+0000] {logging_mixin.py:154} INFO - [2023-11-08T22:27:47.333+0000] {dagbag.py:536} INFO - Filling up the DagBag from /home/airflow/.local/lib/python3.8/site-packages/airflow/example_dags/example_branch_day_of_week_operator.py
[2023-11-08T22:27:47.338+0000] {processor.py:839} INFO - DAG(s) dict_keys(['example_weekday_branch_operator']) retrieved from /home/airflow/.local/lib/python3.8/site-packages/airflow/example_dags/example_branch_day_of_week_operator.py
[2023-11-08T22:27:47.351+0000] {logging_mixin.py:154} INFO - [2023-11-08T22:27:47.351+0000] {dag.py:2941} INFO - Sync 1 DAGs
[2023-11-08T22:27:47.367+0000] {logging_mixin.py:154} INFO - [2023-11-08T22:27:47.367+0000] {dag.py:3722} INFO - Setting next_dagrun for example_weekday_branch_operator to 2023-11-07T00:00:00+00:00, run_after=2023-11-08T00:00:00+00:00
[2023-11-08T22:27:47.380+0000] {processor.py:179} INFO - Processing /home/airflow/.local/lib/python3.8/site-packages/airflow/example_dags/example_branch_day_of_week_operator.py took 0.051 seconds
[2023-11-08T22:28:17.602+0000] {processor.py:157} INFO - Started process (PID=152) to work on /home/airflow/.local/lib/python3.8/site-packages/airflow/example_dags/example_branch_day_of_week_operator.py
[2023-11-08T22:28:17.602+0000] {processor.py:829} INFO - Processing file /home/airflow/.local/lib/python3.8/site-packages/airflow/example_dags/example_branch_day_of_week_operator.py for tasks to queue
[2023-11-08T22:28:17.603+0000] {logging_mixin.py:154} INFO - [2023-11-08T22:28:17.603+0000] {dagbag.py:536} INFO - Filling up the DagBag from /home/airflow/.local/lib/python3.8/site-packages/airflow/example_dags/example_branch_day_of_week_operator.py
[2023-11-08T22:28:17.609+0000] {processor.py:839} INFO - DAG(s) dict_keys(['example_weekday_branch_operator']) retrieved from /home/airflow/.local/lib/python3.8/site-packages/airflow/example_dags/example_branch_day_of_week_operator.py
[2023-11-08T22:28:17.621+0000] {logging_mixin.py:154} INFO - [2023-11-08T22:28:17.621+0000] {dag.py:2941} INFO - Sync 1 DAGs
[2023-11-08T22:28:17.635+0000] {logging_mixin.py:154} INFO - [2023-11-08T22:28:17.635+0000] {dag.py:3722} INFO - Setting next_dagrun for example_weekday_branch_operator to 2023-11-07T00:00:00+00:00, run_after=2023-11-08T00:00:00+00:00
[2023-11-08T22:28:17.646+0000] {processor.py:179} INFO - Processing /home/airflow/.local/lib/python3.8/site-packages/airflow/example_dags/example_branch_day_of_week_operator.py took 0.046 seconds
[2023-11-08T22:28:47.739+0000] {processor.py:157} INFO - Started process (PID=206) to work on /home/airflow/.local/lib/python3.8/site-packages/airflow/example_dags/example_branch_day_of_week_operator.py
[2023-11-08T22:28:47.739+0000] {processor.py:829} INFO - Processing file /home/airflow/.local/lib/python3.8/site-packages/airflow/example_dags/example_branch_day_of_week_operator.py for tasks to queue
[2023-11-08T22:28:47.741+0000] {logging_mixin.py:154} INFO - [2023-11-08T22:28:47.741+0000] {dagbag.py:536} INFO - Filling up the DagBag from /home/airflow/.local/lib/python3.8/site-packages/airflow/example_dags/example_branch_day_of_week_operator.py
[2023-11-08T22:28:47.746+0000] {processor.py:839} INFO - DAG(s) dict_keys(['example_weekday_branch_operator']) retrieved from /home/airflow/.local/lib/python3.8/site-packages/airflow/example_dags/example_branch_day_of_week_operator.py
[2023-11-08T22:28:47.760+0000] {logging_mixin.py:154} INFO - [2023-11-08T22:28:47.760+0000] {dag.py:2941} INFO - Sync 1 DAGs
[2023-11-08T22:28:47.775+0000] {logging_mixin.py:154} INFO - [2023-11-08T22:28:47.775+0000] {dag.py:3722} INFO - Setting next_dagrun for example_weekday_branch_operator to 2023-11-07T00:00:00+00:00, run_after=2023-11-08T00:00:00+00:00
[2023-11-08T22:28:47.786+0000] {processor.py:179} INFO - Processing /home/airflow/.local/lib/python3.8/site-packages/airflow/example_dags/example_branch_day_of_week_operator.py took 0.050 seconds
[2023-11-08T22:29:18.469+0000] {processor.py:157} INFO - Started process (PID=260) to work on /home/airflow/.local/lib/python3.8/site-packages/airflow/example_dags/example_branch_day_of_week_operator.py
[2023-11-08T22:29:18.470+0000] {processor.py:829} INFO - Processing file /home/airflow/.local/lib/python3.8/site-packages/airflow/example_dags/example_branch_day_of_week_operator.py for tasks to queue
[2023-11-08T22:29:18.471+0000] {logging_mixin.py:154} INFO - [2023-11-08T22:29:18.471+0000] {dagbag.py:536} INFO - Filling up the DagBag from /home/airflow/.local/lib/python3.8/site-packages/airflow/example_dags/example_branch_day_of_week_operator.py
[2023-11-08T22:29:18.476+0000] {processor.py:839} INFO - DAG(s) dict_keys(['example_weekday_branch_operator']) retrieved from /home/airflow/.local/lib/python3.8/site-packages/airflow/example_dags/example_branch_day_of_week_operator.py
[2023-11-08T22:29:18.489+0000] {logging_mixin.py:154} INFO - [2023-11-08T22:29:18.489+0000] {dag.py:2941} INFO - Sync 1 DAGs
[2023-11-08T22:29:18.506+0000] {logging_mixin.py:154} INFO - [2023-11-08T22:29:18.506+0000] {dag.py:3722} INFO - Setting next_dagrun for example_weekday_branch_operator to 2023-11-07T00:00:00+00:00, run_after=2023-11-08T00:00:00+00:00
[2023-11-08T22:29:18.517+0000] {processor.py:179} INFO - Processing /home/airflow/.local/lib/python3.8/site-packages/airflow/example_dags/example_branch_day_of_week_operator.py took 0.050 seconds
[2023-11-08T22:29:48.649+0000] {processor.py:157} INFO - Started process (PID=315) to work on /home/airflow/.local/lib/python3.8/site-packages/airflow/example_dags/example_branch_day_of_week_operator.py
[2023-11-08T22:29:48.649+0000] {processor.py:829} INFO - Processing file /home/airflow/.local/lib/python3.8/site-packages/airflow/example_dags/example_branch_day_of_week_operator.py for tasks to queue
[2023-11-08T22:29:48.650+0000] {logging_mixin.py:154} INFO - [2023-11-08T22:29:48.650+0000] {dagbag.py:536} INFO - Filling up the DagBag from /home/airflow/.local/lib/python3.8/site-packages/airflow/example_dags/example_branch_day_of_week_operator.py
[2023-11-08T22:29:48.655+0000] {processor.py:839} INFO - DAG(s) dict_keys(['example_weekday_branch_operator']) retrieved from /home/airflow/.local/lib/python3.8/site-packages/airflow/example_dags/example_branch_day_of_week_operator.py
[2023-11-08T22:29:48.668+0000] {logging_mixin.py:154} INFO - [2023-11-08T22:29:48.668+0000] {dag.py:2941} INFO - Sync 1 DAGs
[2023-11-08T22:29:48.683+0000] {logging_mixin.py:154} INFO - [2023-11-08T22:29:48.682+0000] {dag.py:3722} INFO - Setting next_dagrun for example_weekday_branch_operator to 2023-11-07T00:00:00+00:00, run_after=2023-11-08T00:00:00+00:00
[2023-11-08T22:29:48.694+0000] {processor.py:179} INFO - Processing /home/airflow/.local/lib/python3.8/site-packages/airflow/example_dags/example_branch_day_of_week_operator.py took 0.047 seconds
[2023-11-08T22:30:19.383+0000] {processor.py:157} INFO - Started process (PID=369) to work on /home/airflow/.local/lib/python3.8/site-packages/airflow/example_dags/example_branch_day_of_week_operator.py
[2023-11-08T22:30:19.383+0000] {processor.py:829} INFO - Processing file /home/airflow/.local/lib/python3.8/site-packages/airflow/example_dags/example_branch_day_of_week_operator.py for tasks to queue
[2023-11-08T22:30:19.384+0000] {logging_mixin.py:154} INFO - [2023-11-08T22:30:19.384+0000] {dagbag.py:536} INFO - Filling up the DagBag from /home/airflow/.local/lib/python3.8/site-packages/airflow/example_dags/example_branch_day_of_week_operator.py
[2023-11-08T22:30:19.389+0000] {processor.py:839} INFO - DAG(s) dict_keys(['example_weekday_branch_operator']) retrieved from /home/airflow/.local/lib/python3.8/site-packages/airflow/example_dags/example_branch_day_of_week_operator.py
[2023-11-08T22:30:19.401+0000] {logging_mixin.py:154} INFO - [2023-11-08T22:30:19.401+0000] {dag.py:2941} INFO - Sync 1 DAGs
[2023-11-08T22:30:19.415+0000] {logging_mixin.py:154} INFO - [2023-11-08T22:30:19.415+0000] {dag.py:3722} INFO - Setting next_dagrun for example_weekday_branch_operator to 2023-11-07T00:00:00+00:00, run_after=2023-11-08T00:00:00+00:00
[2023-11-08T22:30:19.426+0000] {processor.py:179} INFO - Processing /home/airflow/.local/lib/python3.8/site-packages/airflow/example_dags/example_branch_day_of_week_operator.py took 0.046 seconds
[2023-11-08T22:30:50.073+0000] {processor.py:157} INFO - Started process (PID=423) to work on /home/airflow/.local/lib/python3.8/site-packages/airflow/example_dags/example_branch_day_of_week_operator.py
[2023-11-08T22:30:50.073+0000] {processor.py:829} INFO - Processing file /home/airflow/.local/lib/python3.8/site-packages/airflow/example_dags/example_branch_day_of_week_operator.py for tasks to queue
[2023-11-08T22:30:50.075+0000] {logging_mixin.py:154} INFO - [2023-11-08T22:30:50.074+0000] {dagbag.py:536} INFO - Filling up the DagBag from /home/airflow/.local/lib/python3.8/site-packages/airflow/example_dags/example_branch_day_of_week_operator.py
[2023-11-08T22:30:50.079+0000] {processor.py:839} INFO - DAG(s) dict_keys(['example_weekday_branch_operator']) retrieved from /home/airflow/.local/lib/python3.8/site-packages/airflow/example_dags/example_branch_day_of_week_operator.py
[2023-11-08T22:30:50.095+0000] {logging_mixin.py:154} INFO - [2023-11-08T22:30:50.095+0000] {dag.py:2941} INFO - Sync 1 DAGs
[2023-11-08T22:30:50.116+0000] {logging_mixin.py:154} INFO - [2023-11-08T22:30:50.116+0000] {dag.py:3722} INFO - Setting next_dagrun for example_weekday_branch_operator to 2023-11-07T00:00:00+00:00, run_after=2023-11-08T00:00:00+00:00
[2023-11-08T22:30:50.131+0000] {processor.py:179} INFO - Processing /home/airflow/.local/lib/python3.8/site-packages/airflow/example_dags/example_branch_day_of_week_operator.py took 0.060 seconds
[2023-11-08T22:31:20.895+0000] {processor.py:157} INFO - Started process (PID=477) to work on /home/airflow/.local/lib/python3.8/site-packages/airflow/example_dags/example_branch_day_of_week_operator.py
[2023-11-08T22:31:20.895+0000] {processor.py:829} INFO - Processing file /home/airflow/.local/lib/python3.8/site-packages/airflow/example_dags/example_branch_day_of_week_operator.py for tasks to queue
[2023-11-08T22:31:20.897+0000] {logging_mixin.py:154} INFO - [2023-11-08T22:31:20.896+0000] {dagbag.py:536} INFO - Filling up the DagBag from /home/airflow/.local/lib/python3.8/site-packages/airflow/example_dags/example_branch_day_of_week_operator.py
[2023-11-08T22:31:20.902+0000] {processor.py:839} INFO - DAG(s) dict_keys(['example_weekday_branch_operator']) retrieved from /home/airflow/.local/lib/python3.8/site-packages/airflow/example_dags/example_branch_day_of_week_operator.py
[2023-11-08T22:31:20.918+0000] {logging_mixin.py:154} INFO - [2023-11-08T22:31:20.918+0000] {dag.py:2941} INFO - Sync 1 DAGs
[2023-11-08T22:31:20.939+0000] {logging_mixin.py:154} INFO - [2023-11-08T22:31:20.939+0000] {dag.py:3722} INFO - Setting next_dagrun for example_weekday_branch_operator to 2023-11-07T00:00:00+00:00, run_after=2023-11-08T00:00:00+00:00
[2023-11-08T22:31:20.953+0000] {processor.py:179} INFO - Processing /home/airflow/.local/lib/python3.8/site-packages/airflow/example_dags/example_branch_day_of_week_operator.py took 0.060 seconds
[2023-11-08T22:31:51.094+0000] {processor.py:157} INFO - Started process (PID=531) to work on /home/airflow/.local/lib/python3.8/site-packages/airflow/example_dags/example_branch_day_of_week_operator.py
[2023-11-08T22:31:51.095+0000] {processor.py:829} INFO - Processing file /home/airflow/.local/lib/python3.8/site-packages/airflow/example_dags/example_branch_day_of_week_operator.py for tasks to queue
[2023-11-08T22:31:51.096+0000] {logging_mixin.py:154} INFO - [2023-11-08T22:31:51.096+0000] {dagbag.py:536} INFO - Filling up the DagBag from /home/airflow/.local/lib/python3.8/site-packages/airflow/example_dags/example_branch_day_of_week_operator.py
[2023-11-08T22:31:51.100+0000] {processor.py:839} INFO - DAG(s) dict_keys(['example_weekday_branch_operator']) retrieved from /home/airflow/.local/lib/python3.8/site-packages/airflow/example_dags/example_branch_day_of_week_operator.py
[2023-11-08T22:31:51.113+0000] {logging_mixin.py:154} INFO - [2023-11-08T22:31:51.113+0000] {dag.py:2941} INFO - Sync 1 DAGs
[2023-11-08T22:31:51.127+0000] {logging_mixin.py:154} INFO - [2023-11-08T22:31:51.127+0000] {dag.py:3722} INFO - Setting next_dagrun for example_weekday_branch_operator to 2023-11-07T00:00:00+00:00, run_after=2023-11-08T00:00:00+00:00
[2023-11-08T22:31:51.139+0000] {processor.py:179} INFO - Processing /home/airflow/.local/lib/python3.8/site-packages/airflow/example_dags/example_branch_day_of_week_operator.py took 0.047 seconds
[2023-11-08T22:32:21.268+0000] {processor.py:157} INFO - Started process (PID=586) to work on /home/airflow/.local/lib/python3.8/site-packages/airflow/example_dags/example_branch_day_of_week_operator.py
[2023-11-08T22:32:21.269+0000] {processor.py:829} INFO - Processing file /home/airflow/.local/lib/python3.8/site-packages/airflow/example_dags/example_branch_day_of_week_operator.py for tasks to queue
[2023-11-08T22:32:21.270+0000] {logging_mixin.py:154} INFO - [2023-11-08T22:32:21.270+0000] {dagbag.py:536} INFO - Filling up the DagBag from /home/airflow/.local/lib/python3.8/site-packages/airflow/example_dags/example_branch_day_of_week_operator.py
[2023-11-08T22:32:21.274+0000] {processor.py:839} INFO - DAG(s) dict_keys(['example_weekday_branch_operator']) retrieved from /home/airflow/.local/lib/python3.8/site-packages/airflow/example_dags/example_branch_day_of_week_operator.py
[2023-11-08T22:32:21.289+0000] {logging_mixin.py:154} INFO - [2023-11-08T22:32:21.289+0000] {dag.py:2941} INFO - Sync 1 DAGs
[2023-11-08T22:32:21.310+0000] {logging_mixin.py:154} INFO - [2023-11-08T22:32:21.310+0000] {dag.py:3722} INFO - Setting next_dagrun for example_weekday_branch_operator to 2023-11-07T00:00:00+00:00, run_after=2023-11-08T00:00:00+00:00
[2023-11-08T22:32:21.323+0000] {processor.py:179} INFO - Processing /home/airflow/.local/lib/python3.8/site-packages/airflow/example_dags/example_branch_day_of_week_operator.py took 0.057 seconds
[2023-11-08T22:32:51.392+0000] {processor.py:157} INFO - Started process (PID=641) to work on /home/airflow/.local/lib/python3.8/site-packages/airflow/example_dags/example_branch_day_of_week_operator.py
[2023-11-08T22:32:51.392+0000] {processor.py:829} INFO - Processing file /home/airflow/.local/lib/python3.8/site-packages/airflow/example_dags/example_branch_day_of_week_operator.py for tasks to queue
[2023-11-08T22:32:51.394+0000] {logging_mixin.py:154} INFO - [2023-11-08T22:32:51.393+0000] {dagbag.py:536} INFO - Filling up the DagBag from /home/airflow/.local/lib/python3.8/site-packages/airflow/example_dags/example_branch_day_of_week_operator.py
[2023-11-08T22:32:51.398+0000] {processor.py:839} INFO - DAG(s) dict_keys(['example_weekday_branch_operator']) retrieved from /home/airflow/.local/lib/python3.8/site-packages/airflow/example_dags/example_branch_day_of_week_operator.py
[2023-11-08T22:32:51.411+0000] {logging_mixin.py:154} INFO - [2023-11-08T22:32:51.411+0000] {dag.py:2941} INFO - Sync 1 DAGs
[2023-11-08T22:32:51.425+0000] {logging_mixin.py:154} INFO - [2023-11-08T22:32:51.425+0000] {dag.py:3722} INFO - Setting next_dagrun for example_weekday_branch_operator to 2023-11-07T00:00:00+00:00, run_after=2023-11-08T00:00:00+00:00
[2023-11-08T22:32:51.438+0000] {processor.py:179} INFO - Processing /home/airflow/.local/lib/python3.8/site-packages/airflow/example_dags/example_branch_day_of_week_operator.py took 0.048 seconds
[2023-11-08T22:33:21.568+0000] {processor.py:157} INFO - Started process (PID=696) to work on /home/airflow/.local/lib/python3.8/site-packages/airflow/example_dags/example_branch_day_of_week_operator.py
[2023-11-08T22:33:21.568+0000] {processor.py:829} INFO - Processing file /home/airflow/.local/lib/python3.8/site-packages/airflow/example_dags/example_branch_day_of_week_operator.py for tasks to queue
[2023-11-08T22:33:21.569+0000] {logging_mixin.py:154} INFO - [2023-11-08T22:33:21.569+0000] {dagbag.py:536} INFO - Filling up the DagBag from /home/airflow/.local/lib/python3.8/site-packages/airflow/example_dags/example_branch_day_of_week_operator.py
[2023-11-08T22:33:21.574+0000] {processor.py:839} INFO - DAG(s) dict_keys(['example_weekday_branch_operator']) retrieved from /home/airflow/.local/lib/python3.8/site-packages/airflow/example_dags/example_branch_day_of_week_operator.py
[2023-11-08T22:33:21.585+0000] {logging_mixin.py:154} INFO - [2023-11-08T22:33:21.585+0000] {dag.py:2941} INFO - Sync 1 DAGs
[2023-11-08T22:33:21.599+0000] {logging_mixin.py:154} INFO - [2023-11-08T22:33:21.599+0000] {dag.py:3722} INFO - Setting next_dagrun for example_weekday_branch_operator to 2023-11-07T00:00:00+00:00, run_after=2023-11-08T00:00:00+00:00
[2023-11-08T22:33:21.612+0000] {processor.py:179} INFO - Processing /home/airflow/.local/lib/python3.8/site-packages/airflow/example_dags/example_branch_day_of_week_operator.py took 0.046 seconds
[2023-11-08T22:33:51.647+0000] {processor.py:157} INFO - Started process (PID=751) to work on /home/airflow/.local/lib/python3.8/site-packages/airflow/example_dags/example_branch_day_of_week_operator.py
[2023-11-08T22:33:51.647+0000] {processor.py:829} INFO - Processing file /home/airflow/.local/lib/python3.8/site-packages/airflow/example_dags/example_branch_day_of_week_operator.py for tasks to queue
[2023-11-08T22:33:51.648+0000] {logging_mixin.py:154} INFO - [2023-11-08T22:33:51.648+0000] {dagbag.py:536} INFO - Filling up the DagBag from /home/airflow/.local/lib/python3.8/site-packages/airflow/example_dags/example_branch_day_of_week_operator.py
[2023-11-08T22:33:51.652+0000] {processor.py:839} INFO - DAG(s) dict_keys(['example_weekday_branch_operator']) retrieved from /home/airflow/.local/lib/python3.8/site-packages/airflow/example_dags/example_branch_day_of_week_operator.py
[2023-11-08T22:33:51.664+0000] {logging_mixin.py:154} INFO - [2023-11-08T22:33:51.664+0000] {dag.py:2941} INFO - Sync 1 DAGs
[2023-11-08T22:33:51.676+0000] {logging_mixin.py:154} INFO - [2023-11-08T22:33:51.676+0000] {dag.py:3722} INFO - Setting next_dagrun for example_weekday_branch_operator to 2023-11-07T00:00:00+00:00, run_after=2023-11-08T00:00:00+00:00
[2023-11-08T22:33:51.687+0000] {processor.py:179} INFO - Processing /home/airflow/.local/lib/python3.8/site-packages/airflow/example_dags/example_branch_day_of_week_operator.py took 0.042 seconds
[2023-11-08T22:34:22.243+0000] {processor.py:157} INFO - Started process (PID=806) to work on /home/airflow/.local/lib/python3.8/site-packages/airflow/example_dags/example_branch_day_of_week_operator.py
[2023-11-08T22:34:22.243+0000] {processor.py:829} INFO - Processing file /home/airflow/.local/lib/python3.8/site-packages/airflow/example_dags/example_branch_day_of_week_operator.py for tasks to queue
[2023-11-08T22:34:22.244+0000] {logging_mixin.py:154} INFO - [2023-11-08T22:34:22.244+0000] {dagbag.py:536} INFO - Filling up the DagBag from /home/airflow/.local/lib/python3.8/site-packages/airflow/example_dags/example_branch_day_of_week_operator.py
[2023-11-08T22:34:22.249+0000] {processor.py:839} INFO - DAG(s) dict_keys(['example_weekday_branch_operator']) retrieved from /home/airflow/.local/lib/python3.8/site-packages/airflow/example_dags/example_branch_day_of_week_operator.py
[2023-11-08T22:34:22.263+0000] {logging_mixin.py:154} INFO - [2023-11-08T22:34:22.263+0000] {dag.py:2941} INFO - Sync 1 DAGs
[2023-11-08T22:34:22.280+0000] {logging_mixin.py:154} INFO - [2023-11-08T22:34:22.280+0000] {dag.py:3722} INFO - Setting next_dagrun for example_weekday_branch_operator to 2023-11-07T00:00:00+00:00, run_after=2023-11-08T00:00:00+00:00
[2023-11-08T22:34:22.290+0000] {processor.py:179} INFO - Processing /home/airflow/.local/lib/python3.8/site-packages/airflow/example_dags/example_branch_day_of_week_operator.py took 0.049 seconds
[2023-11-08T22:34:52.814+0000] {processor.py:157} INFO - Started process (PID=861) to work on /home/airflow/.local/lib/python3.8/site-packages/airflow/example_dags/example_branch_day_of_week_operator.py
[2023-11-08T22:34:52.815+0000] {processor.py:829} INFO - Processing file /home/airflow/.local/lib/python3.8/site-packages/airflow/example_dags/example_branch_day_of_week_operator.py for tasks to queue
[2023-11-08T22:34:52.816+0000] {logging_mixin.py:154} INFO - [2023-11-08T22:34:52.816+0000] {dagbag.py:536} INFO - Filling up the DagBag from /home/airflow/.local/lib/python3.8/site-packages/airflow/example_dags/example_branch_day_of_week_operator.py
[2023-11-08T22:34:52.820+0000] {processor.py:839} INFO - DAG(s) dict_keys(['example_weekday_branch_operator']) retrieved from /home/airflow/.local/lib/python3.8/site-packages/airflow/example_dags/example_branch_day_of_week_operator.py
[2023-11-08T22:34:52.832+0000] {logging_mixin.py:154} INFO - [2023-11-08T22:34:52.832+0000] {dag.py:2941} INFO - Sync 1 DAGs
[2023-11-08T22:34:52.845+0000] {logging_mixin.py:154} INFO - [2023-11-08T22:34:52.845+0000] {dag.py:3722} INFO - Setting next_dagrun for example_weekday_branch_operator to 2023-11-07T00:00:00+00:00, run_after=2023-11-08T00:00:00+00:00
[2023-11-08T22:34:52.855+0000] {processor.py:179} INFO - Processing /home/airflow/.local/lib/python3.8/site-packages/airflow/example_dags/example_branch_day_of_week_operator.py took 0.042 seconds
[2023-11-08T22:35:23.602+0000] {processor.py:157} INFO - Started process (PID=916) to work on /home/airflow/.local/lib/python3.8/site-packages/airflow/example_dags/example_branch_day_of_week_operator.py
[2023-11-08T22:35:23.603+0000] {processor.py:829} INFO - Processing file /home/airflow/.local/lib/python3.8/site-packages/airflow/example_dags/example_branch_day_of_week_operator.py for tasks to queue
[2023-11-08T22:35:23.604+0000] {logging_mixin.py:154} INFO - [2023-11-08T22:35:23.604+0000] {dagbag.py:536} INFO - Filling up the DagBag from /home/airflow/.local/lib/python3.8/site-packages/airflow/example_dags/example_branch_day_of_week_operator.py
[2023-11-08T22:35:23.608+0000] {processor.py:839} INFO - DAG(s) dict_keys(['example_weekday_branch_operator']) retrieved from /home/airflow/.local/lib/python3.8/site-packages/airflow/example_dags/example_branch_day_of_week_operator.py
[2023-11-08T22:35:23.620+0000] {logging_mixin.py:154} INFO - [2023-11-08T22:35:23.620+0000] {dag.py:2941} INFO - Sync 1 DAGs
[2023-11-08T22:35:23.635+0000] {logging_mixin.py:154} INFO - [2023-11-08T22:35:23.635+0000] {dag.py:3722} INFO - Setting next_dagrun for example_weekday_branch_operator to 2023-11-07T00:00:00+00:00, run_after=2023-11-08T00:00:00+00:00
[2023-11-08T22:35:23.645+0000] {processor.py:179} INFO - Processing /home/airflow/.local/lib/python3.8/site-packages/airflow/example_dags/example_branch_day_of_week_operator.py took 0.045 seconds
[2023-11-08T22:35:54.602+0000] {processor.py:157} INFO - Started process (PID=971) to work on /home/airflow/.local/lib/python3.8/site-packages/airflow/example_dags/example_branch_day_of_week_operator.py
[2023-11-08T22:35:54.603+0000] {processor.py:829} INFO - Processing file /home/airflow/.local/lib/python3.8/site-packages/airflow/example_dags/example_branch_day_of_week_operator.py for tasks to queue
[2023-11-08T22:35:54.604+0000] {logging_mixin.py:154} INFO - [2023-11-08T22:35:54.604+0000] {dagbag.py:536} INFO - Filling up the DagBag from /home/airflow/.local/lib/python3.8/site-packages/airflow/example_dags/example_branch_day_of_week_operator.py
[2023-11-08T22:35:54.608+0000] {processor.py:839} INFO - DAG(s) dict_keys(['example_weekday_branch_operator']) retrieved from /home/airflow/.local/lib/python3.8/site-packages/airflow/example_dags/example_branch_day_of_week_operator.py
[2023-11-08T22:35:54.621+0000] {logging_mixin.py:154} INFO - [2023-11-08T22:35:54.621+0000] {dag.py:2941} INFO - Sync 1 DAGs
[2023-11-08T22:35:54.635+0000] {logging_mixin.py:154} INFO - [2023-11-08T22:35:54.635+0000] {dag.py:3722} INFO - Setting next_dagrun for example_weekday_branch_operator to 2023-11-07T00:00:00+00:00, run_after=2023-11-08T00:00:00+00:00
[2023-11-08T22:35:54.645+0000] {processor.py:179} INFO - Processing /home/airflow/.local/lib/python3.8/site-packages/airflow/example_dags/example_branch_day_of_week_operator.py took 0.045 seconds
[2023-11-08T22:36:25.211+0000] {processor.py:157} INFO - Started process (PID=1026) to work on /home/airflow/.local/lib/python3.8/site-packages/airflow/example_dags/example_branch_day_of_week_operator.py
[2023-11-08T22:36:25.212+0000] {processor.py:829} INFO - Processing file /home/airflow/.local/lib/python3.8/site-packages/airflow/example_dags/example_branch_day_of_week_operator.py for tasks to queue
[2023-11-08T22:36:25.213+0000] {logging_mixin.py:154} INFO - [2023-11-08T22:36:25.212+0000] {dagbag.py:536} INFO - Filling up the DagBag from /home/airflow/.local/lib/python3.8/site-packages/airflow/example_dags/example_branch_day_of_week_operator.py
[2023-11-08T22:36:25.217+0000] {processor.py:839} INFO - DAG(s) dict_keys(['example_weekday_branch_operator']) retrieved from /home/airflow/.local/lib/python3.8/site-packages/airflow/example_dags/example_branch_day_of_week_operator.py
[2023-11-08T22:36:25.229+0000] {logging_mixin.py:154} INFO - [2023-11-08T22:36:25.229+0000] {dag.py:2941} INFO - Sync 1 DAGs
[2023-11-08T22:36:25.243+0000] {logging_mixin.py:154} INFO - [2023-11-08T22:36:25.243+0000] {dag.py:3722} INFO - Setting next_dagrun for example_weekday_branch_operator to 2023-11-07T00:00:00+00:00, run_after=2023-11-08T00:00:00+00:00
[2023-11-08T22:36:25.254+0000] {processor.py:179} INFO - Processing /home/airflow/.local/lib/python3.8/site-packages/airflow/example_dags/example_branch_day_of_week_operator.py took 0.044 seconds
[2023-11-08T22:36:55.808+0000] {processor.py:157} INFO - Started process (PID=1082) to work on /home/airflow/.local/lib/python3.8/site-packages/airflow/example_dags/example_branch_day_of_week_operator.py
[2023-11-08T22:36:55.809+0000] {processor.py:829} INFO - Processing file /home/airflow/.local/lib/python3.8/site-packages/airflow/example_dags/example_branch_day_of_week_operator.py for tasks to queue
[2023-11-08T22:36:55.810+0000] {logging_mixin.py:154} INFO - [2023-11-08T22:36:55.810+0000] {dagbag.py:536} INFO - Filling up the DagBag from /home/airflow/.local/lib/python3.8/site-packages/airflow/example_dags/example_branch_day_of_week_operator.py
[2023-11-08T22:36:55.815+0000] {processor.py:839} INFO - DAG(s) dict_keys(['example_weekday_branch_operator']) retrieved from /home/airflow/.local/lib/python3.8/site-packages/airflow/example_dags/example_branch_day_of_week_operator.py
[2023-11-08T22:36:55.828+0000] {logging_mixin.py:154} INFO - [2023-11-08T22:36:55.827+0000] {dag.py:2941} INFO - Sync 1 DAGs
[2023-11-08T22:36:55.843+0000] {logging_mixin.py:154} INFO - [2023-11-08T22:36:55.843+0000] {dag.py:3722} INFO - Setting next_dagrun for example_weekday_branch_operator to 2023-11-07T00:00:00+00:00, run_after=2023-11-08T00:00:00+00:00
[2023-11-08T22:36:55.856+0000] {processor.py:179} INFO - Processing /home/airflow/.local/lib/python3.8/site-packages/airflow/example_dags/example_branch_day_of_week_operator.py took 0.050 seconds
[2023-11-08T22:37:26.561+0000] {processor.py:157} INFO - Started process (PID=1137) to work on /home/airflow/.local/lib/python3.8/site-packages/airflow/example_dags/example_branch_day_of_week_operator.py
[2023-11-08T22:37:26.562+0000] {processor.py:829} INFO - Processing file /home/airflow/.local/lib/python3.8/site-packages/airflow/example_dags/example_branch_day_of_week_operator.py for tasks to queue
[2023-11-08T22:37:26.563+0000] {logging_mixin.py:154} INFO - [2023-11-08T22:37:26.563+0000] {dagbag.py:536} INFO - Filling up the DagBag from /home/airflow/.local/lib/python3.8/site-packages/airflow/example_dags/example_branch_day_of_week_operator.py
[2023-11-08T22:37:26.569+0000] {processor.py:839} INFO - DAG(s) dict_keys(['example_weekday_branch_operator']) retrieved from /home/airflow/.local/lib/python3.8/site-packages/airflow/example_dags/example_branch_day_of_week_operator.py
[2023-11-08T22:37:26.581+0000] {logging_mixin.py:154} INFO - [2023-11-08T22:37:26.581+0000] {dag.py:2941} INFO - Sync 1 DAGs
[2023-11-08T22:37:26.597+0000] {logging_mixin.py:154} INFO - [2023-11-08T22:37:26.597+0000] {dag.py:3722} INFO - Setting next_dagrun for example_weekday_branch_operator to 2023-11-07T00:00:00+00:00, run_after=2023-11-08T00:00:00+00:00
[2023-11-08T22:37:26.610+0000] {processor.py:179} INFO - Processing /home/airflow/.local/lib/python3.8/site-packages/airflow/example_dags/example_branch_day_of_week_operator.py took 0.051 seconds
[2023-11-08T22:37:57.202+0000] {processor.py:157} INFO - Started process (PID=1192) to work on /home/airflow/.local/lib/python3.8/site-packages/airflow/example_dags/example_branch_day_of_week_operator.py
[2023-11-08T22:37:57.202+0000] {processor.py:829} INFO - Processing file /home/airflow/.local/lib/python3.8/site-packages/airflow/example_dags/example_branch_day_of_week_operator.py for tasks to queue
[2023-11-08T22:37:57.204+0000] {logging_mixin.py:154} INFO - [2023-11-08T22:37:57.203+0000] {dagbag.py:536} INFO - Filling up the DagBag from /home/airflow/.local/lib/python3.8/site-packages/airflow/example_dags/example_branch_day_of_week_operator.py
[2023-11-08T22:37:57.208+0000] {processor.py:839} INFO - DAG(s) dict_keys(['example_weekday_branch_operator']) retrieved from /home/airflow/.local/lib/python3.8/site-packages/airflow/example_dags/example_branch_day_of_week_operator.py
[2023-11-08T22:37:57.220+0000] {logging_mixin.py:154} INFO - [2023-11-08T22:37:57.220+0000] {dag.py:2941} INFO - Sync 1 DAGs
[2023-11-08T22:37:57.233+0000] {logging_mixin.py:154} INFO - [2023-11-08T22:37:57.233+0000] {dag.py:3722} INFO - Setting next_dagrun for example_weekday_branch_operator to 2023-11-07T00:00:00+00:00, run_after=2023-11-08T00:00:00+00:00
[2023-11-08T22:37:57.243+0000] {processor.py:179} INFO - Processing /home/airflow/.local/lib/python3.8/site-packages/airflow/example_dags/example_branch_day_of_week_operator.py took 0.043 seconds
[2023-11-08T22:38:27.748+0000] {processor.py:157} INFO - Started process (PID=1247) to work on /home/airflow/.local/lib/python3.8/site-packages/airflow/example_dags/example_branch_day_of_week_operator.py
[2023-11-08T22:38:27.748+0000] {processor.py:829} INFO - Processing file /home/airflow/.local/lib/python3.8/site-packages/airflow/example_dags/example_branch_day_of_week_operator.py for tasks to queue
[2023-11-08T22:38:27.750+0000] {logging_mixin.py:154} INFO - [2023-11-08T22:38:27.749+0000] {dagbag.py:536} INFO - Filling up the DagBag from /home/airflow/.local/lib/python3.8/site-packages/airflow/example_dags/example_branch_day_of_week_operator.py
[2023-11-08T22:38:27.754+0000] {processor.py:839} INFO - DAG(s) dict_keys(['example_weekday_branch_operator']) retrieved from /home/airflow/.local/lib/python3.8/site-packages/airflow/example_dags/example_branch_day_of_week_operator.py
[2023-11-08T22:38:27.768+0000] {logging_mixin.py:154} INFO - [2023-11-08T22:38:27.768+0000] {dag.py:2941} INFO - Sync 1 DAGs
[2023-11-08T22:38:27.783+0000] {logging_mixin.py:154} INFO - [2023-11-08T22:38:27.783+0000] {dag.py:3722} INFO - Setting next_dagrun for example_weekday_branch_operator to 2023-11-07T00:00:00+00:00, run_after=2023-11-08T00:00:00+00:00
[2023-11-08T22:38:27.795+0000] {processor.py:179} INFO - Processing /home/airflow/.local/lib/python3.8/site-packages/airflow/example_dags/example_branch_day_of_week_operator.py took 0.049 seconds
[2023-11-08T22:38:58.382+0000] {processor.py:157} INFO - Started process (PID=1303) to work on /home/airflow/.local/lib/python3.8/site-packages/airflow/example_dags/example_branch_day_of_week_operator.py
[2023-11-08T22:38:58.383+0000] {processor.py:829} INFO - Processing file /home/airflow/.local/lib/python3.8/site-packages/airflow/example_dags/example_branch_day_of_week_operator.py for tasks to queue
[2023-11-08T22:38:58.384+0000] {logging_mixin.py:154} INFO - [2023-11-08T22:38:58.384+0000] {dagbag.py:536} INFO - Filling up the DagBag from /home/airflow/.local/lib/python3.8/site-packages/airflow/example_dags/example_branch_day_of_week_operator.py
[2023-11-08T22:38:58.388+0000] {processor.py:839} INFO - DAG(s) dict_keys(['example_weekday_branch_operator']) retrieved from /home/airflow/.local/lib/python3.8/site-packages/airflow/example_dags/example_branch_day_of_week_operator.py
[2023-11-08T22:38:58.400+0000] {logging_mixin.py:154} INFO - [2023-11-08T22:38:58.400+0000] {dag.py:2941} INFO - Sync 1 DAGs
[2023-11-08T22:38:58.413+0000] {logging_mixin.py:154} INFO - [2023-11-08T22:38:58.413+0000] {dag.py:3722} INFO - Setting next_dagrun for example_weekday_branch_operator to 2023-11-07T00:00:00+00:00, run_after=2023-11-08T00:00:00+00:00
[2023-11-08T22:38:58.424+0000] {processor.py:179} INFO - Processing /home/airflow/.local/lib/python3.8/site-packages/airflow/example_dags/example_branch_day_of_week_operator.py took 0.043 seconds
[2023-11-08T22:39:28.972+0000] {processor.py:157} INFO - Started process (PID=1359) to work on /home/airflow/.local/lib/python3.8/site-packages/airflow/example_dags/example_branch_day_of_week_operator.py
[2023-11-08T22:39:28.973+0000] {processor.py:829} INFO - Processing file /home/airflow/.local/lib/python3.8/site-packages/airflow/example_dags/example_branch_day_of_week_operator.py for tasks to queue
[2023-11-08T22:39:28.974+0000] {logging_mixin.py:154} INFO - [2023-11-08T22:39:28.974+0000] {dagbag.py:536} INFO - Filling up the DagBag from /home/airflow/.local/lib/python3.8/site-packages/airflow/example_dags/example_branch_day_of_week_operator.py
[2023-11-08T22:39:28.978+0000] {processor.py:839} INFO - DAG(s) dict_keys(['example_weekday_branch_operator']) retrieved from /home/airflow/.local/lib/python3.8/site-packages/airflow/example_dags/example_branch_day_of_week_operator.py
[2023-11-08T22:39:28.990+0000] {logging_mixin.py:154} INFO - [2023-11-08T22:39:28.990+0000] {dag.py:2941} INFO - Sync 1 DAGs
[2023-11-08T22:39:29.003+0000] {logging_mixin.py:154} INFO - [2023-11-08T22:39:29.003+0000] {dag.py:3722} INFO - Setting next_dagrun for example_weekday_branch_operator to 2023-11-07T00:00:00+00:00, run_after=2023-11-08T00:00:00+00:00
[2023-11-08T22:39:29.013+0000] {processor.py:179} INFO - Processing /home/airflow/.local/lib/python3.8/site-packages/airflow/example_dags/example_branch_day_of_week_operator.py took 0.042 seconds
[2023-11-08T22:39:59.608+0000] {processor.py:157} INFO - Started process (PID=1414) to work on /home/airflow/.local/lib/python3.8/site-packages/airflow/example_dags/example_branch_day_of_week_operator.py
[2023-11-08T22:39:59.609+0000] {processor.py:829} INFO - Processing file /home/airflow/.local/lib/python3.8/site-packages/airflow/example_dags/example_branch_day_of_week_operator.py for tasks to queue
[2023-11-08T22:39:59.610+0000] {logging_mixin.py:154} INFO - [2023-11-08T22:39:59.610+0000] {dagbag.py:536} INFO - Filling up the DagBag from /home/airflow/.local/lib/python3.8/site-packages/airflow/example_dags/example_branch_day_of_week_operator.py
[2023-11-08T22:39:59.614+0000] {processor.py:839} INFO - DAG(s) dict_keys(['example_weekday_branch_operator']) retrieved from /home/airflow/.local/lib/python3.8/site-packages/airflow/example_dags/example_branch_day_of_week_operator.py
[2023-11-08T22:39:59.627+0000] {logging_mixin.py:154} INFO - [2023-11-08T22:39:59.626+0000] {dag.py:2941} INFO - Sync 1 DAGs
[2023-11-08T22:39:59.640+0000] {logging_mixin.py:154} INFO - [2023-11-08T22:39:59.640+0000] {dag.py:3722} INFO - Setting next_dagrun for example_weekday_branch_operator to 2023-11-07T00:00:00+00:00, run_after=2023-11-08T00:00:00+00:00
[2023-11-08T22:39:59.650+0000] {processor.py:179} INFO - Processing /home/airflow/.local/lib/python3.8/site-packages/airflow/example_dags/example_branch_day_of_week_operator.py took 0.044 seconds
[2023-11-08T22:40:30.181+0000] {processor.py:157} INFO - Started process (PID=1469) to work on /home/airflow/.local/lib/python3.8/site-packages/airflow/example_dags/example_branch_day_of_week_operator.py
[2023-11-08T22:40:30.181+0000] {processor.py:829} INFO - Processing file /home/airflow/.local/lib/python3.8/site-packages/airflow/example_dags/example_branch_day_of_week_operator.py for tasks to queue
[2023-11-08T22:40:30.182+0000] {logging_mixin.py:154} INFO - [2023-11-08T22:40:30.182+0000] {dagbag.py:536} INFO - Filling up the DagBag from /home/airflow/.local/lib/python3.8/site-packages/airflow/example_dags/example_branch_day_of_week_operator.py
[2023-11-08T22:40:30.187+0000] {processor.py:839} INFO - DAG(s) dict_keys(['example_weekday_branch_operator']) retrieved from /home/airflow/.local/lib/python3.8/site-packages/airflow/example_dags/example_branch_day_of_week_operator.py
[2023-11-08T22:40:30.199+0000] {logging_mixin.py:154} INFO - [2023-11-08T22:40:30.198+0000] {dag.py:2941} INFO - Sync 1 DAGs
[2023-11-08T22:40:30.212+0000] {logging_mixin.py:154} INFO - [2023-11-08T22:40:30.211+0000] {dag.py:3722} INFO - Setting next_dagrun for example_weekday_branch_operator to 2023-11-07T00:00:00+00:00, run_after=2023-11-08T00:00:00+00:00
[2023-11-08T22:40:30.224+0000] {processor.py:179} INFO - Processing /home/airflow/.local/lib/python3.8/site-packages/airflow/example_dags/example_branch_day_of_week_operator.py took 0.045 seconds
[2023-11-08T22:41:00.684+0000] {processor.py:157} INFO - Started process (PID=1524) to work on /home/airflow/.local/lib/python3.8/site-packages/airflow/example_dags/example_branch_day_of_week_operator.py
[2023-11-08T22:41:00.684+0000] {processor.py:829} INFO - Processing file /home/airflow/.local/lib/python3.8/site-packages/airflow/example_dags/example_branch_day_of_week_operator.py for tasks to queue
[2023-11-08T22:41:00.686+0000] {logging_mixin.py:154} INFO - [2023-11-08T22:41:00.685+0000] {dagbag.py:536} INFO - Filling up the DagBag from /home/airflow/.local/lib/python3.8/site-packages/airflow/example_dags/example_branch_day_of_week_operator.py
[2023-11-08T22:41:00.690+0000] {processor.py:839} INFO - DAG(s) dict_keys(['example_weekday_branch_operator']) retrieved from /home/airflow/.local/lib/python3.8/site-packages/airflow/example_dags/example_branch_day_of_week_operator.py
[2023-11-08T22:41:00.705+0000] {logging_mixin.py:154} INFO - [2023-11-08T22:41:00.704+0000] {dag.py:2941} INFO - Sync 1 DAGs
[2023-11-08T22:41:00.722+0000] {logging_mixin.py:154} INFO - [2023-11-08T22:41:00.722+0000] {dag.py:3722} INFO - Setting next_dagrun for example_weekday_branch_operator to 2023-11-07T00:00:00+00:00, run_after=2023-11-08T00:00:00+00:00
[2023-11-08T22:41:00.734+0000] {processor.py:179} INFO - Processing /home/airflow/.local/lib/python3.8/site-packages/airflow/example_dags/example_branch_day_of_week_operator.py took 0.052 seconds
[2023-11-08T22:41:31.370+0000] {processor.py:157} INFO - Started process (PID=1579) to work on /home/airflow/.local/lib/python3.8/site-packages/airflow/example_dags/example_branch_day_of_week_operator.py
[2023-11-08T22:41:31.371+0000] {processor.py:829} INFO - Processing file /home/airflow/.local/lib/python3.8/site-packages/airflow/example_dags/example_branch_day_of_week_operator.py for tasks to queue
[2023-11-08T22:41:31.372+0000] {logging_mixin.py:154} INFO - [2023-11-08T22:41:31.372+0000] {dagbag.py:536} INFO - Filling up the DagBag from /home/airflow/.local/lib/python3.8/site-packages/airflow/example_dags/example_branch_day_of_week_operator.py
[2023-11-08T22:41:31.376+0000] {processor.py:839} INFO - DAG(s) dict_keys(['example_weekday_branch_operator']) retrieved from /home/airflow/.local/lib/python3.8/site-packages/airflow/example_dags/example_branch_day_of_week_operator.py
[2023-11-08T22:41:31.389+0000] {logging_mixin.py:154} INFO - [2023-11-08T22:41:31.389+0000] {dag.py:2941} INFO - Sync 1 DAGs
[2023-11-08T22:41:31.404+0000] {logging_mixin.py:154} INFO - [2023-11-08T22:41:31.404+0000] {dag.py:3722} INFO - Setting next_dagrun for example_weekday_branch_operator to 2023-11-07T00:00:00+00:00, run_after=2023-11-08T00:00:00+00:00
[2023-11-08T22:41:31.414+0000] {processor.py:179} INFO - Processing /home/airflow/.local/lib/python3.8/site-packages/airflow/example_dags/example_branch_day_of_week_operator.py took 0.045 seconds
[2023-11-08T22:42:02.010+0000] {processor.py:157} INFO - Started process (PID=1635) to work on /home/airflow/.local/lib/python3.8/site-packages/airflow/example_dags/example_branch_day_of_week_operator.py
[2023-11-08T22:42:02.011+0000] {processor.py:829} INFO - Processing file /home/airflow/.local/lib/python3.8/site-packages/airflow/example_dags/example_branch_day_of_week_operator.py for tasks to queue
[2023-11-08T22:42:02.012+0000] {logging_mixin.py:154} INFO - [2023-11-08T22:42:02.012+0000] {dagbag.py:536} INFO - Filling up the DagBag from /home/airflow/.local/lib/python3.8/site-packages/airflow/example_dags/example_branch_day_of_week_operator.py
[2023-11-08T22:42:02.017+0000] {processor.py:839} INFO - DAG(s) dict_keys(['example_weekday_branch_operator']) retrieved from /home/airflow/.local/lib/python3.8/site-packages/airflow/example_dags/example_branch_day_of_week_operator.py
[2023-11-08T22:42:02.030+0000] {logging_mixin.py:154} INFO - [2023-11-08T22:42:02.029+0000] {dag.py:2941} INFO - Sync 1 DAGs
[2023-11-08T22:42:02.044+0000] {logging_mixin.py:154} INFO - [2023-11-08T22:42:02.043+0000] {dag.py:3722} INFO - Setting next_dagrun for example_weekday_branch_operator to 2023-11-07T00:00:00+00:00, run_after=2023-11-08T00:00:00+00:00
[2023-11-08T22:42:02.055+0000] {processor.py:179} INFO - Processing /home/airflow/.local/lib/python3.8/site-packages/airflow/example_dags/example_branch_day_of_week_operator.py took 0.047 seconds
[2023-11-08T22:42:32.557+0000] {processor.py:157} INFO - Started process (PID=1690) to work on /home/airflow/.local/lib/python3.8/site-packages/airflow/example_dags/example_branch_day_of_week_operator.py
[2023-11-08T22:42:32.558+0000] {processor.py:829} INFO - Processing file /home/airflow/.local/lib/python3.8/site-packages/airflow/example_dags/example_branch_day_of_week_operator.py for tasks to queue
[2023-11-08T22:42:32.559+0000] {logging_mixin.py:154} INFO - [2023-11-08T22:42:32.559+0000] {dagbag.py:536} INFO - Filling up the DagBag from /home/airflow/.local/lib/python3.8/site-packages/airflow/example_dags/example_branch_day_of_week_operator.py
[2023-11-08T22:42:32.563+0000] {processor.py:839} INFO - DAG(s) dict_keys(['example_weekday_branch_operator']) retrieved from /home/airflow/.local/lib/python3.8/site-packages/airflow/example_dags/example_branch_day_of_week_operator.py
[2023-11-08T22:42:32.576+0000] {logging_mixin.py:154} INFO - [2023-11-08T22:42:32.576+0000] {dag.py:2941} INFO - Sync 1 DAGs
[2023-11-08T22:42:32.591+0000] {logging_mixin.py:154} INFO - [2023-11-08T22:42:32.591+0000] {dag.py:3722} INFO - Setting next_dagrun for example_weekday_branch_operator to 2023-11-07T00:00:00+00:00, run_after=2023-11-08T00:00:00+00:00
[2023-11-08T22:42:32.602+0000] {processor.py:179} INFO - Processing /home/airflow/.local/lib/python3.8/site-packages/airflow/example_dags/example_branch_day_of_week_operator.py took 0.047 seconds
[2023-11-08T22:43:03.142+0000] {processor.py:157} INFO - Started process (PID=1745) to work on /home/airflow/.local/lib/python3.8/site-packages/airflow/example_dags/example_branch_day_of_week_operator.py
[2023-11-08T22:43:03.143+0000] {processor.py:829} INFO - Processing file /home/airflow/.local/lib/python3.8/site-packages/airflow/example_dags/example_branch_day_of_week_operator.py for tasks to queue
[2023-11-08T22:43:03.145+0000] {logging_mixin.py:154} INFO - [2023-11-08T22:43:03.144+0000] {dagbag.py:536} INFO - Filling up the DagBag from /home/airflow/.local/lib/python3.8/site-packages/airflow/example_dags/example_branch_day_of_week_operator.py
[2023-11-08T22:43:03.152+0000] {processor.py:839} INFO - DAG(s) dict_keys(['example_weekday_branch_operator']) retrieved from /home/airflow/.local/lib/python3.8/site-packages/airflow/example_dags/example_branch_day_of_week_operator.py
[2023-11-08T22:43:03.165+0000] {logging_mixin.py:154} INFO - [2023-11-08T22:43:03.165+0000] {dag.py:2941} INFO - Sync 1 DAGs
[2023-11-08T22:43:03.180+0000] {logging_mixin.py:154} INFO - [2023-11-08T22:43:03.180+0000] {dag.py:3722} INFO - Setting next_dagrun for example_weekday_branch_operator to 2023-11-07T00:00:00+00:00, run_after=2023-11-08T00:00:00+00:00
[2023-11-08T22:43:03.193+0000] {processor.py:179} INFO - Processing /home/airflow/.local/lib/python3.8/site-packages/airflow/example_dags/example_branch_day_of_week_operator.py took 0.054 seconds
[2023-11-08T22:43:37.791+0000] {processor.py:157} INFO - Started process (PID=45) to work on /home/airflow/.local/lib/python3.8/site-packages/airflow/example_dags/example_branch_day_of_week_operator.py
[2023-11-08T22:43:37.792+0000] {processor.py:829} INFO - Processing file /home/airflow/.local/lib/python3.8/site-packages/airflow/example_dags/example_branch_day_of_week_operator.py for tasks to queue
[2023-11-08T22:43:37.793+0000] {logging_mixin.py:154} INFO - [2023-11-08T22:43:37.793+0000] {dagbag.py:536} INFO - Filling up the DagBag from /home/airflow/.local/lib/python3.8/site-packages/airflow/example_dags/example_branch_day_of_week_operator.py
[2023-11-08T22:43:37.801+0000] {processor.py:839} INFO - DAG(s) dict_keys(['example_weekday_branch_operator']) retrieved from /home/airflow/.local/lib/python3.8/site-packages/airflow/example_dags/example_branch_day_of_week_operator.py
[2023-11-08T22:43:37.810+0000] {logging_mixin.py:154} INFO - [2023-11-08T22:43:37.810+0000] {dag.py:2941} INFO - Sync 1 DAGs
[2023-11-08T22:43:37.827+0000] {logging_mixin.py:154} INFO - [2023-11-08T22:43:37.827+0000] {dag.py:3722} INFO - Setting next_dagrun for example_weekday_branch_operator to 2023-11-07T00:00:00+00:00, run_after=2023-11-08T00:00:00+00:00
[2023-11-08T22:43:37.841+0000] {processor.py:179} INFO - Processing /home/airflow/.local/lib/python3.8/site-packages/airflow/example_dags/example_branch_day_of_week_operator.py took 0.052 seconds
