[2023-11-08T22:09:16.233+0000] {processor.py:157} INFO - Started process (PID=61) to work on /home/airflow/.local/lib/python3.8/site-packages/airflow/example_dags/example_bash_operator.py
[2023-11-08T22:09:16.233+0000] {processor.py:829} INFO - Processing file /home/airflow/.local/lib/python3.8/site-packages/airflow/example_dags/example_bash_operator.py for tasks to queue
[2023-11-08T22:09:16.235+0000] {logging_mixin.py:154} INFO - [2023-11-08T22:09:16.235+0000] {dagbag.py:536} INFO - Filling up the DagBag from /home/airflow/.local/lib/python3.8/site-packages/airflow/example_dags/example_bash_operator.py
[2023-11-08T22:09:16.244+0000] {processor.py:839} INFO - DAG(s) dict_keys(['example_bash_operator']) retrieved from /home/airflow/.local/lib/python3.8/site-packages/airflow/example_dags/example_bash_operator.py
[2023-11-08T22:09:16.251+0000] {logging_mixin.py:154} INFO - [2023-11-08T22:09:16.251+0000] {dag.py:2941} INFO - Sync 1 DAGs
[2023-11-08T22:09:16.268+0000] {logging_mixin.py:154} INFO - [2023-11-08T22:09:16.268+0000] {dag.py:3722} INFO - Setting next_dagrun for example_bash_operator to 2023-11-07T00:00:00+00:00, run_after=2023-11-08T00:00:00+00:00
[2023-11-08T22:09:16.280+0000] {processor.py:179} INFO - Processing /home/airflow/.local/lib/python3.8/site-packages/airflow/example_dags/example_bash_operator.py took 0.049 seconds
[2023-11-08T22:09:46.967+0000] {processor.py:157} INFO - Started process (PID=116) to work on /home/airflow/.local/lib/python3.8/site-packages/airflow/example_dags/example_bash_operator.py
[2023-11-08T22:09:46.968+0000] {processor.py:829} INFO - Processing file /home/airflow/.local/lib/python3.8/site-packages/airflow/example_dags/example_bash_operator.py for tasks to queue
[2023-11-08T22:09:46.970+0000] {logging_mixin.py:154} INFO - [2023-11-08T22:09:46.969+0000] {dagbag.py:536} INFO - Filling up the DagBag from /home/airflow/.local/lib/python3.8/site-packages/airflow/example_dags/example_bash_operator.py
[2023-11-08T22:09:46.977+0000] {processor.py:839} INFO - DAG(s) dict_keys(['example_bash_operator']) retrieved from /home/airflow/.local/lib/python3.8/site-packages/airflow/example_dags/example_bash_operator.py
[2023-11-08T22:09:47.003+0000] {logging_mixin.py:154} INFO - [2023-11-08T22:09:47.003+0000] {dag.py:2941} INFO - Sync 1 DAGs
[2023-11-08T22:09:47.026+0000] {logging_mixin.py:154} INFO - [2023-11-08T22:09:47.026+0000] {dag.py:3722} INFO - Setting next_dagrun for example_bash_operator to 2023-11-07T00:00:00+00:00, run_after=2023-11-08T00:00:00+00:00
[2023-11-08T22:09:47.042+0000] {processor.py:179} INFO - Processing /home/airflow/.local/lib/python3.8/site-packages/airflow/example_dags/example_bash_operator.py took 0.077 seconds
[2023-11-08T22:11:50.672+0000] {processor.py:157} INFO - Started process (PID=61) to work on /home/airflow/.local/lib/python3.8/site-packages/airflow/example_dags/example_bash_operator.py
[2023-11-08T22:11:50.673+0000] {processor.py:829} INFO - Processing file /home/airflow/.local/lib/python3.8/site-packages/airflow/example_dags/example_bash_operator.py for tasks to queue
[2023-11-08T22:11:50.674+0000] {logging_mixin.py:154} INFO - [2023-11-08T22:11:50.674+0000] {dagbag.py:536} INFO - Filling up the DagBag from /home/airflow/.local/lib/python3.8/site-packages/airflow/example_dags/example_bash_operator.py
[2023-11-08T22:11:50.685+0000] {processor.py:839} INFO - DAG(s) dict_keys(['example_bash_operator']) retrieved from /home/airflow/.local/lib/python3.8/site-packages/airflow/example_dags/example_bash_operator.py
[2023-11-08T22:11:50.697+0000] {logging_mixin.py:154} INFO - [2023-11-08T22:11:50.696+0000] {dag.py:2941} INFO - Sync 1 DAGs
[2023-11-08T22:11:50.717+0000] {logging_mixin.py:154} INFO - [2023-11-08T22:11:50.716+0000] {dag.py:3722} INFO - Setting next_dagrun for example_bash_operator to 2023-11-07T00:00:00+00:00, run_after=2023-11-08T00:00:00+00:00
[2023-11-08T22:11:50.729+0000] {processor.py:179} INFO - Processing /home/airflow/.local/lib/python3.8/site-packages/airflow/example_dags/example_bash_operator.py took 0.059 seconds
[2023-11-08T22:12:20.780+0000] {processor.py:157} INFO - Started process (PID=115) to work on /home/airflow/.local/lib/python3.8/site-packages/airflow/example_dags/example_bash_operator.py
[2023-11-08T22:12:20.780+0000] {processor.py:829} INFO - Processing file /home/airflow/.local/lib/python3.8/site-packages/airflow/example_dags/example_bash_operator.py for tasks to queue
[2023-11-08T22:12:20.781+0000] {logging_mixin.py:154} INFO - [2023-11-08T22:12:20.781+0000] {dagbag.py:536} INFO - Filling up the DagBag from /home/airflow/.local/lib/python3.8/site-packages/airflow/example_dags/example_bash_operator.py
[2023-11-08T22:12:20.788+0000] {processor.py:839} INFO - DAG(s) dict_keys(['example_bash_operator']) retrieved from /home/airflow/.local/lib/python3.8/site-packages/airflow/example_dags/example_bash_operator.py
[2023-11-08T22:12:20.805+0000] {logging_mixin.py:154} INFO - [2023-11-08T22:12:20.805+0000] {dag.py:2941} INFO - Sync 1 DAGs
[2023-11-08T22:12:20.818+0000] {logging_mixin.py:154} INFO - [2023-11-08T22:12:20.818+0000] {dag.py:3722} INFO - Setting next_dagrun for example_bash_operator to 2023-11-07T00:00:00+00:00, run_after=2023-11-08T00:00:00+00:00
[2023-11-08T22:12:20.827+0000] {processor.py:179} INFO - Processing /home/airflow/.local/lib/python3.8/site-packages/airflow/example_dags/example_bash_operator.py took 0.049 seconds
[2023-11-08T22:12:51.699+0000] {processor.py:157} INFO - Started process (PID=169) to work on /home/airflow/.local/lib/python3.8/site-packages/airflow/example_dags/example_bash_operator.py
[2023-11-08T22:12:51.699+0000] {processor.py:829} INFO - Processing file /home/airflow/.local/lib/python3.8/site-packages/airflow/example_dags/example_bash_operator.py for tasks to queue
[2023-11-08T22:12:51.700+0000] {logging_mixin.py:154} INFO - [2023-11-08T22:12:51.700+0000] {dagbag.py:536} INFO - Filling up the DagBag from /home/airflow/.local/lib/python3.8/site-packages/airflow/example_dags/example_bash_operator.py
[2023-11-08T22:12:51.707+0000] {processor.py:839} INFO - DAG(s) dict_keys(['example_bash_operator']) retrieved from /home/airflow/.local/lib/python3.8/site-packages/airflow/example_dags/example_bash_operator.py
[2023-11-08T22:12:51.723+0000] {logging_mixin.py:154} INFO - [2023-11-08T22:12:51.723+0000] {dag.py:2941} INFO - Sync 1 DAGs
[2023-11-08T22:12:51.736+0000] {logging_mixin.py:154} INFO - [2023-11-08T22:12:51.736+0000] {dag.py:3722} INFO - Setting next_dagrun for example_bash_operator to 2023-11-07T00:00:00+00:00, run_after=2023-11-08T00:00:00+00:00
[2023-11-08T22:12:51.746+0000] {processor.py:179} INFO - Processing /home/airflow/.local/lib/python3.8/site-packages/airflow/example_dags/example_bash_operator.py took 0.049 seconds
[2023-11-08T22:13:22.278+0000] {processor.py:157} INFO - Started process (PID=223) to work on /home/airflow/.local/lib/python3.8/site-packages/airflow/example_dags/example_bash_operator.py
[2023-11-08T22:13:22.279+0000] {processor.py:829} INFO - Processing file /home/airflow/.local/lib/python3.8/site-packages/airflow/example_dags/example_bash_operator.py for tasks to queue
[2023-11-08T22:13:22.280+0000] {logging_mixin.py:154} INFO - [2023-11-08T22:13:22.280+0000] {dagbag.py:536} INFO - Filling up the DagBag from /home/airflow/.local/lib/python3.8/site-packages/airflow/example_dags/example_bash_operator.py
[2023-11-08T22:13:22.287+0000] {processor.py:839} INFO - DAG(s) dict_keys(['example_bash_operator']) retrieved from /home/airflow/.local/lib/python3.8/site-packages/airflow/example_dags/example_bash_operator.py
[2023-11-08T22:13:22.304+0000] {logging_mixin.py:154} INFO - [2023-11-08T22:13:22.304+0000] {dag.py:2941} INFO - Sync 1 DAGs
[2023-11-08T22:13:22.318+0000] {logging_mixin.py:154} INFO - [2023-11-08T22:13:22.318+0000] {dag.py:3722} INFO - Setting next_dagrun for example_bash_operator to 2023-11-07T00:00:00+00:00, run_after=2023-11-08T00:00:00+00:00
[2023-11-08T22:13:22.328+0000] {processor.py:179} INFO - Processing /home/airflow/.local/lib/python3.8/site-packages/airflow/example_dags/example_bash_operator.py took 0.052 seconds
[2023-11-08T22:13:52.935+0000] {processor.py:157} INFO - Started process (PID=277) to work on /home/airflow/.local/lib/python3.8/site-packages/airflow/example_dags/example_bash_operator.py
[2023-11-08T22:13:52.935+0000] {processor.py:829} INFO - Processing file /home/airflow/.local/lib/python3.8/site-packages/airflow/example_dags/example_bash_operator.py for tasks to queue
[2023-11-08T22:13:52.936+0000] {logging_mixin.py:154} INFO - [2023-11-08T22:13:52.936+0000] {dagbag.py:536} INFO - Filling up the DagBag from /home/airflow/.local/lib/python3.8/site-packages/airflow/example_dags/example_bash_operator.py
[2023-11-08T22:13:52.943+0000] {processor.py:839} INFO - DAG(s) dict_keys(['example_bash_operator']) retrieved from /home/airflow/.local/lib/python3.8/site-packages/airflow/example_dags/example_bash_operator.py
[2023-11-08T22:13:52.960+0000] {logging_mixin.py:154} INFO - [2023-11-08T22:13:52.960+0000] {dag.py:2941} INFO - Sync 1 DAGs
[2023-11-08T22:13:52.973+0000] {logging_mixin.py:154} INFO - [2023-11-08T22:13:52.973+0000] {dag.py:3722} INFO - Setting next_dagrun for example_bash_operator to 2023-11-07T00:00:00+00:00, run_after=2023-11-08T00:00:00+00:00
[2023-11-08T22:13:52.983+0000] {processor.py:179} INFO - Processing /home/airflow/.local/lib/python3.8/site-packages/airflow/example_dags/example_bash_operator.py took 0.050 seconds
[2023-11-08T22:14:23.591+0000] {processor.py:157} INFO - Started process (PID=331) to work on /home/airflow/.local/lib/python3.8/site-packages/airflow/example_dags/example_bash_operator.py
[2023-11-08T22:14:23.592+0000] {processor.py:829} INFO - Processing file /home/airflow/.local/lib/python3.8/site-packages/airflow/example_dags/example_bash_operator.py for tasks to queue
[2023-11-08T22:14:23.593+0000] {logging_mixin.py:154} INFO - [2023-11-08T22:14:23.593+0000] {dagbag.py:536} INFO - Filling up the DagBag from /home/airflow/.local/lib/python3.8/site-packages/airflow/example_dags/example_bash_operator.py
[2023-11-08T22:14:23.599+0000] {processor.py:839} INFO - DAG(s) dict_keys(['example_bash_operator']) retrieved from /home/airflow/.local/lib/python3.8/site-packages/airflow/example_dags/example_bash_operator.py
[2023-11-08T22:14:23.616+0000] {logging_mixin.py:154} INFO - [2023-11-08T22:14:23.616+0000] {dag.py:2941} INFO - Sync 1 DAGs
[2023-11-08T22:14:23.631+0000] {logging_mixin.py:154} INFO - [2023-11-08T22:14:23.631+0000] {dag.py:3722} INFO - Setting next_dagrun for example_bash_operator to 2023-11-07T00:00:00+00:00, run_after=2023-11-08T00:00:00+00:00
[2023-11-08T22:14:23.643+0000] {processor.py:179} INFO - Processing /home/airflow/.local/lib/python3.8/site-packages/airflow/example_dags/example_bash_operator.py took 0.053 seconds
[2023-11-08T22:14:54.207+0000] {processor.py:157} INFO - Started process (PID=385) to work on /home/airflow/.local/lib/python3.8/site-packages/airflow/example_dags/example_bash_operator.py
[2023-11-08T22:14:54.207+0000] {processor.py:829} INFO - Processing file /home/airflow/.local/lib/python3.8/site-packages/airflow/example_dags/example_bash_operator.py for tasks to queue
[2023-11-08T22:14:54.208+0000] {logging_mixin.py:154} INFO - [2023-11-08T22:14:54.208+0000] {dagbag.py:536} INFO - Filling up the DagBag from /home/airflow/.local/lib/python3.8/site-packages/airflow/example_dags/example_bash_operator.py
[2023-11-08T22:14:54.216+0000] {processor.py:839} INFO - DAG(s) dict_keys(['example_bash_operator']) retrieved from /home/airflow/.local/lib/python3.8/site-packages/airflow/example_dags/example_bash_operator.py
[2023-11-08T22:14:54.234+0000] {logging_mixin.py:154} INFO - [2023-11-08T22:14:54.233+0000] {dag.py:2941} INFO - Sync 1 DAGs
[2023-11-08T22:14:54.247+0000] {logging_mixin.py:154} INFO - [2023-11-08T22:14:54.247+0000] {dag.py:3722} INFO - Setting next_dagrun for example_bash_operator to 2023-11-07T00:00:00+00:00, run_after=2023-11-08T00:00:00+00:00
[2023-11-08T22:14:54.258+0000] {processor.py:179} INFO - Processing /home/airflow/.local/lib/python3.8/site-packages/airflow/example_dags/example_bash_operator.py took 0.053 seconds
[2023-11-08T22:15:24.894+0000] {processor.py:157} INFO - Started process (PID=440) to work on /home/airflow/.local/lib/python3.8/site-packages/airflow/example_dags/example_bash_operator.py
[2023-11-08T22:15:24.895+0000] {processor.py:829} INFO - Processing file /home/airflow/.local/lib/python3.8/site-packages/airflow/example_dags/example_bash_operator.py for tasks to queue
[2023-11-08T22:15:24.896+0000] {logging_mixin.py:154} INFO - [2023-11-08T22:15:24.896+0000] {dagbag.py:536} INFO - Filling up the DagBag from /home/airflow/.local/lib/python3.8/site-packages/airflow/example_dags/example_bash_operator.py
[2023-11-08T22:15:24.902+0000] {processor.py:839} INFO - DAG(s) dict_keys(['example_bash_operator']) retrieved from /home/airflow/.local/lib/python3.8/site-packages/airflow/example_dags/example_bash_operator.py
[2023-11-08T22:15:24.918+0000] {logging_mixin.py:154} INFO - [2023-11-08T22:15:24.918+0000] {dag.py:2941} INFO - Sync 1 DAGs
[2023-11-08T22:15:24.931+0000] {logging_mixin.py:154} INFO - [2023-11-08T22:15:24.931+0000] {dag.py:3722} INFO - Setting next_dagrun for example_bash_operator to 2023-11-07T00:00:00+00:00, run_after=2023-11-08T00:00:00+00:00
[2023-11-08T22:15:24.941+0000] {processor.py:179} INFO - Processing /home/airflow/.local/lib/python3.8/site-packages/airflow/example_dags/example_bash_operator.py took 0.048 seconds
[2023-11-08T22:15:55.565+0000] {processor.py:157} INFO - Started process (PID=494) to work on /home/airflow/.local/lib/python3.8/site-packages/airflow/example_dags/example_bash_operator.py
[2023-11-08T22:15:55.565+0000] {processor.py:829} INFO - Processing file /home/airflow/.local/lib/python3.8/site-packages/airflow/example_dags/example_bash_operator.py for tasks to queue
[2023-11-08T22:15:55.567+0000] {logging_mixin.py:154} INFO - [2023-11-08T22:15:55.566+0000] {dagbag.py:536} INFO - Filling up the DagBag from /home/airflow/.local/lib/python3.8/site-packages/airflow/example_dags/example_bash_operator.py
[2023-11-08T22:15:55.573+0000] {processor.py:839} INFO - DAG(s) dict_keys(['example_bash_operator']) retrieved from /home/airflow/.local/lib/python3.8/site-packages/airflow/example_dags/example_bash_operator.py
[2023-11-08T22:15:55.590+0000] {logging_mixin.py:154} INFO - [2023-11-08T22:15:55.589+0000] {dag.py:2941} INFO - Sync 1 DAGs
[2023-11-08T22:15:55.602+0000] {logging_mixin.py:154} INFO - [2023-11-08T22:15:55.602+0000] {dag.py:3722} INFO - Setting next_dagrun for example_bash_operator to 2023-11-07T00:00:00+00:00, run_after=2023-11-08T00:00:00+00:00
[2023-11-08T22:15:55.613+0000] {processor.py:179} INFO - Processing /home/airflow/.local/lib/python3.8/site-packages/airflow/example_dags/example_bash_operator.py took 0.049 seconds
[2023-11-08T22:16:26.124+0000] {processor.py:157} INFO - Started process (PID=547) to work on /home/airflow/.local/lib/python3.8/site-packages/airflow/example_dags/example_bash_operator.py
[2023-11-08T22:16:26.124+0000] {processor.py:829} INFO - Processing file /home/airflow/.local/lib/python3.8/site-packages/airflow/example_dags/example_bash_operator.py for tasks to queue
[2023-11-08T22:16:26.125+0000] {logging_mixin.py:154} INFO - [2023-11-08T22:16:26.125+0000] {dagbag.py:536} INFO - Filling up the DagBag from /home/airflow/.local/lib/python3.8/site-packages/airflow/example_dags/example_bash_operator.py
[2023-11-08T22:16:26.132+0000] {processor.py:839} INFO - DAG(s) dict_keys(['example_bash_operator']) retrieved from /home/airflow/.local/lib/python3.8/site-packages/airflow/example_dags/example_bash_operator.py
[2023-11-08T22:16:26.150+0000] {logging_mixin.py:154} INFO - [2023-11-08T22:16:26.150+0000] {dag.py:2941} INFO - Sync 1 DAGs
[2023-11-08T22:16:26.163+0000] {logging_mixin.py:154} INFO - [2023-11-08T22:16:26.163+0000] {dag.py:3722} INFO - Setting next_dagrun for example_bash_operator to 2023-11-07T00:00:00+00:00, run_after=2023-11-08T00:00:00+00:00
[2023-11-08T22:16:26.173+0000] {processor.py:179} INFO - Processing /home/airflow/.local/lib/python3.8/site-packages/airflow/example_dags/example_bash_operator.py took 0.051 seconds
[2023-11-08T22:16:56.818+0000] {processor.py:157} INFO - Started process (PID=601) to work on /home/airflow/.local/lib/python3.8/site-packages/airflow/example_dags/example_bash_operator.py
[2023-11-08T22:16:56.818+0000] {processor.py:829} INFO - Processing file /home/airflow/.local/lib/python3.8/site-packages/airflow/example_dags/example_bash_operator.py for tasks to queue
[2023-11-08T22:16:56.819+0000] {logging_mixin.py:154} INFO - [2023-11-08T22:16:56.819+0000] {dagbag.py:536} INFO - Filling up the DagBag from /home/airflow/.local/lib/python3.8/site-packages/airflow/example_dags/example_bash_operator.py
[2023-11-08T22:16:56.826+0000] {processor.py:839} INFO - DAG(s) dict_keys(['example_bash_operator']) retrieved from /home/airflow/.local/lib/python3.8/site-packages/airflow/example_dags/example_bash_operator.py
[2023-11-08T22:16:56.843+0000] {logging_mixin.py:154} INFO - [2023-11-08T22:16:56.843+0000] {dag.py:2941} INFO - Sync 1 DAGs
[2023-11-08T22:16:56.857+0000] {logging_mixin.py:154} INFO - [2023-11-08T22:16:56.857+0000] {dag.py:3722} INFO - Setting next_dagrun for example_bash_operator to 2023-11-07T00:00:00+00:00, run_after=2023-11-08T00:00:00+00:00
[2023-11-08T22:16:56.866+0000] {processor.py:179} INFO - Processing /home/airflow/.local/lib/python3.8/site-packages/airflow/example_dags/example_bash_operator.py took 0.051 seconds
[2023-11-08T22:17:27.513+0000] {processor.py:157} INFO - Started process (PID=656) to work on /home/airflow/.local/lib/python3.8/site-packages/airflow/example_dags/example_bash_operator.py
[2023-11-08T22:17:27.514+0000] {processor.py:829} INFO - Processing file /home/airflow/.local/lib/python3.8/site-packages/airflow/example_dags/example_bash_operator.py for tasks to queue
[2023-11-08T22:17:27.515+0000] {logging_mixin.py:154} INFO - [2023-11-08T22:17:27.515+0000] {dagbag.py:536} INFO - Filling up the DagBag from /home/airflow/.local/lib/python3.8/site-packages/airflow/example_dags/example_bash_operator.py
[2023-11-08T22:17:27.521+0000] {processor.py:839} INFO - DAG(s) dict_keys(['example_bash_operator']) retrieved from /home/airflow/.local/lib/python3.8/site-packages/airflow/example_dags/example_bash_operator.py
[2023-11-08T22:17:27.538+0000] {logging_mixin.py:154} INFO - [2023-11-08T22:17:27.538+0000] {dag.py:2941} INFO - Sync 1 DAGs
[2023-11-08T22:17:27.552+0000] {logging_mixin.py:154} INFO - [2023-11-08T22:17:27.552+0000] {dag.py:3722} INFO - Setting next_dagrun for example_bash_operator to 2023-11-07T00:00:00+00:00, run_after=2023-11-08T00:00:00+00:00
[2023-11-08T22:17:27.561+0000] {processor.py:179} INFO - Processing /home/airflow/.local/lib/python3.8/site-packages/airflow/example_dags/example_bash_operator.py took 0.050 seconds
[2023-11-08T22:17:58.213+0000] {processor.py:157} INFO - Started process (PID=710) to work on /home/airflow/.local/lib/python3.8/site-packages/airflow/example_dags/example_bash_operator.py
[2023-11-08T22:17:58.214+0000] {processor.py:829} INFO - Processing file /home/airflow/.local/lib/python3.8/site-packages/airflow/example_dags/example_bash_operator.py for tasks to queue
[2023-11-08T22:17:58.215+0000] {logging_mixin.py:154} INFO - [2023-11-08T22:17:58.215+0000] {dagbag.py:536} INFO - Filling up the DagBag from /home/airflow/.local/lib/python3.8/site-packages/airflow/example_dags/example_bash_operator.py
[2023-11-08T22:17:58.224+0000] {processor.py:839} INFO - DAG(s) dict_keys(['example_bash_operator']) retrieved from /home/airflow/.local/lib/python3.8/site-packages/airflow/example_dags/example_bash_operator.py
[2023-11-08T22:17:58.243+0000] {logging_mixin.py:154} INFO - [2023-11-08T22:17:58.243+0000] {dag.py:2941} INFO - Sync 1 DAGs
[2023-11-08T22:17:58.258+0000] {logging_mixin.py:154} INFO - [2023-11-08T22:17:58.258+0000] {dag.py:3722} INFO - Setting next_dagrun for example_bash_operator to 2023-11-07T00:00:00+00:00, run_after=2023-11-08T00:00:00+00:00
[2023-11-08T22:17:58.270+0000] {processor.py:179} INFO - Processing /home/airflow/.local/lib/python3.8/site-packages/airflow/example_dags/example_bash_operator.py took 0.059 seconds
[2023-11-08T22:18:29.010+0000] {processor.py:157} INFO - Started process (PID=765) to work on /home/airflow/.local/lib/python3.8/site-packages/airflow/example_dags/example_bash_operator.py
[2023-11-08T22:18:29.011+0000] {processor.py:829} INFO - Processing file /home/airflow/.local/lib/python3.8/site-packages/airflow/example_dags/example_bash_operator.py for tasks to queue
[2023-11-08T22:18:29.012+0000] {logging_mixin.py:154} INFO - [2023-11-08T22:18:29.012+0000] {dagbag.py:536} INFO - Filling up the DagBag from /home/airflow/.local/lib/python3.8/site-packages/airflow/example_dags/example_bash_operator.py
[2023-11-08T22:18:29.019+0000] {processor.py:839} INFO - DAG(s) dict_keys(['example_bash_operator']) retrieved from /home/airflow/.local/lib/python3.8/site-packages/airflow/example_dags/example_bash_operator.py
[2023-11-08T22:18:29.036+0000] {logging_mixin.py:154} INFO - [2023-11-08T22:18:29.036+0000] {dag.py:2941} INFO - Sync 1 DAGs
[2023-11-08T22:18:29.050+0000] {logging_mixin.py:154} INFO - [2023-11-08T22:18:29.050+0000] {dag.py:3722} INFO - Setting next_dagrun for example_bash_operator to 2023-11-07T00:00:00+00:00, run_after=2023-11-08T00:00:00+00:00
[2023-11-08T22:18:29.060+0000] {processor.py:179} INFO - Processing /home/airflow/.local/lib/python3.8/site-packages/airflow/example_dags/example_bash_operator.py took 0.052 seconds
[2023-11-08T22:18:59.944+0000] {processor.py:157} INFO - Started process (PID=819) to work on /home/airflow/.local/lib/python3.8/site-packages/airflow/example_dags/example_bash_operator.py
[2023-11-08T22:18:59.944+0000] {processor.py:829} INFO - Processing file /home/airflow/.local/lib/python3.8/site-packages/airflow/example_dags/example_bash_operator.py for tasks to queue
[2023-11-08T22:18:59.945+0000] {logging_mixin.py:154} INFO - [2023-11-08T22:18:59.945+0000] {dagbag.py:536} INFO - Filling up the DagBag from /home/airflow/.local/lib/python3.8/site-packages/airflow/example_dags/example_bash_operator.py
[2023-11-08T22:18:59.954+0000] {processor.py:839} INFO - DAG(s) dict_keys(['example_bash_operator']) retrieved from /home/airflow/.local/lib/python3.8/site-packages/airflow/example_dags/example_bash_operator.py
[2023-11-08T22:18:59.996+0000] {logging_mixin.py:154} INFO - [2023-11-08T22:18:59.996+0000] {dag.py:2941} INFO - Sync 1 DAGs
[2023-11-08T22:19:00.025+0000] {logging_mixin.py:154} INFO - [2023-11-08T22:19:00.024+0000] {dag.py:3722} INFO - Setting next_dagrun for example_bash_operator to 2023-11-07T00:00:00+00:00, run_after=2023-11-08T00:00:00+00:00
[2023-11-08T22:19:00.040+0000] {processor.py:179} INFO - Processing /home/airflow/.local/lib/python3.8/site-packages/airflow/example_dags/example_bash_operator.py took 0.098 seconds
[2023-11-08T22:19:30.185+0000] {processor.py:157} INFO - Started process (PID=873) to work on /home/airflow/.local/lib/python3.8/site-packages/airflow/example_dags/example_bash_operator.py
[2023-11-08T22:19:30.186+0000] {processor.py:829} INFO - Processing file /home/airflow/.local/lib/python3.8/site-packages/airflow/example_dags/example_bash_operator.py for tasks to queue
[2023-11-08T22:19:30.187+0000] {logging_mixin.py:154} INFO - [2023-11-08T22:19:30.187+0000] {dagbag.py:536} INFO - Filling up the DagBag from /home/airflow/.local/lib/python3.8/site-packages/airflow/example_dags/example_bash_operator.py
[2023-11-08T22:19:30.194+0000] {processor.py:839} INFO - DAG(s) dict_keys(['example_bash_operator']) retrieved from /home/airflow/.local/lib/python3.8/site-packages/airflow/example_dags/example_bash_operator.py
[2023-11-08T22:19:30.219+0000] {logging_mixin.py:154} INFO - [2023-11-08T22:19:30.219+0000] {dag.py:2941} INFO - Sync 1 DAGs
[2023-11-08T22:19:30.240+0000] {logging_mixin.py:154} INFO - [2023-11-08T22:19:30.240+0000] {dag.py:3722} INFO - Setting next_dagrun for example_bash_operator to 2023-11-07T00:00:00+00:00, run_after=2023-11-08T00:00:00+00:00
[2023-11-08T22:19:30.253+0000] {processor.py:179} INFO - Processing /home/airflow/.local/lib/python3.8/site-packages/airflow/example_dags/example_bash_operator.py took 0.069 seconds
[2023-11-08T22:20:00.451+0000] {processor.py:157} INFO - Started process (PID=927) to work on /home/airflow/.local/lib/python3.8/site-packages/airflow/example_dags/example_bash_operator.py
[2023-11-08T22:20:00.451+0000] {processor.py:829} INFO - Processing file /home/airflow/.local/lib/python3.8/site-packages/airflow/example_dags/example_bash_operator.py for tasks to queue
[2023-11-08T22:20:00.452+0000] {logging_mixin.py:154} INFO - [2023-11-08T22:20:00.452+0000] {dagbag.py:536} INFO - Filling up the DagBag from /home/airflow/.local/lib/python3.8/site-packages/airflow/example_dags/example_bash_operator.py
[2023-11-08T22:20:00.459+0000] {processor.py:839} INFO - DAG(s) dict_keys(['example_bash_operator']) retrieved from /home/airflow/.local/lib/python3.8/site-packages/airflow/example_dags/example_bash_operator.py
[2023-11-08T22:20:00.477+0000] {logging_mixin.py:154} INFO - [2023-11-08T22:20:00.476+0000] {dag.py:2941} INFO - Sync 1 DAGs
[2023-11-08T22:20:00.490+0000] {logging_mixin.py:154} INFO - [2023-11-08T22:20:00.490+0000] {dag.py:3722} INFO - Setting next_dagrun for example_bash_operator to 2023-11-07T00:00:00+00:00, run_after=2023-11-08T00:00:00+00:00
[2023-11-08T22:20:00.500+0000] {processor.py:179} INFO - Processing /home/airflow/.local/lib/python3.8/site-packages/airflow/example_dags/example_bash_operator.py took 0.051 seconds
[2023-11-08T22:20:31.252+0000] {processor.py:157} INFO - Started process (PID=981) to work on /home/airflow/.local/lib/python3.8/site-packages/airflow/example_dags/example_bash_operator.py
[2023-11-08T22:20:31.252+0000] {processor.py:829} INFO - Processing file /home/airflow/.local/lib/python3.8/site-packages/airflow/example_dags/example_bash_operator.py for tasks to queue
[2023-11-08T22:20:31.253+0000] {logging_mixin.py:154} INFO - [2023-11-08T22:20:31.253+0000] {dagbag.py:536} INFO - Filling up the DagBag from /home/airflow/.local/lib/python3.8/site-packages/airflow/example_dags/example_bash_operator.py
[2023-11-08T22:20:31.259+0000] {processor.py:839} INFO - DAG(s) dict_keys(['example_bash_operator']) retrieved from /home/airflow/.local/lib/python3.8/site-packages/airflow/example_dags/example_bash_operator.py
[2023-11-08T22:20:31.277+0000] {logging_mixin.py:154} INFO - [2023-11-08T22:20:31.277+0000] {dag.py:2941} INFO - Sync 1 DAGs
[2023-11-08T22:20:31.294+0000] {logging_mixin.py:154} INFO - [2023-11-08T22:20:31.293+0000] {dag.py:3722} INFO - Setting next_dagrun for example_bash_operator to 2023-11-07T00:00:00+00:00, run_after=2023-11-08T00:00:00+00:00
[2023-11-08T22:20:31.307+0000] {processor.py:179} INFO - Processing /home/airflow/.local/lib/python3.8/site-packages/airflow/example_dags/example_bash_operator.py took 0.057 seconds
[2023-11-08T22:21:01.478+0000] {processor.py:157} INFO - Started process (PID=1035) to work on /home/airflow/.local/lib/python3.8/site-packages/airflow/example_dags/example_bash_operator.py
[2023-11-08T22:21:01.479+0000] {processor.py:829} INFO - Processing file /home/airflow/.local/lib/python3.8/site-packages/airflow/example_dags/example_bash_operator.py for tasks to queue
[2023-11-08T22:21:01.481+0000] {logging_mixin.py:154} INFO - [2023-11-08T22:21:01.480+0000] {dagbag.py:536} INFO - Filling up the DagBag from /home/airflow/.local/lib/python3.8/site-packages/airflow/example_dags/example_bash_operator.py
[2023-11-08T22:21:01.487+0000] {processor.py:839} INFO - DAG(s) dict_keys(['example_bash_operator']) retrieved from /home/airflow/.local/lib/python3.8/site-packages/airflow/example_dags/example_bash_operator.py
[2023-11-08T22:21:01.514+0000] {logging_mixin.py:154} INFO - [2023-11-08T22:21:01.513+0000] {dag.py:2941} INFO - Sync 1 DAGs
[2023-11-08T22:21:01.533+0000] {logging_mixin.py:154} INFO - [2023-11-08T22:21:01.533+0000] {dag.py:3722} INFO - Setting next_dagrun for example_bash_operator to 2023-11-07T00:00:00+00:00, run_after=2023-11-08T00:00:00+00:00
[2023-11-08T22:21:01.547+0000] {processor.py:179} INFO - Processing /home/airflow/.local/lib/python3.8/site-packages/airflow/example_dags/example_bash_operator.py took 0.072 seconds
[2023-11-08T22:21:32.546+0000] {processor.py:157} INFO - Started process (PID=1088) to work on /home/airflow/.local/lib/python3.8/site-packages/airflow/example_dags/example_bash_operator.py
[2023-11-08T22:21:32.547+0000] {processor.py:829} INFO - Processing file /home/airflow/.local/lib/python3.8/site-packages/airflow/example_dags/example_bash_operator.py for tasks to queue
[2023-11-08T22:21:32.548+0000] {logging_mixin.py:154} INFO - [2023-11-08T22:21:32.548+0000] {dagbag.py:536} INFO - Filling up the DagBag from /home/airflow/.local/lib/python3.8/site-packages/airflow/example_dags/example_bash_operator.py
[2023-11-08T22:21:32.554+0000] {processor.py:839} INFO - DAG(s) dict_keys(['example_bash_operator']) retrieved from /home/airflow/.local/lib/python3.8/site-packages/airflow/example_dags/example_bash_operator.py
[2023-11-08T22:21:32.572+0000] {logging_mixin.py:154} INFO - [2023-11-08T22:21:32.571+0000] {dag.py:2941} INFO - Sync 1 DAGs
[2023-11-08T22:21:32.585+0000] {logging_mixin.py:154} INFO - [2023-11-08T22:21:32.585+0000] {dag.py:3722} INFO - Setting next_dagrun for example_bash_operator to 2023-11-07T00:00:00+00:00, run_after=2023-11-08T00:00:00+00:00
[2023-11-08T22:21:32.595+0000] {processor.py:179} INFO - Processing /home/airflow/.local/lib/python3.8/site-packages/airflow/example_dags/example_bash_operator.py took 0.051 seconds
[2023-11-08T22:22:02.975+0000] {processor.py:157} INFO - Started process (PID=1142) to work on /home/airflow/.local/lib/python3.8/site-packages/airflow/example_dags/example_bash_operator.py
[2023-11-08T22:22:02.976+0000] {processor.py:829} INFO - Processing file /home/airflow/.local/lib/python3.8/site-packages/airflow/example_dags/example_bash_operator.py for tasks to queue
[2023-11-08T22:22:02.977+0000] {logging_mixin.py:154} INFO - [2023-11-08T22:22:02.977+0000] {dagbag.py:536} INFO - Filling up the DagBag from /home/airflow/.local/lib/python3.8/site-packages/airflow/example_dags/example_bash_operator.py
[2023-11-08T22:22:02.984+0000] {processor.py:839} INFO - DAG(s) dict_keys(['example_bash_operator']) retrieved from /home/airflow/.local/lib/python3.8/site-packages/airflow/example_dags/example_bash_operator.py
[2023-11-08T22:22:03.003+0000] {logging_mixin.py:154} INFO - [2023-11-08T22:22:03.003+0000] {dag.py:2941} INFO - Sync 1 DAGs
[2023-11-08T22:22:03.110+0000] {logging_mixin.py:154} INFO - [2023-11-08T22:22:03.110+0000] {dag.py:3722} INFO - Setting next_dagrun for example_bash_operator to 2023-11-07T00:00:00+00:00, run_after=2023-11-08T00:00:00+00:00
[2023-11-08T22:22:03.122+0000] {processor.py:179} INFO - Processing /home/airflow/.local/lib/python3.8/site-packages/airflow/example_dags/example_bash_operator.py took 0.149 seconds
[2023-11-08T22:22:33.670+0000] {processor.py:157} INFO - Started process (PID=1195) to work on /home/airflow/.local/lib/python3.8/site-packages/airflow/example_dags/example_bash_operator.py
[2023-11-08T22:22:33.671+0000] {processor.py:829} INFO - Processing file /home/airflow/.local/lib/python3.8/site-packages/airflow/example_dags/example_bash_operator.py for tasks to queue
[2023-11-08T22:22:33.672+0000] {logging_mixin.py:154} INFO - [2023-11-08T22:22:33.672+0000] {dagbag.py:536} INFO - Filling up the DagBag from /home/airflow/.local/lib/python3.8/site-packages/airflow/example_dags/example_bash_operator.py
[2023-11-08T22:22:33.678+0000] {processor.py:839} INFO - DAG(s) dict_keys(['example_bash_operator']) retrieved from /home/airflow/.local/lib/python3.8/site-packages/airflow/example_dags/example_bash_operator.py
[2023-11-08T22:22:33.696+0000] {logging_mixin.py:154} INFO - [2023-11-08T22:22:33.696+0000] {dag.py:2941} INFO - Sync 1 DAGs
[2023-11-08T22:22:33.710+0000] {logging_mixin.py:154} INFO - [2023-11-08T22:22:33.709+0000] {dag.py:3722} INFO - Setting next_dagrun for example_bash_operator to 2023-11-07T00:00:00+00:00, run_after=2023-11-08T00:00:00+00:00
[2023-11-08T22:22:33.720+0000] {processor.py:179} INFO - Processing /home/airflow/.local/lib/python3.8/site-packages/airflow/example_dags/example_bash_operator.py took 0.051 seconds
[2023-11-08T22:23:04.353+0000] {processor.py:157} INFO - Started process (PID=1248) to work on /home/airflow/.local/lib/python3.8/site-packages/airflow/example_dags/example_bash_operator.py
[2023-11-08T22:23:04.354+0000] {processor.py:829} INFO - Processing file /home/airflow/.local/lib/python3.8/site-packages/airflow/example_dags/example_bash_operator.py for tasks to queue
[2023-11-08T22:23:04.355+0000] {logging_mixin.py:154} INFO - [2023-11-08T22:23:04.355+0000] {dagbag.py:536} INFO - Filling up the DagBag from /home/airflow/.local/lib/python3.8/site-packages/airflow/example_dags/example_bash_operator.py
[2023-11-08T22:23:04.362+0000] {processor.py:839} INFO - DAG(s) dict_keys(['example_bash_operator']) retrieved from /home/airflow/.local/lib/python3.8/site-packages/airflow/example_dags/example_bash_operator.py
[2023-11-08T22:23:04.379+0000] {logging_mixin.py:154} INFO - [2023-11-08T22:23:04.379+0000] {dag.py:2941} INFO - Sync 1 DAGs
[2023-11-08T22:23:04.393+0000] {logging_mixin.py:154} INFO - [2023-11-08T22:23:04.393+0000] {dag.py:3722} INFO - Setting next_dagrun for example_bash_operator to 2023-11-07T00:00:00+00:00, run_after=2023-11-08T00:00:00+00:00
[2023-11-08T22:23:04.403+0000] {processor.py:179} INFO - Processing /home/airflow/.local/lib/python3.8/site-packages/airflow/example_dags/example_bash_operator.py took 0.052 seconds
[2023-11-08T22:23:34.968+0000] {processor.py:157} INFO - Started process (PID=1302) to work on /home/airflow/.local/lib/python3.8/site-packages/airflow/example_dags/example_bash_operator.py
[2023-11-08T22:23:34.968+0000] {processor.py:829} INFO - Processing file /home/airflow/.local/lib/python3.8/site-packages/airflow/example_dags/example_bash_operator.py for tasks to queue
[2023-11-08T22:23:34.969+0000] {logging_mixin.py:154} INFO - [2023-11-08T22:23:34.969+0000] {dagbag.py:536} INFO - Filling up the DagBag from /home/airflow/.local/lib/python3.8/site-packages/airflow/example_dags/example_bash_operator.py
[2023-11-08T22:23:34.975+0000] {processor.py:839} INFO - DAG(s) dict_keys(['example_bash_operator']) retrieved from /home/airflow/.local/lib/python3.8/site-packages/airflow/example_dags/example_bash_operator.py
[2023-11-08T22:23:34.991+0000] {logging_mixin.py:154} INFO - [2023-11-08T22:23:34.991+0000] {dag.py:2941} INFO - Sync 1 DAGs
[2023-11-08T22:23:35.089+0000] {logging_mixin.py:154} INFO - [2023-11-08T22:23:35.089+0000] {dag.py:3722} INFO - Setting next_dagrun for example_bash_operator to 2023-11-07T00:00:00+00:00, run_after=2023-11-08T00:00:00+00:00
[2023-11-08T22:23:35.099+0000] {processor.py:179} INFO - Processing /home/airflow/.local/lib/python3.8/site-packages/airflow/example_dags/example_bash_operator.py took 0.133 seconds
[2023-11-08T22:24:05.632+0000] {processor.py:157} INFO - Started process (PID=1356) to work on /home/airflow/.local/lib/python3.8/site-packages/airflow/example_dags/example_bash_operator.py
[2023-11-08T22:24:05.632+0000] {processor.py:829} INFO - Processing file /home/airflow/.local/lib/python3.8/site-packages/airflow/example_dags/example_bash_operator.py for tasks to queue
[2023-11-08T22:24:05.633+0000] {logging_mixin.py:154} INFO - [2023-11-08T22:24:05.633+0000] {dagbag.py:536} INFO - Filling up the DagBag from /home/airflow/.local/lib/python3.8/site-packages/airflow/example_dags/example_bash_operator.py
[2023-11-08T22:24:05.640+0000] {processor.py:839} INFO - DAG(s) dict_keys(['example_bash_operator']) retrieved from /home/airflow/.local/lib/python3.8/site-packages/airflow/example_dags/example_bash_operator.py
[2023-11-08T22:24:05.659+0000] {logging_mixin.py:154} INFO - [2023-11-08T22:24:05.659+0000] {dag.py:2941} INFO - Sync 1 DAGs
[2023-11-08T22:24:05.674+0000] {logging_mixin.py:154} INFO - [2023-11-08T22:24:05.674+0000] {dag.py:3722} INFO - Setting next_dagrun for example_bash_operator to 2023-11-07T00:00:00+00:00, run_after=2023-11-08T00:00:00+00:00
[2023-11-08T22:24:05.684+0000] {processor.py:179} INFO - Processing /home/airflow/.local/lib/python3.8/site-packages/airflow/example_dags/example_bash_operator.py took 0.054 seconds
[2023-11-08T22:24:36.677+0000] {processor.py:157} INFO - Started process (PID=1410) to work on /home/airflow/.local/lib/python3.8/site-packages/airflow/example_dags/example_bash_operator.py
[2023-11-08T22:24:36.677+0000] {processor.py:829} INFO - Processing file /home/airflow/.local/lib/python3.8/site-packages/airflow/example_dags/example_bash_operator.py for tasks to queue
[2023-11-08T22:24:36.678+0000] {logging_mixin.py:154} INFO - [2023-11-08T22:24:36.678+0000] {dagbag.py:536} INFO - Filling up the DagBag from /home/airflow/.local/lib/python3.8/site-packages/airflow/example_dags/example_bash_operator.py
[2023-11-08T22:24:36.685+0000] {processor.py:839} INFO - DAG(s) dict_keys(['example_bash_operator']) retrieved from /home/airflow/.local/lib/python3.8/site-packages/airflow/example_dags/example_bash_operator.py
[2023-11-08T22:24:36.797+0000] {logging_mixin.py:154} INFO - [2023-11-08T22:24:36.797+0000] {dag.py:2941} INFO - Sync 1 DAGs
[2023-11-08T22:24:36.809+0000] {logging_mixin.py:154} INFO - [2023-11-08T22:24:36.809+0000] {dag.py:3722} INFO - Setting next_dagrun for example_bash_operator to 2023-11-07T00:00:00+00:00, run_after=2023-11-08T00:00:00+00:00
[2023-11-08T22:24:36.819+0000] {processor.py:179} INFO - Processing /home/airflow/.local/lib/python3.8/site-packages/airflow/example_dags/example_bash_operator.py took 0.144 seconds
[2023-11-08T22:25:07.171+0000] {processor.py:157} INFO - Started process (PID=1464) to work on /home/airflow/.local/lib/python3.8/site-packages/airflow/example_dags/example_bash_operator.py
[2023-11-08T22:25:07.171+0000] {processor.py:829} INFO - Processing file /home/airflow/.local/lib/python3.8/site-packages/airflow/example_dags/example_bash_operator.py for tasks to queue
[2023-11-08T22:25:07.172+0000] {logging_mixin.py:154} INFO - [2023-11-08T22:25:07.172+0000] {dagbag.py:536} INFO - Filling up the DagBag from /home/airflow/.local/lib/python3.8/site-packages/airflow/example_dags/example_bash_operator.py
[2023-11-08T22:25:07.179+0000] {processor.py:839} INFO - DAG(s) dict_keys(['example_bash_operator']) retrieved from /home/airflow/.local/lib/python3.8/site-packages/airflow/example_dags/example_bash_operator.py
[2023-11-08T22:25:07.196+0000] {logging_mixin.py:154} INFO - [2023-11-08T22:25:07.196+0000] {dag.py:2941} INFO - Sync 1 DAGs
[2023-11-08T22:25:07.303+0000] {logging_mixin.py:154} INFO - [2023-11-08T22:25:07.303+0000] {dag.py:3722} INFO - Setting next_dagrun for example_bash_operator to 2023-11-07T00:00:00+00:00, run_after=2023-11-08T00:00:00+00:00
[2023-11-08T22:25:07.313+0000] {processor.py:179} INFO - Processing /home/airflow/.local/lib/python3.8/site-packages/airflow/example_dags/example_bash_operator.py took 0.144 seconds
[2023-11-08T22:25:37.650+0000] {processor.py:157} INFO - Started process (PID=1518) to work on /home/airflow/.local/lib/python3.8/site-packages/airflow/example_dags/example_bash_operator.py
[2023-11-08T22:25:37.651+0000] {processor.py:829} INFO - Processing file /home/airflow/.local/lib/python3.8/site-packages/airflow/example_dags/example_bash_operator.py for tasks to queue
[2023-11-08T22:25:37.652+0000] {logging_mixin.py:154} INFO - [2023-11-08T22:25:37.652+0000] {dagbag.py:536} INFO - Filling up the DagBag from /home/airflow/.local/lib/python3.8/site-packages/airflow/example_dags/example_bash_operator.py
[2023-11-08T22:25:37.658+0000] {processor.py:839} INFO - DAG(s) dict_keys(['example_bash_operator']) retrieved from /home/airflow/.local/lib/python3.8/site-packages/airflow/example_dags/example_bash_operator.py
[2023-11-08T22:25:37.676+0000] {logging_mixin.py:154} INFO - [2023-11-08T22:25:37.676+0000] {dag.py:2941} INFO - Sync 1 DAGs
[2023-11-08T22:25:37.690+0000] {logging_mixin.py:154} INFO - [2023-11-08T22:25:37.690+0000] {dag.py:3722} INFO - Setting next_dagrun for example_bash_operator to 2023-11-07T00:00:00+00:00, run_after=2023-11-08T00:00:00+00:00
[2023-11-08T22:25:37.700+0000] {processor.py:179} INFO - Processing /home/airflow/.local/lib/python3.8/site-packages/airflow/example_dags/example_bash_operator.py took 0.052 seconds
[2023-11-08T22:26:08.264+0000] {processor.py:157} INFO - Started process (PID=1572) to work on /home/airflow/.local/lib/python3.8/site-packages/airflow/example_dags/example_bash_operator.py
[2023-11-08T22:26:08.264+0000] {processor.py:829} INFO - Processing file /home/airflow/.local/lib/python3.8/site-packages/airflow/example_dags/example_bash_operator.py for tasks to queue
[2023-11-08T22:26:08.265+0000] {logging_mixin.py:154} INFO - [2023-11-08T22:26:08.265+0000] {dagbag.py:536} INFO - Filling up the DagBag from /home/airflow/.local/lib/python3.8/site-packages/airflow/example_dags/example_bash_operator.py
[2023-11-08T22:26:08.272+0000] {processor.py:839} INFO - DAG(s) dict_keys(['example_bash_operator']) retrieved from /home/airflow/.local/lib/python3.8/site-packages/airflow/example_dags/example_bash_operator.py
[2023-11-08T22:26:08.290+0000] {logging_mixin.py:154} INFO - [2023-11-08T22:26:08.290+0000] {dag.py:2941} INFO - Sync 1 DAGs
[2023-11-08T22:26:08.305+0000] {logging_mixin.py:154} INFO - [2023-11-08T22:26:08.304+0000] {dag.py:3722} INFO - Setting next_dagrun for example_bash_operator to 2023-11-07T00:00:00+00:00, run_after=2023-11-08T00:00:00+00:00
[2023-11-08T22:26:08.315+0000] {processor.py:179} INFO - Processing /home/airflow/.local/lib/python3.8/site-packages/airflow/example_dags/example_bash_operator.py took 0.054 seconds
[2023-11-08T22:26:38.886+0000] {processor.py:157} INFO - Started process (PID=1626) to work on /home/airflow/.local/lib/python3.8/site-packages/airflow/example_dags/example_bash_operator.py
[2023-11-08T22:26:38.887+0000] {processor.py:829} INFO - Processing file /home/airflow/.local/lib/python3.8/site-packages/airflow/example_dags/example_bash_operator.py for tasks to queue
[2023-11-08T22:26:38.888+0000] {logging_mixin.py:154} INFO - [2023-11-08T22:26:38.888+0000] {dagbag.py:536} INFO - Filling up the DagBag from /home/airflow/.local/lib/python3.8/site-packages/airflow/example_dags/example_bash_operator.py
[2023-11-08T22:26:38.894+0000] {processor.py:839} INFO - DAG(s) dict_keys(['example_bash_operator']) retrieved from /home/airflow/.local/lib/python3.8/site-packages/airflow/example_dags/example_bash_operator.py
[2023-11-08T22:26:38.912+0000] {logging_mixin.py:154} INFO - [2023-11-08T22:26:38.911+0000] {dag.py:2941} INFO - Sync 1 DAGs
[2023-11-08T22:26:38.925+0000] {logging_mixin.py:154} INFO - [2023-11-08T22:26:38.925+0000] {dag.py:3722} INFO - Setting next_dagrun for example_bash_operator to 2023-11-07T00:00:00+00:00, run_after=2023-11-08T00:00:00+00:00
[2023-11-08T22:26:38.935+0000] {processor.py:179} INFO - Processing /home/airflow/.local/lib/python3.8/site-packages/airflow/example_dags/example_bash_operator.py took 0.050 seconds
[2023-11-08T22:27:17.110+0000] {processor.py:157} INFO - Started process (PID=60) to work on /home/airflow/.local/lib/python3.8/site-packages/airflow/example_dags/example_bash_operator.py
[2023-11-08T22:27:17.110+0000] {processor.py:829} INFO - Processing file /home/airflow/.local/lib/python3.8/site-packages/airflow/example_dags/example_bash_operator.py for tasks to queue
[2023-11-08T22:27:17.111+0000] {logging_mixin.py:154} INFO - [2023-11-08T22:27:17.111+0000] {dagbag.py:536} INFO - Filling up the DagBag from /home/airflow/.local/lib/python3.8/site-packages/airflow/example_dags/example_bash_operator.py
[2023-11-08T22:27:17.120+0000] {processor.py:839} INFO - DAG(s) dict_keys(['example_bash_operator']) retrieved from /home/airflow/.local/lib/python3.8/site-packages/airflow/example_dags/example_bash_operator.py
[2023-11-08T22:27:17.128+0000] {logging_mixin.py:154} INFO - [2023-11-08T22:27:17.127+0000] {dag.py:2941} INFO - Sync 1 DAGs
[2023-11-08T22:27:17.146+0000] {logging_mixin.py:154} INFO - [2023-11-08T22:27:17.146+0000] {dag.py:3722} INFO - Setting next_dagrun for example_bash_operator to 2023-11-07T00:00:00+00:00, run_after=2023-11-08T00:00:00+00:00
[2023-11-08T22:27:17.161+0000] {processor.py:179} INFO - Processing /home/airflow/.local/lib/python3.8/site-packages/airflow/example_dags/example_bash_operator.py took 0.053 seconds
[2023-11-08T22:27:48.068+0000] {processor.py:157} INFO - Started process (PID=114) to work on /home/airflow/.local/lib/python3.8/site-packages/airflow/example_dags/example_bash_operator.py
[2023-11-08T22:27:48.068+0000] {processor.py:829} INFO - Processing file /home/airflow/.local/lib/python3.8/site-packages/airflow/example_dags/example_bash_operator.py for tasks to queue
[2023-11-08T22:27:48.069+0000] {logging_mixin.py:154} INFO - [2023-11-08T22:27:48.069+0000] {dagbag.py:536} INFO - Filling up the DagBag from /home/airflow/.local/lib/python3.8/site-packages/airflow/example_dags/example_bash_operator.py
[2023-11-08T22:27:48.077+0000] {processor.py:839} INFO - DAG(s) dict_keys(['example_bash_operator']) retrieved from /home/airflow/.local/lib/python3.8/site-packages/airflow/example_dags/example_bash_operator.py
[2023-11-08T22:27:48.098+0000] {logging_mixin.py:154} INFO - [2023-11-08T22:27:48.098+0000] {dag.py:2941} INFO - Sync 1 DAGs
[2023-11-08T22:27:48.114+0000] {logging_mixin.py:154} INFO - [2023-11-08T22:27:48.114+0000] {dag.py:3722} INFO - Setting next_dagrun for example_bash_operator to 2023-11-07T00:00:00+00:00, run_after=2023-11-08T00:00:00+00:00
[2023-11-08T22:27:48.125+0000] {processor.py:179} INFO - Processing /home/airflow/.local/lib/python3.8/site-packages/airflow/example_dags/example_bash_operator.py took 0.059 seconds
[2023-11-08T22:28:18.174+0000] {processor.py:157} INFO - Started process (PID=168) to work on /home/airflow/.local/lib/python3.8/site-packages/airflow/example_dags/example_bash_operator.py
[2023-11-08T22:28:18.175+0000] {processor.py:829} INFO - Processing file /home/airflow/.local/lib/python3.8/site-packages/airflow/example_dags/example_bash_operator.py for tasks to queue
[2023-11-08T22:28:18.176+0000] {logging_mixin.py:154} INFO - [2023-11-08T22:28:18.176+0000] {dagbag.py:536} INFO - Filling up the DagBag from /home/airflow/.local/lib/python3.8/site-packages/airflow/example_dags/example_bash_operator.py
[2023-11-08T22:28:18.182+0000] {processor.py:839} INFO - DAG(s) dict_keys(['example_bash_operator']) retrieved from /home/airflow/.local/lib/python3.8/site-packages/airflow/example_dags/example_bash_operator.py
[2023-11-08T22:28:18.200+0000] {logging_mixin.py:154} INFO - [2023-11-08T22:28:18.200+0000] {dag.py:2941} INFO - Sync 1 DAGs
[2023-11-08T22:28:18.215+0000] {logging_mixin.py:154} INFO - [2023-11-08T22:28:18.215+0000] {dag.py:3722} INFO - Setting next_dagrun for example_bash_operator to 2023-11-07T00:00:00+00:00, run_after=2023-11-08T00:00:00+00:00
[2023-11-08T22:28:18.224+0000] {processor.py:179} INFO - Processing /home/airflow/.local/lib/python3.8/site-packages/airflow/example_dags/example_bash_operator.py took 0.052 seconds
[2023-11-08T22:28:48.271+0000] {processor.py:157} INFO - Started process (PID=222) to work on /home/airflow/.local/lib/python3.8/site-packages/airflow/example_dags/example_bash_operator.py
[2023-11-08T22:28:48.272+0000] {processor.py:829} INFO - Processing file /home/airflow/.local/lib/python3.8/site-packages/airflow/example_dags/example_bash_operator.py for tasks to queue
[2023-11-08T22:28:48.273+0000] {logging_mixin.py:154} INFO - [2023-11-08T22:28:48.272+0000] {dagbag.py:536} INFO - Filling up the DagBag from /home/airflow/.local/lib/python3.8/site-packages/airflow/example_dags/example_bash_operator.py
[2023-11-08T22:28:48.280+0000] {processor.py:839} INFO - DAG(s) dict_keys(['example_bash_operator']) retrieved from /home/airflow/.local/lib/python3.8/site-packages/airflow/example_dags/example_bash_operator.py
[2023-11-08T22:28:48.300+0000] {logging_mixin.py:154} INFO - [2023-11-08T22:28:48.300+0000] {dag.py:2941} INFO - Sync 1 DAGs
[2023-11-08T22:28:48.315+0000] {logging_mixin.py:154} INFO - [2023-11-08T22:28:48.315+0000] {dag.py:3722} INFO - Setting next_dagrun for example_bash_operator to 2023-11-07T00:00:00+00:00, run_after=2023-11-08T00:00:00+00:00
[2023-11-08T22:28:48.328+0000] {processor.py:179} INFO - Processing /home/airflow/.local/lib/python3.8/site-packages/airflow/example_dags/example_bash_operator.py took 0.059 seconds
[2023-11-08T22:29:19.058+0000] {processor.py:157} INFO - Started process (PID=276) to work on /home/airflow/.local/lib/python3.8/site-packages/airflow/example_dags/example_bash_operator.py
[2023-11-08T22:29:19.059+0000] {processor.py:829} INFO - Processing file /home/airflow/.local/lib/python3.8/site-packages/airflow/example_dags/example_bash_operator.py for tasks to queue
[2023-11-08T22:29:19.060+0000] {logging_mixin.py:154} INFO - [2023-11-08T22:29:19.060+0000] {dagbag.py:536} INFO - Filling up the DagBag from /home/airflow/.local/lib/python3.8/site-packages/airflow/example_dags/example_bash_operator.py
[2023-11-08T22:29:19.066+0000] {processor.py:839} INFO - DAG(s) dict_keys(['example_bash_operator']) retrieved from /home/airflow/.local/lib/python3.8/site-packages/airflow/example_dags/example_bash_operator.py
[2023-11-08T22:29:19.083+0000] {logging_mixin.py:154} INFO - [2023-11-08T22:29:19.083+0000] {dag.py:2941} INFO - Sync 1 DAGs
[2023-11-08T22:29:19.097+0000] {logging_mixin.py:154} INFO - [2023-11-08T22:29:19.096+0000] {dag.py:3722} INFO - Setting next_dagrun for example_bash_operator to 2023-11-07T00:00:00+00:00, run_after=2023-11-08T00:00:00+00:00
[2023-11-08T22:29:19.107+0000] {processor.py:179} INFO - Processing /home/airflow/.local/lib/python3.8/site-packages/airflow/example_dags/example_bash_operator.py took 0.051 seconds
[2023-11-08T22:29:49.202+0000] {processor.py:157} INFO - Started process (PID=331) to work on /home/airflow/.local/lib/python3.8/site-packages/airflow/example_dags/example_bash_operator.py
[2023-11-08T22:29:49.203+0000] {processor.py:829} INFO - Processing file /home/airflow/.local/lib/python3.8/site-packages/airflow/example_dags/example_bash_operator.py for tasks to queue
[2023-11-08T22:29:49.204+0000] {logging_mixin.py:154} INFO - [2023-11-08T22:29:49.204+0000] {dagbag.py:536} INFO - Filling up the DagBag from /home/airflow/.local/lib/python3.8/site-packages/airflow/example_dags/example_bash_operator.py
[2023-11-08T22:29:49.210+0000] {processor.py:839} INFO - DAG(s) dict_keys(['example_bash_operator']) retrieved from /home/airflow/.local/lib/python3.8/site-packages/airflow/example_dags/example_bash_operator.py
[2023-11-08T22:29:49.227+0000] {logging_mixin.py:154} INFO - [2023-11-08T22:29:49.227+0000] {dag.py:2941} INFO - Sync 1 DAGs
[2023-11-08T22:29:49.241+0000] {logging_mixin.py:154} INFO - [2023-11-08T22:29:49.241+0000] {dag.py:3722} INFO - Setting next_dagrun for example_bash_operator to 2023-11-07T00:00:00+00:00, run_after=2023-11-08T00:00:00+00:00
[2023-11-08T22:29:49.252+0000] {processor.py:179} INFO - Processing /home/airflow/.local/lib/python3.8/site-packages/airflow/example_dags/example_bash_operator.py took 0.052 seconds
[2023-11-08T22:30:19.938+0000] {processor.py:157} INFO - Started process (PID=385) to work on /home/airflow/.local/lib/python3.8/site-packages/airflow/example_dags/example_bash_operator.py
[2023-11-08T22:30:19.939+0000] {processor.py:829} INFO - Processing file /home/airflow/.local/lib/python3.8/site-packages/airflow/example_dags/example_bash_operator.py for tasks to queue
[2023-11-08T22:30:19.940+0000] {logging_mixin.py:154} INFO - [2023-11-08T22:30:19.940+0000] {dagbag.py:536} INFO - Filling up the DagBag from /home/airflow/.local/lib/python3.8/site-packages/airflow/example_dags/example_bash_operator.py
[2023-11-08T22:30:19.947+0000] {processor.py:839} INFO - DAG(s) dict_keys(['example_bash_operator']) retrieved from /home/airflow/.local/lib/python3.8/site-packages/airflow/example_dags/example_bash_operator.py
[2023-11-08T22:30:19.963+0000] {logging_mixin.py:154} INFO - [2023-11-08T22:30:19.963+0000] {dag.py:2941} INFO - Sync 1 DAGs
[2023-11-08T22:30:19.977+0000] {logging_mixin.py:154} INFO - [2023-11-08T22:30:19.977+0000] {dag.py:3722} INFO - Setting next_dagrun for example_bash_operator to 2023-11-07T00:00:00+00:00, run_after=2023-11-08T00:00:00+00:00
[2023-11-08T22:30:19.987+0000] {processor.py:179} INFO - Processing /home/airflow/.local/lib/python3.8/site-packages/airflow/example_dags/example_bash_operator.py took 0.050 seconds
[2023-11-08T22:30:50.714+0000] {processor.py:157} INFO - Started process (PID=439) to work on /home/airflow/.local/lib/python3.8/site-packages/airflow/example_dags/example_bash_operator.py
[2023-11-08T22:30:50.714+0000] {processor.py:829} INFO - Processing file /home/airflow/.local/lib/python3.8/site-packages/airflow/example_dags/example_bash_operator.py for tasks to queue
[2023-11-08T22:30:50.715+0000] {logging_mixin.py:154} INFO - [2023-11-08T22:30:50.715+0000] {dagbag.py:536} INFO - Filling up the DagBag from /home/airflow/.local/lib/python3.8/site-packages/airflow/example_dags/example_bash_operator.py
[2023-11-08T22:30:50.722+0000] {processor.py:839} INFO - DAG(s) dict_keys(['example_bash_operator']) retrieved from /home/airflow/.local/lib/python3.8/site-packages/airflow/example_dags/example_bash_operator.py
[2023-11-08T22:30:50.743+0000] {logging_mixin.py:154} INFO - [2023-11-08T22:30:50.743+0000] {dag.py:2941} INFO - Sync 1 DAGs
[2023-11-08T22:30:50.759+0000] {logging_mixin.py:154} INFO - [2023-11-08T22:30:50.759+0000] {dag.py:3722} INFO - Setting next_dagrun for example_bash_operator to 2023-11-07T00:00:00+00:00, run_after=2023-11-08T00:00:00+00:00
[2023-11-08T22:30:50.771+0000] {processor.py:179} INFO - Processing /home/airflow/.local/lib/python3.8/site-packages/airflow/example_dags/example_bash_operator.py took 0.060 seconds
[2023-11-08T22:31:21.702+0000] {processor.py:157} INFO - Started process (PID=493) to work on /home/airflow/.local/lib/python3.8/site-packages/airflow/example_dags/example_bash_operator.py
[2023-11-08T22:31:21.703+0000] {processor.py:829} INFO - Processing file /home/airflow/.local/lib/python3.8/site-packages/airflow/example_dags/example_bash_operator.py for tasks to queue
[2023-11-08T22:31:21.705+0000] {logging_mixin.py:154} INFO - [2023-11-08T22:31:21.704+0000] {dagbag.py:536} INFO - Filling up the DagBag from /home/airflow/.local/lib/python3.8/site-packages/airflow/example_dags/example_bash_operator.py
[2023-11-08T22:31:21.713+0000] {processor.py:839} INFO - DAG(s) dict_keys(['example_bash_operator']) retrieved from /home/airflow/.local/lib/python3.8/site-packages/airflow/example_dags/example_bash_operator.py
[2023-11-08T22:31:21.734+0000] {logging_mixin.py:154} INFO - [2023-11-08T22:31:21.734+0000] {dag.py:2941} INFO - Sync 1 DAGs
[2023-11-08T22:31:21.750+0000] {logging_mixin.py:154} INFO - [2023-11-08T22:31:21.750+0000] {dag.py:3722} INFO - Setting next_dagrun for example_bash_operator to 2023-11-07T00:00:00+00:00, run_after=2023-11-08T00:00:00+00:00
[2023-11-08T22:31:21.763+0000] {processor.py:179} INFO - Processing /home/airflow/.local/lib/python3.8/site-packages/airflow/example_dags/example_bash_operator.py took 0.063 seconds
[2023-11-08T22:31:51.824+0000] {processor.py:157} INFO - Started process (PID=547) to work on /home/airflow/.local/lib/python3.8/site-packages/airflow/example_dags/example_bash_operator.py
[2023-11-08T22:31:51.825+0000] {processor.py:829} INFO - Processing file /home/airflow/.local/lib/python3.8/site-packages/airflow/example_dags/example_bash_operator.py for tasks to queue
[2023-11-08T22:31:51.826+0000] {logging_mixin.py:154} INFO - [2023-11-08T22:31:51.825+0000] {dagbag.py:536} INFO - Filling up the DagBag from /home/airflow/.local/lib/python3.8/site-packages/airflow/example_dags/example_bash_operator.py
[2023-11-08T22:31:51.833+0000] {processor.py:839} INFO - DAG(s) dict_keys(['example_bash_operator']) retrieved from /home/airflow/.local/lib/python3.8/site-packages/airflow/example_dags/example_bash_operator.py
[2023-11-08T22:31:51.854+0000] {logging_mixin.py:154} INFO - [2023-11-08T22:31:51.854+0000] {dag.py:2941} INFO - Sync 1 DAGs
[2023-11-08T22:31:51.872+0000] {logging_mixin.py:154} INFO - [2023-11-08T22:31:51.872+0000] {dag.py:3722} INFO - Setting next_dagrun for example_bash_operator to 2023-11-07T00:00:00+00:00, run_after=2023-11-08T00:00:00+00:00
[2023-11-08T22:31:51.884+0000] {processor.py:179} INFO - Processing /home/airflow/.local/lib/python3.8/site-packages/airflow/example_dags/example_bash_operator.py took 0.062 seconds
[2023-11-08T22:32:22.835+0000] {processor.py:157} INFO - Started process (PID=602) to work on /home/airflow/.local/lib/python3.8/site-packages/airflow/example_dags/example_bash_operator.py
[2023-11-08T22:32:22.836+0000] {processor.py:829} INFO - Processing file /home/airflow/.local/lib/python3.8/site-packages/airflow/example_dags/example_bash_operator.py for tasks to queue
[2023-11-08T22:32:22.837+0000] {logging_mixin.py:154} INFO - [2023-11-08T22:32:22.837+0000] {dagbag.py:536} INFO - Filling up the DagBag from /home/airflow/.local/lib/python3.8/site-packages/airflow/example_dags/example_bash_operator.py
[2023-11-08T22:32:22.847+0000] {processor.py:839} INFO - DAG(s) dict_keys(['example_bash_operator']) retrieved from /home/airflow/.local/lib/python3.8/site-packages/airflow/example_dags/example_bash_operator.py
[2023-11-08T22:32:22.872+0000] {logging_mixin.py:154} INFO - [2023-11-08T22:32:22.872+0000] {dag.py:2941} INFO - Sync 1 DAGs
[2023-11-08T22:32:22.890+0000] {logging_mixin.py:154} INFO - [2023-11-08T22:32:22.890+0000] {dag.py:3722} INFO - Setting next_dagrun for example_bash_operator to 2023-11-07T00:00:00+00:00, run_after=2023-11-08T00:00:00+00:00
[2023-11-08T22:32:22.901+0000] {processor.py:179} INFO - Processing /home/airflow/.local/lib/python3.8/site-packages/airflow/example_dags/example_bash_operator.py took 0.068 seconds
[2023-11-08T22:32:52.924+0000] {processor.py:157} INFO - Started process (PID=657) to work on /home/airflow/.local/lib/python3.8/site-packages/airflow/example_dags/example_bash_operator.py
[2023-11-08T22:32:52.925+0000] {processor.py:829} INFO - Processing file /home/airflow/.local/lib/python3.8/site-packages/airflow/example_dags/example_bash_operator.py for tasks to queue
[2023-11-08T22:32:52.926+0000] {logging_mixin.py:154} INFO - [2023-11-08T22:32:52.926+0000] {dagbag.py:536} INFO - Filling up the DagBag from /home/airflow/.local/lib/python3.8/site-packages/airflow/example_dags/example_bash_operator.py
[2023-11-08T22:32:52.932+0000] {processor.py:839} INFO - DAG(s) dict_keys(['example_bash_operator']) retrieved from /home/airflow/.local/lib/python3.8/site-packages/airflow/example_dags/example_bash_operator.py
[2023-11-08T22:32:52.950+0000] {logging_mixin.py:154} INFO - [2023-11-08T22:32:52.950+0000] {dag.py:2941} INFO - Sync 1 DAGs
[2023-11-08T22:32:52.964+0000] {logging_mixin.py:154} INFO - [2023-11-08T22:32:52.964+0000] {dag.py:3722} INFO - Setting next_dagrun for example_bash_operator to 2023-11-07T00:00:00+00:00, run_after=2023-11-08T00:00:00+00:00
[2023-11-08T22:32:52.977+0000] {processor.py:179} INFO - Processing /home/airflow/.local/lib/python3.8/site-packages/airflow/example_dags/example_bash_operator.py took 0.054 seconds
[2023-11-08T22:33:23.121+0000] {processor.py:157} INFO - Started process (PID=712) to work on /home/airflow/.local/lib/python3.8/site-packages/airflow/example_dags/example_bash_operator.py
[2023-11-08T22:33:23.122+0000] {processor.py:829} INFO - Processing file /home/airflow/.local/lib/python3.8/site-packages/airflow/example_dags/example_bash_operator.py for tasks to queue
[2023-11-08T22:33:23.123+0000] {logging_mixin.py:154} INFO - [2023-11-08T22:33:23.123+0000] {dagbag.py:536} INFO - Filling up the DagBag from /home/airflow/.local/lib/python3.8/site-packages/airflow/example_dags/example_bash_operator.py
[2023-11-08T22:33:23.130+0000] {processor.py:839} INFO - DAG(s) dict_keys(['example_bash_operator']) retrieved from /home/airflow/.local/lib/python3.8/site-packages/airflow/example_dags/example_bash_operator.py
[2023-11-08T22:33:23.149+0000] {logging_mixin.py:154} INFO - [2023-11-08T22:33:23.149+0000] {dag.py:2941} INFO - Sync 1 DAGs
[2023-11-08T22:33:23.168+0000] {logging_mixin.py:154} INFO - [2023-11-08T22:33:23.168+0000] {dag.py:3722} INFO - Setting next_dagrun for example_bash_operator to 2023-11-07T00:00:00+00:00, run_after=2023-11-08T00:00:00+00:00
[2023-11-08T22:33:23.187+0000] {processor.py:179} INFO - Processing /home/airflow/.local/lib/python3.8/site-packages/airflow/example_dags/example_bash_operator.py took 0.068 seconds
[2023-11-08T22:33:54.186+0000] {processor.py:157} INFO - Started process (PID=767) to work on /home/airflow/.local/lib/python3.8/site-packages/airflow/example_dags/example_bash_operator.py
[2023-11-08T22:33:54.194+0000] {processor.py:829} INFO - Processing file /home/airflow/.local/lib/python3.8/site-packages/airflow/example_dags/example_bash_operator.py for tasks to queue
[2023-11-08T22:33:54.195+0000] {logging_mixin.py:154} INFO - [2023-11-08T22:33:54.195+0000] {dagbag.py:536} INFO - Filling up the DagBag from /home/airflow/.local/lib/python3.8/site-packages/airflow/example_dags/example_bash_operator.py
[2023-11-08T22:33:54.202+0000] {processor.py:839} INFO - DAG(s) dict_keys(['example_bash_operator']) retrieved from /home/airflow/.local/lib/python3.8/site-packages/airflow/example_dags/example_bash_operator.py
[2023-11-08T22:33:54.219+0000] {logging_mixin.py:154} INFO - [2023-11-08T22:33:54.219+0000] {dag.py:2941} INFO - Sync 1 DAGs
[2023-11-08T22:33:54.234+0000] {logging_mixin.py:154} INFO - [2023-11-08T22:33:54.234+0000] {dag.py:3722} INFO - Setting next_dagrun for example_bash_operator to 2023-11-07T00:00:00+00:00, run_after=2023-11-08T00:00:00+00:00
[2023-11-08T22:33:54.247+0000] {processor.py:179} INFO - Processing /home/airflow/.local/lib/python3.8/site-packages/airflow/example_dags/example_bash_operator.py took 0.063 seconds
[2023-11-08T22:34:24.771+0000] {processor.py:157} INFO - Started process (PID=822) to work on /home/airflow/.local/lib/python3.8/site-packages/airflow/example_dags/example_bash_operator.py
[2023-11-08T22:34:24.779+0000] {processor.py:829} INFO - Processing file /home/airflow/.local/lib/python3.8/site-packages/airflow/example_dags/example_bash_operator.py for tasks to queue
[2023-11-08T22:34:24.781+0000] {logging_mixin.py:154} INFO - [2023-11-08T22:34:24.781+0000] {dagbag.py:536} INFO - Filling up the DagBag from /home/airflow/.local/lib/python3.8/site-packages/airflow/example_dags/example_bash_operator.py
[2023-11-08T22:34:24.791+0000] {processor.py:839} INFO - DAG(s) dict_keys(['example_bash_operator']) retrieved from /home/airflow/.local/lib/python3.8/site-packages/airflow/example_dags/example_bash_operator.py
[2023-11-08T22:34:24.810+0000] {logging_mixin.py:154} INFO - [2023-11-08T22:34:24.810+0000] {dag.py:2941} INFO - Sync 1 DAGs
[2023-11-08T22:34:24.826+0000] {logging_mixin.py:154} INFO - [2023-11-08T22:34:24.825+0000] {dag.py:3722} INFO - Setting next_dagrun for example_bash_operator to 2023-11-07T00:00:00+00:00, run_after=2023-11-08T00:00:00+00:00
[2023-11-08T22:34:24.837+0000] {processor.py:179} INFO - Processing /home/airflow/.local/lib/python3.8/site-packages/airflow/example_dags/example_bash_operator.py took 0.070 seconds
[2023-11-08T22:34:55.319+0000] {processor.py:157} INFO - Started process (PID=877) to work on /home/airflow/.local/lib/python3.8/site-packages/airflow/example_dags/example_bash_operator.py
[2023-11-08T22:34:55.320+0000] {processor.py:829} INFO - Processing file /home/airflow/.local/lib/python3.8/site-packages/airflow/example_dags/example_bash_operator.py for tasks to queue
[2023-11-08T22:34:55.321+0000] {logging_mixin.py:154} INFO - [2023-11-08T22:34:55.321+0000] {dagbag.py:536} INFO - Filling up the DagBag from /home/airflow/.local/lib/python3.8/site-packages/airflow/example_dags/example_bash_operator.py
[2023-11-08T22:34:55.330+0000] {processor.py:839} INFO - DAG(s) dict_keys(['example_bash_operator']) retrieved from /home/airflow/.local/lib/python3.8/site-packages/airflow/example_dags/example_bash_operator.py
[2023-11-08T22:34:55.354+0000] {logging_mixin.py:154} INFO - [2023-11-08T22:34:55.354+0000] {dag.py:2941} INFO - Sync 1 DAGs
[2023-11-08T22:34:55.369+0000] {logging_mixin.py:154} INFO - [2023-11-08T22:34:55.369+0000] {dag.py:3722} INFO - Setting next_dagrun for example_bash_operator to 2023-11-07T00:00:00+00:00, run_after=2023-11-08T00:00:00+00:00
[2023-11-08T22:34:55.380+0000] {processor.py:179} INFO - Processing /home/airflow/.local/lib/python3.8/site-packages/airflow/example_dags/example_bash_operator.py took 0.065 seconds
[2023-11-08T22:35:26.153+0000] {processor.py:157} INFO - Started process (PID=932) to work on /home/airflow/.local/lib/python3.8/site-packages/airflow/example_dags/example_bash_operator.py
[2023-11-08T22:35:26.162+0000] {processor.py:829} INFO - Processing file /home/airflow/.local/lib/python3.8/site-packages/airflow/example_dags/example_bash_operator.py for tasks to queue
[2023-11-08T22:35:26.163+0000] {logging_mixin.py:154} INFO - [2023-11-08T22:35:26.163+0000] {dagbag.py:536} INFO - Filling up the DagBag from /home/airflow/.local/lib/python3.8/site-packages/airflow/example_dags/example_bash_operator.py
[2023-11-08T22:35:26.169+0000] {processor.py:839} INFO - DAG(s) dict_keys(['example_bash_operator']) retrieved from /home/airflow/.local/lib/python3.8/site-packages/airflow/example_dags/example_bash_operator.py
[2023-11-08T22:35:26.187+0000] {logging_mixin.py:154} INFO - [2023-11-08T22:35:26.187+0000] {dag.py:2941} INFO - Sync 1 DAGs
[2023-11-08T22:35:26.202+0000] {logging_mixin.py:154} INFO - [2023-11-08T22:35:26.202+0000] {dag.py:3722} INFO - Setting next_dagrun for example_bash_operator to 2023-11-07T00:00:00+00:00, run_after=2023-11-08T00:00:00+00:00
[2023-11-08T22:35:26.215+0000] {processor.py:179} INFO - Processing /home/airflow/.local/lib/python3.8/site-packages/airflow/example_dags/example_bash_operator.py took 0.064 seconds
[2023-11-08T22:35:57.156+0000] {processor.py:157} INFO - Started process (PID=987) to work on /home/airflow/.local/lib/python3.8/site-packages/airflow/example_dags/example_bash_operator.py
[2023-11-08T22:35:57.164+0000] {processor.py:829} INFO - Processing file /home/airflow/.local/lib/python3.8/site-packages/airflow/example_dags/example_bash_operator.py for tasks to queue
[2023-11-08T22:35:57.167+0000] {logging_mixin.py:154} INFO - [2023-11-08T22:35:57.166+0000] {dagbag.py:536} INFO - Filling up the DagBag from /home/airflow/.local/lib/python3.8/site-packages/airflow/example_dags/example_bash_operator.py
[2023-11-08T22:35:57.175+0000] {processor.py:839} INFO - DAG(s) dict_keys(['example_bash_operator']) retrieved from /home/airflow/.local/lib/python3.8/site-packages/airflow/example_dags/example_bash_operator.py
[2023-11-08T22:35:57.193+0000] {logging_mixin.py:154} INFO - [2023-11-08T22:35:57.193+0000] {dag.py:2941} INFO - Sync 1 DAGs
[2023-11-08T22:35:57.207+0000] {logging_mixin.py:154} INFO - [2023-11-08T22:35:57.207+0000] {dag.py:3722} INFO - Setting next_dagrun for example_bash_operator to 2023-11-07T00:00:00+00:00, run_after=2023-11-08T00:00:00+00:00
[2023-11-08T22:35:57.219+0000] {processor.py:179} INFO - Processing /home/airflow/.local/lib/python3.8/site-packages/airflow/example_dags/example_bash_operator.py took 0.066 seconds
[2023-11-08T22:36:27.727+0000] {processor.py:157} INFO - Started process (PID=1042) to work on /home/airflow/.local/lib/python3.8/site-packages/airflow/example_dags/example_bash_operator.py
[2023-11-08T22:36:27.736+0000] {processor.py:829} INFO - Processing file /home/airflow/.local/lib/python3.8/site-packages/airflow/example_dags/example_bash_operator.py for tasks to queue
[2023-11-08T22:36:27.737+0000] {logging_mixin.py:154} INFO - [2023-11-08T22:36:27.737+0000] {dagbag.py:536} INFO - Filling up the DagBag from /home/airflow/.local/lib/python3.8/site-packages/airflow/example_dags/example_bash_operator.py
[2023-11-08T22:36:27.744+0000] {processor.py:839} INFO - DAG(s) dict_keys(['example_bash_operator']) retrieved from /home/airflow/.local/lib/python3.8/site-packages/airflow/example_dags/example_bash_operator.py
[2023-11-08T22:36:27.761+0000] {logging_mixin.py:154} INFO - [2023-11-08T22:36:27.761+0000] {dag.py:2941} INFO - Sync 1 DAGs
[2023-11-08T22:36:27.780+0000] {logging_mixin.py:154} INFO - [2023-11-08T22:36:27.780+0000] {dag.py:3722} INFO - Setting next_dagrun for example_bash_operator to 2023-11-07T00:00:00+00:00, run_after=2023-11-08T00:00:00+00:00
[2023-11-08T22:36:27.792+0000] {processor.py:179} INFO - Processing /home/airflow/.local/lib/python3.8/site-packages/airflow/example_dags/example_bash_operator.py took 0.067 seconds
[2023-11-08T22:36:58.351+0000] {processor.py:157} INFO - Started process (PID=1099) to work on /home/airflow/.local/lib/python3.8/site-packages/airflow/example_dags/example_bash_operator.py
[2023-11-08T22:36:58.359+0000] {processor.py:829} INFO - Processing file /home/airflow/.local/lib/python3.8/site-packages/airflow/example_dags/example_bash_operator.py for tasks to queue
[2023-11-08T22:36:58.360+0000] {logging_mixin.py:154} INFO - [2023-11-08T22:36:58.360+0000] {dagbag.py:536} INFO - Filling up the DagBag from /home/airflow/.local/lib/python3.8/site-packages/airflow/example_dags/example_bash_operator.py
[2023-11-08T22:36:58.368+0000] {processor.py:839} INFO - DAG(s) dict_keys(['example_bash_operator']) retrieved from /home/airflow/.local/lib/python3.8/site-packages/airflow/example_dags/example_bash_operator.py
[2023-11-08T22:36:58.384+0000] {logging_mixin.py:154} INFO - [2023-11-08T22:36:58.384+0000] {dag.py:2941} INFO - Sync 1 DAGs
[2023-11-08T22:36:58.398+0000] {logging_mixin.py:154} INFO - [2023-11-08T22:36:58.397+0000] {dag.py:3722} INFO - Setting next_dagrun for example_bash_operator to 2023-11-07T00:00:00+00:00, run_after=2023-11-08T00:00:00+00:00
[2023-11-08T22:36:58.408+0000] {processor.py:179} INFO - Processing /home/airflow/.local/lib/python3.8/site-packages/airflow/example_dags/example_bash_operator.py took 0.061 seconds
[2023-11-08T22:37:29.221+0000] {processor.py:157} INFO - Started process (PID=1154) to work on /home/airflow/.local/lib/python3.8/site-packages/airflow/example_dags/example_bash_operator.py
[2023-11-08T22:37:29.229+0000] {processor.py:829} INFO - Processing file /home/airflow/.local/lib/python3.8/site-packages/airflow/example_dags/example_bash_operator.py for tasks to queue
[2023-11-08T22:37:29.230+0000] {logging_mixin.py:154} INFO - [2023-11-08T22:37:29.230+0000] {dagbag.py:536} INFO - Filling up the DagBag from /home/airflow/.local/lib/python3.8/site-packages/airflow/example_dags/example_bash_operator.py
[2023-11-08T22:37:29.238+0000] {processor.py:839} INFO - DAG(s) dict_keys(['example_bash_operator']) retrieved from /home/airflow/.local/lib/python3.8/site-packages/airflow/example_dags/example_bash_operator.py
[2023-11-08T22:37:29.254+0000] {logging_mixin.py:154} INFO - [2023-11-08T22:37:29.254+0000] {dag.py:2941} INFO - Sync 1 DAGs
[2023-11-08T22:37:29.267+0000] {logging_mixin.py:154} INFO - [2023-11-08T22:37:29.266+0000] {dag.py:3722} INFO - Setting next_dagrun for example_bash_operator to 2023-11-07T00:00:00+00:00, run_after=2023-11-08T00:00:00+00:00
[2023-11-08T22:37:29.277+0000] {processor.py:179} INFO - Processing /home/airflow/.local/lib/python3.8/site-packages/airflow/example_dags/example_bash_operator.py took 0.058 seconds
[2023-11-08T22:37:59.727+0000] {processor.py:157} INFO - Started process (PID=1209) to work on /home/airflow/.local/lib/python3.8/site-packages/airflow/example_dags/example_bash_operator.py
[2023-11-08T22:37:59.727+0000] {processor.py:829} INFO - Processing file /home/airflow/.local/lib/python3.8/site-packages/airflow/example_dags/example_bash_operator.py for tasks to queue
[2023-11-08T22:37:59.729+0000] {logging_mixin.py:154} INFO - [2023-11-08T22:37:59.728+0000] {dagbag.py:536} INFO - Filling up the DagBag from /home/airflow/.local/lib/python3.8/site-packages/airflow/example_dags/example_bash_operator.py
[2023-11-08T22:37:59.737+0000] {processor.py:839} INFO - DAG(s) dict_keys(['example_bash_operator']) retrieved from /home/airflow/.local/lib/python3.8/site-packages/airflow/example_dags/example_bash_operator.py
[2023-11-08T22:37:59.756+0000] {logging_mixin.py:154} INFO - [2023-11-08T22:37:59.756+0000] {dag.py:2941} INFO - Sync 1 DAGs
[2023-11-08T22:37:59.773+0000] {logging_mixin.py:154} INFO - [2023-11-08T22:37:59.772+0000] {dag.py:3722} INFO - Setting next_dagrun for example_bash_operator to 2023-11-07T00:00:00+00:00, run_after=2023-11-08T00:00:00+00:00
[2023-11-08T22:37:59.786+0000] {processor.py:179} INFO - Processing /home/airflow/.local/lib/python3.8/site-packages/airflow/example_dags/example_bash_operator.py took 0.062 seconds
[2023-11-08T22:38:30.286+0000] {processor.py:157} INFO - Started process (PID=1264) to work on /home/airflow/.local/lib/python3.8/site-packages/airflow/example_dags/example_bash_operator.py
[2023-11-08T22:38:30.295+0000] {processor.py:829} INFO - Processing file /home/airflow/.local/lib/python3.8/site-packages/airflow/example_dags/example_bash_operator.py for tasks to queue
[2023-11-08T22:38:30.296+0000] {logging_mixin.py:154} INFO - [2023-11-08T22:38:30.296+0000] {dagbag.py:536} INFO - Filling up the DagBag from /home/airflow/.local/lib/python3.8/site-packages/airflow/example_dags/example_bash_operator.py
[2023-11-08T22:38:30.303+0000] {processor.py:839} INFO - DAG(s) dict_keys(['example_bash_operator']) retrieved from /home/airflow/.local/lib/python3.8/site-packages/airflow/example_dags/example_bash_operator.py
[2023-11-08T22:38:30.320+0000] {logging_mixin.py:154} INFO - [2023-11-08T22:38:30.320+0000] {dag.py:2941} INFO - Sync 1 DAGs
[2023-11-08T22:38:30.334+0000] {logging_mixin.py:154} INFO - [2023-11-08T22:38:30.334+0000] {dag.py:3722} INFO - Setting next_dagrun for example_bash_operator to 2023-11-07T00:00:00+00:00, run_after=2023-11-08T00:00:00+00:00
[2023-11-08T22:38:30.346+0000] {processor.py:179} INFO - Processing /home/airflow/.local/lib/python3.8/site-packages/airflow/example_dags/example_bash_operator.py took 0.062 seconds
[2023-11-08T22:39:00.911+0000] {processor.py:157} INFO - Started process (PID=1320) to work on /home/airflow/.local/lib/python3.8/site-packages/airflow/example_dags/example_bash_operator.py
[2023-11-08T22:39:00.912+0000] {processor.py:829} INFO - Processing file /home/airflow/.local/lib/python3.8/site-packages/airflow/example_dags/example_bash_operator.py for tasks to queue
[2023-11-08T22:39:00.913+0000] {logging_mixin.py:154} INFO - [2023-11-08T22:39:00.913+0000] {dagbag.py:536} INFO - Filling up the DagBag from /home/airflow/.local/lib/python3.8/site-packages/airflow/example_dags/example_bash_operator.py
[2023-11-08T22:39:00.921+0000] {processor.py:839} INFO - DAG(s) dict_keys(['example_bash_operator']) retrieved from /home/airflow/.local/lib/python3.8/site-packages/airflow/example_dags/example_bash_operator.py
[2023-11-08T22:39:00.940+0000] {logging_mixin.py:154} INFO - [2023-11-08T22:39:00.940+0000] {dag.py:2941} INFO - Sync 1 DAGs
[2023-11-08T22:39:00.955+0000] {logging_mixin.py:154} INFO - [2023-11-08T22:39:00.955+0000] {dag.py:3722} INFO - Setting next_dagrun for example_bash_operator to 2023-11-07T00:00:00+00:00, run_after=2023-11-08T00:00:00+00:00
[2023-11-08T22:39:00.967+0000] {processor.py:179} INFO - Processing /home/airflow/.local/lib/python3.8/site-packages/airflow/example_dags/example_bash_operator.py took 0.058 seconds
[2023-11-08T22:39:31.494+0000] {processor.py:157} INFO - Started process (PID=1376) to work on /home/airflow/.local/lib/python3.8/site-packages/airflow/example_dags/example_bash_operator.py
[2023-11-08T22:39:31.502+0000] {processor.py:829} INFO - Processing file /home/airflow/.local/lib/python3.8/site-packages/airflow/example_dags/example_bash_operator.py for tasks to queue
[2023-11-08T22:39:31.504+0000] {logging_mixin.py:154} INFO - [2023-11-08T22:39:31.503+0000] {dagbag.py:536} INFO - Filling up the DagBag from /home/airflow/.local/lib/python3.8/site-packages/airflow/example_dags/example_bash_operator.py
[2023-11-08T22:39:31.511+0000] {processor.py:839} INFO - DAG(s) dict_keys(['example_bash_operator']) retrieved from /home/airflow/.local/lib/python3.8/site-packages/airflow/example_dags/example_bash_operator.py
[2023-11-08T22:39:31.528+0000] {logging_mixin.py:154} INFO - [2023-11-08T22:39:31.528+0000] {dag.py:2941} INFO - Sync 1 DAGs
[2023-11-08T22:39:31.542+0000] {logging_mixin.py:154} INFO - [2023-11-08T22:39:31.542+0000] {dag.py:3722} INFO - Setting next_dagrun for example_bash_operator to 2023-11-07T00:00:00+00:00, run_after=2023-11-08T00:00:00+00:00
[2023-11-08T22:39:31.552+0000] {processor.py:179} INFO - Processing /home/airflow/.local/lib/python3.8/site-packages/airflow/example_dags/example_bash_operator.py took 0.060 seconds
[2023-11-08T22:40:02.106+0000] {processor.py:157} INFO - Started process (PID=1431) to work on /home/airflow/.local/lib/python3.8/site-packages/airflow/example_dags/example_bash_operator.py
[2023-11-08T22:40:02.115+0000] {processor.py:829} INFO - Processing file /home/airflow/.local/lib/python3.8/site-packages/airflow/example_dags/example_bash_operator.py for tasks to queue
[2023-11-08T22:40:02.116+0000] {logging_mixin.py:154} INFO - [2023-11-08T22:40:02.116+0000] {dagbag.py:536} INFO - Filling up the DagBag from /home/airflow/.local/lib/python3.8/site-packages/airflow/example_dags/example_bash_operator.py
[2023-11-08T22:40:02.124+0000] {processor.py:839} INFO - DAG(s) dict_keys(['example_bash_operator']) retrieved from /home/airflow/.local/lib/python3.8/site-packages/airflow/example_dags/example_bash_operator.py
[2023-11-08T22:40:02.141+0000] {logging_mixin.py:154} INFO - [2023-11-08T22:40:02.141+0000] {dag.py:2941} INFO - Sync 1 DAGs
[2023-11-08T22:40:02.156+0000] {logging_mixin.py:154} INFO - [2023-11-08T22:40:02.156+0000] {dag.py:3722} INFO - Setting next_dagrun for example_bash_operator to 2023-11-07T00:00:00+00:00, run_after=2023-11-08T00:00:00+00:00
[2023-11-08T22:40:02.167+0000] {processor.py:179} INFO - Processing /home/airflow/.local/lib/python3.8/site-packages/airflow/example_dags/example_bash_operator.py took 0.064 seconds
[2023-11-08T22:40:32.709+0000] {processor.py:157} INFO - Started process (PID=1486) to work on /home/airflow/.local/lib/python3.8/site-packages/airflow/example_dags/example_bash_operator.py
[2023-11-08T22:40:32.709+0000] {processor.py:829} INFO - Processing file /home/airflow/.local/lib/python3.8/site-packages/airflow/example_dags/example_bash_operator.py for tasks to queue
[2023-11-08T22:40:32.711+0000] {logging_mixin.py:154} INFO - [2023-11-08T22:40:32.710+0000] {dagbag.py:536} INFO - Filling up the DagBag from /home/airflow/.local/lib/python3.8/site-packages/airflow/example_dags/example_bash_operator.py
[2023-11-08T22:40:32.717+0000] {processor.py:839} INFO - DAG(s) dict_keys(['example_bash_operator']) retrieved from /home/airflow/.local/lib/python3.8/site-packages/airflow/example_dags/example_bash_operator.py
[2023-11-08T22:40:32.734+0000] {logging_mixin.py:154} INFO - [2023-11-08T22:40:32.734+0000] {dag.py:2941} INFO - Sync 1 DAGs
[2023-11-08T22:40:32.747+0000] {logging_mixin.py:154} INFO - [2023-11-08T22:40:32.747+0000] {dag.py:3722} INFO - Setting next_dagrun for example_bash_operator to 2023-11-07T00:00:00+00:00, run_after=2023-11-08T00:00:00+00:00
[2023-11-08T22:40:32.757+0000] {processor.py:179} INFO - Processing /home/airflow/.local/lib/python3.8/site-packages/airflow/example_dags/example_bash_operator.py took 0.050 seconds
[2023-11-08T22:41:03.224+0000] {processor.py:157} INFO - Started process (PID=1541) to work on /home/airflow/.local/lib/python3.8/site-packages/airflow/example_dags/example_bash_operator.py
[2023-11-08T22:41:03.233+0000] {processor.py:829} INFO - Processing file /home/airflow/.local/lib/python3.8/site-packages/airflow/example_dags/example_bash_operator.py for tasks to queue
[2023-11-08T22:41:03.234+0000] {logging_mixin.py:154} INFO - [2023-11-08T22:41:03.234+0000] {dagbag.py:536} INFO - Filling up the DagBag from /home/airflow/.local/lib/python3.8/site-packages/airflow/example_dags/example_bash_operator.py
[2023-11-08T22:41:03.243+0000] {processor.py:839} INFO - DAG(s) dict_keys(['example_bash_operator']) retrieved from /home/airflow/.local/lib/python3.8/site-packages/airflow/example_dags/example_bash_operator.py
[2023-11-08T22:41:03.265+0000] {logging_mixin.py:154} INFO - [2023-11-08T22:41:03.265+0000] {dag.py:2941} INFO - Sync 1 DAGs
[2023-11-08T22:41:03.282+0000] {logging_mixin.py:154} INFO - [2023-11-08T22:41:03.282+0000] {dag.py:3722} INFO - Setting next_dagrun for example_bash_operator to 2023-11-07T00:00:00+00:00, run_after=2023-11-08T00:00:00+00:00
[2023-11-08T22:41:03.293+0000] {processor.py:179} INFO - Processing /home/airflow/.local/lib/python3.8/site-packages/airflow/example_dags/example_bash_operator.py took 0.070 seconds
[2023-11-08T22:41:33.927+0000] {processor.py:157} INFO - Started process (PID=1596) to work on /home/airflow/.local/lib/python3.8/site-packages/airflow/example_dags/example_bash_operator.py
[2023-11-08T22:41:33.935+0000] {processor.py:829} INFO - Processing file /home/airflow/.local/lib/python3.8/site-packages/airflow/example_dags/example_bash_operator.py for tasks to queue
[2023-11-08T22:41:33.936+0000] {logging_mixin.py:154} INFO - [2023-11-08T22:41:33.936+0000] {dagbag.py:536} INFO - Filling up the DagBag from /home/airflow/.local/lib/python3.8/site-packages/airflow/example_dags/example_bash_operator.py
[2023-11-08T22:41:33.944+0000] {processor.py:839} INFO - DAG(s) dict_keys(['example_bash_operator']) retrieved from /home/airflow/.local/lib/python3.8/site-packages/airflow/example_dags/example_bash_operator.py
[2023-11-08T22:41:33.960+0000] {logging_mixin.py:154} INFO - [2023-11-08T22:41:33.960+0000] {dag.py:2941} INFO - Sync 1 DAGs
[2023-11-08T22:41:33.974+0000] {logging_mixin.py:154} INFO - [2023-11-08T22:41:33.973+0000] {dag.py:3722} INFO - Setting next_dagrun for example_bash_operator to 2023-11-07T00:00:00+00:00, run_after=2023-11-08T00:00:00+00:00
[2023-11-08T22:41:33.985+0000] {processor.py:179} INFO - Processing /home/airflow/.local/lib/python3.8/site-packages/airflow/example_dags/example_bash_operator.py took 0.060 seconds
[2023-11-08T22:42:04.514+0000] {processor.py:157} INFO - Started process (PID=1652) to work on /home/airflow/.local/lib/python3.8/site-packages/airflow/example_dags/example_bash_operator.py
[2023-11-08T22:42:04.522+0000] {processor.py:829} INFO - Processing file /home/airflow/.local/lib/python3.8/site-packages/airflow/example_dags/example_bash_operator.py for tasks to queue
[2023-11-08T22:42:04.523+0000] {logging_mixin.py:154} INFO - [2023-11-08T22:42:04.523+0000] {dagbag.py:536} INFO - Filling up the DagBag from /home/airflow/.local/lib/python3.8/site-packages/airflow/example_dags/example_bash_operator.py
[2023-11-08T22:42:04.533+0000] {processor.py:839} INFO - DAG(s) dict_keys(['example_bash_operator']) retrieved from /home/airflow/.local/lib/python3.8/site-packages/airflow/example_dags/example_bash_operator.py
[2023-11-08T22:42:04.550+0000] {logging_mixin.py:154} INFO - [2023-11-08T22:42:04.550+0000] {dag.py:2941} INFO - Sync 1 DAGs
[2023-11-08T22:42:04.563+0000] {logging_mixin.py:154} INFO - [2023-11-08T22:42:04.563+0000] {dag.py:3722} INFO - Setting next_dagrun for example_bash_operator to 2023-11-07T00:00:00+00:00, run_after=2023-11-08T00:00:00+00:00
[2023-11-08T22:42:04.583+0000] {processor.py:179} INFO - Processing /home/airflow/.local/lib/python3.8/site-packages/airflow/example_dags/example_bash_operator.py took 0.071 seconds
[2023-11-08T22:42:35.057+0000] {processor.py:157} INFO - Started process (PID=1707) to work on /home/airflow/.local/lib/python3.8/site-packages/airflow/example_dags/example_bash_operator.py
[2023-11-08T22:42:35.065+0000] {processor.py:829} INFO - Processing file /home/airflow/.local/lib/python3.8/site-packages/airflow/example_dags/example_bash_operator.py for tasks to queue
[2023-11-08T22:42:35.066+0000] {logging_mixin.py:154} INFO - [2023-11-08T22:42:35.066+0000] {dagbag.py:536} INFO - Filling up the DagBag from /home/airflow/.local/lib/python3.8/site-packages/airflow/example_dags/example_bash_operator.py
[2023-11-08T22:42:35.074+0000] {processor.py:839} INFO - DAG(s) dict_keys(['example_bash_operator']) retrieved from /home/airflow/.local/lib/python3.8/site-packages/airflow/example_dags/example_bash_operator.py
[2023-11-08T22:42:35.090+0000] {logging_mixin.py:154} INFO - [2023-11-08T22:42:35.090+0000] {dag.py:2941} INFO - Sync 1 DAGs
[2023-11-08T22:42:35.104+0000] {logging_mixin.py:154} INFO - [2023-11-08T22:42:35.104+0000] {dag.py:3722} INFO - Setting next_dagrun for example_bash_operator to 2023-11-07T00:00:00+00:00, run_after=2023-11-08T00:00:00+00:00
[2023-11-08T22:42:35.115+0000] {processor.py:179} INFO - Processing /home/airflow/.local/lib/python3.8/site-packages/airflow/example_dags/example_bash_operator.py took 0.060 seconds
[2023-11-08T22:43:05.706+0000] {processor.py:157} INFO - Started process (PID=1762) to work on /home/airflow/.local/lib/python3.8/site-packages/airflow/example_dags/example_bash_operator.py
[2023-11-08T22:43:05.714+0000] {processor.py:829} INFO - Processing file /home/airflow/.local/lib/python3.8/site-packages/airflow/example_dags/example_bash_operator.py for tasks to queue
[2023-11-08T22:43:05.716+0000] {logging_mixin.py:154} INFO - [2023-11-08T22:43:05.715+0000] {dagbag.py:536} INFO - Filling up the DagBag from /home/airflow/.local/lib/python3.8/site-packages/airflow/example_dags/example_bash_operator.py
[2023-11-08T22:43:05.725+0000] {processor.py:839} INFO - DAG(s) dict_keys(['example_bash_operator']) retrieved from /home/airflow/.local/lib/python3.8/site-packages/airflow/example_dags/example_bash_operator.py
[2023-11-08T22:43:05.749+0000] {logging_mixin.py:154} INFO - [2023-11-08T22:43:05.748+0000] {dag.py:2941} INFO - Sync 1 DAGs
[2023-11-08T22:43:05.765+0000] {logging_mixin.py:154} INFO - [2023-11-08T22:43:05.764+0000] {dag.py:3722} INFO - Setting next_dagrun for example_bash_operator to 2023-11-07T00:00:00+00:00, run_after=2023-11-08T00:00:00+00:00
[2023-11-08T22:43:05.777+0000] {processor.py:179} INFO - Processing /home/airflow/.local/lib/python3.8/site-packages/airflow/example_dags/example_bash_operator.py took 0.074 seconds
[2023-11-08T22:43:38.420+0000] {processor.py:157} INFO - Started process (PID=61) to work on /home/airflow/.local/lib/python3.8/site-packages/airflow/example_dags/example_bash_operator.py
[2023-11-08T22:43:38.421+0000] {processor.py:829} INFO - Processing file /home/airflow/.local/lib/python3.8/site-packages/airflow/example_dags/example_bash_operator.py for tasks to queue
[2023-11-08T22:43:38.422+0000] {logging_mixin.py:154} INFO - [2023-11-08T22:43:38.422+0000] {dagbag.py:536} INFO - Filling up the DagBag from /home/airflow/.local/lib/python3.8/site-packages/airflow/example_dags/example_bash_operator.py
[2023-11-08T22:43:38.430+0000] {processor.py:839} INFO - DAG(s) dict_keys(['example_bash_operator']) retrieved from /home/airflow/.local/lib/python3.8/site-packages/airflow/example_dags/example_bash_operator.py
[2023-11-08T22:43:38.438+0000] {logging_mixin.py:154} INFO - [2023-11-08T22:43:38.437+0000] {dag.py:2941} INFO - Sync 1 DAGs
[2023-11-08T22:43:38.458+0000] {logging_mixin.py:154} INFO - [2023-11-08T22:43:38.458+0000] {dag.py:3722} INFO - Setting next_dagrun for example_bash_operator to 2023-11-07T00:00:00+00:00, run_after=2023-11-08T00:00:00+00:00
[2023-11-08T22:43:38.471+0000] {processor.py:179} INFO - Processing /home/airflow/.local/lib/python3.8/site-packages/airflow/example_dags/example_bash_operator.py took 0.053 seconds
