[2023-11-08T22:09:15.455+0000] {processor.py:157} INFO - Started process (PID=40) to work on /home/airflow/.local/lib/python3.8/site-packages/airflow/example_dags/example_skip_dag.py
[2023-11-08T22:09:15.456+0000] {processor.py:829} INFO - Processing file /home/airflow/.local/lib/python3.8/site-packages/airflow/example_dags/example_skip_dag.py for tasks to queue
[2023-11-08T22:09:15.458+0000] {logging_mixin.py:154} INFO - [2023-11-08T22:09:15.458+0000] {dagbag.py:536} INFO - Filling up the DagBag from /home/airflow/.local/lib/python3.8/site-packages/airflow/example_dags/example_skip_dag.py
[2023-11-08T22:09:15.464+0000] {processor.py:839} INFO - DAG(s) dict_keys(['example_skip_dag']) retrieved from /home/airflow/.local/lib/python3.8/site-packages/airflow/example_dags/example_skip_dag.py
[2023-11-08T22:09:15.473+0000] {logging_mixin.py:154} INFO - [2023-11-08T22:09:15.473+0000] {dag.py:2941} INFO - Sync 1 DAGs
[2023-11-08T22:09:15.492+0000] {logging_mixin.py:154} INFO - [2023-11-08T22:09:15.492+0000] {dag.py:3722} INFO - Setting next_dagrun for example_skip_dag to 2023-11-07T22:09:15.492453+00:00, run_after=2023-11-08T22:09:15.492453+00:00
[2023-11-08T22:09:15.512+0000] {processor.py:179} INFO - Processing /home/airflow/.local/lib/python3.8/site-packages/airflow/example_dags/example_skip_dag.py took 0.059 seconds
[2023-11-08T22:09:46.130+0000] {processor.py:157} INFO - Started process (PID=95) to work on /home/airflow/.local/lib/python3.8/site-packages/airflow/example_dags/example_skip_dag.py
[2023-11-08T22:09:46.131+0000] {processor.py:829} INFO - Processing file /home/airflow/.local/lib/python3.8/site-packages/airflow/example_dags/example_skip_dag.py for tasks to queue
[2023-11-08T22:09:46.132+0000] {logging_mixin.py:154} INFO - [2023-11-08T22:09:46.132+0000] {dagbag.py:536} INFO - Filling up the DagBag from /home/airflow/.local/lib/python3.8/site-packages/airflow/example_dags/example_skip_dag.py
[2023-11-08T22:09:46.136+0000] {processor.py:839} INFO - DAG(s) dict_keys(['example_skip_dag']) retrieved from /home/airflow/.local/lib/python3.8/site-packages/airflow/example_dags/example_skip_dag.py
[2023-11-08T22:09:46.148+0000] {logging_mixin.py:154} INFO - [2023-11-08T22:09:46.148+0000] {dag.py:2941} INFO - Sync 1 DAGs
[2023-11-08T22:09:46.160+0000] {logging_mixin.py:154} INFO - [2023-11-08T22:09:46.160+0000] {dag.py:3722} INFO - Setting next_dagrun for example_skip_dag to 2023-11-07T22:09:46.160507+00:00, run_after=2023-11-08T22:09:46.160507+00:00
[2023-11-08T22:09:46.171+0000] {processor.py:179} INFO - Processing /home/airflow/.local/lib/python3.8/site-packages/airflow/example_dags/example_skip_dag.py took 0.042 seconds
[2023-11-08T22:11:49.690+0000] {processor.py:157} INFO - Started process (PID=40) to work on /home/airflow/.local/lib/python3.8/site-packages/airflow/example_dags/example_skip_dag.py
[2023-11-08T22:11:49.691+0000] {processor.py:829} INFO - Processing file /home/airflow/.local/lib/python3.8/site-packages/airflow/example_dags/example_skip_dag.py for tasks to queue
[2023-11-08T22:11:49.692+0000] {logging_mixin.py:154} INFO - [2023-11-08T22:11:49.692+0000] {dagbag.py:536} INFO - Filling up the DagBag from /home/airflow/.local/lib/python3.8/site-packages/airflow/example_dags/example_skip_dag.py
[2023-11-08T22:11:49.698+0000] {processor.py:839} INFO - DAG(s) dict_keys(['example_skip_dag']) retrieved from /home/airflow/.local/lib/python3.8/site-packages/airflow/example_dags/example_skip_dag.py
[2023-11-08T22:11:49.704+0000] {logging_mixin.py:154} INFO - [2023-11-08T22:11:49.704+0000] {dag.py:2941} INFO - Sync 1 DAGs
[2023-11-08T22:11:49.722+0000] {logging_mixin.py:154} INFO - [2023-11-08T22:11:49.722+0000] {dag.py:3722} INFO - Setting next_dagrun for example_skip_dag to 2023-11-07T22:11:49.722114+00:00, run_after=2023-11-08T22:11:49.722114+00:00
[2023-11-08T22:11:49.737+0000] {processor.py:179} INFO - Processing /home/airflow/.local/lib/python3.8/site-packages/airflow/example_dags/example_skip_dag.py took 0.049 seconds
[2023-11-08T22:12:19.825+0000] {processor.py:157} INFO - Started process (PID=94) to work on /home/airflow/.local/lib/python3.8/site-packages/airflow/example_dags/example_skip_dag.py
[2023-11-08T22:12:19.826+0000] {processor.py:829} INFO - Processing file /home/airflow/.local/lib/python3.8/site-packages/airflow/example_dags/example_skip_dag.py for tasks to queue
[2023-11-08T22:12:19.827+0000] {logging_mixin.py:154} INFO - [2023-11-08T22:12:19.827+0000] {dagbag.py:536} INFO - Filling up the DagBag from /home/airflow/.local/lib/python3.8/site-packages/airflow/example_dags/example_skip_dag.py
[2023-11-08T22:12:19.831+0000] {processor.py:839} INFO - DAG(s) dict_keys(['example_skip_dag']) retrieved from /home/airflow/.local/lib/python3.8/site-packages/airflow/example_dags/example_skip_dag.py
[2023-11-08T22:12:19.842+0000] {logging_mixin.py:154} INFO - [2023-11-08T22:12:19.842+0000] {dag.py:2941} INFO - Sync 1 DAGs
[2023-11-08T22:12:19.854+0000] {logging_mixin.py:154} INFO - [2023-11-08T22:12:19.854+0000] {dag.py:3722} INFO - Setting next_dagrun for example_skip_dag to 2023-11-07T22:12:19.854526+00:00, run_after=2023-11-08T22:12:19.854526+00:00
[2023-11-08T22:12:19.865+0000] {processor.py:179} INFO - Processing /home/airflow/.local/lib/python3.8/site-packages/airflow/example_dags/example_skip_dag.py took 0.041 seconds
[2023-11-08T22:12:49.974+0000] {processor.py:157} INFO - Started process (PID=148) to work on /home/airflow/.local/lib/python3.8/site-packages/airflow/example_dags/example_skip_dag.py
[2023-11-08T22:12:49.974+0000] {processor.py:829} INFO - Processing file /home/airflow/.local/lib/python3.8/site-packages/airflow/example_dags/example_skip_dag.py for tasks to queue
[2023-11-08T22:12:49.975+0000] {logging_mixin.py:154} INFO - [2023-11-08T22:12:49.975+0000] {dagbag.py:536} INFO - Filling up the DagBag from /home/airflow/.local/lib/python3.8/site-packages/airflow/example_dags/example_skip_dag.py
[2023-11-08T22:12:49.979+0000] {processor.py:839} INFO - DAG(s) dict_keys(['example_skip_dag']) retrieved from /home/airflow/.local/lib/python3.8/site-packages/airflow/example_dags/example_skip_dag.py
[2023-11-08T22:12:49.991+0000] {logging_mixin.py:154} INFO - [2023-11-08T22:12:49.991+0000] {dag.py:2941} INFO - Sync 1 DAGs
[2023-11-08T22:12:50.003+0000] {logging_mixin.py:154} INFO - [2023-11-08T22:12:50.003+0000] {dag.py:3722} INFO - Setting next_dagrun for example_skip_dag to 2023-11-07T22:12:50.003481+00:00, run_after=2023-11-08T22:12:50.003481+00:00
[2023-11-08T22:12:50.015+0000] {processor.py:179} INFO - Processing /home/airflow/.local/lib/python3.8/site-packages/airflow/example_dags/example_skip_dag.py took 0.043 seconds
[2023-11-08T22:13:20.591+0000] {processor.py:157} INFO - Started process (PID=202) to work on /home/airflow/.local/lib/python3.8/site-packages/airflow/example_dags/example_skip_dag.py
[2023-11-08T22:13:20.591+0000] {processor.py:829} INFO - Processing file /home/airflow/.local/lib/python3.8/site-packages/airflow/example_dags/example_skip_dag.py for tasks to queue
[2023-11-08T22:13:20.593+0000] {logging_mixin.py:154} INFO - [2023-11-08T22:13:20.593+0000] {dagbag.py:536} INFO - Filling up the DagBag from /home/airflow/.local/lib/python3.8/site-packages/airflow/example_dags/example_skip_dag.py
[2023-11-08T22:13:20.596+0000] {processor.py:839} INFO - DAG(s) dict_keys(['example_skip_dag']) retrieved from /home/airflow/.local/lib/python3.8/site-packages/airflow/example_dags/example_skip_dag.py
[2023-11-08T22:13:20.609+0000] {logging_mixin.py:154} INFO - [2023-11-08T22:13:20.609+0000] {dag.py:2941} INFO - Sync 1 DAGs
[2023-11-08T22:13:20.622+0000] {logging_mixin.py:154} INFO - [2023-11-08T22:13:20.622+0000] {dag.py:3722} INFO - Setting next_dagrun for example_skip_dag to 2023-11-07T22:13:20.622469+00:00, run_after=2023-11-08T22:13:20.622469+00:00
[2023-11-08T22:13:20.633+0000] {processor.py:179} INFO - Processing /home/airflow/.local/lib/python3.8/site-packages/airflow/example_dags/example_skip_dag.py took 0.044 seconds
[2023-11-08T22:13:51.158+0000] {processor.py:157} INFO - Started process (PID=256) to work on /home/airflow/.local/lib/python3.8/site-packages/airflow/example_dags/example_skip_dag.py
[2023-11-08T22:13:51.158+0000] {processor.py:829} INFO - Processing file /home/airflow/.local/lib/python3.8/site-packages/airflow/example_dags/example_skip_dag.py for tasks to queue
[2023-11-08T22:13:51.159+0000] {logging_mixin.py:154} INFO - [2023-11-08T22:13:51.159+0000] {dagbag.py:536} INFO - Filling up the DagBag from /home/airflow/.local/lib/python3.8/site-packages/airflow/example_dags/example_skip_dag.py
[2023-11-08T22:13:51.163+0000] {processor.py:839} INFO - DAG(s) dict_keys(['example_skip_dag']) retrieved from /home/airflow/.local/lib/python3.8/site-packages/airflow/example_dags/example_skip_dag.py
[2023-11-08T22:13:51.175+0000] {logging_mixin.py:154} INFO - [2023-11-08T22:13:51.175+0000] {dag.py:2941} INFO - Sync 1 DAGs
[2023-11-08T22:13:51.187+0000] {logging_mixin.py:154} INFO - [2023-11-08T22:13:51.187+0000] {dag.py:3722} INFO - Setting next_dagrun for example_skip_dag to 2023-11-07T22:13:51.186856+00:00, run_after=2023-11-08T22:13:51.186856+00:00
[2023-11-08T22:13:51.197+0000] {processor.py:179} INFO - Processing /home/airflow/.local/lib/python3.8/site-packages/airflow/example_dags/example_skip_dag.py took 0.041 seconds
[2023-11-08T22:14:21.889+0000] {processor.py:157} INFO - Started process (PID=310) to work on /home/airflow/.local/lib/python3.8/site-packages/airflow/example_dags/example_skip_dag.py
[2023-11-08T22:14:21.890+0000] {processor.py:829} INFO - Processing file /home/airflow/.local/lib/python3.8/site-packages/airflow/example_dags/example_skip_dag.py for tasks to queue
[2023-11-08T22:14:21.891+0000] {logging_mixin.py:154} INFO - [2023-11-08T22:14:21.891+0000] {dagbag.py:536} INFO - Filling up the DagBag from /home/airflow/.local/lib/python3.8/site-packages/airflow/example_dags/example_skip_dag.py
[2023-11-08T22:14:21.894+0000] {processor.py:839} INFO - DAG(s) dict_keys(['example_skip_dag']) retrieved from /home/airflow/.local/lib/python3.8/site-packages/airflow/example_dags/example_skip_dag.py
[2023-11-08T22:14:21.906+0000] {logging_mixin.py:154} INFO - [2023-11-08T22:14:21.906+0000] {dag.py:2941} INFO - Sync 1 DAGs
[2023-11-08T22:14:21.919+0000] {logging_mixin.py:154} INFO - [2023-11-08T22:14:21.918+0000] {dag.py:3722} INFO - Setting next_dagrun for example_skip_dag to 2023-11-07T22:14:21.918831+00:00, run_after=2023-11-08T22:14:21.918831+00:00
[2023-11-08T22:14:21.929+0000] {processor.py:179} INFO - Processing /home/airflow/.local/lib/python3.8/site-packages/airflow/example_dags/example_skip_dag.py took 0.042 seconds
[2023-11-08T22:14:52.466+0000] {processor.py:157} INFO - Started process (PID=364) to work on /home/airflow/.local/lib/python3.8/site-packages/airflow/example_dags/example_skip_dag.py
[2023-11-08T22:14:52.467+0000] {processor.py:829} INFO - Processing file /home/airflow/.local/lib/python3.8/site-packages/airflow/example_dags/example_skip_dag.py for tasks to queue
[2023-11-08T22:14:52.468+0000] {logging_mixin.py:154} INFO - [2023-11-08T22:14:52.468+0000] {dagbag.py:536} INFO - Filling up the DagBag from /home/airflow/.local/lib/python3.8/site-packages/airflow/example_dags/example_skip_dag.py
[2023-11-08T22:14:52.471+0000] {processor.py:839} INFO - DAG(s) dict_keys(['example_skip_dag']) retrieved from /home/airflow/.local/lib/python3.8/site-packages/airflow/example_dags/example_skip_dag.py
[2023-11-08T22:14:52.484+0000] {logging_mixin.py:154} INFO - [2023-11-08T22:14:52.484+0000] {dag.py:2941} INFO - Sync 1 DAGs
[2023-11-08T22:14:52.497+0000] {logging_mixin.py:154} INFO - [2023-11-08T22:14:52.497+0000] {dag.py:3722} INFO - Setting next_dagrun for example_skip_dag to 2023-11-07T22:14:52.496937+00:00, run_after=2023-11-08T22:14:52.496937+00:00
[2023-11-08T22:14:52.506+0000] {processor.py:179} INFO - Processing /home/airflow/.local/lib/python3.8/site-packages/airflow/example_dags/example_skip_dag.py took 0.042 seconds
[2023-11-08T22:15:23.199+0000] {processor.py:157} INFO - Started process (PID=419) to work on /home/airflow/.local/lib/python3.8/site-packages/airflow/example_dags/example_skip_dag.py
[2023-11-08T22:15:23.200+0000] {processor.py:829} INFO - Processing file /home/airflow/.local/lib/python3.8/site-packages/airflow/example_dags/example_skip_dag.py for tasks to queue
[2023-11-08T22:15:23.201+0000] {logging_mixin.py:154} INFO - [2023-11-08T22:15:23.200+0000] {dagbag.py:536} INFO - Filling up the DagBag from /home/airflow/.local/lib/python3.8/site-packages/airflow/example_dags/example_skip_dag.py
[2023-11-08T22:15:23.204+0000] {processor.py:839} INFO - DAG(s) dict_keys(['example_skip_dag']) retrieved from /home/airflow/.local/lib/python3.8/site-packages/airflow/example_dags/example_skip_dag.py
[2023-11-08T22:15:23.217+0000] {logging_mixin.py:154} INFO - [2023-11-08T22:15:23.217+0000] {dag.py:2941} INFO - Sync 1 DAGs
[2023-11-08T22:15:23.229+0000] {logging_mixin.py:154} INFO - [2023-11-08T22:15:23.229+0000] {dag.py:3722} INFO - Setting next_dagrun for example_skip_dag to 2023-11-07T22:15:23.229230+00:00, run_after=2023-11-08T22:15:23.229230+00:00
[2023-11-08T22:15:23.240+0000] {processor.py:179} INFO - Processing /home/airflow/.local/lib/python3.8/site-packages/airflow/example_dags/example_skip_dag.py took 0.042 seconds
[2023-11-08T22:15:53.845+0000] {processor.py:157} INFO - Started process (PID=473) to work on /home/airflow/.local/lib/python3.8/site-packages/airflow/example_dags/example_skip_dag.py
[2023-11-08T22:15:53.845+0000] {processor.py:829} INFO - Processing file /home/airflow/.local/lib/python3.8/site-packages/airflow/example_dags/example_skip_dag.py for tasks to queue
[2023-11-08T22:15:53.846+0000] {logging_mixin.py:154} INFO - [2023-11-08T22:15:53.846+0000] {dagbag.py:536} INFO - Filling up the DagBag from /home/airflow/.local/lib/python3.8/site-packages/airflow/example_dags/example_skip_dag.py
[2023-11-08T22:15:53.850+0000] {processor.py:839} INFO - DAG(s) dict_keys(['example_skip_dag']) retrieved from /home/airflow/.local/lib/python3.8/site-packages/airflow/example_dags/example_skip_dag.py
[2023-11-08T22:15:53.863+0000] {logging_mixin.py:154} INFO - [2023-11-08T22:15:53.863+0000] {dag.py:2941} INFO - Sync 1 DAGs
[2023-11-08T22:15:53.876+0000] {logging_mixin.py:154} INFO - [2023-11-08T22:15:53.876+0000] {dag.py:3722} INFO - Setting next_dagrun for example_skip_dag to 2023-11-07T22:15:53.876358+00:00, run_after=2023-11-08T22:15:53.876358+00:00
[2023-11-08T22:15:53.886+0000] {processor.py:179} INFO - Processing /home/airflow/.local/lib/python3.8/site-packages/airflow/example_dags/example_skip_dag.py took 0.043 seconds
[2023-11-08T22:16:24.456+0000] {processor.py:157} INFO - Started process (PID=526) to work on /home/airflow/.local/lib/python3.8/site-packages/airflow/example_dags/example_skip_dag.py
[2023-11-08T22:16:24.457+0000] {processor.py:829} INFO - Processing file /home/airflow/.local/lib/python3.8/site-packages/airflow/example_dags/example_skip_dag.py for tasks to queue
[2023-11-08T22:16:24.458+0000] {logging_mixin.py:154} INFO - [2023-11-08T22:16:24.458+0000] {dagbag.py:536} INFO - Filling up the DagBag from /home/airflow/.local/lib/python3.8/site-packages/airflow/example_dags/example_skip_dag.py
[2023-11-08T22:16:24.462+0000] {processor.py:839} INFO - DAG(s) dict_keys(['example_skip_dag']) retrieved from /home/airflow/.local/lib/python3.8/site-packages/airflow/example_dags/example_skip_dag.py
[2023-11-08T22:16:24.475+0000] {logging_mixin.py:154} INFO - [2023-11-08T22:16:24.475+0000] {dag.py:2941} INFO - Sync 1 DAGs
[2023-11-08T22:16:24.489+0000] {logging_mixin.py:154} INFO - [2023-11-08T22:16:24.489+0000] {dag.py:3722} INFO - Setting next_dagrun for example_skip_dag to 2023-11-07T22:16:24.489049+00:00, run_after=2023-11-08T22:16:24.489049+00:00
[2023-11-08T22:16:24.499+0000] {processor.py:179} INFO - Processing /home/airflow/.local/lib/python3.8/site-packages/airflow/example_dags/example_skip_dag.py took 0.046 seconds
[2023-11-08T22:16:55.183+0000] {processor.py:157} INFO - Started process (PID=580) to work on /home/airflow/.local/lib/python3.8/site-packages/airflow/example_dags/example_skip_dag.py
[2023-11-08T22:16:55.184+0000] {processor.py:829} INFO - Processing file /home/airflow/.local/lib/python3.8/site-packages/airflow/example_dags/example_skip_dag.py for tasks to queue
[2023-11-08T22:16:55.185+0000] {logging_mixin.py:154} INFO - [2023-11-08T22:16:55.185+0000] {dagbag.py:536} INFO - Filling up the DagBag from /home/airflow/.local/lib/python3.8/site-packages/airflow/example_dags/example_skip_dag.py
[2023-11-08T22:16:55.189+0000] {processor.py:839} INFO - DAG(s) dict_keys(['example_skip_dag']) retrieved from /home/airflow/.local/lib/python3.8/site-packages/airflow/example_dags/example_skip_dag.py
[2023-11-08T22:16:55.207+0000] {logging_mixin.py:154} INFO - [2023-11-08T22:16:55.207+0000] {dag.py:2941} INFO - Sync 1 DAGs
[2023-11-08T22:16:55.223+0000] {logging_mixin.py:154} INFO - [2023-11-08T22:16:55.223+0000] {dag.py:3722} INFO - Setting next_dagrun for example_skip_dag to 2023-11-07T22:16:55.223725+00:00, run_after=2023-11-08T22:16:55.223725+00:00
[2023-11-08T22:16:55.233+0000] {processor.py:179} INFO - Processing /home/airflow/.local/lib/python3.8/site-packages/airflow/example_dags/example_skip_dag.py took 0.052 seconds
[2023-11-08T22:17:25.736+0000] {processor.py:157} INFO - Started process (PID=635) to work on /home/airflow/.local/lib/python3.8/site-packages/airflow/example_dags/example_skip_dag.py
[2023-11-08T22:17:25.737+0000] {processor.py:829} INFO - Processing file /home/airflow/.local/lib/python3.8/site-packages/airflow/example_dags/example_skip_dag.py for tasks to queue
[2023-11-08T22:17:25.738+0000] {logging_mixin.py:154} INFO - [2023-11-08T22:17:25.738+0000] {dagbag.py:536} INFO - Filling up the DagBag from /home/airflow/.local/lib/python3.8/site-packages/airflow/example_dags/example_skip_dag.py
[2023-11-08T22:17:25.742+0000] {processor.py:839} INFO - DAG(s) dict_keys(['example_skip_dag']) retrieved from /home/airflow/.local/lib/python3.8/site-packages/airflow/example_dags/example_skip_dag.py
[2023-11-08T22:17:25.755+0000] {logging_mixin.py:154} INFO - [2023-11-08T22:17:25.754+0000] {dag.py:2941} INFO - Sync 1 DAGs
[2023-11-08T22:17:25.768+0000] {logging_mixin.py:154} INFO - [2023-11-08T22:17:25.768+0000] {dag.py:3722} INFO - Setting next_dagrun for example_skip_dag to 2023-11-07T22:17:25.768195+00:00, run_after=2023-11-08T22:17:25.768195+00:00
[2023-11-08T22:17:25.779+0000] {processor.py:179} INFO - Processing /home/airflow/.local/lib/python3.8/site-packages/airflow/example_dags/example_skip_dag.py took 0.044 seconds
[2023-11-08T22:17:56.496+0000] {processor.py:157} INFO - Started process (PID=689) to work on /home/airflow/.local/lib/python3.8/site-packages/airflow/example_dags/example_skip_dag.py
[2023-11-08T22:17:56.497+0000] {processor.py:829} INFO - Processing file /home/airflow/.local/lib/python3.8/site-packages/airflow/example_dags/example_skip_dag.py for tasks to queue
[2023-11-08T22:17:56.498+0000] {logging_mixin.py:154} INFO - [2023-11-08T22:17:56.498+0000] {dagbag.py:536} INFO - Filling up the DagBag from /home/airflow/.local/lib/python3.8/site-packages/airflow/example_dags/example_skip_dag.py
[2023-11-08T22:17:56.502+0000] {processor.py:839} INFO - DAG(s) dict_keys(['example_skip_dag']) retrieved from /home/airflow/.local/lib/python3.8/site-packages/airflow/example_dags/example_skip_dag.py
[2023-11-08T22:17:56.515+0000] {logging_mixin.py:154} INFO - [2023-11-08T22:17:56.515+0000] {dag.py:2941} INFO - Sync 1 DAGs
[2023-11-08T22:17:56.532+0000] {logging_mixin.py:154} INFO - [2023-11-08T22:17:56.532+0000] {dag.py:3722} INFO - Setting next_dagrun for example_skip_dag to 2023-11-07T22:17:56.532023+00:00, run_after=2023-11-08T22:17:56.532023+00:00
[2023-11-08T22:17:56.542+0000] {processor.py:179} INFO - Processing /home/airflow/.local/lib/python3.8/site-packages/airflow/example_dags/example_skip_dag.py took 0.047 seconds
[2023-11-08T22:18:27.182+0000] {processor.py:157} INFO - Started process (PID=744) to work on /home/airflow/.local/lib/python3.8/site-packages/airflow/example_dags/example_skip_dag.py
[2023-11-08T22:18:27.183+0000] {processor.py:829} INFO - Processing file /home/airflow/.local/lib/python3.8/site-packages/airflow/example_dags/example_skip_dag.py for tasks to queue
[2023-11-08T22:18:27.184+0000] {logging_mixin.py:154} INFO - [2023-11-08T22:18:27.184+0000] {dagbag.py:536} INFO - Filling up the DagBag from /home/airflow/.local/lib/python3.8/site-packages/airflow/example_dags/example_skip_dag.py
[2023-11-08T22:18:27.187+0000] {processor.py:839} INFO - DAG(s) dict_keys(['example_skip_dag']) retrieved from /home/airflow/.local/lib/python3.8/site-packages/airflow/example_dags/example_skip_dag.py
[2023-11-08T22:18:27.200+0000] {logging_mixin.py:154} INFO - [2023-11-08T22:18:27.200+0000] {dag.py:2941} INFO - Sync 1 DAGs
[2023-11-08T22:18:27.213+0000] {logging_mixin.py:154} INFO - [2023-11-08T22:18:27.213+0000] {dag.py:3722} INFO - Setting next_dagrun for example_skip_dag to 2023-11-07T22:18:27.213523+00:00, run_after=2023-11-08T22:18:27.213523+00:00
[2023-11-08T22:18:27.225+0000] {processor.py:179} INFO - Processing /home/airflow/.local/lib/python3.8/site-packages/airflow/example_dags/example_skip_dag.py took 0.045 seconds
[2023-11-08T22:18:57.261+0000] {processor.py:157} INFO - Started process (PID=798) to work on /home/airflow/.local/lib/python3.8/site-packages/airflow/example_dags/example_skip_dag.py
[2023-11-08T22:18:57.262+0000] {processor.py:829} INFO - Processing file /home/airflow/.local/lib/python3.8/site-packages/airflow/example_dags/example_skip_dag.py for tasks to queue
[2023-11-08T22:18:57.263+0000] {logging_mixin.py:154} INFO - [2023-11-08T22:18:57.263+0000] {dagbag.py:536} INFO - Filling up the DagBag from /home/airflow/.local/lib/python3.8/site-packages/airflow/example_dags/example_skip_dag.py
[2023-11-08T22:18:57.267+0000] {processor.py:839} INFO - DAG(s) dict_keys(['example_skip_dag']) retrieved from /home/airflow/.local/lib/python3.8/site-packages/airflow/example_dags/example_skip_dag.py
[2023-11-08T22:18:57.280+0000] {logging_mixin.py:154} INFO - [2023-11-08T22:18:57.280+0000] {dag.py:2941} INFO - Sync 1 DAGs
[2023-11-08T22:18:57.293+0000] {logging_mixin.py:154} INFO - [2023-11-08T22:18:57.293+0000] {dag.py:3722} INFO - Setting next_dagrun for example_skip_dag to 2023-11-07T22:18:57.293354+00:00, run_after=2023-11-08T22:18:57.293354+00:00
[2023-11-08T22:18:57.306+0000] {processor.py:179} INFO - Processing /home/airflow/.local/lib/python3.8/site-packages/airflow/example_dags/example_skip_dag.py took 0.047 seconds
[2023-11-08T22:19:27.403+0000] {processor.py:157} INFO - Started process (PID=852) to work on /home/airflow/.local/lib/python3.8/site-packages/airflow/example_dags/example_skip_dag.py
[2023-11-08T22:19:27.403+0000] {processor.py:829} INFO - Processing file /home/airflow/.local/lib/python3.8/site-packages/airflow/example_dags/example_skip_dag.py for tasks to queue
[2023-11-08T22:19:27.405+0000] {logging_mixin.py:154} INFO - [2023-11-08T22:19:27.404+0000] {dagbag.py:536} INFO - Filling up the DagBag from /home/airflow/.local/lib/python3.8/site-packages/airflow/example_dags/example_skip_dag.py
[2023-11-08T22:19:27.410+0000] {processor.py:839} INFO - DAG(s) dict_keys(['example_skip_dag']) retrieved from /home/airflow/.local/lib/python3.8/site-packages/airflow/example_dags/example_skip_dag.py
[2023-11-08T22:19:27.430+0000] {logging_mixin.py:154} INFO - [2023-11-08T22:19:27.430+0000] {dag.py:2941} INFO - Sync 1 DAGs
[2023-11-08T22:19:27.452+0000] {logging_mixin.py:154} INFO - [2023-11-08T22:19:27.451+0000] {dag.py:3722} INFO - Setting next_dagrun for example_skip_dag to 2023-11-07T22:19:27.451663+00:00, run_after=2023-11-08T22:19:27.451663+00:00
[2023-11-08T22:19:27.467+0000] {processor.py:179} INFO - Processing /home/airflow/.local/lib/python3.8/site-packages/airflow/example_dags/example_skip_dag.py took 0.067 seconds
[2023-11-08T22:19:58.298+0000] {processor.py:157} INFO - Started process (PID=906) to work on /home/airflow/.local/lib/python3.8/site-packages/airflow/example_dags/example_skip_dag.py
[2023-11-08T22:19:58.299+0000] {processor.py:829} INFO - Processing file /home/airflow/.local/lib/python3.8/site-packages/airflow/example_dags/example_skip_dag.py for tasks to queue
[2023-11-08T22:19:58.300+0000] {logging_mixin.py:154} INFO - [2023-11-08T22:19:58.300+0000] {dagbag.py:536} INFO - Filling up the DagBag from /home/airflow/.local/lib/python3.8/site-packages/airflow/example_dags/example_skip_dag.py
[2023-11-08T22:19:58.304+0000] {processor.py:839} INFO - DAG(s) dict_keys(['example_skip_dag']) retrieved from /home/airflow/.local/lib/python3.8/site-packages/airflow/example_dags/example_skip_dag.py
[2023-11-08T22:19:58.317+0000] {logging_mixin.py:154} INFO - [2023-11-08T22:19:58.317+0000] {dag.py:2941} INFO - Sync 1 DAGs
[2023-11-08T22:19:58.330+0000] {logging_mixin.py:154} INFO - [2023-11-08T22:19:58.330+0000] {dag.py:3722} INFO - Setting next_dagrun for example_skip_dag to 2023-11-07T22:19:58.330259+00:00, run_after=2023-11-08T22:19:58.330259+00:00
[2023-11-08T22:19:58.342+0000] {processor.py:179} INFO - Processing /home/airflow/.local/lib/python3.8/site-packages/airflow/example_dags/example_skip_dag.py took 0.046 seconds
[2023-11-08T22:20:28.557+0000] {processor.py:157} INFO - Started process (PID=960) to work on /home/airflow/.local/lib/python3.8/site-packages/airflow/example_dags/example_skip_dag.py
[2023-11-08T22:20:28.558+0000] {processor.py:829} INFO - Processing file /home/airflow/.local/lib/python3.8/site-packages/airflow/example_dags/example_skip_dag.py for tasks to queue
[2023-11-08T22:20:28.559+0000] {logging_mixin.py:154} INFO - [2023-11-08T22:20:28.559+0000] {dagbag.py:536} INFO - Filling up the DagBag from /home/airflow/.local/lib/python3.8/site-packages/airflow/example_dags/example_skip_dag.py
[2023-11-08T22:20:28.563+0000] {processor.py:839} INFO - DAG(s) dict_keys(['example_skip_dag']) retrieved from /home/airflow/.local/lib/python3.8/site-packages/airflow/example_dags/example_skip_dag.py
[2023-11-08T22:20:28.575+0000] {logging_mixin.py:154} INFO - [2023-11-08T22:20:28.575+0000] {dag.py:2941} INFO - Sync 1 DAGs
[2023-11-08T22:20:28.588+0000] {logging_mixin.py:154} INFO - [2023-11-08T22:20:28.588+0000] {dag.py:3722} INFO - Setting next_dagrun for example_skip_dag to 2023-11-07T22:20:28.588581+00:00, run_after=2023-11-08T22:20:28.588581+00:00
[2023-11-08T22:20:28.599+0000] {processor.py:179} INFO - Processing /home/airflow/.local/lib/python3.8/site-packages/airflow/example_dags/example_skip_dag.py took 0.044 seconds
[2023-11-08T22:20:59.534+0000] {processor.py:157} INFO - Started process (PID=1014) to work on /home/airflow/.local/lib/python3.8/site-packages/airflow/example_dags/example_skip_dag.py
[2023-11-08T22:20:59.535+0000] {processor.py:829} INFO - Processing file /home/airflow/.local/lib/python3.8/site-packages/airflow/example_dags/example_skip_dag.py for tasks to queue
[2023-11-08T22:20:59.536+0000] {logging_mixin.py:154} INFO - [2023-11-08T22:20:59.536+0000] {dagbag.py:536} INFO - Filling up the DagBag from /home/airflow/.local/lib/python3.8/site-packages/airflow/example_dags/example_skip_dag.py
[2023-11-08T22:20:59.541+0000] {processor.py:839} INFO - DAG(s) dict_keys(['example_skip_dag']) retrieved from /home/airflow/.local/lib/python3.8/site-packages/airflow/example_dags/example_skip_dag.py
[2023-11-08T22:20:59.558+0000] {logging_mixin.py:154} INFO - [2023-11-08T22:20:59.558+0000] {dag.py:2941} INFO - Sync 1 DAGs
[2023-11-08T22:20:59.574+0000] {logging_mixin.py:154} INFO - [2023-11-08T22:20:59.574+0000] {dag.py:3722} INFO - Setting next_dagrun for example_skip_dag to 2023-11-07T22:20:59.574067+00:00, run_after=2023-11-08T22:20:59.574067+00:00
[2023-11-08T22:20:59.586+0000] {processor.py:179} INFO - Processing /home/airflow/.local/lib/python3.8/site-packages/airflow/example_dags/example_skip_dag.py took 0.054 seconds
[2023-11-08T22:21:29.858+0000] {processor.py:157} INFO - Started process (PID=1067) to work on /home/airflow/.local/lib/python3.8/site-packages/airflow/example_dags/example_skip_dag.py
[2023-11-08T22:21:29.858+0000] {processor.py:829} INFO - Processing file /home/airflow/.local/lib/python3.8/site-packages/airflow/example_dags/example_skip_dag.py for tasks to queue
[2023-11-08T22:21:29.859+0000] {logging_mixin.py:154} INFO - [2023-11-08T22:21:29.859+0000] {dagbag.py:536} INFO - Filling up the DagBag from /home/airflow/.local/lib/python3.8/site-packages/airflow/example_dags/example_skip_dag.py
[2023-11-08T22:21:29.863+0000] {processor.py:839} INFO - DAG(s) dict_keys(['example_skip_dag']) retrieved from /home/airflow/.local/lib/python3.8/site-packages/airflow/example_dags/example_skip_dag.py
[2023-11-08T22:21:29.877+0000] {logging_mixin.py:154} INFO - [2023-11-08T22:21:29.877+0000] {dag.py:2941} INFO - Sync 1 DAGs
[2023-11-08T22:21:29.890+0000] {logging_mixin.py:154} INFO - [2023-11-08T22:21:29.890+0000] {dag.py:3722} INFO - Setting next_dagrun for example_skip_dag to 2023-11-07T22:21:29.890337+00:00, run_after=2023-11-08T22:21:29.890337+00:00
[2023-11-08T22:21:29.996+0000] {processor.py:179} INFO - Processing /home/airflow/.local/lib/python3.8/site-packages/airflow/example_dags/example_skip_dag.py took 0.141 seconds
[2023-11-08T22:22:00.619+0000] {processor.py:157} INFO - Started process (PID=1121) to work on /home/airflow/.local/lib/python3.8/site-packages/airflow/example_dags/example_skip_dag.py
[2023-11-08T22:22:00.620+0000] {processor.py:829} INFO - Processing file /home/airflow/.local/lib/python3.8/site-packages/airflow/example_dags/example_skip_dag.py for tasks to queue
[2023-11-08T22:22:00.621+0000] {logging_mixin.py:154} INFO - [2023-11-08T22:22:00.621+0000] {dagbag.py:536} INFO - Filling up the DagBag from /home/airflow/.local/lib/python3.8/site-packages/airflow/example_dags/example_skip_dag.py
[2023-11-08T22:22:00.625+0000] {processor.py:839} INFO - DAG(s) dict_keys(['example_skip_dag']) retrieved from /home/airflow/.local/lib/python3.8/site-packages/airflow/example_dags/example_skip_dag.py
[2023-11-08T22:22:00.638+0000] {logging_mixin.py:154} INFO - [2023-11-08T22:22:00.638+0000] {dag.py:2941} INFO - Sync 1 DAGs
[2023-11-08T22:22:00.651+0000] {logging_mixin.py:154} INFO - [2023-11-08T22:22:00.650+0000] {dag.py:3722} INFO - Setting next_dagrun for example_skip_dag to 2023-11-07T22:22:00.650805+00:00, run_after=2023-11-08T22:22:00.650805+00:00
[2023-11-08T22:22:00.662+0000] {processor.py:179} INFO - Processing /home/airflow/.local/lib/python3.8/site-packages/airflow/example_dags/example_skip_dag.py took 0.045 seconds
[2023-11-08T22:22:30.897+0000] {processor.py:157} INFO - Started process (PID=1174) to work on /home/airflow/.local/lib/python3.8/site-packages/airflow/example_dags/example_skip_dag.py
[2023-11-08T22:22:30.898+0000] {processor.py:829} INFO - Processing file /home/airflow/.local/lib/python3.8/site-packages/airflow/example_dags/example_skip_dag.py for tasks to queue
[2023-11-08T22:22:30.899+0000] {logging_mixin.py:154} INFO - [2023-11-08T22:22:30.899+0000] {dagbag.py:536} INFO - Filling up the DagBag from /home/airflow/.local/lib/python3.8/site-packages/airflow/example_dags/example_skip_dag.py
[2023-11-08T22:22:30.903+0000] {processor.py:839} INFO - DAG(s) dict_keys(['example_skip_dag']) retrieved from /home/airflow/.local/lib/python3.8/site-packages/airflow/example_dags/example_skip_dag.py
[2023-11-08T22:22:30.916+0000] {logging_mixin.py:154} INFO - [2023-11-08T22:22:30.916+0000] {dag.py:2941} INFO - Sync 1 DAGs
[2023-11-08T22:22:30.929+0000] {logging_mixin.py:154} INFO - [2023-11-08T22:22:30.929+0000] {dag.py:3722} INFO - Setting next_dagrun for example_skip_dag to 2023-11-07T22:22:30.929481+00:00, run_after=2023-11-08T22:22:30.929481+00:00
[2023-11-08T22:22:30.940+0000] {processor.py:179} INFO - Processing /home/airflow/.local/lib/python3.8/site-packages/airflow/example_dags/example_skip_dag.py took 0.045 seconds
[2023-11-08T22:23:02.029+0000] {processor.py:157} INFO - Started process (PID=1227) to work on /home/airflow/.local/lib/python3.8/site-packages/airflow/example_dags/example_skip_dag.py
[2023-11-08T22:23:02.029+0000] {processor.py:829} INFO - Processing file /home/airflow/.local/lib/python3.8/site-packages/airflow/example_dags/example_skip_dag.py for tasks to queue
[2023-11-08T22:23:02.031+0000] {logging_mixin.py:154} INFO - [2023-11-08T22:23:02.030+0000] {dagbag.py:536} INFO - Filling up the DagBag from /home/airflow/.local/lib/python3.8/site-packages/airflow/example_dags/example_skip_dag.py
[2023-11-08T22:23:02.034+0000] {processor.py:839} INFO - DAG(s) dict_keys(['example_skip_dag']) retrieved from /home/airflow/.local/lib/python3.8/site-packages/airflow/example_dags/example_skip_dag.py
[2023-11-08T22:23:02.047+0000] {logging_mixin.py:154} INFO - [2023-11-08T22:23:02.047+0000] {dag.py:2941} INFO - Sync 1 DAGs
[2023-11-08T22:23:02.153+0000] {logging_mixin.py:154} INFO - [2023-11-08T22:23:02.152+0000] {dag.py:3722} INFO - Setting next_dagrun for example_skip_dag to 2023-11-07T22:23:02.152811+00:00, run_after=2023-11-08T22:23:02.152811+00:00
[2023-11-08T22:23:02.170+0000] {processor.py:179} INFO - Processing /home/airflow/.local/lib/python3.8/site-packages/airflow/example_dags/example_skip_dag.py took 0.143 seconds
[2023-11-08T22:23:32.516+0000] {processor.py:157} INFO - Started process (PID=1281) to work on /home/airflow/.local/lib/python3.8/site-packages/airflow/example_dags/example_skip_dag.py
[2023-11-08T22:23:32.516+0000] {processor.py:829} INFO - Processing file /home/airflow/.local/lib/python3.8/site-packages/airflow/example_dags/example_skip_dag.py for tasks to queue
[2023-11-08T22:23:32.517+0000] {logging_mixin.py:154} INFO - [2023-11-08T22:23:32.517+0000] {dagbag.py:536} INFO - Filling up the DagBag from /home/airflow/.local/lib/python3.8/site-packages/airflow/example_dags/example_skip_dag.py
[2023-11-08T22:23:32.521+0000] {processor.py:839} INFO - DAG(s) dict_keys(['example_skip_dag']) retrieved from /home/airflow/.local/lib/python3.8/site-packages/airflow/example_dags/example_skip_dag.py
[2023-11-08T22:23:32.533+0000] {logging_mixin.py:154} INFO - [2023-11-08T22:23:32.533+0000] {dag.py:2941} INFO - Sync 1 DAGs
[2023-11-08T22:23:32.546+0000] {logging_mixin.py:154} INFO - [2023-11-08T22:23:32.545+0000] {dag.py:3722} INFO - Setting next_dagrun for example_skip_dag to 2023-11-07T22:23:32.545718+00:00, run_after=2023-11-08T22:23:32.545718+00:00
[2023-11-08T22:23:32.556+0000] {processor.py:179} INFO - Processing /home/airflow/.local/lib/python3.8/site-packages/airflow/example_dags/example_skip_dag.py took 0.042 seconds
[2023-11-08T22:24:02.965+0000] {processor.py:157} INFO - Started process (PID=1335) to work on /home/airflow/.local/lib/python3.8/site-packages/airflow/example_dags/example_skip_dag.py
[2023-11-08T22:24:02.965+0000] {processor.py:829} INFO - Processing file /home/airflow/.local/lib/python3.8/site-packages/airflow/example_dags/example_skip_dag.py for tasks to queue
[2023-11-08T22:24:02.966+0000] {logging_mixin.py:154} INFO - [2023-11-08T22:24:02.966+0000] {dagbag.py:536} INFO - Filling up the DagBag from /home/airflow/.local/lib/python3.8/site-packages/airflow/example_dags/example_skip_dag.py
[2023-11-08T22:24:02.970+0000] {processor.py:839} INFO - DAG(s) dict_keys(['example_skip_dag']) retrieved from /home/airflow/.local/lib/python3.8/site-packages/airflow/example_dags/example_skip_dag.py
[2023-11-08T22:24:02.982+0000] {logging_mixin.py:154} INFO - [2023-11-08T22:24:02.982+0000] {dag.py:2941} INFO - Sync 1 DAGs
[2023-11-08T22:24:02.995+0000] {logging_mixin.py:154} INFO - [2023-11-08T22:24:02.995+0000] {dag.py:3722} INFO - Setting next_dagrun for example_skip_dag to 2023-11-07T22:24:02.995607+00:00, run_after=2023-11-08T22:24:02.995607+00:00
[2023-11-08T22:24:03.006+0000] {processor.py:179} INFO - Processing /home/airflow/.local/lib/python3.8/site-packages/airflow/example_dags/example_skip_dag.py took 0.043 seconds
[2023-11-08T22:24:33.972+0000] {processor.py:157} INFO - Started process (PID=1389) to work on /home/airflow/.local/lib/python3.8/site-packages/airflow/example_dags/example_skip_dag.py
[2023-11-08T22:24:33.973+0000] {processor.py:829} INFO - Processing file /home/airflow/.local/lib/python3.8/site-packages/airflow/example_dags/example_skip_dag.py for tasks to queue
[2023-11-08T22:24:33.974+0000] {logging_mixin.py:154} INFO - [2023-11-08T22:24:33.973+0000] {dagbag.py:536} INFO - Filling up the DagBag from /home/airflow/.local/lib/python3.8/site-packages/airflow/example_dags/example_skip_dag.py
[2023-11-08T22:24:33.977+0000] {processor.py:839} INFO - DAG(s) dict_keys(['example_skip_dag']) retrieved from /home/airflow/.local/lib/python3.8/site-packages/airflow/example_dags/example_skip_dag.py
[2023-11-08T22:24:33.989+0000] {logging_mixin.py:154} INFO - [2023-11-08T22:24:33.989+0000] {dag.py:2941} INFO - Sync 1 DAGs
[2023-11-08T22:24:34.094+0000] {logging_mixin.py:154} INFO - [2023-11-08T22:24:34.094+0000] {dag.py:3722} INFO - Setting next_dagrun for example_skip_dag to 2023-11-07T22:24:34.094157+00:00, run_after=2023-11-08T22:24:34.094157+00:00
[2023-11-08T22:24:34.103+0000] {processor.py:179} INFO - Processing /home/airflow/.local/lib/python3.8/site-packages/airflow/example_dags/example_skip_dag.py took 0.133 seconds
[2023-11-08T22:25:04.714+0000] {processor.py:157} INFO - Started process (PID=1443) to work on /home/airflow/.local/lib/python3.8/site-packages/airflow/example_dags/example_skip_dag.py
[2023-11-08T22:25:04.714+0000] {processor.py:829} INFO - Processing file /home/airflow/.local/lib/python3.8/site-packages/airflow/example_dags/example_skip_dag.py for tasks to queue
[2023-11-08T22:25:04.715+0000] {logging_mixin.py:154} INFO - [2023-11-08T22:25:04.715+0000] {dagbag.py:536} INFO - Filling up the DagBag from /home/airflow/.local/lib/python3.8/site-packages/airflow/example_dags/example_skip_dag.py
[2023-11-08T22:25:04.719+0000] {processor.py:839} INFO - DAG(s) dict_keys(['example_skip_dag']) retrieved from /home/airflow/.local/lib/python3.8/site-packages/airflow/example_dags/example_skip_dag.py
[2023-11-08T22:25:04.732+0000] {logging_mixin.py:154} INFO - [2023-11-08T22:25:04.732+0000] {dag.py:2941} INFO - Sync 1 DAGs
[2023-11-08T22:25:04.744+0000] {logging_mixin.py:154} INFO - [2023-11-08T22:25:04.744+0000] {dag.py:3722} INFO - Setting next_dagrun for example_skip_dag to 2023-11-07T22:25:04.744539+00:00, run_after=2023-11-08T22:25:04.744539+00:00
[2023-11-08T22:25:04.755+0000] {processor.py:179} INFO - Processing /home/airflow/.local/lib/python3.8/site-packages/airflow/example_dags/example_skip_dag.py took 0.043 seconds
[2023-11-08T22:25:35.485+0000] {processor.py:157} INFO - Started process (PID=1497) to work on /home/airflow/.local/lib/python3.8/site-packages/airflow/example_dags/example_skip_dag.py
[2023-11-08T22:25:35.486+0000] {processor.py:829} INFO - Processing file /home/airflow/.local/lib/python3.8/site-packages/airflow/example_dags/example_skip_dag.py for tasks to queue
[2023-11-08T22:25:35.487+0000] {logging_mixin.py:154} INFO - [2023-11-08T22:25:35.487+0000] {dagbag.py:536} INFO - Filling up the DagBag from /home/airflow/.local/lib/python3.8/site-packages/airflow/example_dags/example_skip_dag.py
[2023-11-08T22:25:35.491+0000] {processor.py:839} INFO - DAG(s) dict_keys(['example_skip_dag']) retrieved from /home/airflow/.local/lib/python3.8/site-packages/airflow/example_dags/example_skip_dag.py
[2023-11-08T22:25:35.601+0000] {logging_mixin.py:154} INFO - [2023-11-08T22:25:35.601+0000] {dag.py:2941} INFO - Sync 1 DAGs
[2023-11-08T22:25:35.613+0000] {logging_mixin.py:154} INFO - [2023-11-08T22:25:35.613+0000] {dag.py:3722} INFO - Setting next_dagrun for example_skip_dag to 2023-11-07T22:25:35.613377+00:00, run_after=2023-11-08T22:25:35.613377+00:00
[2023-11-08T22:25:35.631+0000] {processor.py:179} INFO - Processing /home/airflow/.local/lib/python3.8/site-packages/airflow/example_dags/example_skip_dag.py took 0.148 seconds
[2023-11-08T22:26:06.589+0000] {processor.py:157} INFO - Started process (PID=1551) to work on /home/airflow/.local/lib/python3.8/site-packages/airflow/example_dags/example_skip_dag.py
[2023-11-08T22:26:06.589+0000] {processor.py:829} INFO - Processing file /home/airflow/.local/lib/python3.8/site-packages/airflow/example_dags/example_skip_dag.py for tasks to queue
[2023-11-08T22:26:06.591+0000] {logging_mixin.py:154} INFO - [2023-11-08T22:26:06.591+0000] {dagbag.py:536} INFO - Filling up the DagBag from /home/airflow/.local/lib/python3.8/site-packages/airflow/example_dags/example_skip_dag.py
[2023-11-08T22:26:06.595+0000] {processor.py:839} INFO - DAG(s) dict_keys(['example_skip_dag']) retrieved from /home/airflow/.local/lib/python3.8/site-packages/airflow/example_dags/example_skip_dag.py
[2023-11-08T22:26:06.607+0000] {logging_mixin.py:154} INFO - [2023-11-08T22:26:06.607+0000] {dag.py:2941} INFO - Sync 1 DAGs
[2023-11-08T22:26:06.620+0000] {logging_mixin.py:154} INFO - [2023-11-08T22:26:06.620+0000] {dag.py:3722} INFO - Setting next_dagrun for example_skip_dag to 2023-11-07T22:26:06.620095+00:00, run_after=2023-11-08T22:26:06.620095+00:00
[2023-11-08T22:26:06.630+0000] {processor.py:179} INFO - Processing /home/airflow/.local/lib/python3.8/site-packages/airflow/example_dags/example_skip_dag.py took 0.044 seconds
[2023-11-08T22:26:37.256+0000] {processor.py:157} INFO - Started process (PID=1605) to work on /home/airflow/.local/lib/python3.8/site-packages/airflow/example_dags/example_skip_dag.py
[2023-11-08T22:26:37.256+0000] {processor.py:829} INFO - Processing file /home/airflow/.local/lib/python3.8/site-packages/airflow/example_dags/example_skip_dag.py for tasks to queue
[2023-11-08T22:26:37.258+0000] {logging_mixin.py:154} INFO - [2023-11-08T22:26:37.258+0000] {dagbag.py:536} INFO - Filling up the DagBag from /home/airflow/.local/lib/python3.8/site-packages/airflow/example_dags/example_skip_dag.py
[2023-11-08T22:26:37.263+0000] {processor.py:839} INFO - DAG(s) dict_keys(['example_skip_dag']) retrieved from /home/airflow/.local/lib/python3.8/site-packages/airflow/example_dags/example_skip_dag.py
[2023-11-08T22:26:37.277+0000] {logging_mixin.py:154} INFO - [2023-11-08T22:26:37.277+0000] {dag.py:2941} INFO - Sync 1 DAGs
[2023-11-08T22:26:37.290+0000] {logging_mixin.py:154} INFO - [2023-11-08T22:26:37.290+0000] {dag.py:3722} INFO - Setting next_dagrun for example_skip_dag to 2023-11-07T22:26:37.290140+00:00, run_after=2023-11-08T22:26:37.290140+00:00
[2023-11-08T22:26:37.300+0000] {processor.py:179} INFO - Processing /home/airflow/.local/lib/python3.8/site-packages/airflow/example_dags/example_skip_dag.py took 0.048 seconds
[2023-11-08T22:27:16.325+0000] {processor.py:157} INFO - Started process (PID=39) to work on /home/airflow/.local/lib/python3.8/site-packages/airflow/example_dags/example_skip_dag.py
[2023-11-08T22:27:16.325+0000] {processor.py:829} INFO - Processing file /home/airflow/.local/lib/python3.8/site-packages/airflow/example_dags/example_skip_dag.py for tasks to queue
[2023-11-08T22:27:16.326+0000] {logging_mixin.py:154} INFO - [2023-11-08T22:27:16.326+0000] {dagbag.py:536} INFO - Filling up the DagBag from /home/airflow/.local/lib/python3.8/site-packages/airflow/example_dags/example_skip_dag.py
[2023-11-08T22:27:16.331+0000] {processor.py:839} INFO - DAG(s) dict_keys(['example_skip_dag']) retrieved from /home/airflow/.local/lib/python3.8/site-packages/airflow/example_dags/example_skip_dag.py
[2023-11-08T22:27:16.340+0000] {logging_mixin.py:154} INFO - [2023-11-08T22:27:16.340+0000] {dag.py:2941} INFO - Sync 1 DAGs
[2023-11-08T22:27:16.362+0000] {logging_mixin.py:154} INFO - [2023-11-08T22:27:16.362+0000] {dag.py:3722} INFO - Setting next_dagrun for example_skip_dag to 2023-11-07T22:27:16.362090+00:00, run_after=2023-11-08T22:27:16.362090+00:00
[2023-11-08T22:27:16.376+0000] {processor.py:179} INFO - Processing /home/airflow/.local/lib/python3.8/site-packages/airflow/example_dags/example_skip_dag.py took 0.053 seconds
[2023-11-08T22:27:47.139+0000] {processor.py:157} INFO - Started process (PID=93) to work on /home/airflow/.local/lib/python3.8/site-packages/airflow/example_dags/example_skip_dag.py
[2023-11-08T22:27:47.140+0000] {processor.py:829} INFO - Processing file /home/airflow/.local/lib/python3.8/site-packages/airflow/example_dags/example_skip_dag.py for tasks to queue
[2023-11-08T22:27:47.141+0000] {logging_mixin.py:154} INFO - [2023-11-08T22:27:47.141+0000] {dagbag.py:536} INFO - Filling up the DagBag from /home/airflow/.local/lib/python3.8/site-packages/airflow/example_dags/example_skip_dag.py
[2023-11-08T22:27:47.145+0000] {processor.py:839} INFO - DAG(s) dict_keys(['example_skip_dag']) retrieved from /home/airflow/.local/lib/python3.8/site-packages/airflow/example_dags/example_skip_dag.py
[2023-11-08T22:27:47.158+0000] {logging_mixin.py:154} INFO - [2023-11-08T22:27:47.157+0000] {dag.py:2941} INFO - Sync 1 DAGs
[2023-11-08T22:27:47.171+0000] {logging_mixin.py:154} INFO - [2023-11-08T22:27:47.171+0000] {dag.py:3722} INFO - Setting next_dagrun for example_skip_dag to 2023-11-07T22:27:47.171579+00:00, run_after=2023-11-08T22:27:47.171579+00:00
[2023-11-08T22:27:47.182+0000] {processor.py:179} INFO - Processing /home/airflow/.local/lib/python3.8/site-packages/airflow/example_dags/example_skip_dag.py took 0.045 seconds
[2023-11-08T22:28:17.349+0000] {processor.py:157} INFO - Started process (PID=147) to work on /home/airflow/.local/lib/python3.8/site-packages/airflow/example_dags/example_skip_dag.py
[2023-11-08T22:28:17.350+0000] {processor.py:829} INFO - Processing file /home/airflow/.local/lib/python3.8/site-packages/airflow/example_dags/example_skip_dag.py for tasks to queue
[2023-11-08T22:28:17.351+0000] {logging_mixin.py:154} INFO - [2023-11-08T22:28:17.351+0000] {dagbag.py:536} INFO - Filling up the DagBag from /home/airflow/.local/lib/python3.8/site-packages/airflow/example_dags/example_skip_dag.py
[2023-11-08T22:28:17.355+0000] {processor.py:839} INFO - DAG(s) dict_keys(['example_skip_dag']) retrieved from /home/airflow/.local/lib/python3.8/site-packages/airflow/example_dags/example_skip_dag.py
[2023-11-08T22:28:17.367+0000] {logging_mixin.py:154} INFO - [2023-11-08T22:28:17.367+0000] {dag.py:2941} INFO - Sync 1 DAGs
[2023-11-08T22:28:17.381+0000] {logging_mixin.py:154} INFO - [2023-11-08T22:28:17.380+0000] {dag.py:3722} INFO - Setting next_dagrun for example_skip_dag to 2023-11-07T22:28:17.380865+00:00, run_after=2023-11-08T22:28:17.380865+00:00
[2023-11-08T22:28:17.391+0000] {processor.py:179} INFO - Processing /home/airflow/.local/lib/python3.8/site-packages/airflow/example_dags/example_skip_dag.py took 0.044 seconds
[2023-11-08T22:28:47.539+0000] {processor.py:157} INFO - Started process (PID=200) to work on /home/airflow/.local/lib/python3.8/site-packages/airflow/example_dags/example_skip_dag.py
[2023-11-08T22:28:47.540+0000] {processor.py:829} INFO - Processing file /home/airflow/.local/lib/python3.8/site-packages/airflow/example_dags/example_skip_dag.py for tasks to queue
[2023-11-08T22:28:47.541+0000] {logging_mixin.py:154} INFO - [2023-11-08T22:28:47.541+0000] {dagbag.py:536} INFO - Filling up the DagBag from /home/airflow/.local/lib/python3.8/site-packages/airflow/example_dags/example_skip_dag.py
[2023-11-08T22:28:47.547+0000] {processor.py:839} INFO - DAG(s) dict_keys(['example_skip_dag']) retrieved from /home/airflow/.local/lib/python3.8/site-packages/airflow/example_dags/example_skip_dag.py
[2023-11-08T22:28:47.560+0000] {logging_mixin.py:154} INFO - [2023-11-08T22:28:47.560+0000] {dag.py:2941} INFO - Sync 1 DAGs
[2023-11-08T22:28:47.573+0000] {logging_mixin.py:154} INFO - [2023-11-08T22:28:47.573+0000] {dag.py:3722} INFO - Setting next_dagrun for example_skip_dag to 2023-11-07T22:28:47.573597+00:00, run_after=2023-11-08T22:28:47.573597+00:00
[2023-11-08T22:28:47.585+0000] {processor.py:179} INFO - Processing /home/airflow/.local/lib/python3.8/site-packages/airflow/example_dags/example_skip_dag.py took 0.048 seconds
[2023-11-08T22:29:18.173+0000] {processor.py:157} INFO - Started process (PID=255) to work on /home/airflow/.local/lib/python3.8/site-packages/airflow/example_dags/example_skip_dag.py
[2023-11-08T22:29:18.174+0000] {processor.py:829} INFO - Processing file /home/airflow/.local/lib/python3.8/site-packages/airflow/example_dags/example_skip_dag.py for tasks to queue
[2023-11-08T22:29:18.175+0000] {logging_mixin.py:154} INFO - [2023-11-08T22:29:18.175+0000] {dagbag.py:536} INFO - Filling up the DagBag from /home/airflow/.local/lib/python3.8/site-packages/airflow/example_dags/example_skip_dag.py
[2023-11-08T22:29:18.179+0000] {processor.py:839} INFO - DAG(s) dict_keys(['example_skip_dag']) retrieved from /home/airflow/.local/lib/python3.8/site-packages/airflow/example_dags/example_skip_dag.py
[2023-11-08T22:29:18.195+0000] {logging_mixin.py:154} INFO - [2023-11-08T22:29:18.195+0000] {dag.py:2941} INFO - Sync 1 DAGs
[2023-11-08T22:29:18.212+0000] {logging_mixin.py:154} INFO - [2023-11-08T22:29:18.212+0000] {dag.py:3722} INFO - Setting next_dagrun for example_skip_dag to 2023-11-07T22:29:18.212673+00:00, run_after=2023-11-08T22:29:18.212673+00:00
[2023-11-08T22:29:18.225+0000] {processor.py:179} INFO - Processing /home/airflow/.local/lib/python3.8/site-packages/airflow/example_dags/example_skip_dag.py took 0.054 seconds
[2023-11-08T22:29:48.396+0000] {processor.py:157} INFO - Started process (PID=310) to work on /home/airflow/.local/lib/python3.8/site-packages/airflow/example_dags/example_skip_dag.py
[2023-11-08T22:29:48.397+0000] {processor.py:829} INFO - Processing file /home/airflow/.local/lib/python3.8/site-packages/airflow/example_dags/example_skip_dag.py for tasks to queue
[2023-11-08T22:29:48.398+0000] {logging_mixin.py:154} INFO - [2023-11-08T22:29:48.398+0000] {dagbag.py:536} INFO - Filling up the DagBag from /home/airflow/.local/lib/python3.8/site-packages/airflow/example_dags/example_skip_dag.py
[2023-11-08T22:29:48.403+0000] {processor.py:839} INFO - DAG(s) dict_keys(['example_skip_dag']) retrieved from /home/airflow/.local/lib/python3.8/site-packages/airflow/example_dags/example_skip_dag.py
[2023-11-08T22:29:48.419+0000] {logging_mixin.py:154} INFO - [2023-11-08T22:29:48.419+0000] {dag.py:2941} INFO - Sync 1 DAGs
[2023-11-08T22:29:48.437+0000] {logging_mixin.py:154} INFO - [2023-11-08T22:29:48.437+0000] {dag.py:3722} INFO - Setting next_dagrun for example_skip_dag to 2023-11-07T22:29:48.436993+00:00, run_after=2023-11-08T22:29:48.436993+00:00
[2023-11-08T22:29:48.452+0000] {processor.py:179} INFO - Processing /home/airflow/.local/lib/python3.8/site-packages/airflow/example_dags/example_skip_dag.py took 0.057 seconds
[2023-11-08T22:30:19.173+0000] {processor.py:157} INFO - Started process (PID=364) to work on /home/airflow/.local/lib/python3.8/site-packages/airflow/example_dags/example_skip_dag.py
[2023-11-08T22:30:19.174+0000] {processor.py:829} INFO - Processing file /home/airflow/.local/lib/python3.8/site-packages/airflow/example_dags/example_skip_dag.py for tasks to queue
[2023-11-08T22:30:19.175+0000] {logging_mixin.py:154} INFO - [2023-11-08T22:30:19.175+0000] {dagbag.py:536} INFO - Filling up the DagBag from /home/airflow/.local/lib/python3.8/site-packages/airflow/example_dags/example_skip_dag.py
[2023-11-08T22:30:19.179+0000] {processor.py:839} INFO - DAG(s) dict_keys(['example_skip_dag']) retrieved from /home/airflow/.local/lib/python3.8/site-packages/airflow/example_dags/example_skip_dag.py
[2023-11-08T22:30:19.193+0000] {logging_mixin.py:154} INFO - [2023-11-08T22:30:19.192+0000] {dag.py:2941} INFO - Sync 1 DAGs
[2023-11-08T22:30:19.210+0000] {logging_mixin.py:154} INFO - [2023-11-08T22:30:19.210+0000] {dag.py:3722} INFO - Setting next_dagrun for example_skip_dag to 2023-11-07T22:30:19.210017+00:00, run_after=2023-11-08T22:30:19.210017+00:00
[2023-11-08T22:30:19.223+0000] {processor.py:179} INFO - Processing /home/airflow/.local/lib/python3.8/site-packages/airflow/example_dags/example_skip_dag.py took 0.051 seconds
[2023-11-08T22:30:49.816+0000] {processor.py:157} INFO - Started process (PID=418) to work on /home/airflow/.local/lib/python3.8/site-packages/airflow/example_dags/example_skip_dag.py
[2023-11-08T22:30:49.816+0000] {processor.py:829} INFO - Processing file /home/airflow/.local/lib/python3.8/site-packages/airflow/example_dags/example_skip_dag.py for tasks to queue
[2023-11-08T22:30:49.818+0000] {logging_mixin.py:154} INFO - [2023-11-08T22:30:49.817+0000] {dagbag.py:536} INFO - Filling up the DagBag from /home/airflow/.local/lib/python3.8/site-packages/airflow/example_dags/example_skip_dag.py
[2023-11-08T22:30:49.822+0000] {processor.py:839} INFO - DAG(s) dict_keys(['example_skip_dag']) retrieved from /home/airflow/.local/lib/python3.8/site-packages/airflow/example_dags/example_skip_dag.py
[2023-11-08T22:30:49.834+0000] {logging_mixin.py:154} INFO - [2023-11-08T22:30:49.834+0000] {dag.py:2941} INFO - Sync 1 DAGs
[2023-11-08T22:30:49.849+0000] {logging_mixin.py:154} INFO - [2023-11-08T22:30:49.849+0000] {dag.py:3722} INFO - Setting next_dagrun for example_skip_dag to 2023-11-07T22:30:49.849299+00:00, run_after=2023-11-08T22:30:49.849299+00:00
[2023-11-08T22:30:49.860+0000] {processor.py:179} INFO - Processing /home/airflow/.local/lib/python3.8/site-packages/airflow/example_dags/example_skip_dag.py took 0.046 seconds
[2023-11-08T22:31:20.640+0000] {processor.py:157} INFO - Started process (PID=472) to work on /home/airflow/.local/lib/python3.8/site-packages/airflow/example_dags/example_skip_dag.py
[2023-11-08T22:31:20.641+0000] {processor.py:829} INFO - Processing file /home/airflow/.local/lib/python3.8/site-packages/airflow/example_dags/example_skip_dag.py for tasks to queue
[2023-11-08T22:31:20.642+0000] {logging_mixin.py:154} INFO - [2023-11-08T22:31:20.642+0000] {dagbag.py:536} INFO - Filling up the DagBag from /home/airflow/.local/lib/python3.8/site-packages/airflow/example_dags/example_skip_dag.py
[2023-11-08T22:31:20.646+0000] {processor.py:839} INFO - DAG(s) dict_keys(['example_skip_dag']) retrieved from /home/airflow/.local/lib/python3.8/site-packages/airflow/example_dags/example_skip_dag.py
[2023-11-08T22:31:20.665+0000] {logging_mixin.py:154} INFO - [2023-11-08T22:31:20.665+0000] {dag.py:2941} INFO - Sync 1 DAGs
[2023-11-08T22:31:20.684+0000] {logging_mixin.py:154} INFO - [2023-11-08T22:31:20.684+0000] {dag.py:3722} INFO - Setting next_dagrun for example_skip_dag to 2023-11-07T22:31:20.684506+00:00, run_after=2023-11-08T22:31:20.684506+00:00
[2023-11-08T22:31:20.699+0000] {processor.py:179} INFO - Processing /home/airflow/.local/lib/python3.8/site-packages/airflow/example_dags/example_skip_dag.py took 0.060 seconds
[2023-11-08T22:31:50.839+0000] {processor.py:157} INFO - Started process (PID=526) to work on /home/airflow/.local/lib/python3.8/site-packages/airflow/example_dags/example_skip_dag.py
[2023-11-08T22:31:50.840+0000] {processor.py:829} INFO - Processing file /home/airflow/.local/lib/python3.8/site-packages/airflow/example_dags/example_skip_dag.py for tasks to queue
[2023-11-08T22:31:50.841+0000] {logging_mixin.py:154} INFO - [2023-11-08T22:31:50.841+0000] {dagbag.py:536} INFO - Filling up the DagBag from /home/airflow/.local/lib/python3.8/site-packages/airflow/example_dags/example_skip_dag.py
[2023-11-08T22:31:50.846+0000] {processor.py:839} INFO - DAG(s) dict_keys(['example_skip_dag']) retrieved from /home/airflow/.local/lib/python3.8/site-packages/airflow/example_dags/example_skip_dag.py
[2023-11-08T22:31:50.860+0000] {logging_mixin.py:154} INFO - [2023-11-08T22:31:50.860+0000] {dag.py:2941} INFO - Sync 1 DAGs
[2023-11-08T22:31:50.874+0000] {logging_mixin.py:154} INFO - [2023-11-08T22:31:50.874+0000] {dag.py:3722} INFO - Setting next_dagrun for example_skip_dag to 2023-11-07T22:31:50.874589+00:00, run_after=2023-11-08T22:31:50.874589+00:00
[2023-11-08T22:31:50.885+0000] {processor.py:179} INFO - Processing /home/airflow/.local/lib/python3.8/site-packages/airflow/example_dags/example_skip_dag.py took 0.049 seconds
[2023-11-08T22:32:21.021+0000] {processor.py:157} INFO - Started process (PID=581) to work on /home/airflow/.local/lib/python3.8/site-packages/airflow/example_dags/example_skip_dag.py
[2023-11-08T22:32:21.022+0000] {processor.py:829} INFO - Processing file /home/airflow/.local/lib/python3.8/site-packages/airflow/example_dags/example_skip_dag.py for tasks to queue
[2023-11-08T22:32:21.023+0000] {logging_mixin.py:154} INFO - [2023-11-08T22:32:21.023+0000] {dagbag.py:536} INFO - Filling up the DagBag from /home/airflow/.local/lib/python3.8/site-packages/airflow/example_dags/example_skip_dag.py
[2023-11-08T22:32:21.027+0000] {processor.py:839} INFO - DAG(s) dict_keys(['example_skip_dag']) retrieved from /home/airflow/.local/lib/python3.8/site-packages/airflow/example_dags/example_skip_dag.py
[2023-11-08T22:32:21.039+0000] {logging_mixin.py:154} INFO - [2023-11-08T22:32:21.039+0000] {dag.py:2941} INFO - Sync 1 DAGs
[2023-11-08T22:32:21.053+0000] {logging_mixin.py:154} INFO - [2023-11-08T22:32:21.053+0000] {dag.py:3722} INFO - Setting next_dagrun for example_skip_dag to 2023-11-07T22:32:21.053603+00:00, run_after=2023-11-08T22:32:21.053603+00:00
[2023-11-08T22:32:21.067+0000] {processor.py:179} INFO - Processing /home/airflow/.local/lib/python3.8/site-packages/airflow/example_dags/example_skip_dag.py took 0.048 seconds
[2023-11-08T22:32:51.202+0000] {processor.py:157} INFO - Started process (PID=636) to work on /home/airflow/.local/lib/python3.8/site-packages/airflow/example_dags/example_skip_dag.py
[2023-11-08T22:32:51.202+0000] {processor.py:829} INFO - Processing file /home/airflow/.local/lib/python3.8/site-packages/airflow/example_dags/example_skip_dag.py for tasks to queue
[2023-11-08T22:32:51.203+0000] {logging_mixin.py:154} INFO - [2023-11-08T22:32:51.203+0000] {dagbag.py:536} INFO - Filling up the DagBag from /home/airflow/.local/lib/python3.8/site-packages/airflow/example_dags/example_skip_dag.py
[2023-11-08T22:32:51.207+0000] {processor.py:839} INFO - DAG(s) dict_keys(['example_skip_dag']) retrieved from /home/airflow/.local/lib/python3.8/site-packages/airflow/example_dags/example_skip_dag.py
[2023-11-08T22:32:51.219+0000] {logging_mixin.py:154} INFO - [2023-11-08T22:32:51.219+0000] {dag.py:2941} INFO - Sync 1 DAGs
[2023-11-08T22:32:51.232+0000] {logging_mixin.py:154} INFO - [2023-11-08T22:32:51.232+0000] {dag.py:3722} INFO - Setting next_dagrun for example_skip_dag to 2023-11-07T22:32:51.232061+00:00, run_after=2023-11-08T22:32:51.232061+00:00
[2023-11-08T22:32:51.244+0000] {processor.py:179} INFO - Processing /home/airflow/.local/lib/python3.8/site-packages/airflow/example_dags/example_skip_dag.py took 0.044 seconds
[2023-11-08T22:33:21.363+0000] {processor.py:157} INFO - Started process (PID=691) to work on /home/airflow/.local/lib/python3.8/site-packages/airflow/example_dags/example_skip_dag.py
[2023-11-08T22:33:21.363+0000] {processor.py:829} INFO - Processing file /home/airflow/.local/lib/python3.8/site-packages/airflow/example_dags/example_skip_dag.py for tasks to queue
[2023-11-08T22:33:21.364+0000] {logging_mixin.py:154} INFO - [2023-11-08T22:33:21.364+0000] {dagbag.py:536} INFO - Filling up the DagBag from /home/airflow/.local/lib/python3.8/site-packages/airflow/example_dags/example_skip_dag.py
[2023-11-08T22:33:21.368+0000] {processor.py:839} INFO - DAG(s) dict_keys(['example_skip_dag']) retrieved from /home/airflow/.local/lib/python3.8/site-packages/airflow/example_dags/example_skip_dag.py
[2023-11-08T22:33:21.381+0000] {logging_mixin.py:154} INFO - [2023-11-08T22:33:21.381+0000] {dag.py:2941} INFO - Sync 1 DAGs
[2023-11-08T22:33:21.399+0000] {logging_mixin.py:154} INFO - [2023-11-08T22:33:21.399+0000] {dag.py:3722} INFO - Setting next_dagrun for example_skip_dag to 2023-11-07T22:33:21.398896+00:00, run_after=2023-11-08T22:33:21.398896+00:00
[2023-11-08T22:33:21.412+0000] {processor.py:179} INFO - Processing /home/airflow/.local/lib/python3.8/site-packages/airflow/example_dags/example_skip_dag.py took 0.052 seconds
[2023-11-08T22:33:51.433+0000] {processor.py:157} INFO - Started process (PID=746) to work on /home/airflow/.local/lib/python3.8/site-packages/airflow/example_dags/example_skip_dag.py
[2023-11-08T22:33:51.433+0000] {processor.py:829} INFO - Processing file /home/airflow/.local/lib/python3.8/site-packages/airflow/example_dags/example_skip_dag.py for tasks to queue
[2023-11-08T22:33:51.434+0000] {logging_mixin.py:154} INFO - [2023-11-08T22:33:51.434+0000] {dagbag.py:536} INFO - Filling up the DagBag from /home/airflow/.local/lib/python3.8/site-packages/airflow/example_dags/example_skip_dag.py
[2023-11-08T22:33:51.438+0000] {processor.py:839} INFO - DAG(s) dict_keys(['example_skip_dag']) retrieved from /home/airflow/.local/lib/python3.8/site-packages/airflow/example_dags/example_skip_dag.py
[2023-11-08T22:33:51.450+0000] {logging_mixin.py:154} INFO - [2023-11-08T22:33:51.450+0000] {dag.py:2941} INFO - Sync 1 DAGs
[2023-11-08T22:33:51.462+0000] {logging_mixin.py:154} INFO - [2023-11-08T22:33:51.462+0000] {dag.py:3722} INFO - Setting next_dagrun for example_skip_dag to 2023-11-07T22:33:51.462428+00:00, run_after=2023-11-08T22:33:51.462428+00:00
[2023-11-08T22:33:51.472+0000] {processor.py:179} INFO - Processing /home/airflow/.local/lib/python3.8/site-packages/airflow/example_dags/example_skip_dag.py took 0.041 seconds
[2023-11-08T22:34:22.064+0000] {processor.py:157} INFO - Started process (PID=801) to work on /home/airflow/.local/lib/python3.8/site-packages/airflow/example_dags/example_skip_dag.py
[2023-11-08T22:34:22.065+0000] {processor.py:829} INFO - Processing file /home/airflow/.local/lib/python3.8/site-packages/airflow/example_dags/example_skip_dag.py for tasks to queue
[2023-11-08T22:34:22.066+0000] {logging_mixin.py:154} INFO - [2023-11-08T22:34:22.066+0000] {dagbag.py:536} INFO - Filling up the DagBag from /home/airflow/.local/lib/python3.8/site-packages/airflow/example_dags/example_skip_dag.py
[2023-11-08T22:34:22.070+0000] {processor.py:839} INFO - DAG(s) dict_keys(['example_skip_dag']) retrieved from /home/airflow/.local/lib/python3.8/site-packages/airflow/example_dags/example_skip_dag.py
[2023-11-08T22:34:22.082+0000] {logging_mixin.py:154} INFO - [2023-11-08T22:34:22.082+0000] {dag.py:2941} INFO - Sync 1 DAGs
[2023-11-08T22:34:22.095+0000] {logging_mixin.py:154} INFO - [2023-11-08T22:34:22.095+0000] {dag.py:3722} INFO - Setting next_dagrun for example_skip_dag to 2023-11-07T22:34:22.095549+00:00, run_after=2023-11-08T22:34:22.095549+00:00
[2023-11-08T22:34:22.106+0000] {processor.py:179} INFO - Processing /home/airflow/.local/lib/python3.8/site-packages/airflow/example_dags/example_skip_dag.py took 0.043 seconds
[2023-11-08T22:34:52.651+0000] {processor.py:157} INFO - Started process (PID=856) to work on /home/airflow/.local/lib/python3.8/site-packages/airflow/example_dags/example_skip_dag.py
[2023-11-08T22:34:52.651+0000] {processor.py:829} INFO - Processing file /home/airflow/.local/lib/python3.8/site-packages/airflow/example_dags/example_skip_dag.py for tasks to queue
[2023-11-08T22:34:52.652+0000] {logging_mixin.py:154} INFO - [2023-11-08T22:34:52.652+0000] {dagbag.py:536} INFO - Filling up the DagBag from /home/airflow/.local/lib/python3.8/site-packages/airflow/example_dags/example_skip_dag.py
[2023-11-08T22:34:52.656+0000] {processor.py:839} INFO - DAG(s) dict_keys(['example_skip_dag']) retrieved from /home/airflow/.local/lib/python3.8/site-packages/airflow/example_dags/example_skip_dag.py
[2023-11-08T22:34:52.668+0000] {logging_mixin.py:154} INFO - [2023-11-08T22:34:52.668+0000] {dag.py:2941} INFO - Sync 1 DAGs
[2023-11-08T22:34:52.680+0000] {logging_mixin.py:154} INFO - [2023-11-08T22:34:52.680+0000] {dag.py:3722} INFO - Setting next_dagrun for example_skip_dag to 2023-11-07T22:34:52.680389+00:00, run_after=2023-11-08T22:34:52.680389+00:00
[2023-11-08T22:34:52.691+0000] {processor.py:179} INFO - Processing /home/airflow/.local/lib/python3.8/site-packages/airflow/example_dags/example_skip_dag.py took 0.042 seconds
[2023-11-08T22:35:23.292+0000] {processor.py:157} INFO - Started process (PID=911) to work on /home/airflow/.local/lib/python3.8/site-packages/airflow/example_dags/example_skip_dag.py
[2023-11-08T22:35:23.293+0000] {processor.py:829} INFO - Processing file /home/airflow/.local/lib/python3.8/site-packages/airflow/example_dags/example_skip_dag.py for tasks to queue
[2023-11-08T22:35:23.295+0000] {logging_mixin.py:154} INFO - [2023-11-08T22:35:23.295+0000] {dagbag.py:536} INFO - Filling up the DagBag from /home/airflow/.local/lib/python3.8/site-packages/airflow/example_dags/example_skip_dag.py
[2023-11-08T22:35:23.300+0000] {processor.py:839} INFO - DAG(s) dict_keys(['example_skip_dag']) retrieved from /home/airflow/.local/lib/python3.8/site-packages/airflow/example_dags/example_skip_dag.py
[2023-11-08T22:35:23.320+0000] {logging_mixin.py:154} INFO - [2023-11-08T22:35:23.320+0000] {dag.py:2941} INFO - Sync 1 DAGs
[2023-11-08T22:35:23.340+0000] {logging_mixin.py:154} INFO - [2023-11-08T22:35:23.340+0000] {dag.py:3722} INFO - Setting next_dagrun for example_skip_dag to 2023-11-07T22:35:23.340190+00:00, run_after=2023-11-08T22:35:23.340190+00:00
[2023-11-08T22:35:23.357+0000] {processor.py:179} INFO - Processing /home/airflow/.local/lib/python3.8/site-packages/airflow/example_dags/example_skip_dag.py took 0.067 seconds
[2023-11-08T22:35:53.376+0000] {processor.py:157} INFO - Started process (PID=965) to work on /home/airflow/.local/lib/python3.8/site-packages/airflow/example_dags/example_skip_dag.py
[2023-11-08T22:35:53.377+0000] {processor.py:829} INFO - Processing file /home/airflow/.local/lib/python3.8/site-packages/airflow/example_dags/example_skip_dag.py for tasks to queue
[2023-11-08T22:35:53.378+0000] {logging_mixin.py:154} INFO - [2023-11-08T22:35:53.378+0000] {dagbag.py:536} INFO - Filling up the DagBag from /home/airflow/.local/lib/python3.8/site-packages/airflow/example_dags/example_skip_dag.py
[2023-11-08T22:35:53.381+0000] {processor.py:839} INFO - DAG(s) dict_keys(['example_skip_dag']) retrieved from /home/airflow/.local/lib/python3.8/site-packages/airflow/example_dags/example_skip_dag.py
[2023-11-08T22:35:53.393+0000] {logging_mixin.py:154} INFO - [2023-11-08T22:35:53.393+0000] {dag.py:2941} INFO - Sync 1 DAGs
[2023-11-08T22:35:53.406+0000] {logging_mixin.py:154} INFO - [2023-11-08T22:35:53.406+0000] {dag.py:3722} INFO - Setting next_dagrun for example_skip_dag to 2023-11-07T22:35:53.406175+00:00, run_after=2023-11-08T22:35:53.406175+00:00
[2023-11-08T22:35:53.416+0000] {processor.py:179} INFO - Processing /home/airflow/.local/lib/python3.8/site-packages/airflow/example_dags/example_skip_dag.py took 0.041 seconds
[2023-11-08T22:36:24.014+0000] {processor.py:157} INFO - Started process (PID=1021) to work on /home/airflow/.local/lib/python3.8/site-packages/airflow/example_dags/example_skip_dag.py
[2023-11-08T22:36:24.015+0000] {processor.py:829} INFO - Processing file /home/airflow/.local/lib/python3.8/site-packages/airflow/example_dags/example_skip_dag.py for tasks to queue
[2023-11-08T22:36:24.016+0000] {logging_mixin.py:154} INFO - [2023-11-08T22:36:24.016+0000] {dagbag.py:536} INFO - Filling up the DagBag from /home/airflow/.local/lib/python3.8/site-packages/airflow/example_dags/example_skip_dag.py
[2023-11-08T22:36:24.021+0000] {processor.py:839} INFO - DAG(s) dict_keys(['example_skip_dag']) retrieved from /home/airflow/.local/lib/python3.8/site-packages/airflow/example_dags/example_skip_dag.py
[2023-11-08T22:36:24.033+0000] {logging_mixin.py:154} INFO - [2023-11-08T22:36:24.033+0000] {dag.py:2941} INFO - Sync 1 DAGs
[2023-11-08T22:36:24.045+0000] {logging_mixin.py:154} INFO - [2023-11-08T22:36:24.045+0000] {dag.py:3722} INFO - Setting next_dagrun for example_skip_dag to 2023-11-07T22:36:24.045597+00:00, run_after=2023-11-08T22:36:24.045597+00:00
[2023-11-08T22:36:24.056+0000] {processor.py:179} INFO - Processing /home/airflow/.local/lib/python3.8/site-packages/airflow/example_dags/example_skip_dag.py took 0.043 seconds
[2023-11-08T22:36:54.608+0000] {processor.py:157} INFO - Started process (PID=1077) to work on /home/airflow/.local/lib/python3.8/site-packages/airflow/example_dags/example_skip_dag.py
[2023-11-08T22:36:54.608+0000] {processor.py:829} INFO - Processing file /home/airflow/.local/lib/python3.8/site-packages/airflow/example_dags/example_skip_dag.py for tasks to queue
[2023-11-08T22:36:54.609+0000] {logging_mixin.py:154} INFO - [2023-11-08T22:36:54.609+0000] {dagbag.py:536} INFO - Filling up the DagBag from /home/airflow/.local/lib/python3.8/site-packages/airflow/example_dags/example_skip_dag.py
[2023-11-08T22:36:54.613+0000] {processor.py:839} INFO - DAG(s) dict_keys(['example_skip_dag']) retrieved from /home/airflow/.local/lib/python3.8/site-packages/airflow/example_dags/example_skip_dag.py
[2023-11-08T22:36:54.625+0000] {logging_mixin.py:154} INFO - [2023-11-08T22:36:54.625+0000] {dag.py:2941} INFO - Sync 1 DAGs
[2023-11-08T22:36:54.637+0000] {logging_mixin.py:154} INFO - [2023-11-08T22:36:54.637+0000] {dag.py:3722} INFO - Setting next_dagrun for example_skip_dag to 2023-11-07T22:36:54.637581+00:00, run_after=2023-11-08T22:36:54.637581+00:00
[2023-11-08T22:36:54.648+0000] {processor.py:179} INFO - Processing /home/airflow/.local/lib/python3.8/site-packages/airflow/example_dags/example_skip_dag.py took 0.042 seconds
[2023-11-08T22:37:25.330+0000] {processor.py:157} INFO - Started process (PID=1132) to work on /home/airflow/.local/lib/python3.8/site-packages/airflow/example_dags/example_skip_dag.py
[2023-11-08T22:37:25.331+0000] {processor.py:829} INFO - Processing file /home/airflow/.local/lib/python3.8/site-packages/airflow/example_dags/example_skip_dag.py for tasks to queue
[2023-11-08T22:37:25.333+0000] {logging_mixin.py:154} INFO - [2023-11-08T22:37:25.332+0000] {dagbag.py:536} INFO - Filling up the DagBag from /home/airflow/.local/lib/python3.8/site-packages/airflow/example_dags/example_skip_dag.py
[2023-11-08T22:37:25.338+0000] {processor.py:839} INFO - DAG(s) dict_keys(['example_skip_dag']) retrieved from /home/airflow/.local/lib/python3.8/site-packages/airflow/example_dags/example_skip_dag.py
[2023-11-08T22:37:25.355+0000] {logging_mixin.py:154} INFO - [2023-11-08T22:37:25.354+0000] {dag.py:2941} INFO - Sync 1 DAGs
[2023-11-08T22:37:25.373+0000] {logging_mixin.py:154} INFO - [2023-11-08T22:37:25.373+0000] {dag.py:3722} INFO - Setting next_dagrun for example_skip_dag to 2023-11-07T22:37:25.372826+00:00, run_after=2023-11-08T22:37:25.372826+00:00
[2023-11-08T22:37:25.387+0000] {processor.py:179} INFO - Processing /home/airflow/.local/lib/python3.8/site-packages/airflow/example_dags/example_skip_dag.py took 0.059 seconds
[2023-11-08T22:37:56.077+0000] {processor.py:157} INFO - Started process (PID=1187) to work on /home/airflow/.local/lib/python3.8/site-packages/airflow/example_dags/example_skip_dag.py
[2023-11-08T22:37:56.077+0000] {processor.py:829} INFO - Processing file /home/airflow/.local/lib/python3.8/site-packages/airflow/example_dags/example_skip_dag.py for tasks to queue
[2023-11-08T22:37:56.079+0000] {logging_mixin.py:154} INFO - [2023-11-08T22:37:56.078+0000] {dagbag.py:536} INFO - Filling up the DagBag from /home/airflow/.local/lib/python3.8/site-packages/airflow/example_dags/example_skip_dag.py
[2023-11-08T22:37:56.082+0000] {processor.py:839} INFO - DAG(s) dict_keys(['example_skip_dag']) retrieved from /home/airflow/.local/lib/python3.8/site-packages/airflow/example_dags/example_skip_dag.py
[2023-11-08T22:37:56.095+0000] {logging_mixin.py:154} INFO - [2023-11-08T22:37:56.094+0000] {dag.py:2941} INFO - Sync 1 DAGs
[2023-11-08T22:37:56.107+0000] {logging_mixin.py:154} INFO - [2023-11-08T22:37:56.107+0000] {dag.py:3722} INFO - Setting next_dagrun for example_skip_dag to 2023-11-07T22:37:56.106858+00:00, run_after=2023-11-08T22:37:56.106858+00:00
[2023-11-08T22:37:56.117+0000] {processor.py:179} INFO - Processing /home/airflow/.local/lib/python3.8/site-packages/airflow/example_dags/example_skip_dag.py took 0.043 seconds
[2023-11-08T22:38:26.594+0000] {processor.py:157} INFO - Started process (PID=1242) to work on /home/airflow/.local/lib/python3.8/site-packages/airflow/example_dags/example_skip_dag.py
[2023-11-08T22:38:26.595+0000] {processor.py:829} INFO - Processing file /home/airflow/.local/lib/python3.8/site-packages/airflow/example_dags/example_skip_dag.py for tasks to queue
[2023-11-08T22:38:26.596+0000] {logging_mixin.py:154} INFO - [2023-11-08T22:38:26.596+0000] {dagbag.py:536} INFO - Filling up the DagBag from /home/airflow/.local/lib/python3.8/site-packages/airflow/example_dags/example_skip_dag.py
[2023-11-08T22:38:26.600+0000] {processor.py:839} INFO - DAG(s) dict_keys(['example_skip_dag']) retrieved from /home/airflow/.local/lib/python3.8/site-packages/airflow/example_dags/example_skip_dag.py
[2023-11-08T22:38:26.612+0000] {logging_mixin.py:154} INFO - [2023-11-08T22:38:26.612+0000] {dag.py:2941} INFO - Sync 1 DAGs
[2023-11-08T22:38:26.625+0000] {logging_mixin.py:154} INFO - [2023-11-08T22:38:26.625+0000] {dag.py:3722} INFO - Setting next_dagrun for example_skip_dag to 2023-11-07T22:38:26.625433+00:00, run_after=2023-11-08T22:38:26.625433+00:00
[2023-11-08T22:38:26.636+0000] {processor.py:179} INFO - Processing /home/airflow/.local/lib/python3.8/site-packages/airflow/example_dags/example_skip_dag.py took 0.044 seconds
[2023-11-08T22:38:57.233+0000] {processor.py:157} INFO - Started process (PID=1298) to work on /home/airflow/.local/lib/python3.8/site-packages/airflow/example_dags/example_skip_dag.py
[2023-11-08T22:38:57.233+0000] {processor.py:829} INFO - Processing file /home/airflow/.local/lib/python3.8/site-packages/airflow/example_dags/example_skip_dag.py for tasks to queue
[2023-11-08T22:38:57.235+0000] {logging_mixin.py:154} INFO - [2023-11-08T22:38:57.234+0000] {dagbag.py:536} INFO - Filling up the DagBag from /home/airflow/.local/lib/python3.8/site-packages/airflow/example_dags/example_skip_dag.py
[2023-11-08T22:38:57.238+0000] {processor.py:839} INFO - DAG(s) dict_keys(['example_skip_dag']) retrieved from /home/airflow/.local/lib/python3.8/site-packages/airflow/example_dags/example_skip_dag.py
[2023-11-08T22:38:57.250+0000] {logging_mixin.py:154} INFO - [2023-11-08T22:38:57.250+0000] {dag.py:2941} INFO - Sync 1 DAGs
[2023-11-08T22:38:57.262+0000] {logging_mixin.py:154} INFO - [2023-11-08T22:38:57.262+0000] {dag.py:3722} INFO - Setting next_dagrun for example_skip_dag to 2023-11-07T22:38:57.262531+00:00, run_after=2023-11-08T22:38:57.262531+00:00
[2023-11-08T22:38:57.272+0000] {processor.py:179} INFO - Processing /home/airflow/.local/lib/python3.8/site-packages/airflow/example_dags/example_skip_dag.py took 0.041 seconds
[2023-11-08T22:39:27.777+0000] {processor.py:157} INFO - Started process (PID=1354) to work on /home/airflow/.local/lib/python3.8/site-packages/airflow/example_dags/example_skip_dag.py
[2023-11-08T22:39:27.778+0000] {processor.py:829} INFO - Processing file /home/airflow/.local/lib/python3.8/site-packages/airflow/example_dags/example_skip_dag.py for tasks to queue
[2023-11-08T22:39:27.779+0000] {logging_mixin.py:154} INFO - [2023-11-08T22:39:27.779+0000] {dagbag.py:536} INFO - Filling up the DagBag from /home/airflow/.local/lib/python3.8/site-packages/airflow/example_dags/example_skip_dag.py
[2023-11-08T22:39:27.783+0000] {processor.py:839} INFO - DAG(s) dict_keys(['example_skip_dag']) retrieved from /home/airflow/.local/lib/python3.8/site-packages/airflow/example_dags/example_skip_dag.py
[2023-11-08T22:39:27.795+0000] {logging_mixin.py:154} INFO - [2023-11-08T22:39:27.795+0000] {dag.py:2941} INFO - Sync 1 DAGs
[2023-11-08T22:39:27.808+0000] {logging_mixin.py:154} INFO - [2023-11-08T22:39:27.808+0000] {dag.py:3722} INFO - Setting next_dagrun for example_skip_dag to 2023-11-07T22:39:27.807932+00:00, run_after=2023-11-08T22:39:27.807932+00:00
[2023-11-08T22:39:27.818+0000] {processor.py:179} INFO - Processing /home/airflow/.local/lib/python3.8/site-packages/airflow/example_dags/example_skip_dag.py took 0.043 seconds
[2023-11-08T22:39:58.419+0000] {processor.py:157} INFO - Started process (PID=1409) to work on /home/airflow/.local/lib/python3.8/site-packages/airflow/example_dags/example_skip_dag.py
[2023-11-08T22:39:58.419+0000] {processor.py:829} INFO - Processing file /home/airflow/.local/lib/python3.8/site-packages/airflow/example_dags/example_skip_dag.py for tasks to queue
[2023-11-08T22:39:58.420+0000] {logging_mixin.py:154} INFO - [2023-11-08T22:39:58.420+0000] {dagbag.py:536} INFO - Filling up the DagBag from /home/airflow/.local/lib/python3.8/site-packages/airflow/example_dags/example_skip_dag.py
[2023-11-08T22:39:58.424+0000] {processor.py:839} INFO - DAG(s) dict_keys(['example_skip_dag']) retrieved from /home/airflow/.local/lib/python3.8/site-packages/airflow/example_dags/example_skip_dag.py
[2023-11-08T22:39:58.439+0000] {logging_mixin.py:154} INFO - [2023-11-08T22:39:58.439+0000] {dag.py:2941} INFO - Sync 1 DAGs
[2023-11-08T22:39:58.453+0000] {logging_mixin.py:154} INFO - [2023-11-08T22:39:58.453+0000] {dag.py:3722} INFO - Setting next_dagrun for example_skip_dag to 2023-11-07T22:39:58.453033+00:00, run_after=2023-11-08T22:39:58.453033+00:00
[2023-11-08T22:39:58.463+0000] {processor.py:179} INFO - Processing /home/airflow/.local/lib/python3.8/site-packages/airflow/example_dags/example_skip_dag.py took 0.046 seconds
[2023-11-08T22:40:29.028+0000] {processor.py:157} INFO - Started process (PID=1464) to work on /home/airflow/.local/lib/python3.8/site-packages/airflow/example_dags/example_skip_dag.py
[2023-11-08T22:40:29.028+0000] {processor.py:829} INFO - Processing file /home/airflow/.local/lib/python3.8/site-packages/airflow/example_dags/example_skip_dag.py for tasks to queue
[2023-11-08T22:40:29.030+0000] {logging_mixin.py:154} INFO - [2023-11-08T22:40:29.029+0000] {dagbag.py:536} INFO - Filling up the DagBag from /home/airflow/.local/lib/python3.8/site-packages/airflow/example_dags/example_skip_dag.py
[2023-11-08T22:40:29.034+0000] {processor.py:839} INFO - DAG(s) dict_keys(['example_skip_dag']) retrieved from /home/airflow/.local/lib/python3.8/site-packages/airflow/example_dags/example_skip_dag.py
[2023-11-08T22:40:29.046+0000] {logging_mixin.py:154} INFO - [2023-11-08T22:40:29.046+0000] {dag.py:2941} INFO - Sync 1 DAGs
[2023-11-08T22:40:29.059+0000] {logging_mixin.py:154} INFO - [2023-11-08T22:40:29.059+0000] {dag.py:3722} INFO - Setting next_dagrun for example_skip_dag to 2023-11-07T22:40:29.058892+00:00, run_after=2023-11-08T22:40:29.058892+00:00
[2023-11-08T22:40:29.069+0000] {processor.py:179} INFO - Processing /home/airflow/.local/lib/python3.8/site-packages/airflow/example_dags/example_skip_dag.py took 0.043 seconds
[2023-11-08T22:40:59.538+0000] {processor.py:157} INFO - Started process (PID=1519) to work on /home/airflow/.local/lib/python3.8/site-packages/airflow/example_dags/example_skip_dag.py
[2023-11-08T22:40:59.539+0000] {processor.py:829} INFO - Processing file /home/airflow/.local/lib/python3.8/site-packages/airflow/example_dags/example_skip_dag.py for tasks to queue
[2023-11-08T22:40:59.540+0000] {logging_mixin.py:154} INFO - [2023-11-08T22:40:59.540+0000] {dagbag.py:536} INFO - Filling up the DagBag from /home/airflow/.local/lib/python3.8/site-packages/airflow/example_dags/example_skip_dag.py
[2023-11-08T22:40:59.543+0000] {processor.py:839} INFO - DAG(s) dict_keys(['example_skip_dag']) retrieved from /home/airflow/.local/lib/python3.8/site-packages/airflow/example_dags/example_skip_dag.py
[2023-11-08T22:40:59.555+0000] {logging_mixin.py:154} INFO - [2023-11-08T22:40:59.555+0000] {dag.py:2941} INFO - Sync 1 DAGs
[2023-11-08T22:40:59.567+0000] {logging_mixin.py:154} INFO - [2023-11-08T22:40:59.567+0000] {dag.py:3722} INFO - Setting next_dagrun for example_skip_dag to 2023-11-07T22:40:59.567505+00:00, run_after=2023-11-08T22:40:59.567505+00:00
[2023-11-08T22:40:59.577+0000] {processor.py:179} INFO - Processing /home/airflow/.local/lib/python3.8/site-packages/airflow/example_dags/example_skip_dag.py took 0.041 seconds
[2023-11-08T22:41:30.162+0000] {processor.py:157} INFO - Started process (PID=1574) to work on /home/airflow/.local/lib/python3.8/site-packages/airflow/example_dags/example_skip_dag.py
[2023-11-08T22:41:30.162+0000] {processor.py:829} INFO - Processing file /home/airflow/.local/lib/python3.8/site-packages/airflow/example_dags/example_skip_dag.py for tasks to queue
[2023-11-08T22:41:30.164+0000] {logging_mixin.py:154} INFO - [2023-11-08T22:41:30.164+0000] {dagbag.py:536} INFO - Filling up the DagBag from /home/airflow/.local/lib/python3.8/site-packages/airflow/example_dags/example_skip_dag.py
[2023-11-08T22:41:30.169+0000] {processor.py:839} INFO - DAG(s) dict_keys(['example_skip_dag']) retrieved from /home/airflow/.local/lib/python3.8/site-packages/airflow/example_dags/example_skip_dag.py
[2023-11-08T22:41:30.184+0000] {logging_mixin.py:154} INFO - [2023-11-08T22:41:30.184+0000] {dag.py:2941} INFO - Sync 1 DAGs
[2023-11-08T22:41:30.199+0000] {logging_mixin.py:154} INFO - [2023-11-08T22:41:30.199+0000] {dag.py:3722} INFO - Setting next_dagrun for example_skip_dag to 2023-11-07T22:41:30.199038+00:00, run_after=2023-11-08T22:41:30.199038+00:00
[2023-11-08T22:41:30.209+0000] {processor.py:179} INFO - Processing /home/airflow/.local/lib/python3.8/site-packages/airflow/example_dags/example_skip_dag.py took 0.050 seconds
[2023-11-08T22:42:00.814+0000] {processor.py:157} INFO - Started process (PID=1630) to work on /home/airflow/.local/lib/python3.8/site-packages/airflow/example_dags/example_skip_dag.py
[2023-11-08T22:42:00.815+0000] {processor.py:829} INFO - Processing file /home/airflow/.local/lib/python3.8/site-packages/airflow/example_dags/example_skip_dag.py for tasks to queue
[2023-11-08T22:42:00.816+0000] {logging_mixin.py:154} INFO - [2023-11-08T22:42:00.816+0000] {dagbag.py:536} INFO - Filling up the DagBag from /home/airflow/.local/lib/python3.8/site-packages/airflow/example_dags/example_skip_dag.py
[2023-11-08T22:42:00.819+0000] {processor.py:839} INFO - DAG(s) dict_keys(['example_skip_dag']) retrieved from /home/airflow/.local/lib/python3.8/site-packages/airflow/example_dags/example_skip_dag.py
[2023-11-08T22:42:00.831+0000] {logging_mixin.py:154} INFO - [2023-11-08T22:42:00.831+0000] {dag.py:2941} INFO - Sync 1 DAGs
[2023-11-08T22:42:00.844+0000] {logging_mixin.py:154} INFO - [2023-11-08T22:42:00.843+0000] {dag.py:3722} INFO - Setting next_dagrun for example_skip_dag to 2023-11-07T22:42:00.843840+00:00, run_after=2023-11-08T22:42:00.843840+00:00
[2023-11-08T22:42:00.855+0000] {processor.py:179} INFO - Processing /home/airflow/.local/lib/python3.8/site-packages/airflow/example_dags/example_skip_dag.py took 0.043 seconds
[2023-11-08T22:42:31.354+0000] {processor.py:157} INFO - Started process (PID=1685) to work on /home/airflow/.local/lib/python3.8/site-packages/airflow/example_dags/example_skip_dag.py
[2023-11-08T22:42:31.355+0000] {processor.py:829} INFO - Processing file /home/airflow/.local/lib/python3.8/site-packages/airflow/example_dags/example_skip_dag.py for tasks to queue
[2023-11-08T22:42:31.356+0000] {logging_mixin.py:154} INFO - [2023-11-08T22:42:31.356+0000] {dagbag.py:536} INFO - Filling up the DagBag from /home/airflow/.local/lib/python3.8/site-packages/airflow/example_dags/example_skip_dag.py
[2023-11-08T22:42:31.360+0000] {processor.py:839} INFO - DAG(s) dict_keys(['example_skip_dag']) retrieved from /home/airflow/.local/lib/python3.8/site-packages/airflow/example_dags/example_skip_dag.py
[2023-11-08T22:42:31.372+0000] {logging_mixin.py:154} INFO - [2023-11-08T22:42:31.371+0000] {dag.py:2941} INFO - Sync 1 DAGs
[2023-11-08T22:42:31.384+0000] {logging_mixin.py:154} INFO - [2023-11-08T22:42:31.384+0000] {dag.py:3722} INFO - Setting next_dagrun for example_skip_dag to 2023-11-07T22:42:31.384033+00:00, run_after=2023-11-08T22:42:31.384033+00:00
[2023-11-08T22:42:31.393+0000] {processor.py:179} INFO - Processing /home/airflow/.local/lib/python3.8/site-packages/airflow/example_dags/example_skip_dag.py took 0.041 seconds
[2023-11-08T22:43:01.963+0000] {processor.py:157} INFO - Started process (PID=1740) to work on /home/airflow/.local/lib/python3.8/site-packages/airflow/example_dags/example_skip_dag.py
[2023-11-08T22:43:01.963+0000] {processor.py:829} INFO - Processing file /home/airflow/.local/lib/python3.8/site-packages/airflow/example_dags/example_skip_dag.py for tasks to queue
[2023-11-08T22:43:01.965+0000] {logging_mixin.py:154} INFO - [2023-11-08T22:43:01.964+0000] {dagbag.py:536} INFO - Filling up the DagBag from /home/airflow/.local/lib/python3.8/site-packages/airflow/example_dags/example_skip_dag.py
[2023-11-08T22:43:01.968+0000] {processor.py:839} INFO - DAG(s) dict_keys(['example_skip_dag']) retrieved from /home/airflow/.local/lib/python3.8/site-packages/airflow/example_dags/example_skip_dag.py
[2023-11-08T22:43:01.981+0000] {logging_mixin.py:154} INFO - [2023-11-08T22:43:01.981+0000] {dag.py:2941} INFO - Sync 1 DAGs
[2023-11-08T22:43:01.994+0000] {logging_mixin.py:154} INFO - [2023-11-08T22:43:01.993+0000] {dag.py:3722} INFO - Setting next_dagrun for example_skip_dag to 2023-11-07T22:43:01.993765+00:00, run_after=2023-11-08T22:43:01.993765+00:00
[2023-11-08T22:43:02.005+0000] {processor.py:179} INFO - Processing /home/airflow/.local/lib/python3.8/site-packages/airflow/example_dags/example_skip_dag.py took 0.044 seconds
[2023-11-08T22:43:37.563+0000] {processor.py:157} INFO - Started process (PID=40) to work on /home/airflow/.local/lib/python3.8/site-packages/airflow/example_dags/example_skip_dag.py
[2023-11-08T22:43:37.564+0000] {processor.py:829} INFO - Processing file /home/airflow/.local/lib/python3.8/site-packages/airflow/example_dags/example_skip_dag.py for tasks to queue
[2023-11-08T22:43:37.565+0000] {logging_mixin.py:154} INFO - [2023-11-08T22:43:37.565+0000] {dagbag.py:536} INFO - Filling up the DagBag from /home/airflow/.local/lib/python3.8/site-packages/airflow/example_dags/example_skip_dag.py
[2023-11-08T22:43:37.570+0000] {processor.py:839} INFO - DAG(s) dict_keys(['example_skip_dag']) retrieved from /home/airflow/.local/lib/python3.8/site-packages/airflow/example_dags/example_skip_dag.py
[2023-11-08T22:43:37.577+0000] {logging_mixin.py:154} INFO - [2023-11-08T22:43:37.577+0000] {dag.py:2941} INFO - Sync 1 DAGs
[2023-11-08T22:43:37.596+0000] {logging_mixin.py:154} INFO - [2023-11-08T22:43:37.596+0000] {dag.py:3722} INFO - Setting next_dagrun for example_skip_dag to 2023-11-07T22:43:37.596131+00:00, run_after=2023-11-08T22:43:37.596131+00:00
[2023-11-08T22:43:37.612+0000] {processor.py:179} INFO - Processing /home/airflow/.local/lib/python3.8/site-packages/airflow/example_dags/example_skip_dag.py took 0.051 seconds
