[2023-11-08T22:09:15.978+0000] {processor.py:157} INFO - Started process (PID=54) to work on /home/airflow/.local/lib/python3.8/site-packages/airflow/example_dags/example_short_circuit_decorator.py
[2023-11-08T22:09:15.978+0000] {processor.py:829} INFO - Processing file /home/airflow/.local/lib/python3.8/site-packages/airflow/example_dags/example_short_circuit_decorator.py for tasks to queue
[2023-11-08T22:09:15.980+0000] {logging_mixin.py:154} INFO - [2023-11-08T22:09:15.980+0000] {dagbag.py:536} INFO - Filling up the DagBag from /home/airflow/.local/lib/python3.8/site-packages/airflow/example_dags/example_short_circuit_decorator.py
[2023-11-08T22:09:15.989+0000] {processor.py:839} INFO - DAG(s) dict_keys(['example_short_circuit_decorator']) retrieved from /home/airflow/.local/lib/python3.8/site-packages/airflow/example_dags/example_short_circuit_decorator.py
[2023-11-08T22:09:15.996+0000] {logging_mixin.py:154} INFO - [2023-11-08T22:09:15.996+0000] {dag.py:2941} INFO - Sync 1 DAGs
[2023-11-08T22:09:16.015+0000] {logging_mixin.py:154} INFO - [2023-11-08T22:09:16.015+0000] {dag.py:3722} INFO - Setting next_dagrun for example_short_circuit_decorator to 2023-11-07T22:09:16.015688+00:00, run_after=2023-11-08T22:09:16.015688+00:00
[2023-11-08T22:09:16.026+0000] {processor.py:179} INFO - Processing /home/airflow/.local/lib/python3.8/site-packages/airflow/example_dags/example_short_circuit_decorator.py took 0.051 seconds
[2023-11-08T22:09:46.677+0000] {processor.py:157} INFO - Started process (PID=109) to work on /home/airflow/.local/lib/python3.8/site-packages/airflow/example_dags/example_short_circuit_decorator.py
[2023-11-08T22:09:46.678+0000] {processor.py:829} INFO - Processing file /home/airflow/.local/lib/python3.8/site-packages/airflow/example_dags/example_short_circuit_decorator.py for tasks to queue
[2023-11-08T22:09:46.679+0000] {logging_mixin.py:154} INFO - [2023-11-08T22:09:46.679+0000] {dagbag.py:536} INFO - Filling up the DagBag from /home/airflow/.local/lib/python3.8/site-packages/airflow/example_dags/example_short_circuit_decorator.py
[2023-11-08T22:09:46.685+0000] {processor.py:839} INFO - DAG(s) dict_keys(['example_short_circuit_decorator']) retrieved from /home/airflow/.local/lib/python3.8/site-packages/airflow/example_dags/example_short_circuit_decorator.py
[2023-11-08T22:09:46.704+0000] {logging_mixin.py:154} INFO - [2023-11-08T22:09:46.704+0000] {dag.py:2941} INFO - Sync 1 DAGs
[2023-11-08T22:09:46.723+0000] {logging_mixin.py:154} INFO - [2023-11-08T22:09:46.723+0000] {dag.py:3722} INFO - Setting next_dagrun for example_short_circuit_decorator to 2023-11-07T22:09:46.723504+00:00, run_after=2023-11-08T22:09:46.723504+00:00
[2023-11-08T22:09:46.743+0000] {processor.py:179} INFO - Processing /home/airflow/.local/lib/python3.8/site-packages/airflow/example_dags/example_short_circuit_decorator.py took 0.067 seconds
[2023-11-08T22:11:50.361+0000] {processor.py:157} INFO - Started process (PID=54) to work on /home/airflow/.local/lib/python3.8/site-packages/airflow/example_dags/example_short_circuit_decorator.py
[2023-11-08T22:11:50.362+0000] {processor.py:829} INFO - Processing file /home/airflow/.local/lib/python3.8/site-packages/airflow/example_dags/example_short_circuit_decorator.py for tasks to queue
[2023-11-08T22:11:50.364+0000] {logging_mixin.py:154} INFO - [2023-11-08T22:11:50.364+0000] {dagbag.py:536} INFO - Filling up the DagBag from /home/airflow/.local/lib/python3.8/site-packages/airflow/example_dags/example_short_circuit_decorator.py
[2023-11-08T22:11:50.380+0000] {processor.py:839} INFO - DAG(s) dict_keys(['example_short_circuit_decorator']) retrieved from /home/airflow/.local/lib/python3.8/site-packages/airflow/example_dags/example_short_circuit_decorator.py
[2023-11-08T22:11:50.393+0000] {logging_mixin.py:154} INFO - [2023-11-08T22:11:50.393+0000] {dag.py:2941} INFO - Sync 1 DAGs
[2023-11-08T22:11:50.425+0000] {logging_mixin.py:154} INFO - [2023-11-08T22:11:50.425+0000] {dag.py:3722} INFO - Setting next_dagrun for example_short_circuit_decorator to 2023-11-07T22:11:50.424762+00:00, run_after=2023-11-08T22:11:50.424762+00:00
[2023-11-08T22:11:50.444+0000] {processor.py:179} INFO - Processing /home/airflow/.local/lib/python3.8/site-packages/airflow/example_dags/example_short_circuit_decorator.py took 0.086 seconds
[2023-11-08T22:12:20.475+0000] {processor.py:157} INFO - Started process (PID=108) to work on /home/airflow/.local/lib/python3.8/site-packages/airflow/example_dags/example_short_circuit_decorator.py
[2023-11-08T22:12:20.475+0000] {processor.py:829} INFO - Processing file /home/airflow/.local/lib/python3.8/site-packages/airflow/example_dags/example_short_circuit_decorator.py for tasks to queue
[2023-11-08T22:12:20.476+0000] {logging_mixin.py:154} INFO - [2023-11-08T22:12:20.476+0000] {dagbag.py:536} INFO - Filling up the DagBag from /home/airflow/.local/lib/python3.8/site-packages/airflow/example_dags/example_short_circuit_decorator.py
[2023-11-08T22:12:20.481+0000] {processor.py:839} INFO - DAG(s) dict_keys(['example_short_circuit_decorator']) retrieved from /home/airflow/.local/lib/python3.8/site-packages/airflow/example_dags/example_short_circuit_decorator.py
[2023-11-08T22:12:20.494+0000] {logging_mixin.py:154} INFO - [2023-11-08T22:12:20.494+0000] {dag.py:2941} INFO - Sync 1 DAGs
[2023-11-08T22:12:20.506+0000] {logging_mixin.py:154} INFO - [2023-11-08T22:12:20.506+0000] {dag.py:3722} INFO - Setting next_dagrun for example_short_circuit_decorator to 2023-11-07T22:12:20.506307+00:00, run_after=2023-11-08T22:12:20.506307+00:00
[2023-11-08T22:12:20.518+0000] {processor.py:179} INFO - Processing /home/airflow/.local/lib/python3.8/site-packages/airflow/example_dags/example_short_circuit_decorator.py took 0.045 seconds
[2023-11-08T22:12:51.507+0000] {processor.py:157} INFO - Started process (PID=162) to work on /home/airflow/.local/lib/python3.8/site-packages/airflow/example_dags/example_short_circuit_decorator.py
[2023-11-08T22:12:51.508+0000] {processor.py:829} INFO - Processing file /home/airflow/.local/lib/python3.8/site-packages/airflow/example_dags/example_short_circuit_decorator.py for tasks to queue
[2023-11-08T22:12:51.509+0000] {logging_mixin.py:154} INFO - [2023-11-08T22:12:51.509+0000] {dagbag.py:536} INFO - Filling up the DagBag from /home/airflow/.local/lib/python3.8/site-packages/airflow/example_dags/example_short_circuit_decorator.py
[2023-11-08T22:12:51.514+0000] {processor.py:839} INFO - DAG(s) dict_keys(['example_short_circuit_decorator']) retrieved from /home/airflow/.local/lib/python3.8/site-packages/airflow/example_dags/example_short_circuit_decorator.py
[2023-11-08T22:12:51.527+0000] {logging_mixin.py:154} INFO - [2023-11-08T22:12:51.527+0000] {dag.py:2941} INFO - Sync 1 DAGs
[2023-11-08T22:12:51.540+0000] {logging_mixin.py:154} INFO - [2023-11-08T22:12:51.540+0000] {dag.py:3722} INFO - Setting next_dagrun for example_short_circuit_decorator to 2023-11-07T22:12:51.540104+00:00, run_after=2023-11-08T22:12:51.540104+00:00
[2023-11-08T22:12:51.550+0000] {processor.py:179} INFO - Processing /home/airflow/.local/lib/python3.8/site-packages/airflow/example_dags/example_short_circuit_decorator.py took 0.045 seconds
[2023-11-08T22:13:22.058+0000] {processor.py:157} INFO - Started process (PID=216) to work on /home/airflow/.local/lib/python3.8/site-packages/airflow/example_dags/example_short_circuit_decorator.py
[2023-11-08T22:13:22.058+0000] {processor.py:829} INFO - Processing file /home/airflow/.local/lib/python3.8/site-packages/airflow/example_dags/example_short_circuit_decorator.py for tasks to queue
[2023-11-08T22:13:22.059+0000] {logging_mixin.py:154} INFO - [2023-11-08T22:13:22.059+0000] {dagbag.py:536} INFO - Filling up the DagBag from /home/airflow/.local/lib/python3.8/site-packages/airflow/example_dags/example_short_circuit_decorator.py
[2023-11-08T22:13:22.065+0000] {processor.py:839} INFO - DAG(s) dict_keys(['example_short_circuit_decorator']) retrieved from /home/airflow/.local/lib/python3.8/site-packages/airflow/example_dags/example_short_circuit_decorator.py
[2023-11-08T22:13:22.078+0000] {logging_mixin.py:154} INFO - [2023-11-08T22:13:22.078+0000] {dag.py:2941} INFO - Sync 1 DAGs
[2023-11-08T22:13:22.092+0000] {logging_mixin.py:154} INFO - [2023-11-08T22:13:22.092+0000] {dag.py:3722} INFO - Setting next_dagrun for example_short_circuit_decorator to 2023-11-07T22:13:22.092288+00:00, run_after=2023-11-08T22:13:22.092288+00:00
[2023-11-08T22:13:22.102+0000] {processor.py:179} INFO - Processing /home/airflow/.local/lib/python3.8/site-packages/airflow/example_dags/example_short_circuit_decorator.py took 0.046 seconds
[2023-11-08T22:13:52.694+0000] {processor.py:157} INFO - Started process (PID=270) to work on /home/airflow/.local/lib/python3.8/site-packages/airflow/example_dags/example_short_circuit_decorator.py
[2023-11-08T22:13:52.695+0000] {processor.py:829} INFO - Processing file /home/airflow/.local/lib/python3.8/site-packages/airflow/example_dags/example_short_circuit_decorator.py for tasks to queue
[2023-11-08T22:13:52.696+0000] {logging_mixin.py:154} INFO - [2023-11-08T22:13:52.696+0000] {dagbag.py:536} INFO - Filling up the DagBag from /home/airflow/.local/lib/python3.8/site-packages/airflow/example_dags/example_short_circuit_decorator.py
[2023-11-08T22:13:52.701+0000] {processor.py:839} INFO - DAG(s) dict_keys(['example_short_circuit_decorator']) retrieved from /home/airflow/.local/lib/python3.8/site-packages/airflow/example_dags/example_short_circuit_decorator.py
[2023-11-08T22:13:52.715+0000] {logging_mixin.py:154} INFO - [2023-11-08T22:13:52.715+0000] {dag.py:2941} INFO - Sync 1 DAGs
[2023-11-08T22:13:52.729+0000] {logging_mixin.py:154} INFO - [2023-11-08T22:13:52.729+0000] {dag.py:3722} INFO - Setting next_dagrun for example_short_circuit_decorator to 2023-11-07T22:13:52.729617+00:00, run_after=2023-11-08T22:13:52.729617+00:00
[2023-11-08T22:13:52.740+0000] {processor.py:179} INFO - Processing /home/airflow/.local/lib/python3.8/site-packages/airflow/example_dags/example_short_circuit_decorator.py took 0.048 seconds
[2023-11-08T22:14:23.378+0000] {processor.py:157} INFO - Started process (PID=324) to work on /home/airflow/.local/lib/python3.8/site-packages/airflow/example_dags/example_short_circuit_decorator.py
[2023-11-08T22:14:23.379+0000] {processor.py:829} INFO - Processing file /home/airflow/.local/lib/python3.8/site-packages/airflow/example_dags/example_short_circuit_decorator.py for tasks to queue
[2023-11-08T22:14:23.380+0000] {logging_mixin.py:154} INFO - [2023-11-08T22:14:23.379+0000] {dagbag.py:536} INFO - Filling up the DagBag from /home/airflow/.local/lib/python3.8/site-packages/airflow/example_dags/example_short_circuit_decorator.py
[2023-11-08T22:14:23.384+0000] {processor.py:839} INFO - DAG(s) dict_keys(['example_short_circuit_decorator']) retrieved from /home/airflow/.local/lib/python3.8/site-packages/airflow/example_dags/example_short_circuit_decorator.py
[2023-11-08T22:14:23.397+0000] {logging_mixin.py:154} INFO - [2023-11-08T22:14:23.397+0000] {dag.py:2941} INFO - Sync 1 DAGs
[2023-11-08T22:14:23.408+0000] {logging_mixin.py:154} INFO - [2023-11-08T22:14:23.408+0000] {dag.py:3722} INFO - Setting next_dagrun for example_short_circuit_decorator to 2023-11-07T22:14:23.408642+00:00, run_after=2023-11-08T22:14:23.408642+00:00
[2023-11-08T22:14:23.418+0000] {processor.py:179} INFO - Processing /home/airflow/.local/lib/python3.8/site-packages/airflow/example_dags/example_short_circuit_decorator.py took 0.041 seconds
[2023-11-08T22:14:53.979+0000] {processor.py:157} INFO - Started process (PID=378) to work on /home/airflow/.local/lib/python3.8/site-packages/airflow/example_dags/example_short_circuit_decorator.py
[2023-11-08T22:14:53.980+0000] {processor.py:829} INFO - Processing file /home/airflow/.local/lib/python3.8/site-packages/airflow/example_dags/example_short_circuit_decorator.py for tasks to queue
[2023-11-08T22:14:53.981+0000] {logging_mixin.py:154} INFO - [2023-11-08T22:14:53.981+0000] {dagbag.py:536} INFO - Filling up the DagBag from /home/airflow/.local/lib/python3.8/site-packages/airflow/example_dags/example_short_circuit_decorator.py
[2023-11-08T22:14:53.987+0000] {processor.py:839} INFO - DAG(s) dict_keys(['example_short_circuit_decorator']) retrieved from /home/airflow/.local/lib/python3.8/site-packages/airflow/example_dags/example_short_circuit_decorator.py
[2023-11-08T22:14:54.001+0000] {logging_mixin.py:154} INFO - [2023-11-08T22:14:54.001+0000] {dag.py:2941} INFO - Sync 1 DAGs
[2023-11-08T22:14:54.014+0000] {logging_mixin.py:154} INFO - [2023-11-08T22:14:54.014+0000] {dag.py:3722} INFO - Setting next_dagrun for example_short_circuit_decorator to 2023-11-07T22:14:54.014095+00:00, run_after=2023-11-08T22:14:54.014095+00:00
[2023-11-08T22:14:54.024+0000] {processor.py:179} INFO - Processing /home/airflow/.local/lib/python3.8/site-packages/airflow/example_dags/example_short_circuit_decorator.py took 0.047 seconds
[2023-11-08T22:15:24.640+0000] {processor.py:157} INFO - Started process (PID=433) to work on /home/airflow/.local/lib/python3.8/site-packages/airflow/example_dags/example_short_circuit_decorator.py
[2023-11-08T22:15:24.640+0000] {processor.py:829} INFO - Processing file /home/airflow/.local/lib/python3.8/site-packages/airflow/example_dags/example_short_circuit_decorator.py for tasks to queue
[2023-11-08T22:15:24.642+0000] {logging_mixin.py:154} INFO - [2023-11-08T22:15:24.641+0000] {dagbag.py:536} INFO - Filling up the DagBag from /home/airflow/.local/lib/python3.8/site-packages/airflow/example_dags/example_short_circuit_decorator.py
[2023-11-08T22:15:24.647+0000] {processor.py:839} INFO - DAG(s) dict_keys(['example_short_circuit_decorator']) retrieved from /home/airflow/.local/lib/python3.8/site-packages/airflow/example_dags/example_short_circuit_decorator.py
[2023-11-08T22:15:24.661+0000] {logging_mixin.py:154} INFO - [2023-11-08T22:15:24.660+0000] {dag.py:2941} INFO - Sync 1 DAGs
[2023-11-08T22:15:24.673+0000] {logging_mixin.py:154} INFO - [2023-11-08T22:15:24.673+0000] {dag.py:3722} INFO - Setting next_dagrun for example_short_circuit_decorator to 2023-11-07T22:15:24.673290+00:00, run_after=2023-11-08T22:15:24.673290+00:00
[2023-11-08T22:15:24.683+0000] {processor.py:179} INFO - Processing /home/airflow/.local/lib/python3.8/site-packages/airflow/example_dags/example_short_circuit_decorator.py took 0.045 seconds
[2023-11-08T22:15:55.353+0000] {processor.py:157} INFO - Started process (PID=487) to work on /home/airflow/.local/lib/python3.8/site-packages/airflow/example_dags/example_short_circuit_decorator.py
[2023-11-08T22:15:55.354+0000] {processor.py:829} INFO - Processing file /home/airflow/.local/lib/python3.8/site-packages/airflow/example_dags/example_short_circuit_decorator.py for tasks to queue
[2023-11-08T22:15:55.355+0000] {logging_mixin.py:154} INFO - [2023-11-08T22:15:55.355+0000] {dagbag.py:536} INFO - Filling up the DagBag from /home/airflow/.local/lib/python3.8/site-packages/airflow/example_dags/example_short_circuit_decorator.py
[2023-11-08T22:15:55.360+0000] {processor.py:839} INFO - DAG(s) dict_keys(['example_short_circuit_decorator']) retrieved from /home/airflow/.local/lib/python3.8/site-packages/airflow/example_dags/example_short_circuit_decorator.py
[2023-11-08T22:15:55.372+0000] {logging_mixin.py:154} INFO - [2023-11-08T22:15:55.372+0000] {dag.py:2941} INFO - Sync 1 DAGs
[2023-11-08T22:15:55.384+0000] {logging_mixin.py:154} INFO - [2023-11-08T22:15:55.383+0000] {dag.py:3722} INFO - Setting next_dagrun for example_short_circuit_decorator to 2023-11-07T22:15:55.383832+00:00, run_after=2023-11-08T22:15:55.383832+00:00
[2023-11-08T22:15:55.393+0000] {processor.py:179} INFO - Processing /home/airflow/.local/lib/python3.8/site-packages/airflow/example_dags/example_short_circuit_decorator.py took 0.041 seconds
[2023-11-08T22:16:25.908+0000] {processor.py:157} INFO - Started process (PID=540) to work on /home/airflow/.local/lib/python3.8/site-packages/airflow/example_dags/example_short_circuit_decorator.py
[2023-11-08T22:16:25.908+0000] {processor.py:829} INFO - Processing file /home/airflow/.local/lib/python3.8/site-packages/airflow/example_dags/example_short_circuit_decorator.py for tasks to queue
[2023-11-08T22:16:25.909+0000] {logging_mixin.py:154} INFO - [2023-11-08T22:16:25.909+0000] {dagbag.py:536} INFO - Filling up the DagBag from /home/airflow/.local/lib/python3.8/site-packages/airflow/example_dags/example_short_circuit_decorator.py
[2023-11-08T22:16:25.914+0000] {processor.py:839} INFO - DAG(s) dict_keys(['example_short_circuit_decorator']) retrieved from /home/airflow/.local/lib/python3.8/site-packages/airflow/example_dags/example_short_circuit_decorator.py
[2023-11-08T22:16:25.927+0000] {logging_mixin.py:154} INFO - [2023-11-08T22:16:25.927+0000] {dag.py:2941} INFO - Sync 1 DAGs
[2023-11-08T22:16:25.939+0000] {logging_mixin.py:154} INFO - [2023-11-08T22:16:25.939+0000] {dag.py:3722} INFO - Setting next_dagrun for example_short_circuit_decorator to 2023-11-07T22:16:25.939205+00:00, run_after=2023-11-08T22:16:25.939205+00:00
[2023-11-08T22:16:25.948+0000] {processor.py:179} INFO - Processing /home/airflow/.local/lib/python3.8/site-packages/airflow/example_dags/example_short_circuit_decorator.py took 0.042 seconds
[2023-11-08T22:16:56.629+0000] {processor.py:157} INFO - Started process (PID=594) to work on /home/airflow/.local/lib/python3.8/site-packages/airflow/example_dags/example_short_circuit_decorator.py
[2023-11-08T22:16:56.637+0000] {processor.py:829} INFO - Processing file /home/airflow/.local/lib/python3.8/site-packages/airflow/example_dags/example_short_circuit_decorator.py for tasks to queue
[2023-11-08T22:16:56.638+0000] {logging_mixin.py:154} INFO - [2023-11-08T22:16:56.638+0000] {dagbag.py:536} INFO - Filling up the DagBag from /home/airflow/.local/lib/python3.8/site-packages/airflow/example_dags/example_short_circuit_decorator.py
[2023-11-08T22:16:56.643+0000] {processor.py:839} INFO - DAG(s) dict_keys(['example_short_circuit_decorator']) retrieved from /home/airflow/.local/lib/python3.8/site-packages/airflow/example_dags/example_short_circuit_decorator.py
[2023-11-08T22:16:56.655+0000] {logging_mixin.py:154} INFO - [2023-11-08T22:16:56.655+0000] {dag.py:2941} INFO - Sync 1 DAGs
[2023-11-08T22:16:56.668+0000] {logging_mixin.py:154} INFO - [2023-11-08T22:16:56.668+0000] {dag.py:3722} INFO - Setting next_dagrun for example_short_circuit_decorator to 2023-11-07T22:16:56.668183+00:00, run_after=2023-11-08T22:16:56.668183+00:00
[2023-11-08T22:16:56.678+0000] {processor.py:179} INFO - Processing /home/airflow/.local/lib/python3.8/site-packages/airflow/example_dags/example_short_circuit_decorator.py took 0.051 seconds
[2023-11-08T22:17:27.290+0000] {processor.py:157} INFO - Started process (PID=649) to work on /home/airflow/.local/lib/python3.8/site-packages/airflow/example_dags/example_short_circuit_decorator.py
[2023-11-08T22:17:27.293+0000] {processor.py:829} INFO - Processing file /home/airflow/.local/lib/python3.8/site-packages/airflow/example_dags/example_short_circuit_decorator.py for tasks to queue
[2023-11-08T22:17:27.294+0000] {logging_mixin.py:154} INFO - [2023-11-08T22:17:27.294+0000] {dagbag.py:536} INFO - Filling up the DagBag from /home/airflow/.local/lib/python3.8/site-packages/airflow/example_dags/example_short_circuit_decorator.py
[2023-11-08T22:17:27.299+0000] {processor.py:839} INFO - DAG(s) dict_keys(['example_short_circuit_decorator']) retrieved from /home/airflow/.local/lib/python3.8/site-packages/airflow/example_dags/example_short_circuit_decorator.py
[2023-11-08T22:17:27.313+0000] {logging_mixin.py:154} INFO - [2023-11-08T22:17:27.313+0000] {dag.py:2941} INFO - Sync 1 DAGs
[2023-11-08T22:17:27.326+0000] {logging_mixin.py:154} INFO - [2023-11-08T22:17:27.326+0000] {dag.py:3722} INFO - Setting next_dagrun for example_short_circuit_decorator to 2023-11-07T22:17:27.326313+00:00, run_after=2023-11-08T22:17:27.326313+00:00
[2023-11-08T22:17:27.337+0000] {processor.py:179} INFO - Processing /home/airflow/.local/lib/python3.8/site-packages/airflow/example_dags/example_short_circuit_decorator.py took 0.048 seconds
[2023-11-08T22:17:57.984+0000] {processor.py:157} INFO - Started process (PID=703) to work on /home/airflow/.local/lib/python3.8/site-packages/airflow/example_dags/example_short_circuit_decorator.py
[2023-11-08T22:17:57.984+0000] {processor.py:829} INFO - Processing file /home/airflow/.local/lib/python3.8/site-packages/airflow/example_dags/example_short_circuit_decorator.py for tasks to queue
[2023-11-08T22:17:57.986+0000] {logging_mixin.py:154} INFO - [2023-11-08T22:17:57.986+0000] {dagbag.py:536} INFO - Filling up the DagBag from /home/airflow/.local/lib/python3.8/site-packages/airflow/example_dags/example_short_circuit_decorator.py
[2023-11-08T22:17:57.992+0000] {processor.py:839} INFO - DAG(s) dict_keys(['example_short_circuit_decorator']) retrieved from /home/airflow/.local/lib/python3.8/site-packages/airflow/example_dags/example_short_circuit_decorator.py
[2023-11-08T22:17:58.005+0000] {logging_mixin.py:154} INFO - [2023-11-08T22:17:58.005+0000] {dag.py:2941} INFO - Sync 1 DAGs
[2023-11-08T22:17:58.019+0000] {logging_mixin.py:154} INFO - [2023-11-08T22:17:58.018+0000] {dag.py:3722} INFO - Setting next_dagrun for example_short_circuit_decorator to 2023-11-07T22:17:58.018741+00:00, run_after=2023-11-08T22:17:58.018741+00:00
[2023-11-08T22:17:58.029+0000] {processor.py:179} INFO - Processing /home/airflow/.local/lib/python3.8/site-packages/airflow/example_dags/example_short_circuit_decorator.py took 0.047 seconds
[2023-11-08T22:18:28.742+0000] {processor.py:157} INFO - Started process (PID=758) to work on /home/airflow/.local/lib/python3.8/site-packages/airflow/example_dags/example_short_circuit_decorator.py
[2023-11-08T22:18:28.742+0000] {processor.py:829} INFO - Processing file /home/airflow/.local/lib/python3.8/site-packages/airflow/example_dags/example_short_circuit_decorator.py for tasks to queue
[2023-11-08T22:18:28.743+0000] {logging_mixin.py:154} INFO - [2023-11-08T22:18:28.743+0000] {dagbag.py:536} INFO - Filling up the DagBag from /home/airflow/.local/lib/python3.8/site-packages/airflow/example_dags/example_short_circuit_decorator.py
[2023-11-08T22:18:28.749+0000] {processor.py:839} INFO - DAG(s) dict_keys(['example_short_circuit_decorator']) retrieved from /home/airflow/.local/lib/python3.8/site-packages/airflow/example_dags/example_short_circuit_decorator.py
[2023-11-08T22:18:28.766+0000] {logging_mixin.py:154} INFO - [2023-11-08T22:18:28.766+0000] {dag.py:2941} INFO - Sync 1 DAGs
[2023-11-08T22:18:28.786+0000] {logging_mixin.py:154} INFO - [2023-11-08T22:18:28.786+0000] {dag.py:3722} INFO - Setting next_dagrun for example_short_circuit_decorator to 2023-11-07T22:18:28.785934+00:00, run_after=2023-11-08T22:18:28.785934+00:00
[2023-11-08T22:18:28.801+0000] {processor.py:179} INFO - Processing /home/airflow/.local/lib/python3.8/site-packages/airflow/example_dags/example_short_circuit_decorator.py took 0.061 seconds
[2023-11-08T22:18:59.680+0000] {processor.py:157} INFO - Started process (PID=812) to work on /home/airflow/.local/lib/python3.8/site-packages/airflow/example_dags/example_short_circuit_decorator.py
[2023-11-08T22:18:59.681+0000] {processor.py:829} INFO - Processing file /home/airflow/.local/lib/python3.8/site-packages/airflow/example_dags/example_short_circuit_decorator.py for tasks to queue
[2023-11-08T22:18:59.683+0000] {logging_mixin.py:154} INFO - [2023-11-08T22:18:59.683+0000] {dagbag.py:536} INFO - Filling up the DagBag from /home/airflow/.local/lib/python3.8/site-packages/airflow/example_dags/example_short_circuit_decorator.py
[2023-11-08T22:18:59.689+0000] {processor.py:839} INFO - DAG(s) dict_keys(['example_short_circuit_decorator']) retrieved from /home/airflow/.local/lib/python3.8/site-packages/airflow/example_dags/example_short_circuit_decorator.py
[2023-11-08T22:18:59.702+0000] {logging_mixin.py:154} INFO - [2023-11-08T22:18:59.702+0000] {dag.py:2941} INFO - Sync 1 DAGs
[2023-11-08T22:18:59.715+0000] {logging_mixin.py:154} INFO - [2023-11-08T22:18:59.715+0000] {dag.py:3722} INFO - Setting next_dagrun for example_short_circuit_decorator to 2023-11-07T22:18:59.715096+00:00, run_after=2023-11-08T22:18:59.715096+00:00
[2023-11-08T22:18:59.724+0000] {processor.py:179} INFO - Processing /home/airflow/.local/lib/python3.8/site-packages/airflow/example_dags/example_short_circuit_decorator.py took 0.046 seconds
[2023-11-08T22:19:29.940+0000] {processor.py:157} INFO - Started process (PID=866) to work on /home/airflow/.local/lib/python3.8/site-packages/airflow/example_dags/example_short_circuit_decorator.py
[2023-11-08T22:19:29.940+0000] {processor.py:829} INFO - Processing file /home/airflow/.local/lib/python3.8/site-packages/airflow/example_dags/example_short_circuit_decorator.py for tasks to queue
[2023-11-08T22:19:29.942+0000] {logging_mixin.py:154} INFO - [2023-11-08T22:19:29.942+0000] {dagbag.py:536} INFO - Filling up the DagBag from /home/airflow/.local/lib/python3.8/site-packages/airflow/example_dags/example_short_circuit_decorator.py
[2023-11-08T22:19:29.946+0000] {processor.py:839} INFO - DAG(s) dict_keys(['example_short_circuit_decorator']) retrieved from /home/airflow/.local/lib/python3.8/site-packages/airflow/example_dags/example_short_circuit_decorator.py
[2023-11-08T22:19:29.962+0000] {logging_mixin.py:154} INFO - [2023-11-08T22:19:29.962+0000] {dag.py:2941} INFO - Sync 1 DAGs
[2023-11-08T22:19:29.976+0000] {logging_mixin.py:154} INFO - [2023-11-08T22:19:29.976+0000] {dag.py:3722} INFO - Setting next_dagrun for example_short_circuit_decorator to 2023-11-07T22:19:29.976018+00:00, run_after=2023-11-08T22:19:29.976018+00:00
[2023-11-08T22:19:29.986+0000] {processor.py:179} INFO - Processing /home/airflow/.local/lib/python3.8/site-packages/airflow/example_dags/example_short_circuit_decorator.py took 0.048 seconds
[2023-11-08T22:20:00.123+0000] {processor.py:157} INFO - Started process (PID=920) to work on /home/airflow/.local/lib/python3.8/site-packages/airflow/example_dags/example_short_circuit_decorator.py
[2023-11-08T22:20:00.123+0000] {processor.py:829} INFO - Processing file /home/airflow/.local/lib/python3.8/site-packages/airflow/example_dags/example_short_circuit_decorator.py for tasks to queue
[2023-11-08T22:20:00.125+0000] {logging_mixin.py:154} INFO - [2023-11-08T22:20:00.125+0000] {dagbag.py:536} INFO - Filling up the DagBag from /home/airflow/.local/lib/python3.8/site-packages/airflow/example_dags/example_short_circuit_decorator.py
[2023-11-08T22:20:00.131+0000] {processor.py:839} INFO - DAG(s) dict_keys(['example_short_circuit_decorator']) retrieved from /home/airflow/.local/lib/python3.8/site-packages/airflow/example_dags/example_short_circuit_decorator.py
[2023-11-08T22:20:00.146+0000] {logging_mixin.py:154} INFO - [2023-11-08T22:20:00.146+0000] {dag.py:2941} INFO - Sync 1 DAGs
[2023-11-08T22:20:00.163+0000] {logging_mixin.py:154} INFO - [2023-11-08T22:20:00.163+0000] {dag.py:3722} INFO - Setting next_dagrun for example_short_circuit_decorator to 2023-11-07T22:20:00.163561+00:00, run_after=2023-11-08T22:20:00.163561+00:00
[2023-11-08T22:20:00.277+0000] {processor.py:179} INFO - Processing /home/airflow/.local/lib/python3.8/site-packages/airflow/example_dags/example_short_circuit_decorator.py took 0.156 seconds
[2023-11-08T22:20:31.020+0000] {processor.py:157} INFO - Started process (PID=974) to work on /home/airflow/.local/lib/python3.8/site-packages/airflow/example_dags/example_short_circuit_decorator.py
[2023-11-08T22:20:31.021+0000] {processor.py:829} INFO - Processing file /home/airflow/.local/lib/python3.8/site-packages/airflow/example_dags/example_short_circuit_decorator.py for tasks to queue
[2023-11-08T22:20:31.022+0000] {logging_mixin.py:154} INFO - [2023-11-08T22:20:31.021+0000] {dagbag.py:536} INFO - Filling up the DagBag from /home/airflow/.local/lib/python3.8/site-packages/airflow/example_dags/example_short_circuit_decorator.py
[2023-11-08T22:20:31.027+0000] {processor.py:839} INFO - DAG(s) dict_keys(['example_short_circuit_decorator']) retrieved from /home/airflow/.local/lib/python3.8/site-packages/airflow/example_dags/example_short_circuit_decorator.py
[2023-11-08T22:20:31.040+0000] {logging_mixin.py:154} INFO - [2023-11-08T22:20:31.040+0000] {dag.py:2941} INFO - Sync 1 DAGs
[2023-11-08T22:20:31.053+0000] {logging_mixin.py:154} INFO - [2023-11-08T22:20:31.053+0000] {dag.py:3722} INFO - Setting next_dagrun for example_short_circuit_decorator to 2023-11-07T22:20:31.052968+00:00, run_after=2023-11-08T22:20:31.052968+00:00
[2023-11-08T22:20:31.064+0000] {processor.py:179} INFO - Processing /home/airflow/.local/lib/python3.8/site-packages/airflow/example_dags/example_short_circuit_decorator.py took 0.046 seconds
[2023-11-08T22:21:01.204+0000] {processor.py:157} INFO - Started process (PID=1028) to work on /home/airflow/.local/lib/python3.8/site-packages/airflow/example_dags/example_short_circuit_decorator.py
[2023-11-08T22:21:01.204+0000] {processor.py:829} INFO - Processing file /home/airflow/.local/lib/python3.8/site-packages/airflow/example_dags/example_short_circuit_decorator.py for tasks to queue
[2023-11-08T22:21:01.205+0000] {logging_mixin.py:154} INFO - [2023-11-08T22:21:01.205+0000] {dagbag.py:536} INFO - Filling up the DagBag from /home/airflow/.local/lib/python3.8/site-packages/airflow/example_dags/example_short_circuit_decorator.py
[2023-11-08T22:21:01.212+0000] {processor.py:839} INFO - DAG(s) dict_keys(['example_short_circuit_decorator']) retrieved from /home/airflow/.local/lib/python3.8/site-packages/airflow/example_dags/example_short_circuit_decorator.py
[2023-11-08T22:21:01.227+0000] {logging_mixin.py:154} INFO - [2023-11-08T22:21:01.226+0000] {dag.py:2941} INFO - Sync 1 DAGs
[2023-11-08T22:21:01.243+0000] {logging_mixin.py:154} INFO - [2023-11-08T22:21:01.243+0000] {dag.py:3722} INFO - Setting next_dagrun for example_short_circuit_decorator to 2023-11-07T22:21:01.243007+00:00, run_after=2023-11-08T22:21:01.243007+00:00
[2023-11-08T22:21:01.258+0000] {processor.py:179} INFO - Processing /home/airflow/.local/lib/python3.8/site-packages/airflow/example_dags/example_short_circuit_decorator.py took 0.057 seconds
[2023-11-08T22:21:32.062+0000] {processor.py:157} INFO - Started process (PID=1081) to work on /home/airflow/.local/lib/python3.8/site-packages/airflow/example_dags/example_short_circuit_decorator.py
[2023-11-08T22:21:32.062+0000] {processor.py:829} INFO - Processing file /home/airflow/.local/lib/python3.8/site-packages/airflow/example_dags/example_short_circuit_decorator.py for tasks to queue
[2023-11-08T22:21:32.063+0000] {logging_mixin.py:154} INFO - [2023-11-08T22:21:32.063+0000] {dagbag.py:536} INFO - Filling up the DagBag from /home/airflow/.local/lib/python3.8/site-packages/airflow/example_dags/example_short_circuit_decorator.py
[2023-11-08T22:21:32.068+0000] {processor.py:839} INFO - DAG(s) dict_keys(['example_short_circuit_decorator']) retrieved from /home/airflow/.local/lib/python3.8/site-packages/airflow/example_dags/example_short_circuit_decorator.py
[2023-11-08T22:21:32.082+0000] {logging_mixin.py:154} INFO - [2023-11-08T22:21:32.081+0000] {dag.py:2941} INFO - Sync 1 DAGs
[2023-11-08T22:21:32.189+0000] {logging_mixin.py:154} INFO - [2023-11-08T22:21:32.189+0000] {dag.py:3722} INFO - Setting next_dagrun for example_short_circuit_decorator to 2023-11-07T22:21:32.188926+00:00, run_after=2023-11-08T22:21:32.188926+00:00
[2023-11-08T22:21:32.199+0000] {processor.py:179} INFO - Processing /home/airflow/.local/lib/python3.8/site-packages/airflow/example_dags/example_short_circuit_decorator.py took 0.139 seconds
[2023-11-08T22:22:02.373+0000] {processor.py:157} INFO - Started process (PID=1135) to work on /home/airflow/.local/lib/python3.8/site-packages/airflow/example_dags/example_short_circuit_decorator.py
[2023-11-08T22:22:02.374+0000] {processor.py:829} INFO - Processing file /home/airflow/.local/lib/python3.8/site-packages/airflow/example_dags/example_short_circuit_decorator.py for tasks to queue
[2023-11-08T22:22:02.375+0000] {logging_mixin.py:154} INFO - [2023-11-08T22:22:02.375+0000] {dagbag.py:536} INFO - Filling up the DagBag from /home/airflow/.local/lib/python3.8/site-packages/airflow/example_dags/example_short_circuit_decorator.py
[2023-11-08T22:22:02.380+0000] {processor.py:839} INFO - DAG(s) dict_keys(['example_short_circuit_decorator']) retrieved from /home/airflow/.local/lib/python3.8/site-packages/airflow/example_dags/example_short_circuit_decorator.py
[2023-11-08T22:22:02.394+0000] {logging_mixin.py:154} INFO - [2023-11-08T22:22:02.394+0000] {dag.py:2941} INFO - Sync 1 DAGs
[2023-11-08T22:22:02.407+0000] {logging_mixin.py:154} INFO - [2023-11-08T22:22:02.407+0000] {dag.py:3722} INFO - Setting next_dagrun for example_short_circuit_decorator to 2023-11-07T22:22:02.407403+00:00, run_after=2023-11-08T22:22:02.407403+00:00
[2023-11-08T22:22:02.509+0000] {processor.py:179} INFO - Processing /home/airflow/.local/lib/python3.8/site-packages/airflow/example_dags/example_short_circuit_decorator.py took 0.138 seconds
[2023-11-08T22:22:33.407+0000] {processor.py:157} INFO - Started process (PID=1188) to work on /home/airflow/.local/lib/python3.8/site-packages/airflow/example_dags/example_short_circuit_decorator.py
[2023-11-08T22:22:33.411+0000] {processor.py:829} INFO - Processing file /home/airflow/.local/lib/python3.8/site-packages/airflow/example_dags/example_short_circuit_decorator.py for tasks to queue
[2023-11-08T22:22:33.413+0000] {logging_mixin.py:154} INFO - [2023-11-08T22:22:33.413+0000] {dagbag.py:536} INFO - Filling up the DagBag from /home/airflow/.local/lib/python3.8/site-packages/airflow/example_dags/example_short_circuit_decorator.py
[2023-11-08T22:22:33.422+0000] {processor.py:839} INFO - DAG(s) dict_keys(['example_short_circuit_decorator']) retrieved from /home/airflow/.local/lib/python3.8/site-packages/airflow/example_dags/example_short_circuit_decorator.py
[2023-11-08T22:22:33.440+0000] {logging_mixin.py:154} INFO - [2023-11-08T22:22:33.440+0000] {dag.py:2941} INFO - Sync 1 DAGs
[2023-11-08T22:22:33.457+0000] {logging_mixin.py:154} INFO - [2023-11-08T22:22:33.457+0000] {dag.py:3722} INFO - Setting next_dagrun for example_short_circuit_decorator to 2023-11-07T22:22:33.457350+00:00, run_after=2023-11-08T22:22:33.457350+00:00
[2023-11-08T22:22:33.473+0000] {processor.py:179} INFO - Processing /home/airflow/.local/lib/python3.8/site-packages/airflow/example_dags/example_short_circuit_decorator.py took 0.067 seconds
[2023-11-08T22:23:04.124+0000] {processor.py:157} INFO - Started process (PID=1241) to work on /home/airflow/.local/lib/python3.8/site-packages/airflow/example_dags/example_short_circuit_decorator.py
[2023-11-08T22:23:04.128+0000] {processor.py:829} INFO - Processing file /home/airflow/.local/lib/python3.8/site-packages/airflow/example_dags/example_short_circuit_decorator.py for tasks to queue
[2023-11-08T22:23:04.129+0000] {logging_mixin.py:154} INFO - [2023-11-08T22:23:04.129+0000] {dagbag.py:536} INFO - Filling up the DagBag from /home/airflow/.local/lib/python3.8/site-packages/airflow/example_dags/example_short_circuit_decorator.py
[2023-11-08T22:23:04.136+0000] {processor.py:839} INFO - DAG(s) dict_keys(['example_short_circuit_decorator']) retrieved from /home/airflow/.local/lib/python3.8/site-packages/airflow/example_dags/example_short_circuit_decorator.py
[2023-11-08T22:23:04.149+0000] {logging_mixin.py:154} INFO - [2023-11-08T22:23:04.149+0000] {dag.py:2941} INFO - Sync 1 DAGs
[2023-11-08T22:23:04.161+0000] {logging_mixin.py:154} INFO - [2023-11-08T22:23:04.161+0000] {dag.py:3722} INFO - Setting next_dagrun for example_short_circuit_decorator to 2023-11-07T22:23:04.161358+00:00, run_after=2023-11-08T22:23:04.161358+00:00
[2023-11-08T22:23:04.171+0000] {processor.py:179} INFO - Processing /home/airflow/.local/lib/python3.8/site-packages/airflow/example_dags/example_short_circuit_decorator.py took 0.049 seconds
[2023-11-08T22:23:34.304+0000] {processor.py:157} INFO - Started process (PID=1295) to work on /home/airflow/.local/lib/python3.8/site-packages/airflow/example_dags/example_short_circuit_decorator.py
[2023-11-08T22:23:34.307+0000] {processor.py:829} INFO - Processing file /home/airflow/.local/lib/python3.8/site-packages/airflow/example_dags/example_short_circuit_decorator.py for tasks to queue
[2023-11-08T22:23:34.309+0000] {logging_mixin.py:154} INFO - [2023-11-08T22:23:34.309+0000] {dagbag.py:536} INFO - Filling up the DagBag from /home/airflow/.local/lib/python3.8/site-packages/airflow/example_dags/example_short_circuit_decorator.py
[2023-11-08T22:23:34.317+0000] {processor.py:839} INFO - DAG(s) dict_keys(['example_short_circuit_decorator']) retrieved from /home/airflow/.local/lib/python3.8/site-packages/airflow/example_dags/example_short_circuit_decorator.py
[2023-11-08T22:23:34.332+0000] {logging_mixin.py:154} INFO - [2023-11-08T22:23:34.332+0000] {dag.py:2941} INFO - Sync 1 DAGs
[2023-11-08T22:23:34.345+0000] {logging_mixin.py:154} INFO - [2023-11-08T22:23:34.345+0000] {dag.py:3722} INFO - Setting next_dagrun for example_short_circuit_decorator to 2023-11-07T22:23:34.345482+00:00, run_after=2023-11-08T22:23:34.345482+00:00
[2023-11-08T22:23:34.457+0000] {processor.py:179} INFO - Processing /home/airflow/.local/lib/python3.8/site-packages/airflow/example_dags/example_short_circuit_decorator.py took 0.156 seconds
[2023-11-08T22:24:05.386+0000] {processor.py:157} INFO - Started process (PID=1349) to work on /home/airflow/.local/lib/python3.8/site-packages/airflow/example_dags/example_short_circuit_decorator.py
[2023-11-08T22:24:05.390+0000] {processor.py:829} INFO - Processing file /home/airflow/.local/lib/python3.8/site-packages/airflow/example_dags/example_short_circuit_decorator.py for tasks to queue
[2023-11-08T22:24:05.392+0000] {logging_mixin.py:154} INFO - [2023-11-08T22:24:05.391+0000] {dagbag.py:536} INFO - Filling up the DagBag from /home/airflow/.local/lib/python3.8/site-packages/airflow/example_dags/example_short_circuit_decorator.py
[2023-11-08T22:24:05.398+0000] {processor.py:839} INFO - DAG(s) dict_keys(['example_short_circuit_decorator']) retrieved from /home/airflow/.local/lib/python3.8/site-packages/airflow/example_dags/example_short_circuit_decorator.py
[2023-11-08T22:24:05.416+0000] {logging_mixin.py:154} INFO - [2023-11-08T22:24:05.416+0000] {dag.py:2941} INFO - Sync 1 DAGs
[2023-11-08T22:24:05.433+0000] {logging_mixin.py:154} INFO - [2023-11-08T22:24:05.432+0000] {dag.py:3722} INFO - Setting next_dagrun for example_short_circuit_decorator to 2023-11-07T22:24:05.432634+00:00, run_after=2023-11-08T22:24:05.432634+00:00
[2023-11-08T22:24:05.444+0000] {processor.py:179} INFO - Processing /home/airflow/.local/lib/python3.8/site-packages/airflow/example_dags/example_short_circuit_decorator.py took 0.060 seconds
[2023-11-08T22:24:36.065+0000] {processor.py:157} INFO - Started process (PID=1403) to work on /home/airflow/.local/lib/python3.8/site-packages/airflow/example_dags/example_short_circuit_decorator.py
[2023-11-08T22:24:36.065+0000] {processor.py:829} INFO - Processing file /home/airflow/.local/lib/python3.8/site-packages/airflow/example_dags/example_short_circuit_decorator.py for tasks to queue
[2023-11-08T22:24:36.066+0000] {logging_mixin.py:154} INFO - [2023-11-08T22:24:36.066+0000] {dagbag.py:536} INFO - Filling up the DagBag from /home/airflow/.local/lib/python3.8/site-packages/airflow/example_dags/example_short_circuit_decorator.py
[2023-11-08T22:24:36.071+0000] {processor.py:839} INFO - DAG(s) dict_keys(['example_short_circuit_decorator']) retrieved from /home/airflow/.local/lib/python3.8/site-packages/airflow/example_dags/example_short_circuit_decorator.py
[2023-11-08T22:24:36.176+0000] {logging_mixin.py:154} INFO - [2023-11-08T22:24:36.176+0000] {dag.py:2941} INFO - Sync 1 DAGs
[2023-11-08T22:24:36.187+0000] {logging_mixin.py:154} INFO - [2023-11-08T22:24:36.187+0000] {dag.py:3722} INFO - Setting next_dagrun for example_short_circuit_decorator to 2023-11-07T22:24:36.187004+00:00, run_after=2023-11-08T22:24:36.187004+00:00
[2023-11-08T22:24:36.204+0000] {processor.py:179} INFO - Processing /home/airflow/.local/lib/python3.8/site-packages/airflow/example_dags/example_short_circuit_decorator.py took 0.141 seconds
[2023-11-08T22:25:06.488+0000] {processor.py:157} INFO - Started process (PID=1457) to work on /home/airflow/.local/lib/python3.8/site-packages/airflow/example_dags/example_short_circuit_decorator.py
[2023-11-08T22:25:06.491+0000] {processor.py:829} INFO - Processing file /home/airflow/.local/lib/python3.8/site-packages/airflow/example_dags/example_short_circuit_decorator.py for tasks to queue
[2023-11-08T22:25:06.494+0000] {logging_mixin.py:154} INFO - [2023-11-08T22:25:06.494+0000] {dagbag.py:536} INFO - Filling up the DagBag from /home/airflow/.local/lib/python3.8/site-packages/airflow/example_dags/example_short_circuit_decorator.py
[2023-11-08T22:25:06.505+0000] {processor.py:839} INFO - DAG(s) dict_keys(['example_short_circuit_decorator']) retrieved from /home/airflow/.local/lib/python3.8/site-packages/airflow/example_dags/example_short_circuit_decorator.py
[2023-11-08T22:25:06.519+0000] {logging_mixin.py:154} INFO - [2023-11-08T22:25:06.519+0000] {dag.py:2941} INFO - Sync 1 DAGs
[2023-11-08T22:25:06.532+0000] {logging_mixin.py:154} INFO - [2023-11-08T22:25:06.532+0000] {dag.py:3722} INFO - Setting next_dagrun for example_short_circuit_decorator to 2023-11-07T22:25:06.532440+00:00, run_after=2023-11-08T22:25:06.532440+00:00
[2023-11-08T22:25:06.649+0000] {processor.py:179} INFO - Processing /home/airflow/.local/lib/python3.8/site-packages/airflow/example_dags/example_short_circuit_decorator.py took 0.163 seconds
[2023-11-08T22:25:37.402+0000] {processor.py:157} INFO - Started process (PID=1511) to work on /home/airflow/.local/lib/python3.8/site-packages/airflow/example_dags/example_short_circuit_decorator.py
[2023-11-08T22:25:37.405+0000] {processor.py:829} INFO - Processing file /home/airflow/.local/lib/python3.8/site-packages/airflow/example_dags/example_short_circuit_decorator.py for tasks to queue
[2023-11-08T22:25:37.408+0000] {logging_mixin.py:154} INFO - [2023-11-08T22:25:37.407+0000] {dagbag.py:536} INFO - Filling up the DagBag from /home/airflow/.local/lib/python3.8/site-packages/airflow/example_dags/example_short_circuit_decorator.py
[2023-11-08T22:25:37.416+0000] {processor.py:839} INFO - DAG(s) dict_keys(['example_short_circuit_decorator']) retrieved from /home/airflow/.local/lib/python3.8/site-packages/airflow/example_dags/example_short_circuit_decorator.py
[2023-11-08T22:25:37.430+0000] {logging_mixin.py:154} INFO - [2023-11-08T22:25:37.430+0000] {dag.py:2941} INFO - Sync 1 DAGs
[2023-11-08T22:25:37.442+0000] {logging_mixin.py:154} INFO - [2023-11-08T22:25:37.442+0000] {dag.py:3722} INFO - Setting next_dagrun for example_short_circuit_decorator to 2023-11-07T22:25:37.442299+00:00, run_after=2023-11-08T22:25:37.442299+00:00
[2023-11-08T22:25:37.452+0000] {processor.py:179} INFO - Processing /home/airflow/.local/lib/python3.8/site-packages/airflow/example_dags/example_short_circuit_decorator.py took 0.052 seconds
[2023-11-08T22:26:07.975+0000] {processor.py:157} INFO - Started process (PID=1565) to work on /home/airflow/.local/lib/python3.8/site-packages/airflow/example_dags/example_short_circuit_decorator.py
[2023-11-08T22:26:07.978+0000] {processor.py:829} INFO - Processing file /home/airflow/.local/lib/python3.8/site-packages/airflow/example_dags/example_short_circuit_decorator.py for tasks to queue
[2023-11-08T22:26:07.979+0000] {logging_mixin.py:154} INFO - [2023-11-08T22:26:07.979+0000] {dagbag.py:536} INFO - Filling up the DagBag from /home/airflow/.local/lib/python3.8/site-packages/airflow/example_dags/example_short_circuit_decorator.py
[2023-11-08T22:26:07.987+0000] {processor.py:839} INFO - DAG(s) dict_keys(['example_short_circuit_decorator']) retrieved from /home/airflow/.local/lib/python3.8/site-packages/airflow/example_dags/example_short_circuit_decorator.py
[2023-11-08T22:26:08.001+0000] {logging_mixin.py:154} INFO - [2023-11-08T22:26:08.001+0000] {dag.py:2941} INFO - Sync 1 DAGs
[2023-11-08T22:26:08.015+0000] {logging_mixin.py:154} INFO - [2023-11-08T22:26:08.015+0000] {dag.py:3722} INFO - Setting next_dagrun for example_short_circuit_decorator to 2023-11-07T22:26:08.015207+00:00, run_after=2023-11-08T22:26:08.015207+00:00
[2023-11-08T22:26:08.027+0000] {processor.py:179} INFO - Processing /home/airflow/.local/lib/python3.8/site-packages/airflow/example_dags/example_short_circuit_decorator.py took 0.054 seconds
[2023-11-08T22:26:38.646+0000] {processor.py:157} INFO - Started process (PID=1619) to work on /home/airflow/.local/lib/python3.8/site-packages/airflow/example_dags/example_short_circuit_decorator.py
[2023-11-08T22:26:38.650+0000] {processor.py:829} INFO - Processing file /home/airflow/.local/lib/python3.8/site-packages/airflow/example_dags/example_short_circuit_decorator.py for tasks to queue
[2023-11-08T22:26:38.651+0000] {logging_mixin.py:154} INFO - [2023-11-08T22:26:38.651+0000] {dagbag.py:536} INFO - Filling up the DagBag from /home/airflow/.local/lib/python3.8/site-packages/airflow/example_dags/example_short_circuit_decorator.py
[2023-11-08T22:26:38.657+0000] {processor.py:839} INFO - DAG(s) dict_keys(['example_short_circuit_decorator']) retrieved from /home/airflow/.local/lib/python3.8/site-packages/airflow/example_dags/example_short_circuit_decorator.py
[2023-11-08T22:26:38.670+0000] {logging_mixin.py:154} INFO - [2023-11-08T22:26:38.670+0000] {dag.py:2941} INFO - Sync 1 DAGs
[2023-11-08T22:26:38.683+0000] {logging_mixin.py:154} INFO - [2023-11-08T22:26:38.683+0000] {dag.py:3722} INFO - Setting next_dagrun for example_short_circuit_decorator to 2023-11-07T22:26:38.682974+00:00, run_after=2023-11-08T22:26:38.682974+00:00
[2023-11-08T22:26:38.693+0000] {processor.py:179} INFO - Processing /home/airflow/.local/lib/python3.8/site-packages/airflow/example_dags/example_short_circuit_decorator.py took 0.049 seconds
[2023-11-08T22:27:16.907+0000] {processor.py:157} INFO - Started process (PID=53) to work on /home/airflow/.local/lib/python3.8/site-packages/airflow/example_dags/example_short_circuit_decorator.py
[2023-11-08T22:27:16.907+0000] {processor.py:829} INFO - Processing file /home/airflow/.local/lib/python3.8/site-packages/airflow/example_dags/example_short_circuit_decorator.py for tasks to queue
[2023-11-08T22:27:16.908+0000] {logging_mixin.py:154} INFO - [2023-11-08T22:27:16.908+0000] {dagbag.py:536} INFO - Filling up the DagBag from /home/airflow/.local/lib/python3.8/site-packages/airflow/example_dags/example_short_circuit_decorator.py
[2023-11-08T22:27:16.915+0000] {processor.py:839} INFO - DAG(s) dict_keys(['example_short_circuit_decorator']) retrieved from /home/airflow/.local/lib/python3.8/site-packages/airflow/example_dags/example_short_circuit_decorator.py
[2023-11-08T22:27:16.923+0000] {logging_mixin.py:154} INFO - [2023-11-08T22:27:16.923+0000] {dag.py:2941} INFO - Sync 1 DAGs
[2023-11-08T22:27:16.944+0000] {logging_mixin.py:154} INFO - [2023-11-08T22:27:16.944+0000] {dag.py:3722} INFO - Setting next_dagrun for example_short_circuit_decorator to 2023-11-07T22:27:16.944001+00:00, run_after=2023-11-08T22:27:16.944001+00:00
[2023-11-08T22:27:16.957+0000] {processor.py:179} INFO - Processing /home/airflow/.local/lib/python3.8/site-packages/airflow/example_dags/example_short_circuit_decorator.py took 0.052 seconds
[2023-11-08T22:27:47.760+0000] {processor.py:157} INFO - Started process (PID=107) to work on /home/airflow/.local/lib/python3.8/site-packages/airflow/example_dags/example_short_circuit_decorator.py
[2023-11-08T22:27:47.761+0000] {processor.py:829} INFO - Processing file /home/airflow/.local/lib/python3.8/site-packages/airflow/example_dags/example_short_circuit_decorator.py for tasks to queue
[2023-11-08T22:27:47.763+0000] {logging_mixin.py:154} INFO - [2023-11-08T22:27:47.763+0000] {dagbag.py:536} INFO - Filling up the DagBag from /home/airflow/.local/lib/python3.8/site-packages/airflow/example_dags/example_short_circuit_decorator.py
[2023-11-08T22:27:47.769+0000] {processor.py:839} INFO - DAG(s) dict_keys(['example_short_circuit_decorator']) retrieved from /home/airflow/.local/lib/python3.8/site-packages/airflow/example_dags/example_short_circuit_decorator.py
[2023-11-08T22:27:47.786+0000] {logging_mixin.py:154} INFO - [2023-11-08T22:27:47.785+0000] {dag.py:2941} INFO - Sync 1 DAGs
[2023-11-08T22:27:47.804+0000] {logging_mixin.py:154} INFO - [2023-11-08T22:27:47.804+0000] {dag.py:3722} INFO - Setting next_dagrun for example_short_circuit_decorator to 2023-11-07T22:27:47.804581+00:00, run_after=2023-11-08T22:27:47.804581+00:00
[2023-11-08T22:27:47.817+0000] {processor.py:179} INFO - Processing /home/airflow/.local/lib/python3.8/site-packages/airflow/example_dags/example_short_circuit_decorator.py took 0.060 seconds
[2023-11-08T22:28:17.909+0000] {processor.py:157} INFO - Started process (PID=161) to work on /home/airflow/.local/lib/python3.8/site-packages/airflow/example_dags/example_short_circuit_decorator.py
[2023-11-08T22:28:17.909+0000] {processor.py:829} INFO - Processing file /home/airflow/.local/lib/python3.8/site-packages/airflow/example_dags/example_short_circuit_decorator.py for tasks to queue
[2023-11-08T22:28:17.911+0000] {logging_mixin.py:154} INFO - [2023-11-08T22:28:17.910+0000] {dagbag.py:536} INFO - Filling up the DagBag from /home/airflow/.local/lib/python3.8/site-packages/airflow/example_dags/example_short_circuit_decorator.py
[2023-11-08T22:28:17.916+0000] {processor.py:839} INFO - DAG(s) dict_keys(['example_short_circuit_decorator']) retrieved from /home/airflow/.local/lib/python3.8/site-packages/airflow/example_dags/example_short_circuit_decorator.py
[2023-11-08T22:28:17.931+0000] {logging_mixin.py:154} INFO - [2023-11-08T22:28:17.931+0000] {dag.py:2941} INFO - Sync 1 DAGs
[2023-11-08T22:28:17.948+0000] {logging_mixin.py:154} INFO - [2023-11-08T22:28:17.948+0000] {dag.py:3722} INFO - Setting next_dagrun for example_short_circuit_decorator to 2023-11-07T22:28:17.948082+00:00, run_after=2023-11-08T22:28:17.948082+00:00
[2023-11-08T22:28:17.960+0000] {processor.py:179} INFO - Processing /home/airflow/.local/lib/python3.8/site-packages/airflow/example_dags/example_short_circuit_decorator.py took 0.053 seconds
[2023-11-08T22:28:48.076+0000] {processor.py:157} INFO - Started process (PID=215) to work on /home/airflow/.local/lib/python3.8/site-packages/airflow/example_dags/example_short_circuit_decorator.py
[2023-11-08T22:28:48.076+0000] {processor.py:829} INFO - Processing file /home/airflow/.local/lib/python3.8/site-packages/airflow/example_dags/example_short_circuit_decorator.py for tasks to queue
[2023-11-08T22:28:48.077+0000] {logging_mixin.py:154} INFO - [2023-11-08T22:28:48.077+0000] {dagbag.py:536} INFO - Filling up the DagBag from /home/airflow/.local/lib/python3.8/site-packages/airflow/example_dags/example_short_circuit_decorator.py
[2023-11-08T22:28:48.083+0000] {processor.py:839} INFO - DAG(s) dict_keys(['example_short_circuit_decorator']) retrieved from /home/airflow/.local/lib/python3.8/site-packages/airflow/example_dags/example_short_circuit_decorator.py
[2023-11-08T22:28:48.096+0000] {logging_mixin.py:154} INFO - [2023-11-08T22:28:48.096+0000] {dag.py:2941} INFO - Sync 1 DAGs
[2023-11-08T22:28:48.109+0000] {logging_mixin.py:154} INFO - [2023-11-08T22:28:48.109+0000] {dag.py:3722} INFO - Setting next_dagrun for example_short_circuit_decorator to 2023-11-07T22:28:48.109506+00:00, run_after=2023-11-08T22:28:48.109506+00:00
[2023-11-08T22:28:48.120+0000] {processor.py:179} INFO - Processing /home/airflow/.local/lib/python3.8/site-packages/airflow/example_dags/example_short_circuit_decorator.py took 0.046 seconds
[2023-11-08T22:29:18.798+0000] {processor.py:157} INFO - Started process (PID=269) to work on /home/airflow/.local/lib/python3.8/site-packages/airflow/example_dags/example_short_circuit_decorator.py
[2023-11-08T22:29:18.799+0000] {processor.py:829} INFO - Processing file /home/airflow/.local/lib/python3.8/site-packages/airflow/example_dags/example_short_circuit_decorator.py for tasks to queue
[2023-11-08T22:29:18.800+0000] {logging_mixin.py:154} INFO - [2023-11-08T22:29:18.800+0000] {dagbag.py:536} INFO - Filling up the DagBag from /home/airflow/.local/lib/python3.8/site-packages/airflow/example_dags/example_short_circuit_decorator.py
[2023-11-08T22:29:18.807+0000] {processor.py:839} INFO - DAG(s) dict_keys(['example_short_circuit_decorator']) retrieved from /home/airflow/.local/lib/python3.8/site-packages/airflow/example_dags/example_short_circuit_decorator.py
[2023-11-08T22:29:18.825+0000] {logging_mixin.py:154} INFO - [2023-11-08T22:29:18.825+0000] {dag.py:2941} INFO - Sync 1 DAGs
[2023-11-08T22:29:18.843+0000] {logging_mixin.py:154} INFO - [2023-11-08T22:29:18.843+0000] {dag.py:3722} INFO - Setting next_dagrun for example_short_circuit_decorator to 2023-11-07T22:29:18.843481+00:00, run_after=2023-11-08T22:29:18.843481+00:00
[2023-11-08T22:29:18.858+0000] {processor.py:179} INFO - Processing /home/airflow/.local/lib/python3.8/site-packages/airflow/example_dags/example_short_circuit_decorator.py took 0.061 seconds
[2023-11-08T22:29:48.952+0000] {processor.py:157} INFO - Started process (PID=324) to work on /home/airflow/.local/lib/python3.8/site-packages/airflow/example_dags/example_short_circuit_decorator.py
[2023-11-08T22:29:48.952+0000] {processor.py:829} INFO - Processing file /home/airflow/.local/lib/python3.8/site-packages/airflow/example_dags/example_short_circuit_decorator.py for tasks to queue
[2023-11-08T22:29:48.953+0000] {logging_mixin.py:154} INFO - [2023-11-08T22:29:48.953+0000] {dagbag.py:536} INFO - Filling up the DagBag from /home/airflow/.local/lib/python3.8/site-packages/airflow/example_dags/example_short_circuit_decorator.py
[2023-11-08T22:29:48.958+0000] {processor.py:839} INFO - DAG(s) dict_keys(['example_short_circuit_decorator']) retrieved from /home/airflow/.local/lib/python3.8/site-packages/airflow/example_dags/example_short_circuit_decorator.py
[2023-11-08T22:29:48.971+0000] {logging_mixin.py:154} INFO - [2023-11-08T22:29:48.971+0000] {dag.py:2941} INFO - Sync 1 DAGs
[2023-11-08T22:29:48.984+0000] {logging_mixin.py:154} INFO - [2023-11-08T22:29:48.984+0000] {dag.py:3722} INFO - Setting next_dagrun for example_short_circuit_decorator to 2023-11-07T22:29:48.984417+00:00, run_after=2023-11-08T22:29:48.984417+00:00
[2023-11-08T22:29:48.994+0000] {processor.py:179} INFO - Processing /home/airflow/.local/lib/python3.8/site-packages/airflow/example_dags/example_short_circuit_decorator.py took 0.044 seconds
[2023-11-08T22:30:19.728+0000] {processor.py:157} INFO - Started process (PID=378) to work on /home/airflow/.local/lib/python3.8/site-packages/airflow/example_dags/example_short_circuit_decorator.py
[2023-11-08T22:30:19.728+0000] {processor.py:829} INFO - Processing file /home/airflow/.local/lib/python3.8/site-packages/airflow/example_dags/example_short_circuit_decorator.py for tasks to queue
[2023-11-08T22:30:19.729+0000] {logging_mixin.py:154} INFO - [2023-11-08T22:30:19.729+0000] {dagbag.py:536} INFO - Filling up the DagBag from /home/airflow/.local/lib/python3.8/site-packages/airflow/example_dags/example_short_circuit_decorator.py
[2023-11-08T22:30:19.734+0000] {processor.py:839} INFO - DAG(s) dict_keys(['example_short_circuit_decorator']) retrieved from /home/airflow/.local/lib/python3.8/site-packages/airflow/example_dags/example_short_circuit_decorator.py
[2023-11-08T22:30:19.753+0000] {logging_mixin.py:154} INFO - [2023-11-08T22:30:19.753+0000] {dag.py:2941} INFO - Sync 1 DAGs
[2023-11-08T22:30:19.771+0000] {logging_mixin.py:154} INFO - [2023-11-08T22:30:19.771+0000] {dag.py:3722} INFO - Setting next_dagrun for example_short_circuit_decorator to 2023-11-07T22:30:19.771436+00:00, run_after=2023-11-08T22:30:19.771436+00:00
[2023-11-08T22:30:19.785+0000] {processor.py:179} INFO - Processing /home/airflow/.local/lib/python3.8/site-packages/airflow/example_dags/example_short_circuit_decorator.py took 0.059 seconds
[2023-11-08T22:30:50.386+0000] {processor.py:157} INFO - Started process (PID=432) to work on /home/airflow/.local/lib/python3.8/site-packages/airflow/example_dags/example_short_circuit_decorator.py
[2023-11-08T22:30:50.386+0000] {processor.py:829} INFO - Processing file /home/airflow/.local/lib/python3.8/site-packages/airflow/example_dags/example_short_circuit_decorator.py for tasks to queue
[2023-11-08T22:30:50.387+0000] {logging_mixin.py:154} INFO - [2023-11-08T22:30:50.387+0000] {dagbag.py:536} INFO - Filling up the DagBag from /home/airflow/.local/lib/python3.8/site-packages/airflow/example_dags/example_short_circuit_decorator.py
[2023-11-08T22:30:50.393+0000] {processor.py:839} INFO - DAG(s) dict_keys(['example_short_circuit_decorator']) retrieved from /home/airflow/.local/lib/python3.8/site-packages/airflow/example_dags/example_short_circuit_decorator.py
[2023-11-08T22:30:50.406+0000] {logging_mixin.py:154} INFO - [2023-11-08T22:30:50.406+0000] {dag.py:2941} INFO - Sync 1 DAGs
[2023-11-08T22:30:50.420+0000] {logging_mixin.py:154} INFO - [2023-11-08T22:30:50.420+0000] {dag.py:3722} INFO - Setting next_dagrun for example_short_circuit_decorator to 2023-11-07T22:30:50.419948+00:00, run_after=2023-11-08T22:30:50.419948+00:00
[2023-11-08T22:30:50.430+0000] {processor.py:179} INFO - Processing /home/airflow/.local/lib/python3.8/site-packages/airflow/example_dags/example_short_circuit_decorator.py took 0.046 seconds
[2023-11-08T22:31:21.368+0000] {processor.py:157} INFO - Started process (PID=486) to work on /home/airflow/.local/lib/python3.8/site-packages/airflow/example_dags/example_short_circuit_decorator.py
[2023-11-08T22:31:21.369+0000] {processor.py:829} INFO - Processing file /home/airflow/.local/lib/python3.8/site-packages/airflow/example_dags/example_short_circuit_decorator.py for tasks to queue
[2023-11-08T22:31:21.371+0000] {logging_mixin.py:154} INFO - [2023-11-08T22:31:21.371+0000] {dagbag.py:536} INFO - Filling up the DagBag from /home/airflow/.local/lib/python3.8/site-packages/airflow/example_dags/example_short_circuit_decorator.py
[2023-11-08T22:31:21.377+0000] {processor.py:839} INFO - DAG(s) dict_keys(['example_short_circuit_decorator']) retrieved from /home/airflow/.local/lib/python3.8/site-packages/airflow/example_dags/example_short_circuit_decorator.py
[2023-11-08T22:31:21.396+0000] {logging_mixin.py:154} INFO - [2023-11-08T22:31:21.395+0000] {dag.py:2941} INFO - Sync 1 DAGs
[2023-11-08T22:31:21.416+0000] {logging_mixin.py:154} INFO - [2023-11-08T22:31:21.416+0000] {dag.py:3722} INFO - Setting next_dagrun for example_short_circuit_decorator to 2023-11-07T22:31:21.416218+00:00, run_after=2023-11-08T22:31:21.416218+00:00
[2023-11-08T22:31:21.432+0000] {processor.py:179} INFO - Processing /home/airflow/.local/lib/python3.8/site-packages/airflow/example_dags/example_short_circuit_decorator.py took 0.065 seconds
[2023-11-08T22:31:51.481+0000] {processor.py:157} INFO - Started process (PID=540) to work on /home/airflow/.local/lib/python3.8/site-packages/airflow/example_dags/example_short_circuit_decorator.py
[2023-11-08T22:31:51.482+0000] {processor.py:829} INFO - Processing file /home/airflow/.local/lib/python3.8/site-packages/airflow/example_dags/example_short_circuit_decorator.py for tasks to queue
[2023-11-08T22:31:51.483+0000] {logging_mixin.py:154} INFO - [2023-11-08T22:31:51.483+0000] {dagbag.py:536} INFO - Filling up the DagBag from /home/airflow/.local/lib/python3.8/site-packages/airflow/example_dags/example_short_circuit_decorator.py
[2023-11-08T22:31:51.489+0000] {processor.py:839} INFO - DAG(s) dict_keys(['example_short_circuit_decorator']) retrieved from /home/airflow/.local/lib/python3.8/site-packages/airflow/example_dags/example_short_circuit_decorator.py
[2023-11-08T22:31:51.508+0000] {logging_mixin.py:154} INFO - [2023-11-08T22:31:51.507+0000] {dag.py:2941} INFO - Sync 1 DAGs
[2023-11-08T22:31:51.528+0000] {logging_mixin.py:154} INFO - [2023-11-08T22:31:51.528+0000] {dag.py:3722} INFO - Setting next_dagrun for example_short_circuit_decorator to 2023-11-07T22:31:51.527819+00:00, run_after=2023-11-08T22:31:51.527819+00:00
[2023-11-08T22:31:51.542+0000] {processor.py:179} INFO - Processing /home/airflow/.local/lib/python3.8/site-packages/airflow/example_dags/example_short_circuit_decorator.py took 0.062 seconds
[2023-11-08T22:32:22.540+0000] {processor.py:157} INFO - Started process (PID=595) to work on /home/airflow/.local/lib/python3.8/site-packages/airflow/example_dags/example_short_circuit_decorator.py
[2023-11-08T22:32:22.541+0000] {processor.py:829} INFO - Processing file /home/airflow/.local/lib/python3.8/site-packages/airflow/example_dags/example_short_circuit_decorator.py for tasks to queue
[2023-11-08T22:32:22.543+0000] {logging_mixin.py:154} INFO - [2023-11-08T22:32:22.543+0000] {dagbag.py:536} INFO - Filling up the DagBag from /home/airflow/.local/lib/python3.8/site-packages/airflow/example_dags/example_short_circuit_decorator.py
[2023-11-08T22:32:22.550+0000] {processor.py:839} INFO - DAG(s) dict_keys(['example_short_circuit_decorator']) retrieved from /home/airflow/.local/lib/python3.8/site-packages/airflow/example_dags/example_short_circuit_decorator.py
[2023-11-08T22:32:22.567+0000] {logging_mixin.py:154} INFO - [2023-11-08T22:32:22.567+0000] {dag.py:2941} INFO - Sync 1 DAGs
[2023-11-08T22:32:22.584+0000] {logging_mixin.py:154} INFO - [2023-11-08T22:32:22.584+0000] {dag.py:3722} INFO - Setting next_dagrun for example_short_circuit_decorator to 2023-11-07T22:32:22.583907+00:00, run_after=2023-11-08T22:32:22.583907+00:00
[2023-11-08T22:32:22.598+0000] {processor.py:179} INFO - Processing /home/airflow/.local/lib/python3.8/site-packages/airflow/example_dags/example_short_circuit_decorator.py took 0.060 seconds
[2023-11-08T22:32:52.649+0000] {processor.py:157} INFO - Started process (PID=650) to work on /home/airflow/.local/lib/python3.8/site-packages/airflow/example_dags/example_short_circuit_decorator.py
[2023-11-08T22:32:52.649+0000] {processor.py:829} INFO - Processing file /home/airflow/.local/lib/python3.8/site-packages/airflow/example_dags/example_short_circuit_decorator.py for tasks to queue
[2023-11-08T22:32:52.650+0000] {logging_mixin.py:154} INFO - [2023-11-08T22:32:52.650+0000] {dagbag.py:536} INFO - Filling up the DagBag from /home/airflow/.local/lib/python3.8/site-packages/airflow/example_dags/example_short_circuit_decorator.py
[2023-11-08T22:32:52.655+0000] {processor.py:839} INFO - DAG(s) dict_keys(['example_short_circuit_decorator']) retrieved from /home/airflow/.local/lib/python3.8/site-packages/airflow/example_dags/example_short_circuit_decorator.py
[2023-11-08T22:32:52.668+0000] {logging_mixin.py:154} INFO - [2023-11-08T22:32:52.668+0000] {dag.py:2941} INFO - Sync 1 DAGs
[2023-11-08T22:32:52.681+0000] {logging_mixin.py:154} INFO - [2023-11-08T22:32:52.681+0000] {dag.py:3722} INFO - Setting next_dagrun for example_short_circuit_decorator to 2023-11-07T22:32:52.681581+00:00, run_after=2023-11-08T22:32:52.681581+00:00
[2023-11-08T22:32:52.693+0000] {processor.py:179} INFO - Processing /home/airflow/.local/lib/python3.8/site-packages/airflow/example_dags/example_short_circuit_decorator.py took 0.046 seconds
[2023-11-08T22:33:22.811+0000] {processor.py:157} INFO - Started process (PID=705) to work on /home/airflow/.local/lib/python3.8/site-packages/airflow/example_dags/example_short_circuit_decorator.py
[2023-11-08T22:33:22.814+0000] {processor.py:829} INFO - Processing file /home/airflow/.local/lib/python3.8/site-packages/airflow/example_dags/example_short_circuit_decorator.py for tasks to queue
[2023-11-08T22:33:22.815+0000] {logging_mixin.py:154} INFO - [2023-11-08T22:33:22.815+0000] {dagbag.py:536} INFO - Filling up the DagBag from /home/airflow/.local/lib/python3.8/site-packages/airflow/example_dags/example_short_circuit_decorator.py
[2023-11-08T22:33:22.820+0000] {processor.py:839} INFO - DAG(s) dict_keys(['example_short_circuit_decorator']) retrieved from /home/airflow/.local/lib/python3.8/site-packages/airflow/example_dags/example_short_circuit_decorator.py
[2023-11-08T22:33:22.838+0000] {logging_mixin.py:154} INFO - [2023-11-08T22:33:22.838+0000] {dag.py:2941} INFO - Sync 1 DAGs
[2023-11-08T22:33:22.857+0000] {logging_mixin.py:154} INFO - [2023-11-08T22:33:22.857+0000] {dag.py:3722} INFO - Setting next_dagrun for example_short_circuit_decorator to 2023-11-07T22:33:22.857576+00:00, run_after=2023-11-08T22:33:22.857576+00:00
[2023-11-08T22:33:22.868+0000] {processor.py:179} INFO - Processing /home/airflow/.local/lib/python3.8/site-packages/airflow/example_dags/example_short_circuit_decorator.py took 0.059 seconds
[2023-11-08T22:33:52.915+0000] {processor.py:157} INFO - Started process (PID=760) to work on /home/airflow/.local/lib/python3.8/site-packages/airflow/example_dags/example_short_circuit_decorator.py
[2023-11-08T22:33:52.915+0000] {processor.py:829} INFO - Processing file /home/airflow/.local/lib/python3.8/site-packages/airflow/example_dags/example_short_circuit_decorator.py for tasks to queue
[2023-11-08T22:33:52.916+0000] {logging_mixin.py:154} INFO - [2023-11-08T22:33:52.916+0000] {dagbag.py:536} INFO - Filling up the DagBag from /home/airflow/.local/lib/python3.8/site-packages/airflow/example_dags/example_short_circuit_decorator.py
[2023-11-08T22:33:52.922+0000] {processor.py:839} INFO - DAG(s) dict_keys(['example_short_circuit_decorator']) retrieved from /home/airflow/.local/lib/python3.8/site-packages/airflow/example_dags/example_short_circuit_decorator.py
[2023-11-08T22:33:52.936+0000] {logging_mixin.py:154} INFO - [2023-11-08T22:33:52.935+0000] {dag.py:2941} INFO - Sync 1 DAGs
[2023-11-08T22:33:52.948+0000] {logging_mixin.py:154} INFO - [2023-11-08T22:33:52.948+0000] {dag.py:3722} INFO - Setting next_dagrun for example_short_circuit_decorator to 2023-11-07T22:33:52.948033+00:00, run_after=2023-11-08T22:33:52.948033+00:00
[2023-11-08T22:33:52.959+0000] {processor.py:179} INFO - Processing /home/airflow/.local/lib/python3.8/site-packages/airflow/example_dags/example_short_circuit_decorator.py took 0.046 seconds
[2023-11-08T22:34:23.527+0000] {processor.py:157} INFO - Started process (PID=815) to work on /home/airflow/.local/lib/python3.8/site-packages/airflow/example_dags/example_short_circuit_decorator.py
[2023-11-08T22:34:23.527+0000] {processor.py:829} INFO - Processing file /home/airflow/.local/lib/python3.8/site-packages/airflow/example_dags/example_short_circuit_decorator.py for tasks to queue
[2023-11-08T22:34:23.529+0000] {logging_mixin.py:154} INFO - [2023-11-08T22:34:23.528+0000] {dagbag.py:536} INFO - Filling up the DagBag from /home/airflow/.local/lib/python3.8/site-packages/airflow/example_dags/example_short_circuit_decorator.py
[2023-11-08T22:34:23.534+0000] {processor.py:839} INFO - DAG(s) dict_keys(['example_short_circuit_decorator']) retrieved from /home/airflow/.local/lib/python3.8/site-packages/airflow/example_dags/example_short_circuit_decorator.py
[2023-11-08T22:34:23.547+0000] {logging_mixin.py:154} INFO - [2023-11-08T22:34:23.547+0000] {dag.py:2941} INFO - Sync 1 DAGs
[2023-11-08T22:34:23.559+0000] {logging_mixin.py:154} INFO - [2023-11-08T22:34:23.559+0000] {dag.py:3722} INFO - Setting next_dagrun for example_short_circuit_decorator to 2023-11-07T22:34:23.558860+00:00, run_after=2023-11-08T22:34:23.558860+00:00
[2023-11-08T22:34:23.568+0000] {processor.py:179} INFO - Processing /home/airflow/.local/lib/python3.8/site-packages/airflow/example_dags/example_short_circuit_decorator.py took 0.044 seconds
[2023-11-08T22:34:54.063+0000] {processor.py:157} INFO - Started process (PID=870) to work on /home/airflow/.local/lib/python3.8/site-packages/airflow/example_dags/example_short_circuit_decorator.py
[2023-11-08T22:34:54.066+0000] {processor.py:829} INFO - Processing file /home/airflow/.local/lib/python3.8/site-packages/airflow/example_dags/example_short_circuit_decorator.py for tasks to queue
[2023-11-08T22:34:54.068+0000] {logging_mixin.py:154} INFO - [2023-11-08T22:34:54.068+0000] {dagbag.py:536} INFO - Filling up the DagBag from /home/airflow/.local/lib/python3.8/site-packages/airflow/example_dags/example_short_circuit_decorator.py
[2023-11-08T22:34:54.079+0000] {processor.py:839} INFO - DAG(s) dict_keys(['example_short_circuit_decorator']) retrieved from /home/airflow/.local/lib/python3.8/site-packages/airflow/example_dags/example_short_circuit_decorator.py
[2023-11-08T22:34:54.093+0000] {logging_mixin.py:154} INFO - [2023-11-08T22:34:54.093+0000] {dag.py:2941} INFO - Sync 1 DAGs
[2023-11-08T22:34:54.106+0000] {logging_mixin.py:154} INFO - [2023-11-08T22:34:54.106+0000] {dag.py:3722} INFO - Setting next_dagrun for example_short_circuit_decorator to 2023-11-07T22:34:54.106291+00:00, run_after=2023-11-08T22:34:54.106291+00:00
[2023-11-08T22:34:54.116+0000] {processor.py:179} INFO - Processing /home/airflow/.local/lib/python3.8/site-packages/airflow/example_dags/example_short_circuit_decorator.py took 0.056 seconds
[2023-11-08T22:35:24.859+0000] {processor.py:157} INFO - Started process (PID=925) to work on /home/airflow/.local/lib/python3.8/site-packages/airflow/example_dags/example_short_circuit_decorator.py
[2023-11-08T22:35:24.861+0000] {processor.py:829} INFO - Processing file /home/airflow/.local/lib/python3.8/site-packages/airflow/example_dags/example_short_circuit_decorator.py for tasks to queue
[2023-11-08T22:35:24.862+0000] {logging_mixin.py:154} INFO - [2023-11-08T22:35:24.862+0000] {dagbag.py:536} INFO - Filling up the DagBag from /home/airflow/.local/lib/python3.8/site-packages/airflow/example_dags/example_short_circuit_decorator.py
[2023-11-08T22:35:24.868+0000] {processor.py:839} INFO - DAG(s) dict_keys(['example_short_circuit_decorator']) retrieved from /home/airflow/.local/lib/python3.8/site-packages/airflow/example_dags/example_short_circuit_decorator.py
[2023-11-08T22:35:24.886+0000] {logging_mixin.py:154} INFO - [2023-11-08T22:35:24.885+0000] {dag.py:2941} INFO - Sync 1 DAGs
[2023-11-08T22:35:24.907+0000] {logging_mixin.py:154} INFO - [2023-11-08T22:35:24.907+0000] {dag.py:3722} INFO - Setting next_dagrun for example_short_circuit_decorator to 2023-11-07T22:35:24.907345+00:00, run_after=2023-11-08T22:35:24.907345+00:00
[2023-11-08T22:35:24.922+0000] {processor.py:179} INFO - Processing /home/airflow/.local/lib/python3.8/site-packages/airflow/example_dags/example_short_circuit_decorator.py took 0.064 seconds
[2023-11-08T22:35:55.901+0000] {processor.py:157} INFO - Started process (PID=980) to work on /home/airflow/.local/lib/python3.8/site-packages/airflow/example_dags/example_short_circuit_decorator.py
[2023-11-08T22:35:55.902+0000] {processor.py:829} INFO - Processing file /home/airflow/.local/lib/python3.8/site-packages/airflow/example_dags/example_short_circuit_decorator.py for tasks to queue
[2023-11-08T22:35:55.904+0000] {logging_mixin.py:154} INFO - [2023-11-08T22:35:55.903+0000] {dagbag.py:536} INFO - Filling up the DagBag from /home/airflow/.local/lib/python3.8/site-packages/airflow/example_dags/example_short_circuit_decorator.py
[2023-11-08T22:35:55.911+0000] {processor.py:839} INFO - DAG(s) dict_keys(['example_short_circuit_decorator']) retrieved from /home/airflow/.local/lib/python3.8/site-packages/airflow/example_dags/example_short_circuit_decorator.py
[2023-11-08T22:35:55.925+0000] {logging_mixin.py:154} INFO - [2023-11-08T22:35:55.925+0000] {dag.py:2941} INFO - Sync 1 DAGs
[2023-11-08T22:35:55.939+0000] {logging_mixin.py:154} INFO - [2023-11-08T22:35:55.939+0000] {dag.py:3722} INFO - Setting next_dagrun for example_short_circuit_decorator to 2023-11-07T22:35:55.939303+00:00, run_after=2023-11-08T22:35:55.939303+00:00
[2023-11-08T22:35:55.950+0000] {processor.py:179} INFO - Processing /home/airflow/.local/lib/python3.8/site-packages/airflow/example_dags/example_short_circuit_decorator.py took 0.052 seconds
[2023-11-08T22:36:26.467+0000] {processor.py:157} INFO - Started process (PID=1035) to work on /home/airflow/.local/lib/python3.8/site-packages/airflow/example_dags/example_short_circuit_decorator.py
[2023-11-08T22:36:26.468+0000] {processor.py:829} INFO - Processing file /home/airflow/.local/lib/python3.8/site-packages/airflow/example_dags/example_short_circuit_decorator.py for tasks to queue
[2023-11-08T22:36:26.469+0000] {logging_mixin.py:154} INFO - [2023-11-08T22:36:26.469+0000] {dagbag.py:536} INFO - Filling up the DagBag from /home/airflow/.local/lib/python3.8/site-packages/airflow/example_dags/example_short_circuit_decorator.py
[2023-11-08T22:36:26.474+0000] {processor.py:839} INFO - DAG(s) dict_keys(['example_short_circuit_decorator']) retrieved from /home/airflow/.local/lib/python3.8/site-packages/airflow/example_dags/example_short_circuit_decorator.py
[2023-11-08T22:36:26.489+0000] {logging_mixin.py:154} INFO - [2023-11-08T22:36:26.489+0000] {dag.py:2941} INFO - Sync 1 DAGs
[2023-11-08T22:36:26.502+0000] {logging_mixin.py:154} INFO - [2023-11-08T22:36:26.502+0000] {dag.py:3722} INFO - Setting next_dagrun for example_short_circuit_decorator to 2023-11-07T22:36:26.501881+00:00, run_after=2023-11-08T22:36:26.501881+00:00
[2023-11-08T22:36:26.512+0000] {processor.py:179} INFO - Processing /home/airflow/.local/lib/python3.8/site-packages/airflow/example_dags/example_short_circuit_decorator.py took 0.047 seconds
[2023-11-08T22:36:57.122+0000] {processor.py:157} INFO - Started process (PID=1092) to work on /home/airflow/.local/lib/python3.8/site-packages/airflow/example_dags/example_short_circuit_decorator.py
[2023-11-08T22:36:57.122+0000] {processor.py:829} INFO - Processing file /home/airflow/.local/lib/python3.8/site-packages/airflow/example_dags/example_short_circuit_decorator.py for tasks to queue
[2023-11-08T22:36:57.123+0000] {logging_mixin.py:154} INFO - [2023-11-08T22:36:57.123+0000] {dagbag.py:536} INFO - Filling up the DagBag from /home/airflow/.local/lib/python3.8/site-packages/airflow/example_dags/example_short_circuit_decorator.py
[2023-11-08T22:36:57.128+0000] {processor.py:839} INFO - DAG(s) dict_keys(['example_short_circuit_decorator']) retrieved from /home/airflow/.local/lib/python3.8/site-packages/airflow/example_dags/example_short_circuit_decorator.py
[2023-11-08T22:36:57.142+0000] {logging_mixin.py:154} INFO - [2023-11-08T22:36:57.142+0000] {dag.py:2941} INFO - Sync 1 DAGs
[2023-11-08T22:36:57.155+0000] {logging_mixin.py:154} INFO - [2023-11-08T22:36:57.155+0000] {dag.py:3722} INFO - Setting next_dagrun for example_short_circuit_decorator to 2023-11-07T22:36:57.155459+00:00, run_after=2023-11-08T22:36:57.155459+00:00
[2023-11-08T22:36:57.165+0000] {processor.py:179} INFO - Processing /home/airflow/.local/lib/python3.8/site-packages/airflow/example_dags/example_short_circuit_decorator.py took 0.045 seconds
[2023-11-08T22:37:27.988+0000] {processor.py:157} INFO - Started process (PID=1147) to work on /home/airflow/.local/lib/python3.8/site-packages/airflow/example_dags/example_short_circuit_decorator.py
[2023-11-08T22:37:27.989+0000] {processor.py:829} INFO - Processing file /home/airflow/.local/lib/python3.8/site-packages/airflow/example_dags/example_short_circuit_decorator.py for tasks to queue
[2023-11-08T22:37:27.990+0000] {logging_mixin.py:154} INFO - [2023-11-08T22:37:27.990+0000] {dagbag.py:536} INFO - Filling up the DagBag from /home/airflow/.local/lib/python3.8/site-packages/airflow/example_dags/example_short_circuit_decorator.py
[2023-11-08T22:37:27.995+0000] {processor.py:839} INFO - DAG(s) dict_keys(['example_short_circuit_decorator']) retrieved from /home/airflow/.local/lib/python3.8/site-packages/airflow/example_dags/example_short_circuit_decorator.py
[2023-11-08T22:37:28.010+0000] {logging_mixin.py:154} INFO - [2023-11-08T22:37:28.010+0000] {dag.py:2941} INFO - Sync 1 DAGs
[2023-11-08T22:37:28.027+0000] {logging_mixin.py:154} INFO - [2023-11-08T22:37:28.027+0000] {dag.py:3722} INFO - Setting next_dagrun for example_short_circuit_decorator to 2023-11-07T22:37:28.027009+00:00, run_after=2023-11-08T22:37:28.027009+00:00
[2023-11-08T22:37:28.040+0000] {processor.py:179} INFO - Processing /home/airflow/.local/lib/python3.8/site-packages/airflow/example_dags/example_short_circuit_decorator.py took 0.053 seconds
[2023-11-08T22:37:58.503+0000] {processor.py:157} INFO - Started process (PID=1202) to work on /home/airflow/.local/lib/python3.8/site-packages/airflow/example_dags/example_short_circuit_decorator.py
[2023-11-08T22:37:58.503+0000] {processor.py:829} INFO - Processing file /home/airflow/.local/lib/python3.8/site-packages/airflow/example_dags/example_short_circuit_decorator.py for tasks to queue
[2023-11-08T22:37:58.505+0000] {logging_mixin.py:154} INFO - [2023-11-08T22:37:58.504+0000] {dagbag.py:536} INFO - Filling up the DagBag from /home/airflow/.local/lib/python3.8/site-packages/airflow/example_dags/example_short_circuit_decorator.py
[2023-11-08T22:37:58.509+0000] {processor.py:839} INFO - DAG(s) dict_keys(['example_short_circuit_decorator']) retrieved from /home/airflow/.local/lib/python3.8/site-packages/airflow/example_dags/example_short_circuit_decorator.py
[2023-11-08T22:37:58.524+0000] {logging_mixin.py:154} INFO - [2023-11-08T22:37:58.523+0000] {dag.py:2941} INFO - Sync 1 DAGs
[2023-11-08T22:37:58.540+0000] {logging_mixin.py:154} INFO - [2023-11-08T22:37:58.540+0000] {dag.py:3722} INFO - Setting next_dagrun for example_short_circuit_decorator to 2023-11-07T22:37:58.540522+00:00, run_after=2023-11-08T22:37:58.540522+00:00
[2023-11-08T22:37:58.551+0000] {processor.py:179} INFO - Processing /home/airflow/.local/lib/python3.8/site-packages/airflow/example_dags/example_short_circuit_decorator.py took 0.050 seconds
[2023-11-08T22:38:29.061+0000] {processor.py:157} INFO - Started process (PID=1257) to work on /home/airflow/.local/lib/python3.8/site-packages/airflow/example_dags/example_short_circuit_decorator.py
[2023-11-08T22:38:29.062+0000] {processor.py:829} INFO - Processing file /home/airflow/.local/lib/python3.8/site-packages/airflow/example_dags/example_short_circuit_decorator.py for tasks to queue
[2023-11-08T22:38:29.063+0000] {logging_mixin.py:154} INFO - [2023-11-08T22:38:29.063+0000] {dagbag.py:536} INFO - Filling up the DagBag from /home/airflow/.local/lib/python3.8/site-packages/airflow/example_dags/example_short_circuit_decorator.py
[2023-11-08T22:38:29.068+0000] {processor.py:839} INFO - DAG(s) dict_keys(['example_short_circuit_decorator']) retrieved from /home/airflow/.local/lib/python3.8/site-packages/airflow/example_dags/example_short_circuit_decorator.py
[2023-11-08T22:38:29.081+0000] {logging_mixin.py:154} INFO - [2023-11-08T22:38:29.081+0000] {dag.py:2941} INFO - Sync 1 DAGs
[2023-11-08T22:38:29.096+0000] {logging_mixin.py:154} INFO - [2023-11-08T22:38:29.096+0000] {dag.py:3722} INFO - Setting next_dagrun for example_short_circuit_decorator to 2023-11-07T22:38:29.096704+00:00, run_after=2023-11-08T22:38:29.096704+00:00
[2023-11-08T22:38:29.107+0000] {processor.py:179} INFO - Processing /home/airflow/.local/lib/python3.8/site-packages/airflow/example_dags/example_short_circuit_decorator.py took 0.048 seconds
[2023-11-08T22:38:59.698+0000] {processor.py:157} INFO - Started process (PID=1313) to work on /home/airflow/.local/lib/python3.8/site-packages/airflow/example_dags/example_short_circuit_decorator.py
[2023-11-08T22:38:59.699+0000] {processor.py:829} INFO - Processing file /home/airflow/.local/lib/python3.8/site-packages/airflow/example_dags/example_short_circuit_decorator.py for tasks to queue
[2023-11-08T22:38:59.700+0000] {logging_mixin.py:154} INFO - [2023-11-08T22:38:59.700+0000] {dagbag.py:536} INFO - Filling up the DagBag from /home/airflow/.local/lib/python3.8/site-packages/airflow/example_dags/example_short_circuit_decorator.py
[2023-11-08T22:38:59.705+0000] {processor.py:839} INFO - DAG(s) dict_keys(['example_short_circuit_decorator']) retrieved from /home/airflow/.local/lib/python3.8/site-packages/airflow/example_dags/example_short_circuit_decorator.py
[2023-11-08T22:38:59.718+0000] {logging_mixin.py:154} INFO - [2023-11-08T22:38:59.718+0000] {dag.py:2941} INFO - Sync 1 DAGs
[2023-11-08T22:38:59.731+0000] {logging_mixin.py:154} INFO - [2023-11-08T22:38:59.731+0000] {dag.py:3722} INFO - Setting next_dagrun for example_short_circuit_decorator to 2023-11-07T22:38:59.731274+00:00, run_after=2023-11-08T22:38:59.731274+00:00
[2023-11-08T22:38:59.741+0000] {processor.py:179} INFO - Processing /home/airflow/.local/lib/python3.8/site-packages/airflow/example_dags/example_short_circuit_decorator.py took 0.045 seconds
[2023-11-08T22:39:30.250+0000] {processor.py:157} INFO - Started process (PID=1369) to work on /home/airflow/.local/lib/python3.8/site-packages/airflow/example_dags/example_short_circuit_decorator.py
[2023-11-08T22:39:30.250+0000] {processor.py:829} INFO - Processing file /home/airflow/.local/lib/python3.8/site-packages/airflow/example_dags/example_short_circuit_decorator.py for tasks to queue
[2023-11-08T22:39:30.252+0000] {logging_mixin.py:154} INFO - [2023-11-08T22:39:30.251+0000] {dagbag.py:536} INFO - Filling up the DagBag from /home/airflow/.local/lib/python3.8/site-packages/airflow/example_dags/example_short_circuit_decorator.py
[2023-11-08T22:39:30.257+0000] {processor.py:839} INFO - DAG(s) dict_keys(['example_short_circuit_decorator']) retrieved from /home/airflow/.local/lib/python3.8/site-packages/airflow/example_dags/example_short_circuit_decorator.py
[2023-11-08T22:39:30.272+0000] {logging_mixin.py:154} INFO - [2023-11-08T22:39:30.272+0000] {dag.py:2941} INFO - Sync 1 DAGs
[2023-11-08T22:39:30.287+0000] {logging_mixin.py:154} INFO - [2023-11-08T22:39:30.286+0000] {dag.py:3722} INFO - Setting next_dagrun for example_short_circuit_decorator to 2023-11-07T22:39:30.286755+00:00, run_after=2023-11-08T22:39:30.286755+00:00
[2023-11-08T22:39:30.298+0000] {processor.py:179} INFO - Processing /home/airflow/.local/lib/python3.8/site-packages/airflow/example_dags/example_short_circuit_decorator.py took 0.050 seconds
[2023-11-08T22:40:00.876+0000] {processor.py:157} INFO - Started process (PID=1424) to work on /home/airflow/.local/lib/python3.8/site-packages/airflow/example_dags/example_short_circuit_decorator.py
[2023-11-08T22:40:00.877+0000] {processor.py:829} INFO - Processing file /home/airflow/.local/lib/python3.8/site-packages/airflow/example_dags/example_short_circuit_decorator.py for tasks to queue
[2023-11-08T22:40:00.878+0000] {logging_mixin.py:154} INFO - [2023-11-08T22:40:00.878+0000] {dagbag.py:536} INFO - Filling up the DagBag from /home/airflow/.local/lib/python3.8/site-packages/airflow/example_dags/example_short_circuit_decorator.py
[2023-11-08T22:40:00.884+0000] {processor.py:839} INFO - DAG(s) dict_keys(['example_short_circuit_decorator']) retrieved from /home/airflow/.local/lib/python3.8/site-packages/airflow/example_dags/example_short_circuit_decorator.py
[2023-11-08T22:40:00.897+0000] {logging_mixin.py:154} INFO - [2023-11-08T22:40:00.897+0000] {dag.py:2941} INFO - Sync 1 DAGs
[2023-11-08T22:40:00.910+0000] {logging_mixin.py:154} INFO - [2023-11-08T22:40:00.910+0000] {dag.py:3722} INFO - Setting next_dagrun for example_short_circuit_decorator to 2023-11-07T22:40:00.910699+00:00, run_after=2023-11-08T22:40:00.910699+00:00
[2023-11-08T22:40:00.922+0000] {processor.py:179} INFO - Processing /home/airflow/.local/lib/python3.8/site-packages/airflow/example_dags/example_short_circuit_decorator.py took 0.047 seconds
[2023-11-08T22:40:31.476+0000] {processor.py:157} INFO - Started process (PID=1479) to work on /home/airflow/.local/lib/python3.8/site-packages/airflow/example_dags/example_short_circuit_decorator.py
[2023-11-08T22:40:31.477+0000] {processor.py:829} INFO - Processing file /home/airflow/.local/lib/python3.8/site-packages/airflow/example_dags/example_short_circuit_decorator.py for tasks to queue
[2023-11-08T22:40:31.479+0000] {logging_mixin.py:154} INFO - [2023-11-08T22:40:31.478+0000] {dagbag.py:536} INFO - Filling up the DagBag from /home/airflow/.local/lib/python3.8/site-packages/airflow/example_dags/example_short_circuit_decorator.py
[2023-11-08T22:40:31.483+0000] {processor.py:839} INFO - DAG(s) dict_keys(['example_short_circuit_decorator']) retrieved from /home/airflow/.local/lib/python3.8/site-packages/airflow/example_dags/example_short_circuit_decorator.py
[2023-11-08T22:40:31.498+0000] {logging_mixin.py:154} INFO - [2023-11-08T22:40:31.498+0000] {dag.py:2941} INFO - Sync 1 DAGs
[2023-11-08T22:40:31.512+0000] {logging_mixin.py:154} INFO - [2023-11-08T22:40:31.512+0000] {dag.py:3722} INFO - Setting next_dagrun for example_short_circuit_decorator to 2023-11-07T22:40:31.512094+00:00, run_after=2023-11-08T22:40:31.512094+00:00
[2023-11-08T22:40:31.522+0000] {processor.py:179} INFO - Processing /home/airflow/.local/lib/python3.8/site-packages/airflow/example_dags/example_short_circuit_decorator.py took 0.047 seconds
[2023-11-08T22:41:01.993+0000] {processor.py:157} INFO - Started process (PID=1534) to work on /home/airflow/.local/lib/python3.8/site-packages/airflow/example_dags/example_short_circuit_decorator.py
[2023-11-08T22:41:01.994+0000] {processor.py:829} INFO - Processing file /home/airflow/.local/lib/python3.8/site-packages/airflow/example_dags/example_short_circuit_decorator.py for tasks to queue
[2023-11-08T22:41:01.995+0000] {logging_mixin.py:154} INFO - [2023-11-08T22:41:01.995+0000] {dagbag.py:536} INFO - Filling up the DagBag from /home/airflow/.local/lib/python3.8/site-packages/airflow/example_dags/example_short_circuit_decorator.py
[2023-11-08T22:41:02.000+0000] {processor.py:839} INFO - DAG(s) dict_keys(['example_short_circuit_decorator']) retrieved from /home/airflow/.local/lib/python3.8/site-packages/airflow/example_dags/example_short_circuit_decorator.py
[2023-11-08T22:41:02.014+0000] {logging_mixin.py:154} INFO - [2023-11-08T22:41:02.014+0000] {dag.py:2941} INFO - Sync 1 DAGs
[2023-11-08T22:41:02.028+0000] {logging_mixin.py:154} INFO - [2023-11-08T22:41:02.027+0000] {dag.py:3722} INFO - Setting next_dagrun for example_short_circuit_decorator to 2023-11-07T22:41:02.027869+00:00, run_after=2023-11-08T22:41:02.027869+00:00
[2023-11-08T22:41:02.038+0000] {processor.py:179} INFO - Processing /home/airflow/.local/lib/python3.8/site-packages/airflow/example_dags/example_short_circuit_decorator.py took 0.047 seconds
[2023-11-08T22:41:32.680+0000] {processor.py:157} INFO - Started process (PID=1589) to work on /home/airflow/.local/lib/python3.8/site-packages/airflow/example_dags/example_short_circuit_decorator.py
[2023-11-08T22:41:32.680+0000] {processor.py:829} INFO - Processing file /home/airflow/.local/lib/python3.8/site-packages/airflow/example_dags/example_short_circuit_decorator.py for tasks to queue
[2023-11-08T22:41:32.682+0000] {logging_mixin.py:154} INFO - [2023-11-08T22:41:32.682+0000] {dagbag.py:536} INFO - Filling up the DagBag from /home/airflow/.local/lib/python3.8/site-packages/airflow/example_dags/example_short_circuit_decorator.py
[2023-11-08T22:41:32.687+0000] {processor.py:839} INFO - DAG(s) dict_keys(['example_short_circuit_decorator']) retrieved from /home/airflow/.local/lib/python3.8/site-packages/airflow/example_dags/example_short_circuit_decorator.py
[2023-11-08T22:41:32.701+0000] {logging_mixin.py:154} INFO - [2023-11-08T22:41:32.701+0000] {dag.py:2941} INFO - Sync 1 DAGs
[2023-11-08T22:41:32.714+0000] {logging_mixin.py:154} INFO - [2023-11-08T22:41:32.714+0000] {dag.py:3722} INFO - Setting next_dagrun for example_short_circuit_decorator to 2023-11-07T22:41:32.714287+00:00, run_after=2023-11-08T22:41:32.714287+00:00
[2023-11-08T22:41:32.725+0000] {processor.py:179} INFO - Processing /home/airflow/.local/lib/python3.8/site-packages/airflow/example_dags/example_short_circuit_decorator.py took 0.047 seconds
[2023-11-08T22:42:03.294+0000] {processor.py:157} INFO - Started process (PID=1645) to work on /home/airflow/.local/lib/python3.8/site-packages/airflow/example_dags/example_short_circuit_decorator.py
[2023-11-08T22:42:03.295+0000] {processor.py:829} INFO - Processing file /home/airflow/.local/lib/python3.8/site-packages/airflow/example_dags/example_short_circuit_decorator.py for tasks to queue
[2023-11-08T22:42:03.296+0000] {logging_mixin.py:154} INFO - [2023-11-08T22:42:03.296+0000] {dagbag.py:536} INFO - Filling up the DagBag from /home/airflow/.local/lib/python3.8/site-packages/airflow/example_dags/example_short_circuit_decorator.py
[2023-11-08T22:42:03.301+0000] {processor.py:839} INFO - DAG(s) dict_keys(['example_short_circuit_decorator']) retrieved from /home/airflow/.local/lib/python3.8/site-packages/airflow/example_dags/example_short_circuit_decorator.py
[2023-11-08T22:42:03.314+0000] {logging_mixin.py:154} INFO - [2023-11-08T22:42:03.314+0000] {dag.py:2941} INFO - Sync 1 DAGs
[2023-11-08T22:42:03.327+0000] {logging_mixin.py:154} INFO - [2023-11-08T22:42:03.327+0000] {dag.py:3722} INFO - Setting next_dagrun for example_short_circuit_decorator to 2023-11-07T22:42:03.327632+00:00, run_after=2023-11-08T22:42:03.327632+00:00
[2023-11-08T22:42:03.337+0000] {processor.py:179} INFO - Processing /home/airflow/.local/lib/python3.8/site-packages/airflow/example_dags/example_short_circuit_decorator.py took 0.045 seconds
[2023-11-08T22:42:33.844+0000] {processor.py:157} INFO - Started process (PID=1700) to work on /home/airflow/.local/lib/python3.8/site-packages/airflow/example_dags/example_short_circuit_decorator.py
[2023-11-08T22:42:33.844+0000] {processor.py:829} INFO - Processing file /home/airflow/.local/lib/python3.8/site-packages/airflow/example_dags/example_short_circuit_decorator.py for tasks to queue
[2023-11-08T22:42:33.846+0000] {logging_mixin.py:154} INFO - [2023-11-08T22:42:33.845+0000] {dagbag.py:536} INFO - Filling up the DagBag from /home/airflow/.local/lib/python3.8/site-packages/airflow/example_dags/example_short_circuit_decorator.py
[2023-11-08T22:42:33.850+0000] {processor.py:839} INFO - DAG(s) dict_keys(['example_short_circuit_decorator']) retrieved from /home/airflow/.local/lib/python3.8/site-packages/airflow/example_dags/example_short_circuit_decorator.py
[2023-11-08T22:42:33.864+0000] {logging_mixin.py:154} INFO - [2023-11-08T22:42:33.863+0000] {dag.py:2941} INFO - Sync 1 DAGs
[2023-11-08T22:42:33.876+0000] {logging_mixin.py:154} INFO - [2023-11-08T22:42:33.876+0000] {dag.py:3722} INFO - Setting next_dagrun for example_short_circuit_decorator to 2023-11-07T22:42:33.876396+00:00, run_after=2023-11-08T22:42:33.876396+00:00
[2023-11-08T22:42:33.886+0000] {processor.py:179} INFO - Processing /home/airflow/.local/lib/python3.8/site-packages/airflow/example_dags/example_short_circuit_decorator.py took 0.044 seconds
[2023-11-08T22:43:04.477+0000] {processor.py:157} INFO - Started process (PID=1755) to work on /home/airflow/.local/lib/python3.8/site-packages/airflow/example_dags/example_short_circuit_decorator.py
[2023-11-08T22:43:04.478+0000] {processor.py:829} INFO - Processing file /home/airflow/.local/lib/python3.8/site-packages/airflow/example_dags/example_short_circuit_decorator.py for tasks to queue
[2023-11-08T22:43:04.479+0000] {logging_mixin.py:154} INFO - [2023-11-08T22:43:04.479+0000] {dagbag.py:536} INFO - Filling up the DagBag from /home/airflow/.local/lib/python3.8/site-packages/airflow/example_dags/example_short_circuit_decorator.py
[2023-11-08T22:43:04.484+0000] {processor.py:839} INFO - DAG(s) dict_keys(['example_short_circuit_decorator']) retrieved from /home/airflow/.local/lib/python3.8/site-packages/airflow/example_dags/example_short_circuit_decorator.py
[2023-11-08T22:43:04.499+0000] {logging_mixin.py:154} INFO - [2023-11-08T22:43:04.498+0000] {dag.py:2941} INFO - Sync 1 DAGs
[2023-11-08T22:43:04.512+0000] {logging_mixin.py:154} INFO - [2023-11-08T22:43:04.512+0000] {dag.py:3722} INFO - Setting next_dagrun for example_short_circuit_decorator to 2023-11-07T22:43:04.512718+00:00, run_after=2023-11-08T22:43:04.512718+00:00
[2023-11-08T22:43:04.523+0000] {processor.py:179} INFO - Processing /home/airflow/.local/lib/python3.8/site-packages/airflow/example_dags/example_short_circuit_decorator.py took 0.048 seconds
[2023-11-08T22:43:38.175+0000] {processor.py:157} INFO - Started process (PID=54) to work on /home/airflow/.local/lib/python3.8/site-packages/airflow/example_dags/example_short_circuit_decorator.py
[2023-11-08T22:43:38.176+0000] {processor.py:829} INFO - Processing file /home/airflow/.local/lib/python3.8/site-packages/airflow/example_dags/example_short_circuit_decorator.py for tasks to queue
[2023-11-08T22:43:38.178+0000] {logging_mixin.py:154} INFO - [2023-11-08T22:43:38.177+0000] {dagbag.py:536} INFO - Filling up the DagBag from /home/airflow/.local/lib/python3.8/site-packages/airflow/example_dags/example_short_circuit_decorator.py
[2023-11-08T22:43:38.185+0000] {processor.py:839} INFO - DAG(s) dict_keys(['example_short_circuit_decorator']) retrieved from /home/airflow/.local/lib/python3.8/site-packages/airflow/example_dags/example_short_circuit_decorator.py
[2023-11-08T22:43:38.193+0000] {logging_mixin.py:154} INFO - [2023-11-08T22:43:38.193+0000] {dag.py:2941} INFO - Sync 1 DAGs
[2023-11-08T22:43:38.214+0000] {logging_mixin.py:154} INFO - [2023-11-08T22:43:38.214+0000] {dag.py:3722} INFO - Setting next_dagrun for example_short_circuit_decorator to 2023-11-07T22:43:38.213909+00:00, run_after=2023-11-08T22:43:38.213909+00:00
[2023-11-08T22:43:38.225+0000] {processor.py:179} INFO - Processing /home/airflow/.local/lib/python3.8/site-packages/airflow/example_dags/example_short_circuit_decorator.py took 0.052 seconds
