[2023-11-08T22:09:16.175+0000] {processor.py:157} INFO - Started process (PID=60) to work on /home/airflow/.local/lib/python3.8/site-packages/airflow/example_dags/example_sensor_decorator.py
[2023-11-08T22:09:16.176+0000] {processor.py:829} INFO - Processing file /home/airflow/.local/lib/python3.8/site-packages/airflow/example_dags/example_sensor_decorator.py for tasks to queue
[2023-11-08T22:09:16.177+0000] {logging_mixin.py:154} INFO - [2023-11-08T22:09:16.177+0000] {dagbag.py:536} INFO - Filling up the DagBag from /home/airflow/.local/lib/python3.8/site-packages/airflow/example_dags/example_sensor_decorator.py
[2023-11-08T22:09:16.183+0000] {processor.py:839} INFO - DAG(s) dict_keys(['example_sensor_decorator']) retrieved from /home/airflow/.local/lib/python3.8/site-packages/airflow/example_dags/example_sensor_decorator.py
[2023-11-08T22:09:16.193+0000] {logging_mixin.py:154} INFO - [2023-11-08T22:09:16.193+0000] {dag.py:2941} INFO - Sync 1 DAGs
[2023-11-08T22:09:16.204+0000] {logging_mixin.py:154} INFO - [2023-11-08T22:09:16.204+0000] {dag.py:3722} INFO - Setting next_dagrun for example_sensor_decorator to None, run_after=None
[2023-11-08T22:09:16.218+0000] {processor.py:179} INFO - Processing /home/airflow/.local/lib/python3.8/site-packages/airflow/example_dags/example_sensor_decorator.py took 0.046 seconds
[2023-11-08T22:09:46.923+0000] {processor.py:157} INFO - Started process (PID=115) to work on /home/airflow/.local/lib/python3.8/site-packages/airflow/example_dags/example_sensor_decorator.py
[2023-11-08T22:09:46.923+0000] {processor.py:829} INFO - Processing file /home/airflow/.local/lib/python3.8/site-packages/airflow/example_dags/example_sensor_decorator.py for tasks to queue
[2023-11-08T22:09:46.925+0000] {logging_mixin.py:154} INFO - [2023-11-08T22:09:46.925+0000] {dagbag.py:536} INFO - Filling up the DagBag from /home/airflow/.local/lib/python3.8/site-packages/airflow/example_dags/example_sensor_decorator.py
[2023-11-08T22:09:46.929+0000] {processor.py:839} INFO - DAG(s) dict_keys(['example_sensor_decorator']) retrieved from /home/airflow/.local/lib/python3.8/site-packages/airflow/example_dags/example_sensor_decorator.py
[2023-11-08T22:09:46.942+0000] {logging_mixin.py:154} INFO - [2023-11-08T22:09:46.942+0000] {dag.py:2941} INFO - Sync 1 DAGs
[2023-11-08T22:09:46.951+0000] {logging_mixin.py:154} INFO - [2023-11-08T22:09:46.951+0000] {dag.py:3722} INFO - Setting next_dagrun for example_sensor_decorator to None, run_after=None
[2023-11-08T22:09:46.966+0000] {processor.py:179} INFO - Processing /home/airflow/.local/lib/python3.8/site-packages/airflow/example_dags/example_sensor_decorator.py took 0.046 seconds
[2023-11-08T22:11:50.668+0000] {processor.py:157} INFO - Started process (PID=60) to work on /home/airflow/.local/lib/python3.8/site-packages/airflow/example_dags/example_sensor_decorator.py
[2023-11-08T22:11:50.668+0000] {processor.py:829} INFO - Processing file /home/airflow/.local/lib/python3.8/site-packages/airflow/example_dags/example_sensor_decorator.py for tasks to queue
[2023-11-08T22:11:50.670+0000] {logging_mixin.py:154} INFO - [2023-11-08T22:11:50.669+0000] {dagbag.py:536} INFO - Filling up the DagBag from /home/airflow/.local/lib/python3.8/site-packages/airflow/example_dags/example_sensor_decorator.py
[2023-11-08T22:11:50.675+0000] {processor.py:839} INFO - DAG(s) dict_keys(['example_sensor_decorator']) retrieved from /home/airflow/.local/lib/python3.8/site-packages/airflow/example_dags/example_sensor_decorator.py
[2023-11-08T22:11:50.685+0000] {logging_mixin.py:154} INFO - [2023-11-08T22:11:50.685+0000] {dag.py:2941} INFO - Sync 1 DAGs
[2023-11-08T22:11:50.698+0000] {logging_mixin.py:154} INFO - [2023-11-08T22:11:50.698+0000] {dag.py:3722} INFO - Setting next_dagrun for example_sensor_decorator to None, run_after=None
[2023-11-08T22:11:50.714+0000] {processor.py:179} INFO - Processing /home/airflow/.local/lib/python3.8/site-packages/airflow/example_dags/example_sensor_decorator.py took 0.048 seconds
[2023-11-08T22:12:20.735+0000] {processor.py:157} INFO - Started process (PID=114) to work on /home/airflow/.local/lib/python3.8/site-packages/airflow/example_dags/example_sensor_decorator.py
[2023-11-08T22:12:20.735+0000] {processor.py:829} INFO - Processing file /home/airflow/.local/lib/python3.8/site-packages/airflow/example_dags/example_sensor_decorator.py for tasks to queue
[2023-11-08T22:12:20.737+0000] {logging_mixin.py:154} INFO - [2023-11-08T22:12:20.736+0000] {dagbag.py:536} INFO - Filling up the DagBag from /home/airflow/.local/lib/python3.8/site-packages/airflow/example_dags/example_sensor_decorator.py
[2023-11-08T22:12:20.740+0000] {processor.py:839} INFO - DAG(s) dict_keys(['example_sensor_decorator']) retrieved from /home/airflow/.local/lib/python3.8/site-packages/airflow/example_dags/example_sensor_decorator.py
[2023-11-08T22:12:20.751+0000] {logging_mixin.py:154} INFO - [2023-11-08T22:12:20.751+0000] {dag.py:2941} INFO - Sync 1 DAGs
[2023-11-08T22:12:20.758+0000] {logging_mixin.py:154} INFO - [2023-11-08T22:12:20.758+0000] {dag.py:3722} INFO - Setting next_dagrun for example_sensor_decorator to None, run_after=None
[2023-11-08T22:12:20.767+0000] {processor.py:179} INFO - Processing /home/airflow/.local/lib/python3.8/site-packages/airflow/example_dags/example_sensor_decorator.py took 0.034 seconds
[2023-11-08T22:12:51.669+0000] {processor.py:157} INFO - Started process (PID=168) to work on /home/airflow/.local/lib/python3.8/site-packages/airflow/example_dags/example_sensor_decorator.py
[2023-11-08T22:12:51.670+0000] {processor.py:829} INFO - Processing file /home/airflow/.local/lib/python3.8/site-packages/airflow/example_dags/example_sensor_decorator.py for tasks to queue
[2023-11-08T22:12:51.671+0000] {logging_mixin.py:154} INFO - [2023-11-08T22:12:51.671+0000] {dagbag.py:536} INFO - Filling up the DagBag from /home/airflow/.local/lib/python3.8/site-packages/airflow/example_dags/example_sensor_decorator.py
[2023-11-08T22:12:51.674+0000] {processor.py:839} INFO - DAG(s) dict_keys(['example_sensor_decorator']) retrieved from /home/airflow/.local/lib/python3.8/site-packages/airflow/example_dags/example_sensor_decorator.py
[2023-11-08T22:12:51.685+0000] {logging_mixin.py:154} INFO - [2023-11-08T22:12:51.685+0000] {dag.py:2941} INFO - Sync 1 DAGs
[2023-11-08T22:12:51.693+0000] {logging_mixin.py:154} INFO - [2023-11-08T22:12:51.693+0000] {dag.py:3722} INFO - Setting next_dagrun for example_sensor_decorator to None, run_after=None
[2023-11-08T22:12:51.703+0000] {processor.py:179} INFO - Processing /home/airflow/.local/lib/python3.8/site-packages/airflow/example_dags/example_sensor_decorator.py took 0.035 seconds
[2023-11-08T22:13:22.238+0000] {processor.py:157} INFO - Started process (PID=222) to work on /home/airflow/.local/lib/python3.8/site-packages/airflow/example_dags/example_sensor_decorator.py
[2023-11-08T22:13:22.239+0000] {processor.py:829} INFO - Processing file /home/airflow/.local/lib/python3.8/site-packages/airflow/example_dags/example_sensor_decorator.py for tasks to queue
[2023-11-08T22:13:22.240+0000] {logging_mixin.py:154} INFO - [2023-11-08T22:13:22.240+0000] {dagbag.py:536} INFO - Filling up the DagBag from /home/airflow/.local/lib/python3.8/site-packages/airflow/example_dags/example_sensor_decorator.py
[2023-11-08T22:13:22.243+0000] {processor.py:839} INFO - DAG(s) dict_keys(['example_sensor_decorator']) retrieved from /home/airflow/.local/lib/python3.8/site-packages/airflow/example_dags/example_sensor_decorator.py
[2023-11-08T22:13:22.255+0000] {logging_mixin.py:154} INFO - [2023-11-08T22:13:22.255+0000] {dag.py:2941} INFO - Sync 1 DAGs
[2023-11-08T22:13:22.262+0000] {logging_mixin.py:154} INFO - [2023-11-08T22:13:22.262+0000] {dag.py:3722} INFO - Setting next_dagrun for example_sensor_decorator to None, run_after=None
[2023-11-08T22:13:22.274+0000] {processor.py:179} INFO - Processing /home/airflow/.local/lib/python3.8/site-packages/airflow/example_dags/example_sensor_decorator.py took 0.038 seconds
[2023-11-08T22:13:52.887+0000] {processor.py:157} INFO - Started process (PID=276) to work on /home/airflow/.local/lib/python3.8/site-packages/airflow/example_dags/example_sensor_decorator.py
[2023-11-08T22:13:52.888+0000] {processor.py:829} INFO - Processing file /home/airflow/.local/lib/python3.8/site-packages/airflow/example_dags/example_sensor_decorator.py for tasks to queue
[2023-11-08T22:13:52.889+0000] {logging_mixin.py:154} INFO - [2023-11-08T22:13:52.889+0000] {dagbag.py:536} INFO - Filling up the DagBag from /home/airflow/.local/lib/python3.8/site-packages/airflow/example_dags/example_sensor_decorator.py
[2023-11-08T22:13:52.892+0000] {processor.py:839} INFO - DAG(s) dict_keys(['example_sensor_decorator']) retrieved from /home/airflow/.local/lib/python3.8/site-packages/airflow/example_dags/example_sensor_decorator.py
[2023-11-08T22:13:52.905+0000] {logging_mixin.py:154} INFO - [2023-11-08T22:13:52.905+0000] {dag.py:2941} INFO - Sync 1 DAGs
[2023-11-08T22:13:52.914+0000] {logging_mixin.py:154} INFO - [2023-11-08T22:13:52.913+0000] {dag.py:3722} INFO - Setting next_dagrun for example_sensor_decorator to None, run_after=None
[2023-11-08T22:13:52.924+0000] {processor.py:179} INFO - Processing /home/airflow/.local/lib/python3.8/site-packages/airflow/example_dags/example_sensor_decorator.py took 0.039 seconds
[2023-11-08T22:14:23.551+0000] {processor.py:157} INFO - Started process (PID=330) to work on /home/airflow/.local/lib/python3.8/site-packages/airflow/example_dags/example_sensor_decorator.py
[2023-11-08T22:14:23.552+0000] {processor.py:829} INFO - Processing file /home/airflow/.local/lib/python3.8/site-packages/airflow/example_dags/example_sensor_decorator.py for tasks to queue
[2023-11-08T22:14:23.553+0000] {logging_mixin.py:154} INFO - [2023-11-08T22:14:23.553+0000] {dagbag.py:536} INFO - Filling up the DagBag from /home/airflow/.local/lib/python3.8/site-packages/airflow/example_dags/example_sensor_decorator.py
[2023-11-08T22:14:23.556+0000] {processor.py:839} INFO - DAG(s) dict_keys(['example_sensor_decorator']) retrieved from /home/airflow/.local/lib/python3.8/site-packages/airflow/example_dags/example_sensor_decorator.py
[2023-11-08T22:14:23.568+0000] {logging_mixin.py:154} INFO - [2023-11-08T22:14:23.567+0000] {dag.py:2941} INFO - Sync 1 DAGs
[2023-11-08T22:14:23.575+0000] {logging_mixin.py:154} INFO - [2023-11-08T22:14:23.574+0000] {dag.py:3722} INFO - Setting next_dagrun for example_sensor_decorator to None, run_after=None
[2023-11-08T22:14:23.585+0000] {processor.py:179} INFO - Processing /home/airflow/.local/lib/python3.8/site-packages/airflow/example_dags/example_sensor_decorator.py took 0.035 seconds
[2023-11-08T22:14:54.165+0000] {processor.py:157} INFO - Started process (PID=384) to work on /home/airflow/.local/lib/python3.8/site-packages/airflow/example_dags/example_sensor_decorator.py
[2023-11-08T22:14:54.166+0000] {processor.py:829} INFO - Processing file /home/airflow/.local/lib/python3.8/site-packages/airflow/example_dags/example_sensor_decorator.py for tasks to queue
[2023-11-08T22:14:54.167+0000] {logging_mixin.py:154} INFO - [2023-11-08T22:14:54.167+0000] {dagbag.py:536} INFO - Filling up the DagBag from /home/airflow/.local/lib/python3.8/site-packages/airflow/example_dags/example_sensor_decorator.py
[2023-11-08T22:14:54.170+0000] {processor.py:839} INFO - DAG(s) dict_keys(['example_sensor_decorator']) retrieved from /home/airflow/.local/lib/python3.8/site-packages/airflow/example_dags/example_sensor_decorator.py
[2023-11-08T22:14:54.182+0000] {logging_mixin.py:154} INFO - [2023-11-08T22:14:54.182+0000] {dag.py:2941} INFO - Sync 1 DAGs
[2023-11-08T22:14:54.189+0000] {logging_mixin.py:154} INFO - [2023-11-08T22:14:54.189+0000] {dag.py:3722} INFO - Setting next_dagrun for example_sensor_decorator to None, run_after=None
[2023-11-08T22:14:54.200+0000] {processor.py:179} INFO - Processing /home/airflow/.local/lib/python3.8/site-packages/airflow/example_dags/example_sensor_decorator.py took 0.036 seconds
[2023-11-08T22:15:24.841+0000] {processor.py:157} INFO - Started process (PID=439) to work on /home/airflow/.local/lib/python3.8/site-packages/airflow/example_dags/example_sensor_decorator.py
[2023-11-08T22:15:24.842+0000] {processor.py:829} INFO - Processing file /home/airflow/.local/lib/python3.8/site-packages/airflow/example_dags/example_sensor_decorator.py for tasks to queue
[2023-11-08T22:15:24.843+0000] {logging_mixin.py:154} INFO - [2023-11-08T22:15:24.843+0000] {dagbag.py:536} INFO - Filling up the DagBag from /home/airflow/.local/lib/python3.8/site-packages/airflow/example_dags/example_sensor_decorator.py
[2023-11-08T22:15:24.848+0000] {processor.py:839} INFO - DAG(s) dict_keys(['example_sensor_decorator']) retrieved from /home/airflow/.local/lib/python3.8/site-packages/airflow/example_dags/example_sensor_decorator.py
[2023-11-08T22:15:24.863+0000] {logging_mixin.py:154} INFO - [2023-11-08T22:15:24.862+0000] {dag.py:2941} INFO - Sync 1 DAGs
[2023-11-08T22:15:24.873+0000] {logging_mixin.py:154} INFO - [2023-11-08T22:15:24.873+0000] {dag.py:3722} INFO - Setting next_dagrun for example_sensor_decorator to None, run_after=None
[2023-11-08T22:15:24.884+0000] {processor.py:179} INFO - Processing /home/airflow/.local/lib/python3.8/site-packages/airflow/example_dags/example_sensor_decorator.py took 0.046 seconds
[2023-11-08T22:15:55.522+0000] {processor.py:157} INFO - Started process (PID=493) to work on /home/airflow/.local/lib/python3.8/site-packages/airflow/example_dags/example_sensor_decorator.py
[2023-11-08T22:15:55.523+0000] {processor.py:829} INFO - Processing file /home/airflow/.local/lib/python3.8/site-packages/airflow/example_dags/example_sensor_decorator.py for tasks to queue
[2023-11-08T22:15:55.524+0000] {logging_mixin.py:154} INFO - [2023-11-08T22:15:55.524+0000] {dagbag.py:536} INFO - Filling up the DagBag from /home/airflow/.local/lib/python3.8/site-packages/airflow/example_dags/example_sensor_decorator.py
[2023-11-08T22:15:55.527+0000] {processor.py:839} INFO - DAG(s) dict_keys(['example_sensor_decorator']) retrieved from /home/airflow/.local/lib/python3.8/site-packages/airflow/example_dags/example_sensor_decorator.py
[2023-11-08T22:15:55.539+0000] {logging_mixin.py:154} INFO - [2023-11-08T22:15:55.539+0000] {dag.py:2941} INFO - Sync 1 DAGs
[2023-11-08T22:15:55.546+0000] {logging_mixin.py:154} INFO - [2023-11-08T22:15:55.545+0000] {dag.py:3722} INFO - Setting next_dagrun for example_sensor_decorator to None, run_after=None
[2023-11-08T22:15:55.557+0000] {processor.py:179} INFO - Processing /home/airflow/.local/lib/python3.8/site-packages/airflow/example_dags/example_sensor_decorator.py took 0.037 seconds
[2023-11-08T22:16:26.080+0000] {processor.py:157} INFO - Started process (PID=546) to work on /home/airflow/.local/lib/python3.8/site-packages/airflow/example_dags/example_sensor_decorator.py
[2023-11-08T22:16:26.081+0000] {processor.py:829} INFO - Processing file /home/airflow/.local/lib/python3.8/site-packages/airflow/example_dags/example_sensor_decorator.py for tasks to queue
[2023-11-08T22:16:26.082+0000] {logging_mixin.py:154} INFO - [2023-11-08T22:16:26.082+0000] {dagbag.py:536} INFO - Filling up the DagBag from /home/airflow/.local/lib/python3.8/site-packages/airflow/example_dags/example_sensor_decorator.py
[2023-11-08T22:16:26.085+0000] {processor.py:839} INFO - DAG(s) dict_keys(['example_sensor_decorator']) retrieved from /home/airflow/.local/lib/python3.8/site-packages/airflow/example_dags/example_sensor_decorator.py
[2023-11-08T22:16:26.097+0000] {logging_mixin.py:154} INFO - [2023-11-08T22:16:26.097+0000] {dag.py:2941} INFO - Sync 1 DAGs
[2023-11-08T22:16:26.105+0000] {logging_mixin.py:154} INFO - [2023-11-08T22:16:26.105+0000] {dag.py:3722} INFO - Setting next_dagrun for example_sensor_decorator to None, run_after=None
[2023-11-08T22:16:26.116+0000] {processor.py:179} INFO - Processing /home/airflow/.local/lib/python3.8/site-packages/airflow/example_dags/example_sensor_decorator.py took 0.038 seconds
[2023-11-08T22:16:56.790+0000] {processor.py:157} INFO - Started process (PID=600) to work on /home/airflow/.local/lib/python3.8/site-packages/airflow/example_dags/example_sensor_decorator.py
[2023-11-08T22:16:56.790+0000] {processor.py:829} INFO - Processing file /home/airflow/.local/lib/python3.8/site-packages/airflow/example_dags/example_sensor_decorator.py for tasks to queue
[2023-11-08T22:16:56.791+0000] {logging_mixin.py:154} INFO - [2023-11-08T22:16:56.791+0000] {dagbag.py:536} INFO - Filling up the DagBag from /home/airflow/.local/lib/python3.8/site-packages/airflow/example_dags/example_sensor_decorator.py
[2023-11-08T22:16:56.795+0000] {processor.py:839} INFO - DAG(s) dict_keys(['example_sensor_decorator']) retrieved from /home/airflow/.local/lib/python3.8/site-packages/airflow/example_dags/example_sensor_decorator.py
[2023-11-08T22:16:56.806+0000] {logging_mixin.py:154} INFO - [2023-11-08T22:16:56.806+0000] {dag.py:2941} INFO - Sync 1 DAGs
[2023-11-08T22:16:56.814+0000] {logging_mixin.py:154} INFO - [2023-11-08T22:16:56.814+0000] {dag.py:3722} INFO - Setting next_dagrun for example_sensor_decorator to None, run_after=None
[2023-11-08T22:16:56.824+0000] {processor.py:179} INFO - Processing /home/airflow/.local/lib/python3.8/site-packages/airflow/example_dags/example_sensor_decorator.py took 0.036 seconds
[2023-11-08T22:17:27.471+0000] {processor.py:157} INFO - Started process (PID=655) to work on /home/airflow/.local/lib/python3.8/site-packages/airflow/example_dags/example_sensor_decorator.py
[2023-11-08T22:17:27.472+0000] {processor.py:829} INFO - Processing file /home/airflow/.local/lib/python3.8/site-packages/airflow/example_dags/example_sensor_decorator.py for tasks to queue
[2023-11-08T22:17:27.473+0000] {logging_mixin.py:154} INFO - [2023-11-08T22:17:27.473+0000] {dagbag.py:536} INFO - Filling up the DagBag from /home/airflow/.local/lib/python3.8/site-packages/airflow/example_dags/example_sensor_decorator.py
[2023-11-08T22:17:27.476+0000] {processor.py:839} INFO - DAG(s) dict_keys(['example_sensor_decorator']) retrieved from /home/airflow/.local/lib/python3.8/site-packages/airflow/example_dags/example_sensor_decorator.py
[2023-11-08T22:17:27.488+0000] {logging_mixin.py:154} INFO - [2023-11-08T22:17:27.487+0000] {dag.py:2941} INFO - Sync 1 DAGs
[2023-11-08T22:17:27.495+0000] {logging_mixin.py:154} INFO - [2023-11-08T22:17:27.494+0000] {dag.py:3722} INFO - Setting next_dagrun for example_sensor_decorator to None, run_after=None
[2023-11-08T22:17:27.506+0000] {processor.py:179} INFO - Processing /home/airflow/.local/lib/python3.8/site-packages/airflow/example_dags/example_sensor_decorator.py took 0.037 seconds
[2023-11-08T22:17:58.169+0000] {processor.py:157} INFO - Started process (PID=709) to work on /home/airflow/.local/lib/python3.8/site-packages/airflow/example_dags/example_sensor_decorator.py
[2023-11-08T22:17:58.170+0000] {processor.py:829} INFO - Processing file /home/airflow/.local/lib/python3.8/site-packages/airflow/example_dags/example_sensor_decorator.py for tasks to queue
[2023-11-08T22:17:58.171+0000] {logging_mixin.py:154} INFO - [2023-11-08T22:17:58.171+0000] {dagbag.py:536} INFO - Filling up the DagBag from /home/airflow/.local/lib/python3.8/site-packages/airflow/example_dags/example_sensor_decorator.py
[2023-11-08T22:17:58.174+0000] {processor.py:839} INFO - DAG(s) dict_keys(['example_sensor_decorator']) retrieved from /home/airflow/.local/lib/python3.8/site-packages/airflow/example_dags/example_sensor_decorator.py
[2023-11-08T22:17:58.188+0000] {logging_mixin.py:154} INFO - [2023-11-08T22:17:58.188+0000] {dag.py:2941} INFO - Sync 1 DAGs
[2023-11-08T22:17:58.196+0000] {logging_mixin.py:154} INFO - [2023-11-08T22:17:58.196+0000] {dag.py:3722} INFO - Setting next_dagrun for example_sensor_decorator to None, run_after=None
[2023-11-08T22:17:58.208+0000] {processor.py:179} INFO - Processing /home/airflow/.local/lib/python3.8/site-packages/airflow/example_dags/example_sensor_decorator.py took 0.040 seconds
[2023-11-08T22:18:29.006+0000] {processor.py:157} INFO - Started process (PID=764) to work on /home/airflow/.local/lib/python3.8/site-packages/airflow/example_dags/example_sensor_decorator.py
[2023-11-08T22:18:29.007+0000] {processor.py:829} INFO - Processing file /home/airflow/.local/lib/python3.8/site-packages/airflow/example_dags/example_sensor_decorator.py for tasks to queue
[2023-11-08T22:18:29.008+0000] {logging_mixin.py:154} INFO - [2023-11-08T22:18:29.008+0000] {dagbag.py:536} INFO - Filling up the DagBag from /home/airflow/.local/lib/python3.8/site-packages/airflow/example_dags/example_sensor_decorator.py
[2023-11-08T22:18:29.011+0000] {processor.py:839} INFO - DAG(s) dict_keys(['example_sensor_decorator']) retrieved from /home/airflow/.local/lib/python3.8/site-packages/airflow/example_dags/example_sensor_decorator.py
[2023-11-08T22:18:29.025+0000] {logging_mixin.py:154} INFO - [2023-11-08T22:18:29.025+0000] {dag.py:2941} INFO - Sync 1 DAGs
[2023-11-08T22:18:29.035+0000] {logging_mixin.py:154} INFO - [2023-11-08T22:18:29.035+0000] {dag.py:3722} INFO - Setting next_dagrun for example_sensor_decorator to None, run_after=None
[2023-11-08T22:18:29.049+0000] {processor.py:179} INFO - Processing /home/airflow/.local/lib/python3.8/site-packages/airflow/example_dags/example_sensor_decorator.py took 0.044 seconds
[2023-11-08T22:18:59.876+0000] {processor.py:157} INFO - Started process (PID=818) to work on /home/airflow/.local/lib/python3.8/site-packages/airflow/example_dags/example_sensor_decorator.py
[2023-11-08T22:18:59.877+0000] {processor.py:829} INFO - Processing file /home/airflow/.local/lib/python3.8/site-packages/airflow/example_dags/example_sensor_decorator.py for tasks to queue
[2023-11-08T22:18:59.878+0000] {logging_mixin.py:154} INFO - [2023-11-08T22:18:59.878+0000] {dagbag.py:536} INFO - Filling up the DagBag from /home/airflow/.local/lib/python3.8/site-packages/airflow/example_dags/example_sensor_decorator.py
[2023-11-08T22:18:59.882+0000] {processor.py:839} INFO - DAG(s) dict_keys(['example_sensor_decorator']) retrieved from /home/airflow/.local/lib/python3.8/site-packages/airflow/example_dags/example_sensor_decorator.py
[2023-11-08T22:18:59.895+0000] {logging_mixin.py:154} INFO - [2023-11-08T22:18:59.894+0000] {dag.py:2941} INFO - Sync 1 DAGs
[2023-11-08T22:18:59.905+0000] {logging_mixin.py:154} INFO - [2023-11-08T22:18:59.904+0000] {dag.py:3722} INFO - Setting next_dagrun for example_sensor_decorator to None, run_after=None
[2023-11-08T22:18:59.922+0000] {processor.py:179} INFO - Processing /home/airflow/.local/lib/python3.8/site-packages/airflow/example_dags/example_sensor_decorator.py took 0.048 seconds
[2023-11-08T22:19:30.173+0000] {processor.py:157} INFO - Started process (PID=872) to work on /home/airflow/.local/lib/python3.8/site-packages/airflow/example_dags/example_sensor_decorator.py
[2023-11-08T22:19:30.174+0000] {processor.py:829} INFO - Processing file /home/airflow/.local/lib/python3.8/site-packages/airflow/example_dags/example_sensor_decorator.py for tasks to queue
[2023-11-08T22:19:30.175+0000] {logging_mixin.py:154} INFO - [2023-11-08T22:19:30.175+0000] {dagbag.py:536} INFO - Filling up the DagBag from /home/airflow/.local/lib/python3.8/site-packages/airflow/example_dags/example_sensor_decorator.py
[2023-11-08T22:19:30.178+0000] {processor.py:839} INFO - DAG(s) dict_keys(['example_sensor_decorator']) retrieved from /home/airflow/.local/lib/python3.8/site-packages/airflow/example_dags/example_sensor_decorator.py
[2023-11-08T22:19:30.190+0000] {logging_mixin.py:154} INFO - [2023-11-08T22:19:30.190+0000] {dag.py:2941} INFO - Sync 1 DAGs
[2023-11-08T22:19:30.198+0000] {logging_mixin.py:154} INFO - [2023-11-08T22:19:30.198+0000] {dag.py:3722} INFO - Setting next_dagrun for example_sensor_decorator to None, run_after=None
[2023-11-08T22:19:30.208+0000] {processor.py:179} INFO - Processing /home/airflow/.local/lib/python3.8/site-packages/airflow/example_dags/example_sensor_decorator.py took 0.037 seconds
[2023-11-08T22:20:00.422+0000] {processor.py:157} INFO - Started process (PID=926) to work on /home/airflow/.local/lib/python3.8/site-packages/airflow/example_dags/example_sensor_decorator.py
[2023-11-08T22:20:00.422+0000] {processor.py:829} INFO - Processing file /home/airflow/.local/lib/python3.8/site-packages/airflow/example_dags/example_sensor_decorator.py for tasks to queue
[2023-11-08T22:20:00.423+0000] {logging_mixin.py:154} INFO - [2023-11-08T22:20:00.423+0000] {dagbag.py:536} INFO - Filling up the DagBag from /home/airflow/.local/lib/python3.8/site-packages/airflow/example_dags/example_sensor_decorator.py
[2023-11-08T22:20:00.428+0000] {processor.py:839} INFO - DAG(s) dict_keys(['example_sensor_decorator']) retrieved from /home/airflow/.local/lib/python3.8/site-packages/airflow/example_dags/example_sensor_decorator.py
[2023-11-08T22:20:00.441+0000] {logging_mixin.py:154} INFO - [2023-11-08T22:20:00.441+0000] {dag.py:2941} INFO - Sync 1 DAGs
[2023-11-08T22:20:00.449+0000] {logging_mixin.py:154} INFO - [2023-11-08T22:20:00.449+0000] {dag.py:3722} INFO - Setting next_dagrun for example_sensor_decorator to None, run_after=None
[2023-11-08T22:20:00.459+0000] {processor.py:179} INFO - Processing /home/airflow/.local/lib/python3.8/site-packages/airflow/example_dags/example_sensor_decorator.py took 0.039 seconds
[2023-11-08T22:20:31.226+0000] {processor.py:157} INFO - Started process (PID=980) to work on /home/airflow/.local/lib/python3.8/site-packages/airflow/example_dags/example_sensor_decorator.py
[2023-11-08T22:20:31.226+0000] {processor.py:829} INFO - Processing file /home/airflow/.local/lib/python3.8/site-packages/airflow/example_dags/example_sensor_decorator.py for tasks to queue
[2023-11-08T22:20:31.227+0000] {logging_mixin.py:154} INFO - [2023-11-08T22:20:31.227+0000] {dagbag.py:536} INFO - Filling up the DagBag from /home/airflow/.local/lib/python3.8/site-packages/airflow/example_dags/example_sensor_decorator.py
[2023-11-08T22:20:31.231+0000] {processor.py:839} INFO - DAG(s) dict_keys(['example_sensor_decorator']) retrieved from /home/airflow/.local/lib/python3.8/site-packages/airflow/example_dags/example_sensor_decorator.py
[2023-11-08T22:20:31.242+0000] {logging_mixin.py:154} INFO - [2023-11-08T22:20:31.242+0000] {dag.py:2941} INFO - Sync 1 DAGs
[2023-11-08T22:20:31.250+0000] {logging_mixin.py:154} INFO - [2023-11-08T22:20:31.250+0000] {dag.py:3722} INFO - Setting next_dagrun for example_sensor_decorator to None, run_after=None
[2023-11-08T22:20:31.260+0000] {processor.py:179} INFO - Processing /home/airflow/.local/lib/python3.8/site-packages/airflow/example_dags/example_sensor_decorator.py took 0.036 seconds
[2023-11-08T22:21:01.421+0000] {processor.py:157} INFO - Started process (PID=1034) to work on /home/airflow/.local/lib/python3.8/site-packages/airflow/example_dags/example_sensor_decorator.py
[2023-11-08T22:21:01.422+0000] {processor.py:829} INFO - Processing file /home/airflow/.local/lib/python3.8/site-packages/airflow/example_dags/example_sensor_decorator.py for tasks to queue
[2023-11-08T22:21:01.424+0000] {logging_mixin.py:154} INFO - [2023-11-08T22:21:01.424+0000] {dagbag.py:536} INFO - Filling up the DagBag from /home/airflow/.local/lib/python3.8/site-packages/airflow/example_dags/example_sensor_decorator.py
[2023-11-08T22:21:01.428+0000] {processor.py:839} INFO - DAG(s) dict_keys(['example_sensor_decorator']) retrieved from /home/airflow/.local/lib/python3.8/site-packages/airflow/example_dags/example_sensor_decorator.py
[2023-11-08T22:21:01.444+0000] {logging_mixin.py:154} INFO - [2023-11-08T22:21:01.444+0000] {dag.py:2941} INFO - Sync 1 DAGs
[2023-11-08T22:21:01.455+0000] {logging_mixin.py:154} INFO - [2023-11-08T22:21:01.455+0000] {dag.py:3722} INFO - Setting next_dagrun for example_sensor_decorator to None, run_after=None
[2023-11-08T22:21:01.469+0000] {processor.py:179} INFO - Processing /home/airflow/.local/lib/python3.8/site-packages/airflow/example_dags/example_sensor_decorator.py took 0.050 seconds
[2023-11-08T22:21:32.510+0000] {processor.py:157} INFO - Started process (PID=1087) to work on /home/airflow/.local/lib/python3.8/site-packages/airflow/example_dags/example_sensor_decorator.py
[2023-11-08T22:21:32.511+0000] {processor.py:829} INFO - Processing file /home/airflow/.local/lib/python3.8/site-packages/airflow/example_dags/example_sensor_decorator.py for tasks to queue
[2023-11-08T22:21:32.512+0000] {logging_mixin.py:154} INFO - [2023-11-08T22:21:32.512+0000] {dagbag.py:536} INFO - Filling up the DagBag from /home/airflow/.local/lib/python3.8/site-packages/airflow/example_dags/example_sensor_decorator.py
[2023-11-08T22:21:32.516+0000] {processor.py:839} INFO - DAG(s) dict_keys(['example_sensor_decorator']) retrieved from /home/airflow/.local/lib/python3.8/site-packages/airflow/example_dags/example_sensor_decorator.py
[2023-11-08T22:21:32.528+0000] {logging_mixin.py:154} INFO - [2023-11-08T22:21:32.527+0000] {dag.py:2941} INFO - Sync 1 DAGs
[2023-11-08T22:21:32.535+0000] {logging_mixin.py:154} INFO - [2023-11-08T22:21:32.535+0000] {dag.py:3722} INFO - Setting next_dagrun for example_sensor_decorator to None, run_after=None
[2023-11-08T22:21:32.546+0000] {processor.py:179} INFO - Processing /home/airflow/.local/lib/python3.8/site-packages/airflow/example_dags/example_sensor_decorator.py took 0.037 seconds
[2023-11-08T22:22:02.971+0000] {processor.py:157} INFO - Started process (PID=1141) to work on /home/airflow/.local/lib/python3.8/site-packages/airflow/example_dags/example_sensor_decorator.py
[2023-11-08T22:22:02.972+0000] {processor.py:829} INFO - Processing file /home/airflow/.local/lib/python3.8/site-packages/airflow/example_dags/example_sensor_decorator.py for tasks to queue
[2023-11-08T22:22:02.973+0000] {logging_mixin.py:154} INFO - [2023-11-08T22:22:02.973+0000] {dagbag.py:536} INFO - Filling up the DagBag from /home/airflow/.local/lib/python3.8/site-packages/airflow/example_dags/example_sensor_decorator.py
[2023-11-08T22:22:02.976+0000] {processor.py:839} INFO - DAG(s) dict_keys(['example_sensor_decorator']) retrieved from /home/airflow/.local/lib/python3.8/site-packages/airflow/example_dags/example_sensor_decorator.py
[2023-11-08T22:22:02.989+0000] {logging_mixin.py:154} INFO - [2023-11-08T22:22:02.989+0000] {dag.py:2941} INFO - Sync 1 DAGs
[2023-11-08T22:22:02.997+0000] {logging_mixin.py:154} INFO - [2023-11-08T22:22:02.997+0000] {dag.py:3722} INFO - Setting next_dagrun for example_sensor_decorator to None, run_after=None
[2023-11-08T22:22:03.110+0000] {processor.py:179} INFO - Processing /home/airflow/.local/lib/python3.8/site-packages/airflow/example_dags/example_sensor_decorator.py took 0.141 seconds
[2023-11-08T22:22:33.648+0000] {processor.py:157} INFO - Started process (PID=1194) to work on /home/airflow/.local/lib/python3.8/site-packages/airflow/example_dags/example_sensor_decorator.py
[2023-11-08T22:22:33.649+0000] {processor.py:829} INFO - Processing file /home/airflow/.local/lib/python3.8/site-packages/airflow/example_dags/example_sensor_decorator.py for tasks to queue
[2023-11-08T22:22:33.650+0000] {logging_mixin.py:154} INFO - [2023-11-08T22:22:33.650+0000] {dagbag.py:536} INFO - Filling up the DagBag from /home/airflow/.local/lib/python3.8/site-packages/airflow/example_dags/example_sensor_decorator.py
[2023-11-08T22:22:33.653+0000] {processor.py:839} INFO - DAG(s) dict_keys(['example_sensor_decorator']) retrieved from /home/airflow/.local/lib/python3.8/site-packages/airflow/example_dags/example_sensor_decorator.py
[2023-11-08T22:22:33.666+0000] {logging_mixin.py:154} INFO - [2023-11-08T22:22:33.666+0000] {dag.py:2941} INFO - Sync 1 DAGs
[2023-11-08T22:22:33.673+0000] {logging_mixin.py:154} INFO - [2023-11-08T22:22:33.673+0000] {dag.py:3722} INFO - Setting next_dagrun for example_sensor_decorator to None, run_after=None
[2023-11-08T22:22:33.684+0000] {processor.py:179} INFO - Processing /home/airflow/.local/lib/python3.8/site-packages/airflow/example_dags/example_sensor_decorator.py took 0.037 seconds
[2023-11-08T22:23:04.349+0000] {processor.py:157} INFO - Started process (PID=1247) to work on /home/airflow/.local/lib/python3.8/site-packages/airflow/example_dags/example_sensor_decorator.py
[2023-11-08T22:23:04.350+0000] {processor.py:829} INFO - Processing file /home/airflow/.local/lib/python3.8/site-packages/airflow/example_dags/example_sensor_decorator.py for tasks to queue
[2023-11-08T22:23:04.351+0000] {logging_mixin.py:154} INFO - [2023-11-08T22:23:04.351+0000] {dagbag.py:536} INFO - Filling up the DagBag from /home/airflow/.local/lib/python3.8/site-packages/airflow/example_dags/example_sensor_decorator.py
[2023-11-08T22:23:04.354+0000] {processor.py:839} INFO - DAG(s) dict_keys(['example_sensor_decorator']) retrieved from /home/airflow/.local/lib/python3.8/site-packages/airflow/example_dags/example_sensor_decorator.py
[2023-11-08T22:23:04.366+0000] {logging_mixin.py:154} INFO - [2023-11-08T22:23:04.366+0000] {dag.py:2941} INFO - Sync 1 DAGs
[2023-11-08T22:23:04.373+0000] {logging_mixin.py:154} INFO - [2023-11-08T22:23:04.373+0000] {dag.py:3722} INFO - Setting next_dagrun for example_sensor_decorator to None, run_after=None
[2023-11-08T22:23:04.383+0000] {processor.py:179} INFO - Processing /home/airflow/.local/lib/python3.8/site-packages/airflow/example_dags/example_sensor_decorator.py took 0.035 seconds
[2023-11-08T22:23:34.822+0000] {processor.py:157} INFO - Started process (PID=1301) to work on /home/airflow/.local/lib/python3.8/site-packages/airflow/example_dags/example_sensor_decorator.py
[2023-11-08T22:23:34.823+0000] {processor.py:829} INFO - Processing file /home/airflow/.local/lib/python3.8/site-packages/airflow/example_dags/example_sensor_decorator.py for tasks to queue
[2023-11-08T22:23:34.824+0000] {logging_mixin.py:154} INFO - [2023-11-08T22:23:34.823+0000] {dagbag.py:536} INFO - Filling up the DagBag from /home/airflow/.local/lib/python3.8/site-packages/airflow/example_dags/example_sensor_decorator.py
[2023-11-08T22:23:34.827+0000] {processor.py:839} INFO - DAG(s) dict_keys(['example_sensor_decorator']) retrieved from /home/airflow/.local/lib/python3.8/site-packages/airflow/example_dags/example_sensor_decorator.py
[2023-11-08T22:23:34.838+0000] {logging_mixin.py:154} INFO - [2023-11-08T22:23:34.838+0000] {dag.py:2941} INFO - Sync 1 DAGs
[2023-11-08T22:23:34.846+0000] {logging_mixin.py:154} INFO - [2023-11-08T22:23:34.846+0000] {dag.py:3722} INFO - Setting next_dagrun for example_sensor_decorator to None, run_after=None
[2023-11-08T22:23:34.956+0000] {processor.py:179} INFO - Processing /home/airflow/.local/lib/python3.8/site-packages/airflow/example_dags/example_sensor_decorator.py took 0.136 seconds
[2023-11-08T22:24:05.607+0000] {processor.py:157} INFO - Started process (PID=1355) to work on /home/airflow/.local/lib/python3.8/site-packages/airflow/example_dags/example_sensor_decorator.py
[2023-11-08T22:24:05.608+0000] {processor.py:829} INFO - Processing file /home/airflow/.local/lib/python3.8/site-packages/airflow/example_dags/example_sensor_decorator.py for tasks to queue
[2023-11-08T22:24:05.609+0000] {logging_mixin.py:154} INFO - [2023-11-08T22:24:05.609+0000] {dagbag.py:536} INFO - Filling up the DagBag from /home/airflow/.local/lib/python3.8/site-packages/airflow/example_dags/example_sensor_decorator.py
[2023-11-08T22:24:05.612+0000] {processor.py:839} INFO - DAG(s) dict_keys(['example_sensor_decorator']) retrieved from /home/airflow/.local/lib/python3.8/site-packages/airflow/example_dags/example_sensor_decorator.py
[2023-11-08T22:24:05.624+0000] {logging_mixin.py:154} INFO - [2023-11-08T22:24:05.624+0000] {dag.py:2941} INFO - Sync 1 DAGs
[2023-11-08T22:24:05.632+0000] {logging_mixin.py:154} INFO - [2023-11-08T22:24:05.631+0000] {dag.py:3722} INFO - Setting next_dagrun for example_sensor_decorator to None, run_after=None
[2023-11-08T22:24:05.642+0000] {processor.py:179} INFO - Processing /home/airflow/.local/lib/python3.8/site-packages/airflow/example_dags/example_sensor_decorator.py took 0.036 seconds
[2023-11-08T22:24:36.660+0000] {processor.py:157} INFO - Started process (PID=1409) to work on /home/airflow/.local/lib/python3.8/site-packages/airflow/example_dags/example_sensor_decorator.py
[2023-11-08T22:24:36.661+0000] {processor.py:829} INFO - Processing file /home/airflow/.local/lib/python3.8/site-packages/airflow/example_dags/example_sensor_decorator.py for tasks to queue
[2023-11-08T22:24:36.662+0000] {logging_mixin.py:154} INFO - [2023-11-08T22:24:36.662+0000] {dagbag.py:536} INFO - Filling up the DagBag from /home/airflow/.local/lib/python3.8/site-packages/airflow/example_dags/example_sensor_decorator.py
[2023-11-08T22:24:36.666+0000] {processor.py:839} INFO - DAG(s) dict_keys(['example_sensor_decorator']) retrieved from /home/airflow/.local/lib/python3.8/site-packages/airflow/example_dags/example_sensor_decorator.py
[2023-11-08T22:24:36.774+0000] {logging_mixin.py:154} INFO - [2023-11-08T22:24:36.774+0000] {dag.py:2941} INFO - Sync 1 DAGs
[2023-11-08T22:24:36.781+0000] {logging_mixin.py:154} INFO - [2023-11-08T22:24:36.780+0000] {dag.py:3722} INFO - Setting next_dagrun for example_sensor_decorator to None, run_after=None
[2023-11-08T22:24:36.799+0000] {processor.py:179} INFO - Processing /home/airflow/.local/lib/python3.8/site-packages/airflow/example_dags/example_sensor_decorator.py took 0.140 seconds
[2023-11-08T22:25:07.035+0000] {processor.py:157} INFO - Started process (PID=1463) to work on /home/airflow/.local/lib/python3.8/site-packages/airflow/example_dags/example_sensor_decorator.py
[2023-11-08T22:25:07.036+0000] {processor.py:829} INFO - Processing file /home/airflow/.local/lib/python3.8/site-packages/airflow/example_dags/example_sensor_decorator.py for tasks to queue
[2023-11-08T22:25:07.037+0000] {logging_mixin.py:154} INFO - [2023-11-08T22:25:07.036+0000] {dagbag.py:536} INFO - Filling up the DagBag from /home/airflow/.local/lib/python3.8/site-packages/airflow/example_dags/example_sensor_decorator.py
[2023-11-08T22:25:07.040+0000] {processor.py:839} INFO - DAG(s) dict_keys(['example_sensor_decorator']) retrieved from /home/airflow/.local/lib/python3.8/site-packages/airflow/example_dags/example_sensor_decorator.py
[2023-11-08T22:25:07.051+0000] {logging_mixin.py:154} INFO - [2023-11-08T22:25:07.051+0000] {dag.py:2941} INFO - Sync 1 DAGs
[2023-11-08T22:25:07.058+0000] {logging_mixin.py:154} INFO - [2023-11-08T22:25:07.058+0000] {dag.py:3722} INFO - Setting next_dagrun for example_sensor_decorator to None, run_after=None
[2023-11-08T22:25:07.156+0000] {processor.py:179} INFO - Processing /home/airflow/.local/lib/python3.8/site-packages/airflow/example_dags/example_sensor_decorator.py took 0.122 seconds
[2023-11-08T22:25:37.625+0000] {processor.py:157} INFO - Started process (PID=1517) to work on /home/airflow/.local/lib/python3.8/site-packages/airflow/example_dags/example_sensor_decorator.py
[2023-11-08T22:25:37.625+0000] {processor.py:829} INFO - Processing file /home/airflow/.local/lib/python3.8/site-packages/airflow/example_dags/example_sensor_decorator.py for tasks to queue
[2023-11-08T22:25:37.627+0000] {logging_mixin.py:154} INFO - [2023-11-08T22:25:37.626+0000] {dagbag.py:536} INFO - Filling up the DagBag from /home/airflow/.local/lib/python3.8/site-packages/airflow/example_dags/example_sensor_decorator.py
[2023-11-08T22:25:37.630+0000] {processor.py:839} INFO - DAG(s) dict_keys(['example_sensor_decorator']) retrieved from /home/airflow/.local/lib/python3.8/site-packages/airflow/example_dags/example_sensor_decorator.py
[2023-11-08T22:25:37.641+0000] {logging_mixin.py:154} INFO - [2023-11-08T22:25:37.641+0000] {dag.py:2941} INFO - Sync 1 DAGs
[2023-11-08T22:25:37.649+0000] {logging_mixin.py:154} INFO - [2023-11-08T22:25:37.649+0000] {dag.py:3722} INFO - Setting next_dagrun for example_sensor_decorator to None, run_after=None
[2023-11-08T22:25:37.659+0000] {processor.py:179} INFO - Processing /home/airflow/.local/lib/python3.8/site-packages/airflow/example_dags/example_sensor_decorator.py took 0.035 seconds
[2023-11-08T22:26:08.241+0000] {processor.py:157} INFO - Started process (PID=1571) to work on /home/airflow/.local/lib/python3.8/site-packages/airflow/example_dags/example_sensor_decorator.py
[2023-11-08T22:26:08.241+0000] {processor.py:829} INFO - Processing file /home/airflow/.local/lib/python3.8/site-packages/airflow/example_dags/example_sensor_decorator.py for tasks to queue
[2023-11-08T22:26:08.243+0000] {logging_mixin.py:154} INFO - [2023-11-08T22:26:08.243+0000] {dagbag.py:536} INFO - Filling up the DagBag from /home/airflow/.local/lib/python3.8/site-packages/airflow/example_dags/example_sensor_decorator.py
[2023-11-08T22:26:08.246+0000] {processor.py:839} INFO - DAG(s) dict_keys(['example_sensor_decorator']) retrieved from /home/airflow/.local/lib/python3.8/site-packages/airflow/example_dags/example_sensor_decorator.py
[2023-11-08T22:26:08.259+0000] {logging_mixin.py:154} INFO - [2023-11-08T22:26:08.259+0000] {dag.py:2941} INFO - Sync 1 DAGs
[2023-11-08T22:26:08.267+0000] {logging_mixin.py:154} INFO - [2023-11-08T22:26:08.267+0000] {dag.py:3722} INFO - Setting next_dagrun for example_sensor_decorator to None, run_after=None
[2023-11-08T22:26:08.278+0000] {processor.py:179} INFO - Processing /home/airflow/.local/lib/python3.8/site-packages/airflow/example_dags/example_sensor_decorator.py took 0.040 seconds
[2023-11-08T22:26:38.861+0000] {processor.py:157} INFO - Started process (PID=1625) to work on /home/airflow/.local/lib/python3.8/site-packages/airflow/example_dags/example_sensor_decorator.py
[2023-11-08T22:26:38.861+0000] {processor.py:829} INFO - Processing file /home/airflow/.local/lib/python3.8/site-packages/airflow/example_dags/example_sensor_decorator.py for tasks to queue
[2023-11-08T22:26:38.863+0000] {logging_mixin.py:154} INFO - [2023-11-08T22:26:38.862+0000] {dagbag.py:536} INFO - Filling up the DagBag from /home/airflow/.local/lib/python3.8/site-packages/airflow/example_dags/example_sensor_decorator.py
[2023-11-08T22:26:38.866+0000] {processor.py:839} INFO - DAG(s) dict_keys(['example_sensor_decorator']) retrieved from /home/airflow/.local/lib/python3.8/site-packages/airflow/example_dags/example_sensor_decorator.py
[2023-11-08T22:26:38.878+0000] {logging_mixin.py:154} INFO - [2023-11-08T22:26:38.878+0000] {dag.py:2941} INFO - Sync 1 DAGs
[2023-11-08T22:26:38.885+0000] {logging_mixin.py:154} INFO - [2023-11-08T22:26:38.885+0000] {dag.py:3722} INFO - Setting next_dagrun for example_sensor_decorator to None, run_after=None
[2023-11-08T22:26:38.895+0000] {processor.py:179} INFO - Processing /home/airflow/.local/lib/python3.8/site-packages/airflow/example_dags/example_sensor_decorator.py took 0.036 seconds
[2023-11-08T22:27:17.093+0000] {processor.py:157} INFO - Started process (PID=59) to work on /home/airflow/.local/lib/python3.8/site-packages/airflow/example_dags/example_sensor_decorator.py
[2023-11-08T22:27:17.094+0000] {processor.py:829} INFO - Processing file /home/airflow/.local/lib/python3.8/site-packages/airflow/example_dags/example_sensor_decorator.py for tasks to queue
[2023-11-08T22:27:17.095+0000] {logging_mixin.py:154} INFO - [2023-11-08T22:27:17.095+0000] {dagbag.py:536} INFO - Filling up the DagBag from /home/airflow/.local/lib/python3.8/site-packages/airflow/example_dags/example_sensor_decorator.py
[2023-11-08T22:27:17.101+0000] {processor.py:839} INFO - DAG(s) dict_keys(['example_sensor_decorator']) retrieved from /home/airflow/.local/lib/python3.8/site-packages/airflow/example_dags/example_sensor_decorator.py
[2023-11-08T22:27:17.109+0000] {logging_mixin.py:154} INFO - [2023-11-08T22:27:17.109+0000] {dag.py:2941} INFO - Sync 1 DAGs
[2023-11-08T22:27:17.117+0000] {logging_mixin.py:154} INFO - [2023-11-08T22:27:17.117+0000] {dag.py:3722} INFO - Setting next_dagrun for example_sensor_decorator to None, run_after=None
[2023-11-08T22:27:17.129+0000] {processor.py:179} INFO - Processing /home/airflow/.local/lib/python3.8/site-packages/airflow/example_dags/example_sensor_decorator.py took 0.038 seconds
[2023-11-08T22:27:48.013+0000] {processor.py:157} INFO - Started process (PID=113) to work on /home/airflow/.local/lib/python3.8/site-packages/airflow/example_dags/example_sensor_decorator.py
[2023-11-08T22:27:48.014+0000] {processor.py:829} INFO - Processing file /home/airflow/.local/lib/python3.8/site-packages/airflow/example_dags/example_sensor_decorator.py for tasks to queue
[2023-11-08T22:27:48.015+0000] {logging_mixin.py:154} INFO - [2023-11-08T22:27:48.015+0000] {dagbag.py:536} INFO - Filling up the DagBag from /home/airflow/.local/lib/python3.8/site-packages/airflow/example_dags/example_sensor_decorator.py
[2023-11-08T22:27:48.020+0000] {processor.py:839} INFO - DAG(s) dict_keys(['example_sensor_decorator']) retrieved from /home/airflow/.local/lib/python3.8/site-packages/airflow/example_dags/example_sensor_decorator.py
[2023-11-08T22:27:48.036+0000] {logging_mixin.py:154} INFO - [2023-11-08T22:27:48.036+0000] {dag.py:2941} INFO - Sync 1 DAGs
[2023-11-08T22:27:48.046+0000] {logging_mixin.py:154} INFO - [2023-11-08T22:27:48.046+0000] {dag.py:3722} INFO - Setting next_dagrun for example_sensor_decorator to None, run_after=None
[2023-11-08T22:27:48.058+0000] {processor.py:179} INFO - Processing /home/airflow/.local/lib/python3.8/site-packages/airflow/example_dags/example_sensor_decorator.py took 0.047 seconds
[2023-11-08T22:28:18.121+0000] {processor.py:157} INFO - Started process (PID=167) to work on /home/airflow/.local/lib/python3.8/site-packages/airflow/example_dags/example_sensor_decorator.py
[2023-11-08T22:28:18.121+0000] {processor.py:829} INFO - Processing file /home/airflow/.local/lib/python3.8/site-packages/airflow/example_dags/example_sensor_decorator.py for tasks to queue
[2023-11-08T22:28:18.122+0000] {logging_mixin.py:154} INFO - [2023-11-08T22:28:18.122+0000] {dagbag.py:536} INFO - Filling up the DagBag from /home/airflow/.local/lib/python3.8/site-packages/airflow/example_dags/example_sensor_decorator.py
[2023-11-08T22:28:18.125+0000] {processor.py:839} INFO - DAG(s) dict_keys(['example_sensor_decorator']) retrieved from /home/airflow/.local/lib/python3.8/site-packages/airflow/example_dags/example_sensor_decorator.py
[2023-11-08T22:28:18.136+0000] {logging_mixin.py:154} INFO - [2023-11-08T22:28:18.136+0000] {dag.py:2941} INFO - Sync 1 DAGs
[2023-11-08T22:28:18.144+0000] {logging_mixin.py:154} INFO - [2023-11-08T22:28:18.144+0000] {dag.py:3722} INFO - Setting next_dagrun for example_sensor_decorator to None, run_after=None
[2023-11-08T22:28:18.157+0000] {processor.py:179} INFO - Processing /home/airflow/.local/lib/python3.8/site-packages/airflow/example_dags/example_sensor_decorator.py took 0.039 seconds
[2023-11-08T22:28:48.256+0000] {processor.py:157} INFO - Started process (PID=221) to work on /home/airflow/.local/lib/python3.8/site-packages/airflow/example_dags/example_sensor_decorator.py
[2023-11-08T22:28:48.256+0000] {processor.py:829} INFO - Processing file /home/airflow/.local/lib/python3.8/site-packages/airflow/example_dags/example_sensor_decorator.py for tasks to queue
[2023-11-08T22:28:48.258+0000] {logging_mixin.py:154} INFO - [2023-11-08T22:28:48.258+0000] {dagbag.py:536} INFO - Filling up the DagBag from /home/airflow/.local/lib/python3.8/site-packages/airflow/example_dags/example_sensor_decorator.py
[2023-11-08T22:28:48.261+0000] {processor.py:839} INFO - DAG(s) dict_keys(['example_sensor_decorator']) retrieved from /home/airflow/.local/lib/python3.8/site-packages/airflow/example_dags/example_sensor_decorator.py
[2023-11-08T22:28:48.272+0000] {logging_mixin.py:154} INFO - [2023-11-08T22:28:48.272+0000] {dag.py:2941} INFO - Sync 1 DAGs
[2023-11-08T22:28:48.280+0000] {logging_mixin.py:154} INFO - [2023-11-08T22:28:48.280+0000] {dag.py:3722} INFO - Setting next_dagrun for example_sensor_decorator to None, run_after=None
[2023-11-08T22:28:48.290+0000] {processor.py:179} INFO - Processing /home/airflow/.local/lib/python3.8/site-packages/airflow/example_dags/example_sensor_decorator.py took 0.036 seconds
[2023-11-08T22:29:19.010+0000] {processor.py:157} INFO - Started process (PID=275) to work on /home/airflow/.local/lib/python3.8/site-packages/airflow/example_dags/example_sensor_decorator.py
[2023-11-08T22:29:19.010+0000] {processor.py:829} INFO - Processing file /home/airflow/.local/lib/python3.8/site-packages/airflow/example_dags/example_sensor_decorator.py for tasks to queue
[2023-11-08T22:29:19.011+0000] {logging_mixin.py:154} INFO - [2023-11-08T22:29:19.011+0000] {dagbag.py:536} INFO - Filling up the DagBag from /home/airflow/.local/lib/python3.8/site-packages/airflow/example_dags/example_sensor_decorator.py
[2023-11-08T22:29:19.014+0000] {processor.py:839} INFO - DAG(s) dict_keys(['example_sensor_decorator']) retrieved from /home/airflow/.local/lib/python3.8/site-packages/airflow/example_dags/example_sensor_decorator.py
[2023-11-08T22:29:19.026+0000] {logging_mixin.py:154} INFO - [2023-11-08T22:29:19.026+0000] {dag.py:2941} INFO - Sync 1 DAGs
[2023-11-08T22:29:19.034+0000] {logging_mixin.py:154} INFO - [2023-11-08T22:29:19.034+0000] {dag.py:3722} INFO - Setting next_dagrun for example_sensor_decorator to None, run_after=None
[2023-11-08T22:29:19.045+0000] {processor.py:179} INFO - Processing /home/airflow/.local/lib/python3.8/site-packages/airflow/example_dags/example_sensor_decorator.py took 0.037 seconds
[2023-11-08T22:29:49.180+0000] {processor.py:157} INFO - Started process (PID=330) to work on /home/airflow/.local/lib/python3.8/site-packages/airflow/example_dags/example_sensor_decorator.py
[2023-11-08T22:29:49.181+0000] {processor.py:829} INFO - Processing file /home/airflow/.local/lib/python3.8/site-packages/airflow/example_dags/example_sensor_decorator.py for tasks to queue
[2023-11-08T22:29:49.182+0000] {logging_mixin.py:154} INFO - [2023-11-08T22:29:49.182+0000] {dagbag.py:536} INFO - Filling up the DagBag from /home/airflow/.local/lib/python3.8/site-packages/airflow/example_dags/example_sensor_decorator.py
[2023-11-08T22:29:49.186+0000] {processor.py:839} INFO - DAG(s) dict_keys(['example_sensor_decorator']) retrieved from /home/airflow/.local/lib/python3.8/site-packages/airflow/example_dags/example_sensor_decorator.py
[2023-11-08T22:29:49.204+0000] {logging_mixin.py:154} INFO - [2023-11-08T22:29:49.203+0000] {dag.py:2941} INFO - Sync 1 DAGs
[2023-11-08T22:29:49.215+0000] {logging_mixin.py:154} INFO - [2023-11-08T22:29:49.215+0000] {dag.py:3722} INFO - Setting next_dagrun for example_sensor_decorator to None, run_after=None
[2023-11-08T22:29:49.229+0000] {processor.py:179} INFO - Processing /home/airflow/.local/lib/python3.8/site-packages/airflow/example_dags/example_sensor_decorator.py took 0.050 seconds
[2023-11-08T22:30:19.908+0000] {processor.py:157} INFO - Started process (PID=384) to work on /home/airflow/.local/lib/python3.8/site-packages/airflow/example_dags/example_sensor_decorator.py
[2023-11-08T22:30:19.909+0000] {processor.py:829} INFO - Processing file /home/airflow/.local/lib/python3.8/site-packages/airflow/example_dags/example_sensor_decorator.py for tasks to queue
[2023-11-08T22:30:19.910+0000] {logging_mixin.py:154} INFO - [2023-11-08T22:30:19.909+0000] {dagbag.py:536} INFO - Filling up the DagBag from /home/airflow/.local/lib/python3.8/site-packages/airflow/example_dags/example_sensor_decorator.py
[2023-11-08T22:30:19.913+0000] {processor.py:839} INFO - DAG(s) dict_keys(['example_sensor_decorator']) retrieved from /home/airflow/.local/lib/python3.8/site-packages/airflow/example_dags/example_sensor_decorator.py
[2023-11-08T22:30:19.925+0000] {logging_mixin.py:154} INFO - [2023-11-08T22:30:19.925+0000] {dag.py:2941} INFO - Sync 1 DAGs
[2023-11-08T22:30:19.932+0000] {logging_mixin.py:154} INFO - [2023-11-08T22:30:19.932+0000] {dag.py:3722} INFO - Setting next_dagrun for example_sensor_decorator to None, run_after=None
[2023-11-08T22:30:19.943+0000] {processor.py:179} INFO - Processing /home/airflow/.local/lib/python3.8/site-packages/airflow/example_dags/example_sensor_decorator.py took 0.037 seconds
[2023-11-08T22:30:50.667+0000] {processor.py:157} INFO - Started process (PID=438) to work on /home/airflow/.local/lib/python3.8/site-packages/airflow/example_dags/example_sensor_decorator.py
[2023-11-08T22:30:50.668+0000] {processor.py:829} INFO - Processing file /home/airflow/.local/lib/python3.8/site-packages/airflow/example_dags/example_sensor_decorator.py for tasks to queue
[2023-11-08T22:30:50.669+0000] {logging_mixin.py:154} INFO - [2023-11-08T22:30:50.668+0000] {dagbag.py:536} INFO - Filling up the DagBag from /home/airflow/.local/lib/python3.8/site-packages/airflow/example_dags/example_sensor_decorator.py
[2023-11-08T22:30:50.672+0000] {processor.py:839} INFO - DAG(s) dict_keys(['example_sensor_decorator']) retrieved from /home/airflow/.local/lib/python3.8/site-packages/airflow/example_dags/example_sensor_decorator.py
[2023-11-08T22:30:50.683+0000] {logging_mixin.py:154} INFO - [2023-11-08T22:30:50.683+0000] {dag.py:2941} INFO - Sync 1 DAGs
[2023-11-08T22:30:50.690+0000] {logging_mixin.py:154} INFO - [2023-11-08T22:30:50.689+0000] {dag.py:3722} INFO - Setting next_dagrun for example_sensor_decorator to None, run_after=None
[2023-11-08T22:30:50.699+0000] {processor.py:179} INFO - Processing /home/airflow/.local/lib/python3.8/site-packages/airflow/example_dags/example_sensor_decorator.py took 0.034 seconds
[2023-11-08T22:31:21.636+0000] {processor.py:157} INFO - Started process (PID=492) to work on /home/airflow/.local/lib/python3.8/site-packages/airflow/example_dags/example_sensor_decorator.py
[2023-11-08T22:31:21.637+0000] {processor.py:829} INFO - Processing file /home/airflow/.local/lib/python3.8/site-packages/airflow/example_dags/example_sensor_decorator.py for tasks to queue
[2023-11-08T22:31:21.638+0000] {logging_mixin.py:154} INFO - [2023-11-08T22:31:21.638+0000] {dagbag.py:536} INFO - Filling up the DagBag from /home/airflow/.local/lib/python3.8/site-packages/airflow/example_dags/example_sensor_decorator.py
[2023-11-08T22:31:21.643+0000] {processor.py:839} INFO - DAG(s) dict_keys(['example_sensor_decorator']) retrieved from /home/airflow/.local/lib/python3.8/site-packages/airflow/example_dags/example_sensor_decorator.py
[2023-11-08T22:31:21.657+0000] {logging_mixin.py:154} INFO - [2023-11-08T22:31:21.657+0000] {dag.py:2941} INFO - Sync 1 DAGs
[2023-11-08T22:31:21.667+0000] {logging_mixin.py:154} INFO - [2023-11-08T22:31:21.666+0000] {dag.py:3722} INFO - Setting next_dagrun for example_sensor_decorator to None, run_after=None
[2023-11-08T22:31:21.683+0000] {processor.py:179} INFO - Processing /home/airflow/.local/lib/python3.8/site-packages/airflow/example_dags/example_sensor_decorator.py took 0.049 seconds
[2023-11-08T22:31:51.795+0000] {processor.py:157} INFO - Started process (PID=546) to work on /home/airflow/.local/lib/python3.8/site-packages/airflow/example_dags/example_sensor_decorator.py
[2023-11-08T22:31:51.796+0000] {processor.py:829} INFO - Processing file /home/airflow/.local/lib/python3.8/site-packages/airflow/example_dags/example_sensor_decorator.py for tasks to queue
[2023-11-08T22:31:51.798+0000] {logging_mixin.py:154} INFO - [2023-11-08T22:31:51.797+0000] {dagbag.py:536} INFO - Filling up the DagBag from /home/airflow/.local/lib/python3.8/site-packages/airflow/example_dags/example_sensor_decorator.py
[2023-11-08T22:31:51.802+0000] {processor.py:839} INFO - DAG(s) dict_keys(['example_sensor_decorator']) retrieved from /home/airflow/.local/lib/python3.8/site-packages/airflow/example_dags/example_sensor_decorator.py
[2023-11-08T22:31:51.819+0000] {logging_mixin.py:154} INFO - [2023-11-08T22:31:51.818+0000] {dag.py:2941} INFO - Sync 1 DAGs
[2023-11-08T22:31:51.830+0000] {logging_mixin.py:154} INFO - [2023-11-08T22:31:51.830+0000] {dag.py:3722} INFO - Setting next_dagrun for example_sensor_decorator to None, run_after=None
[2023-11-08T22:31:51.846+0000] {processor.py:179} INFO - Processing /home/airflow/.local/lib/python3.8/site-packages/airflow/example_dags/example_sensor_decorator.py took 0.053 seconds
[2023-11-08T22:32:22.829+0000] {processor.py:157} INFO - Started process (PID=601) to work on /home/airflow/.local/lib/python3.8/site-packages/airflow/example_dags/example_sensor_decorator.py
[2023-11-08T22:32:22.830+0000] {processor.py:829} INFO - Processing file /home/airflow/.local/lib/python3.8/site-packages/airflow/example_dags/example_sensor_decorator.py for tasks to queue
[2023-11-08T22:32:22.831+0000] {logging_mixin.py:154} INFO - [2023-11-08T22:32:22.831+0000] {dagbag.py:536} INFO - Filling up the DagBag from /home/airflow/.local/lib/python3.8/site-packages/airflow/example_dags/example_sensor_decorator.py
[2023-11-08T22:32:22.835+0000] {processor.py:839} INFO - DAG(s) dict_keys(['example_sensor_decorator']) retrieved from /home/airflow/.local/lib/python3.8/site-packages/airflow/example_dags/example_sensor_decorator.py
[2023-11-08T22:32:22.847+0000] {logging_mixin.py:154} INFO - [2023-11-08T22:32:22.847+0000] {dag.py:2941} INFO - Sync 1 DAGs
[2023-11-08T22:32:22.858+0000] {logging_mixin.py:154} INFO - [2023-11-08T22:32:22.857+0000] {dag.py:3722} INFO - Setting next_dagrun for example_sensor_decorator to None, run_after=None
[2023-11-08T22:32:22.873+0000] {processor.py:179} INFO - Processing /home/airflow/.local/lib/python3.8/site-packages/airflow/example_dags/example_sensor_decorator.py took 0.046 seconds
[2023-11-08T22:32:52.893+0000] {processor.py:157} INFO - Started process (PID=656) to work on /home/airflow/.local/lib/python3.8/site-packages/airflow/example_dags/example_sensor_decorator.py
[2023-11-08T22:32:52.894+0000] {processor.py:829} INFO - Processing file /home/airflow/.local/lib/python3.8/site-packages/airflow/example_dags/example_sensor_decorator.py for tasks to queue
[2023-11-08T22:32:52.895+0000] {logging_mixin.py:154} INFO - [2023-11-08T22:32:52.895+0000] {dagbag.py:536} INFO - Filling up the DagBag from /home/airflow/.local/lib/python3.8/site-packages/airflow/example_dags/example_sensor_decorator.py
[2023-11-08T22:32:52.898+0000] {processor.py:839} INFO - DAG(s) dict_keys(['example_sensor_decorator']) retrieved from /home/airflow/.local/lib/python3.8/site-packages/airflow/example_dags/example_sensor_decorator.py
[2023-11-08T22:32:52.914+0000] {logging_mixin.py:154} INFO - [2023-11-08T22:32:52.913+0000] {dag.py:2941} INFO - Sync 1 DAGs
[2023-11-08T22:32:52.925+0000] {logging_mixin.py:154} INFO - [2023-11-08T22:32:52.925+0000] {dag.py:3722} INFO - Setting next_dagrun for example_sensor_decorator to None, run_after=None
[2023-11-08T22:32:52.940+0000] {processor.py:179} INFO - Processing /home/airflow/.local/lib/python3.8/site-packages/airflow/example_dags/example_sensor_decorator.py took 0.049 seconds
[2023-11-08T22:33:23.073+0000] {processor.py:157} INFO - Started process (PID=711) to work on /home/airflow/.local/lib/python3.8/site-packages/airflow/example_dags/example_sensor_decorator.py
[2023-11-08T22:33:23.074+0000] {processor.py:829} INFO - Processing file /home/airflow/.local/lib/python3.8/site-packages/airflow/example_dags/example_sensor_decorator.py for tasks to queue
[2023-11-08T22:33:23.075+0000] {logging_mixin.py:154} INFO - [2023-11-08T22:33:23.075+0000] {dagbag.py:536} INFO - Filling up the DagBag from /home/airflow/.local/lib/python3.8/site-packages/airflow/example_dags/example_sensor_decorator.py
[2023-11-08T22:33:23.078+0000] {processor.py:839} INFO - DAG(s) dict_keys(['example_sensor_decorator']) retrieved from /home/airflow/.local/lib/python3.8/site-packages/airflow/example_dags/example_sensor_decorator.py
[2023-11-08T22:33:23.090+0000] {logging_mixin.py:154} INFO - [2023-11-08T22:33:23.090+0000] {dag.py:2941} INFO - Sync 1 DAGs
[2023-11-08T22:33:23.098+0000] {logging_mixin.py:154} INFO - [2023-11-08T22:33:23.098+0000] {dag.py:3722} INFO - Setting next_dagrun for example_sensor_decorator to None, run_after=None
[2023-11-08T22:33:23.110+0000] {processor.py:179} INFO - Processing /home/airflow/.local/lib/python3.8/site-packages/airflow/example_dags/example_sensor_decorator.py took 0.038 seconds
[2023-11-08T22:33:53.144+0000] {processor.py:157} INFO - Started process (PID=766) to work on /home/airflow/.local/lib/python3.8/site-packages/airflow/example_dags/example_sensor_decorator.py
[2023-11-08T22:33:53.145+0000] {processor.py:829} INFO - Processing file /home/airflow/.local/lib/python3.8/site-packages/airflow/example_dags/example_sensor_decorator.py for tasks to queue
[2023-11-08T22:33:53.146+0000] {logging_mixin.py:154} INFO - [2023-11-08T22:33:53.146+0000] {dagbag.py:536} INFO - Filling up the DagBag from /home/airflow/.local/lib/python3.8/site-packages/airflow/example_dags/example_sensor_decorator.py
[2023-11-08T22:33:53.149+0000] {processor.py:839} INFO - DAG(s) dict_keys(['example_sensor_decorator']) retrieved from /home/airflow/.local/lib/python3.8/site-packages/airflow/example_dags/example_sensor_decorator.py
[2023-11-08T22:33:53.161+0000] {logging_mixin.py:154} INFO - [2023-11-08T22:33:53.160+0000] {dag.py:2941} INFO - Sync 1 DAGs
[2023-11-08T22:33:53.168+0000] {logging_mixin.py:154} INFO - [2023-11-08T22:33:53.168+0000] {dag.py:3722} INFO - Setting next_dagrun for example_sensor_decorator to None, run_after=None
[2023-11-08T22:33:53.179+0000] {processor.py:179} INFO - Processing /home/airflow/.local/lib/python3.8/site-packages/airflow/example_dags/example_sensor_decorator.py took 0.036 seconds
[2023-11-08T22:34:23.732+0000] {processor.py:157} INFO - Started process (PID=821) to work on /home/airflow/.local/lib/python3.8/site-packages/airflow/example_dags/example_sensor_decorator.py
[2023-11-08T22:34:23.732+0000] {processor.py:829} INFO - Processing file /home/airflow/.local/lib/python3.8/site-packages/airflow/example_dags/example_sensor_decorator.py for tasks to queue
[2023-11-08T22:34:23.733+0000] {logging_mixin.py:154} INFO - [2023-11-08T22:34:23.733+0000] {dagbag.py:536} INFO - Filling up the DagBag from /home/airflow/.local/lib/python3.8/site-packages/airflow/example_dags/example_sensor_decorator.py
[2023-11-08T22:34:23.736+0000] {processor.py:839} INFO - DAG(s) dict_keys(['example_sensor_decorator']) retrieved from /home/airflow/.local/lib/python3.8/site-packages/airflow/example_dags/example_sensor_decorator.py
[2023-11-08T22:34:23.748+0000] {logging_mixin.py:154} INFO - [2023-11-08T22:34:23.748+0000] {dag.py:2941} INFO - Sync 1 DAGs
[2023-11-08T22:34:23.755+0000] {logging_mixin.py:154} INFO - [2023-11-08T22:34:23.755+0000] {dag.py:3722} INFO - Setting next_dagrun for example_sensor_decorator to None, run_after=None
[2023-11-08T22:34:23.764+0000] {processor.py:179} INFO - Processing /home/airflow/.local/lib/python3.8/site-packages/airflow/example_dags/example_sensor_decorator.py took 0.034 seconds
[2023-11-08T22:34:54.264+0000] {processor.py:157} INFO - Started process (PID=876) to work on /home/airflow/.local/lib/python3.8/site-packages/airflow/example_dags/example_sensor_decorator.py
[2023-11-08T22:34:54.265+0000] {processor.py:829} INFO - Processing file /home/airflow/.local/lib/python3.8/site-packages/airflow/example_dags/example_sensor_decorator.py for tasks to queue
[2023-11-08T22:34:54.266+0000] {logging_mixin.py:154} INFO - [2023-11-08T22:34:54.266+0000] {dagbag.py:536} INFO - Filling up the DagBag from /home/airflow/.local/lib/python3.8/site-packages/airflow/example_dags/example_sensor_decorator.py
[2023-11-08T22:34:54.270+0000] {processor.py:839} INFO - DAG(s) dict_keys(['example_sensor_decorator']) retrieved from /home/airflow/.local/lib/python3.8/site-packages/airflow/example_dags/example_sensor_decorator.py
[2023-11-08T22:34:54.282+0000] {logging_mixin.py:154} INFO - [2023-11-08T22:34:54.281+0000] {dag.py:2941} INFO - Sync 1 DAGs
[2023-11-08T22:34:54.289+0000] {logging_mixin.py:154} INFO - [2023-11-08T22:34:54.289+0000] {dag.py:3722} INFO - Setting next_dagrun for example_sensor_decorator to None, run_after=None
[2023-11-08T22:34:54.299+0000] {processor.py:179} INFO - Processing /home/airflow/.local/lib/python3.8/site-packages/airflow/example_dags/example_sensor_decorator.py took 0.037 seconds
[2023-11-08T22:35:25.108+0000] {processor.py:157} INFO - Started process (PID=931) to work on /home/airflow/.local/lib/python3.8/site-packages/airflow/example_dags/example_sensor_decorator.py
[2023-11-08T22:35:25.108+0000] {processor.py:829} INFO - Processing file /home/airflow/.local/lib/python3.8/site-packages/airflow/example_dags/example_sensor_decorator.py for tasks to queue
[2023-11-08T22:35:25.110+0000] {logging_mixin.py:154} INFO - [2023-11-08T22:35:25.110+0000] {dagbag.py:536} INFO - Filling up the DagBag from /home/airflow/.local/lib/python3.8/site-packages/airflow/example_dags/example_sensor_decorator.py
[2023-11-08T22:35:25.114+0000] {processor.py:839} INFO - DAG(s) dict_keys(['example_sensor_decorator']) retrieved from /home/airflow/.local/lib/python3.8/site-packages/airflow/example_dags/example_sensor_decorator.py
[2023-11-08T22:35:25.127+0000] {logging_mixin.py:154} INFO - [2023-11-08T22:35:25.127+0000] {dag.py:2941} INFO - Sync 1 DAGs
[2023-11-08T22:35:25.135+0000] {logging_mixin.py:154} INFO - [2023-11-08T22:35:25.135+0000] {dag.py:3722} INFO - Setting next_dagrun for example_sensor_decorator to None, run_after=None
[2023-11-08T22:35:25.148+0000] {processor.py:179} INFO - Processing /home/airflow/.local/lib/python3.8/site-packages/airflow/example_dags/example_sensor_decorator.py took 0.042 seconds
[2023-11-08T22:35:56.137+0000] {processor.py:157} INFO - Started process (PID=986) to work on /home/airflow/.local/lib/python3.8/site-packages/airflow/example_dags/example_sensor_decorator.py
[2023-11-08T22:35:56.137+0000] {processor.py:829} INFO - Processing file /home/airflow/.local/lib/python3.8/site-packages/airflow/example_dags/example_sensor_decorator.py for tasks to queue
[2023-11-08T22:35:56.139+0000] {logging_mixin.py:154} INFO - [2023-11-08T22:35:56.138+0000] {dagbag.py:536} INFO - Filling up the DagBag from /home/airflow/.local/lib/python3.8/site-packages/airflow/example_dags/example_sensor_decorator.py
[2023-11-08T22:35:56.142+0000] {processor.py:839} INFO - DAG(s) dict_keys(['example_sensor_decorator']) retrieved from /home/airflow/.local/lib/python3.8/site-packages/airflow/example_dags/example_sensor_decorator.py
[2023-11-08T22:35:56.156+0000] {logging_mixin.py:154} INFO - [2023-11-08T22:35:56.156+0000] {dag.py:2941} INFO - Sync 1 DAGs
[2023-11-08T22:35:56.164+0000] {logging_mixin.py:154} INFO - [2023-11-08T22:35:56.164+0000] {dag.py:3722} INFO - Setting next_dagrun for example_sensor_decorator to None, run_after=None
[2023-11-08T22:35:56.176+0000] {processor.py:179} INFO - Processing /home/airflow/.local/lib/python3.8/site-packages/airflow/example_dags/example_sensor_decorator.py took 0.040 seconds
[2023-11-08T22:36:26.690+0000] {processor.py:157} INFO - Started process (PID=1041) to work on /home/airflow/.local/lib/python3.8/site-packages/airflow/example_dags/example_sensor_decorator.py
[2023-11-08T22:36:26.691+0000] {processor.py:829} INFO - Processing file /home/airflow/.local/lib/python3.8/site-packages/airflow/example_dags/example_sensor_decorator.py for tasks to queue
[2023-11-08T22:36:26.692+0000] {logging_mixin.py:154} INFO - [2023-11-08T22:36:26.692+0000] {dagbag.py:536} INFO - Filling up the DagBag from /home/airflow/.local/lib/python3.8/site-packages/airflow/example_dags/example_sensor_decorator.py
[2023-11-08T22:36:26.695+0000] {processor.py:839} INFO - DAG(s) dict_keys(['example_sensor_decorator']) retrieved from /home/airflow/.local/lib/python3.8/site-packages/airflow/example_dags/example_sensor_decorator.py
[2023-11-08T22:36:26.709+0000] {logging_mixin.py:154} INFO - [2023-11-08T22:36:26.709+0000] {dag.py:2941} INFO - Sync 1 DAGs
[2023-11-08T22:36:26.717+0000] {logging_mixin.py:154} INFO - [2023-11-08T22:36:26.717+0000] {dag.py:3722} INFO - Setting next_dagrun for example_sensor_decorator to None, run_after=None
[2023-11-08T22:36:26.726+0000] {processor.py:179} INFO - Processing /home/airflow/.local/lib/python3.8/site-packages/airflow/example_dags/example_sensor_decorator.py took 0.038 seconds
[2023-11-08T22:36:57.293+0000] {processor.py:157} INFO - Started process (PID=1098) to work on /home/airflow/.local/lib/python3.8/site-packages/airflow/example_dags/example_sensor_decorator.py
[2023-11-08T22:36:57.293+0000] {processor.py:829} INFO - Processing file /home/airflow/.local/lib/python3.8/site-packages/airflow/example_dags/example_sensor_decorator.py for tasks to queue
[2023-11-08T22:36:57.294+0000] {logging_mixin.py:154} INFO - [2023-11-08T22:36:57.294+0000] {dagbag.py:536} INFO - Filling up the DagBag from /home/airflow/.local/lib/python3.8/site-packages/airflow/example_dags/example_sensor_decorator.py
[2023-11-08T22:36:57.298+0000] {processor.py:839} INFO - DAG(s) dict_keys(['example_sensor_decorator']) retrieved from /home/airflow/.local/lib/python3.8/site-packages/airflow/example_dags/example_sensor_decorator.py
[2023-11-08T22:36:57.310+0000] {logging_mixin.py:154} INFO - [2023-11-08T22:36:57.310+0000] {dag.py:2941} INFO - Sync 1 DAGs
[2023-11-08T22:36:57.319+0000] {logging_mixin.py:154} INFO - [2023-11-08T22:36:57.319+0000] {dag.py:3722} INFO - Setting next_dagrun for example_sensor_decorator to None, run_after=None
[2023-11-08T22:36:57.330+0000] {processor.py:179} INFO - Processing /home/airflow/.local/lib/python3.8/site-packages/airflow/example_dags/example_sensor_decorator.py took 0.039 seconds
[2023-11-08T22:37:28.179+0000] {processor.py:157} INFO - Started process (PID=1153) to work on /home/airflow/.local/lib/python3.8/site-packages/airflow/example_dags/example_sensor_decorator.py
[2023-11-08T22:37:28.180+0000] {processor.py:829} INFO - Processing file /home/airflow/.local/lib/python3.8/site-packages/airflow/example_dags/example_sensor_decorator.py for tasks to queue
[2023-11-08T22:37:28.181+0000] {logging_mixin.py:154} INFO - [2023-11-08T22:37:28.181+0000] {dagbag.py:536} INFO - Filling up the DagBag from /home/airflow/.local/lib/python3.8/site-packages/airflow/example_dags/example_sensor_decorator.py
[2023-11-08T22:37:28.184+0000] {processor.py:839} INFO - DAG(s) dict_keys(['example_sensor_decorator']) retrieved from /home/airflow/.local/lib/python3.8/site-packages/airflow/example_dags/example_sensor_decorator.py
[2023-11-08T22:37:28.197+0000] {logging_mixin.py:154} INFO - [2023-11-08T22:37:28.197+0000] {dag.py:2941} INFO - Sync 1 DAGs
[2023-11-08T22:37:28.207+0000] {logging_mixin.py:154} INFO - [2023-11-08T22:37:28.206+0000] {dag.py:3722} INFO - Setting next_dagrun for example_sensor_decorator to None, run_after=None
[2023-11-08T22:37:28.217+0000] {processor.py:179} INFO - Processing /home/airflow/.local/lib/python3.8/site-packages/airflow/example_dags/example_sensor_decorator.py took 0.039 seconds
[2023-11-08T22:37:58.678+0000] {processor.py:157} INFO - Started process (PID=1208) to work on /home/airflow/.local/lib/python3.8/site-packages/airflow/example_dags/example_sensor_decorator.py
[2023-11-08T22:37:58.678+0000] {processor.py:829} INFO - Processing file /home/airflow/.local/lib/python3.8/site-packages/airflow/example_dags/example_sensor_decorator.py for tasks to queue
[2023-11-08T22:37:58.679+0000] {logging_mixin.py:154} INFO - [2023-11-08T22:37:58.679+0000] {dagbag.py:536} INFO - Filling up the DagBag from /home/airflow/.local/lib/python3.8/site-packages/airflow/example_dags/example_sensor_decorator.py
[2023-11-08T22:37:58.682+0000] {processor.py:839} INFO - DAG(s) dict_keys(['example_sensor_decorator']) retrieved from /home/airflow/.local/lib/python3.8/site-packages/airflow/example_dags/example_sensor_decorator.py
[2023-11-08T22:37:58.693+0000] {logging_mixin.py:154} INFO - [2023-11-08T22:37:58.693+0000] {dag.py:2941} INFO - Sync 1 DAGs
[2023-11-08T22:37:58.700+0000] {logging_mixin.py:154} INFO - [2023-11-08T22:37:58.700+0000] {dag.py:3722} INFO - Setting next_dagrun for example_sensor_decorator to None, run_after=None
[2023-11-08T22:37:58.711+0000] {processor.py:179} INFO - Processing /home/airflow/.local/lib/python3.8/site-packages/airflow/example_dags/example_sensor_decorator.py took 0.035 seconds
[2023-11-08T22:38:29.236+0000] {processor.py:157} INFO - Started process (PID=1263) to work on /home/airflow/.local/lib/python3.8/site-packages/airflow/example_dags/example_sensor_decorator.py
[2023-11-08T22:38:29.237+0000] {processor.py:829} INFO - Processing file /home/airflow/.local/lib/python3.8/site-packages/airflow/example_dags/example_sensor_decorator.py for tasks to queue
[2023-11-08T22:38:29.238+0000] {logging_mixin.py:154} INFO - [2023-11-08T22:38:29.238+0000] {dagbag.py:536} INFO - Filling up the DagBag from /home/airflow/.local/lib/python3.8/site-packages/airflow/example_dags/example_sensor_decorator.py
[2023-11-08T22:38:29.241+0000] {processor.py:839} INFO - DAG(s) dict_keys(['example_sensor_decorator']) retrieved from /home/airflow/.local/lib/python3.8/site-packages/airflow/example_dags/example_sensor_decorator.py
[2023-11-08T22:38:29.252+0000] {logging_mixin.py:154} INFO - [2023-11-08T22:38:29.252+0000] {dag.py:2941} INFO - Sync 1 DAGs
[2023-11-08T22:38:29.260+0000] {logging_mixin.py:154} INFO - [2023-11-08T22:38:29.260+0000] {dag.py:3722} INFO - Setting next_dagrun for example_sensor_decorator to None, run_after=None
[2023-11-08T22:38:29.269+0000] {processor.py:179} INFO - Processing /home/airflow/.local/lib/python3.8/site-packages/airflow/example_dags/example_sensor_decorator.py took 0.035 seconds
[2023-11-08T22:38:59.868+0000] {processor.py:157} INFO - Started process (PID=1319) to work on /home/airflow/.local/lib/python3.8/site-packages/airflow/example_dags/example_sensor_decorator.py
[2023-11-08T22:38:59.868+0000] {processor.py:829} INFO - Processing file /home/airflow/.local/lib/python3.8/site-packages/airflow/example_dags/example_sensor_decorator.py for tasks to queue
[2023-11-08T22:38:59.869+0000] {logging_mixin.py:154} INFO - [2023-11-08T22:38:59.869+0000] {dagbag.py:536} INFO - Filling up the DagBag from /home/airflow/.local/lib/python3.8/site-packages/airflow/example_dags/example_sensor_decorator.py
[2023-11-08T22:38:59.873+0000] {processor.py:839} INFO - DAG(s) dict_keys(['example_sensor_decorator']) retrieved from /home/airflow/.local/lib/python3.8/site-packages/airflow/example_dags/example_sensor_decorator.py
[2023-11-08T22:38:59.884+0000] {logging_mixin.py:154} INFO - [2023-11-08T22:38:59.884+0000] {dag.py:2941} INFO - Sync 1 DAGs
[2023-11-08T22:38:59.891+0000] {logging_mixin.py:154} INFO - [2023-11-08T22:38:59.891+0000] {dag.py:3722} INFO - Setting next_dagrun for example_sensor_decorator to None, run_after=None
[2023-11-08T22:38:59.902+0000] {processor.py:179} INFO - Processing /home/airflow/.local/lib/python3.8/site-packages/airflow/example_dags/example_sensor_decorator.py took 0.036 seconds
[2023-11-08T22:39:30.444+0000] {processor.py:157} INFO - Started process (PID=1375) to work on /home/airflow/.local/lib/python3.8/site-packages/airflow/example_dags/example_sensor_decorator.py
[2023-11-08T22:39:30.444+0000] {processor.py:829} INFO - Processing file /home/airflow/.local/lib/python3.8/site-packages/airflow/example_dags/example_sensor_decorator.py for tasks to queue
[2023-11-08T22:39:30.446+0000] {logging_mixin.py:154} INFO - [2023-11-08T22:39:30.445+0000] {dagbag.py:536} INFO - Filling up the DagBag from /home/airflow/.local/lib/python3.8/site-packages/airflow/example_dags/example_sensor_decorator.py
[2023-11-08T22:39:30.449+0000] {processor.py:839} INFO - DAG(s) dict_keys(['example_sensor_decorator']) retrieved from /home/airflow/.local/lib/python3.8/site-packages/airflow/example_dags/example_sensor_decorator.py
[2023-11-08T22:39:30.462+0000] {logging_mixin.py:154} INFO - [2023-11-08T22:39:30.462+0000] {dag.py:2941} INFO - Sync 1 DAGs
[2023-11-08T22:39:30.469+0000] {logging_mixin.py:154} INFO - [2023-11-08T22:39:30.469+0000] {dag.py:3722} INFO - Setting next_dagrun for example_sensor_decorator to None, run_after=None
[2023-11-08T22:39:30.480+0000] {processor.py:179} INFO - Processing /home/airflow/.local/lib/python3.8/site-packages/airflow/example_dags/example_sensor_decorator.py took 0.038 seconds
[2023-11-08T22:40:01.053+0000] {processor.py:157} INFO - Started process (PID=1430) to work on /home/airflow/.local/lib/python3.8/site-packages/airflow/example_dags/example_sensor_decorator.py
[2023-11-08T22:40:01.054+0000] {processor.py:829} INFO - Processing file /home/airflow/.local/lib/python3.8/site-packages/airflow/example_dags/example_sensor_decorator.py for tasks to queue
[2023-11-08T22:40:01.055+0000] {logging_mixin.py:154} INFO - [2023-11-08T22:40:01.055+0000] {dagbag.py:536} INFO - Filling up the DagBag from /home/airflow/.local/lib/python3.8/site-packages/airflow/example_dags/example_sensor_decorator.py
[2023-11-08T22:40:01.059+0000] {processor.py:839} INFO - DAG(s) dict_keys(['example_sensor_decorator']) retrieved from /home/airflow/.local/lib/python3.8/site-packages/airflow/example_dags/example_sensor_decorator.py
[2023-11-08T22:40:01.072+0000] {logging_mixin.py:154} INFO - [2023-11-08T22:40:01.072+0000] {dag.py:2941} INFO - Sync 1 DAGs
[2023-11-08T22:40:01.079+0000] {logging_mixin.py:154} INFO - [2023-11-08T22:40:01.079+0000] {dag.py:3722} INFO - Setting next_dagrun for example_sensor_decorator to None, run_after=None
[2023-11-08T22:40:01.089+0000] {processor.py:179} INFO - Processing /home/airflow/.local/lib/python3.8/site-packages/airflow/example_dags/example_sensor_decorator.py took 0.039 seconds
[2023-11-08T22:40:31.664+0000] {processor.py:157} INFO - Started process (PID=1485) to work on /home/airflow/.local/lib/python3.8/site-packages/airflow/example_dags/example_sensor_decorator.py
[2023-11-08T22:40:31.665+0000] {processor.py:829} INFO - Processing file /home/airflow/.local/lib/python3.8/site-packages/airflow/example_dags/example_sensor_decorator.py for tasks to queue
[2023-11-08T22:40:31.666+0000] {logging_mixin.py:154} INFO - [2023-11-08T22:40:31.666+0000] {dagbag.py:536} INFO - Filling up the DagBag from /home/airflow/.local/lib/python3.8/site-packages/airflow/example_dags/example_sensor_decorator.py
[2023-11-08T22:40:31.669+0000] {processor.py:839} INFO - DAG(s) dict_keys(['example_sensor_decorator']) retrieved from /home/airflow/.local/lib/python3.8/site-packages/airflow/example_dags/example_sensor_decorator.py
[2023-11-08T22:40:31.681+0000] {logging_mixin.py:154} INFO - [2023-11-08T22:40:31.681+0000] {dag.py:2941} INFO - Sync 1 DAGs
[2023-11-08T22:40:31.689+0000] {logging_mixin.py:154} INFO - [2023-11-08T22:40:31.689+0000] {dag.py:3722} INFO - Setting next_dagrun for example_sensor_decorator to None, run_after=None
[2023-11-08T22:40:31.700+0000] {processor.py:179} INFO - Processing /home/airflow/.local/lib/python3.8/site-packages/airflow/example_dags/example_sensor_decorator.py took 0.038 seconds
[2023-11-08T22:41:02.173+0000] {processor.py:157} INFO - Started process (PID=1540) to work on /home/airflow/.local/lib/python3.8/site-packages/airflow/example_dags/example_sensor_decorator.py
[2023-11-08T22:41:02.173+0000] {processor.py:829} INFO - Processing file /home/airflow/.local/lib/python3.8/site-packages/airflow/example_dags/example_sensor_decorator.py for tasks to queue
[2023-11-08T22:41:02.175+0000] {logging_mixin.py:154} INFO - [2023-11-08T22:41:02.174+0000] {dagbag.py:536} INFO - Filling up the DagBag from /home/airflow/.local/lib/python3.8/site-packages/airflow/example_dags/example_sensor_decorator.py
[2023-11-08T22:41:02.178+0000] {processor.py:839} INFO - DAG(s) dict_keys(['example_sensor_decorator']) retrieved from /home/airflow/.local/lib/python3.8/site-packages/airflow/example_dags/example_sensor_decorator.py
[2023-11-08T22:41:02.190+0000] {logging_mixin.py:154} INFO - [2023-11-08T22:41:02.190+0000] {dag.py:2941} INFO - Sync 1 DAGs
[2023-11-08T22:41:02.198+0000] {logging_mixin.py:154} INFO - [2023-11-08T22:41:02.198+0000] {dag.py:3722} INFO - Setting next_dagrun for example_sensor_decorator to None, run_after=None
[2023-11-08T22:41:02.210+0000] {processor.py:179} INFO - Processing /home/airflow/.local/lib/python3.8/site-packages/airflow/example_dags/example_sensor_decorator.py took 0.040 seconds
[2023-11-08T22:41:32.878+0000] {processor.py:157} INFO - Started process (PID=1595) to work on /home/airflow/.local/lib/python3.8/site-packages/airflow/example_dags/example_sensor_decorator.py
[2023-11-08T22:41:32.878+0000] {processor.py:829} INFO - Processing file /home/airflow/.local/lib/python3.8/site-packages/airflow/example_dags/example_sensor_decorator.py for tasks to queue
[2023-11-08T22:41:32.879+0000] {logging_mixin.py:154} INFO - [2023-11-08T22:41:32.879+0000] {dagbag.py:536} INFO - Filling up the DagBag from /home/airflow/.local/lib/python3.8/site-packages/airflow/example_dags/example_sensor_decorator.py
[2023-11-08T22:41:32.883+0000] {processor.py:839} INFO - DAG(s) dict_keys(['example_sensor_decorator']) retrieved from /home/airflow/.local/lib/python3.8/site-packages/airflow/example_dags/example_sensor_decorator.py
[2023-11-08T22:41:32.895+0000] {logging_mixin.py:154} INFO - [2023-11-08T22:41:32.895+0000] {dag.py:2941} INFO - Sync 1 DAGs
[2023-11-08T22:41:32.904+0000] {logging_mixin.py:154} INFO - [2023-11-08T22:41:32.904+0000] {dag.py:3722} INFO - Setting next_dagrun for example_sensor_decorator to None, run_after=None
[2023-11-08T22:41:32.916+0000] {processor.py:179} INFO - Processing /home/airflow/.local/lib/python3.8/site-packages/airflow/example_dags/example_sensor_decorator.py took 0.040 seconds
[2023-11-08T22:42:03.465+0000] {processor.py:157} INFO - Started process (PID=1651) to work on /home/airflow/.local/lib/python3.8/site-packages/airflow/example_dags/example_sensor_decorator.py
[2023-11-08T22:42:03.466+0000] {processor.py:829} INFO - Processing file /home/airflow/.local/lib/python3.8/site-packages/airflow/example_dags/example_sensor_decorator.py for tasks to queue
[2023-11-08T22:42:03.467+0000] {logging_mixin.py:154} INFO - [2023-11-08T22:42:03.467+0000] {dagbag.py:536} INFO - Filling up the DagBag from /home/airflow/.local/lib/python3.8/site-packages/airflow/example_dags/example_sensor_decorator.py
[2023-11-08T22:42:03.470+0000] {processor.py:839} INFO - DAG(s) dict_keys(['example_sensor_decorator']) retrieved from /home/airflow/.local/lib/python3.8/site-packages/airflow/example_dags/example_sensor_decorator.py
[2023-11-08T22:42:03.482+0000] {logging_mixin.py:154} INFO - [2023-11-08T22:42:03.482+0000] {dag.py:2941} INFO - Sync 1 DAGs
[2023-11-08T22:42:03.489+0000] {logging_mixin.py:154} INFO - [2023-11-08T22:42:03.489+0000] {dag.py:3722} INFO - Setting next_dagrun for example_sensor_decorator to None, run_after=None
[2023-11-08T22:42:03.499+0000] {processor.py:179} INFO - Processing /home/airflow/.local/lib/python3.8/site-packages/airflow/example_dags/example_sensor_decorator.py took 0.036 seconds
[2023-11-08T22:42:34.012+0000] {processor.py:157} INFO - Started process (PID=1706) to work on /home/airflow/.local/lib/python3.8/site-packages/airflow/example_dags/example_sensor_decorator.py
[2023-11-08T22:42:34.012+0000] {processor.py:829} INFO - Processing file /home/airflow/.local/lib/python3.8/site-packages/airflow/example_dags/example_sensor_decorator.py for tasks to queue
[2023-11-08T22:42:34.013+0000] {logging_mixin.py:154} INFO - [2023-11-08T22:42:34.013+0000] {dagbag.py:536} INFO - Filling up the DagBag from /home/airflow/.local/lib/python3.8/site-packages/airflow/example_dags/example_sensor_decorator.py
[2023-11-08T22:42:34.017+0000] {processor.py:839} INFO - DAG(s) dict_keys(['example_sensor_decorator']) retrieved from /home/airflow/.local/lib/python3.8/site-packages/airflow/example_dags/example_sensor_decorator.py
[2023-11-08T22:42:34.028+0000] {logging_mixin.py:154} INFO - [2023-11-08T22:42:34.028+0000] {dag.py:2941} INFO - Sync 1 DAGs
[2023-11-08T22:42:34.035+0000] {logging_mixin.py:154} INFO - [2023-11-08T22:42:34.035+0000] {dag.py:3722} INFO - Setting next_dagrun for example_sensor_decorator to None, run_after=None
[2023-11-08T22:42:34.045+0000] {processor.py:179} INFO - Processing /home/airflow/.local/lib/python3.8/site-packages/airflow/example_dags/example_sensor_decorator.py took 0.035 seconds
[2023-11-08T22:43:04.654+0000] {processor.py:157} INFO - Started process (PID=1761) to work on /home/airflow/.local/lib/python3.8/site-packages/airflow/example_dags/example_sensor_decorator.py
[2023-11-08T22:43:04.655+0000] {processor.py:829} INFO - Processing file /home/airflow/.local/lib/python3.8/site-packages/airflow/example_dags/example_sensor_decorator.py for tasks to queue
[2023-11-08T22:43:04.656+0000] {logging_mixin.py:154} INFO - [2023-11-08T22:43:04.656+0000] {dagbag.py:536} INFO - Filling up the DagBag from /home/airflow/.local/lib/python3.8/site-packages/airflow/example_dags/example_sensor_decorator.py
[2023-11-08T22:43:04.660+0000] {processor.py:839} INFO - DAG(s) dict_keys(['example_sensor_decorator']) retrieved from /home/airflow/.local/lib/python3.8/site-packages/airflow/example_dags/example_sensor_decorator.py
[2023-11-08T22:43:04.671+0000] {logging_mixin.py:154} INFO - [2023-11-08T22:43:04.671+0000] {dag.py:2941} INFO - Sync 1 DAGs
[2023-11-08T22:43:04.680+0000] {logging_mixin.py:154} INFO - [2023-11-08T22:43:04.680+0000] {dag.py:3722} INFO - Setting next_dagrun for example_sensor_decorator to None, run_after=None
[2023-11-08T22:43:04.691+0000] {processor.py:179} INFO - Processing /home/airflow/.local/lib/python3.8/site-packages/airflow/example_dags/example_sensor_decorator.py took 0.039 seconds
[2023-11-08T22:43:38.370+0000] {processor.py:157} INFO - Started process (PID=60) to work on /home/airflow/.local/lib/python3.8/site-packages/airflow/example_dags/example_sensor_decorator.py
[2023-11-08T22:43:38.371+0000] {processor.py:829} INFO - Processing file /home/airflow/.local/lib/python3.8/site-packages/airflow/example_dags/example_sensor_decorator.py for tasks to queue
[2023-11-08T22:43:38.372+0000] {logging_mixin.py:154} INFO - [2023-11-08T22:43:38.372+0000] {dagbag.py:536} INFO - Filling up the DagBag from /home/airflow/.local/lib/python3.8/site-packages/airflow/example_dags/example_sensor_decorator.py
[2023-11-08T22:43:38.377+0000] {processor.py:839} INFO - DAG(s) dict_keys(['example_sensor_decorator']) retrieved from /home/airflow/.local/lib/python3.8/site-packages/airflow/example_dags/example_sensor_decorator.py
[2023-11-08T22:43:38.385+0000] {logging_mixin.py:154} INFO - [2023-11-08T22:43:38.385+0000] {dag.py:2941} INFO - Sync 1 DAGs
[2023-11-08T22:43:38.393+0000] {logging_mixin.py:154} INFO - [2023-11-08T22:43:38.392+0000] {dag.py:3722} INFO - Setting next_dagrun for example_sensor_decorator to None, run_after=None
[2023-11-08T22:43:38.404+0000] {processor.py:179} INFO - Processing /home/airflow/.local/lib/python3.8/site-packages/airflow/example_dags/example_sensor_decorator.py took 0.036 seconds
