[2023-11-08T22:09:16.349+0000] {processor.py:157} INFO - Started process (PID=64) to work on /home/airflow/.local/lib/python3.8/site-packages/airflow/example_dags/example_xcomargs.py
[2023-11-08T22:09:16.349+0000] {processor.py:829} INFO - Processing file /home/airflow/.local/lib/python3.8/site-packages/airflow/example_dags/example_xcomargs.py for tasks to queue
[2023-11-08T22:09:16.350+0000] {logging_mixin.py:154} INFO - [2023-11-08T22:09:16.350+0000] {dagbag.py:536} INFO - Filling up the DagBag from /home/airflow/.local/lib/python3.8/site-packages/airflow/example_dags/example_xcomargs.py
[2023-11-08T22:09:16.357+0000] {processor.py:839} INFO - DAG(s) dict_keys(['example_xcom_args_with_operators', 'example_xcom_args']) retrieved from /home/airflow/.local/lib/python3.8/site-packages/airflow/example_dags/example_xcomargs.py
[2023-11-08T22:09:16.364+0000] {logging_mixin.py:154} INFO - [2023-11-08T22:09:16.364+0000] {dag.py:2941} INFO - Sync 2 DAGs
[2023-11-08T22:09:16.377+0000] {logging_mixin.py:154} INFO - [2023-11-08T22:09:16.377+0000] {dag.py:3722} INFO - Setting next_dagrun for example_xcom_args to None, run_after=None
[2023-11-08T22:09:16.381+0000] {logging_mixin.py:154} INFO - [2023-11-08T22:09:16.381+0000] {dag.py:3722} INFO - Setting next_dagrun for example_xcom_args_with_operators to None, run_after=None
[2023-11-08T22:09:16.398+0000] {processor.py:179} INFO - Processing /home/airflow/.local/lib/python3.8/site-packages/airflow/example_dags/example_xcomargs.py took 0.051 seconds
[2023-11-08T22:09:47.059+0000] {processor.py:157} INFO - Started process (PID=119) to work on /home/airflow/.local/lib/python3.8/site-packages/airflow/example_dags/example_xcomargs.py
[2023-11-08T22:09:47.059+0000] {processor.py:829} INFO - Processing file /home/airflow/.local/lib/python3.8/site-packages/airflow/example_dags/example_xcomargs.py for tasks to queue
[2023-11-08T22:09:47.061+0000] {logging_mixin.py:154} INFO - [2023-11-08T22:09:47.060+0000] {dagbag.py:536} INFO - Filling up the DagBag from /home/airflow/.local/lib/python3.8/site-packages/airflow/example_dags/example_xcomargs.py
[2023-11-08T22:09:47.065+0000] {processor.py:839} INFO - DAG(s) dict_keys(['example_xcom_args_with_operators', 'example_xcom_args']) retrieved from /home/airflow/.local/lib/python3.8/site-packages/airflow/example_dags/example_xcomargs.py
[2023-11-08T22:09:47.086+0000] {logging_mixin.py:154} INFO - [2023-11-08T22:09:47.086+0000] {dag.py:2941} INFO - Sync 2 DAGs
[2023-11-08T22:09:47.098+0000] {logging_mixin.py:154} INFO - [2023-11-08T22:09:47.098+0000] {dag.py:3722} INFO - Setting next_dagrun for example_xcom_args to None, run_after=None
[2023-11-08T22:09:47.102+0000] {logging_mixin.py:154} INFO - [2023-11-08T22:09:47.102+0000] {dag.py:3722} INFO - Setting next_dagrun for example_xcom_args_with_operators to None, run_after=None
[2023-11-08T22:09:47.117+0000] {processor.py:179} INFO - Processing /home/airflow/.local/lib/python3.8/site-packages/airflow/example_dags/example_xcomargs.py took 0.060 seconds
[2023-11-08T22:11:50.805+0000] {processor.py:157} INFO - Started process (PID=64) to work on /home/airflow/.local/lib/python3.8/site-packages/airflow/example_dags/example_xcomargs.py
[2023-11-08T22:11:50.806+0000] {processor.py:829} INFO - Processing file /home/airflow/.local/lib/python3.8/site-packages/airflow/example_dags/example_xcomargs.py for tasks to queue
[2023-11-08T22:11:50.808+0000] {logging_mixin.py:154} INFO - [2023-11-08T22:11:50.807+0000] {dagbag.py:536} INFO - Filling up the DagBag from /home/airflow/.local/lib/python3.8/site-packages/airflow/example_dags/example_xcomargs.py
[2023-11-08T22:11:50.818+0000] {processor.py:839} INFO - DAG(s) dict_keys(['example_xcom_args', 'example_xcom_args_with_operators']) retrieved from /home/airflow/.local/lib/python3.8/site-packages/airflow/example_dags/example_xcomargs.py
[2023-11-08T22:11:50.828+0000] {logging_mixin.py:154} INFO - [2023-11-08T22:11:50.828+0000] {dag.py:2941} INFO - Sync 2 DAGs
[2023-11-08T22:11:50.843+0000] {logging_mixin.py:154} INFO - [2023-11-08T22:11:50.843+0000] {dag.py:3722} INFO - Setting next_dagrun for example_xcom_args to None, run_after=None
[2023-11-08T22:11:50.846+0000] {logging_mixin.py:154} INFO - [2023-11-08T22:11:50.845+0000] {dag.py:3722} INFO - Setting next_dagrun for example_xcom_args_with_operators to None, run_after=None
[2023-11-08T22:11:50.863+0000] {processor.py:179} INFO - Processing /home/airflow/.local/lib/python3.8/site-packages/airflow/example_dags/example_xcomargs.py took 0.060 seconds
[2023-11-08T22:12:20.888+0000] {processor.py:157} INFO - Started process (PID=118) to work on /home/airflow/.local/lib/python3.8/site-packages/airflow/example_dags/example_xcomargs.py
[2023-11-08T22:12:20.889+0000] {processor.py:829} INFO - Processing file /home/airflow/.local/lib/python3.8/site-packages/airflow/example_dags/example_xcomargs.py for tasks to queue
[2023-11-08T22:12:20.890+0000] {logging_mixin.py:154} INFO - [2023-11-08T22:12:20.890+0000] {dagbag.py:536} INFO - Filling up the DagBag from /home/airflow/.local/lib/python3.8/site-packages/airflow/example_dags/example_xcomargs.py
[2023-11-08T22:12:20.894+0000] {processor.py:839} INFO - DAG(s) dict_keys(['example_xcom_args_with_operators', 'example_xcom_args']) retrieved from /home/airflow/.local/lib/python3.8/site-packages/airflow/example_dags/example_xcomargs.py
[2023-11-08T22:12:20.908+0000] {logging_mixin.py:154} INFO - [2023-11-08T22:12:20.907+0000] {dag.py:2941} INFO - Sync 2 DAGs
[2023-11-08T22:12:20.915+0000] {logging_mixin.py:154} INFO - [2023-11-08T22:12:20.914+0000] {dag.py:3722} INFO - Setting next_dagrun for example_xcom_args to None, run_after=None
[2023-11-08T22:12:20.916+0000] {logging_mixin.py:154} INFO - [2023-11-08T22:12:20.916+0000] {dag.py:3722} INFO - Setting next_dagrun for example_xcom_args_with_operators to None, run_after=None
[2023-11-08T22:12:20.925+0000] {processor.py:179} INFO - Processing /home/airflow/.local/lib/python3.8/site-packages/airflow/example_dags/example_xcomargs.py took 0.038 seconds
[2023-11-08T22:12:51.768+0000] {processor.py:157} INFO - Started process (PID=172) to work on /home/airflow/.local/lib/python3.8/site-packages/airflow/example_dags/example_xcomargs.py
[2023-11-08T22:12:51.768+0000] {processor.py:829} INFO - Processing file /home/airflow/.local/lib/python3.8/site-packages/airflow/example_dags/example_xcomargs.py for tasks to queue
[2023-11-08T22:12:51.770+0000] {logging_mixin.py:154} INFO - [2023-11-08T22:12:51.769+0000] {dagbag.py:536} INFO - Filling up the DagBag from /home/airflow/.local/lib/python3.8/site-packages/airflow/example_dags/example_xcomargs.py
[2023-11-08T22:12:51.774+0000] {processor.py:839} INFO - DAG(s) dict_keys(['example_xcom_args', 'example_xcom_args_with_operators']) retrieved from /home/airflow/.local/lib/python3.8/site-packages/airflow/example_dags/example_xcomargs.py
[2023-11-08T22:12:51.788+0000] {logging_mixin.py:154} INFO - [2023-11-08T22:12:51.787+0000] {dag.py:2941} INFO - Sync 2 DAGs
[2023-11-08T22:12:51.795+0000] {logging_mixin.py:154} INFO - [2023-11-08T22:12:51.795+0000] {dag.py:3722} INFO - Setting next_dagrun for example_xcom_args to None, run_after=None
[2023-11-08T22:12:51.797+0000] {logging_mixin.py:154} INFO - [2023-11-08T22:12:51.797+0000] {dag.py:3722} INFO - Setting next_dagrun for example_xcom_args_with_operators to None, run_after=None
[2023-11-08T22:12:51.807+0000] {processor.py:179} INFO - Processing /home/airflow/.local/lib/python3.8/site-packages/airflow/example_dags/example_xcomargs.py took 0.041 seconds
[2023-11-08T22:13:22.386+0000] {processor.py:157} INFO - Started process (PID=226) to work on /home/airflow/.local/lib/python3.8/site-packages/airflow/example_dags/example_xcomargs.py
[2023-11-08T22:13:22.386+0000] {processor.py:829} INFO - Processing file /home/airflow/.local/lib/python3.8/site-packages/airflow/example_dags/example_xcomargs.py for tasks to queue
[2023-11-08T22:13:22.387+0000] {logging_mixin.py:154} INFO - [2023-11-08T22:13:22.387+0000] {dagbag.py:536} INFO - Filling up the DagBag from /home/airflow/.local/lib/python3.8/site-packages/airflow/example_dags/example_xcomargs.py
[2023-11-08T22:13:22.392+0000] {processor.py:839} INFO - DAG(s) dict_keys(['example_xcom_args', 'example_xcom_args_with_operators']) retrieved from /home/airflow/.local/lib/python3.8/site-packages/airflow/example_dags/example_xcomargs.py
[2023-11-08T22:13:22.409+0000] {logging_mixin.py:154} INFO - [2023-11-08T22:13:22.409+0000] {dag.py:2941} INFO - Sync 2 DAGs
[2023-11-08T22:13:22.418+0000] {logging_mixin.py:154} INFO - [2023-11-08T22:13:22.418+0000] {dag.py:3722} INFO - Setting next_dagrun for example_xcom_args to None, run_after=None
[2023-11-08T22:13:22.421+0000] {logging_mixin.py:154} INFO - [2023-11-08T22:13:22.421+0000] {dag.py:3722} INFO - Setting next_dagrun for example_xcom_args_with_operators to None, run_after=None
[2023-11-08T22:13:22.433+0000] {processor.py:179} INFO - Processing /home/airflow/.local/lib/python3.8/site-packages/airflow/example_dags/example_xcomargs.py took 0.049 seconds
[2023-11-08T22:13:53.049+0000] {processor.py:157} INFO - Started process (PID=280) to work on /home/airflow/.local/lib/python3.8/site-packages/airflow/example_dags/example_xcomargs.py
[2023-11-08T22:13:53.049+0000] {processor.py:829} INFO - Processing file /home/airflow/.local/lib/python3.8/site-packages/airflow/example_dags/example_xcomargs.py for tasks to queue
[2023-11-08T22:13:53.050+0000] {logging_mixin.py:154} INFO - [2023-11-08T22:13:53.050+0000] {dagbag.py:536} INFO - Filling up the DagBag from /home/airflow/.local/lib/python3.8/site-packages/airflow/example_dags/example_xcomargs.py
[2023-11-08T22:13:53.055+0000] {processor.py:839} INFO - DAG(s) dict_keys(['example_xcom_args_with_operators', 'example_xcom_args']) retrieved from /home/airflow/.local/lib/python3.8/site-packages/airflow/example_dags/example_xcomargs.py
[2023-11-08T22:13:53.069+0000] {logging_mixin.py:154} INFO - [2023-11-08T22:13:53.069+0000] {dag.py:2941} INFO - Sync 2 DAGs
[2023-11-08T22:13:53.077+0000] {logging_mixin.py:154} INFO - [2023-11-08T22:13:53.077+0000] {dag.py:3722} INFO - Setting next_dagrun for example_xcom_args to None, run_after=None
[2023-11-08T22:13:53.080+0000] {logging_mixin.py:154} INFO - [2023-11-08T22:13:53.080+0000] {dag.py:3722} INFO - Setting next_dagrun for example_xcom_args_with_operators to None, run_after=None
[2023-11-08T22:13:53.088+0000] {processor.py:179} INFO - Processing /home/airflow/.local/lib/python3.8/site-packages/airflow/example_dags/example_xcomargs.py took 0.042 seconds
[2023-11-08T22:14:23.695+0000] {processor.py:157} INFO - Started process (PID=334) to work on /home/airflow/.local/lib/python3.8/site-packages/airflow/example_dags/example_xcomargs.py
[2023-11-08T22:14:23.696+0000] {processor.py:829} INFO - Processing file /home/airflow/.local/lib/python3.8/site-packages/airflow/example_dags/example_xcomargs.py for tasks to queue
[2023-11-08T22:14:23.697+0000] {logging_mixin.py:154} INFO - [2023-11-08T22:14:23.697+0000] {dagbag.py:536} INFO - Filling up the DagBag from /home/airflow/.local/lib/python3.8/site-packages/airflow/example_dags/example_xcomargs.py
[2023-11-08T22:14:23.701+0000] {processor.py:839} INFO - DAG(s) dict_keys(['example_xcom_args', 'example_xcom_args_with_operators']) retrieved from /home/airflow/.local/lib/python3.8/site-packages/airflow/example_dags/example_xcomargs.py
[2023-11-08T22:14:23.715+0000] {logging_mixin.py:154} INFO - [2023-11-08T22:14:23.715+0000] {dag.py:2941} INFO - Sync 2 DAGs
[2023-11-08T22:14:23.722+0000] {logging_mixin.py:154} INFO - [2023-11-08T22:14:23.722+0000] {dag.py:3722} INFO - Setting next_dagrun for example_xcom_args to None, run_after=None
[2023-11-08T22:14:23.724+0000] {logging_mixin.py:154} INFO - [2023-11-08T22:14:23.724+0000] {dag.py:3722} INFO - Setting next_dagrun for example_xcom_args_with_operators to None, run_after=None
[2023-11-08T22:14:23.733+0000] {processor.py:179} INFO - Processing /home/airflow/.local/lib/python3.8/site-packages/airflow/example_dags/example_xcomargs.py took 0.039 seconds
[2023-11-08T22:14:54.313+0000] {processor.py:157} INFO - Started process (PID=388) to work on /home/airflow/.local/lib/python3.8/site-packages/airflow/example_dags/example_xcomargs.py
[2023-11-08T22:14:54.314+0000] {processor.py:829} INFO - Processing file /home/airflow/.local/lib/python3.8/site-packages/airflow/example_dags/example_xcomargs.py for tasks to queue
[2023-11-08T22:14:54.315+0000] {logging_mixin.py:154} INFO - [2023-11-08T22:14:54.315+0000] {dagbag.py:536} INFO - Filling up the DagBag from /home/airflow/.local/lib/python3.8/site-packages/airflow/example_dags/example_xcomargs.py
[2023-11-08T22:14:54.319+0000] {processor.py:839} INFO - DAG(s) dict_keys(['example_xcom_args_with_operators', 'example_xcom_args']) retrieved from /home/airflow/.local/lib/python3.8/site-packages/airflow/example_dags/example_xcomargs.py
[2023-11-08T22:14:54.334+0000] {logging_mixin.py:154} INFO - [2023-11-08T22:14:54.334+0000] {dag.py:2941} INFO - Sync 2 DAGs
[2023-11-08T22:14:54.341+0000] {logging_mixin.py:154} INFO - [2023-11-08T22:14:54.341+0000] {dag.py:3722} INFO - Setting next_dagrun for example_xcom_args to None, run_after=None
[2023-11-08T22:14:54.343+0000] {logging_mixin.py:154} INFO - [2023-11-08T22:14:54.343+0000] {dag.py:3722} INFO - Setting next_dagrun for example_xcom_args_with_operators to None, run_after=None
[2023-11-08T22:14:54.352+0000] {processor.py:179} INFO - Processing /home/airflow/.local/lib/python3.8/site-packages/airflow/example_dags/example_xcomargs.py took 0.041 seconds
[2023-11-08T22:15:25.005+0000] {processor.py:157} INFO - Started process (PID=443) to work on /home/airflow/.local/lib/python3.8/site-packages/airflow/example_dags/example_xcomargs.py
[2023-11-08T22:15:25.006+0000] {processor.py:829} INFO - Processing file /home/airflow/.local/lib/python3.8/site-packages/airflow/example_dags/example_xcomargs.py for tasks to queue
[2023-11-08T22:15:25.007+0000] {logging_mixin.py:154} INFO - [2023-11-08T22:15:25.007+0000] {dagbag.py:536} INFO - Filling up the DagBag from /home/airflow/.local/lib/python3.8/site-packages/airflow/example_dags/example_xcomargs.py
[2023-11-08T22:15:25.012+0000] {processor.py:839} INFO - DAG(s) dict_keys(['example_xcom_args', 'example_xcom_args_with_operators']) retrieved from /home/airflow/.local/lib/python3.8/site-packages/airflow/example_dags/example_xcomargs.py
[2023-11-08T22:15:25.027+0000] {logging_mixin.py:154} INFO - [2023-11-08T22:15:25.027+0000] {dag.py:2941} INFO - Sync 2 DAGs
[2023-11-08T22:15:25.034+0000] {logging_mixin.py:154} INFO - [2023-11-08T22:15:25.034+0000] {dag.py:3722} INFO - Setting next_dagrun for example_xcom_args to None, run_after=None
[2023-11-08T22:15:25.036+0000] {logging_mixin.py:154} INFO - [2023-11-08T22:15:25.036+0000] {dag.py:3722} INFO - Setting next_dagrun for example_xcom_args_with_operators to None, run_after=None
[2023-11-08T22:15:25.046+0000] {processor.py:179} INFO - Processing /home/airflow/.local/lib/python3.8/site-packages/airflow/example_dags/example_xcomargs.py took 0.043 seconds
[2023-11-08T22:15:55.666+0000] {processor.py:157} INFO - Started process (PID=497) to work on /home/airflow/.local/lib/python3.8/site-packages/airflow/example_dags/example_xcomargs.py
[2023-11-08T22:15:55.667+0000] {processor.py:829} INFO - Processing file /home/airflow/.local/lib/python3.8/site-packages/airflow/example_dags/example_xcomargs.py for tasks to queue
[2023-11-08T22:15:55.668+0000] {logging_mixin.py:154} INFO - [2023-11-08T22:15:55.668+0000] {dagbag.py:536} INFO - Filling up the DagBag from /home/airflow/.local/lib/python3.8/site-packages/airflow/example_dags/example_xcomargs.py
[2023-11-08T22:15:55.672+0000] {processor.py:839} INFO - DAG(s) dict_keys(['example_xcom_args_with_operators', 'example_xcom_args']) retrieved from /home/airflow/.local/lib/python3.8/site-packages/airflow/example_dags/example_xcomargs.py
[2023-11-08T22:15:55.687+0000] {logging_mixin.py:154} INFO - [2023-11-08T22:15:55.687+0000] {dag.py:2941} INFO - Sync 2 DAGs
[2023-11-08T22:15:55.694+0000] {logging_mixin.py:154} INFO - [2023-11-08T22:15:55.694+0000] {dag.py:3722} INFO - Setting next_dagrun for example_xcom_args to None, run_after=None
[2023-11-08T22:15:55.696+0000] {logging_mixin.py:154} INFO - [2023-11-08T22:15:55.696+0000] {dag.py:3722} INFO - Setting next_dagrun for example_xcom_args_with_operators to None, run_after=None
[2023-11-08T22:15:55.705+0000] {processor.py:179} INFO - Processing /home/airflow/.local/lib/python3.8/site-packages/airflow/example_dags/example_xcomargs.py took 0.041 seconds
[2023-11-08T22:16:26.240+0000] {processor.py:157} INFO - Started process (PID=550) to work on /home/airflow/.local/lib/python3.8/site-packages/airflow/example_dags/example_xcomargs.py
[2023-11-08T22:16:26.241+0000] {processor.py:829} INFO - Processing file /home/airflow/.local/lib/python3.8/site-packages/airflow/example_dags/example_xcomargs.py for tasks to queue
[2023-11-08T22:16:26.242+0000] {logging_mixin.py:154} INFO - [2023-11-08T22:16:26.242+0000] {dagbag.py:536} INFO - Filling up the DagBag from /home/airflow/.local/lib/python3.8/site-packages/airflow/example_dags/example_xcomargs.py
[2023-11-08T22:16:26.246+0000] {processor.py:839} INFO - DAG(s) dict_keys(['example_xcom_args', 'example_xcom_args_with_operators']) retrieved from /home/airflow/.local/lib/python3.8/site-packages/airflow/example_dags/example_xcomargs.py
[2023-11-08T22:16:26.260+0000] {logging_mixin.py:154} INFO - [2023-11-08T22:16:26.260+0000] {dag.py:2941} INFO - Sync 2 DAGs
[2023-11-08T22:16:26.268+0000] {logging_mixin.py:154} INFO - [2023-11-08T22:16:26.268+0000] {dag.py:3722} INFO - Setting next_dagrun for example_xcom_args to None, run_after=None
[2023-11-08T22:16:26.270+0000] {logging_mixin.py:154} INFO - [2023-11-08T22:16:26.270+0000] {dag.py:3722} INFO - Setting next_dagrun for example_xcom_args_with_operators to None, run_after=None
[2023-11-08T22:16:26.278+0000] {processor.py:179} INFO - Processing /home/airflow/.local/lib/python3.8/site-packages/airflow/example_dags/example_xcomargs.py took 0.040 seconds
[2023-11-08T22:16:56.891+0000] {processor.py:157} INFO - Started process (PID=604) to work on /home/airflow/.local/lib/python3.8/site-packages/airflow/example_dags/example_xcomargs.py
[2023-11-08T22:16:56.891+0000] {processor.py:829} INFO - Processing file /home/airflow/.local/lib/python3.8/site-packages/airflow/example_dags/example_xcomargs.py for tasks to queue
[2023-11-08T22:16:56.893+0000] {logging_mixin.py:154} INFO - [2023-11-08T22:16:56.892+0000] {dagbag.py:536} INFO - Filling up the DagBag from /home/airflow/.local/lib/python3.8/site-packages/airflow/example_dags/example_xcomargs.py
[2023-11-08T22:16:56.897+0000] {processor.py:839} INFO - DAG(s) dict_keys(['example_xcom_args_with_operators', 'example_xcom_args']) retrieved from /home/airflow/.local/lib/python3.8/site-packages/airflow/example_dags/example_xcomargs.py
[2023-11-08T22:16:56.911+0000] {logging_mixin.py:154} INFO - [2023-11-08T22:16:56.910+0000] {dag.py:2941} INFO - Sync 2 DAGs
[2023-11-08T22:16:56.918+0000] {logging_mixin.py:154} INFO - [2023-11-08T22:16:56.918+0000] {dag.py:3722} INFO - Setting next_dagrun for example_xcom_args to None, run_after=None
[2023-11-08T22:16:56.920+0000] {logging_mixin.py:154} INFO - [2023-11-08T22:16:56.920+0000] {dag.py:3722} INFO - Setting next_dagrun for example_xcom_args_with_operators to None, run_after=None
[2023-11-08T22:16:56.930+0000] {processor.py:179} INFO - Processing /home/airflow/.local/lib/python3.8/site-packages/airflow/example_dags/example_xcomargs.py took 0.041 seconds
[2023-11-08T22:17:27.622+0000] {processor.py:157} INFO - Started process (PID=659) to work on /home/airflow/.local/lib/python3.8/site-packages/airflow/example_dags/example_xcomargs.py
[2023-11-08T22:17:27.622+0000] {processor.py:829} INFO - Processing file /home/airflow/.local/lib/python3.8/site-packages/airflow/example_dags/example_xcomargs.py for tasks to queue
[2023-11-08T22:17:27.623+0000] {logging_mixin.py:154} INFO - [2023-11-08T22:17:27.623+0000] {dagbag.py:536} INFO - Filling up the DagBag from /home/airflow/.local/lib/python3.8/site-packages/airflow/example_dags/example_xcomargs.py
[2023-11-08T22:17:27.629+0000] {processor.py:839} INFO - DAG(s) dict_keys(['example_xcom_args_with_operators', 'example_xcom_args']) retrieved from /home/airflow/.local/lib/python3.8/site-packages/airflow/example_dags/example_xcomargs.py
[2023-11-08T22:17:27.644+0000] {logging_mixin.py:154} INFO - [2023-11-08T22:17:27.643+0000] {dag.py:2941} INFO - Sync 2 DAGs
[2023-11-08T22:17:27.651+0000] {logging_mixin.py:154} INFO - [2023-11-08T22:17:27.651+0000] {dag.py:3722} INFO - Setting next_dagrun for example_xcom_args to None, run_after=None
[2023-11-08T22:17:27.653+0000] {logging_mixin.py:154} INFO - [2023-11-08T22:17:27.653+0000] {dag.py:3722} INFO - Setting next_dagrun for example_xcom_args_with_operators to None, run_after=None
[2023-11-08T22:17:27.662+0000] {processor.py:179} INFO - Processing /home/airflow/.local/lib/python3.8/site-packages/airflow/example_dags/example_xcomargs.py took 0.042 seconds
[2023-11-08T22:17:58.331+0000] {processor.py:157} INFO - Started process (PID=713) to work on /home/airflow/.local/lib/python3.8/site-packages/airflow/example_dags/example_xcomargs.py
[2023-11-08T22:17:58.332+0000] {processor.py:829} INFO - Processing file /home/airflow/.local/lib/python3.8/site-packages/airflow/example_dags/example_xcomargs.py for tasks to queue
[2023-11-08T22:17:58.333+0000] {logging_mixin.py:154} INFO - [2023-11-08T22:17:58.333+0000] {dagbag.py:536} INFO - Filling up the DagBag from /home/airflow/.local/lib/python3.8/site-packages/airflow/example_dags/example_xcomargs.py
[2023-11-08T22:17:58.337+0000] {processor.py:839} INFO - DAG(s) dict_keys(['example_xcom_args', 'example_xcom_args_with_operators']) retrieved from /home/airflow/.local/lib/python3.8/site-packages/airflow/example_dags/example_xcomargs.py
[2023-11-08T22:17:58.352+0000] {logging_mixin.py:154} INFO - [2023-11-08T22:17:58.351+0000] {dag.py:2941} INFO - Sync 2 DAGs
[2023-11-08T22:17:58.359+0000] {logging_mixin.py:154} INFO - [2023-11-08T22:17:58.359+0000] {dag.py:3722} INFO - Setting next_dagrun for example_xcom_args to None, run_after=None
[2023-11-08T22:17:58.361+0000] {logging_mixin.py:154} INFO - [2023-11-08T22:17:58.361+0000] {dag.py:3722} INFO - Setting next_dagrun for example_xcom_args_with_operators to None, run_after=None
[2023-11-08T22:17:58.371+0000] {processor.py:179} INFO - Processing /home/airflow/.local/lib/python3.8/site-packages/airflow/example_dags/example_xcomargs.py took 0.041 seconds
[2023-11-08T22:18:29.120+0000] {processor.py:157} INFO - Started process (PID=768) to work on /home/airflow/.local/lib/python3.8/site-packages/airflow/example_dags/example_xcomargs.py
[2023-11-08T22:18:29.120+0000] {processor.py:829} INFO - Processing file /home/airflow/.local/lib/python3.8/site-packages/airflow/example_dags/example_xcomargs.py for tasks to queue
[2023-11-08T22:18:29.121+0000] {logging_mixin.py:154} INFO - [2023-11-08T22:18:29.121+0000] {dagbag.py:536} INFO - Filling up the DagBag from /home/airflow/.local/lib/python3.8/site-packages/airflow/example_dags/example_xcomargs.py
[2023-11-08T22:18:29.126+0000] {processor.py:839} INFO - DAG(s) dict_keys(['example_xcom_args', 'example_xcom_args_with_operators']) retrieved from /home/airflow/.local/lib/python3.8/site-packages/airflow/example_dags/example_xcomargs.py
[2023-11-08T22:18:29.145+0000] {logging_mixin.py:154} INFO - [2023-11-08T22:18:29.145+0000] {dag.py:2941} INFO - Sync 2 DAGs
[2023-11-08T22:18:29.156+0000] {logging_mixin.py:154} INFO - [2023-11-08T22:18:29.156+0000] {dag.py:3722} INFO - Setting next_dagrun for example_xcom_args to None, run_after=None
[2023-11-08T22:18:29.158+0000] {logging_mixin.py:154} INFO - [2023-11-08T22:18:29.158+0000] {dag.py:3722} INFO - Setting next_dagrun for example_xcom_args_with_operators to None, run_after=None
[2023-11-08T22:18:29.167+0000] {processor.py:179} INFO - Processing /home/airflow/.local/lib/python3.8/site-packages/airflow/example_dags/example_xcomargs.py took 0.049 seconds
[2023-11-08T22:19:00.116+0000] {processor.py:157} INFO - Started process (PID=822) to work on /home/airflow/.local/lib/python3.8/site-packages/airflow/example_dags/example_xcomargs.py
[2023-11-08T22:19:00.117+0000] {processor.py:829} INFO - Processing file /home/airflow/.local/lib/python3.8/site-packages/airflow/example_dags/example_xcomargs.py for tasks to queue
[2023-11-08T22:19:00.118+0000] {logging_mixin.py:154} INFO - [2023-11-08T22:19:00.118+0000] {dagbag.py:536} INFO - Filling up the DagBag from /home/airflow/.local/lib/python3.8/site-packages/airflow/example_dags/example_xcomargs.py
[2023-11-08T22:19:00.123+0000] {processor.py:839} INFO - DAG(s) dict_keys(['example_xcom_args_with_operators', 'example_xcom_args']) retrieved from /home/airflow/.local/lib/python3.8/site-packages/airflow/example_dags/example_xcomargs.py
[2023-11-08T22:19:00.139+0000] {logging_mixin.py:154} INFO - [2023-11-08T22:19:00.138+0000] {dag.py:2941} INFO - Sync 2 DAGs
[2023-11-08T22:19:00.146+0000] {logging_mixin.py:154} INFO - [2023-11-08T22:19:00.146+0000] {dag.py:3722} INFO - Setting next_dagrun for example_xcom_args to None, run_after=None
[2023-11-08T22:19:00.150+0000] {logging_mixin.py:154} INFO - [2023-11-08T22:19:00.149+0000] {dag.py:3722} INFO - Setting next_dagrun for example_xcom_args_with_operators to None, run_after=None
[2023-11-08T22:19:00.160+0000] {processor.py:179} INFO - Processing /home/airflow/.local/lib/python3.8/site-packages/airflow/example_dags/example_xcomargs.py took 0.046 seconds
[2023-11-08T22:19:30.282+0000] {processor.py:157} INFO - Started process (PID=876) to work on /home/airflow/.local/lib/python3.8/site-packages/airflow/example_dags/example_xcomargs.py
[2023-11-08T22:19:30.282+0000] {processor.py:829} INFO - Processing file /home/airflow/.local/lib/python3.8/site-packages/airflow/example_dags/example_xcomargs.py for tasks to queue
[2023-11-08T22:19:30.284+0000] {logging_mixin.py:154} INFO - [2023-11-08T22:19:30.283+0000] {dagbag.py:536} INFO - Filling up the DagBag from /home/airflow/.local/lib/python3.8/site-packages/airflow/example_dags/example_xcomargs.py
[2023-11-08T22:19:30.289+0000] {processor.py:839} INFO - DAG(s) dict_keys(['example_xcom_args_with_operators', 'example_xcom_args']) retrieved from /home/airflow/.local/lib/python3.8/site-packages/airflow/example_dags/example_xcomargs.py
[2023-11-08T22:19:30.303+0000] {logging_mixin.py:154} INFO - [2023-11-08T22:19:30.303+0000] {dag.py:2941} INFO - Sync 2 DAGs
[2023-11-08T22:19:30.311+0000] {logging_mixin.py:154} INFO - [2023-11-08T22:19:30.311+0000] {dag.py:3722} INFO - Setting next_dagrun for example_xcom_args to None, run_after=None
[2023-11-08T22:19:30.313+0000] {logging_mixin.py:154} INFO - [2023-11-08T22:19:30.313+0000] {dag.py:3722} INFO - Setting next_dagrun for example_xcom_args_with_operators to None, run_after=None
[2023-11-08T22:19:30.323+0000] {processor.py:179} INFO - Processing /home/airflow/.local/lib/python3.8/site-packages/airflow/example_dags/example_xcomargs.py took 0.044 seconds
[2023-11-08T22:20:00.527+0000] {processor.py:157} INFO - Started process (PID=930) to work on /home/airflow/.local/lib/python3.8/site-packages/airflow/example_dags/example_xcomargs.py
[2023-11-08T22:20:00.527+0000] {processor.py:829} INFO - Processing file /home/airflow/.local/lib/python3.8/site-packages/airflow/example_dags/example_xcomargs.py for tasks to queue
[2023-11-08T22:20:00.528+0000] {logging_mixin.py:154} INFO - [2023-11-08T22:20:00.528+0000] {dagbag.py:536} INFO - Filling up the DagBag from /home/airflow/.local/lib/python3.8/site-packages/airflow/example_dags/example_xcomargs.py
[2023-11-08T22:20:00.533+0000] {processor.py:839} INFO - DAG(s) dict_keys(['example_xcom_args', 'example_xcom_args_with_operators']) retrieved from /home/airflow/.local/lib/python3.8/site-packages/airflow/example_dags/example_xcomargs.py
[2023-11-08T22:20:00.547+0000] {logging_mixin.py:154} INFO - [2023-11-08T22:20:00.546+0000] {dag.py:2941} INFO - Sync 2 DAGs
[2023-11-08T22:20:00.555+0000] {logging_mixin.py:154} INFO - [2023-11-08T22:20:00.555+0000] {dag.py:3722} INFO - Setting next_dagrun for example_xcom_args to None, run_after=None
[2023-11-08T22:20:00.557+0000] {logging_mixin.py:154} INFO - [2023-11-08T22:20:00.557+0000] {dag.py:3722} INFO - Setting next_dagrun for example_xcom_args_with_operators to None, run_after=None
[2023-11-08T22:20:00.566+0000] {processor.py:179} INFO - Processing /home/airflow/.local/lib/python3.8/site-packages/airflow/example_dags/example_xcomargs.py took 0.041 seconds
[2023-11-08T22:20:31.335+0000] {processor.py:157} INFO - Started process (PID=984) to work on /home/airflow/.local/lib/python3.8/site-packages/airflow/example_dags/example_xcomargs.py
[2023-11-08T22:20:31.336+0000] {processor.py:829} INFO - Processing file /home/airflow/.local/lib/python3.8/site-packages/airflow/example_dags/example_xcomargs.py for tasks to queue
[2023-11-08T22:20:31.337+0000] {logging_mixin.py:154} INFO - [2023-11-08T22:20:31.336+0000] {dagbag.py:536} INFO - Filling up the DagBag from /home/airflow/.local/lib/python3.8/site-packages/airflow/example_dags/example_xcomargs.py
[2023-11-08T22:20:31.341+0000] {processor.py:839} INFO - DAG(s) dict_keys(['example_xcom_args_with_operators', 'example_xcom_args']) retrieved from /home/airflow/.local/lib/python3.8/site-packages/airflow/example_dags/example_xcomargs.py
[2023-11-08T22:20:31.355+0000] {logging_mixin.py:154} INFO - [2023-11-08T22:20:31.355+0000] {dag.py:2941} INFO - Sync 2 DAGs
[2023-11-08T22:20:31.362+0000] {logging_mixin.py:154} INFO - [2023-11-08T22:20:31.362+0000] {dag.py:3722} INFO - Setting next_dagrun for example_xcom_args to None, run_after=None
[2023-11-08T22:20:31.364+0000] {logging_mixin.py:154} INFO - [2023-11-08T22:20:31.364+0000] {dag.py:3722} INFO - Setting next_dagrun for example_xcom_args_with_operators to None, run_after=None
[2023-11-08T22:20:31.373+0000] {processor.py:179} INFO - Processing /home/airflow/.local/lib/python3.8/site-packages/airflow/example_dags/example_xcomargs.py took 0.040 seconds
[2023-11-08T22:21:01.617+0000] {processor.py:157} INFO - Started process (PID=1038) to work on /home/airflow/.local/lib/python3.8/site-packages/airflow/example_dags/example_xcomargs.py
[2023-11-08T22:21:01.617+0000] {processor.py:829} INFO - Processing file /home/airflow/.local/lib/python3.8/site-packages/airflow/example_dags/example_xcomargs.py for tasks to queue
[2023-11-08T22:21:01.618+0000] {logging_mixin.py:154} INFO - [2023-11-08T22:21:01.618+0000] {dagbag.py:536} INFO - Filling up the DagBag from /home/airflow/.local/lib/python3.8/site-packages/airflow/example_dags/example_xcomargs.py
[2023-11-08T22:21:01.624+0000] {processor.py:839} INFO - DAG(s) dict_keys(['example_xcom_args_with_operators', 'example_xcom_args']) retrieved from /home/airflow/.local/lib/python3.8/site-packages/airflow/example_dags/example_xcomargs.py
[2023-11-08T22:21:01.643+0000] {logging_mixin.py:154} INFO - [2023-11-08T22:21:01.643+0000] {dag.py:2941} INFO - Sync 2 DAGs
[2023-11-08T22:21:01.652+0000] {logging_mixin.py:154} INFO - [2023-11-08T22:21:01.652+0000] {dag.py:3722} INFO - Setting next_dagrun for example_xcom_args to None, run_after=None
[2023-11-08T22:21:01.655+0000] {logging_mixin.py:154} INFO - [2023-11-08T22:21:01.655+0000] {dag.py:3722} INFO - Setting next_dagrun for example_xcom_args_with_operators to None, run_after=None
[2023-11-08T22:21:01.666+0000] {processor.py:179} INFO - Processing /home/airflow/.local/lib/python3.8/site-packages/airflow/example_dags/example_xcomargs.py took 0.051 seconds
[2023-11-08T22:21:32.625+0000] {processor.py:157} INFO - Started process (PID=1091) to work on /home/airflow/.local/lib/python3.8/site-packages/airflow/example_dags/example_xcomargs.py
[2023-11-08T22:21:32.626+0000] {processor.py:829} INFO - Processing file /home/airflow/.local/lib/python3.8/site-packages/airflow/example_dags/example_xcomargs.py for tasks to queue
[2023-11-08T22:21:32.627+0000] {logging_mixin.py:154} INFO - [2023-11-08T22:21:32.627+0000] {dagbag.py:536} INFO - Filling up the DagBag from /home/airflow/.local/lib/python3.8/site-packages/airflow/example_dags/example_xcomargs.py
[2023-11-08T22:21:32.632+0000] {processor.py:839} INFO - DAG(s) dict_keys(['example_xcom_args_with_operators', 'example_xcom_args']) retrieved from /home/airflow/.local/lib/python3.8/site-packages/airflow/example_dags/example_xcomargs.py
[2023-11-08T22:21:32.645+0000] {logging_mixin.py:154} INFO - [2023-11-08T22:21:32.645+0000] {dag.py:2941} INFO - Sync 2 DAGs
[2023-11-08T22:21:32.654+0000] {logging_mixin.py:154} INFO - [2023-11-08T22:21:32.654+0000] {dag.py:3722} INFO - Setting next_dagrun for example_xcom_args to None, run_after=None
[2023-11-08T22:21:32.656+0000] {logging_mixin.py:154} INFO - [2023-11-08T22:21:32.656+0000] {dag.py:3722} INFO - Setting next_dagrun for example_xcom_args_with_operators to None, run_after=None
[2023-11-08T22:21:32.666+0000] {processor.py:179} INFO - Processing /home/airflow/.local/lib/python3.8/site-packages/airflow/example_dags/example_xcomargs.py took 0.043 seconds
[2023-11-08T22:22:03.275+0000] {processor.py:157} INFO - Started process (PID=1145) to work on /home/airflow/.local/lib/python3.8/site-packages/airflow/example_dags/example_xcomargs.py
[2023-11-08T22:22:03.276+0000] {processor.py:829} INFO - Processing file /home/airflow/.local/lib/python3.8/site-packages/airflow/example_dags/example_xcomargs.py for tasks to queue
[2023-11-08T22:22:03.277+0000] {logging_mixin.py:154} INFO - [2023-11-08T22:22:03.277+0000] {dagbag.py:536} INFO - Filling up the DagBag from /home/airflow/.local/lib/python3.8/site-packages/airflow/example_dags/example_xcomargs.py
[2023-11-08T22:22:03.281+0000] {processor.py:839} INFO - DAG(s) dict_keys(['example_xcom_args', 'example_xcom_args_with_operators']) retrieved from /home/airflow/.local/lib/python3.8/site-packages/airflow/example_dags/example_xcomargs.py
[2023-11-08T22:22:03.298+0000] {logging_mixin.py:154} INFO - [2023-11-08T22:22:03.298+0000] {dag.py:2941} INFO - Sync 2 DAGs
[2023-11-08T22:22:03.305+0000] {logging_mixin.py:154} INFO - [2023-11-08T22:22:03.305+0000] {dag.py:3722} INFO - Setting next_dagrun for example_xcom_args to None, run_after=None
[2023-11-08T22:22:03.307+0000] {logging_mixin.py:154} INFO - [2023-11-08T22:22:03.307+0000] {dag.py:3722} INFO - Setting next_dagrun for example_xcom_args_with_operators to None, run_after=None
[2023-11-08T22:22:03.403+0000] {processor.py:179} INFO - Processing /home/airflow/.local/lib/python3.8/site-packages/airflow/example_dags/example_xcomargs.py took 0.130 seconds
[2023-11-08T22:22:33.752+0000] {processor.py:157} INFO - Started process (PID=1198) to work on /home/airflow/.local/lib/python3.8/site-packages/airflow/example_dags/example_xcomargs.py
[2023-11-08T22:22:33.752+0000] {processor.py:829} INFO - Processing file /home/airflow/.local/lib/python3.8/site-packages/airflow/example_dags/example_xcomargs.py for tasks to queue
[2023-11-08T22:22:33.753+0000] {logging_mixin.py:154} INFO - [2023-11-08T22:22:33.753+0000] {dagbag.py:536} INFO - Filling up the DagBag from /home/airflow/.local/lib/python3.8/site-packages/airflow/example_dags/example_xcomargs.py
[2023-11-08T22:22:33.758+0000] {processor.py:839} INFO - DAG(s) dict_keys(['example_xcom_args_with_operators', 'example_xcom_args']) retrieved from /home/airflow/.local/lib/python3.8/site-packages/airflow/example_dags/example_xcomargs.py
[2023-11-08T22:22:33.773+0000] {logging_mixin.py:154} INFO - [2023-11-08T22:22:33.772+0000] {dag.py:2941} INFO - Sync 2 DAGs
[2023-11-08T22:22:33.781+0000] {logging_mixin.py:154} INFO - [2023-11-08T22:22:33.780+0000] {dag.py:3722} INFO - Setting next_dagrun for example_xcom_args to None, run_after=None
[2023-11-08T22:22:33.783+0000] {logging_mixin.py:154} INFO - [2023-11-08T22:22:33.783+0000] {dag.py:3722} INFO - Setting next_dagrun for example_xcom_args_with_operators to None, run_after=None
[2023-11-08T22:22:33.792+0000] {processor.py:179} INFO - Processing /home/airflow/.local/lib/python3.8/site-packages/airflow/example_dags/example_xcomargs.py took 0.042 seconds
[2023-11-08T22:23:04.451+0000] {processor.py:157} INFO - Started process (PID=1251) to work on /home/airflow/.local/lib/python3.8/site-packages/airflow/example_dags/example_xcomargs.py
[2023-11-08T22:23:04.452+0000] {processor.py:829} INFO - Processing file /home/airflow/.local/lib/python3.8/site-packages/airflow/example_dags/example_xcomargs.py for tasks to queue
[2023-11-08T22:23:04.453+0000] {logging_mixin.py:154} INFO - [2023-11-08T22:23:04.453+0000] {dagbag.py:536} INFO - Filling up the DagBag from /home/airflow/.local/lib/python3.8/site-packages/airflow/example_dags/example_xcomargs.py
[2023-11-08T22:23:04.457+0000] {processor.py:839} INFO - DAG(s) dict_keys(['example_xcom_args', 'example_xcom_args_with_operators']) retrieved from /home/airflow/.local/lib/python3.8/site-packages/airflow/example_dags/example_xcomargs.py
[2023-11-08T22:23:04.471+0000] {logging_mixin.py:154} INFO - [2023-11-08T22:23:04.471+0000] {dag.py:2941} INFO - Sync 2 DAGs
[2023-11-08T22:23:04.479+0000] {logging_mixin.py:154} INFO - [2023-11-08T22:23:04.478+0000] {dag.py:3722} INFO - Setting next_dagrun for example_xcom_args to None, run_after=None
[2023-11-08T22:23:04.481+0000] {logging_mixin.py:154} INFO - [2023-11-08T22:23:04.480+0000] {dag.py:3722} INFO - Setting next_dagrun for example_xcom_args_with_operators to None, run_after=None
[2023-11-08T22:23:04.490+0000] {processor.py:179} INFO - Processing /home/airflow/.local/lib/python3.8/site-packages/airflow/example_dags/example_xcomargs.py took 0.041 seconds
[2023-11-08T22:23:35.260+0000] {processor.py:157} INFO - Started process (PID=1305) to work on /home/airflow/.local/lib/python3.8/site-packages/airflow/example_dags/example_xcomargs.py
[2023-11-08T22:23:35.260+0000] {processor.py:829} INFO - Processing file /home/airflow/.local/lib/python3.8/site-packages/airflow/example_dags/example_xcomargs.py for tasks to queue
[2023-11-08T22:23:35.261+0000] {logging_mixin.py:154} INFO - [2023-11-08T22:23:35.261+0000] {dagbag.py:536} INFO - Filling up the DagBag from /home/airflow/.local/lib/python3.8/site-packages/airflow/example_dags/example_xcomargs.py
[2023-11-08T22:23:35.266+0000] {processor.py:839} INFO - DAG(s) dict_keys(['example_xcom_args_with_operators', 'example_xcom_args']) retrieved from /home/airflow/.local/lib/python3.8/site-packages/airflow/example_dags/example_xcomargs.py
[2023-11-08T22:23:35.280+0000] {logging_mixin.py:154} INFO - [2023-11-08T22:23:35.280+0000] {dag.py:2941} INFO - Sync 2 DAGs
[2023-11-08T22:23:35.288+0000] {logging_mixin.py:154} INFO - [2023-11-08T22:23:35.288+0000] {dag.py:3722} INFO - Setting next_dagrun for example_xcom_args to None, run_after=None
[2023-11-08T22:23:35.290+0000] {logging_mixin.py:154} INFO - [2023-11-08T22:23:35.290+0000] {dag.py:3722} INFO - Setting next_dagrun for example_xcom_args_with_operators to None, run_after=None
[2023-11-08T22:23:35.395+0000] {processor.py:179} INFO - Processing /home/airflow/.local/lib/python3.8/site-packages/airflow/example_dags/example_xcomargs.py took 0.137 seconds
[2023-11-08T22:24:05.713+0000] {processor.py:157} INFO - Started process (PID=1359) to work on /home/airflow/.local/lib/python3.8/site-packages/airflow/example_dags/example_xcomargs.py
[2023-11-08T22:24:05.713+0000] {processor.py:829} INFO - Processing file /home/airflow/.local/lib/python3.8/site-packages/airflow/example_dags/example_xcomargs.py for tasks to queue
[2023-11-08T22:24:05.714+0000] {logging_mixin.py:154} INFO - [2023-11-08T22:24:05.714+0000] {dagbag.py:536} INFO - Filling up the DagBag from /home/airflow/.local/lib/python3.8/site-packages/airflow/example_dags/example_xcomargs.py
[2023-11-08T22:24:05.718+0000] {processor.py:839} INFO - DAG(s) dict_keys(['example_xcom_args_with_operators', 'example_xcom_args']) retrieved from /home/airflow/.local/lib/python3.8/site-packages/airflow/example_dags/example_xcomargs.py
[2023-11-08T22:24:05.732+0000] {logging_mixin.py:154} INFO - [2023-11-08T22:24:05.732+0000] {dag.py:2941} INFO - Sync 2 DAGs
[2023-11-08T22:24:05.740+0000] {logging_mixin.py:154} INFO - [2023-11-08T22:24:05.740+0000] {dag.py:3722} INFO - Setting next_dagrun for example_xcom_args to None, run_after=None
[2023-11-08T22:24:05.742+0000] {logging_mixin.py:154} INFO - [2023-11-08T22:24:05.742+0000] {dag.py:3722} INFO - Setting next_dagrun for example_xcom_args_with_operators to None, run_after=None
[2023-11-08T22:24:05.752+0000] {processor.py:179} INFO - Processing /home/airflow/.local/lib/python3.8/site-packages/airflow/example_dags/example_xcomargs.py took 0.041 seconds
[2023-11-08T22:24:36.961+0000] {processor.py:157} INFO - Started process (PID=1413) to work on /home/airflow/.local/lib/python3.8/site-packages/airflow/example_dags/example_xcomargs.py
[2023-11-08T22:24:36.961+0000] {processor.py:829} INFO - Processing file /home/airflow/.local/lib/python3.8/site-packages/airflow/example_dags/example_xcomargs.py for tasks to queue
[2023-11-08T22:24:36.963+0000] {logging_mixin.py:154} INFO - [2023-11-08T22:24:36.962+0000] {dagbag.py:536} INFO - Filling up the DagBag from /home/airflow/.local/lib/python3.8/site-packages/airflow/example_dags/example_xcomargs.py
[2023-11-08T22:24:36.967+0000] {processor.py:839} INFO - DAG(s) dict_keys(['example_xcom_args_with_operators', 'example_xcom_args']) retrieved from /home/airflow/.local/lib/python3.8/site-packages/airflow/example_dags/example_xcomargs.py
[2023-11-08T22:24:37.073+0000] {logging_mixin.py:154} INFO - [2023-11-08T22:24:37.073+0000] {dag.py:2941} INFO - Sync 2 DAGs
[2023-11-08T22:24:37.079+0000] {logging_mixin.py:154} INFO - [2023-11-08T22:24:37.079+0000] {dag.py:3722} INFO - Setting next_dagrun for example_xcom_args to None, run_after=None
[2023-11-08T22:24:37.081+0000] {logging_mixin.py:154} INFO - [2023-11-08T22:24:37.081+0000] {dag.py:3722} INFO - Setting next_dagrun for example_xcom_args_with_operators to None, run_after=None
[2023-11-08T22:24:37.089+0000] {processor.py:179} INFO - Processing /home/airflow/.local/lib/python3.8/site-packages/airflow/example_dags/example_xcomargs.py took 0.130 seconds
[2023-11-08T22:25:07.456+0000] {processor.py:157} INFO - Started process (PID=1467) to work on /home/airflow/.local/lib/python3.8/site-packages/airflow/example_dags/example_xcomargs.py
[2023-11-08T22:25:07.457+0000] {processor.py:829} INFO - Processing file /home/airflow/.local/lib/python3.8/site-packages/airflow/example_dags/example_xcomargs.py for tasks to queue
[2023-11-08T22:25:07.458+0000] {logging_mixin.py:154} INFO - [2023-11-08T22:25:07.458+0000] {dagbag.py:536} INFO - Filling up the DagBag from /home/airflow/.local/lib/python3.8/site-packages/airflow/example_dags/example_xcomargs.py
[2023-11-08T22:25:07.463+0000] {processor.py:839} INFO - DAG(s) dict_keys(['example_xcom_args_with_operators', 'example_xcom_args']) retrieved from /home/airflow/.local/lib/python3.8/site-packages/airflow/example_dags/example_xcomargs.py
[2023-11-08T22:25:07.478+0000] {logging_mixin.py:154} INFO - [2023-11-08T22:25:07.478+0000] {dag.py:2941} INFO - Sync 2 DAGs
[2023-11-08T22:25:07.485+0000] {logging_mixin.py:154} INFO - [2023-11-08T22:25:07.485+0000] {dag.py:3722} INFO - Setting next_dagrun for example_xcom_args to None, run_after=None
[2023-11-08T22:25:07.487+0000] {logging_mixin.py:154} INFO - [2023-11-08T22:25:07.487+0000] {dag.py:3722} INFO - Setting next_dagrun for example_xcom_args_with_operators to None, run_after=None
[2023-11-08T22:25:07.595+0000] {processor.py:179} INFO - Processing /home/airflow/.local/lib/python3.8/site-packages/airflow/example_dags/example_xcomargs.py took 0.141 seconds
[2023-11-08T22:25:37.730+0000] {processor.py:157} INFO - Started process (PID=1521) to work on /home/airflow/.local/lib/python3.8/site-packages/airflow/example_dags/example_xcomargs.py
[2023-11-08T22:25:37.731+0000] {processor.py:829} INFO - Processing file /home/airflow/.local/lib/python3.8/site-packages/airflow/example_dags/example_xcomargs.py for tasks to queue
[2023-11-08T22:25:37.732+0000] {logging_mixin.py:154} INFO - [2023-11-08T22:25:37.732+0000] {dagbag.py:536} INFO - Filling up the DagBag from /home/airflow/.local/lib/python3.8/site-packages/airflow/example_dags/example_xcomargs.py
[2023-11-08T22:25:37.736+0000] {processor.py:839} INFO - DAG(s) dict_keys(['example_xcom_args', 'example_xcom_args_with_operators']) retrieved from /home/airflow/.local/lib/python3.8/site-packages/airflow/example_dags/example_xcomargs.py
[2023-11-08T22:25:37.750+0000] {logging_mixin.py:154} INFO - [2023-11-08T22:25:37.750+0000] {dag.py:2941} INFO - Sync 2 DAGs
[2023-11-08T22:25:37.758+0000] {logging_mixin.py:154} INFO - [2023-11-08T22:25:37.758+0000] {dag.py:3722} INFO - Setting next_dagrun for example_xcom_args to None, run_after=None
[2023-11-08T22:25:37.760+0000] {logging_mixin.py:154} INFO - [2023-11-08T22:25:37.760+0000] {dag.py:3722} INFO - Setting next_dagrun for example_xcom_args_with_operators to None, run_after=None
[2023-11-08T22:25:37.770+0000] {processor.py:179} INFO - Processing /home/airflow/.local/lib/python3.8/site-packages/airflow/example_dags/example_xcomargs.py took 0.042 seconds
[2023-11-08T22:26:08.349+0000] {processor.py:157} INFO - Started process (PID=1575) to work on /home/airflow/.local/lib/python3.8/site-packages/airflow/example_dags/example_xcomargs.py
[2023-11-08T22:26:08.350+0000] {processor.py:829} INFO - Processing file /home/airflow/.local/lib/python3.8/site-packages/airflow/example_dags/example_xcomargs.py for tasks to queue
[2023-11-08T22:26:08.351+0000] {logging_mixin.py:154} INFO - [2023-11-08T22:26:08.351+0000] {dagbag.py:536} INFO - Filling up the DagBag from /home/airflow/.local/lib/python3.8/site-packages/airflow/example_dags/example_xcomargs.py
[2023-11-08T22:26:08.355+0000] {processor.py:839} INFO - DAG(s) dict_keys(['example_xcom_args_with_operators', 'example_xcom_args']) retrieved from /home/airflow/.local/lib/python3.8/site-packages/airflow/example_dags/example_xcomargs.py
[2023-11-08T22:26:08.373+0000] {logging_mixin.py:154} INFO - [2023-11-08T22:26:08.373+0000] {dag.py:2941} INFO - Sync 2 DAGs
[2023-11-08T22:26:08.382+0000] {logging_mixin.py:154} INFO - [2023-11-08T22:26:08.382+0000] {dag.py:3722} INFO - Setting next_dagrun for example_xcom_args to None, run_after=None
[2023-11-08T22:26:08.384+0000] {logging_mixin.py:154} INFO - [2023-11-08T22:26:08.384+0000] {dag.py:3722} INFO - Setting next_dagrun for example_xcom_args_with_operators to None, run_after=None
[2023-11-08T22:26:08.394+0000] {processor.py:179} INFO - Processing /home/airflow/.local/lib/python3.8/site-packages/airflow/example_dags/example_xcomargs.py took 0.047 seconds
[2023-11-08T22:26:38.964+0000] {processor.py:157} INFO - Started process (PID=1629) to work on /home/airflow/.local/lib/python3.8/site-packages/airflow/example_dags/example_xcomargs.py
[2023-11-08T22:26:38.965+0000] {processor.py:829} INFO - Processing file /home/airflow/.local/lib/python3.8/site-packages/airflow/example_dags/example_xcomargs.py for tasks to queue
[2023-11-08T22:26:38.966+0000] {logging_mixin.py:154} INFO - [2023-11-08T22:26:38.966+0000] {dagbag.py:536} INFO - Filling up the DagBag from /home/airflow/.local/lib/python3.8/site-packages/airflow/example_dags/example_xcomargs.py
[2023-11-08T22:26:38.970+0000] {processor.py:839} INFO - DAG(s) dict_keys(['example_xcom_args', 'example_xcom_args_with_operators']) retrieved from /home/airflow/.local/lib/python3.8/site-packages/airflow/example_dags/example_xcomargs.py
[2023-11-08T22:26:38.987+0000] {logging_mixin.py:154} INFO - [2023-11-08T22:26:38.987+0000] {dag.py:2941} INFO - Sync 2 DAGs
[2023-11-08T22:26:38.999+0000] {logging_mixin.py:154} INFO - [2023-11-08T22:26:38.999+0000] {dag.py:3722} INFO - Setting next_dagrun for example_xcom_args to None, run_after=None
[2023-11-08T22:26:39.001+0000] {logging_mixin.py:154} INFO - [2023-11-08T22:26:39.001+0000] {dag.py:3722} INFO - Setting next_dagrun for example_xcom_args_with_operators to None, run_after=None
[2023-11-08T22:26:39.011+0000] {processor.py:179} INFO - Processing /home/airflow/.local/lib/python3.8/site-packages/airflow/example_dags/example_xcomargs.py took 0.048 seconds
[2023-11-08T22:27:17.219+0000] {processor.py:157} INFO - Started process (PID=63) to work on /home/airflow/.local/lib/python3.8/site-packages/airflow/example_dags/example_xcomargs.py
[2023-11-08T22:27:17.220+0000] {processor.py:829} INFO - Processing file /home/airflow/.local/lib/python3.8/site-packages/airflow/example_dags/example_xcomargs.py for tasks to queue
[2023-11-08T22:27:17.222+0000] {logging_mixin.py:154} INFO - [2023-11-08T22:27:17.222+0000] {dagbag.py:536} INFO - Filling up the DagBag from /home/airflow/.local/lib/python3.8/site-packages/airflow/example_dags/example_xcomargs.py
[2023-11-08T22:27:17.228+0000] {processor.py:839} INFO - DAG(s) dict_keys(['example_xcom_args', 'example_xcom_args_with_operators']) retrieved from /home/airflow/.local/lib/python3.8/site-packages/airflow/example_dags/example_xcomargs.py
[2023-11-08T22:27:17.235+0000] {logging_mixin.py:154} INFO - [2023-11-08T22:27:17.234+0000] {dag.py:2941} INFO - Sync 2 DAGs
[2023-11-08T22:27:17.246+0000] {logging_mixin.py:154} INFO - [2023-11-08T22:27:17.246+0000] {dag.py:3722} INFO - Setting next_dagrun for example_xcom_args to None, run_after=None
[2023-11-08T22:27:17.250+0000] {logging_mixin.py:154} INFO - [2023-11-08T22:27:17.250+0000] {dag.py:3722} INFO - Setting next_dagrun for example_xcom_args_with_operators to None, run_after=None
[2023-11-08T22:27:17.261+0000] {processor.py:179} INFO - Processing /home/airflow/.local/lib/python3.8/site-packages/airflow/example_dags/example_xcomargs.py took 0.043 seconds
[2023-11-08T22:27:48.205+0000] {processor.py:157} INFO - Started process (PID=117) to work on /home/airflow/.local/lib/python3.8/site-packages/airflow/example_dags/example_xcomargs.py
[2023-11-08T22:27:48.206+0000] {processor.py:829} INFO - Processing file /home/airflow/.local/lib/python3.8/site-packages/airflow/example_dags/example_xcomargs.py for tasks to queue
[2023-11-08T22:27:48.207+0000] {logging_mixin.py:154} INFO - [2023-11-08T22:27:48.207+0000] {dagbag.py:536} INFO - Filling up the DagBag from /home/airflow/.local/lib/python3.8/site-packages/airflow/example_dags/example_xcomargs.py
[2023-11-08T22:27:48.214+0000] {processor.py:839} INFO - DAG(s) dict_keys(['example_xcom_args_with_operators', 'example_xcom_args']) retrieved from /home/airflow/.local/lib/python3.8/site-packages/airflow/example_dags/example_xcomargs.py
[2023-11-08T22:27:48.231+0000] {logging_mixin.py:154} INFO - [2023-11-08T22:27:48.231+0000] {dag.py:2941} INFO - Sync 2 DAGs
[2023-11-08T22:27:48.238+0000] {logging_mixin.py:154} INFO - [2023-11-08T22:27:48.238+0000] {dag.py:3722} INFO - Setting next_dagrun for example_xcom_args to None, run_after=None
[2023-11-08T22:27:48.241+0000] {logging_mixin.py:154} INFO - [2023-11-08T22:27:48.241+0000] {dag.py:3722} INFO - Setting next_dagrun for example_xcom_args_with_operators to None, run_after=None
[2023-11-08T22:27:48.254+0000] {processor.py:179} INFO - Processing /home/airflow/.local/lib/python3.8/site-packages/airflow/example_dags/example_xcomargs.py took 0.051 seconds
[2023-11-08T22:28:18.296+0000] {processor.py:157} INFO - Started process (PID=171) to work on /home/airflow/.local/lib/python3.8/site-packages/airflow/example_dags/example_xcomargs.py
[2023-11-08T22:28:18.297+0000] {processor.py:829} INFO - Processing file /home/airflow/.local/lib/python3.8/site-packages/airflow/example_dags/example_xcomargs.py for tasks to queue
[2023-11-08T22:28:18.298+0000] {logging_mixin.py:154} INFO - [2023-11-08T22:28:18.298+0000] {dagbag.py:536} INFO - Filling up the DagBag from /home/airflow/.local/lib/python3.8/site-packages/airflow/example_dags/example_xcomargs.py
[2023-11-08T22:28:18.302+0000] {processor.py:839} INFO - DAG(s) dict_keys(['example_xcom_args', 'example_xcom_args_with_operators']) retrieved from /home/airflow/.local/lib/python3.8/site-packages/airflow/example_dags/example_xcomargs.py
[2023-11-08T22:28:18.317+0000] {logging_mixin.py:154} INFO - [2023-11-08T22:28:18.317+0000] {dag.py:2941} INFO - Sync 2 DAGs
[2023-11-08T22:28:18.325+0000] {logging_mixin.py:154} INFO - [2023-11-08T22:28:18.324+0000] {dag.py:3722} INFO - Setting next_dagrun for example_xcom_args to None, run_after=None
[2023-11-08T22:28:18.327+0000] {logging_mixin.py:154} INFO - [2023-11-08T22:28:18.327+0000] {dag.py:3722} INFO - Setting next_dagrun for example_xcom_args_with_operators to None, run_after=None
[2023-11-08T22:28:18.338+0000] {processor.py:179} INFO - Processing /home/airflow/.local/lib/python3.8/site-packages/airflow/example_dags/example_xcomargs.py took 0.044 seconds
[2023-11-08T22:28:48.370+0000] {processor.py:157} INFO - Started process (PID=225) to work on /home/airflow/.local/lib/python3.8/site-packages/airflow/example_dags/example_xcomargs.py
[2023-11-08T22:28:48.371+0000] {processor.py:829} INFO - Processing file /home/airflow/.local/lib/python3.8/site-packages/airflow/example_dags/example_xcomargs.py for tasks to queue
[2023-11-08T22:28:48.372+0000] {logging_mixin.py:154} INFO - [2023-11-08T22:28:48.372+0000] {dagbag.py:536} INFO - Filling up the DagBag from /home/airflow/.local/lib/python3.8/site-packages/airflow/example_dags/example_xcomargs.py
[2023-11-08T22:28:48.377+0000] {processor.py:839} INFO - DAG(s) dict_keys(['example_xcom_args', 'example_xcom_args_with_operators']) retrieved from /home/airflow/.local/lib/python3.8/site-packages/airflow/example_dags/example_xcomargs.py
[2023-11-08T22:28:48.392+0000] {logging_mixin.py:154} INFO - [2023-11-08T22:28:48.391+0000] {dag.py:2941} INFO - Sync 2 DAGs
[2023-11-08T22:28:48.399+0000] {logging_mixin.py:154} INFO - [2023-11-08T22:28:48.399+0000] {dag.py:3722} INFO - Setting next_dagrun for example_xcom_args to None, run_after=None
[2023-11-08T22:28:48.401+0000] {logging_mixin.py:154} INFO - [2023-11-08T22:28:48.401+0000] {dag.py:3722} INFO - Setting next_dagrun for example_xcom_args_with_operators to None, run_after=None
[2023-11-08T22:28:48.410+0000] {processor.py:179} INFO - Processing /home/airflow/.local/lib/python3.8/site-packages/airflow/example_dags/example_xcomargs.py took 0.042 seconds
[2023-11-08T22:29:19.185+0000] {processor.py:157} INFO - Started process (PID=279) to work on /home/airflow/.local/lib/python3.8/site-packages/airflow/example_dags/example_xcomargs.py
[2023-11-08T22:29:19.185+0000] {processor.py:829} INFO - Processing file /home/airflow/.local/lib/python3.8/site-packages/airflow/example_dags/example_xcomargs.py for tasks to queue
[2023-11-08T22:29:19.187+0000] {logging_mixin.py:154} INFO - [2023-11-08T22:29:19.187+0000] {dagbag.py:536} INFO - Filling up the DagBag from /home/airflow/.local/lib/python3.8/site-packages/airflow/example_dags/example_xcomargs.py
[2023-11-08T22:29:19.193+0000] {processor.py:839} INFO - DAG(s) dict_keys(['example_xcom_args', 'example_xcom_args_with_operators']) retrieved from /home/airflow/.local/lib/python3.8/site-packages/airflow/example_dags/example_xcomargs.py
[2023-11-08T22:29:19.208+0000] {logging_mixin.py:154} INFO - [2023-11-08T22:29:19.208+0000] {dag.py:2941} INFO - Sync 2 DAGs
[2023-11-08T22:29:19.217+0000] {logging_mixin.py:154} INFO - [2023-11-08T22:29:19.217+0000] {dag.py:3722} INFO - Setting next_dagrun for example_xcom_args to None, run_after=None
[2023-11-08T22:29:19.220+0000] {logging_mixin.py:154} INFO - [2023-11-08T22:29:19.220+0000] {dag.py:3722} INFO - Setting next_dagrun for example_xcom_args_with_operators to None, run_after=None
[2023-11-08T22:29:19.231+0000] {processor.py:179} INFO - Processing /home/airflow/.local/lib/python3.8/site-packages/airflow/example_dags/example_xcomargs.py took 0.048 seconds
[2023-11-08T22:29:49.308+0000] {processor.py:157} INFO - Started process (PID=334) to work on /home/airflow/.local/lib/python3.8/site-packages/airflow/example_dags/example_xcomargs.py
[2023-11-08T22:29:49.308+0000] {processor.py:829} INFO - Processing file /home/airflow/.local/lib/python3.8/site-packages/airflow/example_dags/example_xcomargs.py for tasks to queue
[2023-11-08T22:29:49.309+0000] {logging_mixin.py:154} INFO - [2023-11-08T22:29:49.309+0000] {dagbag.py:536} INFO - Filling up the DagBag from /home/airflow/.local/lib/python3.8/site-packages/airflow/example_dags/example_xcomargs.py
[2023-11-08T22:29:49.315+0000] {processor.py:839} INFO - DAG(s) dict_keys(['example_xcom_args', 'example_xcom_args_with_operators']) retrieved from /home/airflow/.local/lib/python3.8/site-packages/airflow/example_dags/example_xcomargs.py
[2023-11-08T22:29:49.328+0000] {logging_mixin.py:154} INFO - [2023-11-08T22:29:49.328+0000] {dag.py:2941} INFO - Sync 2 DAGs
[2023-11-08T22:29:49.336+0000] {logging_mixin.py:154} INFO - [2023-11-08T22:29:49.336+0000] {dag.py:3722} INFO - Setting next_dagrun for example_xcom_args to None, run_after=None
[2023-11-08T22:29:49.339+0000] {logging_mixin.py:154} INFO - [2023-11-08T22:29:49.339+0000] {dag.py:3722} INFO - Setting next_dagrun for example_xcom_args_with_operators to None, run_after=None
[2023-11-08T22:29:49.348+0000] {processor.py:179} INFO - Processing /home/airflow/.local/lib/python3.8/site-packages/airflow/example_dags/example_xcomargs.py took 0.042 seconds
[2023-11-08T22:30:20.024+0000] {processor.py:157} INFO - Started process (PID=388) to work on /home/airflow/.local/lib/python3.8/site-packages/airflow/example_dags/example_xcomargs.py
[2023-11-08T22:30:20.025+0000] {processor.py:829} INFO - Processing file /home/airflow/.local/lib/python3.8/site-packages/airflow/example_dags/example_xcomargs.py for tasks to queue
[2023-11-08T22:30:20.026+0000] {logging_mixin.py:154} INFO - [2023-11-08T22:30:20.026+0000] {dagbag.py:536} INFO - Filling up the DagBag from /home/airflow/.local/lib/python3.8/site-packages/airflow/example_dags/example_xcomargs.py
[2023-11-08T22:30:20.030+0000] {processor.py:839} INFO - DAG(s) dict_keys(['example_xcom_args_with_operators', 'example_xcom_args']) retrieved from /home/airflow/.local/lib/python3.8/site-packages/airflow/example_dags/example_xcomargs.py
[2023-11-08T22:30:20.044+0000] {logging_mixin.py:154} INFO - [2023-11-08T22:30:20.044+0000] {dag.py:2941} INFO - Sync 2 DAGs
[2023-11-08T22:30:20.052+0000] {logging_mixin.py:154} INFO - [2023-11-08T22:30:20.052+0000] {dag.py:3722} INFO - Setting next_dagrun for example_xcom_args to None, run_after=None
[2023-11-08T22:30:20.054+0000] {logging_mixin.py:154} INFO - [2023-11-08T22:30:20.054+0000] {dag.py:3722} INFO - Setting next_dagrun for example_xcom_args_with_operators to None, run_after=None
[2023-11-08T22:30:20.064+0000] {processor.py:179} INFO - Processing /home/airflow/.local/lib/python3.8/site-packages/airflow/example_dags/example_xcomargs.py took 0.041 seconds
[2023-11-08T22:30:50.789+0000] {processor.py:157} INFO - Started process (PID=442) to work on /home/airflow/.local/lib/python3.8/site-packages/airflow/example_dags/example_xcomargs.py
[2023-11-08T22:30:50.789+0000] {processor.py:829} INFO - Processing file /home/airflow/.local/lib/python3.8/site-packages/airflow/example_dags/example_xcomargs.py for tasks to queue
[2023-11-08T22:30:50.791+0000] {logging_mixin.py:154} INFO - [2023-11-08T22:30:50.791+0000] {dagbag.py:536} INFO - Filling up the DagBag from /home/airflow/.local/lib/python3.8/site-packages/airflow/example_dags/example_xcomargs.py
[2023-11-08T22:30:50.797+0000] {processor.py:839} INFO - DAG(s) dict_keys(['example_xcom_args', 'example_xcom_args_with_operators']) retrieved from /home/airflow/.local/lib/python3.8/site-packages/airflow/example_dags/example_xcomargs.py
[2023-11-08T22:30:50.814+0000] {logging_mixin.py:154} INFO - [2023-11-08T22:30:50.814+0000] {dag.py:2941} INFO - Sync 2 DAGs
[2023-11-08T22:30:50.825+0000] {logging_mixin.py:154} INFO - [2023-11-08T22:30:50.825+0000] {dag.py:3722} INFO - Setting next_dagrun for example_xcom_args to None, run_after=None
[2023-11-08T22:30:50.827+0000] {logging_mixin.py:154} INFO - [2023-11-08T22:30:50.827+0000] {dag.py:3722} INFO - Setting next_dagrun for example_xcom_args_with_operators to None, run_after=None
[2023-11-08T22:30:50.837+0000] {processor.py:179} INFO - Processing /home/airflow/.local/lib/python3.8/site-packages/airflow/example_dags/example_xcomargs.py took 0.051 seconds
[2023-11-08T22:31:21.846+0000] {processor.py:157} INFO - Started process (PID=496) to work on /home/airflow/.local/lib/python3.8/site-packages/airflow/example_dags/example_xcomargs.py
[2023-11-08T22:31:21.846+0000] {processor.py:829} INFO - Processing file /home/airflow/.local/lib/python3.8/site-packages/airflow/example_dags/example_xcomargs.py for tasks to queue
[2023-11-08T22:31:21.847+0000] {logging_mixin.py:154} INFO - [2023-11-08T22:31:21.847+0000] {dagbag.py:536} INFO - Filling up the DagBag from /home/airflow/.local/lib/python3.8/site-packages/airflow/example_dags/example_xcomargs.py
[2023-11-08T22:31:21.853+0000] {processor.py:839} INFO - DAG(s) dict_keys(['example_xcom_args', 'example_xcom_args_with_operators']) retrieved from /home/airflow/.local/lib/python3.8/site-packages/airflow/example_dags/example_xcomargs.py
[2023-11-08T22:31:21.869+0000] {logging_mixin.py:154} INFO - [2023-11-08T22:31:21.869+0000] {dag.py:2941} INFO - Sync 2 DAGs
[2023-11-08T22:31:21.878+0000] {logging_mixin.py:154} INFO - [2023-11-08T22:31:21.878+0000] {dag.py:3722} INFO - Setting next_dagrun for example_xcom_args to None, run_after=None
[2023-11-08T22:31:21.880+0000] {logging_mixin.py:154} INFO - [2023-11-08T22:31:21.880+0000] {dag.py:3722} INFO - Setting next_dagrun for example_xcom_args_with_operators to None, run_after=None
[2023-11-08T22:31:21.890+0000] {processor.py:179} INFO - Processing /home/airflow/.local/lib/python3.8/site-packages/airflow/example_dags/example_xcomargs.py took 0.046 seconds
[2023-11-08T22:31:51.946+0000] {processor.py:157} INFO - Started process (PID=550) to work on /home/airflow/.local/lib/python3.8/site-packages/airflow/example_dags/example_xcomargs.py
[2023-11-08T22:31:51.946+0000] {processor.py:829} INFO - Processing file /home/airflow/.local/lib/python3.8/site-packages/airflow/example_dags/example_xcomargs.py for tasks to queue
[2023-11-08T22:31:51.948+0000] {logging_mixin.py:154} INFO - [2023-11-08T22:31:51.948+0000] {dagbag.py:536} INFO - Filling up the DagBag from /home/airflow/.local/lib/python3.8/site-packages/airflow/example_dags/example_xcomargs.py
[2023-11-08T22:31:51.954+0000] {processor.py:839} INFO - DAG(s) dict_keys(['example_xcom_args', 'example_xcom_args_with_operators']) retrieved from /home/airflow/.local/lib/python3.8/site-packages/airflow/example_dags/example_xcomargs.py
[2023-11-08T22:31:51.971+0000] {logging_mixin.py:154} INFO - [2023-11-08T22:31:51.971+0000] {dag.py:2941} INFO - Sync 2 DAGs
[2023-11-08T22:31:51.980+0000] {logging_mixin.py:154} INFO - [2023-11-08T22:31:51.980+0000] {dag.py:3722} INFO - Setting next_dagrun for example_xcom_args to None, run_after=None
[2023-11-08T22:31:51.984+0000] {logging_mixin.py:154} INFO - [2023-11-08T22:31:51.984+0000] {dag.py:3722} INFO - Setting next_dagrun for example_xcom_args_with_operators to None, run_after=None
[2023-11-08T22:31:51.994+0000] {processor.py:179} INFO - Processing /home/airflow/.local/lib/python3.8/site-packages/airflow/example_dags/example_xcomargs.py took 0.051 seconds
[2023-11-08T22:32:22.955+0000] {processor.py:157} INFO - Started process (PID=605) to work on /home/airflow/.local/lib/python3.8/site-packages/airflow/example_dags/example_xcomargs.py
[2023-11-08T22:32:22.956+0000] {processor.py:829} INFO - Processing file /home/airflow/.local/lib/python3.8/site-packages/airflow/example_dags/example_xcomargs.py for tasks to queue
[2023-11-08T22:32:22.957+0000] {logging_mixin.py:154} INFO - [2023-11-08T22:32:22.957+0000] {dagbag.py:536} INFO - Filling up the DagBag from /home/airflow/.local/lib/python3.8/site-packages/airflow/example_dags/example_xcomargs.py
[2023-11-08T22:32:22.963+0000] {processor.py:839} INFO - DAG(s) dict_keys(['example_xcom_args_with_operators', 'example_xcom_args']) retrieved from /home/airflow/.local/lib/python3.8/site-packages/airflow/example_dags/example_xcomargs.py
[2023-11-08T22:32:22.979+0000] {logging_mixin.py:154} INFO - [2023-11-08T22:32:22.979+0000] {dag.py:2941} INFO - Sync 2 DAGs
[2023-11-08T22:32:22.989+0000] {logging_mixin.py:154} INFO - [2023-11-08T22:32:22.988+0000] {dag.py:3722} INFO - Setting next_dagrun for example_xcom_args to None, run_after=None
[2023-11-08T22:32:22.991+0000] {logging_mixin.py:154} INFO - [2023-11-08T22:32:22.991+0000] {dag.py:3722} INFO - Setting next_dagrun for example_xcom_args_with_operators to None, run_after=None
[2023-11-08T22:32:23.001+0000] {processor.py:179} INFO - Processing /home/airflow/.local/lib/python3.8/site-packages/airflow/example_dags/example_xcomargs.py took 0.048 seconds
[2023-11-08T22:32:53.021+0000] {processor.py:157} INFO - Started process (PID=660) to work on /home/airflow/.local/lib/python3.8/site-packages/airflow/example_dags/example_xcomargs.py
[2023-11-08T22:32:53.022+0000] {processor.py:829} INFO - Processing file /home/airflow/.local/lib/python3.8/site-packages/airflow/example_dags/example_xcomargs.py for tasks to queue
[2023-11-08T22:32:53.023+0000] {logging_mixin.py:154} INFO - [2023-11-08T22:32:53.023+0000] {dagbag.py:536} INFO - Filling up the DagBag from /home/airflow/.local/lib/python3.8/site-packages/airflow/example_dags/example_xcomargs.py
[2023-11-08T22:32:53.027+0000] {processor.py:839} INFO - DAG(s) dict_keys(['example_xcom_args_with_operators', 'example_xcom_args']) retrieved from /home/airflow/.local/lib/python3.8/site-packages/airflow/example_dags/example_xcomargs.py
[2023-11-08T22:32:53.042+0000] {logging_mixin.py:154} INFO - [2023-11-08T22:32:53.042+0000] {dag.py:2941} INFO - Sync 2 DAGs
[2023-11-08T22:32:53.049+0000] {logging_mixin.py:154} INFO - [2023-11-08T22:32:53.049+0000] {dag.py:3722} INFO - Setting next_dagrun for example_xcom_args to None, run_after=None
[2023-11-08T22:32:53.051+0000] {logging_mixin.py:154} INFO - [2023-11-08T22:32:53.051+0000] {dag.py:3722} INFO - Setting next_dagrun for example_xcom_args_with_operators to None, run_after=None
[2023-11-08T22:32:53.060+0000] {processor.py:179} INFO - Processing /home/airflow/.local/lib/python3.8/site-packages/airflow/example_dags/example_xcomargs.py took 0.041 seconds
[2023-11-08T22:33:23.270+0000] {processor.py:157} INFO - Started process (PID=715) to work on /home/airflow/.local/lib/python3.8/site-packages/airflow/example_dags/example_xcomargs.py
[2023-11-08T22:33:23.270+0000] {processor.py:829} INFO - Processing file /home/airflow/.local/lib/python3.8/site-packages/airflow/example_dags/example_xcomargs.py for tasks to queue
[2023-11-08T22:33:23.271+0000] {logging_mixin.py:154} INFO - [2023-11-08T22:33:23.271+0000] {dagbag.py:536} INFO - Filling up the DagBag from /home/airflow/.local/lib/python3.8/site-packages/airflow/example_dags/example_xcomargs.py
[2023-11-08T22:33:23.276+0000] {processor.py:839} INFO - DAG(s) dict_keys(['example_xcom_args_with_operators', 'example_xcom_args']) retrieved from /home/airflow/.local/lib/python3.8/site-packages/airflow/example_dags/example_xcomargs.py
[2023-11-08T22:33:23.291+0000] {logging_mixin.py:154} INFO - [2023-11-08T22:33:23.291+0000] {dag.py:2941} INFO - Sync 2 DAGs
[2023-11-08T22:33:23.299+0000] {logging_mixin.py:154} INFO - [2023-11-08T22:33:23.299+0000] {dag.py:3722} INFO - Setting next_dagrun for example_xcom_args to None, run_after=None
[2023-11-08T22:33:23.301+0000] {logging_mixin.py:154} INFO - [2023-11-08T22:33:23.301+0000] {dag.py:3722} INFO - Setting next_dagrun for example_xcom_args_with_operators to None, run_after=None
[2023-11-08T22:33:23.311+0000] {processor.py:179} INFO - Processing /home/airflow/.local/lib/python3.8/site-packages/airflow/example_dags/example_xcomargs.py took 0.043 seconds
[2023-11-08T22:33:54.265+0000] {processor.py:157} INFO - Started process (PID=770) to work on /home/airflow/.local/lib/python3.8/site-packages/airflow/example_dags/example_xcomargs.py
[2023-11-08T22:33:54.265+0000] {processor.py:829} INFO - Processing file /home/airflow/.local/lib/python3.8/site-packages/airflow/example_dags/example_xcomargs.py for tasks to queue
[2023-11-08T22:33:54.266+0000] {logging_mixin.py:154} INFO - [2023-11-08T22:33:54.266+0000] {dagbag.py:536} INFO - Filling up the DagBag from /home/airflow/.local/lib/python3.8/site-packages/airflow/example_dags/example_xcomargs.py
[2023-11-08T22:33:54.271+0000] {processor.py:839} INFO - DAG(s) dict_keys(['example_xcom_args_with_operators', 'example_xcom_args']) retrieved from /home/airflow/.local/lib/python3.8/site-packages/airflow/example_dags/example_xcomargs.py
[2023-11-08T22:33:54.288+0000] {logging_mixin.py:154} INFO - [2023-11-08T22:33:54.288+0000] {dag.py:2941} INFO - Sync 2 DAGs
[2023-11-08T22:33:54.298+0000] {logging_mixin.py:154} INFO - [2023-11-08T22:33:54.298+0000] {dag.py:3722} INFO - Setting next_dagrun for example_xcom_args to None, run_after=None
[2023-11-08T22:33:54.301+0000] {logging_mixin.py:154} INFO - [2023-11-08T22:33:54.301+0000] {dag.py:3722} INFO - Setting next_dagrun for example_xcom_args_with_operators to None, run_after=None
[2023-11-08T22:33:54.315+0000] {processor.py:179} INFO - Processing /home/airflow/.local/lib/python3.8/site-packages/airflow/example_dags/example_xcomargs.py took 0.052 seconds
[2023-11-08T22:34:24.854+0000] {processor.py:157} INFO - Started process (PID=825) to work on /home/airflow/.local/lib/python3.8/site-packages/airflow/example_dags/example_xcomargs.py
[2023-11-08T22:34:24.854+0000] {processor.py:829} INFO - Processing file /home/airflow/.local/lib/python3.8/site-packages/airflow/example_dags/example_xcomargs.py for tasks to queue
[2023-11-08T22:34:24.855+0000] {logging_mixin.py:154} INFO - [2023-11-08T22:34:24.855+0000] {dagbag.py:536} INFO - Filling up the DagBag from /home/airflow/.local/lib/python3.8/site-packages/airflow/example_dags/example_xcomargs.py
[2023-11-08T22:34:24.860+0000] {processor.py:839} INFO - DAG(s) dict_keys(['example_xcom_args', 'example_xcom_args_with_operators']) retrieved from /home/airflow/.local/lib/python3.8/site-packages/airflow/example_dags/example_xcomargs.py
[2023-11-08T22:34:24.878+0000] {logging_mixin.py:154} INFO - [2023-11-08T22:34:24.877+0000] {dag.py:2941} INFO - Sync 2 DAGs
[2023-11-08T22:34:24.887+0000] {logging_mixin.py:154} INFO - [2023-11-08T22:34:24.887+0000] {dag.py:3722} INFO - Setting next_dagrun for example_xcom_args to None, run_after=None
[2023-11-08T22:34:24.889+0000] {logging_mixin.py:154} INFO - [2023-11-08T22:34:24.889+0000] {dag.py:3722} INFO - Setting next_dagrun for example_xcom_args_with_operators to None, run_after=None
[2023-11-08T22:34:24.898+0000] {processor.py:179} INFO - Processing /home/airflow/.local/lib/python3.8/site-packages/airflow/example_dags/example_xcomargs.py took 0.047 seconds
[2023-11-08T22:34:55.397+0000] {processor.py:157} INFO - Started process (PID=880) to work on /home/airflow/.local/lib/python3.8/site-packages/airflow/example_dags/example_xcomargs.py
[2023-11-08T22:34:55.398+0000] {processor.py:829} INFO - Processing file /home/airflow/.local/lib/python3.8/site-packages/airflow/example_dags/example_xcomargs.py for tasks to queue
[2023-11-08T22:34:55.399+0000] {logging_mixin.py:154} INFO - [2023-11-08T22:34:55.399+0000] {dagbag.py:536} INFO - Filling up the DagBag from /home/airflow/.local/lib/python3.8/site-packages/airflow/example_dags/example_xcomargs.py
[2023-11-08T22:34:55.403+0000] {processor.py:839} INFO - DAG(s) dict_keys(['example_xcom_args_with_operators', 'example_xcom_args']) retrieved from /home/airflow/.local/lib/python3.8/site-packages/airflow/example_dags/example_xcomargs.py
[2023-11-08T22:34:55.418+0000] {logging_mixin.py:154} INFO - [2023-11-08T22:34:55.418+0000] {dag.py:2941} INFO - Sync 2 DAGs
[2023-11-08T22:34:55.429+0000] {logging_mixin.py:154} INFO - [2023-11-08T22:34:55.428+0000] {dag.py:3722} INFO - Setting next_dagrun for example_xcom_args to None, run_after=None
[2023-11-08T22:34:55.431+0000] {logging_mixin.py:154} INFO - [2023-11-08T22:34:55.431+0000] {dag.py:3722} INFO - Setting next_dagrun for example_xcom_args_with_operators to None, run_after=None
[2023-11-08T22:34:55.441+0000] {processor.py:179} INFO - Processing /home/airflow/.local/lib/python3.8/site-packages/airflow/example_dags/example_xcomargs.py took 0.046 seconds
[2023-11-08T22:35:26.232+0000] {processor.py:157} INFO - Started process (PID=935) to work on /home/airflow/.local/lib/python3.8/site-packages/airflow/example_dags/example_xcomargs.py
[2023-11-08T22:35:26.233+0000] {processor.py:829} INFO - Processing file /home/airflow/.local/lib/python3.8/site-packages/airflow/example_dags/example_xcomargs.py for tasks to queue
[2023-11-08T22:35:26.234+0000] {logging_mixin.py:154} INFO - [2023-11-08T22:35:26.234+0000] {dagbag.py:536} INFO - Filling up the DagBag from /home/airflow/.local/lib/python3.8/site-packages/airflow/example_dags/example_xcomargs.py
[2023-11-08T22:35:26.238+0000] {processor.py:839} INFO - DAG(s) dict_keys(['example_xcom_args_with_operators', 'example_xcom_args']) retrieved from /home/airflow/.local/lib/python3.8/site-packages/airflow/example_dags/example_xcomargs.py
[2023-11-08T22:35:26.255+0000] {logging_mixin.py:154} INFO - [2023-11-08T22:35:26.255+0000] {dag.py:2941} INFO - Sync 2 DAGs
[2023-11-08T22:35:26.264+0000] {logging_mixin.py:154} INFO - [2023-11-08T22:35:26.264+0000] {dag.py:3722} INFO - Setting next_dagrun for example_xcom_args to None, run_after=None
[2023-11-08T22:35:26.267+0000] {logging_mixin.py:154} INFO - [2023-11-08T22:35:26.267+0000] {dag.py:3722} INFO - Setting next_dagrun for example_xcom_args_with_operators to None, run_after=None
[2023-11-08T22:35:26.277+0000] {processor.py:179} INFO - Processing /home/airflow/.local/lib/python3.8/site-packages/airflow/example_dags/example_xcomargs.py took 0.046 seconds
[2023-11-08T22:35:57.235+0000] {processor.py:157} INFO - Started process (PID=990) to work on /home/airflow/.local/lib/python3.8/site-packages/airflow/example_dags/example_xcomargs.py
[2023-11-08T22:35:57.236+0000] {processor.py:829} INFO - Processing file /home/airflow/.local/lib/python3.8/site-packages/airflow/example_dags/example_xcomargs.py for tasks to queue
[2023-11-08T22:35:57.237+0000] {logging_mixin.py:154} INFO - [2023-11-08T22:35:57.237+0000] {dagbag.py:536} INFO - Filling up the DagBag from /home/airflow/.local/lib/python3.8/site-packages/airflow/example_dags/example_xcomargs.py
[2023-11-08T22:35:57.241+0000] {processor.py:839} INFO - DAG(s) dict_keys(['example_xcom_args', 'example_xcom_args_with_operators']) retrieved from /home/airflow/.local/lib/python3.8/site-packages/airflow/example_dags/example_xcomargs.py
[2023-11-08T22:35:57.255+0000] {logging_mixin.py:154} INFO - [2023-11-08T22:35:57.254+0000] {dag.py:2941} INFO - Sync 2 DAGs
[2023-11-08T22:35:57.262+0000] {logging_mixin.py:154} INFO - [2023-11-08T22:35:57.262+0000] {dag.py:3722} INFO - Setting next_dagrun for example_xcom_args to None, run_after=None
[2023-11-08T22:35:57.265+0000] {logging_mixin.py:154} INFO - [2023-11-08T22:35:57.264+0000] {dag.py:3722} INFO - Setting next_dagrun for example_xcom_args_with_operators to None, run_after=None
[2023-11-08T22:35:57.274+0000] {processor.py:179} INFO - Processing /home/airflow/.local/lib/python3.8/site-packages/airflow/example_dags/example_xcomargs.py took 0.041 seconds
[2023-11-08T22:36:27.809+0000] {processor.py:157} INFO - Started process (PID=1045) to work on /home/airflow/.local/lib/python3.8/site-packages/airflow/example_dags/example_xcomargs.py
[2023-11-08T22:36:27.809+0000] {processor.py:829} INFO - Processing file /home/airflow/.local/lib/python3.8/site-packages/airflow/example_dags/example_xcomargs.py for tasks to queue
[2023-11-08T22:36:27.810+0000] {logging_mixin.py:154} INFO - [2023-11-08T22:36:27.810+0000] {dagbag.py:536} INFO - Filling up the DagBag from /home/airflow/.local/lib/python3.8/site-packages/airflow/example_dags/example_xcomargs.py
[2023-11-08T22:36:27.815+0000] {processor.py:839} INFO - DAG(s) dict_keys(['example_xcom_args', 'example_xcom_args_with_operators']) retrieved from /home/airflow/.local/lib/python3.8/site-packages/airflow/example_dags/example_xcomargs.py
[2023-11-08T22:36:27.830+0000] {logging_mixin.py:154} INFO - [2023-11-08T22:36:27.829+0000] {dag.py:2941} INFO - Sync 2 DAGs
[2023-11-08T22:36:27.839+0000] {logging_mixin.py:154} INFO - [2023-11-08T22:36:27.839+0000] {dag.py:3722} INFO - Setting next_dagrun for example_xcom_args to None, run_after=None
[2023-11-08T22:36:27.842+0000] {logging_mixin.py:154} INFO - [2023-11-08T22:36:27.842+0000] {dag.py:3722} INFO - Setting next_dagrun for example_xcom_args_with_operators to None, run_after=None
[2023-11-08T22:36:27.852+0000] {processor.py:179} INFO - Processing /home/airflow/.local/lib/python3.8/site-packages/airflow/example_dags/example_xcomargs.py took 0.045 seconds
[2023-11-08T22:36:58.423+0000] {processor.py:157} INFO - Started process (PID=1102) to work on /home/airflow/.local/lib/python3.8/site-packages/airflow/example_dags/example_xcomargs.py
[2023-11-08T22:36:58.424+0000] {processor.py:829} INFO - Processing file /home/airflow/.local/lib/python3.8/site-packages/airflow/example_dags/example_xcomargs.py for tasks to queue
[2023-11-08T22:36:58.425+0000] {logging_mixin.py:154} INFO - [2023-11-08T22:36:58.425+0000] {dagbag.py:536} INFO - Filling up the DagBag from /home/airflow/.local/lib/python3.8/site-packages/airflow/example_dags/example_xcomargs.py
[2023-11-08T22:36:58.429+0000] {processor.py:839} INFO - DAG(s) dict_keys(['example_xcom_args', 'example_xcom_args_with_operators']) retrieved from /home/airflow/.local/lib/python3.8/site-packages/airflow/example_dags/example_xcomargs.py
[2023-11-08T22:36:58.443+0000] {logging_mixin.py:154} INFO - [2023-11-08T22:36:58.443+0000] {dag.py:2941} INFO - Sync 2 DAGs
[2023-11-08T22:36:58.451+0000] {logging_mixin.py:154} INFO - [2023-11-08T22:36:58.451+0000] {dag.py:3722} INFO - Setting next_dagrun for example_xcom_args to None, run_after=None
[2023-11-08T22:36:58.453+0000] {logging_mixin.py:154} INFO - [2023-11-08T22:36:58.453+0000] {dag.py:3722} INFO - Setting next_dagrun for example_xcom_args_with_operators to None, run_after=None
[2023-11-08T22:36:58.462+0000] {processor.py:179} INFO - Processing /home/airflow/.local/lib/python3.8/site-packages/airflow/example_dags/example_xcomargs.py took 0.041 seconds
[2023-11-08T22:37:29.294+0000] {processor.py:157} INFO - Started process (PID=1157) to work on /home/airflow/.local/lib/python3.8/site-packages/airflow/example_dags/example_xcomargs.py
[2023-11-08T22:37:29.294+0000] {processor.py:829} INFO - Processing file /home/airflow/.local/lib/python3.8/site-packages/airflow/example_dags/example_xcomargs.py for tasks to queue
[2023-11-08T22:37:29.295+0000] {logging_mixin.py:154} INFO - [2023-11-08T22:37:29.295+0000] {dagbag.py:536} INFO - Filling up the DagBag from /home/airflow/.local/lib/python3.8/site-packages/airflow/example_dags/example_xcomargs.py
[2023-11-08T22:37:29.300+0000] {processor.py:839} INFO - DAG(s) dict_keys(['example_xcom_args', 'example_xcom_args_with_operators']) retrieved from /home/airflow/.local/lib/python3.8/site-packages/airflow/example_dags/example_xcomargs.py
[2023-11-08T22:37:29.313+0000] {logging_mixin.py:154} INFO - [2023-11-08T22:37:29.313+0000] {dag.py:2941} INFO - Sync 2 DAGs
[2023-11-08T22:37:29.321+0000] {logging_mixin.py:154} INFO - [2023-11-08T22:37:29.321+0000] {dag.py:3722} INFO - Setting next_dagrun for example_xcom_args to None, run_after=None
[2023-11-08T22:37:29.323+0000] {logging_mixin.py:154} INFO - [2023-11-08T22:37:29.323+0000] {dag.py:3722} INFO - Setting next_dagrun for example_xcom_args_with_operators to None, run_after=None
[2023-11-08T22:37:29.333+0000] {processor.py:179} INFO - Processing /home/airflow/.local/lib/python3.8/site-packages/airflow/example_dags/example_xcomargs.py took 0.041 seconds
[2023-11-08T22:37:59.806+0000] {processor.py:157} INFO - Started process (PID=1212) to work on /home/airflow/.local/lib/python3.8/site-packages/airflow/example_dags/example_xcomargs.py
[2023-11-08T22:37:59.806+0000] {processor.py:829} INFO - Processing file /home/airflow/.local/lib/python3.8/site-packages/airflow/example_dags/example_xcomargs.py for tasks to queue
[2023-11-08T22:37:59.807+0000] {logging_mixin.py:154} INFO - [2023-11-08T22:37:59.807+0000] {dagbag.py:536} INFO - Filling up the DagBag from /home/airflow/.local/lib/python3.8/site-packages/airflow/example_dags/example_xcomargs.py
[2023-11-08T22:37:59.812+0000] {processor.py:839} INFO - DAG(s) dict_keys(['example_xcom_args_with_operators', 'example_xcom_args']) retrieved from /home/airflow/.local/lib/python3.8/site-packages/airflow/example_dags/example_xcomargs.py
[2023-11-08T22:37:59.828+0000] {logging_mixin.py:154} INFO - [2023-11-08T22:37:59.828+0000] {dag.py:2941} INFO - Sync 2 DAGs
[2023-11-08T22:37:59.838+0000] {logging_mixin.py:154} INFO - [2023-11-08T22:37:59.838+0000] {dag.py:3722} INFO - Setting next_dagrun for example_xcom_args to None, run_after=None
[2023-11-08T22:37:59.841+0000] {logging_mixin.py:154} INFO - [2023-11-08T22:37:59.841+0000] {dag.py:3722} INFO - Setting next_dagrun for example_xcom_args_with_operators to None, run_after=None
[2023-11-08T22:37:59.853+0000] {processor.py:179} INFO - Processing /home/airflow/.local/lib/python3.8/site-packages/airflow/example_dags/example_xcomargs.py took 0.049 seconds
[2023-11-08T22:38:30.363+0000] {processor.py:157} INFO - Started process (PID=1267) to work on /home/airflow/.local/lib/python3.8/site-packages/airflow/example_dags/example_xcomargs.py
[2023-11-08T22:38:30.363+0000] {processor.py:829} INFO - Processing file /home/airflow/.local/lib/python3.8/site-packages/airflow/example_dags/example_xcomargs.py for tasks to queue
[2023-11-08T22:38:30.364+0000] {logging_mixin.py:154} INFO - [2023-11-08T22:38:30.364+0000] {dagbag.py:536} INFO - Filling up the DagBag from /home/airflow/.local/lib/python3.8/site-packages/airflow/example_dags/example_xcomargs.py
[2023-11-08T22:38:30.369+0000] {processor.py:839} INFO - DAG(s) dict_keys(['example_xcom_args', 'example_xcom_args_with_operators']) retrieved from /home/airflow/.local/lib/python3.8/site-packages/airflow/example_dags/example_xcomargs.py
[2023-11-08T22:38:30.385+0000] {logging_mixin.py:154} INFO - [2023-11-08T22:38:30.385+0000] {dag.py:2941} INFO - Sync 2 DAGs
[2023-11-08T22:38:30.393+0000] {logging_mixin.py:154} INFO - [2023-11-08T22:38:30.393+0000] {dag.py:3722} INFO - Setting next_dagrun for example_xcom_args to None, run_after=None
[2023-11-08T22:38:30.395+0000] {logging_mixin.py:154} INFO - [2023-11-08T22:38:30.395+0000] {dag.py:3722} INFO - Setting next_dagrun for example_xcom_args_with_operators to None, run_after=None
[2023-11-08T22:38:30.405+0000] {processor.py:179} INFO - Processing /home/airflow/.local/lib/python3.8/site-packages/airflow/example_dags/example_xcomargs.py took 0.044 seconds
[2023-11-08T22:39:01.028+0000] {processor.py:157} INFO - Started process (PID=1323) to work on /home/airflow/.local/lib/python3.8/site-packages/airflow/example_dags/example_xcomargs.py
[2023-11-08T22:39:01.029+0000] {processor.py:829} INFO - Processing file /home/airflow/.local/lib/python3.8/site-packages/airflow/example_dags/example_xcomargs.py for tasks to queue
[2023-11-08T22:39:01.030+0000] {logging_mixin.py:154} INFO - [2023-11-08T22:39:01.030+0000] {dagbag.py:536} INFO - Filling up the DagBag from /home/airflow/.local/lib/python3.8/site-packages/airflow/example_dags/example_xcomargs.py
[2023-11-08T22:39:01.035+0000] {processor.py:839} INFO - DAG(s) dict_keys(['example_xcom_args_with_operators', 'example_xcom_args']) retrieved from /home/airflow/.local/lib/python3.8/site-packages/airflow/example_dags/example_xcomargs.py
[2023-11-08T22:39:01.053+0000] {logging_mixin.py:154} INFO - [2023-11-08T22:39:01.053+0000] {dag.py:2941} INFO - Sync 2 DAGs
[2023-11-08T22:39:01.062+0000] {logging_mixin.py:154} INFO - [2023-11-08T22:39:01.061+0000] {dag.py:3722} INFO - Setting next_dagrun for example_xcom_args to None, run_after=None
[2023-11-08T22:39:01.064+0000] {logging_mixin.py:154} INFO - [2023-11-08T22:39:01.064+0000] {dag.py:3722} INFO - Setting next_dagrun for example_xcom_args_with_operators to None, run_after=None
[2023-11-08T22:39:01.074+0000] {processor.py:179} INFO - Processing /home/airflow/.local/lib/python3.8/site-packages/airflow/example_dags/example_xcomargs.py took 0.048 seconds
[2023-11-08T22:39:31.573+0000] {processor.py:157} INFO - Started process (PID=1379) to work on /home/airflow/.local/lib/python3.8/site-packages/airflow/example_dags/example_xcomargs.py
[2023-11-08T22:39:31.574+0000] {processor.py:829} INFO - Processing file /home/airflow/.local/lib/python3.8/site-packages/airflow/example_dags/example_xcomargs.py for tasks to queue
[2023-11-08T22:39:31.575+0000] {logging_mixin.py:154} INFO - [2023-11-08T22:39:31.575+0000] {dagbag.py:536} INFO - Filling up the DagBag from /home/airflow/.local/lib/python3.8/site-packages/airflow/example_dags/example_xcomargs.py
[2023-11-08T22:39:31.580+0000] {processor.py:839} INFO - DAG(s) dict_keys(['example_xcom_args', 'example_xcom_args_with_operators']) retrieved from /home/airflow/.local/lib/python3.8/site-packages/airflow/example_dags/example_xcomargs.py
[2023-11-08T22:39:31.597+0000] {logging_mixin.py:154} INFO - [2023-11-08T22:39:31.597+0000] {dag.py:2941} INFO - Sync 2 DAGs
[2023-11-08T22:39:31.607+0000] {logging_mixin.py:154} INFO - [2023-11-08T22:39:31.607+0000] {dag.py:3722} INFO - Setting next_dagrun for example_xcom_args to None, run_after=None
[2023-11-08T22:39:31.611+0000] {logging_mixin.py:154} INFO - [2023-11-08T22:39:31.610+0000] {dag.py:3722} INFO - Setting next_dagrun for example_xcom_args_with_operators to None, run_after=None
[2023-11-08T22:39:31.621+0000] {processor.py:179} INFO - Processing /home/airflow/.local/lib/python3.8/site-packages/airflow/example_dags/example_xcomargs.py took 0.050 seconds
[2023-11-08T22:40:02.184+0000] {processor.py:157} INFO - Started process (PID=1434) to work on /home/airflow/.local/lib/python3.8/site-packages/airflow/example_dags/example_xcomargs.py
[2023-11-08T22:40:02.185+0000] {processor.py:829} INFO - Processing file /home/airflow/.local/lib/python3.8/site-packages/airflow/example_dags/example_xcomargs.py for tasks to queue
[2023-11-08T22:40:02.186+0000] {logging_mixin.py:154} INFO - [2023-11-08T22:40:02.186+0000] {dagbag.py:536} INFO - Filling up the DagBag from /home/airflow/.local/lib/python3.8/site-packages/airflow/example_dags/example_xcomargs.py
[2023-11-08T22:40:02.191+0000] {processor.py:839} INFO - DAG(s) dict_keys(['example_xcom_args', 'example_xcom_args_with_operators']) retrieved from /home/airflow/.local/lib/python3.8/site-packages/airflow/example_dags/example_xcomargs.py
[2023-11-08T22:40:02.206+0000] {logging_mixin.py:154} INFO - [2023-11-08T22:40:02.206+0000] {dag.py:2941} INFO - Sync 2 DAGs
[2023-11-08T22:40:02.213+0000] {logging_mixin.py:154} INFO - [2023-11-08T22:40:02.213+0000] {dag.py:3722} INFO - Setting next_dagrun for example_xcom_args to None, run_after=None
[2023-11-08T22:40:02.216+0000] {logging_mixin.py:154} INFO - [2023-11-08T22:40:02.216+0000] {dag.py:3722} INFO - Setting next_dagrun for example_xcom_args_with_operators to None, run_after=None
[2023-11-08T22:40:02.226+0000] {processor.py:179} INFO - Processing /home/airflow/.local/lib/python3.8/site-packages/airflow/example_dags/example_xcomargs.py took 0.043 seconds
[2023-11-08T22:40:32.773+0000] {processor.py:157} INFO - Started process (PID=1489) to work on /home/airflow/.local/lib/python3.8/site-packages/airflow/example_dags/example_xcomargs.py
[2023-11-08T22:40:32.774+0000] {processor.py:829} INFO - Processing file /home/airflow/.local/lib/python3.8/site-packages/airflow/example_dags/example_xcomargs.py for tasks to queue
[2023-11-08T22:40:32.775+0000] {logging_mixin.py:154} INFO - [2023-11-08T22:40:32.775+0000] {dagbag.py:536} INFO - Filling up the DagBag from /home/airflow/.local/lib/python3.8/site-packages/airflow/example_dags/example_xcomargs.py
[2023-11-08T22:40:32.779+0000] {processor.py:839} INFO - DAG(s) dict_keys(['example_xcom_args', 'example_xcom_args_with_operators']) retrieved from /home/airflow/.local/lib/python3.8/site-packages/airflow/example_dags/example_xcomargs.py
[2023-11-08T22:40:32.793+0000] {logging_mixin.py:154} INFO - [2023-11-08T22:40:32.793+0000] {dag.py:2941} INFO - Sync 2 DAGs
[2023-11-08T22:40:32.801+0000] {logging_mixin.py:154} INFO - [2023-11-08T22:40:32.801+0000] {dag.py:3722} INFO - Setting next_dagrun for example_xcom_args to None, run_after=None
[2023-11-08T22:40:32.803+0000] {logging_mixin.py:154} INFO - [2023-11-08T22:40:32.803+0000] {dag.py:3722} INFO - Setting next_dagrun for example_xcom_args_with_operators to None, run_after=None
[2023-11-08T22:40:32.812+0000] {processor.py:179} INFO - Processing /home/airflow/.local/lib/python3.8/site-packages/airflow/example_dags/example_xcomargs.py took 0.041 seconds
[2023-11-08T22:41:03.309+0000] {processor.py:157} INFO - Started process (PID=1544) to work on /home/airflow/.local/lib/python3.8/site-packages/airflow/example_dags/example_xcomargs.py
[2023-11-08T22:41:03.310+0000] {processor.py:829} INFO - Processing file /home/airflow/.local/lib/python3.8/site-packages/airflow/example_dags/example_xcomargs.py for tasks to queue
[2023-11-08T22:41:03.311+0000] {logging_mixin.py:154} INFO - [2023-11-08T22:41:03.310+0000] {dagbag.py:536} INFO - Filling up the DagBag from /home/airflow/.local/lib/python3.8/site-packages/airflow/example_dags/example_xcomargs.py
[2023-11-08T22:41:03.315+0000] {processor.py:839} INFO - DAG(s) dict_keys(['example_xcom_args', 'example_xcom_args_with_operators']) retrieved from /home/airflow/.local/lib/python3.8/site-packages/airflow/example_dags/example_xcomargs.py
[2023-11-08T22:41:03.329+0000] {logging_mixin.py:154} INFO - [2023-11-08T22:41:03.328+0000] {dag.py:2941} INFO - Sync 2 DAGs
[2023-11-08T22:41:03.336+0000] {logging_mixin.py:154} INFO - [2023-11-08T22:41:03.336+0000] {dag.py:3722} INFO - Setting next_dagrun for example_xcom_args to None, run_after=None
[2023-11-08T22:41:03.338+0000] {logging_mixin.py:154} INFO - [2023-11-08T22:41:03.338+0000] {dag.py:3722} INFO - Setting next_dagrun for example_xcom_args_with_operators to None, run_after=None
[2023-11-08T22:41:03.347+0000] {processor.py:179} INFO - Processing /home/airflow/.local/lib/python3.8/site-packages/airflow/example_dags/example_xcomargs.py took 0.040 seconds
[2023-11-08T22:41:34.001+0000] {processor.py:157} INFO - Started process (PID=1599) to work on /home/airflow/.local/lib/python3.8/site-packages/airflow/example_dags/example_xcomargs.py
[2023-11-08T22:41:34.001+0000] {processor.py:829} INFO - Processing file /home/airflow/.local/lib/python3.8/site-packages/airflow/example_dags/example_xcomargs.py for tasks to queue
[2023-11-08T22:41:34.002+0000] {logging_mixin.py:154} INFO - [2023-11-08T22:41:34.002+0000] {dagbag.py:536} INFO - Filling up the DagBag from /home/airflow/.local/lib/python3.8/site-packages/airflow/example_dags/example_xcomargs.py
[2023-11-08T22:41:34.006+0000] {processor.py:839} INFO - DAG(s) dict_keys(['example_xcom_args_with_operators', 'example_xcom_args']) retrieved from /home/airflow/.local/lib/python3.8/site-packages/airflow/example_dags/example_xcomargs.py
[2023-11-08T22:41:34.020+0000] {logging_mixin.py:154} INFO - [2023-11-08T22:41:34.020+0000] {dag.py:2941} INFO - Sync 2 DAGs
[2023-11-08T22:41:34.028+0000] {logging_mixin.py:154} INFO - [2023-11-08T22:41:34.028+0000] {dag.py:3722} INFO - Setting next_dagrun for example_xcom_args to None, run_after=None
[2023-11-08T22:41:34.030+0000] {logging_mixin.py:154} INFO - [2023-11-08T22:41:34.030+0000] {dag.py:3722} INFO - Setting next_dagrun for example_xcom_args_with_operators to None, run_after=None
[2023-11-08T22:41:34.039+0000] {processor.py:179} INFO - Processing /home/airflow/.local/lib/python3.8/site-packages/airflow/example_dags/example_xcomargs.py took 0.040 seconds
[2023-11-08T22:42:04.600+0000] {processor.py:157} INFO - Started process (PID=1655) to work on /home/airflow/.local/lib/python3.8/site-packages/airflow/example_dags/example_xcomargs.py
[2023-11-08T22:42:04.601+0000] {processor.py:829} INFO - Processing file /home/airflow/.local/lib/python3.8/site-packages/airflow/example_dags/example_xcomargs.py for tasks to queue
[2023-11-08T22:42:04.602+0000] {logging_mixin.py:154} INFO - [2023-11-08T22:42:04.602+0000] {dagbag.py:536} INFO - Filling up the DagBag from /home/airflow/.local/lib/python3.8/site-packages/airflow/example_dags/example_xcomargs.py
[2023-11-08T22:42:04.606+0000] {processor.py:839} INFO - DAG(s) dict_keys(['example_xcom_args_with_operators', 'example_xcom_args']) retrieved from /home/airflow/.local/lib/python3.8/site-packages/airflow/example_dags/example_xcomargs.py
[2023-11-08T22:42:04.620+0000] {logging_mixin.py:154} INFO - [2023-11-08T22:42:04.620+0000] {dag.py:2941} INFO - Sync 2 DAGs
[2023-11-08T22:42:04.627+0000] {logging_mixin.py:154} INFO - [2023-11-08T22:42:04.627+0000] {dag.py:3722} INFO - Setting next_dagrun for example_xcom_args to None, run_after=None
[2023-11-08T22:42:04.630+0000] {logging_mixin.py:154} INFO - [2023-11-08T22:42:04.630+0000] {dag.py:3722} INFO - Setting next_dagrun for example_xcom_args_with_operators to None, run_after=None
[2023-11-08T22:42:04.639+0000] {processor.py:179} INFO - Processing /home/airflow/.local/lib/python3.8/site-packages/airflow/example_dags/example_xcomargs.py took 0.041 seconds
[2023-11-08T22:42:35.131+0000] {processor.py:157} INFO - Started process (PID=1710) to work on /home/airflow/.local/lib/python3.8/site-packages/airflow/example_dags/example_xcomargs.py
[2023-11-08T22:42:35.131+0000] {processor.py:829} INFO - Processing file /home/airflow/.local/lib/python3.8/site-packages/airflow/example_dags/example_xcomargs.py for tasks to queue
[2023-11-08T22:42:35.133+0000] {logging_mixin.py:154} INFO - [2023-11-08T22:42:35.132+0000] {dagbag.py:536} INFO - Filling up the DagBag from /home/airflow/.local/lib/python3.8/site-packages/airflow/example_dags/example_xcomargs.py
[2023-11-08T22:42:35.137+0000] {processor.py:839} INFO - DAG(s) dict_keys(['example_xcom_args', 'example_xcom_args_with_operators']) retrieved from /home/airflow/.local/lib/python3.8/site-packages/airflow/example_dags/example_xcomargs.py
[2023-11-08T22:42:35.151+0000] {logging_mixin.py:154} INFO - [2023-11-08T22:42:35.150+0000] {dag.py:2941} INFO - Sync 2 DAGs
[2023-11-08T22:42:35.158+0000] {logging_mixin.py:154} INFO - [2023-11-08T22:42:35.158+0000] {dag.py:3722} INFO - Setting next_dagrun for example_xcom_args to None, run_after=None
[2023-11-08T22:42:35.160+0000] {logging_mixin.py:154} INFO - [2023-11-08T22:42:35.160+0000] {dag.py:3722} INFO - Setting next_dagrun for example_xcom_args_with_operators to None, run_after=None
[2023-11-08T22:42:35.169+0000] {processor.py:179} INFO - Processing /home/airflow/.local/lib/python3.8/site-packages/airflow/example_dags/example_xcomargs.py took 0.040 seconds
[2023-11-08T22:43:05.795+0000] {processor.py:157} INFO - Started process (PID=1765) to work on /home/airflow/.local/lib/python3.8/site-packages/airflow/example_dags/example_xcomargs.py
[2023-11-08T22:43:05.795+0000] {processor.py:829} INFO - Processing file /home/airflow/.local/lib/python3.8/site-packages/airflow/example_dags/example_xcomargs.py for tasks to queue
[2023-11-08T22:43:05.797+0000] {logging_mixin.py:154} INFO - [2023-11-08T22:43:05.797+0000] {dagbag.py:536} INFO - Filling up the DagBag from /home/airflow/.local/lib/python3.8/site-packages/airflow/example_dags/example_xcomargs.py
[2023-11-08T22:43:05.803+0000] {processor.py:839} INFO - DAG(s) dict_keys(['example_xcom_args', 'example_xcom_args_with_operators']) retrieved from /home/airflow/.local/lib/python3.8/site-packages/airflow/example_dags/example_xcomargs.py
[2023-11-08T22:43:05.822+0000] {logging_mixin.py:154} INFO - [2023-11-08T22:43:05.822+0000] {dag.py:2941} INFO - Sync 2 DAGs
[2023-11-08T22:43:05.832+0000] {logging_mixin.py:154} INFO - [2023-11-08T22:43:05.832+0000] {dag.py:3722} INFO - Setting next_dagrun for example_xcom_args to None, run_after=None
[2023-11-08T22:43:05.834+0000] {logging_mixin.py:154} INFO - [2023-11-08T22:43:05.834+0000] {dag.py:3722} INFO - Setting next_dagrun for example_xcom_args_with_operators to None, run_after=None
[2023-11-08T22:43:05.845+0000] {processor.py:179} INFO - Processing /home/airflow/.local/lib/python3.8/site-packages/airflow/example_dags/example_xcomargs.py took 0.052 seconds
[2023-11-08T22:43:38.503+0000] {processor.py:157} INFO - Started process (PID=64) to work on /home/airflow/.local/lib/python3.8/site-packages/airflow/example_dags/example_xcomargs.py
[2023-11-08T22:43:38.504+0000] {processor.py:829} INFO - Processing file /home/airflow/.local/lib/python3.8/site-packages/airflow/example_dags/example_xcomargs.py for tasks to queue
[2023-11-08T22:43:38.506+0000] {logging_mixin.py:154} INFO - [2023-11-08T22:43:38.506+0000] {dagbag.py:536} INFO - Filling up the DagBag from /home/airflow/.local/lib/python3.8/site-packages/airflow/example_dags/example_xcomargs.py
[2023-11-08T22:43:38.511+0000] {processor.py:839} INFO - DAG(s) dict_keys(['example_xcom_args', 'example_xcom_args_with_operators']) retrieved from /home/airflow/.local/lib/python3.8/site-packages/airflow/example_dags/example_xcomargs.py
[2023-11-08T22:43:38.519+0000] {logging_mixin.py:154} INFO - [2023-11-08T22:43:38.519+0000] {dag.py:2941} INFO - Sync 2 DAGs
[2023-11-08T22:43:38.528+0000] {logging_mixin.py:154} INFO - [2023-11-08T22:43:38.528+0000] {dag.py:3722} INFO - Setting next_dagrun for example_xcom_args to None, run_after=None
[2023-11-08T22:43:38.530+0000] {logging_mixin.py:154} INFO - [2023-11-08T22:43:38.530+0000] {dag.py:3722} INFO - Setting next_dagrun for example_xcom_args_with_operators to None, run_after=None
[2023-11-08T22:43:38.543+0000] {processor.py:179} INFO - Processing /home/airflow/.local/lib/python3.8/site-packages/airflow/example_dags/example_xcomargs.py took 0.042 seconds
