[2023-11-08T22:09:16.819+0000] {processor.py:157} INFO - Started process (PID=75) to work on /home/airflow/.local/lib/python3.8/site-packages/airflow/example_dags/example_branch_labels.py
[2023-11-08T22:09:16.820+0000] {processor.py:829} INFO - Processing file /home/airflow/.local/lib/python3.8/site-packages/airflow/example_dags/example_branch_labels.py for tasks to queue
[2023-11-08T22:09:16.822+0000] {logging_mixin.py:154} INFO - [2023-11-08T22:09:16.821+0000] {dagbag.py:536} INFO - Filling up the DagBag from /home/airflow/.local/lib/python3.8/site-packages/airflow/example_dags/example_branch_labels.py
[2023-11-08T22:09:16.826+0000] {processor.py:839} INFO - DAG(s) dict_keys(['example_branch_labels']) retrieved from /home/airflow/.local/lib/python3.8/site-packages/airflow/example_dags/example_branch_labels.py
[2023-11-08T22:09:16.834+0000] {logging_mixin.py:154} INFO - [2023-11-08T22:09:16.834+0000] {dag.py:2941} INFO - Sync 1 DAGs
[2023-11-08T22:09:16.855+0000] {logging_mixin.py:154} INFO - [2023-11-08T22:09:16.855+0000] {dag.py:3722} INFO - Setting next_dagrun for example_branch_labels to 2023-11-07T00:00:00+00:00, run_after=2023-11-08T00:00:00+00:00
[2023-11-08T22:09:16.867+0000] {processor.py:179} INFO - Processing /home/airflow/.local/lib/python3.8/site-packages/airflow/example_dags/example_branch_labels.py took 0.050 seconds
[2023-11-08T22:09:47.594+0000] {processor.py:157} INFO - Started process (PID=130) to work on /home/airflow/.local/lib/python3.8/site-packages/airflow/example_dags/example_branch_labels.py
[2023-11-08T22:09:47.595+0000] {processor.py:829} INFO - Processing file /home/airflow/.local/lib/python3.8/site-packages/airflow/example_dags/example_branch_labels.py for tasks to queue
[2023-11-08T22:09:47.596+0000] {logging_mixin.py:154} INFO - [2023-11-08T22:09:47.596+0000] {dagbag.py:536} INFO - Filling up the DagBag from /home/airflow/.local/lib/python3.8/site-packages/airflow/example_dags/example_branch_labels.py
[2023-11-08T22:09:47.600+0000] {processor.py:839} INFO - DAG(s) dict_keys(['example_branch_labels']) retrieved from /home/airflow/.local/lib/python3.8/site-packages/airflow/example_dags/example_branch_labels.py
[2023-11-08T22:09:47.613+0000] {logging_mixin.py:154} INFO - [2023-11-08T22:09:47.613+0000] {dag.py:2941} INFO - Sync 1 DAGs
[2023-11-08T22:09:47.626+0000] {logging_mixin.py:154} INFO - [2023-11-08T22:09:47.626+0000] {dag.py:3722} INFO - Setting next_dagrun for example_branch_labels to 2023-11-07T00:00:00+00:00, run_after=2023-11-08T00:00:00+00:00
[2023-11-08T22:09:47.636+0000] {processor.py:179} INFO - Processing /home/airflow/.local/lib/python3.8/site-packages/airflow/example_dags/example_branch_labels.py took 0.043 seconds
[2023-11-08T22:11:51.385+0000] {processor.py:157} INFO - Started process (PID=75) to work on /home/airflow/.local/lib/python3.8/site-packages/airflow/example_dags/example_branch_labels.py
[2023-11-08T22:11:51.386+0000] {processor.py:829} INFO - Processing file /home/airflow/.local/lib/python3.8/site-packages/airflow/example_dags/example_branch_labels.py for tasks to queue
[2023-11-08T22:11:51.388+0000] {logging_mixin.py:154} INFO - [2023-11-08T22:11:51.388+0000] {dagbag.py:536} INFO - Filling up the DagBag from /home/airflow/.local/lib/python3.8/site-packages/airflow/example_dags/example_branch_labels.py
[2023-11-08T22:11:51.393+0000] {processor.py:839} INFO - DAG(s) dict_keys(['example_branch_labels']) retrieved from /home/airflow/.local/lib/python3.8/site-packages/airflow/example_dags/example_branch_labels.py
[2023-11-08T22:11:51.402+0000] {logging_mixin.py:154} INFO - [2023-11-08T22:11:51.402+0000] {dag.py:2941} INFO - Sync 1 DAGs
[2023-11-08T22:11:51.423+0000] {logging_mixin.py:154} INFO - [2023-11-08T22:11:51.422+0000] {dag.py:3722} INFO - Setting next_dagrun for example_branch_labels to 2023-11-07T00:00:00+00:00, run_after=2023-11-08T00:00:00+00:00
[2023-11-08T22:11:51.437+0000] {processor.py:179} INFO - Processing /home/airflow/.local/lib/python3.8/site-packages/airflow/example_dags/example_branch_labels.py took 0.054 seconds
[2023-11-08T22:12:22.340+0000] {processor.py:157} INFO - Started process (PID=129) to work on /home/airflow/.local/lib/python3.8/site-packages/airflow/example_dags/example_branch_labels.py
[2023-11-08T22:12:22.340+0000] {processor.py:829} INFO - Processing file /home/airflow/.local/lib/python3.8/site-packages/airflow/example_dags/example_branch_labels.py for tasks to queue
[2023-11-08T22:12:22.341+0000] {logging_mixin.py:154} INFO - [2023-11-08T22:12:22.341+0000] {dagbag.py:536} INFO - Filling up the DagBag from /home/airflow/.local/lib/python3.8/site-packages/airflow/example_dags/example_branch_labels.py
[2023-11-08T22:12:22.346+0000] {processor.py:839} INFO - DAG(s) dict_keys(['example_branch_labels']) retrieved from /home/airflow/.local/lib/python3.8/site-packages/airflow/example_dags/example_branch_labels.py
[2023-11-08T22:12:22.358+0000] {logging_mixin.py:154} INFO - [2023-11-08T22:12:22.357+0000] {dag.py:2941} INFO - Sync 1 DAGs
[2023-11-08T22:12:22.371+0000] {logging_mixin.py:154} INFO - [2023-11-08T22:12:22.371+0000] {dag.py:3722} INFO - Setting next_dagrun for example_branch_labels to 2023-11-07T00:00:00+00:00, run_after=2023-11-08T00:00:00+00:00
[2023-11-08T22:12:22.381+0000] {processor.py:179} INFO - Processing /home/airflow/.local/lib/python3.8/site-packages/airflow/example_dags/example_branch_labels.py took 0.043 seconds
[2023-11-08T22:12:53.128+0000] {processor.py:157} INFO - Started process (PID=183) to work on /home/airflow/.local/lib/python3.8/site-packages/airflow/example_dags/example_branch_labels.py
[2023-11-08T22:12:53.129+0000] {processor.py:829} INFO - Processing file /home/airflow/.local/lib/python3.8/site-packages/airflow/example_dags/example_branch_labels.py for tasks to queue
[2023-11-08T22:12:53.130+0000] {logging_mixin.py:154} INFO - [2023-11-08T22:12:53.129+0000] {dagbag.py:536} INFO - Filling up the DagBag from /home/airflow/.local/lib/python3.8/site-packages/airflow/example_dags/example_branch_labels.py
[2023-11-08T22:12:53.134+0000] {processor.py:839} INFO - DAG(s) dict_keys(['example_branch_labels']) retrieved from /home/airflow/.local/lib/python3.8/site-packages/airflow/example_dags/example_branch_labels.py
[2023-11-08T22:12:53.146+0000] {logging_mixin.py:154} INFO - [2023-11-08T22:12:53.146+0000] {dag.py:2941} INFO - Sync 1 DAGs
[2023-11-08T22:12:53.160+0000] {logging_mixin.py:154} INFO - [2023-11-08T22:12:53.160+0000] {dag.py:3722} INFO - Setting next_dagrun for example_branch_labels to 2023-11-07T00:00:00+00:00, run_after=2023-11-08T00:00:00+00:00
[2023-11-08T22:12:53.170+0000] {processor.py:179} INFO - Processing /home/airflow/.local/lib/python3.8/site-packages/airflow/example_dags/example_branch_labels.py took 0.044 seconds
[2023-11-08T22:13:23.748+0000] {processor.py:157} INFO - Started process (PID=237) to work on /home/airflow/.local/lib/python3.8/site-packages/airflow/example_dags/example_branch_labels.py
[2023-11-08T22:13:23.749+0000] {processor.py:829} INFO - Processing file /home/airflow/.local/lib/python3.8/site-packages/airflow/example_dags/example_branch_labels.py for tasks to queue
[2023-11-08T22:13:23.750+0000] {logging_mixin.py:154} INFO - [2023-11-08T22:13:23.750+0000] {dagbag.py:536} INFO - Filling up the DagBag from /home/airflow/.local/lib/python3.8/site-packages/airflow/example_dags/example_branch_labels.py
[2023-11-08T22:13:23.754+0000] {processor.py:839} INFO - DAG(s) dict_keys(['example_branch_labels']) retrieved from /home/airflow/.local/lib/python3.8/site-packages/airflow/example_dags/example_branch_labels.py
[2023-11-08T22:13:23.767+0000] {logging_mixin.py:154} INFO - [2023-11-08T22:13:23.767+0000] {dag.py:2941} INFO - Sync 1 DAGs
[2023-11-08T22:13:23.781+0000] {logging_mixin.py:154} INFO - [2023-11-08T22:13:23.781+0000] {dag.py:3722} INFO - Setting next_dagrun for example_branch_labels to 2023-11-07T00:00:00+00:00, run_after=2023-11-08T00:00:00+00:00
[2023-11-08T22:13:23.791+0000] {processor.py:179} INFO - Processing /home/airflow/.local/lib/python3.8/site-packages/airflow/example_dags/example_branch_labels.py took 0.044 seconds
[2023-11-08T22:13:54.477+0000] {processor.py:157} INFO - Started process (PID=291) to work on /home/airflow/.local/lib/python3.8/site-packages/airflow/example_dags/example_branch_labels.py
[2023-11-08T22:13:54.478+0000] {processor.py:829} INFO - Processing file /home/airflow/.local/lib/python3.8/site-packages/airflow/example_dags/example_branch_labels.py for tasks to queue
[2023-11-08T22:13:54.479+0000] {logging_mixin.py:154} INFO - [2023-11-08T22:13:54.479+0000] {dagbag.py:536} INFO - Filling up the DagBag from /home/airflow/.local/lib/python3.8/site-packages/airflow/example_dags/example_branch_labels.py
[2023-11-08T22:13:54.484+0000] {processor.py:839} INFO - DAG(s) dict_keys(['example_branch_labels']) retrieved from /home/airflow/.local/lib/python3.8/site-packages/airflow/example_dags/example_branch_labels.py
[2023-11-08T22:13:54.497+0000] {logging_mixin.py:154} INFO - [2023-11-08T22:13:54.497+0000] {dag.py:2941} INFO - Sync 1 DAGs
[2023-11-08T22:13:54.512+0000] {logging_mixin.py:154} INFO - [2023-11-08T22:13:54.511+0000] {dag.py:3722} INFO - Setting next_dagrun for example_branch_labels to 2023-11-07T00:00:00+00:00, run_after=2023-11-08T00:00:00+00:00
[2023-11-08T22:13:54.522+0000] {processor.py:179} INFO - Processing /home/airflow/.local/lib/python3.8/site-packages/airflow/example_dags/example_branch_labels.py took 0.046 seconds
[2023-11-08T22:14:25.072+0000] {processor.py:157} INFO - Started process (PID=345) to work on /home/airflow/.local/lib/python3.8/site-packages/airflow/example_dags/example_branch_labels.py
[2023-11-08T22:14:25.072+0000] {processor.py:829} INFO - Processing file /home/airflow/.local/lib/python3.8/site-packages/airflow/example_dags/example_branch_labels.py for tasks to queue
[2023-11-08T22:14:25.073+0000] {logging_mixin.py:154} INFO - [2023-11-08T22:14:25.073+0000] {dagbag.py:536} INFO - Filling up the DagBag from /home/airflow/.local/lib/python3.8/site-packages/airflow/example_dags/example_branch_labels.py
[2023-11-08T22:14:25.078+0000] {processor.py:839} INFO - DAG(s) dict_keys(['example_branch_labels']) retrieved from /home/airflow/.local/lib/python3.8/site-packages/airflow/example_dags/example_branch_labels.py
[2023-11-08T22:14:25.090+0000] {logging_mixin.py:154} INFO - [2023-11-08T22:14:25.090+0000] {dag.py:2941} INFO - Sync 1 DAGs
[2023-11-08T22:14:25.104+0000] {logging_mixin.py:154} INFO - [2023-11-08T22:14:25.104+0000] {dag.py:3722} INFO - Setting next_dagrun for example_branch_labels to 2023-11-07T00:00:00+00:00, run_after=2023-11-08T00:00:00+00:00
[2023-11-08T22:14:25.114+0000] {processor.py:179} INFO - Processing /home/airflow/.local/lib/python3.8/site-packages/airflow/example_dags/example_branch_labels.py took 0.044 seconds
[2023-11-08T22:14:55.693+0000] {processor.py:157} INFO - Started process (PID=399) to work on /home/airflow/.local/lib/python3.8/site-packages/airflow/example_dags/example_branch_labels.py
[2023-11-08T22:14:55.693+0000] {processor.py:829} INFO - Processing file /home/airflow/.local/lib/python3.8/site-packages/airflow/example_dags/example_branch_labels.py for tasks to queue
[2023-11-08T22:14:55.695+0000] {logging_mixin.py:154} INFO - [2023-11-08T22:14:55.694+0000] {dagbag.py:536} INFO - Filling up the DagBag from /home/airflow/.local/lib/python3.8/site-packages/airflow/example_dags/example_branch_labels.py
[2023-11-08T22:14:55.699+0000] {processor.py:839} INFO - DAG(s) dict_keys(['example_branch_labels']) retrieved from /home/airflow/.local/lib/python3.8/site-packages/airflow/example_dags/example_branch_labels.py
[2023-11-08T22:14:55.711+0000] {logging_mixin.py:154} INFO - [2023-11-08T22:14:55.711+0000] {dag.py:2941} INFO - Sync 1 DAGs
[2023-11-08T22:14:55.725+0000] {logging_mixin.py:154} INFO - [2023-11-08T22:14:55.725+0000] {dag.py:3722} INFO - Setting next_dagrun for example_branch_labels to 2023-11-07T00:00:00+00:00, run_after=2023-11-08T00:00:00+00:00
[2023-11-08T22:14:55.735+0000] {processor.py:179} INFO - Processing /home/airflow/.local/lib/python3.8/site-packages/airflow/example_dags/example_branch_labels.py took 0.044 seconds
[2023-11-08T22:15:26.438+0000] {processor.py:157} INFO - Started process (PID=454) to work on /home/airflow/.local/lib/python3.8/site-packages/airflow/example_dags/example_branch_labels.py
[2023-11-08T22:15:26.438+0000] {processor.py:829} INFO - Processing file /home/airflow/.local/lib/python3.8/site-packages/airflow/example_dags/example_branch_labels.py for tasks to queue
[2023-11-08T22:15:26.440+0000] {logging_mixin.py:154} INFO - [2023-11-08T22:15:26.440+0000] {dagbag.py:536} INFO - Filling up the DagBag from /home/airflow/.local/lib/python3.8/site-packages/airflow/example_dags/example_branch_labels.py
[2023-11-08T22:15:26.445+0000] {processor.py:839} INFO - DAG(s) dict_keys(['example_branch_labels']) retrieved from /home/airflow/.local/lib/python3.8/site-packages/airflow/example_dags/example_branch_labels.py
[2023-11-08T22:15:26.458+0000] {logging_mixin.py:154} INFO - [2023-11-08T22:15:26.458+0000] {dag.py:2941} INFO - Sync 1 DAGs
[2023-11-08T22:15:26.473+0000] {logging_mixin.py:154} INFO - [2023-11-08T22:15:26.473+0000] {dag.py:3722} INFO - Setting next_dagrun for example_branch_labels to 2023-11-07T00:00:00+00:00, run_after=2023-11-08T00:00:00+00:00
[2023-11-08T22:15:26.484+0000] {processor.py:179} INFO - Processing /home/airflow/.local/lib/python3.8/site-packages/airflow/example_dags/example_branch_labels.py took 0.048 seconds
[2023-11-08T22:15:57.032+0000] {processor.py:157} INFO - Started process (PID=508) to work on /home/airflow/.local/lib/python3.8/site-packages/airflow/example_dags/example_branch_labels.py
[2023-11-08T22:15:57.033+0000] {processor.py:829} INFO - Processing file /home/airflow/.local/lib/python3.8/site-packages/airflow/example_dags/example_branch_labels.py for tasks to queue
[2023-11-08T22:15:57.034+0000] {logging_mixin.py:154} INFO - [2023-11-08T22:15:57.034+0000] {dagbag.py:536} INFO - Filling up the DagBag from /home/airflow/.local/lib/python3.8/site-packages/airflow/example_dags/example_branch_labels.py
[2023-11-08T22:15:57.038+0000] {processor.py:839} INFO - DAG(s) dict_keys(['example_branch_labels']) retrieved from /home/airflow/.local/lib/python3.8/site-packages/airflow/example_dags/example_branch_labels.py
[2023-11-08T22:15:57.051+0000] {logging_mixin.py:154} INFO - [2023-11-08T22:15:57.051+0000] {dag.py:2941} INFO - Sync 1 DAGs
[2023-11-08T22:15:57.064+0000] {logging_mixin.py:154} INFO - [2023-11-08T22:15:57.064+0000] {dag.py:3722} INFO - Setting next_dagrun for example_branch_labels to 2023-11-07T00:00:00+00:00, run_after=2023-11-08T00:00:00+00:00
[2023-11-08T22:15:57.075+0000] {processor.py:179} INFO - Processing /home/airflow/.local/lib/python3.8/site-packages/airflow/example_dags/example_branch_labels.py took 0.044 seconds
[2023-11-08T22:16:27.646+0000] {processor.py:157} INFO - Started process (PID=561) to work on /home/airflow/.local/lib/python3.8/site-packages/airflow/example_dags/example_branch_labels.py
[2023-11-08T22:16:27.646+0000] {processor.py:829} INFO - Processing file /home/airflow/.local/lib/python3.8/site-packages/airflow/example_dags/example_branch_labels.py for tasks to queue
[2023-11-08T22:16:27.648+0000] {logging_mixin.py:154} INFO - [2023-11-08T22:16:27.647+0000] {dagbag.py:536} INFO - Filling up the DagBag from /home/airflow/.local/lib/python3.8/site-packages/airflow/example_dags/example_branch_labels.py
[2023-11-08T22:16:27.652+0000] {processor.py:839} INFO - DAG(s) dict_keys(['example_branch_labels']) retrieved from /home/airflow/.local/lib/python3.8/site-packages/airflow/example_dags/example_branch_labels.py
[2023-11-08T22:16:27.666+0000] {logging_mixin.py:154} INFO - [2023-11-08T22:16:27.666+0000] {dag.py:2941} INFO - Sync 1 DAGs
[2023-11-08T22:16:27.681+0000] {logging_mixin.py:154} INFO - [2023-11-08T22:16:27.680+0000] {dag.py:3722} INFO - Setting next_dagrun for example_branch_labels to 2023-11-07T00:00:00+00:00, run_after=2023-11-08T00:00:00+00:00
[2023-11-08T22:16:27.691+0000] {processor.py:179} INFO - Processing /home/airflow/.local/lib/python3.8/site-packages/airflow/example_dags/example_branch_labels.py took 0.047 seconds
[2023-11-08T22:16:58.306+0000] {processor.py:157} INFO - Started process (PID=615) to work on /home/airflow/.local/lib/python3.8/site-packages/airflow/example_dags/example_branch_labels.py
[2023-11-08T22:16:58.307+0000] {processor.py:829} INFO - Processing file /home/airflow/.local/lib/python3.8/site-packages/airflow/example_dags/example_branch_labels.py for tasks to queue
[2023-11-08T22:16:58.308+0000] {logging_mixin.py:154} INFO - [2023-11-08T22:16:58.308+0000] {dagbag.py:536} INFO - Filling up the DagBag from /home/airflow/.local/lib/python3.8/site-packages/airflow/example_dags/example_branch_labels.py
[2023-11-08T22:16:58.312+0000] {processor.py:839} INFO - DAG(s) dict_keys(['example_branch_labels']) retrieved from /home/airflow/.local/lib/python3.8/site-packages/airflow/example_dags/example_branch_labels.py
[2023-11-08T22:16:58.324+0000] {logging_mixin.py:154} INFO - [2023-11-08T22:16:58.324+0000] {dag.py:2941} INFO - Sync 1 DAGs
[2023-11-08T22:16:58.338+0000] {logging_mixin.py:154} INFO - [2023-11-08T22:16:58.338+0000] {dag.py:3722} INFO - Setting next_dagrun for example_branch_labels to 2023-11-07T00:00:00+00:00, run_after=2023-11-08T00:00:00+00:00
[2023-11-08T22:16:58.350+0000] {processor.py:179} INFO - Processing /home/airflow/.local/lib/python3.8/site-packages/airflow/example_dags/example_branch_labels.py took 0.046 seconds
[2023-11-08T22:17:29.049+0000] {processor.py:157} INFO - Started process (PID=670) to work on /home/airflow/.local/lib/python3.8/site-packages/airflow/example_dags/example_branch_labels.py
[2023-11-08T22:17:29.050+0000] {processor.py:829} INFO - Processing file /home/airflow/.local/lib/python3.8/site-packages/airflow/example_dags/example_branch_labels.py for tasks to queue
[2023-11-08T22:17:29.051+0000] {logging_mixin.py:154} INFO - [2023-11-08T22:17:29.051+0000] {dagbag.py:536} INFO - Filling up the DagBag from /home/airflow/.local/lib/python3.8/site-packages/airflow/example_dags/example_branch_labels.py
[2023-11-08T22:17:29.056+0000] {processor.py:839} INFO - DAG(s) dict_keys(['example_branch_labels']) retrieved from /home/airflow/.local/lib/python3.8/site-packages/airflow/example_dags/example_branch_labels.py
[2023-11-08T22:17:29.069+0000] {logging_mixin.py:154} INFO - [2023-11-08T22:17:29.069+0000] {dag.py:2941} INFO - Sync 1 DAGs
[2023-11-08T22:17:29.083+0000] {logging_mixin.py:154} INFO - [2023-11-08T22:17:29.083+0000] {dag.py:3722} INFO - Setting next_dagrun for example_branch_labels to 2023-11-07T00:00:00+00:00, run_after=2023-11-08T00:00:00+00:00
[2023-11-08T22:17:29.094+0000] {processor.py:179} INFO - Processing /home/airflow/.local/lib/python3.8/site-packages/airflow/example_dags/example_branch_labels.py took 0.047 seconds
[2023-11-08T22:17:59.688+0000] {processor.py:157} INFO - Started process (PID=724) to work on /home/airflow/.local/lib/python3.8/site-packages/airflow/example_dags/example_branch_labels.py
[2023-11-08T22:17:59.688+0000] {processor.py:829} INFO - Processing file /home/airflow/.local/lib/python3.8/site-packages/airflow/example_dags/example_branch_labels.py for tasks to queue
[2023-11-08T22:17:59.689+0000] {logging_mixin.py:154} INFO - [2023-11-08T22:17:59.689+0000] {dagbag.py:536} INFO - Filling up the DagBag from /home/airflow/.local/lib/python3.8/site-packages/airflow/example_dags/example_branch_labels.py
[2023-11-08T22:17:59.694+0000] {processor.py:839} INFO - DAG(s) dict_keys(['example_branch_labels']) retrieved from /home/airflow/.local/lib/python3.8/site-packages/airflow/example_dags/example_branch_labels.py
[2023-11-08T22:17:59.706+0000] {logging_mixin.py:154} INFO - [2023-11-08T22:17:59.706+0000] {dag.py:2941} INFO - Sync 1 DAGs
[2023-11-08T22:17:59.719+0000] {logging_mixin.py:154} INFO - [2023-11-08T22:17:59.719+0000] {dag.py:3722} INFO - Setting next_dagrun for example_branch_labels to 2023-11-07T00:00:00+00:00, run_after=2023-11-08T00:00:00+00:00
[2023-11-08T22:17:59.728+0000] {processor.py:179} INFO - Processing /home/airflow/.local/lib/python3.8/site-packages/airflow/example_dags/example_branch_labels.py took 0.042 seconds
[2023-11-08T22:18:30.557+0000] {processor.py:157} INFO - Started process (PID=779) to work on /home/airflow/.local/lib/python3.8/site-packages/airflow/example_dags/example_branch_labels.py
[2023-11-08T22:18:30.557+0000] {processor.py:829} INFO - Processing file /home/airflow/.local/lib/python3.8/site-packages/airflow/example_dags/example_branch_labels.py for tasks to queue
[2023-11-08T22:18:30.559+0000] {logging_mixin.py:154} INFO - [2023-11-08T22:18:30.559+0000] {dagbag.py:536} INFO - Filling up the DagBag from /home/airflow/.local/lib/python3.8/site-packages/airflow/example_dags/example_branch_labels.py
[2023-11-08T22:18:30.564+0000] {processor.py:839} INFO - DAG(s) dict_keys(['example_branch_labels']) retrieved from /home/airflow/.local/lib/python3.8/site-packages/airflow/example_dags/example_branch_labels.py
[2023-11-08T22:18:30.578+0000] {logging_mixin.py:154} INFO - [2023-11-08T22:18:30.578+0000] {dag.py:2941} INFO - Sync 1 DAGs
[2023-11-08T22:18:30.594+0000] {logging_mixin.py:154} INFO - [2023-11-08T22:18:30.594+0000] {dag.py:3722} INFO - Setting next_dagrun for example_branch_labels to 2023-11-07T00:00:00+00:00, run_after=2023-11-08T00:00:00+00:00
[2023-11-08T22:18:30.605+0000] {processor.py:179} INFO - Processing /home/airflow/.local/lib/python3.8/site-packages/airflow/example_dags/example_branch_labels.py took 0.051 seconds
[2023-11-08T22:19:00.624+0000] {processor.py:157} INFO - Started process (PID=833) to work on /home/airflow/.local/lib/python3.8/site-packages/airflow/example_dags/example_branch_labels.py
[2023-11-08T22:19:00.624+0000] {processor.py:829} INFO - Processing file /home/airflow/.local/lib/python3.8/site-packages/airflow/example_dags/example_branch_labels.py for tasks to queue
[2023-11-08T22:19:00.625+0000] {logging_mixin.py:154} INFO - [2023-11-08T22:19:00.625+0000] {dagbag.py:536} INFO - Filling up the DagBag from /home/airflow/.local/lib/python3.8/site-packages/airflow/example_dags/example_branch_labels.py
[2023-11-08T22:19:00.630+0000] {processor.py:839} INFO - DAG(s) dict_keys(['example_branch_labels']) retrieved from /home/airflow/.local/lib/python3.8/site-packages/airflow/example_dags/example_branch_labels.py
[2023-11-08T22:19:00.642+0000] {logging_mixin.py:154} INFO - [2023-11-08T22:19:00.642+0000] {dag.py:2941} INFO - Sync 1 DAGs
[2023-11-08T22:19:00.656+0000] {logging_mixin.py:154} INFO - [2023-11-08T22:19:00.656+0000] {dag.py:3722} INFO - Setting next_dagrun for example_branch_labels to 2023-11-07T00:00:00+00:00, run_after=2023-11-08T00:00:00+00:00
[2023-11-08T22:19:00.668+0000] {processor.py:179} INFO - Processing /home/airflow/.local/lib/python3.8/site-packages/airflow/example_dags/example_branch_labels.py took 0.046 seconds
[2023-11-08T22:19:30.692+0000] {processor.py:157} INFO - Started process (PID=886) to work on /home/airflow/.local/lib/python3.8/site-packages/airflow/example_dags/example_branch_labels.py
[2023-11-08T22:19:30.693+0000] {processor.py:829} INFO - Processing file /home/airflow/.local/lib/python3.8/site-packages/airflow/example_dags/example_branch_labels.py for tasks to queue
[2023-11-08T22:19:30.694+0000] {logging_mixin.py:154} INFO - [2023-11-08T22:19:30.694+0000] {dagbag.py:536} INFO - Filling up the DagBag from /home/airflow/.local/lib/python3.8/site-packages/airflow/example_dags/example_branch_labels.py
[2023-11-08T22:19:30.698+0000] {processor.py:839} INFO - DAG(s) dict_keys(['example_branch_labels']) retrieved from /home/airflow/.local/lib/python3.8/site-packages/airflow/example_dags/example_branch_labels.py
[2023-11-08T22:19:30.710+0000] {logging_mixin.py:154} INFO - [2023-11-08T22:19:30.710+0000] {dag.py:2941} INFO - Sync 1 DAGs
[2023-11-08T22:19:30.724+0000] {logging_mixin.py:154} INFO - [2023-11-08T22:19:30.723+0000] {dag.py:3722} INFO - Setting next_dagrun for example_branch_labels to 2023-11-07T00:00:00+00:00, run_after=2023-11-08T00:00:00+00:00
[2023-11-08T22:19:30.733+0000] {processor.py:179} INFO - Processing /home/airflow/.local/lib/python3.8/site-packages/airflow/example_dags/example_branch_labels.py took 0.042 seconds
[2023-11-08T22:20:00.851+0000] {processor.py:157} INFO - Started process (PID=940) to work on /home/airflow/.local/lib/python3.8/site-packages/airflow/example_dags/example_branch_labels.py
[2023-11-08T22:20:00.852+0000] {processor.py:829} INFO - Processing file /home/airflow/.local/lib/python3.8/site-packages/airflow/example_dags/example_branch_labels.py for tasks to queue
[2023-11-08T22:20:00.853+0000] {logging_mixin.py:154} INFO - [2023-11-08T22:20:00.853+0000] {dagbag.py:536} INFO - Filling up the DagBag from /home/airflow/.local/lib/python3.8/site-packages/airflow/example_dags/example_branch_labels.py
[2023-11-08T22:20:00.858+0000] {processor.py:839} INFO - DAG(s) dict_keys(['example_branch_labels']) retrieved from /home/airflow/.local/lib/python3.8/site-packages/airflow/example_dags/example_branch_labels.py
[2023-11-08T22:20:00.870+0000] {logging_mixin.py:154} INFO - [2023-11-08T22:20:00.870+0000] {dag.py:2941} INFO - Sync 1 DAGs
[2023-11-08T22:20:00.884+0000] {logging_mixin.py:154} INFO - [2023-11-08T22:20:00.884+0000] {dag.py:3722} INFO - Setting next_dagrun for example_branch_labels to 2023-11-07T00:00:00+00:00, run_after=2023-11-08T00:00:00+00:00
[2023-11-08T22:20:00.896+0000] {processor.py:179} INFO - Processing /home/airflow/.local/lib/python3.8/site-packages/airflow/example_dags/example_branch_labels.py took 0.047 seconds
[2023-11-08T22:20:31.769+0000] {processor.py:157} INFO - Started process (PID=994) to work on /home/airflow/.local/lib/python3.8/site-packages/airflow/example_dags/example_branch_labels.py
[2023-11-08T22:20:31.769+0000] {processor.py:829} INFO - Processing file /home/airflow/.local/lib/python3.8/site-packages/airflow/example_dags/example_branch_labels.py for tasks to queue
[2023-11-08T22:20:31.771+0000] {logging_mixin.py:154} INFO - [2023-11-08T22:20:31.770+0000] {dagbag.py:536} INFO - Filling up the DagBag from /home/airflow/.local/lib/python3.8/site-packages/airflow/example_dags/example_branch_labels.py
[2023-11-08T22:20:31.775+0000] {processor.py:839} INFO - DAG(s) dict_keys(['example_branch_labels']) retrieved from /home/airflow/.local/lib/python3.8/site-packages/airflow/example_dags/example_branch_labels.py
[2023-11-08T22:20:31.788+0000] {logging_mixin.py:154} INFO - [2023-11-08T22:20:31.788+0000] {dag.py:2941} INFO - Sync 1 DAGs
[2023-11-08T22:20:31.802+0000] {logging_mixin.py:154} INFO - [2023-11-08T22:20:31.802+0000] {dag.py:3722} INFO - Setting next_dagrun for example_branch_labels to 2023-11-07T00:00:00+00:00, run_after=2023-11-08T00:00:00+00:00
[2023-11-08T22:20:31.902+0000] {processor.py:179} INFO - Processing /home/airflow/.local/lib/python3.8/site-packages/airflow/example_dags/example_branch_labels.py took 0.135 seconds
[2023-11-08T22:21:02.012+0000] {processor.py:157} INFO - Started process (PID=1048) to work on /home/airflow/.local/lib/python3.8/site-packages/airflow/example_dags/example_branch_labels.py
[2023-11-08T22:21:02.012+0000] {processor.py:829} INFO - Processing file /home/airflow/.local/lib/python3.8/site-packages/airflow/example_dags/example_branch_labels.py for tasks to queue
[2023-11-08T22:21:02.013+0000] {logging_mixin.py:154} INFO - [2023-11-08T22:21:02.013+0000] {dagbag.py:536} INFO - Filling up the DagBag from /home/airflow/.local/lib/python3.8/site-packages/airflow/example_dags/example_branch_labels.py
[2023-11-08T22:21:02.018+0000] {processor.py:839} INFO - DAG(s) dict_keys(['example_branch_labels']) retrieved from /home/airflow/.local/lib/python3.8/site-packages/airflow/example_dags/example_branch_labels.py
[2023-11-08T22:21:02.031+0000] {logging_mixin.py:154} INFO - [2023-11-08T22:21:02.030+0000] {dag.py:2941} INFO - Sync 1 DAGs
[2023-11-08T22:21:02.044+0000] {logging_mixin.py:154} INFO - [2023-11-08T22:21:02.044+0000] {dag.py:3722} INFO - Setting next_dagrun for example_branch_labels to 2023-11-07T00:00:00+00:00, run_after=2023-11-08T00:00:00+00:00
[2023-11-08T22:21:02.053+0000] {processor.py:179} INFO - Processing /home/airflow/.local/lib/python3.8/site-packages/airflow/example_dags/example_branch_labels.py took 0.043 seconds
[2023-11-08T22:21:32.924+0000] {processor.py:157} INFO - Started process (PID=1101) to work on /home/airflow/.local/lib/python3.8/site-packages/airflow/example_dags/example_branch_labels.py
[2023-11-08T22:21:32.925+0000] {processor.py:829} INFO - Processing file /home/airflow/.local/lib/python3.8/site-packages/airflow/example_dags/example_branch_labels.py for tasks to queue
[2023-11-08T22:21:32.926+0000] {logging_mixin.py:154} INFO - [2023-11-08T22:21:32.926+0000] {dagbag.py:536} INFO - Filling up the DagBag from /home/airflow/.local/lib/python3.8/site-packages/airflow/example_dags/example_branch_labels.py
[2023-11-08T22:21:32.931+0000] {processor.py:839} INFO - DAG(s) dict_keys(['example_branch_labels']) retrieved from /home/airflow/.local/lib/python3.8/site-packages/airflow/example_dags/example_branch_labels.py
[2023-11-08T22:21:32.942+0000] {logging_mixin.py:154} INFO - [2023-11-08T22:21:32.942+0000] {dag.py:2941} INFO - Sync 1 DAGs
[2023-11-08T22:21:32.955+0000] {logging_mixin.py:154} INFO - [2023-11-08T22:21:32.955+0000] {dag.py:3722} INFO - Setting next_dagrun for example_branch_labels to 2023-11-07T00:00:00+00:00, run_after=2023-11-08T00:00:00+00:00
[2023-11-08T22:21:32.964+0000] {processor.py:179} INFO - Processing /home/airflow/.local/lib/python3.8/site-packages/airflow/example_dags/example_branch_labels.py took 0.042 seconds
[2023-11-08T22:22:04.173+0000] {processor.py:157} INFO - Started process (PID=1155) to work on /home/airflow/.local/lib/python3.8/site-packages/airflow/example_dags/example_branch_labels.py
[2023-11-08T22:22:04.173+0000] {processor.py:829} INFO - Processing file /home/airflow/.local/lib/python3.8/site-packages/airflow/example_dags/example_branch_labels.py for tasks to queue
[2023-11-08T22:22:04.174+0000] {logging_mixin.py:154} INFO - [2023-11-08T22:22:04.174+0000] {dagbag.py:536} INFO - Filling up the DagBag from /home/airflow/.local/lib/python3.8/site-packages/airflow/example_dags/example_branch_labels.py
[2023-11-08T22:22:04.179+0000] {processor.py:839} INFO - DAG(s) dict_keys(['example_branch_labels']) retrieved from /home/airflow/.local/lib/python3.8/site-packages/airflow/example_dags/example_branch_labels.py
[2023-11-08T22:22:04.191+0000] {logging_mixin.py:154} INFO - [2023-11-08T22:22:04.190+0000] {dag.py:2941} INFO - Sync 1 DAGs
[2023-11-08T22:22:04.294+0000] {logging_mixin.py:154} INFO - [2023-11-08T22:22:04.294+0000] {dag.py:3722} INFO - Setting next_dagrun for example_branch_labels to 2023-11-07T00:00:00+00:00, run_after=2023-11-08T00:00:00+00:00
[2023-11-08T22:22:04.308+0000] {processor.py:179} INFO - Processing /home/airflow/.local/lib/python3.8/site-packages/airflow/example_dags/example_branch_labels.py took 0.137 seconds
[2023-11-08T22:22:35.067+0000] {processor.py:157} INFO - Started process (PID=1208) to work on /home/airflow/.local/lib/python3.8/site-packages/airflow/example_dags/example_branch_labels.py
[2023-11-08T22:22:35.068+0000] {processor.py:829} INFO - Processing file /home/airflow/.local/lib/python3.8/site-packages/airflow/example_dags/example_branch_labels.py for tasks to queue
[2023-11-08T22:22:35.069+0000] {logging_mixin.py:154} INFO - [2023-11-08T22:22:35.069+0000] {dagbag.py:536} INFO - Filling up the DagBag from /home/airflow/.local/lib/python3.8/site-packages/airflow/example_dags/example_branch_labels.py
[2023-11-08T22:22:35.073+0000] {processor.py:839} INFO - DAG(s) dict_keys(['example_branch_labels']) retrieved from /home/airflow/.local/lib/python3.8/site-packages/airflow/example_dags/example_branch_labels.py
[2023-11-08T22:22:35.086+0000] {logging_mixin.py:154} INFO - [2023-11-08T22:22:35.086+0000] {dag.py:2941} INFO - Sync 1 DAGs
[2023-11-08T22:22:35.099+0000] {logging_mixin.py:154} INFO - [2023-11-08T22:22:35.099+0000] {dag.py:3722} INFO - Setting next_dagrun for example_branch_labels to 2023-11-07T00:00:00+00:00, run_after=2023-11-08T00:00:00+00:00
[2023-11-08T22:22:35.109+0000] {processor.py:179} INFO - Processing /home/airflow/.local/lib/python3.8/site-packages/airflow/example_dags/example_branch_labels.py took 0.043 seconds
[2023-11-08T22:23:05.769+0000] {processor.py:157} INFO - Started process (PID=1261) to work on /home/airflow/.local/lib/python3.8/site-packages/airflow/example_dags/example_branch_labels.py
[2023-11-08T22:23:05.770+0000] {processor.py:829} INFO - Processing file /home/airflow/.local/lib/python3.8/site-packages/airflow/example_dags/example_branch_labels.py for tasks to queue
[2023-11-08T22:23:05.771+0000] {logging_mixin.py:154} INFO - [2023-11-08T22:23:05.771+0000] {dagbag.py:536} INFO - Filling up the DagBag from /home/airflow/.local/lib/python3.8/site-packages/airflow/example_dags/example_branch_labels.py
[2023-11-08T22:23:05.776+0000] {processor.py:839} INFO - DAG(s) dict_keys(['example_branch_labels']) retrieved from /home/airflow/.local/lib/python3.8/site-packages/airflow/example_dags/example_branch_labels.py
[2023-11-08T22:23:05.788+0000] {logging_mixin.py:154} INFO - [2023-11-08T22:23:05.788+0000] {dag.py:2941} INFO - Sync 1 DAGs
[2023-11-08T22:23:05.804+0000] {logging_mixin.py:154} INFO - [2023-11-08T22:23:05.804+0000] {dag.py:3722} INFO - Setting next_dagrun for example_branch_labels to 2023-11-07T00:00:00+00:00, run_after=2023-11-08T00:00:00+00:00
[2023-11-08T22:23:05.817+0000] {processor.py:179} INFO - Processing /home/airflow/.local/lib/python3.8/site-packages/airflow/example_dags/example_branch_labels.py took 0.049 seconds
[2023-11-08T22:23:36.191+0000] {processor.py:157} INFO - Started process (PID=1315) to work on /home/airflow/.local/lib/python3.8/site-packages/airflow/example_dags/example_branch_labels.py
[2023-11-08T22:23:36.191+0000] {processor.py:829} INFO - Processing file /home/airflow/.local/lib/python3.8/site-packages/airflow/example_dags/example_branch_labels.py for tasks to queue
[2023-11-08T22:23:36.192+0000] {logging_mixin.py:154} INFO - [2023-11-08T22:23:36.192+0000] {dagbag.py:536} INFO - Filling up the DagBag from /home/airflow/.local/lib/python3.8/site-packages/airflow/example_dags/example_branch_labels.py
[2023-11-08T22:23:36.197+0000] {processor.py:839} INFO - DAG(s) dict_keys(['example_branch_labels']) retrieved from /home/airflow/.local/lib/python3.8/site-packages/airflow/example_dags/example_branch_labels.py
[2023-11-08T22:23:36.210+0000] {logging_mixin.py:154} INFO - [2023-11-08T22:23:36.210+0000] {dag.py:2941} INFO - Sync 1 DAGs
[2023-11-08T22:23:36.322+0000] {logging_mixin.py:154} INFO - [2023-11-08T22:23:36.322+0000] {dag.py:3722} INFO - Setting next_dagrun for example_branch_labels to 2023-11-07T00:00:00+00:00, run_after=2023-11-08T00:00:00+00:00
[2023-11-08T22:23:36.332+0000] {processor.py:179} INFO - Processing /home/airflow/.local/lib/python3.8/site-packages/airflow/example_dags/example_branch_labels.py took 0.144 seconds
[2023-11-08T22:24:07.021+0000] {processor.py:157} INFO - Started process (PID=1369) to work on /home/airflow/.local/lib/python3.8/site-packages/airflow/example_dags/example_branch_labels.py
[2023-11-08T22:24:07.022+0000] {processor.py:829} INFO - Processing file /home/airflow/.local/lib/python3.8/site-packages/airflow/example_dags/example_branch_labels.py for tasks to queue
[2023-11-08T22:24:07.023+0000] {logging_mixin.py:154} INFO - [2023-11-08T22:24:07.023+0000] {dagbag.py:536} INFO - Filling up the DagBag from /home/airflow/.local/lib/python3.8/site-packages/airflow/example_dags/example_branch_labels.py
[2023-11-08T22:24:07.027+0000] {processor.py:839} INFO - DAG(s) dict_keys(['example_branch_labels']) retrieved from /home/airflow/.local/lib/python3.8/site-packages/airflow/example_dags/example_branch_labels.py
[2023-11-08T22:24:07.039+0000] {logging_mixin.py:154} INFO - [2023-11-08T22:24:07.039+0000] {dag.py:2941} INFO - Sync 1 DAGs
[2023-11-08T22:24:07.052+0000] {logging_mixin.py:154} INFO - [2023-11-08T22:24:07.052+0000] {dag.py:3722} INFO - Setting next_dagrun for example_branch_labels to 2023-11-07T00:00:00+00:00, run_after=2023-11-08T00:00:00+00:00
[2023-11-08T22:24:07.062+0000] {processor.py:179} INFO - Processing /home/airflow/.local/lib/python3.8/site-packages/airflow/example_dags/example_branch_labels.py took 0.042 seconds
[2023-11-08T22:24:37.872+0000] {processor.py:157} INFO - Started process (PID=1423) to work on /home/airflow/.local/lib/python3.8/site-packages/airflow/example_dags/example_branch_labels.py
[2023-11-08T22:24:37.872+0000] {processor.py:829} INFO - Processing file /home/airflow/.local/lib/python3.8/site-packages/airflow/example_dags/example_branch_labels.py for tasks to queue
[2023-11-08T22:24:37.874+0000] {logging_mixin.py:154} INFO - [2023-11-08T22:24:37.874+0000] {dagbag.py:536} INFO - Filling up the DagBag from /home/airflow/.local/lib/python3.8/site-packages/airflow/example_dags/example_branch_labels.py
[2023-11-08T22:24:37.880+0000] {processor.py:839} INFO - DAG(s) dict_keys(['example_branch_labels']) retrieved from /home/airflow/.local/lib/python3.8/site-packages/airflow/example_dags/example_branch_labels.py
[2023-11-08T22:24:38.008+0000] {logging_mixin.py:154} INFO - [2023-11-08T22:24:38.008+0000] {dag.py:2941} INFO - Sync 1 DAGs
[2023-11-08T22:24:38.020+0000] {logging_mixin.py:154} INFO - [2023-11-08T22:24:38.020+0000] {dag.py:3722} INFO - Setting next_dagrun for example_branch_labels to 2023-11-07T00:00:00+00:00, run_after=2023-11-08T00:00:00+00:00
[2023-11-08T22:24:38.029+0000] {processor.py:179} INFO - Processing /home/airflow/.local/lib/python3.8/site-packages/airflow/example_dags/example_branch_labels.py took 0.160 seconds
[2023-11-08T22:25:08.405+0000] {processor.py:157} INFO - Started process (PID=1477) to work on /home/airflow/.local/lib/python3.8/site-packages/airflow/example_dags/example_branch_labels.py
[2023-11-08T22:25:08.405+0000] {processor.py:829} INFO - Processing file /home/airflow/.local/lib/python3.8/site-packages/airflow/example_dags/example_branch_labels.py for tasks to queue
[2023-11-08T22:25:08.406+0000] {logging_mixin.py:154} INFO - [2023-11-08T22:25:08.406+0000] {dagbag.py:536} INFO - Filling up the DagBag from /home/airflow/.local/lib/python3.8/site-packages/airflow/example_dags/example_branch_labels.py
[2023-11-08T22:25:08.411+0000] {processor.py:839} INFO - DAG(s) dict_keys(['example_branch_labels']) retrieved from /home/airflow/.local/lib/python3.8/site-packages/airflow/example_dags/example_branch_labels.py
[2023-11-08T22:25:08.424+0000] {logging_mixin.py:154} INFO - [2023-11-08T22:25:08.424+0000] {dag.py:2941} INFO - Sync 1 DAGs
[2023-11-08T22:25:08.531+0000] {logging_mixin.py:154} INFO - [2023-11-08T22:25:08.531+0000] {dag.py:3722} INFO - Setting next_dagrun for example_branch_labels to 2023-11-07T00:00:00+00:00, run_after=2023-11-08T00:00:00+00:00
[2023-11-08T22:25:08.541+0000] {processor.py:179} INFO - Processing /home/airflow/.local/lib/python3.8/site-packages/airflow/example_dags/example_branch_labels.py took 0.138 seconds
[2023-11-08T22:25:39.028+0000] {processor.py:157} INFO - Started process (PID=1531) to work on /home/airflow/.local/lib/python3.8/site-packages/airflow/example_dags/example_branch_labels.py
[2023-11-08T22:25:39.028+0000] {processor.py:829} INFO - Processing file /home/airflow/.local/lib/python3.8/site-packages/airflow/example_dags/example_branch_labels.py for tasks to queue
[2023-11-08T22:25:39.030+0000] {logging_mixin.py:154} INFO - [2023-11-08T22:25:39.029+0000] {dagbag.py:536} INFO - Filling up the DagBag from /home/airflow/.local/lib/python3.8/site-packages/airflow/example_dags/example_branch_labels.py
[2023-11-08T22:25:39.034+0000] {processor.py:839} INFO - DAG(s) dict_keys(['example_branch_labels']) retrieved from /home/airflow/.local/lib/python3.8/site-packages/airflow/example_dags/example_branch_labels.py
[2023-11-08T22:25:39.046+0000] {logging_mixin.py:154} INFO - [2023-11-08T22:25:39.046+0000] {dag.py:2941} INFO - Sync 1 DAGs
[2023-11-08T22:25:39.061+0000] {logging_mixin.py:154} INFO - [2023-11-08T22:25:39.061+0000] {dag.py:3722} INFO - Setting next_dagrun for example_branch_labels to 2023-11-07T00:00:00+00:00, run_after=2023-11-08T00:00:00+00:00
[2023-11-08T22:25:39.070+0000] {processor.py:179} INFO - Processing /home/airflow/.local/lib/python3.8/site-packages/airflow/example_dags/example_branch_labels.py took 0.044 seconds
[2023-11-08T22:26:09.680+0000] {processor.py:157} INFO - Started process (PID=1585) to work on /home/airflow/.local/lib/python3.8/site-packages/airflow/example_dags/example_branch_labels.py
[2023-11-08T22:26:09.680+0000] {processor.py:829} INFO - Processing file /home/airflow/.local/lib/python3.8/site-packages/airflow/example_dags/example_branch_labels.py for tasks to queue
[2023-11-08T22:26:09.682+0000] {logging_mixin.py:154} INFO - [2023-11-08T22:26:09.681+0000] {dagbag.py:536} INFO - Filling up the DagBag from /home/airflow/.local/lib/python3.8/site-packages/airflow/example_dags/example_branch_labels.py
[2023-11-08T22:26:09.688+0000] {processor.py:839} INFO - DAG(s) dict_keys(['example_branch_labels']) retrieved from /home/airflow/.local/lib/python3.8/site-packages/airflow/example_dags/example_branch_labels.py
[2023-11-08T22:26:09.704+0000] {logging_mixin.py:154} INFO - [2023-11-08T22:26:09.704+0000] {dag.py:2941} INFO - Sync 1 DAGs
[2023-11-08T22:26:09.722+0000] {logging_mixin.py:154} INFO - [2023-11-08T22:26:09.722+0000] {dag.py:3722} INFO - Setting next_dagrun for example_branch_labels to 2023-11-07T00:00:00+00:00, run_after=2023-11-08T00:00:00+00:00
[2023-11-08T22:26:09.733+0000] {processor.py:179} INFO - Processing /home/airflow/.local/lib/python3.8/site-packages/airflow/example_dags/example_branch_labels.py took 0.055 seconds
[2023-11-08T22:26:40.274+0000] {processor.py:157} INFO - Started process (PID=1639) to work on /home/airflow/.local/lib/python3.8/site-packages/airflow/example_dags/example_branch_labels.py
[2023-11-08T22:26:40.274+0000] {processor.py:829} INFO - Processing file /home/airflow/.local/lib/python3.8/site-packages/airflow/example_dags/example_branch_labels.py for tasks to queue
[2023-11-08T22:26:40.275+0000] {logging_mixin.py:154} INFO - [2023-11-08T22:26:40.275+0000] {dagbag.py:536} INFO - Filling up the DagBag from /home/airflow/.local/lib/python3.8/site-packages/airflow/example_dags/example_branch_labels.py
[2023-11-08T22:26:40.280+0000] {processor.py:839} INFO - DAG(s) dict_keys(['example_branch_labels']) retrieved from /home/airflow/.local/lib/python3.8/site-packages/airflow/example_dags/example_branch_labels.py
[2023-11-08T22:26:40.292+0000] {logging_mixin.py:154} INFO - [2023-11-08T22:26:40.292+0000] {dag.py:2941} INFO - Sync 1 DAGs
[2023-11-08T22:26:40.307+0000] {logging_mixin.py:154} INFO - [2023-11-08T22:26:40.307+0000] {dag.py:3722} INFO - Setting next_dagrun for example_branch_labels to 2023-11-07T00:00:00+00:00, run_after=2023-11-08T00:00:00+00:00
[2023-11-08T22:26:40.318+0000] {processor.py:179} INFO - Processing /home/airflow/.local/lib/python3.8/site-packages/airflow/example_dags/example_branch_labels.py took 0.046 seconds
[2023-11-08T22:27:17.594+0000] {processor.py:157} INFO - Started process (PID=74) to work on /home/airflow/.local/lib/python3.8/site-packages/airflow/example_dags/example_branch_labels.py
[2023-11-08T22:27:17.594+0000] {processor.py:829} INFO - Processing file /home/airflow/.local/lib/python3.8/site-packages/airflow/example_dags/example_branch_labels.py for tasks to queue
[2023-11-08T22:27:17.596+0000] {logging_mixin.py:154} INFO - [2023-11-08T22:27:17.596+0000] {dagbag.py:536} INFO - Filling up the DagBag from /home/airflow/.local/lib/python3.8/site-packages/airflow/example_dags/example_branch_labels.py
[2023-11-08T22:27:17.602+0000] {processor.py:839} INFO - DAG(s) dict_keys(['example_branch_labels']) retrieved from /home/airflow/.local/lib/python3.8/site-packages/airflow/example_dags/example_branch_labels.py
[2023-11-08T22:27:17.611+0000] {logging_mixin.py:154} INFO - [2023-11-08T22:27:17.611+0000] {dag.py:2941} INFO - Sync 1 DAGs
[2023-11-08T22:27:17.629+0000] {logging_mixin.py:154} INFO - [2023-11-08T22:27:17.629+0000] {dag.py:3722} INFO - Setting next_dagrun for example_branch_labels to 2023-11-07T00:00:00+00:00, run_after=2023-11-08T00:00:00+00:00
[2023-11-08T22:27:17.641+0000] {processor.py:179} INFO - Processing /home/airflow/.local/lib/python3.8/site-packages/airflow/example_dags/example_branch_labels.py took 0.049 seconds
[2023-11-08T22:27:48.689+0000] {processor.py:157} INFO - Started process (PID=128) to work on /home/airflow/.local/lib/python3.8/site-packages/airflow/example_dags/example_branch_labels.py
[2023-11-08T22:27:48.689+0000] {processor.py:829} INFO - Processing file /home/airflow/.local/lib/python3.8/site-packages/airflow/example_dags/example_branch_labels.py for tasks to queue
[2023-11-08T22:27:48.690+0000] {logging_mixin.py:154} INFO - [2023-11-08T22:27:48.690+0000] {dagbag.py:536} INFO - Filling up the DagBag from /home/airflow/.local/lib/python3.8/site-packages/airflow/example_dags/example_branch_labels.py
[2023-11-08T22:27:48.696+0000] {processor.py:839} INFO - DAG(s) dict_keys(['example_branch_labels']) retrieved from /home/airflow/.local/lib/python3.8/site-packages/airflow/example_dags/example_branch_labels.py
[2023-11-08T22:27:48.709+0000] {logging_mixin.py:154} INFO - [2023-11-08T22:27:48.708+0000] {dag.py:2941} INFO - Sync 1 DAGs
[2023-11-08T22:27:48.724+0000] {logging_mixin.py:154} INFO - [2023-11-08T22:27:48.724+0000] {dag.py:3722} INFO - Setting next_dagrun for example_branch_labels to 2023-11-07T00:00:00+00:00, run_after=2023-11-08T00:00:00+00:00
[2023-11-08T22:27:48.735+0000] {processor.py:179} INFO - Processing /home/airflow/.local/lib/python3.8/site-packages/airflow/example_dags/example_branch_labels.py took 0.049 seconds
[2023-11-08T22:28:18.860+0000] {processor.py:157} INFO - Started process (PID=182) to work on /home/airflow/.local/lib/python3.8/site-packages/airflow/example_dags/example_branch_labels.py
[2023-11-08T22:28:18.860+0000] {processor.py:829} INFO - Processing file /home/airflow/.local/lib/python3.8/site-packages/airflow/example_dags/example_branch_labels.py for tasks to queue
[2023-11-08T22:28:18.862+0000] {logging_mixin.py:154} INFO - [2023-11-08T22:28:18.862+0000] {dagbag.py:536} INFO - Filling up the DagBag from /home/airflow/.local/lib/python3.8/site-packages/airflow/example_dags/example_branch_labels.py
[2023-11-08T22:28:18.872+0000] {processor.py:839} INFO - DAG(s) dict_keys(['example_branch_labels']) retrieved from /home/airflow/.local/lib/python3.8/site-packages/airflow/example_dags/example_branch_labels.py
[2023-11-08T22:28:18.889+0000] {logging_mixin.py:154} INFO - [2023-11-08T22:28:18.889+0000] {dag.py:2941} INFO - Sync 1 DAGs
[2023-11-08T22:28:18.905+0000] {logging_mixin.py:154} INFO - [2023-11-08T22:28:18.905+0000] {dag.py:3722} INFO - Setting next_dagrun for example_branch_labels to 2023-11-07T00:00:00+00:00, run_after=2023-11-08T00:00:00+00:00
[2023-11-08T22:28:18.920+0000] {processor.py:179} INFO - Processing /home/airflow/.local/lib/python3.8/site-packages/airflow/example_dags/example_branch_labels.py took 0.063 seconds
[2023-11-08T22:28:49.743+0000] {processor.py:157} INFO - Started process (PID=236) to work on /home/airflow/.local/lib/python3.8/site-packages/airflow/example_dags/example_branch_labels.py
[2023-11-08T22:28:49.743+0000] {processor.py:829} INFO - Processing file /home/airflow/.local/lib/python3.8/site-packages/airflow/example_dags/example_branch_labels.py for tasks to queue
[2023-11-08T22:28:49.744+0000] {logging_mixin.py:154} INFO - [2023-11-08T22:28:49.744+0000] {dagbag.py:536} INFO - Filling up the DagBag from /home/airflow/.local/lib/python3.8/site-packages/airflow/example_dags/example_branch_labels.py
[2023-11-08T22:28:49.749+0000] {processor.py:839} INFO - DAG(s) dict_keys(['example_branch_labels']) retrieved from /home/airflow/.local/lib/python3.8/site-packages/airflow/example_dags/example_branch_labels.py
[2023-11-08T22:28:49.764+0000] {logging_mixin.py:154} INFO - [2023-11-08T22:28:49.764+0000] {dag.py:2941} INFO - Sync 1 DAGs
[2023-11-08T22:28:49.780+0000] {logging_mixin.py:154} INFO - [2023-11-08T22:28:49.780+0000] {dag.py:3722} INFO - Setting next_dagrun for example_branch_labels to 2023-11-07T00:00:00+00:00, run_after=2023-11-08T00:00:00+00:00
[2023-11-08T22:28:49.791+0000] {processor.py:179} INFO - Processing /home/airflow/.local/lib/python3.8/site-packages/airflow/example_dags/example_branch_labels.py took 0.050 seconds
[2023-11-08T22:29:20.594+0000] {processor.py:157} INFO - Started process (PID=290) to work on /home/airflow/.local/lib/python3.8/site-packages/airflow/example_dags/example_branch_labels.py
[2023-11-08T22:29:20.594+0000] {processor.py:829} INFO - Processing file /home/airflow/.local/lib/python3.8/site-packages/airflow/example_dags/example_branch_labels.py for tasks to queue
[2023-11-08T22:29:20.595+0000] {logging_mixin.py:154} INFO - [2023-11-08T22:29:20.595+0000] {dagbag.py:536} INFO - Filling up the DagBag from /home/airflow/.local/lib/python3.8/site-packages/airflow/example_dags/example_branch_labels.py
[2023-11-08T22:29:20.600+0000] {processor.py:839} INFO - DAG(s) dict_keys(['example_branch_labels']) retrieved from /home/airflow/.local/lib/python3.8/site-packages/airflow/example_dags/example_branch_labels.py
[2023-11-08T22:29:20.614+0000] {logging_mixin.py:154} INFO - [2023-11-08T22:29:20.613+0000] {dag.py:2941} INFO - Sync 1 DAGs
[2023-11-08T22:29:20.629+0000] {logging_mixin.py:154} INFO - [2023-11-08T22:29:20.628+0000] {dag.py:3722} INFO - Setting next_dagrun for example_branch_labels to 2023-11-07T00:00:00+00:00, run_after=2023-11-08T00:00:00+00:00
[2023-11-08T22:29:20.639+0000] {processor.py:179} INFO - Processing /home/airflow/.local/lib/python3.8/site-packages/airflow/example_dags/example_branch_labels.py took 0.048 seconds
[2023-11-08T22:29:50.743+0000] {processor.py:157} INFO - Started process (PID=345) to work on /home/airflow/.local/lib/python3.8/site-packages/airflow/example_dags/example_branch_labels.py
[2023-11-08T22:29:50.743+0000] {processor.py:829} INFO - Processing file /home/airflow/.local/lib/python3.8/site-packages/airflow/example_dags/example_branch_labels.py for tasks to queue
[2023-11-08T22:29:50.745+0000] {logging_mixin.py:154} INFO - [2023-11-08T22:29:50.744+0000] {dagbag.py:536} INFO - Filling up the DagBag from /home/airflow/.local/lib/python3.8/site-packages/airflow/example_dags/example_branch_labels.py
[2023-11-08T22:29:50.749+0000] {processor.py:839} INFO - DAG(s) dict_keys(['example_branch_labels']) retrieved from /home/airflow/.local/lib/python3.8/site-packages/airflow/example_dags/example_branch_labels.py
[2023-11-08T22:29:50.761+0000] {logging_mixin.py:154} INFO - [2023-11-08T22:29:50.761+0000] {dag.py:2941} INFO - Sync 1 DAGs
[2023-11-08T22:29:50.775+0000] {logging_mixin.py:154} INFO - [2023-11-08T22:29:50.775+0000] {dag.py:3722} INFO - Setting next_dagrun for example_branch_labels to 2023-11-07T00:00:00+00:00, run_after=2023-11-08T00:00:00+00:00
[2023-11-08T22:29:50.788+0000] {processor.py:179} INFO - Processing /home/airflow/.local/lib/python3.8/site-packages/airflow/example_dags/example_branch_labels.py took 0.047 seconds
[2023-11-08T22:30:21.397+0000] {processor.py:157} INFO - Started process (PID=399) to work on /home/airflow/.local/lib/python3.8/site-packages/airflow/example_dags/example_branch_labels.py
[2023-11-08T22:30:21.397+0000] {processor.py:829} INFO - Processing file /home/airflow/.local/lib/python3.8/site-packages/airflow/example_dags/example_branch_labels.py for tasks to queue
[2023-11-08T22:30:21.398+0000] {logging_mixin.py:154} INFO - [2023-11-08T22:30:21.398+0000] {dagbag.py:536} INFO - Filling up the DagBag from /home/airflow/.local/lib/python3.8/site-packages/airflow/example_dags/example_branch_labels.py
[2023-11-08T22:30:21.403+0000] {processor.py:839} INFO - DAG(s) dict_keys(['example_branch_labels']) retrieved from /home/airflow/.local/lib/python3.8/site-packages/airflow/example_dags/example_branch_labels.py
[2023-11-08T22:30:21.416+0000] {logging_mixin.py:154} INFO - [2023-11-08T22:30:21.416+0000] {dag.py:2941} INFO - Sync 1 DAGs
[2023-11-08T22:30:21.431+0000] {logging_mixin.py:154} INFO - [2023-11-08T22:30:21.431+0000] {dag.py:3722} INFO - Setting next_dagrun for example_branch_labels to 2023-11-07T00:00:00+00:00, run_after=2023-11-08T00:00:00+00:00
[2023-11-08T22:30:21.443+0000] {processor.py:179} INFO - Processing /home/airflow/.local/lib/python3.8/site-packages/airflow/example_dags/example_branch_labels.py took 0.048 seconds
[2023-11-08T22:30:52.225+0000] {processor.py:157} INFO - Started process (PID=453) to work on /home/airflow/.local/lib/python3.8/site-packages/airflow/example_dags/example_branch_labels.py
[2023-11-08T22:30:52.226+0000] {processor.py:829} INFO - Processing file /home/airflow/.local/lib/python3.8/site-packages/airflow/example_dags/example_branch_labels.py for tasks to queue
[2023-11-08T22:30:52.227+0000] {logging_mixin.py:154} INFO - [2023-11-08T22:30:52.227+0000] {dagbag.py:536} INFO - Filling up the DagBag from /home/airflow/.local/lib/python3.8/site-packages/airflow/example_dags/example_branch_labels.py
[2023-11-08T22:30:52.232+0000] {processor.py:839} INFO - DAG(s) dict_keys(['example_branch_labels']) retrieved from /home/airflow/.local/lib/python3.8/site-packages/airflow/example_dags/example_branch_labels.py
[2023-11-08T22:30:52.245+0000] {logging_mixin.py:154} INFO - [2023-11-08T22:30:52.245+0000] {dag.py:2941} INFO - Sync 1 DAGs
[2023-11-08T22:30:52.260+0000] {logging_mixin.py:154} INFO - [2023-11-08T22:30:52.260+0000] {dag.py:3722} INFO - Setting next_dagrun for example_branch_labels to 2023-11-07T00:00:00+00:00, run_after=2023-11-08T00:00:00+00:00
[2023-11-08T22:30:52.270+0000] {processor.py:179} INFO - Processing /home/airflow/.local/lib/python3.8/site-packages/airflow/example_dags/example_branch_labels.py took 0.047 seconds
[2023-11-08T22:31:22.429+0000] {processor.py:157} INFO - Started process (PID=507) to work on /home/airflow/.local/lib/python3.8/site-packages/airflow/example_dags/example_branch_labels.py
[2023-11-08T22:31:22.429+0000] {processor.py:829} INFO - Processing file /home/airflow/.local/lib/python3.8/site-packages/airflow/example_dags/example_branch_labels.py for tasks to queue
[2023-11-08T22:31:22.431+0000] {logging_mixin.py:154} INFO - [2023-11-08T22:31:22.431+0000] {dagbag.py:536} INFO - Filling up the DagBag from /home/airflow/.local/lib/python3.8/site-packages/airflow/example_dags/example_branch_labels.py
[2023-11-08T22:31:22.438+0000] {processor.py:839} INFO - DAG(s) dict_keys(['example_branch_labels']) retrieved from /home/airflow/.local/lib/python3.8/site-packages/airflow/example_dags/example_branch_labels.py
[2023-11-08T22:31:22.459+0000] {logging_mixin.py:154} INFO - [2023-11-08T22:31:22.458+0000] {dag.py:2941} INFO - Sync 1 DAGs
[2023-11-08T22:31:22.478+0000] {logging_mixin.py:154} INFO - [2023-11-08T22:31:22.477+0000] {dag.py:3722} INFO - Setting next_dagrun for example_branch_labels to 2023-11-07T00:00:00+00:00, run_after=2023-11-08T00:00:00+00:00
[2023-11-08T22:31:22.493+0000] {processor.py:179} INFO - Processing /home/airflow/.local/lib/python3.8/site-packages/airflow/example_dags/example_branch_labels.py took 0.067 seconds
[2023-11-08T22:31:52.576+0000] {processor.py:157} INFO - Started process (PID=561) to work on /home/airflow/.local/lib/python3.8/site-packages/airflow/example_dags/example_branch_labels.py
[2023-11-08T22:31:52.577+0000] {processor.py:829} INFO - Processing file /home/airflow/.local/lib/python3.8/site-packages/airflow/example_dags/example_branch_labels.py for tasks to queue
[2023-11-08T22:31:52.578+0000] {logging_mixin.py:154} INFO - [2023-11-08T22:31:52.578+0000] {dagbag.py:536} INFO - Filling up the DagBag from /home/airflow/.local/lib/python3.8/site-packages/airflow/example_dags/example_branch_labels.py
[2023-11-08T22:31:52.583+0000] {processor.py:839} INFO - DAG(s) dict_keys(['example_branch_labels']) retrieved from /home/airflow/.local/lib/python3.8/site-packages/airflow/example_dags/example_branch_labels.py
[2023-11-08T22:31:52.600+0000] {logging_mixin.py:154} INFO - [2023-11-08T22:31:52.600+0000] {dag.py:2941} INFO - Sync 1 DAGs
[2023-11-08T22:31:52.623+0000] {logging_mixin.py:154} INFO - [2023-11-08T22:31:52.622+0000] {dag.py:3722} INFO - Setting next_dagrun for example_branch_labels to 2023-11-07T00:00:00+00:00, run_after=2023-11-08T00:00:00+00:00
[2023-11-08T22:31:52.640+0000] {processor.py:179} INFO - Processing /home/airflow/.local/lib/python3.8/site-packages/airflow/example_dags/example_branch_labels.py took 0.066 seconds
[2023-11-08T22:32:23.523+0000] {processor.py:157} INFO - Started process (PID=616) to work on /home/airflow/.local/lib/python3.8/site-packages/airflow/example_dags/example_branch_labels.py
[2023-11-08T22:32:23.524+0000] {processor.py:829} INFO - Processing file /home/airflow/.local/lib/python3.8/site-packages/airflow/example_dags/example_branch_labels.py for tasks to queue
[2023-11-08T22:32:23.525+0000] {logging_mixin.py:154} INFO - [2023-11-08T22:32:23.525+0000] {dagbag.py:536} INFO - Filling up the DagBag from /home/airflow/.local/lib/python3.8/site-packages/airflow/example_dags/example_branch_labels.py
[2023-11-08T22:32:23.529+0000] {processor.py:839} INFO - DAG(s) dict_keys(['example_branch_labels']) retrieved from /home/airflow/.local/lib/python3.8/site-packages/airflow/example_dags/example_branch_labels.py
[2023-11-08T22:32:23.544+0000] {logging_mixin.py:154} INFO - [2023-11-08T22:32:23.544+0000] {dag.py:2941} INFO - Sync 1 DAGs
[2023-11-08T22:32:23.563+0000] {logging_mixin.py:154} INFO - [2023-11-08T22:32:23.563+0000] {dag.py:3722} INFO - Setting next_dagrun for example_branch_labels to 2023-11-07T00:00:00+00:00, run_after=2023-11-08T00:00:00+00:00
[2023-11-08T22:32:23.577+0000] {processor.py:179} INFO - Processing /home/airflow/.local/lib/python3.8/site-packages/airflow/example_dags/example_branch_labels.py took 0.056 seconds
[2023-11-08T22:32:54.540+0000] {processor.py:157} INFO - Started process (PID=671) to work on /home/airflow/.local/lib/python3.8/site-packages/airflow/example_dags/example_branch_labels.py
[2023-11-08T22:32:54.541+0000] {processor.py:829} INFO - Processing file /home/airflow/.local/lib/python3.8/site-packages/airflow/example_dags/example_branch_labels.py for tasks to queue
[2023-11-08T22:32:54.542+0000] {logging_mixin.py:154} INFO - [2023-11-08T22:32:54.542+0000] {dagbag.py:536} INFO - Filling up the DagBag from /home/airflow/.local/lib/python3.8/site-packages/airflow/example_dags/example_branch_labels.py
[2023-11-08T22:32:54.549+0000] {processor.py:839} INFO - DAG(s) dict_keys(['example_branch_labels']) retrieved from /home/airflow/.local/lib/python3.8/site-packages/airflow/example_dags/example_branch_labels.py
[2023-11-08T22:32:54.567+0000] {logging_mixin.py:154} INFO - [2023-11-08T22:32:54.567+0000] {dag.py:2941} INFO - Sync 1 DAGs
[2023-11-08T22:32:54.584+0000] {logging_mixin.py:154} INFO - [2023-11-08T22:32:54.584+0000] {dag.py:3722} INFO - Setting next_dagrun for example_branch_labels to 2023-11-07T00:00:00+00:00, run_after=2023-11-08T00:00:00+00:00
[2023-11-08T22:32:54.599+0000] {processor.py:179} INFO - Processing /home/airflow/.local/lib/python3.8/site-packages/airflow/example_dags/example_branch_labels.py took 0.061 seconds
[2023-11-08T22:33:24.715+0000] {processor.py:157} INFO - Started process (PID=726) to work on /home/airflow/.local/lib/python3.8/site-packages/airflow/example_dags/example_branch_labels.py
[2023-11-08T22:33:24.715+0000] {processor.py:829} INFO - Processing file /home/airflow/.local/lib/python3.8/site-packages/airflow/example_dags/example_branch_labels.py for tasks to queue
[2023-11-08T22:33:24.716+0000] {logging_mixin.py:154} INFO - [2023-11-08T22:33:24.716+0000] {dagbag.py:536} INFO - Filling up the DagBag from /home/airflow/.local/lib/python3.8/site-packages/airflow/example_dags/example_branch_labels.py
[2023-11-08T22:33:24.721+0000] {processor.py:839} INFO - DAG(s) dict_keys(['example_branch_labels']) retrieved from /home/airflow/.local/lib/python3.8/site-packages/airflow/example_dags/example_branch_labels.py
[2023-11-08T22:33:24.734+0000] {logging_mixin.py:154} INFO - [2023-11-08T22:33:24.733+0000] {dag.py:2941} INFO - Sync 1 DAGs
[2023-11-08T22:33:24.749+0000] {logging_mixin.py:154} INFO - [2023-11-08T22:33:24.749+0000] {dag.py:3722} INFO - Setting next_dagrun for example_branch_labels to 2023-11-07T00:00:00+00:00, run_after=2023-11-08T00:00:00+00:00
[2023-11-08T22:33:24.759+0000] {processor.py:179} INFO - Processing /home/airflow/.local/lib/python3.8/site-packages/airflow/example_dags/example_branch_labels.py took 0.046 seconds
[2023-11-08T22:33:55.652+0000] {processor.py:157} INFO - Started process (PID=781) to work on /home/airflow/.local/lib/python3.8/site-packages/airflow/example_dags/example_branch_labels.py
[2023-11-08T22:33:55.652+0000] {processor.py:829} INFO - Processing file /home/airflow/.local/lib/python3.8/site-packages/airflow/example_dags/example_branch_labels.py for tasks to queue
[2023-11-08T22:33:55.654+0000] {logging_mixin.py:154} INFO - [2023-11-08T22:33:55.653+0000] {dagbag.py:536} INFO - Filling up the DagBag from /home/airflow/.local/lib/python3.8/site-packages/airflow/example_dags/example_branch_labels.py
[2023-11-08T22:33:55.659+0000] {processor.py:839} INFO - DAG(s) dict_keys(['example_branch_labels']) retrieved from /home/airflow/.local/lib/python3.8/site-packages/airflow/example_dags/example_branch_labels.py
[2023-11-08T22:33:55.674+0000] {logging_mixin.py:154} INFO - [2023-11-08T22:33:55.674+0000] {dag.py:2941} INFO - Sync 1 DAGs
[2023-11-08T22:33:55.689+0000] {logging_mixin.py:154} INFO - [2023-11-08T22:33:55.689+0000] {dag.py:3722} INFO - Setting next_dagrun for example_branch_labels to 2023-11-07T00:00:00+00:00, run_after=2023-11-08T00:00:00+00:00
[2023-11-08T22:33:55.699+0000] {processor.py:179} INFO - Processing /home/airflow/.local/lib/python3.8/site-packages/airflow/example_dags/example_branch_labels.py took 0.050 seconds
[2023-11-08T22:34:26.225+0000] {processor.py:157} INFO - Started process (PID=836) to work on /home/airflow/.local/lib/python3.8/site-packages/airflow/example_dags/example_branch_labels.py
[2023-11-08T22:34:26.226+0000] {processor.py:829} INFO - Processing file /home/airflow/.local/lib/python3.8/site-packages/airflow/example_dags/example_branch_labels.py for tasks to queue
[2023-11-08T22:34:26.227+0000] {logging_mixin.py:154} INFO - [2023-11-08T22:34:26.227+0000] {dagbag.py:536} INFO - Filling up the DagBag from /home/airflow/.local/lib/python3.8/site-packages/airflow/example_dags/example_branch_labels.py
[2023-11-08T22:34:26.231+0000] {processor.py:839} INFO - DAG(s) dict_keys(['example_branch_labels']) retrieved from /home/airflow/.local/lib/python3.8/site-packages/airflow/example_dags/example_branch_labels.py
[2023-11-08T22:34:26.243+0000] {logging_mixin.py:154} INFO - [2023-11-08T22:34:26.243+0000] {dag.py:2941} INFO - Sync 1 DAGs
[2023-11-08T22:34:26.257+0000] {logging_mixin.py:154} INFO - [2023-11-08T22:34:26.257+0000] {dag.py:3722} INFO - Setting next_dagrun for example_branch_labels to 2023-11-07T00:00:00+00:00, run_after=2023-11-08T00:00:00+00:00
[2023-11-08T22:34:26.268+0000] {processor.py:179} INFO - Processing /home/airflow/.local/lib/python3.8/site-packages/airflow/example_dags/example_branch_labels.py took 0.044 seconds
[2023-11-08T22:34:56.850+0000] {processor.py:157} INFO - Started process (PID=891) to work on /home/airflow/.local/lib/python3.8/site-packages/airflow/example_dags/example_branch_labels.py
[2023-11-08T22:34:56.850+0000] {processor.py:829} INFO - Processing file /home/airflow/.local/lib/python3.8/site-packages/airflow/example_dags/example_branch_labels.py for tasks to queue
[2023-11-08T22:34:56.852+0000] {logging_mixin.py:154} INFO - [2023-11-08T22:34:56.851+0000] {dagbag.py:536} INFO - Filling up the DagBag from /home/airflow/.local/lib/python3.8/site-packages/airflow/example_dags/example_branch_labels.py
[2023-11-08T22:34:56.856+0000] {processor.py:839} INFO - DAG(s) dict_keys(['example_branch_labels']) retrieved from /home/airflow/.local/lib/python3.8/site-packages/airflow/example_dags/example_branch_labels.py
[2023-11-08T22:34:56.869+0000] {logging_mixin.py:154} INFO - [2023-11-08T22:34:56.869+0000] {dag.py:2941} INFO - Sync 1 DAGs
[2023-11-08T22:34:56.883+0000] {logging_mixin.py:154} INFO - [2023-11-08T22:34:56.883+0000] {dag.py:3722} INFO - Setting next_dagrun for example_branch_labels to 2023-11-07T00:00:00+00:00, run_after=2023-11-08T00:00:00+00:00
[2023-11-08T22:34:56.895+0000] {processor.py:179} INFO - Processing /home/airflow/.local/lib/python3.8/site-packages/airflow/example_dags/example_branch_labels.py took 0.047 seconds
[2023-11-08T22:35:27.664+0000] {processor.py:157} INFO - Started process (PID=946) to work on /home/airflow/.local/lib/python3.8/site-packages/airflow/example_dags/example_branch_labels.py
[2023-11-08T22:35:27.664+0000] {processor.py:829} INFO - Processing file /home/airflow/.local/lib/python3.8/site-packages/airflow/example_dags/example_branch_labels.py for tasks to queue
[2023-11-08T22:35:27.665+0000] {logging_mixin.py:154} INFO - [2023-11-08T22:35:27.665+0000] {dagbag.py:536} INFO - Filling up the DagBag from /home/airflow/.local/lib/python3.8/site-packages/airflow/example_dags/example_branch_labels.py
[2023-11-08T22:35:27.670+0000] {processor.py:839} INFO - DAG(s) dict_keys(['example_branch_labels']) retrieved from /home/airflow/.local/lib/python3.8/site-packages/airflow/example_dags/example_branch_labels.py
[2023-11-08T22:35:27.682+0000] {logging_mixin.py:154} INFO - [2023-11-08T22:35:27.682+0000] {dag.py:2941} INFO - Sync 1 DAGs
[2023-11-08T22:35:27.696+0000] {logging_mixin.py:154} INFO - [2023-11-08T22:35:27.695+0000] {dag.py:3722} INFO - Setting next_dagrun for example_branch_labels to 2023-11-07T00:00:00+00:00, run_after=2023-11-08T00:00:00+00:00
[2023-11-08T22:35:27.706+0000] {processor.py:179} INFO - Processing /home/airflow/.local/lib/python3.8/site-packages/airflow/example_dags/example_branch_labels.py took 0.044 seconds
[2023-11-08T22:35:58.603+0000] {processor.py:157} INFO - Started process (PID=1001) to work on /home/airflow/.local/lib/python3.8/site-packages/airflow/example_dags/example_branch_labels.py
[2023-11-08T22:35:58.604+0000] {processor.py:829} INFO - Processing file /home/airflow/.local/lib/python3.8/site-packages/airflow/example_dags/example_branch_labels.py for tasks to queue
[2023-11-08T22:35:58.605+0000] {logging_mixin.py:154} INFO - [2023-11-08T22:35:58.605+0000] {dagbag.py:536} INFO - Filling up the DagBag from /home/airflow/.local/lib/python3.8/site-packages/airflow/example_dags/example_branch_labels.py
[2023-11-08T22:35:58.609+0000] {processor.py:839} INFO - DAG(s) dict_keys(['example_branch_labels']) retrieved from /home/airflow/.local/lib/python3.8/site-packages/airflow/example_dags/example_branch_labels.py
[2023-11-08T22:35:58.621+0000] {logging_mixin.py:154} INFO - [2023-11-08T22:35:58.621+0000] {dag.py:2941} INFO - Sync 1 DAGs
[2023-11-08T22:35:58.635+0000] {logging_mixin.py:154} INFO - [2023-11-08T22:35:58.634+0000] {dag.py:3722} INFO - Setting next_dagrun for example_branch_labels to 2023-11-07T00:00:00+00:00, run_after=2023-11-08T00:00:00+00:00
[2023-11-08T22:35:58.645+0000] {processor.py:179} INFO - Processing /home/airflow/.local/lib/python3.8/site-packages/airflow/example_dags/example_branch_labels.py took 0.044 seconds
[2023-11-08T22:36:29.192+0000] {processor.py:157} INFO - Started process (PID=1056) to work on /home/airflow/.local/lib/python3.8/site-packages/airflow/example_dags/example_branch_labels.py
[2023-11-08T22:36:29.192+0000] {processor.py:829} INFO - Processing file /home/airflow/.local/lib/python3.8/site-packages/airflow/example_dags/example_branch_labels.py for tasks to queue
[2023-11-08T22:36:29.193+0000] {logging_mixin.py:154} INFO - [2023-11-08T22:36:29.193+0000] {dagbag.py:536} INFO - Filling up the DagBag from /home/airflow/.local/lib/python3.8/site-packages/airflow/example_dags/example_branch_labels.py
[2023-11-08T22:36:29.197+0000] {processor.py:839} INFO - DAG(s) dict_keys(['example_branch_labels']) retrieved from /home/airflow/.local/lib/python3.8/site-packages/airflow/example_dags/example_branch_labels.py
[2023-11-08T22:36:29.210+0000] {logging_mixin.py:154} INFO - [2023-11-08T22:36:29.210+0000] {dag.py:2941} INFO - Sync 1 DAGs
[2023-11-08T22:36:29.224+0000] {logging_mixin.py:154} INFO - [2023-11-08T22:36:29.224+0000] {dag.py:3722} INFO - Setting next_dagrun for example_branch_labels to 2023-11-07T00:00:00+00:00, run_after=2023-11-08T00:00:00+00:00
[2023-11-08T22:36:29.234+0000] {processor.py:179} INFO - Processing /home/airflow/.local/lib/python3.8/site-packages/airflow/example_dags/example_branch_labels.py took 0.044 seconds
[2023-11-08T22:36:59.861+0000] {processor.py:157} INFO - Started process (PID=1113) to work on /home/airflow/.local/lib/python3.8/site-packages/airflow/example_dags/example_branch_labels.py
[2023-11-08T22:36:59.862+0000] {processor.py:829} INFO - Processing file /home/airflow/.local/lib/python3.8/site-packages/airflow/example_dags/example_branch_labels.py for tasks to queue
[2023-11-08T22:36:59.863+0000] {logging_mixin.py:154} INFO - [2023-11-08T22:36:59.863+0000] {dagbag.py:536} INFO - Filling up the DagBag from /home/airflow/.local/lib/python3.8/site-packages/airflow/example_dags/example_branch_labels.py
[2023-11-08T22:36:59.867+0000] {processor.py:839} INFO - DAG(s) dict_keys(['example_branch_labels']) retrieved from /home/airflow/.local/lib/python3.8/site-packages/airflow/example_dags/example_branch_labels.py
[2023-11-08T22:36:59.880+0000] {logging_mixin.py:154} INFO - [2023-11-08T22:36:59.880+0000] {dag.py:2941} INFO - Sync 1 DAGs
[2023-11-08T22:36:59.893+0000] {logging_mixin.py:154} INFO - [2023-11-08T22:36:59.893+0000] {dag.py:3722} INFO - Setting next_dagrun for example_branch_labels to 2023-11-07T00:00:00+00:00, run_after=2023-11-08T00:00:00+00:00
[2023-11-08T22:36:59.902+0000] {processor.py:179} INFO - Processing /home/airflow/.local/lib/python3.8/site-packages/airflow/example_dags/example_branch_labels.py took 0.043 seconds
[2023-11-08T22:37:30.666+0000] {processor.py:157} INFO - Started process (PID=1168) to work on /home/airflow/.local/lib/python3.8/site-packages/airflow/example_dags/example_branch_labels.py
[2023-11-08T22:37:30.666+0000] {processor.py:829} INFO - Processing file /home/airflow/.local/lib/python3.8/site-packages/airflow/example_dags/example_branch_labels.py for tasks to queue
[2023-11-08T22:37:30.667+0000] {logging_mixin.py:154} INFO - [2023-11-08T22:37:30.667+0000] {dagbag.py:536} INFO - Filling up the DagBag from /home/airflow/.local/lib/python3.8/site-packages/airflow/example_dags/example_branch_labels.py
[2023-11-08T22:37:30.671+0000] {processor.py:839} INFO - DAG(s) dict_keys(['example_branch_labels']) retrieved from /home/airflow/.local/lib/python3.8/site-packages/airflow/example_dags/example_branch_labels.py
[2023-11-08T22:37:30.684+0000] {logging_mixin.py:154} INFO - [2023-11-08T22:37:30.684+0000] {dag.py:2941} INFO - Sync 1 DAGs
[2023-11-08T22:37:30.698+0000] {logging_mixin.py:154} INFO - [2023-11-08T22:37:30.698+0000] {dag.py:3722} INFO - Setting next_dagrun for example_branch_labels to 2023-11-07T00:00:00+00:00, run_after=2023-11-08T00:00:00+00:00
[2023-11-08T22:37:30.707+0000] {processor.py:179} INFO - Processing /home/airflow/.local/lib/python3.8/site-packages/airflow/example_dags/example_branch_labels.py took 0.043 seconds
[2023-11-08T22:38:01.192+0000] {processor.py:157} INFO - Started process (PID=1223) to work on /home/airflow/.local/lib/python3.8/site-packages/airflow/example_dags/example_branch_labels.py
[2023-11-08T22:38:01.193+0000] {processor.py:829} INFO - Processing file /home/airflow/.local/lib/python3.8/site-packages/airflow/example_dags/example_branch_labels.py for tasks to queue
[2023-11-08T22:38:01.194+0000] {logging_mixin.py:154} INFO - [2023-11-08T22:38:01.194+0000] {dagbag.py:536} INFO - Filling up the DagBag from /home/airflow/.local/lib/python3.8/site-packages/airflow/example_dags/example_branch_labels.py
[2023-11-08T22:38:01.199+0000] {processor.py:839} INFO - DAG(s) dict_keys(['example_branch_labels']) retrieved from /home/airflow/.local/lib/python3.8/site-packages/airflow/example_dags/example_branch_labels.py
[2023-11-08T22:38:01.212+0000] {logging_mixin.py:154} INFO - [2023-11-08T22:38:01.212+0000] {dag.py:2941} INFO - Sync 1 DAGs
[2023-11-08T22:38:01.230+0000] {logging_mixin.py:154} INFO - [2023-11-08T22:38:01.230+0000] {dag.py:3722} INFO - Setting next_dagrun for example_branch_labels to 2023-11-07T00:00:00+00:00, run_after=2023-11-08T00:00:00+00:00
[2023-11-08T22:38:01.243+0000] {processor.py:179} INFO - Processing /home/airflow/.local/lib/python3.8/site-packages/airflow/example_dags/example_branch_labels.py took 0.053 seconds
[2023-11-08T22:38:31.798+0000] {processor.py:157} INFO - Started process (PID=1278) to work on /home/airflow/.local/lib/python3.8/site-packages/airflow/example_dags/example_branch_labels.py
[2023-11-08T22:38:31.799+0000] {processor.py:829} INFO - Processing file /home/airflow/.local/lib/python3.8/site-packages/airflow/example_dags/example_branch_labels.py for tasks to queue
[2023-11-08T22:38:31.800+0000] {logging_mixin.py:154} INFO - [2023-11-08T22:38:31.800+0000] {dagbag.py:536} INFO - Filling up the DagBag from /home/airflow/.local/lib/python3.8/site-packages/airflow/example_dags/example_branch_labels.py
[2023-11-08T22:38:31.804+0000] {processor.py:839} INFO - DAG(s) dict_keys(['example_branch_labels']) retrieved from /home/airflow/.local/lib/python3.8/site-packages/airflow/example_dags/example_branch_labels.py
[2023-11-08T22:38:31.817+0000] {logging_mixin.py:154} INFO - [2023-11-08T22:38:31.817+0000] {dag.py:2941} INFO - Sync 1 DAGs
[2023-11-08T22:38:31.830+0000] {logging_mixin.py:154} INFO - [2023-11-08T22:38:31.830+0000] {dag.py:3722} INFO - Setting next_dagrun for example_branch_labels to 2023-11-07T00:00:00+00:00, run_after=2023-11-08T00:00:00+00:00
[2023-11-08T22:38:31.840+0000] {processor.py:179} INFO - Processing /home/airflow/.local/lib/python3.8/site-packages/airflow/example_dags/example_branch_labels.py took 0.044 seconds
[2023-11-08T22:39:02.368+0000] {processor.py:157} INFO - Started process (PID=1334) to work on /home/airflow/.local/lib/python3.8/site-packages/airflow/example_dags/example_branch_labels.py
[2023-11-08T22:39:02.369+0000] {processor.py:829} INFO - Processing file /home/airflow/.local/lib/python3.8/site-packages/airflow/example_dags/example_branch_labels.py for tasks to queue
[2023-11-08T22:39:02.370+0000] {logging_mixin.py:154} INFO - [2023-11-08T22:39:02.369+0000] {dagbag.py:536} INFO - Filling up the DagBag from /home/airflow/.local/lib/python3.8/site-packages/airflow/example_dags/example_branch_labels.py
[2023-11-08T22:39:02.374+0000] {processor.py:839} INFO - DAG(s) dict_keys(['example_branch_labels']) retrieved from /home/airflow/.local/lib/python3.8/site-packages/airflow/example_dags/example_branch_labels.py
[2023-11-08T22:39:02.386+0000] {logging_mixin.py:154} INFO - [2023-11-08T22:39:02.386+0000] {dag.py:2941} INFO - Sync 1 DAGs
[2023-11-08T22:39:02.401+0000] {logging_mixin.py:154} INFO - [2023-11-08T22:39:02.401+0000] {dag.py:3722} INFO - Setting next_dagrun for example_branch_labels to 2023-11-07T00:00:00+00:00, run_after=2023-11-08T00:00:00+00:00
[2023-11-08T22:39:02.410+0000] {processor.py:179} INFO - Processing /home/airflow/.local/lib/python3.8/site-packages/airflow/example_dags/example_branch_labels.py took 0.044 seconds
[2023-11-08T22:39:33.000+0000] {processor.py:157} INFO - Started process (PID=1390) to work on /home/airflow/.local/lib/python3.8/site-packages/airflow/example_dags/example_branch_labels.py
[2023-11-08T22:39:33.001+0000] {processor.py:829} INFO - Processing file /home/airflow/.local/lib/python3.8/site-packages/airflow/example_dags/example_branch_labels.py for tasks to queue
[2023-11-08T22:39:33.002+0000] {logging_mixin.py:154} INFO - [2023-11-08T22:39:33.001+0000] {dagbag.py:536} INFO - Filling up the DagBag from /home/airflow/.local/lib/python3.8/site-packages/airflow/example_dags/example_branch_labels.py
[2023-11-08T22:39:33.006+0000] {processor.py:839} INFO - DAG(s) dict_keys(['example_branch_labels']) retrieved from /home/airflow/.local/lib/python3.8/site-packages/airflow/example_dags/example_branch_labels.py
[2023-11-08T22:39:33.018+0000] {logging_mixin.py:154} INFO - [2023-11-08T22:39:33.018+0000] {dag.py:2941} INFO - Sync 1 DAGs
[2023-11-08T22:39:33.032+0000] {logging_mixin.py:154} INFO - [2023-11-08T22:39:33.031+0000] {dag.py:3722} INFO - Setting next_dagrun for example_branch_labels to 2023-11-07T00:00:00+00:00, run_after=2023-11-08T00:00:00+00:00
[2023-11-08T22:39:33.041+0000] {processor.py:179} INFO - Processing /home/airflow/.local/lib/python3.8/site-packages/airflow/example_dags/example_branch_labels.py took 0.043 seconds
[2023-11-08T22:40:03.612+0000] {processor.py:157} INFO - Started process (PID=1445) to work on /home/airflow/.local/lib/python3.8/site-packages/airflow/example_dags/example_branch_labels.py
[2023-11-08T22:40:03.613+0000] {processor.py:829} INFO - Processing file /home/airflow/.local/lib/python3.8/site-packages/airflow/example_dags/example_branch_labels.py for tasks to queue
[2023-11-08T22:40:03.614+0000] {logging_mixin.py:154} INFO - [2023-11-08T22:40:03.614+0000] {dagbag.py:536} INFO - Filling up the DagBag from /home/airflow/.local/lib/python3.8/site-packages/airflow/example_dags/example_branch_labels.py
[2023-11-08T22:40:03.619+0000] {processor.py:839} INFO - DAG(s) dict_keys(['example_branch_labels']) retrieved from /home/airflow/.local/lib/python3.8/site-packages/airflow/example_dags/example_branch_labels.py
[2023-11-08T22:40:03.631+0000] {logging_mixin.py:154} INFO - [2023-11-08T22:40:03.631+0000] {dag.py:2941} INFO - Sync 1 DAGs
[2023-11-08T22:40:03.644+0000] {logging_mixin.py:154} INFO - [2023-11-08T22:40:03.644+0000] {dag.py:3722} INFO - Setting next_dagrun for example_branch_labels to 2023-11-07T00:00:00+00:00, run_after=2023-11-08T00:00:00+00:00
[2023-11-08T22:40:03.654+0000] {processor.py:179} INFO - Processing /home/airflow/.local/lib/python3.8/site-packages/airflow/example_dags/example_branch_labels.py took 0.043 seconds
[2023-11-08T22:40:34.143+0000] {processor.py:157} INFO - Started process (PID=1500) to work on /home/airflow/.local/lib/python3.8/site-packages/airflow/example_dags/example_branch_labels.py
[2023-11-08T22:40:34.143+0000] {processor.py:829} INFO - Processing file /home/airflow/.local/lib/python3.8/site-packages/airflow/example_dags/example_branch_labels.py for tasks to queue
[2023-11-08T22:40:34.144+0000] {logging_mixin.py:154} INFO - [2023-11-08T22:40:34.144+0000] {dagbag.py:536} INFO - Filling up the DagBag from /home/airflow/.local/lib/python3.8/site-packages/airflow/example_dags/example_branch_labels.py
[2023-11-08T22:40:34.149+0000] {processor.py:839} INFO - DAG(s) dict_keys(['example_branch_labels']) retrieved from /home/airflow/.local/lib/python3.8/site-packages/airflow/example_dags/example_branch_labels.py
[2023-11-08T22:40:34.161+0000] {logging_mixin.py:154} INFO - [2023-11-08T22:40:34.161+0000] {dag.py:2941} INFO - Sync 1 DAGs
[2023-11-08T22:40:34.176+0000] {logging_mixin.py:154} INFO - [2023-11-08T22:40:34.176+0000] {dag.py:3722} INFO - Setting next_dagrun for example_branch_labels to 2023-11-07T00:00:00+00:00, run_after=2023-11-08T00:00:00+00:00
[2023-11-08T22:40:34.186+0000] {processor.py:179} INFO - Processing /home/airflow/.local/lib/python3.8/site-packages/airflow/example_dags/example_branch_labels.py took 0.046 seconds
[2023-11-08T22:41:04.725+0000] {processor.py:157} INFO - Started process (PID=1555) to work on /home/airflow/.local/lib/python3.8/site-packages/airflow/example_dags/example_branch_labels.py
[2023-11-08T22:41:04.726+0000] {processor.py:829} INFO - Processing file /home/airflow/.local/lib/python3.8/site-packages/airflow/example_dags/example_branch_labels.py for tasks to queue
[2023-11-08T22:41:04.727+0000] {logging_mixin.py:154} INFO - [2023-11-08T22:41:04.727+0000] {dagbag.py:536} INFO - Filling up the DagBag from /home/airflow/.local/lib/python3.8/site-packages/airflow/example_dags/example_branch_labels.py
[2023-11-08T22:41:04.731+0000] {processor.py:839} INFO - DAG(s) dict_keys(['example_branch_labels']) retrieved from /home/airflow/.local/lib/python3.8/site-packages/airflow/example_dags/example_branch_labels.py
[2023-11-08T22:41:04.743+0000] {logging_mixin.py:154} INFO - [2023-11-08T22:41:04.743+0000] {dag.py:2941} INFO - Sync 1 DAGs
[2023-11-08T22:41:04.756+0000] {logging_mixin.py:154} INFO - [2023-11-08T22:41:04.756+0000] {dag.py:3722} INFO - Setting next_dagrun for example_branch_labels to 2023-11-07T00:00:00+00:00, run_after=2023-11-08T00:00:00+00:00
[2023-11-08T22:41:04.766+0000] {processor.py:179} INFO - Processing /home/airflow/.local/lib/python3.8/site-packages/airflow/example_dags/example_branch_labels.py took 0.042 seconds
[2023-11-08T22:41:35.422+0000] {processor.py:157} INFO - Started process (PID=1610) to work on /home/airflow/.local/lib/python3.8/site-packages/airflow/example_dags/example_branch_labels.py
[2023-11-08T22:41:35.423+0000] {processor.py:829} INFO - Processing file /home/airflow/.local/lib/python3.8/site-packages/airflow/example_dags/example_branch_labels.py for tasks to queue
[2023-11-08T22:41:35.424+0000] {logging_mixin.py:154} INFO - [2023-11-08T22:41:35.424+0000] {dagbag.py:536} INFO - Filling up the DagBag from /home/airflow/.local/lib/python3.8/site-packages/airflow/example_dags/example_branch_labels.py
[2023-11-08T22:41:35.429+0000] {processor.py:839} INFO - DAG(s) dict_keys(['example_branch_labels']) retrieved from /home/airflow/.local/lib/python3.8/site-packages/airflow/example_dags/example_branch_labels.py
[2023-11-08T22:41:35.441+0000] {logging_mixin.py:154} INFO - [2023-11-08T22:41:35.441+0000] {dag.py:2941} INFO - Sync 1 DAGs
[2023-11-08T22:41:35.454+0000] {logging_mixin.py:154} INFO - [2023-11-08T22:41:35.454+0000] {dag.py:3722} INFO - Setting next_dagrun for example_branch_labels to 2023-11-07T00:00:00+00:00, run_after=2023-11-08T00:00:00+00:00
[2023-11-08T22:41:35.463+0000] {processor.py:179} INFO - Processing /home/airflow/.local/lib/python3.8/site-packages/airflow/example_dags/example_branch_labels.py took 0.043 seconds
[2023-11-08T22:42:05.951+0000] {processor.py:157} INFO - Started process (PID=1666) to work on /home/airflow/.local/lib/python3.8/site-packages/airflow/example_dags/example_branch_labels.py
[2023-11-08T22:42:05.952+0000] {processor.py:829} INFO - Processing file /home/airflow/.local/lib/python3.8/site-packages/airflow/example_dags/example_branch_labels.py for tasks to queue
[2023-11-08T22:42:05.953+0000] {logging_mixin.py:154} INFO - [2023-11-08T22:42:05.952+0000] {dagbag.py:536} INFO - Filling up the DagBag from /home/airflow/.local/lib/python3.8/site-packages/airflow/example_dags/example_branch_labels.py
[2023-11-08T22:42:05.957+0000] {processor.py:839} INFO - DAG(s) dict_keys(['example_branch_labels']) retrieved from /home/airflow/.local/lib/python3.8/site-packages/airflow/example_dags/example_branch_labels.py
[2023-11-08T22:42:05.969+0000] {logging_mixin.py:154} INFO - [2023-11-08T22:42:05.969+0000] {dag.py:2941} INFO - Sync 1 DAGs
[2023-11-08T22:42:05.984+0000] {logging_mixin.py:154} INFO - [2023-11-08T22:42:05.983+0000] {dag.py:3722} INFO - Setting next_dagrun for example_branch_labels to 2023-11-07T00:00:00+00:00, run_after=2023-11-08T00:00:00+00:00
[2023-11-08T22:42:05.993+0000] {processor.py:179} INFO - Processing /home/airflow/.local/lib/python3.8/site-packages/airflow/example_dags/example_branch_labels.py took 0.044 seconds
[2023-11-08T22:42:36.547+0000] {processor.py:157} INFO - Started process (PID=1721) to work on /home/airflow/.local/lib/python3.8/site-packages/airflow/example_dags/example_branch_labels.py
[2023-11-08T22:42:36.547+0000] {processor.py:829} INFO - Processing file /home/airflow/.local/lib/python3.8/site-packages/airflow/example_dags/example_branch_labels.py for tasks to queue
[2023-11-08T22:42:36.548+0000] {logging_mixin.py:154} INFO - [2023-11-08T22:42:36.548+0000] {dagbag.py:536} INFO - Filling up the DagBag from /home/airflow/.local/lib/python3.8/site-packages/airflow/example_dags/example_branch_labels.py
[2023-11-08T22:42:36.553+0000] {processor.py:839} INFO - DAG(s) dict_keys(['example_branch_labels']) retrieved from /home/airflow/.local/lib/python3.8/site-packages/airflow/example_dags/example_branch_labels.py
[2023-11-08T22:42:36.564+0000] {logging_mixin.py:154} INFO - [2023-11-08T22:42:36.564+0000] {dag.py:2941} INFO - Sync 1 DAGs
[2023-11-08T22:42:36.577+0000] {logging_mixin.py:154} INFO - [2023-11-08T22:42:36.577+0000] {dag.py:3722} INFO - Setting next_dagrun for example_branch_labels to 2023-11-07T00:00:00+00:00, run_after=2023-11-08T00:00:00+00:00
[2023-11-08T22:42:36.588+0000] {processor.py:179} INFO - Processing /home/airflow/.local/lib/python3.8/site-packages/airflow/example_dags/example_branch_labels.py took 0.043 seconds
[2023-11-08T22:43:07.304+0000] {processor.py:157} INFO - Started process (PID=1776) to work on /home/airflow/.local/lib/python3.8/site-packages/airflow/example_dags/example_branch_labels.py
[2023-11-08T22:43:07.305+0000] {processor.py:829} INFO - Processing file /home/airflow/.local/lib/python3.8/site-packages/airflow/example_dags/example_branch_labels.py for tasks to queue
[2023-11-08T22:43:07.306+0000] {logging_mixin.py:154} INFO - [2023-11-08T22:43:07.306+0000] {dagbag.py:536} INFO - Filling up the DagBag from /home/airflow/.local/lib/python3.8/site-packages/airflow/example_dags/example_branch_labels.py
[2023-11-08T22:43:07.311+0000] {processor.py:839} INFO - DAG(s) dict_keys(['example_branch_labels']) retrieved from /home/airflow/.local/lib/python3.8/site-packages/airflow/example_dags/example_branch_labels.py
[2023-11-08T22:43:07.326+0000] {logging_mixin.py:154} INFO - [2023-11-08T22:43:07.326+0000] {dag.py:2941} INFO - Sync 1 DAGs
[2023-11-08T22:43:07.345+0000] {logging_mixin.py:154} INFO - [2023-11-08T22:43:07.344+0000] {dag.py:3722} INFO - Setting next_dagrun for example_branch_labels to 2023-11-07T00:00:00+00:00, run_after=2023-11-08T00:00:00+00:00
[2023-11-08T22:43:07.357+0000] {processor.py:179} INFO - Processing /home/airflow/.local/lib/python3.8/site-packages/airflow/example_dags/example_branch_labels.py took 0.055 seconds
[2023-11-08T22:43:38.958+0000] {processor.py:157} INFO - Started process (PID=75) to work on /home/airflow/.local/lib/python3.8/site-packages/airflow/example_dags/example_branch_labels.py
[2023-11-08T22:43:38.958+0000] {processor.py:829} INFO - Processing file /home/airflow/.local/lib/python3.8/site-packages/airflow/example_dags/example_branch_labels.py for tasks to queue
[2023-11-08T22:43:38.960+0000] {logging_mixin.py:154} INFO - [2023-11-08T22:43:38.960+0000] {dagbag.py:536} INFO - Filling up the DagBag from /home/airflow/.local/lib/python3.8/site-packages/airflow/example_dags/example_branch_labels.py
[2023-11-08T22:43:38.969+0000] {processor.py:839} INFO - DAG(s) dict_keys(['example_branch_labels']) retrieved from /home/airflow/.local/lib/python3.8/site-packages/airflow/example_dags/example_branch_labels.py
[2023-11-08T22:43:38.980+0000] {logging_mixin.py:154} INFO - [2023-11-08T22:43:38.980+0000] {dag.py:2941} INFO - Sync 1 DAGs
[2023-11-08T22:43:38.998+0000] {logging_mixin.py:154} INFO - [2023-11-08T22:43:38.998+0000] {dag.py:3722} INFO - Setting next_dagrun for example_branch_labels to 2023-11-07T00:00:00+00:00, run_after=2023-11-08T00:00:00+00:00
[2023-11-08T22:43:39.015+0000] {processor.py:179} INFO - Processing /home/airflow/.local/lib/python3.8/site-packages/airflow/example_dags/example_branch_labels.py took 0.060 seconds
