[2023-11-08T22:09:16.696+0000] {processor.py:157} INFO - Started process (PID=73) to work on /home/airflow/.local/lib/python3.8/site-packages/airflow/example_dags/example_latest_only_with_trigger.py
[2023-11-08T22:09:16.696+0000] {processor.py:829} INFO - Processing file /home/airflow/.local/lib/python3.8/site-packages/airflow/example_dags/example_latest_only_with_trigger.py for tasks to queue
[2023-11-08T22:09:16.697+0000] {logging_mixin.py:154} INFO - [2023-11-08T22:09:16.697+0000] {dagbag.py:536} INFO - Filling up the DagBag from /home/airflow/.local/lib/python3.8/site-packages/airflow/example_dags/example_latest_only_with_trigger.py
[2023-11-08T22:09:16.701+0000] {processor.py:839} INFO - DAG(s) dict_keys(['latest_only_with_trigger']) retrieved from /home/airflow/.local/lib/python3.8/site-packages/airflow/example_dags/example_latest_only_with_trigger.py
[2023-11-08T22:09:16.711+0000] {logging_mixin.py:154} INFO - [2023-11-08T22:09:16.710+0000] {dag.py:2941} INFO - Sync 1 DAGs
[2023-11-08T22:09:16.732+0000] {logging_mixin.py:154} INFO - [2023-11-08T22:09:16.731+0000] {dag.py:3722} INFO - Setting next_dagrun for latest_only_with_trigger to 2023-11-08T18:09:16.731810+00:00, run_after=2023-11-08T22:09:16.731810+00:00
[2023-11-08T22:09:16.748+0000] {processor.py:179} INFO - Processing /home/airflow/.local/lib/python3.8/site-packages/airflow/example_dags/example_latest_only_with_trigger.py took 0.054 seconds
[2023-11-08T22:09:47.502+0000] {processor.py:157} INFO - Started process (PID=128) to work on /home/airflow/.local/lib/python3.8/site-packages/airflow/example_dags/example_latest_only_with_trigger.py
[2023-11-08T22:09:47.503+0000] {processor.py:829} INFO - Processing file /home/airflow/.local/lib/python3.8/site-packages/airflow/example_dags/example_latest_only_with_trigger.py for tasks to queue
[2023-11-08T22:09:47.504+0000] {logging_mixin.py:154} INFO - [2023-11-08T22:09:47.504+0000] {dagbag.py:536} INFO - Filling up the DagBag from /home/airflow/.local/lib/python3.8/site-packages/airflow/example_dags/example_latest_only_with_trigger.py
[2023-11-08T22:09:47.507+0000] {processor.py:839} INFO - DAG(s) dict_keys(['latest_only_with_trigger']) retrieved from /home/airflow/.local/lib/python3.8/site-packages/airflow/example_dags/example_latest_only_with_trigger.py
[2023-11-08T22:09:47.520+0000] {logging_mixin.py:154} INFO - [2023-11-08T22:09:47.520+0000] {dag.py:2941} INFO - Sync 1 DAGs
[2023-11-08T22:09:47.533+0000] {logging_mixin.py:154} INFO - [2023-11-08T22:09:47.533+0000] {dag.py:3722} INFO - Setting next_dagrun for latest_only_with_trigger to 2023-11-08T18:09:47.533430+00:00, run_after=2023-11-08T22:09:47.533430+00:00
[2023-11-08T22:09:47.544+0000] {processor.py:179} INFO - Processing /home/airflow/.local/lib/python3.8/site-packages/airflow/example_dags/example_latest_only_with_trigger.py took 0.043 seconds
[2023-11-08T22:11:51.276+0000] {processor.py:157} INFO - Started process (PID=73) to work on /home/airflow/.local/lib/python3.8/site-packages/airflow/example_dags/example_latest_only_with_trigger.py
[2023-11-08T22:11:51.277+0000] {processor.py:829} INFO - Processing file /home/airflow/.local/lib/python3.8/site-packages/airflow/example_dags/example_latest_only_with_trigger.py for tasks to queue
[2023-11-08T22:11:51.279+0000] {logging_mixin.py:154} INFO - [2023-11-08T22:11:51.278+0000] {dagbag.py:536} INFO - Filling up the DagBag from /home/airflow/.local/lib/python3.8/site-packages/airflow/example_dags/example_latest_only_with_trigger.py
[2023-11-08T22:11:51.285+0000] {processor.py:839} INFO - DAG(s) dict_keys(['latest_only_with_trigger']) retrieved from /home/airflow/.local/lib/python3.8/site-packages/airflow/example_dags/example_latest_only_with_trigger.py
[2023-11-08T22:11:51.292+0000] {logging_mixin.py:154} INFO - [2023-11-08T22:11:51.292+0000] {dag.py:2941} INFO - Sync 1 DAGs
[2023-11-08T22:11:51.311+0000] {logging_mixin.py:154} INFO - [2023-11-08T22:11:51.311+0000] {dag.py:3722} INFO - Setting next_dagrun for latest_only_with_trigger to 2023-11-08T18:11:51.311350+00:00, run_after=2023-11-08T22:11:51.311350+00:00
[2023-11-08T22:11:51.323+0000] {processor.py:179} INFO - Processing /home/airflow/.local/lib/python3.8/site-packages/airflow/example_dags/example_latest_only_with_trigger.py took 0.050 seconds
[2023-11-08T22:12:22.248+0000] {processor.py:157} INFO - Started process (PID=127) to work on /home/airflow/.local/lib/python3.8/site-packages/airflow/example_dags/example_latest_only_with_trigger.py
[2023-11-08T22:12:22.248+0000] {processor.py:829} INFO - Processing file /home/airflow/.local/lib/python3.8/site-packages/airflow/example_dags/example_latest_only_with_trigger.py for tasks to queue
[2023-11-08T22:12:22.249+0000] {logging_mixin.py:154} INFO - [2023-11-08T22:12:22.249+0000] {dagbag.py:536} INFO - Filling up the DagBag from /home/airflow/.local/lib/python3.8/site-packages/airflow/example_dags/example_latest_only_with_trigger.py
[2023-11-08T22:12:22.252+0000] {processor.py:839} INFO - DAG(s) dict_keys(['latest_only_with_trigger']) retrieved from /home/airflow/.local/lib/python3.8/site-packages/airflow/example_dags/example_latest_only_with_trigger.py
[2023-11-08T22:12:22.265+0000] {logging_mixin.py:154} INFO - [2023-11-08T22:12:22.265+0000] {dag.py:2941} INFO - Sync 1 DAGs
[2023-11-08T22:12:22.279+0000] {logging_mixin.py:154} INFO - [2023-11-08T22:12:22.279+0000] {dag.py:3722} INFO - Setting next_dagrun for latest_only_with_trigger to 2023-11-08T18:12:22.278905+00:00, run_after=2023-11-08T22:12:22.278905+00:00
[2023-11-08T22:12:22.289+0000] {processor.py:179} INFO - Processing /home/airflow/.local/lib/python3.8/site-packages/airflow/example_dags/example_latest_only_with_trigger.py took 0.043 seconds
[2023-11-08T22:12:53.074+0000] {processor.py:157} INFO - Started process (PID=181) to work on /home/airflow/.local/lib/python3.8/site-packages/airflow/example_dags/example_latest_only_with_trigger.py
[2023-11-08T22:12:53.075+0000] {processor.py:829} INFO - Processing file /home/airflow/.local/lib/python3.8/site-packages/airflow/example_dags/example_latest_only_with_trigger.py for tasks to queue
[2023-11-08T22:12:53.076+0000] {logging_mixin.py:154} INFO - [2023-11-08T22:12:53.076+0000] {dagbag.py:536} INFO - Filling up the DagBag from /home/airflow/.local/lib/python3.8/site-packages/airflow/example_dags/example_latest_only_with_trigger.py
[2023-11-08T22:12:53.079+0000] {processor.py:839} INFO - DAG(s) dict_keys(['latest_only_with_trigger']) retrieved from /home/airflow/.local/lib/python3.8/site-packages/airflow/example_dags/example_latest_only_with_trigger.py
[2023-11-08T22:12:53.091+0000] {logging_mixin.py:154} INFO - [2023-11-08T22:12:53.091+0000] {dag.py:2941} INFO - Sync 1 DAGs
[2023-11-08T22:12:53.104+0000] {logging_mixin.py:154} INFO - [2023-11-08T22:12:53.104+0000] {dag.py:3722} INFO - Setting next_dagrun for latest_only_with_trigger to 2023-11-08T18:12:53.104073+00:00, run_after=2023-11-08T22:12:53.104073+00:00
[2023-11-08T22:12:53.115+0000] {processor.py:179} INFO - Processing /home/airflow/.local/lib/python3.8/site-packages/airflow/example_dags/example_latest_only_with_trigger.py took 0.043 seconds
[2023-11-08T22:13:23.641+0000] {processor.py:157} INFO - Started process (PID=235) to work on /home/airflow/.local/lib/python3.8/site-packages/airflow/example_dags/example_latest_only_with_trigger.py
[2023-11-08T22:13:23.642+0000] {processor.py:829} INFO - Processing file /home/airflow/.local/lib/python3.8/site-packages/airflow/example_dags/example_latest_only_with_trigger.py for tasks to queue
[2023-11-08T22:13:23.643+0000] {logging_mixin.py:154} INFO - [2023-11-08T22:13:23.643+0000] {dagbag.py:536} INFO - Filling up the DagBag from /home/airflow/.local/lib/python3.8/site-packages/airflow/example_dags/example_latest_only_with_trigger.py
[2023-11-08T22:13:23.646+0000] {processor.py:839} INFO - DAG(s) dict_keys(['latest_only_with_trigger']) retrieved from /home/airflow/.local/lib/python3.8/site-packages/airflow/example_dags/example_latest_only_with_trigger.py
[2023-11-08T22:13:23.659+0000] {logging_mixin.py:154} INFO - [2023-11-08T22:13:23.659+0000] {dag.py:2941} INFO - Sync 1 DAGs
[2023-11-08T22:13:23.672+0000] {logging_mixin.py:154} INFO - [2023-11-08T22:13:23.672+0000] {dag.py:3722} INFO - Setting next_dagrun for latest_only_with_trigger to 2023-11-08T18:13:23.672217+00:00, run_after=2023-11-08T22:13:23.672217+00:00
[2023-11-08T22:13:23.683+0000] {processor.py:179} INFO - Processing /home/airflow/.local/lib/python3.8/site-packages/airflow/example_dags/example_latest_only_with_trigger.py took 0.044 seconds
[2023-11-08T22:13:54.368+0000] {processor.py:157} INFO - Started process (PID=289) to work on /home/airflow/.local/lib/python3.8/site-packages/airflow/example_dags/example_latest_only_with_trigger.py
[2023-11-08T22:13:54.369+0000] {processor.py:829} INFO - Processing file /home/airflow/.local/lib/python3.8/site-packages/airflow/example_dags/example_latest_only_with_trigger.py for tasks to queue
[2023-11-08T22:13:54.370+0000] {logging_mixin.py:154} INFO - [2023-11-08T22:13:54.370+0000] {dagbag.py:536} INFO - Filling up the DagBag from /home/airflow/.local/lib/python3.8/site-packages/airflow/example_dags/example_latest_only_with_trigger.py
[2023-11-08T22:13:54.373+0000] {processor.py:839} INFO - DAG(s) dict_keys(['latest_only_with_trigger']) retrieved from /home/airflow/.local/lib/python3.8/site-packages/airflow/example_dags/example_latest_only_with_trigger.py
[2023-11-08T22:13:54.385+0000] {logging_mixin.py:154} INFO - [2023-11-08T22:13:54.385+0000] {dag.py:2941} INFO - Sync 1 DAGs
[2023-11-08T22:13:54.399+0000] {logging_mixin.py:154} INFO - [2023-11-08T22:13:54.399+0000] {dag.py:3722} INFO - Setting next_dagrun for latest_only_with_trigger to 2023-11-08T18:13:54.399078+00:00, run_after=2023-11-08T22:13:54.399078+00:00
[2023-11-08T22:13:54.409+0000] {processor.py:179} INFO - Processing /home/airflow/.local/lib/python3.8/site-packages/airflow/example_dags/example_latest_only_with_trigger.py took 0.043 seconds
[2023-11-08T22:14:24.963+0000] {processor.py:157} INFO - Started process (PID=343) to work on /home/airflow/.local/lib/python3.8/site-packages/airflow/example_dags/example_latest_only_with_trigger.py
[2023-11-08T22:14:24.963+0000] {processor.py:829} INFO - Processing file /home/airflow/.local/lib/python3.8/site-packages/airflow/example_dags/example_latest_only_with_trigger.py for tasks to queue
[2023-11-08T22:14:24.964+0000] {logging_mixin.py:154} INFO - [2023-11-08T22:14:24.964+0000] {dagbag.py:536} INFO - Filling up the DagBag from /home/airflow/.local/lib/python3.8/site-packages/airflow/example_dags/example_latest_only_with_trigger.py
[2023-11-08T22:14:24.967+0000] {processor.py:839} INFO - DAG(s) dict_keys(['latest_only_with_trigger']) retrieved from /home/airflow/.local/lib/python3.8/site-packages/airflow/example_dags/example_latest_only_with_trigger.py
[2023-11-08T22:14:24.980+0000] {logging_mixin.py:154} INFO - [2023-11-08T22:14:24.979+0000] {dag.py:2941} INFO - Sync 1 DAGs
[2023-11-08T22:14:24.993+0000] {logging_mixin.py:154} INFO - [2023-11-08T22:14:24.993+0000] {dag.py:3722} INFO - Setting next_dagrun for latest_only_with_trigger to 2023-11-08T18:14:24.993427+00:00, run_after=2023-11-08T22:14:24.993427+00:00
[2023-11-08T22:14:25.005+0000] {processor.py:179} INFO - Processing /home/airflow/.local/lib/python3.8/site-packages/airflow/example_dags/example_latest_only_with_trigger.py took 0.044 seconds
[2023-11-08T22:14:55.575+0000] {processor.py:157} INFO - Started process (PID=397) to work on /home/airflow/.local/lib/python3.8/site-packages/airflow/example_dags/example_latest_only_with_trigger.py
[2023-11-08T22:14:55.576+0000] {processor.py:829} INFO - Processing file /home/airflow/.local/lib/python3.8/site-packages/airflow/example_dags/example_latest_only_with_trigger.py for tasks to queue
[2023-11-08T22:14:55.577+0000] {logging_mixin.py:154} INFO - [2023-11-08T22:14:55.576+0000] {dagbag.py:536} INFO - Filling up the DagBag from /home/airflow/.local/lib/python3.8/site-packages/airflow/example_dags/example_latest_only_with_trigger.py
[2023-11-08T22:14:55.581+0000] {processor.py:839} INFO - DAG(s) dict_keys(['latest_only_with_trigger']) retrieved from /home/airflow/.local/lib/python3.8/site-packages/airflow/example_dags/example_latest_only_with_trigger.py
[2023-11-08T22:14:55.597+0000] {logging_mixin.py:154} INFO - [2023-11-08T22:14:55.597+0000] {dag.py:2941} INFO - Sync 1 DAGs
[2023-11-08T22:14:55.615+0000] {logging_mixin.py:154} INFO - [2023-11-08T22:14:55.615+0000] {dag.py:3722} INFO - Setting next_dagrun for latest_only_with_trigger to 2023-11-08T18:14:55.615435+00:00, run_after=2023-11-08T22:14:55.615435+00:00
[2023-11-08T22:14:55.626+0000] {processor.py:179} INFO - Processing /home/airflow/.local/lib/python3.8/site-packages/airflow/example_dags/example_latest_only_with_trigger.py took 0.053 seconds
[2023-11-08T22:15:26.325+0000] {processor.py:157} INFO - Started process (PID=452) to work on /home/airflow/.local/lib/python3.8/site-packages/airflow/example_dags/example_latest_only_with_trigger.py
[2023-11-08T22:15:26.326+0000] {processor.py:829} INFO - Processing file /home/airflow/.local/lib/python3.8/site-packages/airflow/example_dags/example_latest_only_with_trigger.py for tasks to queue
[2023-11-08T22:15:26.327+0000] {logging_mixin.py:154} INFO - [2023-11-08T22:15:26.327+0000] {dagbag.py:536} INFO - Filling up the DagBag from /home/airflow/.local/lib/python3.8/site-packages/airflow/example_dags/example_latest_only_with_trigger.py
[2023-11-08T22:15:26.330+0000] {processor.py:839} INFO - DAG(s) dict_keys(['latest_only_with_trigger']) retrieved from /home/airflow/.local/lib/python3.8/site-packages/airflow/example_dags/example_latest_only_with_trigger.py
[2023-11-08T22:15:26.344+0000] {logging_mixin.py:154} INFO - [2023-11-08T22:15:26.344+0000] {dag.py:2941} INFO - Sync 1 DAGs
[2023-11-08T22:15:26.359+0000] {logging_mixin.py:154} INFO - [2023-11-08T22:15:26.359+0000] {dag.py:3722} INFO - Setting next_dagrun for latest_only_with_trigger to 2023-11-08T18:15:26.359293+00:00, run_after=2023-11-08T22:15:26.359293+00:00
[2023-11-08T22:15:26.370+0000] {processor.py:179} INFO - Processing /home/airflow/.local/lib/python3.8/site-packages/airflow/example_dags/example_latest_only_with_trigger.py took 0.047 seconds
[2023-11-08T22:15:56.924+0000] {processor.py:157} INFO - Started process (PID=506) to work on /home/airflow/.local/lib/python3.8/site-packages/airflow/example_dags/example_latest_only_with_trigger.py
[2023-11-08T22:15:56.924+0000] {processor.py:829} INFO - Processing file /home/airflow/.local/lib/python3.8/site-packages/airflow/example_dags/example_latest_only_with_trigger.py for tasks to queue
[2023-11-08T22:15:56.925+0000] {logging_mixin.py:154} INFO - [2023-11-08T22:15:56.925+0000] {dagbag.py:536} INFO - Filling up the DagBag from /home/airflow/.local/lib/python3.8/site-packages/airflow/example_dags/example_latest_only_with_trigger.py
[2023-11-08T22:15:56.928+0000] {processor.py:839} INFO - DAG(s) dict_keys(['latest_only_with_trigger']) retrieved from /home/airflow/.local/lib/python3.8/site-packages/airflow/example_dags/example_latest_only_with_trigger.py
[2023-11-08T22:15:56.940+0000] {logging_mixin.py:154} INFO - [2023-11-08T22:15:56.940+0000] {dag.py:2941} INFO - Sync 1 DAGs
[2023-11-08T22:15:56.953+0000] {logging_mixin.py:154} INFO - [2023-11-08T22:15:56.953+0000] {dag.py:3722} INFO - Setting next_dagrun for latest_only_with_trigger to 2023-11-08T18:15:56.953598+00:00, run_after=2023-11-08T22:15:56.953598+00:00
[2023-11-08T22:15:56.965+0000] {processor.py:179} INFO - Processing /home/airflow/.local/lib/python3.8/site-packages/airflow/example_dags/example_latest_only_with_trigger.py took 0.043 seconds
[2023-11-08T22:16:27.535+0000] {processor.py:157} INFO - Started process (PID=559) to work on /home/airflow/.local/lib/python3.8/site-packages/airflow/example_dags/example_latest_only_with_trigger.py
[2023-11-08T22:16:27.535+0000] {processor.py:829} INFO - Processing file /home/airflow/.local/lib/python3.8/site-packages/airflow/example_dags/example_latest_only_with_trigger.py for tasks to queue
[2023-11-08T22:16:27.536+0000] {logging_mixin.py:154} INFO - [2023-11-08T22:16:27.536+0000] {dagbag.py:536} INFO - Filling up the DagBag from /home/airflow/.local/lib/python3.8/site-packages/airflow/example_dags/example_latest_only_with_trigger.py
[2023-11-08T22:16:27.539+0000] {processor.py:839} INFO - DAG(s) dict_keys(['latest_only_with_trigger']) retrieved from /home/airflow/.local/lib/python3.8/site-packages/airflow/example_dags/example_latest_only_with_trigger.py
[2023-11-08T22:16:27.552+0000] {logging_mixin.py:154} INFO - [2023-11-08T22:16:27.552+0000] {dag.py:2941} INFO - Sync 1 DAGs
[2023-11-08T22:16:27.565+0000] {logging_mixin.py:154} INFO - [2023-11-08T22:16:27.565+0000] {dag.py:3722} INFO - Setting next_dagrun for latest_only_with_trigger to 2023-11-08T18:16:27.565589+00:00, run_after=2023-11-08T22:16:27.565589+00:00
[2023-11-08T22:16:27.577+0000] {processor.py:179} INFO - Processing /home/airflow/.local/lib/python3.8/site-packages/airflow/example_dags/example_latest_only_with_trigger.py took 0.044 seconds
[2023-11-08T22:16:58.202+0000] {processor.py:157} INFO - Started process (PID=613) to work on /home/airflow/.local/lib/python3.8/site-packages/airflow/example_dags/example_latest_only_with_trigger.py
[2023-11-08T22:16:58.203+0000] {processor.py:829} INFO - Processing file /home/airflow/.local/lib/python3.8/site-packages/airflow/example_dags/example_latest_only_with_trigger.py for tasks to queue
[2023-11-08T22:16:58.204+0000] {logging_mixin.py:154} INFO - [2023-11-08T22:16:58.204+0000] {dagbag.py:536} INFO - Filling up the DagBag from /home/airflow/.local/lib/python3.8/site-packages/airflow/example_dags/example_latest_only_with_trigger.py
[2023-11-08T22:16:58.207+0000] {processor.py:839} INFO - DAG(s) dict_keys(['latest_only_with_trigger']) retrieved from /home/airflow/.local/lib/python3.8/site-packages/airflow/example_dags/example_latest_only_with_trigger.py
[2023-11-08T22:16:58.220+0000] {logging_mixin.py:154} INFO - [2023-11-08T22:16:58.220+0000] {dag.py:2941} INFO - Sync 1 DAGs
[2023-11-08T22:16:58.234+0000] {logging_mixin.py:154} INFO - [2023-11-08T22:16:58.233+0000] {dag.py:3722} INFO - Setting next_dagrun for latest_only_with_trigger to 2023-11-08T18:16:58.233720+00:00, run_after=2023-11-08T22:16:58.233720+00:00
[2023-11-08T22:16:58.244+0000] {processor.py:179} INFO - Processing /home/airflow/.local/lib/python3.8/site-packages/airflow/example_dags/example_latest_only_with_trigger.py took 0.043 seconds
[2023-11-08T22:17:28.937+0000] {processor.py:157} INFO - Started process (PID=668) to work on /home/airflow/.local/lib/python3.8/site-packages/airflow/example_dags/example_latest_only_with_trigger.py
[2023-11-08T22:17:28.938+0000] {processor.py:829} INFO - Processing file /home/airflow/.local/lib/python3.8/site-packages/airflow/example_dags/example_latest_only_with_trigger.py for tasks to queue
[2023-11-08T22:17:28.939+0000] {logging_mixin.py:154} INFO - [2023-11-08T22:17:28.939+0000] {dagbag.py:536} INFO - Filling up the DagBag from /home/airflow/.local/lib/python3.8/site-packages/airflow/example_dags/example_latest_only_with_trigger.py
[2023-11-08T22:17:28.942+0000] {processor.py:839} INFO - DAG(s) dict_keys(['latest_only_with_trigger']) retrieved from /home/airflow/.local/lib/python3.8/site-packages/airflow/example_dags/example_latest_only_with_trigger.py
[2023-11-08T22:17:28.955+0000] {logging_mixin.py:154} INFO - [2023-11-08T22:17:28.955+0000] {dag.py:2941} INFO - Sync 1 DAGs
[2023-11-08T22:17:28.969+0000] {logging_mixin.py:154} INFO - [2023-11-08T22:17:28.969+0000] {dag.py:3722} INFO - Setting next_dagrun for latest_only_with_trigger to 2023-11-08T18:17:28.969129+00:00, run_after=2023-11-08T22:17:28.969129+00:00
[2023-11-08T22:17:28.981+0000] {processor.py:179} INFO - Processing /home/airflow/.local/lib/python3.8/site-packages/airflow/example_dags/example_latest_only_with_trigger.py took 0.046 seconds
[2023-11-08T22:17:59.584+0000] {processor.py:157} INFO - Started process (PID=722) to work on /home/airflow/.local/lib/python3.8/site-packages/airflow/example_dags/example_latest_only_with_trigger.py
[2023-11-08T22:17:59.585+0000] {processor.py:829} INFO - Processing file /home/airflow/.local/lib/python3.8/site-packages/airflow/example_dags/example_latest_only_with_trigger.py for tasks to queue
[2023-11-08T22:17:59.586+0000] {logging_mixin.py:154} INFO - [2023-11-08T22:17:59.586+0000] {dagbag.py:536} INFO - Filling up the DagBag from /home/airflow/.local/lib/python3.8/site-packages/airflow/example_dags/example_latest_only_with_trigger.py
[2023-11-08T22:17:59.589+0000] {processor.py:839} INFO - DAG(s) dict_keys(['latest_only_with_trigger']) retrieved from /home/airflow/.local/lib/python3.8/site-packages/airflow/example_dags/example_latest_only_with_trigger.py
[2023-11-08T22:17:59.602+0000] {logging_mixin.py:154} INFO - [2023-11-08T22:17:59.602+0000] {dag.py:2941} INFO - Sync 1 DAGs
[2023-11-08T22:17:59.615+0000] {logging_mixin.py:154} INFO - [2023-11-08T22:17:59.615+0000] {dag.py:3722} INFO - Setting next_dagrun for latest_only_with_trigger to 2023-11-08T18:17:59.615059+00:00, run_after=2023-11-08T22:17:59.615059+00:00
[2023-11-08T22:17:59.625+0000] {processor.py:179} INFO - Processing /home/airflow/.local/lib/python3.8/site-packages/airflow/example_dags/example_latest_only_with_trigger.py took 0.043 seconds
[2023-11-08T22:18:30.412+0000] {processor.py:157} INFO - Started process (PID=777) to work on /home/airflow/.local/lib/python3.8/site-packages/airflow/example_dags/example_latest_only_with_trigger.py
[2023-11-08T22:18:30.413+0000] {processor.py:829} INFO - Processing file /home/airflow/.local/lib/python3.8/site-packages/airflow/example_dags/example_latest_only_with_trigger.py for tasks to queue
[2023-11-08T22:18:30.414+0000] {logging_mixin.py:154} INFO - [2023-11-08T22:18:30.414+0000] {dagbag.py:536} INFO - Filling up the DagBag from /home/airflow/.local/lib/python3.8/site-packages/airflow/example_dags/example_latest_only_with_trigger.py
[2023-11-08T22:18:30.417+0000] {processor.py:839} INFO - DAG(s) dict_keys(['latest_only_with_trigger']) retrieved from /home/airflow/.local/lib/python3.8/site-packages/airflow/example_dags/example_latest_only_with_trigger.py
[2023-11-08T22:18:30.434+0000] {logging_mixin.py:154} INFO - [2023-11-08T22:18:30.434+0000] {dag.py:2941} INFO - Sync 1 DAGs
[2023-11-08T22:18:30.450+0000] {logging_mixin.py:154} INFO - [2023-11-08T22:18:30.450+0000] {dag.py:3722} INFO - Setting next_dagrun for latest_only_with_trigger to 2023-11-08T18:18:30.450295+00:00, run_after=2023-11-08T22:18:30.450295+00:00
[2023-11-08T22:18:30.461+0000] {processor.py:179} INFO - Processing /home/airflow/.local/lib/python3.8/site-packages/airflow/example_dags/example_latest_only_with_trigger.py took 0.051 seconds
[2023-11-08T22:19:00.514+0000] {processor.py:157} INFO - Started process (PID=830) to work on /home/airflow/.local/lib/python3.8/site-packages/airflow/example_dags/example_latest_only_with_trigger.py
[2023-11-08T22:19:00.515+0000] {processor.py:829} INFO - Processing file /home/airflow/.local/lib/python3.8/site-packages/airflow/example_dags/example_latest_only_with_trigger.py for tasks to queue
[2023-11-08T22:19:00.516+0000] {logging_mixin.py:154} INFO - [2023-11-08T22:19:00.516+0000] {dagbag.py:536} INFO - Filling up the DagBag from /home/airflow/.local/lib/python3.8/site-packages/airflow/example_dags/example_latest_only_with_trigger.py
[2023-11-08T22:19:00.519+0000] {processor.py:839} INFO - DAG(s) dict_keys(['latest_only_with_trigger']) retrieved from /home/airflow/.local/lib/python3.8/site-packages/airflow/example_dags/example_latest_only_with_trigger.py
[2023-11-08T22:19:00.531+0000] {logging_mixin.py:154} INFO - [2023-11-08T22:19:00.531+0000] {dag.py:2941} INFO - Sync 1 DAGs
[2023-11-08T22:19:00.544+0000] {logging_mixin.py:154} INFO - [2023-11-08T22:19:00.544+0000] {dag.py:3722} INFO - Setting next_dagrun for latest_only_with_trigger to 2023-11-08T18:19:00.544221+00:00, run_after=2023-11-08T22:19:00.544221+00:00
[2023-11-08T22:19:00.554+0000] {processor.py:179} INFO - Processing /home/airflow/.local/lib/python3.8/site-packages/airflow/example_dags/example_latest_only_with_trigger.py took 0.042 seconds
[2023-11-08T22:19:30.589+0000] {processor.py:157} INFO - Started process (PID=884) to work on /home/airflow/.local/lib/python3.8/site-packages/airflow/example_dags/example_latest_only_with_trigger.py
[2023-11-08T22:19:30.589+0000] {processor.py:829} INFO - Processing file /home/airflow/.local/lib/python3.8/site-packages/airflow/example_dags/example_latest_only_with_trigger.py for tasks to queue
[2023-11-08T22:19:30.590+0000] {logging_mixin.py:154} INFO - [2023-11-08T22:19:30.590+0000] {dagbag.py:536} INFO - Filling up the DagBag from /home/airflow/.local/lib/python3.8/site-packages/airflow/example_dags/example_latest_only_with_trigger.py
[2023-11-08T22:19:30.594+0000] {processor.py:839} INFO - DAG(s) dict_keys(['latest_only_with_trigger']) retrieved from /home/airflow/.local/lib/python3.8/site-packages/airflow/example_dags/example_latest_only_with_trigger.py
[2023-11-08T22:19:30.607+0000] {logging_mixin.py:154} INFO - [2023-11-08T22:19:30.607+0000] {dag.py:2941} INFO - Sync 1 DAGs
[2023-11-08T22:19:30.619+0000] {logging_mixin.py:154} INFO - [2023-11-08T22:19:30.619+0000] {dag.py:3722} INFO - Setting next_dagrun for latest_only_with_trigger to 2023-11-08T18:19:30.618956+00:00, run_after=2023-11-08T22:19:30.618956+00:00
[2023-11-08T22:19:30.628+0000] {processor.py:179} INFO - Processing /home/airflow/.local/lib/python3.8/site-packages/airflow/example_dags/example_latest_only_with_trigger.py took 0.041 seconds
[2023-11-08T22:20:00.787+0000] {processor.py:157} INFO - Started process (PID=938) to work on /home/airflow/.local/lib/python3.8/site-packages/airflow/example_dags/example_latest_only_with_trigger.py
[2023-11-08T22:20:00.787+0000] {processor.py:829} INFO - Processing file /home/airflow/.local/lib/python3.8/site-packages/airflow/example_dags/example_latest_only_with_trigger.py for tasks to queue
[2023-11-08T22:20:00.789+0000] {logging_mixin.py:154} INFO - [2023-11-08T22:20:00.788+0000] {dagbag.py:536} INFO - Filling up the DagBag from /home/airflow/.local/lib/python3.8/site-packages/airflow/example_dags/example_latest_only_with_trigger.py
[2023-11-08T22:20:00.792+0000] {processor.py:839} INFO - DAG(s) dict_keys(['latest_only_with_trigger']) retrieved from /home/airflow/.local/lib/python3.8/site-packages/airflow/example_dags/example_latest_only_with_trigger.py
[2023-11-08T22:20:00.807+0000] {logging_mixin.py:154} INFO - [2023-11-08T22:20:00.807+0000] {dag.py:2941} INFO - Sync 1 DAGs
[2023-11-08T22:20:00.824+0000] {logging_mixin.py:154} INFO - [2023-11-08T22:20:00.824+0000] {dag.py:3722} INFO - Setting next_dagrun for latest_only_with_trigger to 2023-11-08T18:20:00.823802+00:00, run_after=2023-11-08T22:20:00.823802+00:00
[2023-11-08T22:20:00.836+0000] {processor.py:179} INFO - Processing /home/airflow/.local/lib/python3.8/site-packages/airflow/example_dags/example_latest_only_with_trigger.py took 0.051 seconds
[2023-11-08T22:20:31.680+0000] {processor.py:157} INFO - Started process (PID=992) to work on /home/airflow/.local/lib/python3.8/site-packages/airflow/example_dags/example_latest_only_with_trigger.py
[2023-11-08T22:20:31.680+0000] {processor.py:829} INFO - Processing file /home/airflow/.local/lib/python3.8/site-packages/airflow/example_dags/example_latest_only_with_trigger.py for tasks to queue
[2023-11-08T22:20:31.681+0000] {logging_mixin.py:154} INFO - [2023-11-08T22:20:31.681+0000] {dagbag.py:536} INFO - Filling up the DagBag from /home/airflow/.local/lib/python3.8/site-packages/airflow/example_dags/example_latest_only_with_trigger.py
[2023-11-08T22:20:31.684+0000] {processor.py:839} INFO - DAG(s) dict_keys(['latest_only_with_trigger']) retrieved from /home/airflow/.local/lib/python3.8/site-packages/airflow/example_dags/example_latest_only_with_trigger.py
[2023-11-08T22:20:31.698+0000] {logging_mixin.py:154} INFO - [2023-11-08T22:20:31.697+0000] {dag.py:2941} INFO - Sync 1 DAGs
[2023-11-08T22:20:31.711+0000] {logging_mixin.py:154} INFO - [2023-11-08T22:20:31.711+0000] {dag.py:3722} INFO - Setting next_dagrun for latest_only_with_trigger to 2023-11-08T18:20:31.710919+00:00, run_after=2023-11-08T22:20:31.710919+00:00
[2023-11-08T22:20:31.814+0000] {processor.py:179} INFO - Processing /home/airflow/.local/lib/python3.8/site-packages/airflow/example_dags/example_latest_only_with_trigger.py took 0.136 seconds
[2023-11-08T22:21:01.950+0000] {processor.py:157} INFO - Started process (PID=1046) to work on /home/airflow/.local/lib/python3.8/site-packages/airflow/example_dags/example_latest_only_with_trigger.py
[2023-11-08T22:21:01.951+0000] {processor.py:829} INFO - Processing file /home/airflow/.local/lib/python3.8/site-packages/airflow/example_dags/example_latest_only_with_trigger.py for tasks to queue
[2023-11-08T22:21:01.952+0000] {logging_mixin.py:154} INFO - [2023-11-08T22:21:01.952+0000] {dagbag.py:536} INFO - Filling up the DagBag from /home/airflow/.local/lib/python3.8/site-packages/airflow/example_dags/example_latest_only_with_trigger.py
[2023-11-08T22:21:01.955+0000] {processor.py:839} INFO - DAG(s) dict_keys(['latest_only_with_trigger']) retrieved from /home/airflow/.local/lib/python3.8/site-packages/airflow/example_dags/example_latest_only_with_trigger.py
[2023-11-08T22:21:01.968+0000] {logging_mixin.py:154} INFO - [2023-11-08T22:21:01.968+0000] {dag.py:2941} INFO - Sync 1 DAGs
[2023-11-08T22:21:01.983+0000] {logging_mixin.py:154} INFO - [2023-11-08T22:21:01.983+0000] {dag.py:3722} INFO - Setting next_dagrun for latest_only_with_trigger to 2023-11-08T18:21:01.983294+00:00, run_after=2023-11-08T22:21:01.983294+00:00
[2023-11-08T22:21:01.996+0000] {processor.py:179} INFO - Processing /home/airflow/.local/lib/python3.8/site-packages/airflow/example_dags/example_latest_only_with_trigger.py took 0.048 seconds
[2023-11-08T22:21:32.871+0000] {processor.py:157} INFO - Started process (PID=1099) to work on /home/airflow/.local/lib/python3.8/site-packages/airflow/example_dags/example_latest_only_with_trigger.py
[2023-11-08T22:21:32.871+0000] {processor.py:829} INFO - Processing file /home/airflow/.local/lib/python3.8/site-packages/airflow/example_dags/example_latest_only_with_trigger.py for tasks to queue
[2023-11-08T22:21:32.872+0000] {logging_mixin.py:154} INFO - [2023-11-08T22:21:32.872+0000] {dagbag.py:536} INFO - Filling up the DagBag from /home/airflow/.local/lib/python3.8/site-packages/airflow/example_dags/example_latest_only_with_trigger.py
[2023-11-08T22:21:32.876+0000] {processor.py:839} INFO - DAG(s) dict_keys(['latest_only_with_trigger']) retrieved from /home/airflow/.local/lib/python3.8/site-packages/airflow/example_dags/example_latest_only_with_trigger.py
[2023-11-08T22:21:32.888+0000] {logging_mixin.py:154} INFO - [2023-11-08T22:21:32.888+0000] {dag.py:2941} INFO - Sync 1 DAGs
[2023-11-08T22:21:32.901+0000] {logging_mixin.py:154} INFO - [2023-11-08T22:21:32.901+0000] {dag.py:3722} INFO - Setting next_dagrun for latest_only_with_trigger to 2023-11-08T18:21:32.901181+00:00, run_after=2023-11-08T22:21:32.901181+00:00
[2023-11-08T22:21:32.911+0000] {processor.py:179} INFO - Processing /home/airflow/.local/lib/python3.8/site-packages/airflow/example_dags/example_latest_only_with_trigger.py took 0.042 seconds
[2023-11-08T22:22:04.022+0000] {processor.py:157} INFO - Started process (PID=1153) to work on /home/airflow/.local/lib/python3.8/site-packages/airflow/example_dags/example_latest_only_with_trigger.py
[2023-11-08T22:22:04.022+0000] {processor.py:829} INFO - Processing file /home/airflow/.local/lib/python3.8/site-packages/airflow/example_dags/example_latest_only_with_trigger.py for tasks to queue
[2023-11-08T22:22:04.023+0000] {logging_mixin.py:154} INFO - [2023-11-08T22:22:04.023+0000] {dagbag.py:536} INFO - Filling up the DagBag from /home/airflow/.local/lib/python3.8/site-packages/airflow/example_dags/example_latest_only_with_trigger.py
[2023-11-08T22:22:04.026+0000] {processor.py:839} INFO - DAG(s) dict_keys(['latest_only_with_trigger']) retrieved from /home/airflow/.local/lib/python3.8/site-packages/airflow/example_dags/example_latest_only_with_trigger.py
[2023-11-08T22:22:04.038+0000] {logging_mixin.py:154} INFO - [2023-11-08T22:22:04.038+0000] {dag.py:2941} INFO - Sync 1 DAGs
[2023-11-08T22:22:04.136+0000] {logging_mixin.py:154} INFO - [2023-11-08T22:22:04.136+0000] {dag.py:3722} INFO - Setting next_dagrun for latest_only_with_trigger to 2023-11-08T18:22:04.136764+00:00, run_after=2023-11-08T22:22:04.136764+00:00
[2023-11-08T22:22:04.154+0000] {processor.py:179} INFO - Processing /home/airflow/.local/lib/python3.8/site-packages/airflow/example_dags/example_latest_only_with_trigger.py took 0.134 seconds
[2023-11-08T22:22:35.004+0000] {processor.py:157} INFO - Started process (PID=1206) to work on /home/airflow/.local/lib/python3.8/site-packages/airflow/example_dags/example_latest_only_with_trigger.py
[2023-11-08T22:22:35.004+0000] {processor.py:829} INFO - Processing file /home/airflow/.local/lib/python3.8/site-packages/airflow/example_dags/example_latest_only_with_trigger.py for tasks to queue
[2023-11-08T22:22:35.006+0000] {logging_mixin.py:154} INFO - [2023-11-08T22:22:35.006+0000] {dagbag.py:536} INFO - Filling up the DagBag from /home/airflow/.local/lib/python3.8/site-packages/airflow/example_dags/example_latest_only_with_trigger.py
[2023-11-08T22:22:35.010+0000] {processor.py:839} INFO - DAG(s) dict_keys(['latest_only_with_trigger']) retrieved from /home/airflow/.local/lib/python3.8/site-packages/airflow/example_dags/example_latest_only_with_trigger.py
[2023-11-08T22:22:35.022+0000] {logging_mixin.py:154} INFO - [2023-11-08T22:22:35.022+0000] {dag.py:2941} INFO - Sync 1 DAGs
[2023-11-08T22:22:35.038+0000] {logging_mixin.py:154} INFO - [2023-11-08T22:22:35.038+0000] {dag.py:3722} INFO - Setting next_dagrun for latest_only_with_trigger to 2023-11-08T18:22:35.038341+00:00, run_after=2023-11-08T22:22:35.038341+00:00
[2023-11-08T22:22:35.051+0000] {processor.py:179} INFO - Processing /home/airflow/.local/lib/python3.8/site-packages/airflow/example_dags/example_latest_only_with_trigger.py took 0.049 seconds
[2023-11-08T22:23:05.711+0000] {processor.py:157} INFO - Started process (PID=1259) to work on /home/airflow/.local/lib/python3.8/site-packages/airflow/example_dags/example_latest_only_with_trigger.py
[2023-11-08T22:23:05.711+0000] {processor.py:829} INFO - Processing file /home/airflow/.local/lib/python3.8/site-packages/airflow/example_dags/example_latest_only_with_trigger.py for tasks to queue
[2023-11-08T22:23:05.713+0000] {logging_mixin.py:154} INFO - [2023-11-08T22:23:05.713+0000] {dagbag.py:536} INFO - Filling up the DagBag from /home/airflow/.local/lib/python3.8/site-packages/airflow/example_dags/example_latest_only_with_trigger.py
[2023-11-08T22:23:05.716+0000] {processor.py:839} INFO - DAG(s) dict_keys(['latest_only_with_trigger']) retrieved from /home/airflow/.local/lib/python3.8/site-packages/airflow/example_dags/example_latest_only_with_trigger.py
[2023-11-08T22:23:05.730+0000] {logging_mixin.py:154} INFO - [2023-11-08T22:23:05.730+0000] {dag.py:2941} INFO - Sync 1 DAGs
[2023-11-08T22:23:05.743+0000] {logging_mixin.py:154} INFO - [2023-11-08T22:23:05.743+0000] {dag.py:3722} INFO - Setting next_dagrun for latest_only_with_trigger to 2023-11-08T18:23:05.743377+00:00, run_after=2023-11-08T22:23:05.743377+00:00
[2023-11-08T22:23:05.753+0000] {processor.py:179} INFO - Processing /home/airflow/.local/lib/python3.8/site-packages/airflow/example_dags/example_latest_only_with_trigger.py took 0.044 seconds
[2023-11-08T22:23:36.039+0000] {processor.py:157} INFO - Started process (PID=1313) to work on /home/airflow/.local/lib/python3.8/site-packages/airflow/example_dags/example_latest_only_with_trigger.py
[2023-11-08T22:23:36.040+0000] {processor.py:829} INFO - Processing file /home/airflow/.local/lib/python3.8/site-packages/airflow/example_dags/example_latest_only_with_trigger.py for tasks to queue
[2023-11-08T22:23:36.041+0000] {logging_mixin.py:154} INFO - [2023-11-08T22:23:36.041+0000] {dagbag.py:536} INFO - Filling up the DagBag from /home/airflow/.local/lib/python3.8/site-packages/airflow/example_dags/example_latest_only_with_trigger.py
[2023-11-08T22:23:36.044+0000] {processor.py:839} INFO - DAG(s) dict_keys(['latest_only_with_trigger']) retrieved from /home/airflow/.local/lib/python3.8/site-packages/airflow/example_dags/example_latest_only_with_trigger.py
[2023-11-08T22:23:36.056+0000] {logging_mixin.py:154} INFO - [2023-11-08T22:23:36.056+0000] {dag.py:2941} INFO - Sync 1 DAGs
[2023-11-08T22:23:36.154+0000] {logging_mixin.py:154} INFO - [2023-11-08T22:23:36.154+0000] {dag.py:3722} INFO - Setting next_dagrun for latest_only_with_trigger to 2023-11-08T18:23:36.154686+00:00, run_after=2023-11-08T22:23:36.154686+00:00
[2023-11-08T22:23:36.171+0000] {processor.py:179} INFO - Processing /home/airflow/.local/lib/python3.8/site-packages/airflow/example_dags/example_latest_only_with_trigger.py took 0.134 seconds
[2023-11-08T22:24:06.968+0000] {processor.py:157} INFO - Started process (PID=1367) to work on /home/airflow/.local/lib/python3.8/site-packages/airflow/example_dags/example_latest_only_with_trigger.py
[2023-11-08T22:24:06.968+0000] {processor.py:829} INFO - Processing file /home/airflow/.local/lib/python3.8/site-packages/airflow/example_dags/example_latest_only_with_trigger.py for tasks to queue
[2023-11-08T22:24:06.969+0000] {logging_mixin.py:154} INFO - [2023-11-08T22:24:06.969+0000] {dagbag.py:536} INFO - Filling up the DagBag from /home/airflow/.local/lib/python3.8/site-packages/airflow/example_dags/example_latest_only_with_trigger.py
[2023-11-08T22:24:06.972+0000] {processor.py:839} INFO - DAG(s) dict_keys(['latest_only_with_trigger']) retrieved from /home/airflow/.local/lib/python3.8/site-packages/airflow/example_dags/example_latest_only_with_trigger.py
[2023-11-08T22:24:06.984+0000] {logging_mixin.py:154} INFO - [2023-11-08T22:24:06.984+0000] {dag.py:2941} INFO - Sync 1 DAGs
[2023-11-08T22:24:06.997+0000] {logging_mixin.py:154} INFO - [2023-11-08T22:24:06.997+0000] {dag.py:3722} INFO - Setting next_dagrun for latest_only_with_trigger to 2023-11-08T18:24:06.997359+00:00, run_after=2023-11-08T22:24:06.997359+00:00
[2023-11-08T22:24:07.008+0000] {processor.py:179} INFO - Processing /home/airflow/.local/lib/python3.8/site-packages/airflow/example_dags/example_latest_only_with_trigger.py took 0.042 seconds
[2023-11-08T22:24:37.716+0000] {processor.py:157} INFO - Started process (PID=1421) to work on /home/airflow/.local/lib/python3.8/site-packages/airflow/example_dags/example_latest_only_with_trigger.py
[2023-11-08T22:24:37.717+0000] {processor.py:829} INFO - Processing file /home/airflow/.local/lib/python3.8/site-packages/airflow/example_dags/example_latest_only_with_trigger.py for tasks to queue
[2023-11-08T22:24:37.718+0000] {logging_mixin.py:154} INFO - [2023-11-08T22:24:37.718+0000] {dagbag.py:536} INFO - Filling up the DagBag from /home/airflow/.local/lib/python3.8/site-packages/airflow/example_dags/example_latest_only_with_trigger.py
[2023-11-08T22:24:37.721+0000] {processor.py:839} INFO - DAG(s) dict_keys(['latest_only_with_trigger']) retrieved from /home/airflow/.local/lib/python3.8/site-packages/airflow/example_dags/example_latest_only_with_trigger.py
[2023-11-08T22:24:37.827+0000] {logging_mixin.py:154} INFO - [2023-11-08T22:24:37.827+0000] {dag.py:2941} INFO - Sync 1 DAGs
[2023-11-08T22:24:37.839+0000] {logging_mixin.py:154} INFO - [2023-11-08T22:24:37.839+0000] {dag.py:3722} INFO - Setting next_dagrun for latest_only_with_trigger to 2023-11-08T18:24:37.839556+00:00, run_after=2023-11-08T22:24:37.839556+00:00
[2023-11-08T22:24:37.848+0000] {processor.py:179} INFO - Processing /home/airflow/.local/lib/python3.8/site-packages/airflow/example_dags/example_latest_only_with_trigger.py took 0.134 seconds
[2023-11-08T22:25:08.249+0000] {processor.py:157} INFO - Started process (PID=1475) to work on /home/airflow/.local/lib/python3.8/site-packages/airflow/example_dags/example_latest_only_with_trigger.py
[2023-11-08T22:25:08.249+0000] {processor.py:829} INFO - Processing file /home/airflow/.local/lib/python3.8/site-packages/airflow/example_dags/example_latest_only_with_trigger.py for tasks to queue
[2023-11-08T22:25:08.250+0000] {logging_mixin.py:154} INFO - [2023-11-08T22:25:08.250+0000] {dagbag.py:536} INFO - Filling up the DagBag from /home/airflow/.local/lib/python3.8/site-packages/airflow/example_dags/example_latest_only_with_trigger.py
[2023-11-08T22:25:08.253+0000] {processor.py:839} INFO - DAG(s) dict_keys(['latest_only_with_trigger']) retrieved from /home/airflow/.local/lib/python3.8/site-packages/airflow/example_dags/example_latest_only_with_trigger.py
[2023-11-08T22:25:08.266+0000] {logging_mixin.py:154} INFO - [2023-11-08T22:25:08.266+0000] {dag.py:2941} INFO - Sync 1 DAGs
[2023-11-08T22:25:08.373+0000] {logging_mixin.py:154} INFO - [2023-11-08T22:25:08.373+0000] {dag.py:3722} INFO - Setting next_dagrun for latest_only_with_trigger to 2023-11-08T18:25:08.372935+00:00, run_after=2023-11-08T22:25:08.372935+00:00
[2023-11-08T22:25:08.390+0000] {processor.py:179} INFO - Processing /home/airflow/.local/lib/python3.8/site-packages/airflow/example_dags/example_latest_only_with_trigger.py took 0.143 seconds
[2023-11-08T22:25:38.972+0000] {processor.py:157} INFO - Started process (PID=1529) to work on /home/airflow/.local/lib/python3.8/site-packages/airflow/example_dags/example_latest_only_with_trigger.py
[2023-11-08T22:25:38.973+0000] {processor.py:829} INFO - Processing file /home/airflow/.local/lib/python3.8/site-packages/airflow/example_dags/example_latest_only_with_trigger.py for tasks to queue
[2023-11-08T22:25:38.974+0000] {logging_mixin.py:154} INFO - [2023-11-08T22:25:38.974+0000] {dagbag.py:536} INFO - Filling up the DagBag from /home/airflow/.local/lib/python3.8/site-packages/airflow/example_dags/example_latest_only_with_trigger.py
[2023-11-08T22:25:38.977+0000] {processor.py:839} INFO - DAG(s) dict_keys(['latest_only_with_trigger']) retrieved from /home/airflow/.local/lib/python3.8/site-packages/airflow/example_dags/example_latest_only_with_trigger.py
[2023-11-08T22:25:38.989+0000] {logging_mixin.py:154} INFO - [2023-11-08T22:25:38.989+0000] {dag.py:2941} INFO - Sync 1 DAGs
[2023-11-08T22:25:39.002+0000] {logging_mixin.py:154} INFO - [2023-11-08T22:25:39.002+0000] {dag.py:3722} INFO - Setting next_dagrun for latest_only_with_trigger to 2023-11-08T18:25:39.002630+00:00, run_after=2023-11-08T22:25:39.002630+00:00
[2023-11-08T22:25:39.013+0000] {processor.py:179} INFO - Processing /home/airflow/.local/lib/python3.8/site-packages/airflow/example_dags/example_latest_only_with_trigger.py took 0.043 seconds
[2023-11-08T22:26:09.624+0000] {processor.py:157} INFO - Started process (PID=1583) to work on /home/airflow/.local/lib/python3.8/site-packages/airflow/example_dags/example_latest_only_with_trigger.py
[2023-11-08T22:26:09.625+0000] {processor.py:829} INFO - Processing file /home/airflow/.local/lib/python3.8/site-packages/airflow/example_dags/example_latest_only_with_trigger.py for tasks to queue
[2023-11-08T22:26:09.626+0000] {logging_mixin.py:154} INFO - [2023-11-08T22:26:09.626+0000] {dagbag.py:536} INFO - Filling up the DagBag from /home/airflow/.local/lib/python3.8/site-packages/airflow/example_dags/example_latest_only_with_trigger.py
[2023-11-08T22:26:09.629+0000] {processor.py:839} INFO - DAG(s) dict_keys(['latest_only_with_trigger']) retrieved from /home/airflow/.local/lib/python3.8/site-packages/airflow/example_dags/example_latest_only_with_trigger.py
[2023-11-08T22:26:09.641+0000] {logging_mixin.py:154} INFO - [2023-11-08T22:26:09.641+0000] {dag.py:2941} INFO - Sync 1 DAGs
[2023-11-08T22:26:09.652+0000] {logging_mixin.py:154} INFO - [2023-11-08T22:26:09.652+0000] {dag.py:3722} INFO - Setting next_dagrun for latest_only_with_trigger to 2023-11-08T18:26:09.652491+00:00, run_after=2023-11-08T22:26:09.652491+00:00
[2023-11-08T22:26:09.661+0000] {processor.py:179} INFO - Processing /home/airflow/.local/lib/python3.8/site-packages/airflow/example_dags/example_latest_only_with_trigger.py took 0.039 seconds
[2023-11-08T22:26:40.218+0000] {processor.py:157} INFO - Started process (PID=1637) to work on /home/airflow/.local/lib/python3.8/site-packages/airflow/example_dags/example_latest_only_with_trigger.py
[2023-11-08T22:26:40.218+0000] {processor.py:829} INFO - Processing file /home/airflow/.local/lib/python3.8/site-packages/airflow/example_dags/example_latest_only_with_trigger.py for tasks to queue
[2023-11-08T22:26:40.220+0000] {logging_mixin.py:154} INFO - [2023-11-08T22:26:40.220+0000] {dagbag.py:536} INFO - Filling up the DagBag from /home/airflow/.local/lib/python3.8/site-packages/airflow/example_dags/example_latest_only_with_trigger.py
[2023-11-08T22:26:40.223+0000] {processor.py:839} INFO - DAG(s) dict_keys(['latest_only_with_trigger']) retrieved from /home/airflow/.local/lib/python3.8/site-packages/airflow/example_dags/example_latest_only_with_trigger.py
[2023-11-08T22:26:40.235+0000] {logging_mixin.py:154} INFO - [2023-11-08T22:26:40.235+0000] {dag.py:2941} INFO - Sync 1 DAGs
[2023-11-08T22:26:40.248+0000] {logging_mixin.py:154} INFO - [2023-11-08T22:26:40.248+0000] {dag.py:3722} INFO - Setting next_dagrun for latest_only_with_trigger to 2023-11-08T18:26:40.248126+00:00, run_after=2023-11-08T22:26:40.248126+00:00
[2023-11-08T22:26:40.258+0000] {processor.py:179} INFO - Processing /home/airflow/.local/lib/python3.8/site-packages/airflow/example_dags/example_latest_only_with_trigger.py took 0.042 seconds
[2023-11-08T22:27:17.535+0000] {processor.py:157} INFO - Started process (PID=72) to work on /home/airflow/.local/lib/python3.8/site-packages/airflow/example_dags/example_latest_only_with_trigger.py
[2023-11-08T22:27:17.536+0000] {processor.py:829} INFO - Processing file /home/airflow/.local/lib/python3.8/site-packages/airflow/example_dags/example_latest_only_with_trigger.py for tasks to queue
[2023-11-08T22:27:17.537+0000] {logging_mixin.py:154} INFO - [2023-11-08T22:27:17.536+0000] {dagbag.py:536} INFO - Filling up the DagBag from /home/airflow/.local/lib/python3.8/site-packages/airflow/example_dags/example_latest_only_with_trigger.py
[2023-11-08T22:27:17.540+0000] {processor.py:839} INFO - DAG(s) dict_keys(['latest_only_with_trigger']) retrieved from /home/airflow/.local/lib/python3.8/site-packages/airflow/example_dags/example_latest_only_with_trigger.py
[2023-11-08T22:27:17.547+0000] {logging_mixin.py:154} INFO - [2023-11-08T22:27:17.547+0000] {dag.py:2941} INFO - Sync 1 DAGs
[2023-11-08T22:27:17.561+0000] {logging_mixin.py:154} INFO - [2023-11-08T22:27:17.561+0000] {dag.py:3722} INFO - Setting next_dagrun for latest_only_with_trigger to 2023-11-08T18:27:17.561258+00:00, run_after=2023-11-08T22:27:17.561258+00:00
[2023-11-08T22:27:17.575+0000] {processor.py:179} INFO - Processing /home/airflow/.local/lib/python3.8/site-packages/airflow/example_dags/example_latest_only_with_trigger.py took 0.042 seconds
[2023-11-08T22:27:48.626+0000] {processor.py:157} INFO - Started process (PID=126) to work on /home/airflow/.local/lib/python3.8/site-packages/airflow/example_dags/example_latest_only_with_trigger.py
[2023-11-08T22:27:48.627+0000] {processor.py:829} INFO - Processing file /home/airflow/.local/lib/python3.8/site-packages/airflow/example_dags/example_latest_only_with_trigger.py for tasks to queue
[2023-11-08T22:27:48.629+0000] {logging_mixin.py:154} INFO - [2023-11-08T22:27:48.628+0000] {dagbag.py:536} INFO - Filling up the DagBag from /home/airflow/.local/lib/python3.8/site-packages/airflow/example_dags/example_latest_only_with_trigger.py
[2023-11-08T22:27:48.632+0000] {processor.py:839} INFO - DAG(s) dict_keys(['latest_only_with_trigger']) retrieved from /home/airflow/.local/lib/python3.8/site-packages/airflow/example_dags/example_latest_only_with_trigger.py
[2023-11-08T22:27:48.645+0000] {logging_mixin.py:154} INFO - [2023-11-08T22:27:48.645+0000] {dag.py:2941} INFO - Sync 1 DAGs
[2023-11-08T22:27:48.659+0000] {logging_mixin.py:154} INFO - [2023-11-08T22:27:48.659+0000] {dag.py:3722} INFO - Setting next_dagrun for latest_only_with_trigger to 2023-11-08T18:27:48.659420+00:00, run_after=2023-11-08T22:27:48.659420+00:00
[2023-11-08T22:27:48.670+0000] {processor.py:179} INFO - Processing /home/airflow/.local/lib/python3.8/site-packages/airflow/example_dags/example_latest_only_with_trigger.py took 0.047 seconds
[2023-11-08T22:28:18.760+0000] {processor.py:157} INFO - Started process (PID=180) to work on /home/airflow/.local/lib/python3.8/site-packages/airflow/example_dags/example_latest_only_with_trigger.py
[2023-11-08T22:28:18.760+0000] {processor.py:829} INFO - Processing file /home/airflow/.local/lib/python3.8/site-packages/airflow/example_dags/example_latest_only_with_trigger.py for tasks to queue
[2023-11-08T22:28:18.762+0000] {logging_mixin.py:154} INFO - [2023-11-08T22:28:18.761+0000] {dagbag.py:536} INFO - Filling up the DagBag from /home/airflow/.local/lib/python3.8/site-packages/airflow/example_dags/example_latest_only_with_trigger.py
[2023-11-08T22:28:18.765+0000] {processor.py:839} INFO - DAG(s) dict_keys(['latest_only_with_trigger']) retrieved from /home/airflow/.local/lib/python3.8/site-packages/airflow/example_dags/example_latest_only_with_trigger.py
[2023-11-08T22:28:18.780+0000] {logging_mixin.py:154} INFO - [2023-11-08T22:28:18.780+0000] {dag.py:2941} INFO - Sync 1 DAGs
[2023-11-08T22:28:18.799+0000] {logging_mixin.py:154} INFO - [2023-11-08T22:28:18.799+0000] {dag.py:3722} INFO - Setting next_dagrun for latest_only_with_trigger to 2023-11-08T18:28:18.799003+00:00, run_after=2023-11-08T22:28:18.799003+00:00
[2023-11-08T22:28:18.812+0000] {processor.py:179} INFO - Processing /home/airflow/.local/lib/python3.8/site-packages/airflow/example_dags/example_latest_only_with_trigger.py took 0.054 seconds
[2023-11-08T22:28:49.688+0000] {processor.py:157} INFO - Started process (PID=234) to work on /home/airflow/.local/lib/python3.8/site-packages/airflow/example_dags/example_latest_only_with_trigger.py
[2023-11-08T22:28:49.689+0000] {processor.py:829} INFO - Processing file /home/airflow/.local/lib/python3.8/site-packages/airflow/example_dags/example_latest_only_with_trigger.py for tasks to queue
[2023-11-08T22:28:49.690+0000] {logging_mixin.py:154} INFO - [2023-11-08T22:28:49.690+0000] {dagbag.py:536} INFO - Filling up the DagBag from /home/airflow/.local/lib/python3.8/site-packages/airflow/example_dags/example_latest_only_with_trigger.py
[2023-11-08T22:28:49.693+0000] {processor.py:839} INFO - DAG(s) dict_keys(['latest_only_with_trigger']) retrieved from /home/airflow/.local/lib/python3.8/site-packages/airflow/example_dags/example_latest_only_with_trigger.py
[2023-11-08T22:28:49.705+0000] {logging_mixin.py:154} INFO - [2023-11-08T22:28:49.705+0000] {dag.py:2941} INFO - Sync 1 DAGs
[2023-11-08T22:28:49.718+0000] {logging_mixin.py:154} INFO - [2023-11-08T22:28:49.718+0000] {dag.py:3722} INFO - Setting next_dagrun for latest_only_with_trigger to 2023-11-08T18:28:49.718073+00:00, run_after=2023-11-08T22:28:49.718073+00:00
[2023-11-08T22:28:49.728+0000] {processor.py:179} INFO - Processing /home/airflow/.local/lib/python3.8/site-packages/airflow/example_dags/example_latest_only_with_trigger.py took 0.041 seconds
[2023-11-08T22:29:20.520+0000] {processor.py:157} INFO - Started process (PID=288) to work on /home/airflow/.local/lib/python3.8/site-packages/airflow/example_dags/example_latest_only_with_trigger.py
[2023-11-08T22:29:20.521+0000] {processor.py:829} INFO - Processing file /home/airflow/.local/lib/python3.8/site-packages/airflow/example_dags/example_latest_only_with_trigger.py for tasks to queue
[2023-11-08T22:29:20.522+0000] {logging_mixin.py:154} INFO - [2023-11-08T22:29:20.522+0000] {dagbag.py:536} INFO - Filling up the DagBag from /home/airflow/.local/lib/python3.8/site-packages/airflow/example_dags/example_latest_only_with_trigger.py
[2023-11-08T22:29:20.525+0000] {processor.py:839} INFO - DAG(s) dict_keys(['latest_only_with_trigger']) retrieved from /home/airflow/.local/lib/python3.8/site-packages/airflow/example_dags/example_latest_only_with_trigger.py
[2023-11-08T22:29:20.540+0000] {logging_mixin.py:154} INFO - [2023-11-08T22:29:20.540+0000] {dag.py:2941} INFO - Sync 1 DAGs
[2023-11-08T22:29:20.559+0000] {logging_mixin.py:154} INFO - [2023-11-08T22:29:20.559+0000] {dag.py:3722} INFO - Setting next_dagrun for latest_only_with_trigger to 2023-11-08T18:29:20.558994+00:00, run_after=2023-11-08T22:29:20.558994+00:00
[2023-11-08T22:29:20.575+0000] {processor.py:179} INFO - Processing /home/airflow/.local/lib/python3.8/site-packages/airflow/example_dags/example_latest_only_with_trigger.py took 0.056 seconds
[2023-11-08T22:29:50.684+0000] {processor.py:157} INFO - Started process (PID=343) to work on /home/airflow/.local/lib/python3.8/site-packages/airflow/example_dags/example_latest_only_with_trigger.py
[2023-11-08T22:29:50.684+0000] {processor.py:829} INFO - Processing file /home/airflow/.local/lib/python3.8/site-packages/airflow/example_dags/example_latest_only_with_trigger.py for tasks to queue
[2023-11-08T22:29:50.686+0000] {logging_mixin.py:154} INFO - [2023-11-08T22:29:50.685+0000] {dagbag.py:536} INFO - Filling up the DagBag from /home/airflow/.local/lib/python3.8/site-packages/airflow/example_dags/example_latest_only_with_trigger.py
[2023-11-08T22:29:50.689+0000] {processor.py:839} INFO - DAG(s) dict_keys(['latest_only_with_trigger']) retrieved from /home/airflow/.local/lib/python3.8/site-packages/airflow/example_dags/example_latest_only_with_trigger.py
[2023-11-08T22:29:50.702+0000] {logging_mixin.py:154} INFO - [2023-11-08T22:29:50.702+0000] {dag.py:2941} INFO - Sync 1 DAGs
[2023-11-08T22:29:50.717+0000] {logging_mixin.py:154} INFO - [2023-11-08T22:29:50.717+0000] {dag.py:3722} INFO - Setting next_dagrun for latest_only_with_trigger to 2023-11-08T18:29:50.716909+00:00, run_after=2023-11-08T22:29:50.716909+00:00
[2023-11-08T22:29:50.728+0000] {processor.py:179} INFO - Processing /home/airflow/.local/lib/python3.8/site-packages/airflow/example_dags/example_latest_only_with_trigger.py took 0.046 seconds
[2023-11-08T22:30:21.336+0000] {processor.py:157} INFO - Started process (PID=397) to work on /home/airflow/.local/lib/python3.8/site-packages/airflow/example_dags/example_latest_only_with_trigger.py
[2023-11-08T22:30:21.336+0000] {processor.py:829} INFO - Processing file /home/airflow/.local/lib/python3.8/site-packages/airflow/example_dags/example_latest_only_with_trigger.py for tasks to queue
[2023-11-08T22:30:21.337+0000] {logging_mixin.py:154} INFO - [2023-11-08T22:30:21.337+0000] {dagbag.py:536} INFO - Filling up the DagBag from /home/airflow/.local/lib/python3.8/site-packages/airflow/example_dags/example_latest_only_with_trigger.py
[2023-11-08T22:30:21.341+0000] {processor.py:839} INFO - DAG(s) dict_keys(['latest_only_with_trigger']) retrieved from /home/airflow/.local/lib/python3.8/site-packages/airflow/example_dags/example_latest_only_with_trigger.py
[2023-11-08T22:30:21.354+0000] {logging_mixin.py:154} INFO - [2023-11-08T22:30:21.354+0000] {dag.py:2941} INFO - Sync 1 DAGs
[2023-11-08T22:30:21.369+0000] {logging_mixin.py:154} INFO - [2023-11-08T22:30:21.369+0000] {dag.py:3722} INFO - Setting next_dagrun for latest_only_with_trigger to 2023-11-08T18:30:21.369197+00:00, run_after=2023-11-08T22:30:21.369197+00:00
[2023-11-08T22:30:21.381+0000] {processor.py:179} INFO - Processing /home/airflow/.local/lib/python3.8/site-packages/airflow/example_dags/example_latest_only_with_trigger.py took 0.047 seconds
[2023-11-08T22:30:52.115+0000] {processor.py:157} INFO - Started process (PID=451) to work on /home/airflow/.local/lib/python3.8/site-packages/airflow/example_dags/example_latest_only_with_trigger.py
[2023-11-08T22:30:52.116+0000] {processor.py:829} INFO - Processing file /home/airflow/.local/lib/python3.8/site-packages/airflow/example_dags/example_latest_only_with_trigger.py for tasks to queue
[2023-11-08T22:30:52.117+0000] {logging_mixin.py:154} INFO - [2023-11-08T22:30:52.117+0000] {dagbag.py:536} INFO - Filling up the DagBag from /home/airflow/.local/lib/python3.8/site-packages/airflow/example_dags/example_latest_only_with_trigger.py
[2023-11-08T22:30:52.120+0000] {processor.py:839} INFO - DAG(s) dict_keys(['latest_only_with_trigger']) retrieved from /home/airflow/.local/lib/python3.8/site-packages/airflow/example_dags/example_latest_only_with_trigger.py
[2023-11-08T22:30:52.134+0000] {logging_mixin.py:154} INFO - [2023-11-08T22:30:52.134+0000] {dag.py:2941} INFO - Sync 1 DAGs
[2023-11-08T22:30:52.148+0000] {logging_mixin.py:154} INFO - [2023-11-08T22:30:52.148+0000] {dag.py:3722} INFO - Setting next_dagrun for latest_only_with_trigger to 2023-11-08T18:30:52.148272+00:00, run_after=2023-11-08T22:30:52.148272+00:00
[2023-11-08T22:30:52.160+0000] {processor.py:179} INFO - Processing /home/airflow/.local/lib/python3.8/site-packages/airflow/example_dags/example_latest_only_with_trigger.py took 0.047 seconds
[2023-11-08T22:31:22.362+0000] {processor.py:157} INFO - Started process (PID=505) to work on /home/airflow/.local/lib/python3.8/site-packages/airflow/example_dags/example_latest_only_with_trigger.py
[2023-11-08T22:31:22.362+0000] {processor.py:829} INFO - Processing file /home/airflow/.local/lib/python3.8/site-packages/airflow/example_dags/example_latest_only_with_trigger.py for tasks to queue
[2023-11-08T22:31:22.363+0000] {logging_mixin.py:154} INFO - [2023-11-08T22:31:22.363+0000] {dagbag.py:536} INFO - Filling up the DagBag from /home/airflow/.local/lib/python3.8/site-packages/airflow/example_dags/example_latest_only_with_trigger.py
[2023-11-08T22:31:22.366+0000] {processor.py:839} INFO - DAG(s) dict_keys(['latest_only_with_trigger']) retrieved from /home/airflow/.local/lib/python3.8/site-packages/airflow/example_dags/example_latest_only_with_trigger.py
[2023-11-08T22:31:22.379+0000] {logging_mixin.py:154} INFO - [2023-11-08T22:31:22.379+0000] {dag.py:2941} INFO - Sync 1 DAGs
[2023-11-08T22:31:22.393+0000] {logging_mixin.py:154} INFO - [2023-11-08T22:31:22.393+0000] {dag.py:3722} INFO - Setting next_dagrun for latest_only_with_trigger to 2023-11-08T18:31:22.393441+00:00, run_after=2023-11-08T22:31:22.393441+00:00
[2023-11-08T22:31:22.405+0000] {processor.py:179} INFO - Processing /home/airflow/.local/lib/python3.8/site-packages/airflow/example_dags/example_latest_only_with_trigger.py took 0.045 seconds
[2023-11-08T22:31:52.513+0000] {processor.py:157} INFO - Started process (PID=559) to work on /home/airflow/.local/lib/python3.8/site-packages/airflow/example_dags/example_latest_only_with_trigger.py
[2023-11-08T22:31:52.513+0000] {processor.py:829} INFO - Processing file /home/airflow/.local/lib/python3.8/site-packages/airflow/example_dags/example_latest_only_with_trigger.py for tasks to queue
[2023-11-08T22:31:52.514+0000] {logging_mixin.py:154} INFO - [2023-11-08T22:31:52.514+0000] {dagbag.py:536} INFO - Filling up the DagBag from /home/airflow/.local/lib/python3.8/site-packages/airflow/example_dags/example_latest_only_with_trigger.py
[2023-11-08T22:31:52.518+0000] {processor.py:839} INFO - DAG(s) dict_keys(['latest_only_with_trigger']) retrieved from /home/airflow/.local/lib/python3.8/site-packages/airflow/example_dags/example_latest_only_with_trigger.py
[2023-11-08T22:31:52.533+0000] {logging_mixin.py:154} INFO - [2023-11-08T22:31:52.532+0000] {dag.py:2941} INFO - Sync 1 DAGs
[2023-11-08T22:31:52.547+0000] {logging_mixin.py:154} INFO - [2023-11-08T22:31:52.547+0000] {dag.py:3722} INFO - Setting next_dagrun for latest_only_with_trigger to 2023-11-08T18:31:52.547600+00:00, run_after=2023-11-08T22:31:52.547600+00:00
[2023-11-08T22:31:52.559+0000] {processor.py:179} INFO - Processing /home/airflow/.local/lib/python3.8/site-packages/airflow/example_dags/example_latest_only_with_trigger.py took 0.049 seconds
[2023-11-08T22:32:23.395+0000] {processor.py:157} INFO - Started process (PID=614) to work on /home/airflow/.local/lib/python3.8/site-packages/airflow/example_dags/example_latest_only_with_trigger.py
[2023-11-08T22:32:23.396+0000] {processor.py:829} INFO - Processing file /home/airflow/.local/lib/python3.8/site-packages/airflow/example_dags/example_latest_only_with_trigger.py for tasks to queue
[2023-11-08T22:32:23.397+0000] {logging_mixin.py:154} INFO - [2023-11-08T22:32:23.397+0000] {dagbag.py:536} INFO - Filling up the DagBag from /home/airflow/.local/lib/python3.8/site-packages/airflow/example_dags/example_latest_only_with_trigger.py
[2023-11-08T22:32:23.400+0000] {processor.py:839} INFO - DAG(s) dict_keys(['latest_only_with_trigger']) retrieved from /home/airflow/.local/lib/python3.8/site-packages/airflow/example_dags/example_latest_only_with_trigger.py
[2023-11-08T22:32:23.415+0000] {logging_mixin.py:154} INFO - [2023-11-08T22:32:23.415+0000] {dag.py:2941} INFO - Sync 1 DAGs
[2023-11-08T22:32:23.431+0000] {logging_mixin.py:154} INFO - [2023-11-08T22:32:23.431+0000] {dag.py:3722} INFO - Setting next_dagrun for latest_only_with_trigger to 2023-11-08T18:32:23.431161+00:00, run_after=2023-11-08T22:32:23.431161+00:00
[2023-11-08T22:32:23.445+0000] {processor.py:179} INFO - Processing /home/airflow/.local/lib/python3.8/site-packages/airflow/example_dags/example_latest_only_with_trigger.py took 0.051 seconds
[2023-11-08T22:32:54.464+0000] {processor.py:157} INFO - Started process (PID=669) to work on /home/airflow/.local/lib/python3.8/site-packages/airflow/example_dags/example_latest_only_with_trigger.py
[2023-11-08T22:32:54.465+0000] {processor.py:829} INFO - Processing file /home/airflow/.local/lib/python3.8/site-packages/airflow/example_dags/example_latest_only_with_trigger.py for tasks to queue
[2023-11-08T22:32:54.466+0000] {logging_mixin.py:154} INFO - [2023-11-08T22:32:54.466+0000] {dagbag.py:536} INFO - Filling up the DagBag from /home/airflow/.local/lib/python3.8/site-packages/airflow/example_dags/example_latest_only_with_trigger.py
[2023-11-08T22:32:54.469+0000] {processor.py:839} INFO - DAG(s) dict_keys(['latest_only_with_trigger']) retrieved from /home/airflow/.local/lib/python3.8/site-packages/airflow/example_dags/example_latest_only_with_trigger.py
[2023-11-08T22:32:54.484+0000] {logging_mixin.py:154} INFO - [2023-11-08T22:32:54.483+0000] {dag.py:2941} INFO - Sync 1 DAGs
[2023-11-08T22:32:54.502+0000] {logging_mixin.py:154} INFO - [2023-11-08T22:32:54.501+0000] {dag.py:3722} INFO - Setting next_dagrun for latest_only_with_trigger to 2023-11-08T18:32:54.501775+00:00, run_after=2023-11-08T22:32:54.501775+00:00
[2023-11-08T22:32:54.519+0000] {processor.py:179} INFO - Processing /home/airflow/.local/lib/python3.8/site-packages/airflow/example_dags/example_latest_only_with_trigger.py took 0.056 seconds
[2023-11-08T22:33:24.638+0000] {processor.py:157} INFO - Started process (PID=724) to work on /home/airflow/.local/lib/python3.8/site-packages/airflow/example_dags/example_latest_only_with_trigger.py
[2023-11-08T22:33:24.638+0000] {processor.py:829} INFO - Processing file /home/airflow/.local/lib/python3.8/site-packages/airflow/example_dags/example_latest_only_with_trigger.py for tasks to queue
[2023-11-08T22:33:24.639+0000] {logging_mixin.py:154} INFO - [2023-11-08T22:33:24.639+0000] {dagbag.py:536} INFO - Filling up the DagBag from /home/airflow/.local/lib/python3.8/site-packages/airflow/example_dags/example_latest_only_with_trigger.py
[2023-11-08T22:33:24.642+0000] {processor.py:839} INFO - DAG(s) dict_keys(['latest_only_with_trigger']) retrieved from /home/airflow/.local/lib/python3.8/site-packages/airflow/example_dags/example_latest_only_with_trigger.py
[2023-11-08T22:33:24.655+0000] {logging_mixin.py:154} INFO - [2023-11-08T22:33:24.654+0000] {dag.py:2941} INFO - Sync 1 DAGs
[2023-11-08T22:33:24.668+0000] {logging_mixin.py:154} INFO - [2023-11-08T22:33:24.668+0000] {dag.py:3722} INFO - Setting next_dagrun for latest_only_with_trigger to 2023-11-08T18:33:24.668434+00:00, run_after=2023-11-08T22:33:24.668434+00:00
[2023-11-08T22:33:24.678+0000] {processor.py:179} INFO - Processing /home/airflow/.local/lib/python3.8/site-packages/airflow/example_dags/example_latest_only_with_trigger.py took 0.042 seconds
[2023-11-08T22:33:55.595+0000] {processor.py:157} INFO - Started process (PID=779) to work on /home/airflow/.local/lib/python3.8/site-packages/airflow/example_dags/example_latest_only_with_trigger.py
[2023-11-08T22:33:55.595+0000] {processor.py:829} INFO - Processing file /home/airflow/.local/lib/python3.8/site-packages/airflow/example_dags/example_latest_only_with_trigger.py for tasks to queue
[2023-11-08T22:33:55.596+0000] {logging_mixin.py:154} INFO - [2023-11-08T22:33:55.596+0000] {dagbag.py:536} INFO - Filling up the DagBag from /home/airflow/.local/lib/python3.8/site-packages/airflow/example_dags/example_latest_only_with_trigger.py
[2023-11-08T22:33:55.599+0000] {processor.py:839} INFO - DAG(s) dict_keys(['latest_only_with_trigger']) retrieved from /home/airflow/.local/lib/python3.8/site-packages/airflow/example_dags/example_latest_only_with_trigger.py
[2023-11-08T22:33:55.612+0000] {logging_mixin.py:154} INFO - [2023-11-08T22:33:55.612+0000] {dag.py:2941} INFO - Sync 1 DAGs
[2023-11-08T22:33:55.626+0000] {logging_mixin.py:154} INFO - [2023-11-08T22:33:55.626+0000] {dag.py:3722} INFO - Setting next_dagrun for latest_only_with_trigger to 2023-11-08T18:33:55.626396+00:00, run_after=2023-11-08T22:33:55.626396+00:00
[2023-11-08T22:33:55.636+0000] {processor.py:179} INFO - Processing /home/airflow/.local/lib/python3.8/site-packages/airflow/example_dags/example_latest_only_with_trigger.py took 0.043 seconds
[2023-11-08T22:34:26.169+0000] {processor.py:157} INFO - Started process (PID=834) to work on /home/airflow/.local/lib/python3.8/site-packages/airflow/example_dags/example_latest_only_with_trigger.py
[2023-11-08T22:34:26.170+0000] {processor.py:829} INFO - Processing file /home/airflow/.local/lib/python3.8/site-packages/airflow/example_dags/example_latest_only_with_trigger.py for tasks to queue
[2023-11-08T22:34:26.171+0000] {logging_mixin.py:154} INFO - [2023-11-08T22:34:26.171+0000] {dagbag.py:536} INFO - Filling up the DagBag from /home/airflow/.local/lib/python3.8/site-packages/airflow/example_dags/example_latest_only_with_trigger.py
[2023-11-08T22:34:26.174+0000] {processor.py:839} INFO - DAG(s) dict_keys(['latest_only_with_trigger']) retrieved from /home/airflow/.local/lib/python3.8/site-packages/airflow/example_dags/example_latest_only_with_trigger.py
[2023-11-08T22:34:26.186+0000] {logging_mixin.py:154} INFO - [2023-11-08T22:34:26.186+0000] {dag.py:2941} INFO - Sync 1 DAGs
[2023-11-08T22:34:26.200+0000] {logging_mixin.py:154} INFO - [2023-11-08T22:34:26.200+0000] {dag.py:3722} INFO - Setting next_dagrun for latest_only_with_trigger to 2023-11-08T18:34:26.199955+00:00, run_after=2023-11-08T22:34:26.199955+00:00
[2023-11-08T22:34:26.210+0000] {processor.py:179} INFO - Processing /home/airflow/.local/lib/python3.8/site-packages/airflow/example_dags/example_latest_only_with_trigger.py took 0.043 seconds
[2023-11-08T22:34:56.733+0000] {processor.py:157} INFO - Started process (PID=889) to work on /home/airflow/.local/lib/python3.8/site-packages/airflow/example_dags/example_latest_only_with_trigger.py
[2023-11-08T22:34:56.734+0000] {processor.py:829} INFO - Processing file /home/airflow/.local/lib/python3.8/site-packages/airflow/example_dags/example_latest_only_with_trigger.py for tasks to queue
[2023-11-08T22:34:56.735+0000] {logging_mixin.py:154} INFO - [2023-11-08T22:34:56.735+0000] {dagbag.py:536} INFO - Filling up the DagBag from /home/airflow/.local/lib/python3.8/site-packages/airflow/example_dags/example_latest_only_with_trigger.py
[2023-11-08T22:34:56.739+0000] {processor.py:839} INFO - DAG(s) dict_keys(['latest_only_with_trigger']) retrieved from /home/airflow/.local/lib/python3.8/site-packages/airflow/example_dags/example_latest_only_with_trigger.py
[2023-11-08T22:34:56.751+0000] {logging_mixin.py:154} INFO - [2023-11-08T22:34:56.751+0000] {dag.py:2941} INFO - Sync 1 DAGs
[2023-11-08T22:34:56.764+0000] {logging_mixin.py:154} INFO - [2023-11-08T22:34:56.764+0000] {dag.py:3722} INFO - Setting next_dagrun for latest_only_with_trigger to 2023-11-08T18:34:56.764243+00:00, run_after=2023-11-08T22:34:56.764243+00:00
[2023-11-08T22:34:56.774+0000] {processor.py:179} INFO - Processing /home/airflow/.local/lib/python3.8/site-packages/airflow/example_dags/example_latest_only_with_trigger.py took 0.043 seconds
[2023-11-08T22:35:27.556+0000] {processor.py:157} INFO - Started process (PID=944) to work on /home/airflow/.local/lib/python3.8/site-packages/airflow/example_dags/example_latest_only_with_trigger.py
[2023-11-08T22:35:27.556+0000] {processor.py:829} INFO - Processing file /home/airflow/.local/lib/python3.8/site-packages/airflow/example_dags/example_latest_only_with_trigger.py for tasks to queue
[2023-11-08T22:35:27.557+0000] {logging_mixin.py:154} INFO - [2023-11-08T22:35:27.557+0000] {dagbag.py:536} INFO - Filling up the DagBag from /home/airflow/.local/lib/python3.8/site-packages/airflow/example_dags/example_latest_only_with_trigger.py
[2023-11-08T22:35:27.560+0000] {processor.py:839} INFO - DAG(s) dict_keys(['latest_only_with_trigger']) retrieved from /home/airflow/.local/lib/python3.8/site-packages/airflow/example_dags/example_latest_only_with_trigger.py
[2023-11-08T22:35:27.572+0000] {logging_mixin.py:154} INFO - [2023-11-08T22:35:27.572+0000] {dag.py:2941} INFO - Sync 1 DAGs
[2023-11-08T22:35:27.585+0000] {logging_mixin.py:154} INFO - [2023-11-08T22:35:27.584+0000] {dag.py:3722} INFO - Setting next_dagrun for latest_only_with_trigger to 2023-11-08T18:35:27.584865+00:00, run_after=2023-11-08T22:35:27.584865+00:00
[2023-11-08T22:35:27.594+0000] {processor.py:179} INFO - Processing /home/airflow/.local/lib/python3.8/site-packages/airflow/example_dags/example_latest_only_with_trigger.py took 0.041 seconds
[2023-11-08T22:35:58.546+0000] {processor.py:157} INFO - Started process (PID=999) to work on /home/airflow/.local/lib/python3.8/site-packages/airflow/example_dags/example_latest_only_with_trigger.py
[2023-11-08T22:35:58.546+0000] {processor.py:829} INFO - Processing file /home/airflow/.local/lib/python3.8/site-packages/airflow/example_dags/example_latest_only_with_trigger.py for tasks to queue
[2023-11-08T22:35:58.547+0000] {logging_mixin.py:154} INFO - [2023-11-08T22:35:58.547+0000] {dagbag.py:536} INFO - Filling up the DagBag from /home/airflow/.local/lib/python3.8/site-packages/airflow/example_dags/example_latest_only_with_trigger.py
[2023-11-08T22:35:58.551+0000] {processor.py:839} INFO - DAG(s) dict_keys(['latest_only_with_trigger']) retrieved from /home/airflow/.local/lib/python3.8/site-packages/airflow/example_dags/example_latest_only_with_trigger.py
[2023-11-08T22:35:58.564+0000] {logging_mixin.py:154} INFO - [2023-11-08T22:35:58.564+0000] {dag.py:2941} INFO - Sync 1 DAGs
[2023-11-08T22:35:58.576+0000] {logging_mixin.py:154} INFO - [2023-11-08T22:35:58.576+0000] {dag.py:3722} INFO - Setting next_dagrun for latest_only_with_trigger to 2023-11-08T18:35:58.576267+00:00, run_after=2023-11-08T22:35:58.576267+00:00
[2023-11-08T22:35:58.587+0000] {processor.py:179} INFO - Processing /home/airflow/.local/lib/python3.8/site-packages/airflow/example_dags/example_latest_only_with_trigger.py took 0.043 seconds
[2023-11-08T22:36:29.134+0000] {processor.py:157} INFO - Started process (PID=1054) to work on /home/airflow/.local/lib/python3.8/site-packages/airflow/example_dags/example_latest_only_with_trigger.py
[2023-11-08T22:36:29.135+0000] {processor.py:829} INFO - Processing file /home/airflow/.local/lib/python3.8/site-packages/airflow/example_dags/example_latest_only_with_trigger.py for tasks to queue
[2023-11-08T22:36:29.136+0000] {logging_mixin.py:154} INFO - [2023-11-08T22:36:29.136+0000] {dagbag.py:536} INFO - Filling up the DagBag from /home/airflow/.local/lib/python3.8/site-packages/airflow/example_dags/example_latest_only_with_trigger.py
[2023-11-08T22:36:29.139+0000] {processor.py:839} INFO - DAG(s) dict_keys(['latest_only_with_trigger']) retrieved from /home/airflow/.local/lib/python3.8/site-packages/airflow/example_dags/example_latest_only_with_trigger.py
[2023-11-08T22:36:29.151+0000] {logging_mixin.py:154} INFO - [2023-11-08T22:36:29.151+0000] {dag.py:2941} INFO - Sync 1 DAGs
[2023-11-08T22:36:29.164+0000] {logging_mixin.py:154} INFO - [2023-11-08T22:36:29.164+0000] {dag.py:3722} INFO - Setting next_dagrun for latest_only_with_trigger to 2023-11-08T18:36:29.164598+00:00, run_after=2023-11-08T22:36:29.164598+00:00
[2023-11-08T22:36:29.175+0000] {processor.py:179} INFO - Processing /home/airflow/.local/lib/python3.8/site-packages/airflow/example_dags/example_latest_only_with_trigger.py took 0.043 seconds
[2023-11-08T22:36:59.751+0000] {processor.py:157} INFO - Started process (PID=1111) to work on /home/airflow/.local/lib/python3.8/site-packages/airflow/example_dags/example_latest_only_with_trigger.py
[2023-11-08T22:36:59.752+0000] {processor.py:829} INFO - Processing file /home/airflow/.local/lib/python3.8/site-packages/airflow/example_dags/example_latest_only_with_trigger.py for tasks to queue
[2023-11-08T22:36:59.753+0000] {logging_mixin.py:154} INFO - [2023-11-08T22:36:59.753+0000] {dagbag.py:536} INFO - Filling up the DagBag from /home/airflow/.local/lib/python3.8/site-packages/airflow/example_dags/example_latest_only_with_trigger.py
[2023-11-08T22:36:59.756+0000] {processor.py:839} INFO - DAG(s) dict_keys(['latest_only_with_trigger']) retrieved from /home/airflow/.local/lib/python3.8/site-packages/airflow/example_dags/example_latest_only_with_trigger.py
[2023-11-08T22:36:59.768+0000] {logging_mixin.py:154} INFO - [2023-11-08T22:36:59.768+0000] {dag.py:2941} INFO - Sync 1 DAGs
[2023-11-08T22:36:59.781+0000] {logging_mixin.py:154} INFO - [2023-11-08T22:36:59.780+0000] {dag.py:3722} INFO - Setting next_dagrun for latest_only_with_trigger to 2023-11-08T18:36:59.780808+00:00, run_after=2023-11-08T22:36:59.780808+00:00
[2023-11-08T22:36:59.791+0000] {processor.py:179} INFO - Processing /home/airflow/.local/lib/python3.8/site-packages/airflow/example_dags/example_latest_only_with_trigger.py took 0.042 seconds
[2023-11-08T22:37:30.610+0000] {processor.py:157} INFO - Started process (PID=1166) to work on /home/airflow/.local/lib/python3.8/site-packages/airflow/example_dags/example_latest_only_with_trigger.py
[2023-11-08T22:37:30.610+0000] {processor.py:829} INFO - Processing file /home/airflow/.local/lib/python3.8/site-packages/airflow/example_dags/example_latest_only_with_trigger.py for tasks to queue
[2023-11-08T22:37:30.611+0000] {logging_mixin.py:154} INFO - [2023-11-08T22:37:30.611+0000] {dagbag.py:536} INFO - Filling up the DagBag from /home/airflow/.local/lib/python3.8/site-packages/airflow/example_dags/example_latest_only_with_trigger.py
[2023-11-08T22:37:30.615+0000] {processor.py:839} INFO - DAG(s) dict_keys(['latest_only_with_trigger']) retrieved from /home/airflow/.local/lib/python3.8/site-packages/airflow/example_dags/example_latest_only_with_trigger.py
[2023-11-08T22:37:30.627+0000] {logging_mixin.py:154} INFO - [2023-11-08T22:37:30.627+0000] {dag.py:2941} INFO - Sync 1 DAGs
[2023-11-08T22:37:30.640+0000] {logging_mixin.py:154} INFO - [2023-11-08T22:37:30.640+0000] {dag.py:3722} INFO - Setting next_dagrun for latest_only_with_trigger to 2023-11-08T18:37:30.640450+00:00, run_after=2023-11-08T22:37:30.640450+00:00
[2023-11-08T22:37:30.650+0000] {processor.py:179} INFO - Processing /home/airflow/.local/lib/python3.8/site-packages/airflow/example_dags/example_latest_only_with_trigger.py took 0.043 seconds
[2023-11-08T22:38:01.132+0000] {processor.py:157} INFO - Started process (PID=1221) to work on /home/airflow/.local/lib/python3.8/site-packages/airflow/example_dags/example_latest_only_with_trigger.py
[2023-11-08T22:38:01.132+0000] {processor.py:829} INFO - Processing file /home/airflow/.local/lib/python3.8/site-packages/airflow/example_dags/example_latest_only_with_trigger.py for tasks to queue
[2023-11-08T22:38:01.133+0000] {logging_mixin.py:154} INFO - [2023-11-08T22:38:01.133+0000] {dagbag.py:536} INFO - Filling up the DagBag from /home/airflow/.local/lib/python3.8/site-packages/airflow/example_dags/example_latest_only_with_trigger.py
[2023-11-08T22:38:01.136+0000] {processor.py:839} INFO - DAG(s) dict_keys(['latest_only_with_trigger']) retrieved from /home/airflow/.local/lib/python3.8/site-packages/airflow/example_dags/example_latest_only_with_trigger.py
[2023-11-08T22:38:01.149+0000] {logging_mixin.py:154} INFO - [2023-11-08T22:38:01.149+0000] {dag.py:2941} INFO - Sync 1 DAGs
[2023-11-08T22:38:01.163+0000] {logging_mixin.py:154} INFO - [2023-11-08T22:38:01.163+0000] {dag.py:3722} INFO - Setting next_dagrun for latest_only_with_trigger to 2023-11-08T18:38:01.163251+00:00, run_after=2023-11-08T22:38:01.163251+00:00
[2023-11-08T22:38:01.174+0000] {processor.py:179} INFO - Processing /home/airflow/.local/lib/python3.8/site-packages/airflow/example_dags/example_latest_only_with_trigger.py took 0.045 seconds
[2023-11-08T22:38:31.686+0000] {processor.py:157} INFO - Started process (PID=1276) to work on /home/airflow/.local/lib/python3.8/site-packages/airflow/example_dags/example_latest_only_with_trigger.py
[2023-11-08T22:38:31.686+0000] {processor.py:829} INFO - Processing file /home/airflow/.local/lib/python3.8/site-packages/airflow/example_dags/example_latest_only_with_trigger.py for tasks to queue
[2023-11-08T22:38:31.687+0000] {logging_mixin.py:154} INFO - [2023-11-08T22:38:31.687+0000] {dagbag.py:536} INFO - Filling up the DagBag from /home/airflow/.local/lib/python3.8/site-packages/airflow/example_dags/example_latest_only_with_trigger.py
[2023-11-08T22:38:31.690+0000] {processor.py:839} INFO - DAG(s) dict_keys(['latest_only_with_trigger']) retrieved from /home/airflow/.local/lib/python3.8/site-packages/airflow/example_dags/example_latest_only_with_trigger.py
[2023-11-08T22:38:31.703+0000] {logging_mixin.py:154} INFO - [2023-11-08T22:38:31.703+0000] {dag.py:2941} INFO - Sync 1 DAGs
[2023-11-08T22:38:31.716+0000] {logging_mixin.py:154} INFO - [2023-11-08T22:38:31.716+0000] {dag.py:3722} INFO - Setting next_dagrun for latest_only_with_trigger to 2023-11-08T18:38:31.716727+00:00, run_after=2023-11-08T22:38:31.716727+00:00
[2023-11-08T22:38:31.727+0000] {processor.py:179} INFO - Processing /home/airflow/.local/lib/python3.8/site-packages/airflow/example_dags/example_latest_only_with_trigger.py took 0.043 seconds
[2023-11-08T22:39:02.313+0000] {processor.py:157} INFO - Started process (PID=1332) to work on /home/airflow/.local/lib/python3.8/site-packages/airflow/example_dags/example_latest_only_with_trigger.py
[2023-11-08T22:39:02.314+0000] {processor.py:829} INFO - Processing file /home/airflow/.local/lib/python3.8/site-packages/airflow/example_dags/example_latest_only_with_trigger.py for tasks to queue
[2023-11-08T22:39:02.315+0000] {logging_mixin.py:154} INFO - [2023-11-08T22:39:02.314+0000] {dagbag.py:536} INFO - Filling up the DagBag from /home/airflow/.local/lib/python3.8/site-packages/airflow/example_dags/example_latest_only_with_trigger.py
[2023-11-08T22:39:02.318+0000] {processor.py:839} INFO - DAG(s) dict_keys(['latest_only_with_trigger']) retrieved from /home/airflow/.local/lib/python3.8/site-packages/airflow/example_dags/example_latest_only_with_trigger.py
[2023-11-08T22:39:02.329+0000] {logging_mixin.py:154} INFO - [2023-11-08T22:39:02.329+0000] {dag.py:2941} INFO - Sync 1 DAGs
[2023-11-08T22:39:02.343+0000] {logging_mixin.py:154} INFO - [2023-11-08T22:39:02.343+0000] {dag.py:3722} INFO - Setting next_dagrun for latest_only_with_trigger to 2023-11-08T18:39:02.342868+00:00, run_after=2023-11-08T22:39:02.342868+00:00
[2023-11-08T22:39:02.353+0000] {processor.py:179} INFO - Processing /home/airflow/.local/lib/python3.8/site-packages/airflow/example_dags/example_latest_only_with_trigger.py took 0.042 seconds
[2023-11-08T22:39:32.887+0000] {processor.py:157} INFO - Started process (PID=1388) to work on /home/airflow/.local/lib/python3.8/site-packages/airflow/example_dags/example_latest_only_with_trigger.py
[2023-11-08T22:39:32.888+0000] {processor.py:829} INFO - Processing file /home/airflow/.local/lib/python3.8/site-packages/airflow/example_dags/example_latest_only_with_trigger.py for tasks to queue
[2023-11-08T22:39:32.889+0000] {logging_mixin.py:154} INFO - [2023-11-08T22:39:32.889+0000] {dagbag.py:536} INFO - Filling up the DagBag from /home/airflow/.local/lib/python3.8/site-packages/airflow/example_dags/example_latest_only_with_trigger.py
[2023-11-08T22:39:32.892+0000] {processor.py:839} INFO - DAG(s) dict_keys(['latest_only_with_trigger']) retrieved from /home/airflow/.local/lib/python3.8/site-packages/airflow/example_dags/example_latest_only_with_trigger.py
[2023-11-08T22:39:32.905+0000] {logging_mixin.py:154} INFO - [2023-11-08T22:39:32.905+0000] {dag.py:2941} INFO - Sync 1 DAGs
[2023-11-08T22:39:32.918+0000] {logging_mixin.py:154} INFO - [2023-11-08T22:39:32.918+0000] {dag.py:3722} INFO - Setting next_dagrun for latest_only_with_trigger to 2023-11-08T18:39:32.918315+00:00, run_after=2023-11-08T22:39:32.918315+00:00
[2023-11-08T22:39:32.929+0000] {processor.py:179} INFO - Processing /home/airflow/.local/lib/python3.8/site-packages/airflow/example_dags/example_latest_only_with_trigger.py took 0.044 seconds
[2023-11-08T22:40:03.501+0000] {processor.py:157} INFO - Started process (PID=1443) to work on /home/airflow/.local/lib/python3.8/site-packages/airflow/example_dags/example_latest_only_with_trigger.py
[2023-11-08T22:40:03.502+0000] {processor.py:829} INFO - Processing file /home/airflow/.local/lib/python3.8/site-packages/airflow/example_dags/example_latest_only_with_trigger.py for tasks to queue
[2023-11-08T22:40:03.503+0000] {logging_mixin.py:154} INFO - [2023-11-08T22:40:03.503+0000] {dagbag.py:536} INFO - Filling up the DagBag from /home/airflow/.local/lib/python3.8/site-packages/airflow/example_dags/example_latest_only_with_trigger.py
[2023-11-08T22:40:03.506+0000] {processor.py:839} INFO - DAG(s) dict_keys(['latest_only_with_trigger']) retrieved from /home/airflow/.local/lib/python3.8/site-packages/airflow/example_dags/example_latest_only_with_trigger.py
[2023-11-08T22:40:03.519+0000] {logging_mixin.py:154} INFO - [2023-11-08T22:40:03.519+0000] {dag.py:2941} INFO - Sync 1 DAGs
[2023-11-08T22:40:03.531+0000] {logging_mixin.py:154} INFO - [2023-11-08T22:40:03.531+0000] {dag.py:3722} INFO - Setting next_dagrun for latest_only_with_trigger to 2023-11-08T18:40:03.531552+00:00, run_after=2023-11-08T22:40:03.531552+00:00
[2023-11-08T22:40:03.542+0000] {processor.py:179} INFO - Processing /home/airflow/.local/lib/python3.8/site-packages/airflow/example_dags/example_latest_only_with_trigger.py took 0.043 seconds
[2023-11-08T22:40:34.084+0000] {processor.py:157} INFO - Started process (PID=1498) to work on /home/airflow/.local/lib/python3.8/site-packages/airflow/example_dags/example_latest_only_with_trigger.py
[2023-11-08T22:40:34.084+0000] {processor.py:829} INFO - Processing file /home/airflow/.local/lib/python3.8/site-packages/airflow/example_dags/example_latest_only_with_trigger.py for tasks to queue
[2023-11-08T22:40:34.085+0000] {logging_mixin.py:154} INFO - [2023-11-08T22:40:34.085+0000] {dagbag.py:536} INFO - Filling up the DagBag from /home/airflow/.local/lib/python3.8/site-packages/airflow/example_dags/example_latest_only_with_trigger.py
[2023-11-08T22:40:34.089+0000] {processor.py:839} INFO - DAG(s) dict_keys(['latest_only_with_trigger']) retrieved from /home/airflow/.local/lib/python3.8/site-packages/airflow/example_dags/example_latest_only_with_trigger.py
[2023-11-08T22:40:34.101+0000] {logging_mixin.py:154} INFO - [2023-11-08T22:40:34.101+0000] {dag.py:2941} INFO - Sync 1 DAGs
[2023-11-08T22:40:34.114+0000] {logging_mixin.py:154} INFO - [2023-11-08T22:40:34.114+0000] {dag.py:3722} INFO - Setting next_dagrun for latest_only_with_trigger to 2023-11-08T18:40:34.114505+00:00, run_after=2023-11-08T22:40:34.114505+00:00
[2023-11-08T22:40:34.125+0000] {processor.py:179} INFO - Processing /home/airflow/.local/lib/python3.8/site-packages/airflow/example_dags/example_latest_only_with_trigger.py took 0.043 seconds
[2023-11-08T22:41:04.615+0000] {processor.py:157} INFO - Started process (PID=1553) to work on /home/airflow/.local/lib/python3.8/site-packages/airflow/example_dags/example_latest_only_with_trigger.py
[2023-11-08T22:41:04.616+0000] {processor.py:829} INFO - Processing file /home/airflow/.local/lib/python3.8/site-packages/airflow/example_dags/example_latest_only_with_trigger.py for tasks to queue
[2023-11-08T22:41:04.617+0000] {logging_mixin.py:154} INFO - [2023-11-08T22:41:04.617+0000] {dagbag.py:536} INFO - Filling up the DagBag from /home/airflow/.local/lib/python3.8/site-packages/airflow/example_dags/example_latest_only_with_trigger.py
[2023-11-08T22:41:04.620+0000] {processor.py:839} INFO - DAG(s) dict_keys(['latest_only_with_trigger']) retrieved from /home/airflow/.local/lib/python3.8/site-packages/airflow/example_dags/example_latest_only_with_trigger.py
[2023-11-08T22:41:04.632+0000] {logging_mixin.py:154} INFO - [2023-11-08T22:41:04.631+0000] {dag.py:2941} INFO - Sync 1 DAGs
[2023-11-08T22:41:04.644+0000] {logging_mixin.py:154} INFO - [2023-11-08T22:41:04.644+0000] {dag.py:3722} INFO - Setting next_dagrun for latest_only_with_trigger to 2023-11-08T18:41:04.644176+00:00, run_after=2023-11-08T22:41:04.644176+00:00
[2023-11-08T22:41:04.654+0000] {processor.py:179} INFO - Processing /home/airflow/.local/lib/python3.8/site-packages/airflow/example_dags/example_latest_only_with_trigger.py took 0.040 seconds
[2023-11-08T22:41:35.310+0000] {processor.py:157} INFO - Started process (PID=1608) to work on /home/airflow/.local/lib/python3.8/site-packages/airflow/example_dags/example_latest_only_with_trigger.py
[2023-11-08T22:41:35.311+0000] {processor.py:829} INFO - Processing file /home/airflow/.local/lib/python3.8/site-packages/airflow/example_dags/example_latest_only_with_trigger.py for tasks to queue
[2023-11-08T22:41:35.312+0000] {logging_mixin.py:154} INFO - [2023-11-08T22:41:35.312+0000] {dagbag.py:536} INFO - Filling up the DagBag from /home/airflow/.local/lib/python3.8/site-packages/airflow/example_dags/example_latest_only_with_trigger.py
[2023-11-08T22:41:35.315+0000] {processor.py:839} INFO - DAG(s) dict_keys(['latest_only_with_trigger']) retrieved from /home/airflow/.local/lib/python3.8/site-packages/airflow/example_dags/example_latest_only_with_trigger.py
[2023-11-08T22:41:35.328+0000] {logging_mixin.py:154} INFO - [2023-11-08T22:41:35.328+0000] {dag.py:2941} INFO - Sync 1 DAGs
[2023-11-08T22:41:35.341+0000] {logging_mixin.py:154} INFO - [2023-11-08T22:41:35.341+0000] {dag.py:3722} INFO - Setting next_dagrun for latest_only_with_trigger to 2023-11-08T18:41:35.341221+00:00, run_after=2023-11-08T22:41:35.341221+00:00
[2023-11-08T22:41:35.352+0000] {processor.py:179} INFO - Processing /home/airflow/.local/lib/python3.8/site-packages/airflow/example_dags/example_latest_only_with_trigger.py took 0.044 seconds
[2023-11-08T22:42:05.897+0000] {processor.py:157} INFO - Started process (PID=1664) to work on /home/airflow/.local/lib/python3.8/site-packages/airflow/example_dags/example_latest_only_with_trigger.py
[2023-11-08T22:42:05.897+0000] {processor.py:829} INFO - Processing file /home/airflow/.local/lib/python3.8/site-packages/airflow/example_dags/example_latest_only_with_trigger.py for tasks to queue
[2023-11-08T22:42:05.898+0000] {logging_mixin.py:154} INFO - [2023-11-08T22:42:05.898+0000] {dagbag.py:536} INFO - Filling up the DagBag from /home/airflow/.local/lib/python3.8/site-packages/airflow/example_dags/example_latest_only_with_trigger.py
[2023-11-08T22:42:05.901+0000] {processor.py:839} INFO - DAG(s) dict_keys(['latest_only_with_trigger']) retrieved from /home/airflow/.local/lib/python3.8/site-packages/airflow/example_dags/example_latest_only_with_trigger.py
[2023-11-08T22:42:05.913+0000] {logging_mixin.py:154} INFO - [2023-11-08T22:42:05.913+0000] {dag.py:2941} INFO - Sync 1 DAGs
[2023-11-08T22:42:05.926+0000] {logging_mixin.py:154} INFO - [2023-11-08T22:42:05.926+0000] {dag.py:3722} INFO - Setting next_dagrun for latest_only_with_trigger to 2023-11-08T18:42:05.926350+00:00, run_after=2023-11-08T22:42:05.926350+00:00
[2023-11-08T22:42:05.936+0000] {processor.py:179} INFO - Processing /home/airflow/.local/lib/python3.8/site-packages/airflow/example_dags/example_latest_only_with_trigger.py took 0.041 seconds
[2023-11-08T22:42:36.430+0000] {processor.py:157} INFO - Started process (PID=1719) to work on /home/airflow/.local/lib/python3.8/site-packages/airflow/example_dags/example_latest_only_with_trigger.py
[2023-11-08T22:42:36.431+0000] {processor.py:829} INFO - Processing file /home/airflow/.local/lib/python3.8/site-packages/airflow/example_dags/example_latest_only_with_trigger.py for tasks to queue
[2023-11-08T22:42:36.432+0000] {logging_mixin.py:154} INFO - [2023-11-08T22:42:36.432+0000] {dagbag.py:536} INFO - Filling up the DagBag from /home/airflow/.local/lib/python3.8/site-packages/airflow/example_dags/example_latest_only_with_trigger.py
[2023-11-08T22:42:36.435+0000] {processor.py:839} INFO - DAG(s) dict_keys(['latest_only_with_trigger']) retrieved from /home/airflow/.local/lib/python3.8/site-packages/airflow/example_dags/example_latest_only_with_trigger.py
[2023-11-08T22:42:36.447+0000] {logging_mixin.py:154} INFO - [2023-11-08T22:42:36.447+0000] {dag.py:2941} INFO - Sync 1 DAGs
[2023-11-08T22:42:36.459+0000] {logging_mixin.py:154} INFO - [2023-11-08T22:42:36.459+0000] {dag.py:3722} INFO - Setting next_dagrun for latest_only_with_trigger to 2023-11-08T18:42:36.459228+00:00, run_after=2023-11-08T22:42:36.459228+00:00
[2023-11-08T22:42:36.472+0000] {processor.py:179} INFO - Processing /home/airflow/.local/lib/python3.8/site-packages/airflow/example_dags/example_latest_only_with_trigger.py took 0.043 seconds
[2023-11-08T22:43:07.154+0000] {processor.py:157} INFO - Started process (PID=1774) to work on /home/airflow/.local/lib/python3.8/site-packages/airflow/example_dags/example_latest_only_with_trigger.py
[2023-11-08T22:43:07.155+0000] {processor.py:829} INFO - Processing file /home/airflow/.local/lib/python3.8/site-packages/airflow/example_dags/example_latest_only_with_trigger.py for tasks to queue
[2023-11-08T22:43:07.156+0000] {logging_mixin.py:154} INFO - [2023-11-08T22:43:07.156+0000] {dagbag.py:536} INFO - Filling up the DagBag from /home/airflow/.local/lib/python3.8/site-packages/airflow/example_dags/example_latest_only_with_trigger.py
[2023-11-08T22:43:07.159+0000] {processor.py:839} INFO - DAG(s) dict_keys(['latest_only_with_trigger']) retrieved from /home/airflow/.local/lib/python3.8/site-packages/airflow/example_dags/example_latest_only_with_trigger.py
[2023-11-08T22:43:07.174+0000] {logging_mixin.py:154} INFO - [2023-11-08T22:43:07.174+0000] {dag.py:2941} INFO - Sync 1 DAGs
[2023-11-08T22:43:07.189+0000] {logging_mixin.py:154} INFO - [2023-11-08T22:43:07.189+0000] {dag.py:3722} INFO - Setting next_dagrun for latest_only_with_trigger to 2023-11-08T18:43:07.189354+00:00, run_after=2023-11-08T22:43:07.189354+00:00
[2023-11-08T22:43:07.202+0000] {processor.py:179} INFO - Processing /home/airflow/.local/lib/python3.8/site-packages/airflow/example_dags/example_latest_only_with_trigger.py took 0.050 seconds
[2023-11-08T22:43:38.892+0000] {processor.py:157} INFO - Started process (PID=73) to work on /home/airflow/.local/lib/python3.8/site-packages/airflow/example_dags/example_latest_only_with_trigger.py
[2023-11-08T22:43:38.893+0000] {processor.py:829} INFO - Processing file /home/airflow/.local/lib/python3.8/site-packages/airflow/example_dags/example_latest_only_with_trigger.py for tasks to queue
[2023-11-08T22:43:38.894+0000] {logging_mixin.py:154} INFO - [2023-11-08T22:43:38.894+0000] {dagbag.py:536} INFO - Filling up the DagBag from /home/airflow/.local/lib/python3.8/site-packages/airflow/example_dags/example_latest_only_with_trigger.py
[2023-11-08T22:43:38.899+0000] {processor.py:839} INFO - DAG(s) dict_keys(['latest_only_with_trigger']) retrieved from /home/airflow/.local/lib/python3.8/site-packages/airflow/example_dags/example_latest_only_with_trigger.py
[2023-11-08T22:43:38.909+0000] {logging_mixin.py:154} INFO - [2023-11-08T22:43:38.909+0000] {dag.py:2941} INFO - Sync 1 DAGs
[2023-11-08T22:43:38.924+0000] {logging_mixin.py:154} INFO - [2023-11-08T22:43:38.924+0000] {dag.py:3722} INFO - Setting next_dagrun for latest_only_with_trigger to 2023-11-08T18:43:38.924181+00:00, run_after=2023-11-08T22:43:38.924181+00:00
[2023-11-08T22:43:38.936+0000] {processor.py:179} INFO - Processing /home/airflow/.local/lib/python3.8/site-packages/airflow/example_dags/example_latest_only_with_trigger.py took 0.047 seconds
