[2023-11-08T22:09:15.684+0000] {processor.py:157} INFO - Started process (PID=46) to work on /home/airflow/.local/lib/python3.8/site-packages/airflow/example_dags/example_params_ui_tutorial.py
[2023-11-08T22:09:15.684+0000] {processor.py:829} INFO - Processing file /home/airflow/.local/lib/python3.8/site-packages/airflow/example_dags/example_params_ui_tutorial.py for tasks to queue
[2023-11-08T22:09:15.686+0000] {logging_mixin.py:154} INFO - [2023-11-08T22:09:15.685+0000] {dagbag.py:536} INFO - Filling up the DagBag from /home/airflow/.local/lib/python3.8/site-packages/airflow/example_dags/example_params_ui_tutorial.py
[2023-11-08T22:09:15.724+0000] {processor.py:839} INFO - DAG(s) dict_keys(['example_params_ui_tutorial']) retrieved from /home/airflow/.local/lib/python3.8/site-packages/airflow/example_dags/example_params_ui_tutorial.py
[2023-11-08T22:09:15.732+0000] {logging_mixin.py:154} INFO - [2023-11-08T22:09:15.732+0000] {dag.py:2941} INFO - Sync 1 DAGs
[2023-11-08T22:09:15.745+0000] {logging_mixin.py:154} INFO - [2023-11-08T22:09:15.745+0000] {dag.py:3722} INFO - Setting next_dagrun for example_params_ui_tutorial to None, run_after=None
[2023-11-08T22:09:15.761+0000] {processor.py:179} INFO - Processing /home/airflow/.local/lib/python3.8/site-packages/airflow/example_dags/example_params_ui_tutorial.py took 0.079 seconds
[2023-11-08T22:09:46.353+0000] {processor.py:157} INFO - Started process (PID=101) to work on /home/airflow/.local/lib/python3.8/site-packages/airflow/example_dags/example_params_ui_tutorial.py
[2023-11-08T22:09:46.353+0000] {processor.py:829} INFO - Processing file /home/airflow/.local/lib/python3.8/site-packages/airflow/example_dags/example_params_ui_tutorial.py for tasks to queue
[2023-11-08T22:09:46.354+0000] {logging_mixin.py:154} INFO - [2023-11-08T22:09:46.354+0000] {dagbag.py:536} INFO - Filling up the DagBag from /home/airflow/.local/lib/python3.8/site-packages/airflow/example_dags/example_params_ui_tutorial.py
[2023-11-08T22:09:46.377+0000] {processor.py:839} INFO - DAG(s) dict_keys(['example_params_ui_tutorial']) retrieved from /home/airflow/.local/lib/python3.8/site-packages/airflow/example_dags/example_params_ui_tutorial.py
[2023-11-08T22:09:46.414+0000] {logging_mixin.py:154} INFO - [2023-11-08T22:09:46.414+0000] {dag.py:2941} INFO - Sync 1 DAGs
[2023-11-08T22:09:46.423+0000] {logging_mixin.py:154} INFO - [2023-11-08T22:09:46.422+0000] {dag.py:3722} INFO - Setting next_dagrun for example_params_ui_tutorial to None, run_after=None
[2023-11-08T22:09:46.433+0000] {processor.py:179} INFO - Processing /home/airflow/.local/lib/python3.8/site-packages/airflow/example_dags/example_params_ui_tutorial.py took 0.082 seconds
[2023-11-08T22:11:49.960+0000] {processor.py:157} INFO - Started process (PID=46) to work on /home/airflow/.local/lib/python3.8/site-packages/airflow/example_dags/example_params_ui_tutorial.py
[2023-11-08T22:11:49.961+0000] {processor.py:829} INFO - Processing file /home/airflow/.local/lib/python3.8/site-packages/airflow/example_dags/example_params_ui_tutorial.py for tasks to queue
[2023-11-08T22:11:49.962+0000] {logging_mixin.py:154} INFO - [2023-11-08T22:11:49.962+0000] {dagbag.py:536} INFO - Filling up the DagBag from /home/airflow/.local/lib/python3.8/site-packages/airflow/example_dags/example_params_ui_tutorial.py
[2023-11-08T22:11:50.000+0000] {processor.py:839} INFO - DAG(s) dict_keys(['example_params_ui_tutorial']) retrieved from /home/airflow/.local/lib/python3.8/site-packages/airflow/example_dags/example_params_ui_tutorial.py
[2023-11-08T22:11:50.008+0000] {logging_mixin.py:154} INFO - [2023-11-08T22:11:50.008+0000] {dag.py:2941} INFO - Sync 1 DAGs
[2023-11-08T22:11:50.022+0000] {logging_mixin.py:154} INFO - [2023-11-08T22:11:50.022+0000] {dag.py:3722} INFO - Setting next_dagrun for example_params_ui_tutorial to None, run_after=None
[2023-11-08T22:11:50.048+0000] {processor.py:179} INFO - Processing /home/airflow/.local/lib/python3.8/site-packages/airflow/example_dags/example_params_ui_tutorial.py took 0.090 seconds
[2023-11-08T22:12:20.093+0000] {processor.py:157} INFO - Started process (PID=100) to work on /home/airflow/.local/lib/python3.8/site-packages/airflow/example_dags/example_params_ui_tutorial.py
[2023-11-08T22:12:20.094+0000] {processor.py:829} INFO - Processing file /home/airflow/.local/lib/python3.8/site-packages/airflow/example_dags/example_params_ui_tutorial.py for tasks to queue
[2023-11-08T22:12:20.095+0000] {logging_mixin.py:154} INFO - [2023-11-08T22:12:20.095+0000] {dagbag.py:536} INFO - Filling up the DagBag from /home/airflow/.local/lib/python3.8/site-packages/airflow/example_dags/example_params_ui_tutorial.py
[2023-11-08T22:12:20.116+0000] {processor.py:839} INFO - DAG(s) dict_keys(['example_params_ui_tutorial']) retrieved from /home/airflow/.local/lib/python3.8/site-packages/airflow/example_dags/example_params_ui_tutorial.py
[2023-11-08T22:12:20.145+0000] {logging_mixin.py:154} INFO - [2023-11-08T22:12:20.145+0000] {dag.py:2941} INFO - Sync 1 DAGs
[2023-11-08T22:12:20.152+0000] {logging_mixin.py:154} INFO - [2023-11-08T22:12:20.152+0000] {dag.py:3722} INFO - Setting next_dagrun for example_params_ui_tutorial to None, run_after=None
[2023-11-08T22:12:20.161+0000] {processor.py:179} INFO - Processing /home/airflow/.local/lib/python3.8/site-packages/airflow/example_dags/example_params_ui_tutorial.py took 0.070 seconds
[2023-11-08T22:12:50.189+0000] {processor.py:157} INFO - Started process (PID=154) to work on /home/airflow/.local/lib/python3.8/site-packages/airflow/example_dags/example_params_ui_tutorial.py
[2023-11-08T22:12:50.189+0000] {processor.py:829} INFO - Processing file /home/airflow/.local/lib/python3.8/site-packages/airflow/example_dags/example_params_ui_tutorial.py for tasks to queue
[2023-11-08T22:12:50.190+0000] {logging_mixin.py:154} INFO - [2023-11-08T22:12:50.190+0000] {dagbag.py:536} INFO - Filling up the DagBag from /home/airflow/.local/lib/python3.8/site-packages/airflow/example_dags/example_params_ui_tutorial.py
[2023-11-08T22:12:50.209+0000] {processor.py:839} INFO - DAG(s) dict_keys(['example_params_ui_tutorial']) retrieved from /home/airflow/.local/lib/python3.8/site-packages/airflow/example_dags/example_params_ui_tutorial.py
[2023-11-08T22:12:50.239+0000] {logging_mixin.py:154} INFO - [2023-11-08T22:12:50.239+0000] {dag.py:2941} INFO - Sync 1 DAGs
[2023-11-08T22:12:50.246+0000] {logging_mixin.py:154} INFO - [2023-11-08T22:12:50.246+0000] {dag.py:3722} INFO - Setting next_dagrun for example_params_ui_tutorial to None, run_after=None
[2023-11-08T22:12:50.255+0000] {processor.py:179} INFO - Processing /home/airflow/.local/lib/python3.8/site-packages/airflow/example_dags/example_params_ui_tutorial.py took 0.068 seconds
[2023-11-08T22:13:20.765+0000] {processor.py:157} INFO - Started process (PID=208) to work on /home/airflow/.local/lib/python3.8/site-packages/airflow/example_dags/example_params_ui_tutorial.py
[2023-11-08T22:13:20.766+0000] {processor.py:829} INFO - Processing file /home/airflow/.local/lib/python3.8/site-packages/airflow/example_dags/example_params_ui_tutorial.py for tasks to queue
[2023-11-08T22:13:20.767+0000] {logging_mixin.py:154} INFO - [2023-11-08T22:13:20.767+0000] {dagbag.py:536} INFO - Filling up the DagBag from /home/airflow/.local/lib/python3.8/site-packages/airflow/example_dags/example_params_ui_tutorial.py
[2023-11-08T22:13:20.787+0000] {processor.py:839} INFO - DAG(s) dict_keys(['example_params_ui_tutorial']) retrieved from /home/airflow/.local/lib/python3.8/site-packages/airflow/example_dags/example_params_ui_tutorial.py
[2023-11-08T22:13:20.819+0000] {logging_mixin.py:154} INFO - [2023-11-08T22:13:20.819+0000] {dag.py:2941} INFO - Sync 1 DAGs
[2023-11-08T22:13:20.827+0000] {logging_mixin.py:154} INFO - [2023-11-08T22:13:20.827+0000] {dag.py:3722} INFO - Setting next_dagrun for example_params_ui_tutorial to None, run_after=None
[2023-11-08T22:13:20.839+0000] {processor.py:179} INFO - Processing /home/airflow/.local/lib/python3.8/site-packages/airflow/example_dags/example_params_ui_tutorial.py took 0.075 seconds
[2023-11-08T22:13:51.415+0000] {processor.py:157} INFO - Started process (PID=262) to work on /home/airflow/.local/lib/python3.8/site-packages/airflow/example_dags/example_params_ui_tutorial.py
[2023-11-08T22:13:51.416+0000] {processor.py:829} INFO - Processing file /home/airflow/.local/lib/python3.8/site-packages/airflow/example_dags/example_params_ui_tutorial.py for tasks to queue
[2023-11-08T22:13:51.417+0000] {logging_mixin.py:154} INFO - [2023-11-08T22:13:51.417+0000] {dagbag.py:536} INFO - Filling up the DagBag from /home/airflow/.local/lib/python3.8/site-packages/airflow/example_dags/example_params_ui_tutorial.py
[2023-11-08T22:13:51.439+0000] {processor.py:839} INFO - DAG(s) dict_keys(['example_params_ui_tutorial']) retrieved from /home/airflow/.local/lib/python3.8/site-packages/airflow/example_dags/example_params_ui_tutorial.py
[2023-11-08T22:13:51.472+0000] {logging_mixin.py:154} INFO - [2023-11-08T22:13:51.472+0000] {dag.py:2941} INFO - Sync 1 DAGs
[2023-11-08T22:13:51.479+0000] {logging_mixin.py:154} INFO - [2023-11-08T22:13:51.479+0000] {dag.py:3722} INFO - Setting next_dagrun for example_params_ui_tutorial to None, run_after=None
[2023-11-08T22:13:51.490+0000] {processor.py:179} INFO - Processing /home/airflow/.local/lib/python3.8/site-packages/airflow/example_dags/example_params_ui_tutorial.py took 0.076 seconds
[2023-11-08T22:14:22.109+0000] {processor.py:157} INFO - Started process (PID=316) to work on /home/airflow/.local/lib/python3.8/site-packages/airflow/example_dags/example_params_ui_tutorial.py
[2023-11-08T22:14:22.110+0000] {processor.py:829} INFO - Processing file /home/airflow/.local/lib/python3.8/site-packages/airflow/example_dags/example_params_ui_tutorial.py for tasks to queue
[2023-11-08T22:14:22.111+0000] {logging_mixin.py:154} INFO - [2023-11-08T22:14:22.111+0000] {dagbag.py:536} INFO - Filling up the DagBag from /home/airflow/.local/lib/python3.8/site-packages/airflow/example_dags/example_params_ui_tutorial.py
[2023-11-08T22:14:22.130+0000] {processor.py:839} INFO - DAG(s) dict_keys(['example_params_ui_tutorial']) retrieved from /home/airflow/.local/lib/python3.8/site-packages/airflow/example_dags/example_params_ui_tutorial.py
[2023-11-08T22:14:22.161+0000] {logging_mixin.py:154} INFO - [2023-11-08T22:14:22.161+0000] {dag.py:2941} INFO - Sync 1 DAGs
[2023-11-08T22:14:22.169+0000] {logging_mixin.py:154} INFO - [2023-11-08T22:14:22.169+0000] {dag.py:3722} INFO - Setting next_dagrun for example_params_ui_tutorial to None, run_after=None
[2023-11-08T22:14:22.178+0000] {processor.py:179} INFO - Processing /home/airflow/.local/lib/python3.8/site-packages/airflow/example_dags/example_params_ui_tutorial.py took 0.071 seconds
[2023-11-08T22:14:52.688+0000] {processor.py:157} INFO - Started process (PID=370) to work on /home/airflow/.local/lib/python3.8/site-packages/airflow/example_dags/example_params_ui_tutorial.py
[2023-11-08T22:14:52.689+0000] {processor.py:829} INFO - Processing file /home/airflow/.local/lib/python3.8/site-packages/airflow/example_dags/example_params_ui_tutorial.py for tasks to queue
[2023-11-08T22:14:52.690+0000] {logging_mixin.py:154} INFO - [2023-11-08T22:14:52.690+0000] {dagbag.py:536} INFO - Filling up the DagBag from /home/airflow/.local/lib/python3.8/site-packages/airflow/example_dags/example_params_ui_tutorial.py
[2023-11-08T22:14:52.709+0000] {processor.py:839} INFO - DAG(s) dict_keys(['example_params_ui_tutorial']) retrieved from /home/airflow/.local/lib/python3.8/site-packages/airflow/example_dags/example_params_ui_tutorial.py
[2023-11-08T22:14:52.739+0000] {logging_mixin.py:154} INFO - [2023-11-08T22:14:52.739+0000] {dag.py:2941} INFO - Sync 1 DAGs
[2023-11-08T22:14:52.746+0000] {logging_mixin.py:154} INFO - [2023-11-08T22:14:52.746+0000] {dag.py:3722} INFO - Setting next_dagrun for example_params_ui_tutorial to None, run_after=None
[2023-11-08T22:14:52.756+0000] {processor.py:179} INFO - Processing /home/airflow/.local/lib/python3.8/site-packages/airflow/example_dags/example_params_ui_tutorial.py took 0.070 seconds
[2023-11-08T22:15:23.376+0000] {processor.py:157} INFO - Started process (PID=425) to work on /home/airflow/.local/lib/python3.8/site-packages/airflow/example_dags/example_params_ui_tutorial.py
[2023-11-08T22:15:23.376+0000] {processor.py:829} INFO - Processing file /home/airflow/.local/lib/python3.8/site-packages/airflow/example_dags/example_params_ui_tutorial.py for tasks to queue
[2023-11-08T22:15:23.378+0000] {logging_mixin.py:154} INFO - [2023-11-08T22:15:23.377+0000] {dagbag.py:536} INFO - Filling up the DagBag from /home/airflow/.local/lib/python3.8/site-packages/airflow/example_dags/example_params_ui_tutorial.py
[2023-11-08T22:15:23.399+0000] {processor.py:839} INFO - DAG(s) dict_keys(['example_params_ui_tutorial']) retrieved from /home/airflow/.local/lib/python3.8/site-packages/airflow/example_dags/example_params_ui_tutorial.py
[2023-11-08T22:15:23.433+0000] {logging_mixin.py:154} INFO - [2023-11-08T22:15:23.433+0000] {dag.py:2941} INFO - Sync 1 DAGs
[2023-11-08T22:15:23.442+0000] {logging_mixin.py:154} INFO - [2023-11-08T22:15:23.442+0000] {dag.py:3722} INFO - Setting next_dagrun for example_params_ui_tutorial to None, run_after=None
[2023-11-08T22:15:23.452+0000] {processor.py:179} INFO - Processing /home/airflow/.local/lib/python3.8/site-packages/airflow/example_dags/example_params_ui_tutorial.py took 0.078 seconds
[2023-11-08T22:15:54.072+0000] {processor.py:157} INFO - Started process (PID=479) to work on /home/airflow/.local/lib/python3.8/site-packages/airflow/example_dags/example_params_ui_tutorial.py
[2023-11-08T22:15:54.073+0000] {processor.py:829} INFO - Processing file /home/airflow/.local/lib/python3.8/site-packages/airflow/example_dags/example_params_ui_tutorial.py for tasks to queue
[2023-11-08T22:15:54.074+0000] {logging_mixin.py:154} INFO - [2023-11-08T22:15:54.074+0000] {dagbag.py:536} INFO - Filling up the DagBag from /home/airflow/.local/lib/python3.8/site-packages/airflow/example_dags/example_params_ui_tutorial.py
[2023-11-08T22:15:54.093+0000] {processor.py:839} INFO - DAG(s) dict_keys(['example_params_ui_tutorial']) retrieved from /home/airflow/.local/lib/python3.8/site-packages/airflow/example_dags/example_params_ui_tutorial.py
[2023-11-08T22:15:54.128+0000] {logging_mixin.py:154} INFO - [2023-11-08T22:15:54.128+0000] {dag.py:2941} INFO - Sync 1 DAGs
[2023-11-08T22:15:54.135+0000] {logging_mixin.py:154} INFO - [2023-11-08T22:15:54.135+0000] {dag.py:3722} INFO - Setting next_dagrun for example_params_ui_tutorial to None, run_after=None
[2023-11-08T22:15:54.145+0000] {processor.py:179} INFO - Processing /home/airflow/.local/lib/python3.8/site-packages/airflow/example_dags/example_params_ui_tutorial.py took 0.075 seconds
[2023-11-08T22:16:24.631+0000] {processor.py:157} INFO - Started process (PID=532) to work on /home/airflow/.local/lib/python3.8/site-packages/airflow/example_dags/example_params_ui_tutorial.py
[2023-11-08T22:16:24.632+0000] {processor.py:829} INFO - Processing file /home/airflow/.local/lib/python3.8/site-packages/airflow/example_dags/example_params_ui_tutorial.py for tasks to queue
[2023-11-08T22:16:24.633+0000] {logging_mixin.py:154} INFO - [2023-11-08T22:16:24.633+0000] {dagbag.py:536} INFO - Filling up the DagBag from /home/airflow/.local/lib/python3.8/site-packages/airflow/example_dags/example_params_ui_tutorial.py
[2023-11-08T22:16:24.653+0000] {processor.py:839} INFO - DAG(s) dict_keys(['example_params_ui_tutorial']) retrieved from /home/airflow/.local/lib/python3.8/site-packages/airflow/example_dags/example_params_ui_tutorial.py
[2023-11-08T22:16:24.688+0000] {logging_mixin.py:154} INFO - [2023-11-08T22:16:24.688+0000] {dag.py:2941} INFO - Sync 1 DAGs
[2023-11-08T22:16:24.695+0000] {logging_mixin.py:154} INFO - [2023-11-08T22:16:24.695+0000] {dag.py:3722} INFO - Setting next_dagrun for example_params_ui_tutorial to None, run_after=None
[2023-11-08T22:16:24.705+0000] {processor.py:179} INFO - Processing /home/airflow/.local/lib/python3.8/site-packages/airflow/example_dags/example_params_ui_tutorial.py took 0.076 seconds
[2023-11-08T22:16:55.365+0000] {processor.py:157} INFO - Started process (PID=586) to work on /home/airflow/.local/lib/python3.8/site-packages/airflow/example_dags/example_params_ui_tutorial.py
[2023-11-08T22:16:55.366+0000] {processor.py:829} INFO - Processing file /home/airflow/.local/lib/python3.8/site-packages/airflow/example_dags/example_params_ui_tutorial.py for tasks to queue
[2023-11-08T22:16:55.367+0000] {logging_mixin.py:154} INFO - [2023-11-08T22:16:55.367+0000] {dagbag.py:536} INFO - Filling up the DagBag from /home/airflow/.local/lib/python3.8/site-packages/airflow/example_dags/example_params_ui_tutorial.py
[2023-11-08T22:16:55.389+0000] {processor.py:839} INFO - DAG(s) dict_keys(['example_params_ui_tutorial']) retrieved from /home/airflow/.local/lib/python3.8/site-packages/airflow/example_dags/example_params_ui_tutorial.py
[2023-11-08T22:16:55.422+0000] {logging_mixin.py:154} INFO - [2023-11-08T22:16:55.422+0000] {dag.py:2941} INFO - Sync 1 DAGs
[2023-11-08T22:16:55.430+0000] {logging_mixin.py:154} INFO - [2023-11-08T22:16:55.430+0000] {dag.py:3722} INFO - Setting next_dagrun for example_params_ui_tutorial to None, run_after=None
[2023-11-08T22:16:55.440+0000] {processor.py:179} INFO - Processing /home/airflow/.local/lib/python3.8/site-packages/airflow/example_dags/example_params_ui_tutorial.py took 0.077 seconds
[2023-11-08T22:17:25.976+0000] {processor.py:157} INFO - Started process (PID=641) to work on /home/airflow/.local/lib/python3.8/site-packages/airflow/example_dags/example_params_ui_tutorial.py
[2023-11-08T22:17:25.977+0000] {processor.py:829} INFO - Processing file /home/airflow/.local/lib/python3.8/site-packages/airflow/example_dags/example_params_ui_tutorial.py for tasks to queue
[2023-11-08T22:17:25.979+0000] {logging_mixin.py:154} INFO - [2023-11-08T22:17:25.978+0000] {dagbag.py:536} INFO - Filling up the DagBag from /home/airflow/.local/lib/python3.8/site-packages/airflow/example_dags/example_params_ui_tutorial.py
[2023-11-08T22:17:26.011+0000] {processor.py:839} INFO - DAG(s) dict_keys(['example_params_ui_tutorial']) retrieved from /home/airflow/.local/lib/python3.8/site-packages/airflow/example_dags/example_params_ui_tutorial.py
[2023-11-08T22:17:26.061+0000] {logging_mixin.py:154} INFO - [2023-11-08T22:17:26.060+0000] {dag.py:2941} INFO - Sync 1 DAGs
[2023-11-08T22:17:26.071+0000] {logging_mixin.py:154} INFO - [2023-11-08T22:17:26.070+0000] {dag.py:3722} INFO - Setting next_dagrun for example_params_ui_tutorial to None, run_after=None
[2023-11-08T22:17:26.081+0000] {processor.py:179} INFO - Processing /home/airflow/.local/lib/python3.8/site-packages/airflow/example_dags/example_params_ui_tutorial.py took 0.107 seconds
[2023-11-08T22:17:56.686+0000] {processor.py:157} INFO - Started process (PID=695) to work on /home/airflow/.local/lib/python3.8/site-packages/airflow/example_dags/example_params_ui_tutorial.py
[2023-11-08T22:17:56.687+0000] {processor.py:829} INFO - Processing file /home/airflow/.local/lib/python3.8/site-packages/airflow/example_dags/example_params_ui_tutorial.py for tasks to queue
[2023-11-08T22:17:56.688+0000] {logging_mixin.py:154} INFO - [2023-11-08T22:17:56.688+0000] {dagbag.py:536} INFO - Filling up the DagBag from /home/airflow/.local/lib/python3.8/site-packages/airflow/example_dags/example_params_ui_tutorial.py
[2023-11-08T22:17:56.709+0000] {processor.py:839} INFO - DAG(s) dict_keys(['example_params_ui_tutorial']) retrieved from /home/airflow/.local/lib/python3.8/site-packages/airflow/example_dags/example_params_ui_tutorial.py
[2023-11-08T22:17:56.744+0000] {logging_mixin.py:154} INFO - [2023-11-08T22:17:56.743+0000] {dag.py:2941} INFO - Sync 1 DAGs
[2023-11-08T22:17:56.751+0000] {logging_mixin.py:154} INFO - [2023-11-08T22:17:56.751+0000] {dag.py:3722} INFO - Setting next_dagrun for example_params_ui_tutorial to None, run_after=None
[2023-11-08T22:17:56.761+0000] {processor.py:179} INFO - Processing /home/airflow/.local/lib/python3.8/site-packages/airflow/example_dags/example_params_ui_tutorial.py took 0.076 seconds
[2023-11-08T22:18:27.391+0000] {processor.py:157} INFO - Started process (PID=750) to work on /home/airflow/.local/lib/python3.8/site-packages/airflow/example_dags/example_params_ui_tutorial.py
[2023-11-08T22:18:27.392+0000] {processor.py:829} INFO - Processing file /home/airflow/.local/lib/python3.8/site-packages/airflow/example_dags/example_params_ui_tutorial.py for tasks to queue
[2023-11-08T22:18:27.393+0000] {logging_mixin.py:154} INFO - [2023-11-08T22:18:27.393+0000] {dagbag.py:536} INFO - Filling up the DagBag from /home/airflow/.local/lib/python3.8/site-packages/airflow/example_dags/example_params_ui_tutorial.py
[2023-11-08T22:18:27.416+0000] {processor.py:839} INFO - DAG(s) dict_keys(['example_params_ui_tutorial']) retrieved from /home/airflow/.local/lib/python3.8/site-packages/airflow/example_dags/example_params_ui_tutorial.py
[2023-11-08T22:18:27.456+0000] {logging_mixin.py:154} INFO - [2023-11-08T22:18:27.456+0000] {dag.py:2941} INFO - Sync 1 DAGs
[2023-11-08T22:18:27.469+0000] {logging_mixin.py:154} INFO - [2023-11-08T22:18:27.468+0000] {dag.py:3722} INFO - Setting next_dagrun for example_params_ui_tutorial to None, run_after=None
[2023-11-08T22:18:27.485+0000] {processor.py:179} INFO - Processing /home/airflow/.local/lib/python3.8/site-packages/airflow/example_dags/example_params_ui_tutorial.py took 0.096 seconds
[2023-11-08T22:18:58.411+0000] {processor.py:157} INFO - Started process (PID=804) to work on /home/airflow/.local/lib/python3.8/site-packages/airflow/example_dags/example_params_ui_tutorial.py
[2023-11-08T22:18:58.413+0000] {processor.py:829} INFO - Processing file /home/airflow/.local/lib/python3.8/site-packages/airflow/example_dags/example_params_ui_tutorial.py for tasks to queue
[2023-11-08T22:18:58.415+0000] {logging_mixin.py:154} INFO - [2023-11-08T22:18:58.415+0000] {dagbag.py:536} INFO - Filling up the DagBag from /home/airflow/.local/lib/python3.8/site-packages/airflow/example_dags/example_params_ui_tutorial.py
[2023-11-08T22:18:58.439+0000] {processor.py:839} INFO - DAG(s) dict_keys(['example_params_ui_tutorial']) retrieved from /home/airflow/.local/lib/python3.8/site-packages/airflow/example_dags/example_params_ui_tutorial.py
[2023-11-08T22:18:58.472+0000] {logging_mixin.py:154} INFO - [2023-11-08T22:18:58.472+0000] {dag.py:2941} INFO - Sync 1 DAGs
[2023-11-08T22:18:58.480+0000] {logging_mixin.py:154} INFO - [2023-11-08T22:18:58.480+0000] {dag.py:3722} INFO - Setting next_dagrun for example_params_ui_tutorial to None, run_after=None
[2023-11-08T22:18:58.491+0000] {processor.py:179} INFO - Processing /home/airflow/.local/lib/python3.8/site-packages/airflow/example_dags/example_params_ui_tutorial.py took 0.082 seconds
[2023-11-08T22:19:28.639+0000] {processor.py:157} INFO - Started process (PID=858) to work on /home/airflow/.local/lib/python3.8/site-packages/airflow/example_dags/example_params_ui_tutorial.py
[2023-11-08T22:19:28.640+0000] {processor.py:829} INFO - Processing file /home/airflow/.local/lib/python3.8/site-packages/airflow/example_dags/example_params_ui_tutorial.py for tasks to queue
[2023-11-08T22:19:28.641+0000] {logging_mixin.py:154} INFO - [2023-11-08T22:19:28.641+0000] {dagbag.py:536} INFO - Filling up the DagBag from /home/airflow/.local/lib/python3.8/site-packages/airflow/example_dags/example_params_ui_tutorial.py
[2023-11-08T22:19:28.664+0000] {processor.py:839} INFO - DAG(s) dict_keys(['example_params_ui_tutorial']) retrieved from /home/airflow/.local/lib/python3.8/site-packages/airflow/example_dags/example_params_ui_tutorial.py
[2023-11-08T22:19:28.698+0000] {logging_mixin.py:154} INFO - [2023-11-08T22:19:28.697+0000] {dag.py:2941} INFO - Sync 1 DAGs
[2023-11-08T22:19:28.705+0000] {logging_mixin.py:154} INFO - [2023-11-08T22:19:28.705+0000] {dag.py:3722} INFO - Setting next_dagrun for example_params_ui_tutorial to None, run_after=None
[2023-11-08T22:19:28.718+0000] {processor.py:179} INFO - Processing /home/airflow/.local/lib/python3.8/site-packages/airflow/example_dags/example_params_ui_tutorial.py took 0.080 seconds
[2023-11-08T22:19:59.483+0000] {processor.py:157} INFO - Started process (PID=912) to work on /home/airflow/.local/lib/python3.8/site-packages/airflow/example_dags/example_params_ui_tutorial.py
[2023-11-08T22:19:59.486+0000] {processor.py:829} INFO - Processing file /home/airflow/.local/lib/python3.8/site-packages/airflow/example_dags/example_params_ui_tutorial.py for tasks to queue
[2023-11-08T22:19:59.488+0000] {logging_mixin.py:154} INFO - [2023-11-08T22:19:59.487+0000] {dagbag.py:536} INFO - Filling up the DagBag from /home/airflow/.local/lib/python3.8/site-packages/airflow/example_dags/example_params_ui_tutorial.py
[2023-11-08T22:19:59.513+0000] {processor.py:839} INFO - DAG(s) dict_keys(['example_params_ui_tutorial']) retrieved from /home/airflow/.local/lib/python3.8/site-packages/airflow/example_dags/example_params_ui_tutorial.py
[2023-11-08T22:19:59.546+0000] {logging_mixin.py:154} INFO - [2023-11-08T22:19:59.546+0000] {dag.py:2941} INFO - Sync 1 DAGs
[2023-11-08T22:19:59.554+0000] {logging_mixin.py:154} INFO - [2023-11-08T22:19:59.554+0000] {dag.py:3722} INFO - Setting next_dagrun for example_params_ui_tutorial to None, run_after=None
[2023-11-08T22:19:59.660+0000] {processor.py:179} INFO - Processing /home/airflow/.local/lib/python3.8/site-packages/airflow/example_dags/example_params_ui_tutorial.py took 0.179 seconds
[2023-11-08T22:20:29.719+0000] {processor.py:157} INFO - Started process (PID=966) to work on /home/airflow/.local/lib/python3.8/site-packages/airflow/example_dags/example_params_ui_tutorial.py
[2023-11-08T22:20:29.722+0000] {processor.py:829} INFO - Processing file /home/airflow/.local/lib/python3.8/site-packages/airflow/example_dags/example_params_ui_tutorial.py for tasks to queue
[2023-11-08T22:20:29.723+0000] {logging_mixin.py:154} INFO - [2023-11-08T22:20:29.723+0000] {dagbag.py:536} INFO - Filling up the DagBag from /home/airflow/.local/lib/python3.8/site-packages/airflow/example_dags/example_params_ui_tutorial.py
[2023-11-08T22:20:29.745+0000] {processor.py:839} INFO - DAG(s) dict_keys(['example_params_ui_tutorial']) retrieved from /home/airflow/.local/lib/python3.8/site-packages/airflow/example_dags/example_params_ui_tutorial.py
[2023-11-08T22:20:29.777+0000] {logging_mixin.py:154} INFO - [2023-11-08T22:20:29.777+0000] {dag.py:2941} INFO - Sync 1 DAGs
[2023-11-08T22:20:29.784+0000] {logging_mixin.py:154} INFO - [2023-11-08T22:20:29.784+0000] {dag.py:3722} INFO - Setting next_dagrun for example_params_ui_tutorial to None, run_after=None
[2023-11-08T22:20:29.794+0000] {processor.py:179} INFO - Processing /home/airflow/.local/lib/python3.8/site-packages/airflow/example_dags/example_params_ui_tutorial.py took 0.076 seconds
[2023-11-08T22:20:59.853+0000] {processor.py:157} INFO - Started process (PID=1020) to work on /home/airflow/.local/lib/python3.8/site-packages/airflow/example_dags/example_params_ui_tutorial.py
[2023-11-08T22:20:59.853+0000] {processor.py:829} INFO - Processing file /home/airflow/.local/lib/python3.8/site-packages/airflow/example_dags/example_params_ui_tutorial.py for tasks to queue
[2023-11-08T22:20:59.854+0000] {logging_mixin.py:154} INFO - [2023-11-08T22:20:59.854+0000] {dagbag.py:536} INFO - Filling up the DagBag from /home/airflow/.local/lib/python3.8/site-packages/airflow/example_dags/example_params_ui_tutorial.py
[2023-11-08T22:20:59.879+0000] {processor.py:839} INFO - DAG(s) dict_keys(['example_params_ui_tutorial']) retrieved from /home/airflow/.local/lib/python3.8/site-packages/airflow/example_dags/example_params_ui_tutorial.py
[2023-11-08T22:20:59.916+0000] {logging_mixin.py:154} INFO - [2023-11-08T22:20:59.916+0000] {dag.py:2941} INFO - Sync 1 DAGs
[2023-11-08T22:20:59.924+0000] {logging_mixin.py:154} INFO - [2023-11-08T22:20:59.924+0000] {dag.py:3722} INFO - Setting next_dagrun for example_params_ui_tutorial to None, run_after=None
[2023-11-08T22:20:59.936+0000] {processor.py:179} INFO - Processing /home/airflow/.local/lib/python3.8/site-packages/airflow/example_dags/example_params_ui_tutorial.py took 0.085 seconds
[2023-11-08T22:21:30.347+0000] {processor.py:157} INFO - Started process (PID=1073) to work on /home/airflow/.local/lib/python3.8/site-packages/airflow/example_dags/example_params_ui_tutorial.py
[2023-11-08T22:21:30.348+0000] {processor.py:829} INFO - Processing file /home/airflow/.local/lib/python3.8/site-packages/airflow/example_dags/example_params_ui_tutorial.py for tasks to queue
[2023-11-08T22:21:30.349+0000] {logging_mixin.py:154} INFO - [2023-11-08T22:21:30.349+0000] {dagbag.py:536} INFO - Filling up the DagBag from /home/airflow/.local/lib/python3.8/site-packages/airflow/example_dags/example_params_ui_tutorial.py
[2023-11-08T22:21:30.370+0000] {processor.py:839} INFO - DAG(s) dict_keys(['example_params_ui_tutorial']) retrieved from /home/airflow/.local/lib/python3.8/site-packages/airflow/example_dags/example_params_ui_tutorial.py
[2023-11-08T22:21:30.403+0000] {logging_mixin.py:154} INFO - [2023-11-08T22:21:30.403+0000] {dag.py:2941} INFO - Sync 1 DAGs
[2023-11-08T22:21:30.504+0000] {logging_mixin.py:154} INFO - [2023-11-08T22:21:30.504+0000] {dag.py:3722} INFO - Setting next_dagrun for example_params_ui_tutorial to None, run_after=None
[2023-11-08T22:21:30.515+0000] {processor.py:179} INFO - Processing /home/airflow/.local/lib/python3.8/site-packages/airflow/example_dags/example_params_ui_tutorial.py took 0.170 seconds
[2023-11-08T22:22:00.801+0000] {processor.py:157} INFO - Started process (PID=1127) to work on /home/airflow/.local/lib/python3.8/site-packages/airflow/example_dags/example_params_ui_tutorial.py
[2023-11-08T22:22:00.802+0000] {processor.py:829} INFO - Processing file /home/airflow/.local/lib/python3.8/site-packages/airflow/example_dags/example_params_ui_tutorial.py for tasks to queue
[2023-11-08T22:22:00.803+0000] {logging_mixin.py:154} INFO - [2023-11-08T22:22:00.803+0000] {dagbag.py:536} INFO - Filling up the DagBag from /home/airflow/.local/lib/python3.8/site-packages/airflow/example_dags/example_params_ui_tutorial.py
[2023-11-08T22:22:00.823+0000] {processor.py:839} INFO - DAG(s) dict_keys(['example_params_ui_tutorial']) retrieved from /home/airflow/.local/lib/python3.8/site-packages/airflow/example_dags/example_params_ui_tutorial.py
[2023-11-08T22:22:00.853+0000] {logging_mixin.py:154} INFO - [2023-11-08T22:22:00.853+0000] {dag.py:2941} INFO - Sync 1 DAGs
[2023-11-08T22:22:00.860+0000] {logging_mixin.py:154} INFO - [2023-11-08T22:22:00.860+0000] {dag.py:3722} INFO - Setting next_dagrun for example_params_ui_tutorial to None, run_after=None
[2023-11-08T22:22:00.872+0000] {processor.py:179} INFO - Processing /home/airflow/.local/lib/python3.8/site-packages/airflow/example_dags/example_params_ui_tutorial.py took 0.073 seconds
[2023-11-08T22:22:31.185+0000] {processor.py:157} INFO - Started process (PID=1180) to work on /home/airflow/.local/lib/python3.8/site-packages/airflow/example_dags/example_params_ui_tutorial.py
[2023-11-08T22:22:31.186+0000] {processor.py:829} INFO - Processing file /home/airflow/.local/lib/python3.8/site-packages/airflow/example_dags/example_params_ui_tutorial.py for tasks to queue
[2023-11-08T22:22:31.187+0000] {logging_mixin.py:154} INFO - [2023-11-08T22:22:31.186+0000] {dagbag.py:536} INFO - Filling up the DagBag from /home/airflow/.local/lib/python3.8/site-packages/airflow/example_dags/example_params_ui_tutorial.py
[2023-11-08T22:22:31.206+0000] {processor.py:839} INFO - DAG(s) dict_keys(['example_params_ui_tutorial']) retrieved from /home/airflow/.local/lib/python3.8/site-packages/airflow/example_dags/example_params_ui_tutorial.py
[2023-11-08T22:22:31.237+0000] {logging_mixin.py:154} INFO - [2023-11-08T22:22:31.237+0000] {dag.py:2941} INFO - Sync 1 DAGs
[2023-11-08T22:22:31.244+0000] {logging_mixin.py:154} INFO - [2023-11-08T22:22:31.244+0000] {dag.py:3722} INFO - Setting next_dagrun for example_params_ui_tutorial to None, run_after=None
[2023-11-08T22:22:31.254+0000] {processor.py:179} INFO - Processing /home/airflow/.local/lib/python3.8/site-packages/airflow/example_dags/example_params_ui_tutorial.py took 0.070 seconds
[2023-11-08T22:23:02.534+0000] {processor.py:157} INFO - Started process (PID=1233) to work on /home/airflow/.local/lib/python3.8/site-packages/airflow/example_dags/example_params_ui_tutorial.py
[2023-11-08T22:23:02.535+0000] {processor.py:829} INFO - Processing file /home/airflow/.local/lib/python3.8/site-packages/airflow/example_dags/example_params_ui_tutorial.py for tasks to queue
[2023-11-08T22:23:02.536+0000] {logging_mixin.py:154} INFO - [2023-11-08T22:23:02.536+0000] {dagbag.py:536} INFO - Filling up the DagBag from /home/airflow/.local/lib/python3.8/site-packages/airflow/example_dags/example_params_ui_tutorial.py
[2023-11-08T22:23:02.558+0000] {processor.py:839} INFO - DAG(s) dict_keys(['example_params_ui_tutorial']) retrieved from /home/airflow/.local/lib/python3.8/site-packages/airflow/example_dags/example_params_ui_tutorial.py
[2023-11-08T22:23:02.699+0000] {logging_mixin.py:154} INFO - [2023-11-08T22:23:02.698+0000] {dag.py:2941} INFO - Sync 1 DAGs
[2023-11-08T22:23:02.709+0000] {logging_mixin.py:154} INFO - [2023-11-08T22:23:02.709+0000] {dag.py:3722} INFO - Setting next_dagrun for example_params_ui_tutorial to None, run_after=None
[2023-11-08T22:23:02.722+0000] {processor.py:179} INFO - Processing /home/airflow/.local/lib/python3.8/site-packages/airflow/example_dags/example_params_ui_tutorial.py took 0.190 seconds
[2023-11-08T22:23:32.775+0000] {processor.py:157} INFO - Started process (PID=1287) to work on /home/airflow/.local/lib/python3.8/site-packages/airflow/example_dags/example_params_ui_tutorial.py
[2023-11-08T22:23:32.775+0000] {processor.py:829} INFO - Processing file /home/airflow/.local/lib/python3.8/site-packages/airflow/example_dags/example_params_ui_tutorial.py for tasks to queue
[2023-11-08T22:23:32.776+0000] {logging_mixin.py:154} INFO - [2023-11-08T22:23:32.776+0000] {dagbag.py:536} INFO - Filling up the DagBag from /home/airflow/.local/lib/python3.8/site-packages/airflow/example_dags/example_params_ui_tutorial.py
[2023-11-08T22:23:32.797+0000] {processor.py:839} INFO - DAG(s) dict_keys(['example_params_ui_tutorial']) retrieved from /home/airflow/.local/lib/python3.8/site-packages/airflow/example_dags/example_params_ui_tutorial.py
[2023-11-08T22:23:32.830+0000] {logging_mixin.py:154} INFO - [2023-11-08T22:23:32.829+0000] {dag.py:2941} INFO - Sync 1 DAGs
[2023-11-08T22:23:32.838+0000] {logging_mixin.py:154} INFO - [2023-11-08T22:23:32.837+0000] {dag.py:3722} INFO - Setting next_dagrun for example_params_ui_tutorial to None, run_after=None
[2023-11-08T22:23:32.948+0000] {processor.py:179} INFO - Processing /home/airflow/.local/lib/python3.8/site-packages/airflow/example_dags/example_params_ui_tutorial.py took 0.175 seconds
[2023-11-08T22:24:03.136+0000] {processor.py:157} INFO - Started process (PID=1341) to work on /home/airflow/.local/lib/python3.8/site-packages/airflow/example_dags/example_params_ui_tutorial.py
[2023-11-08T22:24:03.137+0000] {processor.py:829} INFO - Processing file /home/airflow/.local/lib/python3.8/site-packages/airflow/example_dags/example_params_ui_tutorial.py for tasks to queue
[2023-11-08T22:24:03.138+0000] {logging_mixin.py:154} INFO - [2023-11-08T22:24:03.138+0000] {dagbag.py:536} INFO - Filling up the DagBag from /home/airflow/.local/lib/python3.8/site-packages/airflow/example_dags/example_params_ui_tutorial.py
[2023-11-08T22:24:03.158+0000] {processor.py:839} INFO - DAG(s) dict_keys(['example_params_ui_tutorial']) retrieved from /home/airflow/.local/lib/python3.8/site-packages/airflow/example_dags/example_params_ui_tutorial.py
[2023-11-08T22:24:03.189+0000] {logging_mixin.py:154} INFO - [2023-11-08T22:24:03.189+0000] {dag.py:2941} INFO - Sync 1 DAGs
[2023-11-08T22:24:03.196+0000] {logging_mixin.py:154} INFO - [2023-11-08T22:24:03.196+0000] {dag.py:3722} INFO - Setting next_dagrun for example_params_ui_tutorial to None, run_after=None
[2023-11-08T22:24:03.205+0000] {processor.py:179} INFO - Processing /home/airflow/.local/lib/python3.8/site-packages/airflow/example_dags/example_params_ui_tutorial.py took 0.071 seconds
[2023-11-08T22:24:34.431+0000] {processor.py:157} INFO - Started process (PID=1395) to work on /home/airflow/.local/lib/python3.8/site-packages/airflow/example_dags/example_params_ui_tutorial.py
[2023-11-08T22:24:34.432+0000] {processor.py:829} INFO - Processing file /home/airflow/.local/lib/python3.8/site-packages/airflow/example_dags/example_params_ui_tutorial.py for tasks to queue
[2023-11-08T22:24:34.433+0000] {logging_mixin.py:154} INFO - [2023-11-08T22:24:34.433+0000] {dagbag.py:536} INFO - Filling up the DagBag from /home/airflow/.local/lib/python3.8/site-packages/airflow/example_dags/example_params_ui_tutorial.py
[2023-11-08T22:24:34.452+0000] {processor.py:839} INFO - DAG(s) dict_keys(['example_params_ui_tutorial']) retrieved from /home/airflow/.local/lib/python3.8/site-packages/airflow/example_dags/example_params_ui_tutorial.py
[2023-11-08T22:24:34.568+0000] {logging_mixin.py:154} INFO - [2023-11-08T22:24:34.568+0000] {dag.py:2941} INFO - Sync 1 DAGs
[2023-11-08T22:24:34.574+0000] {logging_mixin.py:154} INFO - [2023-11-08T22:24:34.573+0000] {dag.py:3722} INFO - Setting next_dagrun for example_params_ui_tutorial to None, run_after=None
[2023-11-08T22:24:34.590+0000] {processor.py:179} INFO - Processing /home/airflow/.local/lib/python3.8/site-packages/airflow/example_dags/example_params_ui_tutorial.py took 0.161 seconds
[2023-11-08T22:25:04.987+0000] {processor.py:157} INFO - Started process (PID=1449) to work on /home/airflow/.local/lib/python3.8/site-packages/airflow/example_dags/example_params_ui_tutorial.py
[2023-11-08T22:25:04.987+0000] {processor.py:829} INFO - Processing file /home/airflow/.local/lib/python3.8/site-packages/airflow/example_dags/example_params_ui_tutorial.py for tasks to queue
[2023-11-08T22:25:04.988+0000] {logging_mixin.py:154} INFO - [2023-11-08T22:25:04.988+0000] {dagbag.py:536} INFO - Filling up the DagBag from /home/airflow/.local/lib/python3.8/site-packages/airflow/example_dags/example_params_ui_tutorial.py
[2023-11-08T22:25:05.010+0000] {processor.py:839} INFO - DAG(s) dict_keys(['example_params_ui_tutorial']) retrieved from /home/airflow/.local/lib/python3.8/site-packages/airflow/example_dags/example_params_ui_tutorial.py
[2023-11-08T22:25:05.042+0000] {logging_mixin.py:154} INFO - [2023-11-08T22:25:05.042+0000] {dag.py:2941} INFO - Sync 1 DAGs
[2023-11-08T22:25:05.049+0000] {logging_mixin.py:154} INFO - [2023-11-08T22:25:05.049+0000] {dag.py:3722} INFO - Setting next_dagrun for example_params_ui_tutorial to None, run_after=None
[2023-11-08T22:25:05.157+0000] {processor.py:179} INFO - Processing /home/airflow/.local/lib/python3.8/site-packages/airflow/example_dags/example_params_ui_tutorial.py took 0.172 seconds
[2023-11-08T22:25:36.184+0000] {processor.py:157} INFO - Started process (PID=1503) to work on /home/airflow/.local/lib/python3.8/site-packages/airflow/example_dags/example_params_ui_tutorial.py
[2023-11-08T22:25:36.184+0000] {processor.py:829} INFO - Processing file /home/airflow/.local/lib/python3.8/site-packages/airflow/example_dags/example_params_ui_tutorial.py for tasks to queue
[2023-11-08T22:25:36.185+0000] {logging_mixin.py:154} INFO - [2023-11-08T22:25:36.185+0000] {dagbag.py:536} INFO - Filling up the DagBag from /home/airflow/.local/lib/python3.8/site-packages/airflow/example_dags/example_params_ui_tutorial.py
[2023-11-08T22:25:36.205+0000] {processor.py:839} INFO - DAG(s) dict_keys(['example_params_ui_tutorial']) retrieved from /home/airflow/.local/lib/python3.8/site-packages/airflow/example_dags/example_params_ui_tutorial.py
[2023-11-08T22:25:36.237+0000] {logging_mixin.py:154} INFO - [2023-11-08T22:25:36.237+0000] {dag.py:2941} INFO - Sync 1 DAGs
[2023-11-08T22:25:36.244+0000] {logging_mixin.py:154} INFO - [2023-11-08T22:25:36.244+0000] {dag.py:3722} INFO - Setting next_dagrun for example_params_ui_tutorial to None, run_after=None
[2023-11-08T22:25:36.254+0000] {processor.py:179} INFO - Processing /home/airflow/.local/lib/python3.8/site-packages/airflow/example_dags/example_params_ui_tutorial.py took 0.073 seconds
[2023-11-08T22:26:06.763+0000] {processor.py:157} INFO - Started process (PID=1557) to work on /home/airflow/.local/lib/python3.8/site-packages/airflow/example_dags/example_params_ui_tutorial.py
[2023-11-08T22:26:06.764+0000] {processor.py:829} INFO - Processing file /home/airflow/.local/lib/python3.8/site-packages/airflow/example_dags/example_params_ui_tutorial.py for tasks to queue
[2023-11-08T22:26:06.765+0000] {logging_mixin.py:154} INFO - [2023-11-08T22:26:06.765+0000] {dagbag.py:536} INFO - Filling up the DagBag from /home/airflow/.local/lib/python3.8/site-packages/airflow/example_dags/example_params_ui_tutorial.py
[2023-11-08T22:26:06.786+0000] {processor.py:839} INFO - DAG(s) dict_keys(['example_params_ui_tutorial']) retrieved from /home/airflow/.local/lib/python3.8/site-packages/airflow/example_dags/example_params_ui_tutorial.py
[2023-11-08T22:26:06.817+0000] {logging_mixin.py:154} INFO - [2023-11-08T22:26:06.817+0000] {dag.py:2941} INFO - Sync 1 DAGs
[2023-11-08T22:26:06.825+0000] {logging_mixin.py:154} INFO - [2023-11-08T22:26:06.825+0000] {dag.py:3722} INFO - Setting next_dagrun for example_params_ui_tutorial to None, run_after=None
[2023-11-08T22:26:06.835+0000] {processor.py:179} INFO - Processing /home/airflow/.local/lib/python3.8/site-packages/airflow/example_dags/example_params_ui_tutorial.py took 0.074 seconds
[2023-11-08T22:26:37.429+0000] {processor.py:157} INFO - Started process (PID=1611) to work on /home/airflow/.local/lib/python3.8/site-packages/airflow/example_dags/example_params_ui_tutorial.py
[2023-11-08T22:26:37.430+0000] {processor.py:829} INFO - Processing file /home/airflow/.local/lib/python3.8/site-packages/airflow/example_dags/example_params_ui_tutorial.py for tasks to queue
[2023-11-08T22:26:37.431+0000] {logging_mixin.py:154} INFO - [2023-11-08T22:26:37.431+0000] {dagbag.py:536} INFO - Filling up the DagBag from /home/airflow/.local/lib/python3.8/site-packages/airflow/example_dags/example_params_ui_tutorial.py
[2023-11-08T22:26:37.452+0000] {processor.py:839} INFO - DAG(s) dict_keys(['example_params_ui_tutorial']) retrieved from /home/airflow/.local/lib/python3.8/site-packages/airflow/example_dags/example_params_ui_tutorial.py
[2023-11-08T22:26:37.483+0000] {logging_mixin.py:154} INFO - [2023-11-08T22:26:37.482+0000] {dag.py:2941} INFO - Sync 1 DAGs
[2023-11-08T22:26:37.490+0000] {logging_mixin.py:154} INFO - [2023-11-08T22:26:37.490+0000] {dag.py:3722} INFO - Setting next_dagrun for example_params_ui_tutorial to None, run_after=None
[2023-11-08T22:26:37.501+0000] {processor.py:179} INFO - Processing /home/airflow/.local/lib/python3.8/site-packages/airflow/example_dags/example_params_ui_tutorial.py took 0.073 seconds
[2023-11-08T22:27:16.596+0000] {processor.py:157} INFO - Started process (PID=45) to work on /home/airflow/.local/lib/python3.8/site-packages/airflow/example_dags/example_params_ui_tutorial.py
[2023-11-08T22:27:16.596+0000] {processor.py:829} INFO - Processing file /home/airflow/.local/lib/python3.8/site-packages/airflow/example_dags/example_params_ui_tutorial.py for tasks to queue
[2023-11-08T22:27:16.597+0000] {logging_mixin.py:154} INFO - [2023-11-08T22:27:16.597+0000] {dagbag.py:536} INFO - Filling up the DagBag from /home/airflow/.local/lib/python3.8/site-packages/airflow/example_dags/example_params_ui_tutorial.py
[2023-11-08T22:27:16.623+0000] {processor.py:839} INFO - DAG(s) dict_keys(['example_params_ui_tutorial']) retrieved from /home/airflow/.local/lib/python3.8/site-packages/airflow/example_dags/example_params_ui_tutorial.py
[2023-11-08T22:27:16.632+0000] {logging_mixin.py:154} INFO - [2023-11-08T22:27:16.632+0000] {dag.py:2941} INFO - Sync 1 DAGs
[2023-11-08T22:27:16.640+0000] {logging_mixin.py:154} INFO - [2023-11-08T22:27:16.640+0000] {dag.py:3722} INFO - Setting next_dagrun for example_params_ui_tutorial to None, run_after=None
[2023-11-08T22:27:16.652+0000] {processor.py:179} INFO - Processing /home/airflow/.local/lib/python3.8/site-packages/airflow/example_dags/example_params_ui_tutorial.py took 0.058 seconds
[2023-11-08T22:27:47.391+0000] {processor.py:157} INFO - Started process (PID=99) to work on /home/airflow/.local/lib/python3.8/site-packages/airflow/example_dags/example_params_ui_tutorial.py
[2023-11-08T22:27:47.391+0000] {processor.py:829} INFO - Processing file /home/airflow/.local/lib/python3.8/site-packages/airflow/example_dags/example_params_ui_tutorial.py for tasks to queue
[2023-11-08T22:27:47.393+0000] {logging_mixin.py:154} INFO - [2023-11-08T22:27:47.392+0000] {dagbag.py:536} INFO - Filling up the DagBag from /home/airflow/.local/lib/python3.8/site-packages/airflow/example_dags/example_params_ui_tutorial.py
[2023-11-08T22:27:47.413+0000] {processor.py:839} INFO - DAG(s) dict_keys(['example_params_ui_tutorial']) retrieved from /home/airflow/.local/lib/python3.8/site-packages/airflow/example_dags/example_params_ui_tutorial.py
[2023-11-08T22:27:47.446+0000] {logging_mixin.py:154} INFO - [2023-11-08T22:27:47.445+0000] {dag.py:2941} INFO - Sync 1 DAGs
[2023-11-08T22:27:47.453+0000] {logging_mixin.py:154} INFO - [2023-11-08T22:27:47.453+0000] {dag.py:3722} INFO - Setting next_dagrun for example_params_ui_tutorial to None, run_after=None
[2023-11-08T22:27:47.465+0000] {processor.py:179} INFO - Processing /home/airflow/.local/lib/python3.8/site-packages/airflow/example_dags/example_params_ui_tutorial.py took 0.077 seconds
[2023-11-08T22:28:17.662+0000] {processor.py:157} INFO - Started process (PID=153) to work on /home/airflow/.local/lib/python3.8/site-packages/airflow/example_dags/example_params_ui_tutorial.py
[2023-11-08T22:28:17.663+0000] {processor.py:829} INFO - Processing file /home/airflow/.local/lib/python3.8/site-packages/airflow/example_dags/example_params_ui_tutorial.py for tasks to queue
[2023-11-08T22:28:17.664+0000] {logging_mixin.py:154} INFO - [2023-11-08T22:28:17.663+0000] {dagbag.py:536} INFO - Filling up the DagBag from /home/airflow/.local/lib/python3.8/site-packages/airflow/example_dags/example_params_ui_tutorial.py
[2023-11-08T22:28:17.684+0000] {processor.py:839} INFO - DAG(s) dict_keys(['example_params_ui_tutorial']) retrieved from /home/airflow/.local/lib/python3.8/site-packages/airflow/example_dags/example_params_ui_tutorial.py
[2023-11-08T22:28:17.719+0000] {logging_mixin.py:154} INFO - [2023-11-08T22:28:17.719+0000] {dag.py:2941} INFO - Sync 1 DAGs
[2023-11-08T22:28:17.727+0000] {logging_mixin.py:154} INFO - [2023-11-08T22:28:17.727+0000] {dag.py:3722} INFO - Setting next_dagrun for example_params_ui_tutorial to None, run_after=None
[2023-11-08T22:28:17.738+0000] {processor.py:179} INFO - Processing /home/airflow/.local/lib/python3.8/site-packages/airflow/example_dags/example_params_ui_tutorial.py took 0.077 seconds
[2023-11-08T22:28:47.765+0000] {processor.py:157} INFO - Started process (PID=207) to work on /home/airflow/.local/lib/python3.8/site-packages/airflow/example_dags/example_params_ui_tutorial.py
[2023-11-08T22:28:47.765+0000] {processor.py:829} INFO - Processing file /home/airflow/.local/lib/python3.8/site-packages/airflow/example_dags/example_params_ui_tutorial.py for tasks to queue
[2023-11-08T22:28:47.766+0000] {logging_mixin.py:154} INFO - [2023-11-08T22:28:47.766+0000] {dagbag.py:536} INFO - Filling up the DagBag from /home/airflow/.local/lib/python3.8/site-packages/airflow/example_dags/example_params_ui_tutorial.py
[2023-11-08T22:28:47.787+0000] {processor.py:839} INFO - DAG(s) dict_keys(['example_params_ui_tutorial']) retrieved from /home/airflow/.local/lib/python3.8/site-packages/airflow/example_dags/example_params_ui_tutorial.py
[2023-11-08T22:28:47.821+0000] {logging_mixin.py:154} INFO - [2023-11-08T22:28:47.821+0000] {dag.py:2941} INFO - Sync 1 DAGs
[2023-11-08T22:28:47.829+0000] {logging_mixin.py:154} INFO - [2023-11-08T22:28:47.829+0000] {dag.py:3722} INFO - Setting next_dagrun for example_params_ui_tutorial to None, run_after=None
[2023-11-08T22:28:47.840+0000] {processor.py:179} INFO - Processing /home/airflow/.local/lib/python3.8/site-packages/airflow/example_dags/example_params_ui_tutorial.py took 0.077 seconds
[2023-11-08T22:29:18.476+0000] {processor.py:157} INFO - Started process (PID=261) to work on /home/airflow/.local/lib/python3.8/site-packages/airflow/example_dags/example_params_ui_tutorial.py
[2023-11-08T22:29:18.477+0000] {processor.py:829} INFO - Processing file /home/airflow/.local/lib/python3.8/site-packages/airflow/example_dags/example_params_ui_tutorial.py for tasks to queue
[2023-11-08T22:29:18.478+0000] {logging_mixin.py:154} INFO - [2023-11-08T22:29:18.478+0000] {dagbag.py:536} INFO - Filling up the DagBag from /home/airflow/.local/lib/python3.8/site-packages/airflow/example_dags/example_params_ui_tutorial.py
[2023-11-08T22:29:18.499+0000] {processor.py:839} INFO - DAG(s) dict_keys(['example_params_ui_tutorial']) retrieved from /home/airflow/.local/lib/python3.8/site-packages/airflow/example_dags/example_params_ui_tutorial.py
[2023-11-08T22:29:18.536+0000] {logging_mixin.py:154} INFO - [2023-11-08T22:29:18.535+0000] {dag.py:2941} INFO - Sync 1 DAGs
[2023-11-08T22:29:18.544+0000] {logging_mixin.py:154} INFO - [2023-11-08T22:29:18.544+0000] {dag.py:3722} INFO - Setting next_dagrun for example_params_ui_tutorial to None, run_after=None
[2023-11-08T22:29:18.557+0000] {processor.py:179} INFO - Processing /home/airflow/.local/lib/python3.8/site-packages/airflow/example_dags/example_params_ui_tutorial.py took 0.083 seconds
[2023-11-08T22:29:48.655+0000] {processor.py:157} INFO - Started process (PID=316) to work on /home/airflow/.local/lib/python3.8/site-packages/airflow/example_dags/example_params_ui_tutorial.py
[2023-11-08T22:29:48.655+0000] {processor.py:829} INFO - Processing file /home/airflow/.local/lib/python3.8/site-packages/airflow/example_dags/example_params_ui_tutorial.py for tasks to queue
[2023-11-08T22:29:48.656+0000] {logging_mixin.py:154} INFO - [2023-11-08T22:29:48.656+0000] {dagbag.py:536} INFO - Filling up the DagBag from /home/airflow/.local/lib/python3.8/site-packages/airflow/example_dags/example_params_ui_tutorial.py
[2023-11-08T22:29:48.678+0000] {processor.py:839} INFO - DAG(s) dict_keys(['example_params_ui_tutorial']) retrieved from /home/airflow/.local/lib/python3.8/site-packages/airflow/example_dags/example_params_ui_tutorial.py
[2023-11-08T22:29:48.738+0000] {logging_mixin.py:154} INFO - [2023-11-08T22:29:48.738+0000] {dag.py:2941} INFO - Sync 1 DAGs
[2023-11-08T22:29:48.750+0000] {logging_mixin.py:154} INFO - [2023-11-08T22:29:48.750+0000] {dag.py:3722} INFO - Setting next_dagrun for example_params_ui_tutorial to None, run_after=None
[2023-11-08T22:29:48.762+0000] {processor.py:179} INFO - Processing /home/airflow/.local/lib/python3.8/site-packages/airflow/example_dags/example_params_ui_tutorial.py took 0.109 seconds
[2023-11-08T22:30:19.389+0000] {processor.py:157} INFO - Started process (PID=370) to work on /home/airflow/.local/lib/python3.8/site-packages/airflow/example_dags/example_params_ui_tutorial.py
[2023-11-08T22:30:19.389+0000] {processor.py:829} INFO - Processing file /home/airflow/.local/lib/python3.8/site-packages/airflow/example_dags/example_params_ui_tutorial.py for tasks to queue
[2023-11-08T22:30:19.390+0000] {logging_mixin.py:154} INFO - [2023-11-08T22:30:19.390+0000] {dagbag.py:536} INFO - Filling up the DagBag from /home/airflow/.local/lib/python3.8/site-packages/airflow/example_dags/example_params_ui_tutorial.py
[2023-11-08T22:30:19.411+0000] {processor.py:839} INFO - DAG(s) dict_keys(['example_params_ui_tutorial']) retrieved from /home/airflow/.local/lib/python3.8/site-packages/airflow/example_dags/example_params_ui_tutorial.py
[2023-11-08T22:30:19.445+0000] {logging_mixin.py:154} INFO - [2023-11-08T22:30:19.445+0000] {dag.py:2941} INFO - Sync 1 DAGs
[2023-11-08T22:30:19.453+0000] {logging_mixin.py:154} INFO - [2023-11-08T22:30:19.452+0000] {dag.py:3722} INFO - Setting next_dagrun for example_params_ui_tutorial to None, run_after=None
[2023-11-08T22:30:19.463+0000] {processor.py:179} INFO - Processing /home/airflow/.local/lib/python3.8/site-packages/airflow/example_dags/example_params_ui_tutorial.py took 0.076 seconds
[2023-11-08T22:30:50.081+0000] {processor.py:157} INFO - Started process (PID=424) to work on /home/airflow/.local/lib/python3.8/site-packages/airflow/example_dags/example_params_ui_tutorial.py
[2023-11-08T22:30:50.082+0000] {processor.py:829} INFO - Processing file /home/airflow/.local/lib/python3.8/site-packages/airflow/example_dags/example_params_ui_tutorial.py for tasks to queue
[2023-11-08T22:30:50.083+0000] {logging_mixin.py:154} INFO - [2023-11-08T22:30:50.083+0000] {dagbag.py:536} INFO - Filling up the DagBag from /home/airflow/.local/lib/python3.8/site-packages/airflow/example_dags/example_params_ui_tutorial.py
[2023-11-08T22:30:50.104+0000] {processor.py:839} INFO - DAG(s) dict_keys(['example_params_ui_tutorial']) retrieved from /home/airflow/.local/lib/python3.8/site-packages/airflow/example_dags/example_params_ui_tutorial.py
[2023-11-08T22:30:50.138+0000] {logging_mixin.py:154} INFO - [2023-11-08T22:30:50.138+0000] {dag.py:2941} INFO - Sync 1 DAGs
[2023-11-08T22:30:50.146+0000] {logging_mixin.py:154} INFO - [2023-11-08T22:30:50.146+0000] {dag.py:3722} INFO - Setting next_dagrun for example_params_ui_tutorial to None, run_after=None
[2023-11-08T22:30:50.160+0000] {processor.py:179} INFO - Processing /home/airflow/.local/lib/python3.8/site-packages/airflow/example_dags/example_params_ui_tutorial.py took 0.080 seconds
[2023-11-08T22:31:20.976+0000] {processor.py:157} INFO - Started process (PID=478) to work on /home/airflow/.local/lib/python3.8/site-packages/airflow/example_dags/example_params_ui_tutorial.py
[2023-11-08T22:31:20.977+0000] {processor.py:829} INFO - Processing file /home/airflow/.local/lib/python3.8/site-packages/airflow/example_dags/example_params_ui_tutorial.py for tasks to queue
[2023-11-08T22:31:20.978+0000] {logging_mixin.py:154} INFO - [2023-11-08T22:31:20.978+0000] {dagbag.py:536} INFO - Filling up the DagBag from /home/airflow/.local/lib/python3.8/site-packages/airflow/example_dags/example_params_ui_tutorial.py
[2023-11-08T22:31:21.011+0000] {processor.py:839} INFO - DAG(s) dict_keys(['example_params_ui_tutorial']) retrieved from /home/airflow/.local/lib/python3.8/site-packages/airflow/example_dags/example_params_ui_tutorial.py
[2023-11-08T22:31:21.056+0000] {logging_mixin.py:154} INFO - [2023-11-08T22:31:21.056+0000] {dag.py:2941} INFO - Sync 1 DAGs
[2023-11-08T22:31:21.065+0000] {logging_mixin.py:154} INFO - [2023-11-08T22:31:21.065+0000] {dag.py:3722} INFO - Setting next_dagrun for example_params_ui_tutorial to None, run_after=None
[2023-11-08T22:31:21.086+0000] {processor.py:179} INFO - Processing /home/airflow/.local/lib/python3.8/site-packages/airflow/example_dags/example_params_ui_tutorial.py took 0.112 seconds
[2023-11-08T22:31:51.156+0000] {processor.py:157} INFO - Started process (PID=532) to work on /home/airflow/.local/lib/python3.8/site-packages/airflow/example_dags/example_params_ui_tutorial.py
[2023-11-08T22:31:51.156+0000] {processor.py:829} INFO - Processing file /home/airflow/.local/lib/python3.8/site-packages/airflow/example_dags/example_params_ui_tutorial.py for tasks to queue
[2023-11-08T22:31:51.157+0000] {logging_mixin.py:154} INFO - [2023-11-08T22:31:51.157+0000] {dagbag.py:536} INFO - Filling up the DagBag from /home/airflow/.local/lib/python3.8/site-packages/airflow/example_dags/example_params_ui_tutorial.py
[2023-11-08T22:31:51.179+0000] {processor.py:839} INFO - DAG(s) dict_keys(['example_params_ui_tutorial']) retrieved from /home/airflow/.local/lib/python3.8/site-packages/airflow/example_dags/example_params_ui_tutorial.py
[2023-11-08T22:31:51.226+0000] {logging_mixin.py:154} INFO - [2023-11-08T22:31:51.226+0000] {dag.py:2941} INFO - Sync 1 DAGs
[2023-11-08T22:31:51.235+0000] {logging_mixin.py:154} INFO - [2023-11-08T22:31:51.235+0000] {dag.py:3722} INFO - Setting next_dagrun for example_params_ui_tutorial to None, run_after=None
[2023-11-08T22:31:51.251+0000] {processor.py:179} INFO - Processing /home/airflow/.local/lib/python3.8/site-packages/airflow/example_dags/example_params_ui_tutorial.py took 0.098 seconds
[2023-11-08T22:32:21.274+0000] {processor.py:157} INFO - Started process (PID=587) to work on /home/airflow/.local/lib/python3.8/site-packages/airflow/example_dags/example_params_ui_tutorial.py
[2023-11-08T22:32:21.275+0000] {processor.py:829} INFO - Processing file /home/airflow/.local/lib/python3.8/site-packages/airflow/example_dags/example_params_ui_tutorial.py for tasks to queue
[2023-11-08T22:32:21.276+0000] {logging_mixin.py:154} INFO - [2023-11-08T22:32:21.276+0000] {dagbag.py:536} INFO - Filling up the DagBag from /home/airflow/.local/lib/python3.8/site-packages/airflow/example_dags/example_params_ui_tutorial.py
[2023-11-08T22:32:21.296+0000] {processor.py:839} INFO - DAG(s) dict_keys(['example_params_ui_tutorial']) retrieved from /home/airflow/.local/lib/python3.8/site-packages/airflow/example_dags/example_params_ui_tutorial.py
[2023-11-08T22:32:21.330+0000] {logging_mixin.py:154} INFO - [2023-11-08T22:32:21.330+0000] {dag.py:2941} INFO - Sync 1 DAGs
[2023-11-08T22:32:21.338+0000] {logging_mixin.py:154} INFO - [2023-11-08T22:32:21.337+0000] {dag.py:3722} INFO - Setting next_dagrun for example_params_ui_tutorial to None, run_after=None
[2023-11-08T22:32:21.348+0000] {processor.py:179} INFO - Processing /home/airflow/.local/lib/python3.8/site-packages/airflow/example_dags/example_params_ui_tutorial.py took 0.076 seconds
[2023-11-08T22:32:51.406+0000] {processor.py:157} INFO - Started process (PID=642) to work on /home/airflow/.local/lib/python3.8/site-packages/airflow/example_dags/example_params_ui_tutorial.py
[2023-11-08T22:32:51.406+0000] {processor.py:829} INFO - Processing file /home/airflow/.local/lib/python3.8/site-packages/airflow/example_dags/example_params_ui_tutorial.py for tasks to queue
[2023-11-08T22:32:51.407+0000] {logging_mixin.py:154} INFO - [2023-11-08T22:32:51.407+0000] {dagbag.py:536} INFO - Filling up the DagBag from /home/airflow/.local/lib/python3.8/site-packages/airflow/example_dags/example_params_ui_tutorial.py
[2023-11-08T22:32:51.429+0000] {processor.py:839} INFO - DAG(s) dict_keys(['example_params_ui_tutorial']) retrieved from /home/airflow/.local/lib/python3.8/site-packages/airflow/example_dags/example_params_ui_tutorial.py
[2023-11-08T22:32:51.462+0000] {logging_mixin.py:154} INFO - [2023-11-08T22:32:51.462+0000] {dag.py:2941} INFO - Sync 1 DAGs
[2023-11-08T22:32:51.471+0000] {logging_mixin.py:154} INFO - [2023-11-08T22:32:51.471+0000] {dag.py:3722} INFO - Setting next_dagrun for example_params_ui_tutorial to None, run_after=None
[2023-11-08T22:32:51.484+0000] {processor.py:179} INFO - Processing /home/airflow/.local/lib/python3.8/site-packages/airflow/example_dags/example_params_ui_tutorial.py took 0.080 seconds
[2023-11-08T22:33:21.573+0000] {processor.py:157} INFO - Started process (PID=697) to work on /home/airflow/.local/lib/python3.8/site-packages/airflow/example_dags/example_params_ui_tutorial.py
[2023-11-08T22:33:21.574+0000] {processor.py:829} INFO - Processing file /home/airflow/.local/lib/python3.8/site-packages/airflow/example_dags/example_params_ui_tutorial.py for tasks to queue
[2023-11-08T22:33:21.575+0000] {logging_mixin.py:154} INFO - [2023-11-08T22:33:21.575+0000] {dagbag.py:536} INFO - Filling up the DagBag from /home/airflow/.local/lib/python3.8/site-packages/airflow/example_dags/example_params_ui_tutorial.py
[2023-11-08T22:33:21.595+0000] {processor.py:839} INFO - DAG(s) dict_keys(['example_params_ui_tutorial']) retrieved from /home/airflow/.local/lib/python3.8/site-packages/airflow/example_dags/example_params_ui_tutorial.py
[2023-11-08T22:33:21.635+0000] {logging_mixin.py:154} INFO - [2023-11-08T22:33:21.635+0000] {dag.py:2941} INFO - Sync 1 DAGs
[2023-11-08T22:33:21.643+0000] {logging_mixin.py:154} INFO - [2023-11-08T22:33:21.643+0000] {dag.py:3722} INFO - Setting next_dagrun for example_params_ui_tutorial to None, run_after=None
[2023-11-08T22:33:21.656+0000] {processor.py:179} INFO - Processing /home/airflow/.local/lib/python3.8/site-packages/airflow/example_dags/example_params_ui_tutorial.py took 0.085 seconds
[2023-11-08T22:33:51.703+0000] {processor.py:157} INFO - Started process (PID=752) to work on /home/airflow/.local/lib/python3.8/site-packages/airflow/example_dags/example_params_ui_tutorial.py
[2023-11-08T22:33:51.704+0000] {processor.py:829} INFO - Processing file /home/airflow/.local/lib/python3.8/site-packages/airflow/example_dags/example_params_ui_tutorial.py for tasks to queue
[2023-11-08T22:33:51.705+0000] {logging_mixin.py:154} INFO - [2023-11-08T22:33:51.705+0000] {dagbag.py:536} INFO - Filling up the DagBag from /home/airflow/.local/lib/python3.8/site-packages/airflow/example_dags/example_params_ui_tutorial.py
[2023-11-08T22:33:51.726+0000] {processor.py:839} INFO - DAG(s) dict_keys(['example_params_ui_tutorial']) retrieved from /home/airflow/.local/lib/python3.8/site-packages/airflow/example_dags/example_params_ui_tutorial.py
[2023-11-08T22:33:51.757+0000] {logging_mixin.py:154} INFO - [2023-11-08T22:33:51.757+0000] {dag.py:2941} INFO - Sync 1 DAGs
[2023-11-08T22:33:51.764+0000] {logging_mixin.py:154} INFO - [2023-11-08T22:33:51.764+0000] {dag.py:3722} INFO - Setting next_dagrun for example_params_ui_tutorial to None, run_after=None
[2023-11-08T22:33:51.775+0000] {processor.py:179} INFO - Processing /home/airflow/.local/lib/python3.8/site-packages/airflow/example_dags/example_params_ui_tutorial.py took 0.074 seconds
[2023-11-08T22:34:22.305+0000] {processor.py:157} INFO - Started process (PID=807) to work on /home/airflow/.local/lib/python3.8/site-packages/airflow/example_dags/example_params_ui_tutorial.py
[2023-11-08T22:34:22.305+0000] {processor.py:829} INFO - Processing file /home/airflow/.local/lib/python3.8/site-packages/airflow/example_dags/example_params_ui_tutorial.py for tasks to queue
[2023-11-08T22:34:22.306+0000] {logging_mixin.py:154} INFO - [2023-11-08T22:34:22.306+0000] {dagbag.py:536} INFO - Filling up the DagBag from /home/airflow/.local/lib/python3.8/site-packages/airflow/example_dags/example_params_ui_tutorial.py
[2023-11-08T22:34:22.326+0000] {processor.py:839} INFO - DAG(s) dict_keys(['example_params_ui_tutorial']) retrieved from /home/airflow/.local/lib/python3.8/site-packages/airflow/example_dags/example_params_ui_tutorial.py
[2023-11-08T22:34:22.358+0000] {logging_mixin.py:154} INFO - [2023-11-08T22:34:22.358+0000] {dag.py:2941} INFO - Sync 1 DAGs
[2023-11-08T22:34:22.365+0000] {logging_mixin.py:154} INFO - [2023-11-08T22:34:22.365+0000] {dag.py:3722} INFO - Setting next_dagrun for example_params_ui_tutorial to None, run_after=None
[2023-11-08T22:34:22.376+0000] {processor.py:179} INFO - Processing /home/airflow/.local/lib/python3.8/site-packages/airflow/example_dags/example_params_ui_tutorial.py took 0.073 seconds
[2023-11-08T22:34:52.828+0000] {processor.py:157} INFO - Started process (PID=862) to work on /home/airflow/.local/lib/python3.8/site-packages/airflow/example_dags/example_params_ui_tutorial.py
[2023-11-08T22:34:52.828+0000] {processor.py:829} INFO - Processing file /home/airflow/.local/lib/python3.8/site-packages/airflow/example_dags/example_params_ui_tutorial.py for tasks to queue
[2023-11-08T22:34:52.829+0000] {logging_mixin.py:154} INFO - [2023-11-08T22:34:52.829+0000] {dagbag.py:536} INFO - Filling up the DagBag from /home/airflow/.local/lib/python3.8/site-packages/airflow/example_dags/example_params_ui_tutorial.py
[2023-11-08T22:34:52.849+0000] {processor.py:839} INFO - DAG(s) dict_keys(['example_params_ui_tutorial']) retrieved from /home/airflow/.local/lib/python3.8/site-packages/airflow/example_dags/example_params_ui_tutorial.py
[2023-11-08T22:34:52.881+0000] {logging_mixin.py:154} INFO - [2023-11-08T22:34:52.880+0000] {dag.py:2941} INFO - Sync 1 DAGs
[2023-11-08T22:34:52.888+0000] {logging_mixin.py:154} INFO - [2023-11-08T22:34:52.887+0000] {dag.py:3722} INFO - Setting next_dagrun for example_params_ui_tutorial to None, run_after=None
[2023-11-08T22:34:52.897+0000] {processor.py:179} INFO - Processing /home/airflow/.local/lib/python3.8/site-packages/airflow/example_dags/example_params_ui_tutorial.py took 0.072 seconds
[2023-11-08T22:35:23.609+0000] {processor.py:157} INFO - Started process (PID=917) to work on /home/airflow/.local/lib/python3.8/site-packages/airflow/example_dags/example_params_ui_tutorial.py
[2023-11-08T22:35:23.609+0000] {processor.py:829} INFO - Processing file /home/airflow/.local/lib/python3.8/site-packages/airflow/example_dags/example_params_ui_tutorial.py for tasks to queue
[2023-11-08T22:35:23.610+0000] {logging_mixin.py:154} INFO - [2023-11-08T22:35:23.610+0000] {dagbag.py:536} INFO - Filling up the DagBag from /home/airflow/.local/lib/python3.8/site-packages/airflow/example_dags/example_params_ui_tutorial.py
[2023-11-08T22:35:23.631+0000] {processor.py:839} INFO - DAG(s) dict_keys(['example_params_ui_tutorial']) retrieved from /home/airflow/.local/lib/python3.8/site-packages/airflow/example_dags/example_params_ui_tutorial.py
[2023-11-08T22:35:23.666+0000] {logging_mixin.py:154} INFO - [2023-11-08T22:35:23.666+0000] {dag.py:2941} INFO - Sync 1 DAGs
[2023-11-08T22:35:23.674+0000] {logging_mixin.py:154} INFO - [2023-11-08T22:35:23.674+0000] {dag.py:3722} INFO - Setting next_dagrun for example_params_ui_tutorial to None, run_after=None
[2023-11-08T22:35:23.684+0000] {processor.py:179} INFO - Processing /home/airflow/.local/lib/python3.8/site-packages/airflow/example_dags/example_params_ui_tutorial.py took 0.078 seconds
[2023-11-08T22:35:54.608+0000] {processor.py:157} INFO - Started process (PID=972) to work on /home/airflow/.local/lib/python3.8/site-packages/airflow/example_dags/example_params_ui_tutorial.py
[2023-11-08T22:35:54.609+0000] {processor.py:829} INFO - Processing file /home/airflow/.local/lib/python3.8/site-packages/airflow/example_dags/example_params_ui_tutorial.py for tasks to queue
[2023-11-08T22:35:54.610+0000] {logging_mixin.py:154} INFO - [2023-11-08T22:35:54.609+0000] {dagbag.py:536} INFO - Filling up the DagBag from /home/airflow/.local/lib/python3.8/site-packages/airflow/example_dags/example_params_ui_tutorial.py
[2023-11-08T22:35:54.630+0000] {processor.py:839} INFO - DAG(s) dict_keys(['example_params_ui_tutorial']) retrieved from /home/airflow/.local/lib/python3.8/site-packages/airflow/example_dags/example_params_ui_tutorial.py
[2023-11-08T22:35:54.663+0000] {logging_mixin.py:154} INFO - [2023-11-08T22:35:54.662+0000] {dag.py:2941} INFO - Sync 1 DAGs
[2023-11-08T22:35:54.670+0000] {logging_mixin.py:154} INFO - [2023-11-08T22:35:54.670+0000] {dag.py:3722} INFO - Setting next_dagrun for example_params_ui_tutorial to None, run_after=None
[2023-11-08T22:35:54.681+0000] {processor.py:179} INFO - Processing /home/airflow/.local/lib/python3.8/site-packages/airflow/example_dags/example_params_ui_tutorial.py took 0.074 seconds
[2023-11-08T22:36:25.217+0000] {processor.py:157} INFO - Started process (PID=1027) to work on /home/airflow/.local/lib/python3.8/site-packages/airflow/example_dags/example_params_ui_tutorial.py
[2023-11-08T22:36:25.218+0000] {processor.py:829} INFO - Processing file /home/airflow/.local/lib/python3.8/site-packages/airflow/example_dags/example_params_ui_tutorial.py for tasks to queue
[2023-11-08T22:36:25.219+0000] {logging_mixin.py:154} INFO - [2023-11-08T22:36:25.219+0000] {dagbag.py:536} INFO - Filling up the DagBag from /home/airflow/.local/lib/python3.8/site-packages/airflow/example_dags/example_params_ui_tutorial.py
[2023-11-08T22:36:25.241+0000] {processor.py:839} INFO - DAG(s) dict_keys(['example_params_ui_tutorial']) retrieved from /home/airflow/.local/lib/python3.8/site-packages/airflow/example_dags/example_params_ui_tutorial.py
[2023-11-08T22:36:25.277+0000] {logging_mixin.py:154} INFO - [2023-11-08T22:36:25.276+0000] {dag.py:2941} INFO - Sync 1 DAGs
[2023-11-08T22:36:25.284+0000] {logging_mixin.py:154} INFO - [2023-11-08T22:36:25.284+0000] {dag.py:3722} INFO - Setting next_dagrun for example_params_ui_tutorial to None, run_after=None
[2023-11-08T22:36:25.294+0000] {processor.py:179} INFO - Processing /home/airflow/.local/lib/python3.8/site-packages/airflow/example_dags/example_params_ui_tutorial.py took 0.079 seconds
[2023-11-08T22:36:55.813+0000] {processor.py:157} INFO - Started process (PID=1083) to work on /home/airflow/.local/lib/python3.8/site-packages/airflow/example_dags/example_params_ui_tutorial.py
[2023-11-08T22:36:55.814+0000] {processor.py:829} INFO - Processing file /home/airflow/.local/lib/python3.8/site-packages/airflow/example_dags/example_params_ui_tutorial.py for tasks to queue
[2023-11-08T22:36:55.815+0000] {logging_mixin.py:154} INFO - [2023-11-08T22:36:55.815+0000] {dagbag.py:536} INFO - Filling up the DagBag from /home/airflow/.local/lib/python3.8/site-packages/airflow/example_dags/example_params_ui_tutorial.py
[2023-11-08T22:36:55.836+0000] {processor.py:839} INFO - DAG(s) dict_keys(['example_params_ui_tutorial']) retrieved from /home/airflow/.local/lib/python3.8/site-packages/airflow/example_dags/example_params_ui_tutorial.py
[2023-11-08T22:36:55.871+0000] {logging_mixin.py:154} INFO - [2023-11-08T22:36:55.871+0000] {dag.py:2941} INFO - Sync 1 DAGs
[2023-11-08T22:36:55.880+0000] {logging_mixin.py:154} INFO - [2023-11-08T22:36:55.880+0000] {dag.py:3722} INFO - Setting next_dagrun for example_params_ui_tutorial to None, run_after=None
[2023-11-08T22:36:55.892+0000] {processor.py:179} INFO - Processing /home/airflow/.local/lib/python3.8/site-packages/airflow/example_dags/example_params_ui_tutorial.py took 0.080 seconds
[2023-11-08T22:37:26.568+0000] {processor.py:157} INFO - Started process (PID=1138) to work on /home/airflow/.local/lib/python3.8/site-packages/airflow/example_dags/example_params_ui_tutorial.py
[2023-11-08T22:37:26.569+0000] {processor.py:829} INFO - Processing file /home/airflow/.local/lib/python3.8/site-packages/airflow/example_dags/example_params_ui_tutorial.py for tasks to queue
[2023-11-08T22:37:26.570+0000] {logging_mixin.py:154} INFO - [2023-11-08T22:37:26.570+0000] {dagbag.py:536} INFO - Filling up the DagBag from /home/airflow/.local/lib/python3.8/site-packages/airflow/example_dags/example_params_ui_tutorial.py
[2023-11-08T22:37:26.593+0000] {processor.py:839} INFO - DAG(s) dict_keys(['example_params_ui_tutorial']) retrieved from /home/airflow/.local/lib/python3.8/site-packages/airflow/example_dags/example_params_ui_tutorial.py
[2023-11-08T22:37:26.639+0000] {logging_mixin.py:154} INFO - [2023-11-08T22:37:26.639+0000] {dag.py:2941} INFO - Sync 1 DAGs
[2023-11-08T22:37:26.646+0000] {logging_mixin.py:154} INFO - [2023-11-08T22:37:26.646+0000] {dag.py:3722} INFO - Setting next_dagrun for example_params_ui_tutorial to None, run_after=None
[2023-11-08T22:37:26.658+0000] {processor.py:179} INFO - Processing /home/airflow/.local/lib/python3.8/site-packages/airflow/example_dags/example_params_ui_tutorial.py took 0.092 seconds
[2023-11-08T22:37:57.257+0000] {processor.py:157} INFO - Started process (PID=1193) to work on /home/airflow/.local/lib/python3.8/site-packages/airflow/example_dags/example_params_ui_tutorial.py
[2023-11-08T22:37:57.258+0000] {processor.py:829} INFO - Processing file /home/airflow/.local/lib/python3.8/site-packages/airflow/example_dags/example_params_ui_tutorial.py for tasks to queue
[2023-11-08T22:37:57.259+0000] {logging_mixin.py:154} INFO - [2023-11-08T22:37:57.259+0000] {dagbag.py:536} INFO - Filling up the DagBag from /home/airflow/.local/lib/python3.8/site-packages/airflow/example_dags/example_params_ui_tutorial.py
[2023-11-08T22:37:57.282+0000] {processor.py:839} INFO - DAG(s) dict_keys(['example_params_ui_tutorial']) retrieved from /home/airflow/.local/lib/python3.8/site-packages/airflow/example_dags/example_params_ui_tutorial.py
[2023-11-08T22:37:57.313+0000] {logging_mixin.py:154} INFO - [2023-11-08T22:37:57.313+0000] {dag.py:2941} INFO - Sync 1 DAGs
[2023-11-08T22:37:57.321+0000] {logging_mixin.py:154} INFO - [2023-11-08T22:37:57.321+0000] {dag.py:3722} INFO - Setting next_dagrun for example_params_ui_tutorial to None, run_after=None
[2023-11-08T22:37:57.331+0000] {processor.py:179} INFO - Processing /home/airflow/.local/lib/python3.8/site-packages/airflow/example_dags/example_params_ui_tutorial.py took 0.075 seconds
[2023-11-08T22:38:27.804+0000] {processor.py:157} INFO - Started process (PID=1248) to work on /home/airflow/.local/lib/python3.8/site-packages/airflow/example_dags/example_params_ui_tutorial.py
[2023-11-08T22:38:27.804+0000] {processor.py:829} INFO - Processing file /home/airflow/.local/lib/python3.8/site-packages/airflow/example_dags/example_params_ui_tutorial.py for tasks to queue
[2023-11-08T22:38:27.805+0000] {logging_mixin.py:154} INFO - [2023-11-08T22:38:27.805+0000] {dagbag.py:536} INFO - Filling up the DagBag from /home/airflow/.local/lib/python3.8/site-packages/airflow/example_dags/example_params_ui_tutorial.py
[2023-11-08T22:38:27.826+0000] {processor.py:839} INFO - DAG(s) dict_keys(['example_params_ui_tutorial']) retrieved from /home/airflow/.local/lib/python3.8/site-packages/airflow/example_dags/example_params_ui_tutorial.py
[2023-11-08T22:38:27.858+0000] {logging_mixin.py:154} INFO - [2023-11-08T22:38:27.858+0000] {dag.py:2941} INFO - Sync 1 DAGs
[2023-11-08T22:38:27.866+0000] {logging_mixin.py:154} INFO - [2023-11-08T22:38:27.866+0000] {dag.py:3722} INFO - Setting next_dagrun for example_params_ui_tutorial to None, run_after=None
[2023-11-08T22:38:27.876+0000] {processor.py:179} INFO - Processing /home/airflow/.local/lib/python3.8/site-packages/airflow/example_dags/example_params_ui_tutorial.py took 0.075 seconds
[2023-11-08T22:38:58.432+0000] {processor.py:157} INFO - Started process (PID=1304) to work on /home/airflow/.local/lib/python3.8/site-packages/airflow/example_dags/example_params_ui_tutorial.py
[2023-11-08T22:38:58.433+0000] {processor.py:829} INFO - Processing file /home/airflow/.local/lib/python3.8/site-packages/airflow/example_dags/example_params_ui_tutorial.py for tasks to queue
[2023-11-08T22:38:58.434+0000] {logging_mixin.py:154} INFO - [2023-11-08T22:38:58.434+0000] {dagbag.py:536} INFO - Filling up the DagBag from /home/airflow/.local/lib/python3.8/site-packages/airflow/example_dags/example_params_ui_tutorial.py
[2023-11-08T22:38:58.454+0000] {processor.py:839} INFO - DAG(s) dict_keys(['example_params_ui_tutorial']) retrieved from /home/airflow/.local/lib/python3.8/site-packages/airflow/example_dags/example_params_ui_tutorial.py
[2023-11-08T22:38:58.485+0000] {logging_mixin.py:154} INFO - [2023-11-08T22:38:58.485+0000] {dag.py:2941} INFO - Sync 1 DAGs
[2023-11-08T22:38:58.493+0000] {logging_mixin.py:154} INFO - [2023-11-08T22:38:58.492+0000] {dag.py:3722} INFO - Setting next_dagrun for example_params_ui_tutorial to None, run_after=None
[2023-11-08T22:38:58.503+0000] {processor.py:179} INFO - Processing /home/airflow/.local/lib/python3.8/site-packages/airflow/example_dags/example_params_ui_tutorial.py took 0.072 seconds
[2023-11-08T22:39:28.978+0000] {processor.py:157} INFO - Started process (PID=1360) to work on /home/airflow/.local/lib/python3.8/site-packages/airflow/example_dags/example_params_ui_tutorial.py
[2023-11-08T22:39:28.979+0000] {processor.py:829} INFO - Processing file /home/airflow/.local/lib/python3.8/site-packages/airflow/example_dags/example_params_ui_tutorial.py for tasks to queue
[2023-11-08T22:39:28.980+0000] {logging_mixin.py:154} INFO - [2023-11-08T22:39:28.979+0000] {dagbag.py:536} INFO - Filling up the DagBag from /home/airflow/.local/lib/python3.8/site-packages/airflow/example_dags/example_params_ui_tutorial.py
[2023-11-08T22:39:29.000+0000] {processor.py:839} INFO - DAG(s) dict_keys(['example_params_ui_tutorial']) retrieved from /home/airflow/.local/lib/python3.8/site-packages/airflow/example_dags/example_params_ui_tutorial.py
[2023-11-08T22:39:29.033+0000] {logging_mixin.py:154} INFO - [2023-11-08T22:39:29.033+0000] {dag.py:2941} INFO - Sync 1 DAGs
[2023-11-08T22:39:29.040+0000] {logging_mixin.py:154} INFO - [2023-11-08T22:39:29.040+0000] {dag.py:3722} INFO - Setting next_dagrun for example_params_ui_tutorial to None, run_after=None
[2023-11-08T22:39:29.051+0000] {processor.py:179} INFO - Processing /home/airflow/.local/lib/python3.8/site-packages/airflow/example_dags/example_params_ui_tutorial.py took 0.074 seconds
[2023-11-08T22:39:59.614+0000] {processor.py:157} INFO - Started process (PID=1415) to work on /home/airflow/.local/lib/python3.8/site-packages/airflow/example_dags/example_params_ui_tutorial.py
[2023-11-08T22:39:59.615+0000] {processor.py:829} INFO - Processing file /home/airflow/.local/lib/python3.8/site-packages/airflow/example_dags/example_params_ui_tutorial.py for tasks to queue
[2023-11-08T22:39:59.616+0000] {logging_mixin.py:154} INFO - [2023-11-08T22:39:59.616+0000] {dagbag.py:536} INFO - Filling up the DagBag from /home/airflow/.local/lib/python3.8/site-packages/airflow/example_dags/example_params_ui_tutorial.py
[2023-11-08T22:39:59.636+0000] {processor.py:839} INFO - DAG(s) dict_keys(['example_params_ui_tutorial']) retrieved from /home/airflow/.local/lib/python3.8/site-packages/airflow/example_dags/example_params_ui_tutorial.py
[2023-11-08T22:39:59.668+0000] {logging_mixin.py:154} INFO - [2023-11-08T22:39:59.668+0000] {dag.py:2941} INFO - Sync 1 DAGs
[2023-11-08T22:39:59.675+0000] {logging_mixin.py:154} INFO - [2023-11-08T22:39:59.675+0000] {dag.py:3722} INFO - Setting next_dagrun for example_params_ui_tutorial to None, run_after=None
[2023-11-08T22:39:59.685+0000] {processor.py:179} INFO - Processing /home/airflow/.local/lib/python3.8/site-packages/airflow/example_dags/example_params_ui_tutorial.py took 0.073 seconds
[2023-11-08T22:40:30.231+0000] {processor.py:157} INFO - Started process (PID=1470) to work on /home/airflow/.local/lib/python3.8/site-packages/airflow/example_dags/example_params_ui_tutorial.py
[2023-11-08T22:40:30.231+0000] {processor.py:829} INFO - Processing file /home/airflow/.local/lib/python3.8/site-packages/airflow/example_dags/example_params_ui_tutorial.py for tasks to queue
[2023-11-08T22:40:30.232+0000] {logging_mixin.py:154} INFO - [2023-11-08T22:40:30.232+0000] {dagbag.py:536} INFO - Filling up the DagBag from /home/airflow/.local/lib/python3.8/site-packages/airflow/example_dags/example_params_ui_tutorial.py
[2023-11-08T22:40:30.253+0000] {processor.py:839} INFO - DAG(s) dict_keys(['example_params_ui_tutorial']) retrieved from /home/airflow/.local/lib/python3.8/site-packages/airflow/example_dags/example_params_ui_tutorial.py
[2023-11-08T22:40:30.284+0000] {logging_mixin.py:154} INFO - [2023-11-08T22:40:30.284+0000] {dag.py:2941} INFO - Sync 1 DAGs
[2023-11-08T22:40:30.291+0000] {logging_mixin.py:154} INFO - [2023-11-08T22:40:30.291+0000] {dag.py:3722} INFO - Setting next_dagrun for example_params_ui_tutorial to None, run_after=None
[2023-11-08T22:40:30.302+0000] {processor.py:179} INFO - Processing /home/airflow/.local/lib/python3.8/site-packages/airflow/example_dags/example_params_ui_tutorial.py took 0.073 seconds
[2023-11-08T22:41:00.741+0000] {processor.py:157} INFO - Started process (PID=1525) to work on /home/airflow/.local/lib/python3.8/site-packages/airflow/example_dags/example_params_ui_tutorial.py
[2023-11-08T22:41:00.742+0000] {processor.py:829} INFO - Processing file /home/airflow/.local/lib/python3.8/site-packages/airflow/example_dags/example_params_ui_tutorial.py for tasks to queue
[2023-11-08T22:41:00.743+0000] {logging_mixin.py:154} INFO - [2023-11-08T22:41:00.743+0000] {dagbag.py:536} INFO - Filling up the DagBag from /home/airflow/.local/lib/python3.8/site-packages/airflow/example_dags/example_params_ui_tutorial.py
[2023-11-08T22:41:00.764+0000] {processor.py:839} INFO - DAG(s) dict_keys(['example_params_ui_tutorial']) retrieved from /home/airflow/.local/lib/python3.8/site-packages/airflow/example_dags/example_params_ui_tutorial.py
[2023-11-08T22:41:00.795+0000] {logging_mixin.py:154} INFO - [2023-11-08T22:41:00.795+0000] {dag.py:2941} INFO - Sync 1 DAGs
[2023-11-08T22:41:00.802+0000] {logging_mixin.py:154} INFO - [2023-11-08T22:41:00.802+0000] {dag.py:3722} INFO - Setting next_dagrun for example_params_ui_tutorial to None, run_after=None
[2023-11-08T22:41:00.812+0000] {processor.py:179} INFO - Processing /home/airflow/.local/lib/python3.8/site-packages/airflow/example_dags/example_params_ui_tutorial.py took 0.073 seconds
[2023-11-08T22:41:31.377+0000] {processor.py:157} INFO - Started process (PID=1580) to work on /home/airflow/.local/lib/python3.8/site-packages/airflow/example_dags/example_params_ui_tutorial.py
[2023-11-08T22:41:31.377+0000] {processor.py:829} INFO - Processing file /home/airflow/.local/lib/python3.8/site-packages/airflow/example_dags/example_params_ui_tutorial.py for tasks to queue
[2023-11-08T22:41:31.378+0000] {logging_mixin.py:154} INFO - [2023-11-08T22:41:31.378+0000] {dagbag.py:536} INFO - Filling up the DagBag from /home/airflow/.local/lib/python3.8/site-packages/airflow/example_dags/example_params_ui_tutorial.py
[2023-11-08T22:41:31.400+0000] {processor.py:839} INFO - DAG(s) dict_keys(['example_params_ui_tutorial']) retrieved from /home/airflow/.local/lib/python3.8/site-packages/airflow/example_dags/example_params_ui_tutorial.py
[2023-11-08T22:41:31.433+0000] {logging_mixin.py:154} INFO - [2023-11-08T22:41:31.433+0000] {dag.py:2941} INFO - Sync 1 DAGs
[2023-11-08T22:41:31.441+0000] {logging_mixin.py:154} INFO - [2023-11-08T22:41:31.440+0000] {dag.py:3722} INFO - Setting next_dagrun for example_params_ui_tutorial to None, run_after=None
[2023-11-08T22:41:31.452+0000] {processor.py:179} INFO - Processing /home/airflow/.local/lib/python3.8/site-packages/airflow/example_dags/example_params_ui_tutorial.py took 0.077 seconds
[2023-11-08T22:42:02.017+0000] {processor.py:157} INFO - Started process (PID=1636) to work on /home/airflow/.local/lib/python3.8/site-packages/airflow/example_dags/example_params_ui_tutorial.py
[2023-11-08T22:42:02.017+0000] {processor.py:829} INFO - Processing file /home/airflow/.local/lib/python3.8/site-packages/airflow/example_dags/example_params_ui_tutorial.py for tasks to queue
[2023-11-08T22:42:02.018+0000] {logging_mixin.py:154} INFO - [2023-11-08T22:42:02.018+0000] {dagbag.py:536} INFO - Filling up the DagBag from /home/airflow/.local/lib/python3.8/site-packages/airflow/example_dags/example_params_ui_tutorial.py
[2023-11-08T22:42:02.039+0000] {processor.py:839} INFO - DAG(s) dict_keys(['example_params_ui_tutorial']) retrieved from /home/airflow/.local/lib/python3.8/site-packages/airflow/example_dags/example_params_ui_tutorial.py
[2023-11-08T22:42:02.073+0000] {logging_mixin.py:154} INFO - [2023-11-08T22:42:02.073+0000] {dag.py:2941} INFO - Sync 1 DAGs
[2023-11-08T22:42:02.082+0000] {logging_mixin.py:154} INFO - [2023-11-08T22:42:02.081+0000] {dag.py:3722} INFO - Setting next_dagrun for example_params_ui_tutorial to None, run_after=None
[2023-11-08T22:42:02.092+0000] {processor.py:179} INFO - Processing /home/airflow/.local/lib/python3.8/site-packages/airflow/example_dags/example_params_ui_tutorial.py took 0.077 seconds
[2023-11-08T22:42:32.563+0000] {processor.py:157} INFO - Started process (PID=1691) to work on /home/airflow/.local/lib/python3.8/site-packages/airflow/example_dags/example_params_ui_tutorial.py
[2023-11-08T22:42:32.563+0000] {processor.py:829} INFO - Processing file /home/airflow/.local/lib/python3.8/site-packages/airflow/example_dags/example_params_ui_tutorial.py for tasks to queue
[2023-11-08T22:42:32.565+0000] {logging_mixin.py:154} INFO - [2023-11-08T22:42:32.564+0000] {dagbag.py:536} INFO - Filling up the DagBag from /home/airflow/.local/lib/python3.8/site-packages/airflow/example_dags/example_params_ui_tutorial.py
[2023-11-08T22:42:32.586+0000] {processor.py:839} INFO - DAG(s) dict_keys(['example_params_ui_tutorial']) retrieved from /home/airflow/.local/lib/python3.8/site-packages/airflow/example_dags/example_params_ui_tutorial.py
[2023-11-08T22:42:32.620+0000] {logging_mixin.py:154} INFO - [2023-11-08T22:42:32.619+0000] {dag.py:2941} INFO - Sync 1 DAGs
[2023-11-08T22:42:32.627+0000] {logging_mixin.py:154} INFO - [2023-11-08T22:42:32.627+0000] {dag.py:3722} INFO - Setting next_dagrun for example_params_ui_tutorial to None, run_after=None
[2023-11-08T22:42:32.639+0000] {processor.py:179} INFO - Processing /home/airflow/.local/lib/python3.8/site-packages/airflow/example_dags/example_params_ui_tutorial.py took 0.078 seconds
[2023-11-08T22:43:03.198+0000] {processor.py:157} INFO - Started process (PID=1746) to work on /home/airflow/.local/lib/python3.8/site-packages/airflow/example_dags/example_params_ui_tutorial.py
[2023-11-08T22:43:03.199+0000] {processor.py:829} INFO - Processing file /home/airflow/.local/lib/python3.8/site-packages/airflow/example_dags/example_params_ui_tutorial.py for tasks to queue
[2023-11-08T22:43:03.200+0000] {logging_mixin.py:154} INFO - [2023-11-08T22:43:03.200+0000] {dagbag.py:536} INFO - Filling up the DagBag from /home/airflow/.local/lib/python3.8/site-packages/airflow/example_dags/example_params_ui_tutorial.py
[2023-11-08T22:43:03.222+0000] {processor.py:839} INFO - DAG(s) dict_keys(['example_params_ui_tutorial']) retrieved from /home/airflow/.local/lib/python3.8/site-packages/airflow/example_dags/example_params_ui_tutorial.py
[2023-11-08T22:43:03.263+0000] {logging_mixin.py:154} INFO - [2023-11-08T22:43:03.263+0000] {dag.py:2941} INFO - Sync 1 DAGs
[2023-11-08T22:43:03.271+0000] {logging_mixin.py:154} INFO - [2023-11-08T22:43:03.271+0000] {dag.py:3722} INFO - Setting next_dagrun for example_params_ui_tutorial to None, run_after=None
[2023-11-08T22:43:03.284+0000] {processor.py:179} INFO - Processing /home/airflow/.local/lib/python3.8/site-packages/airflow/example_dags/example_params_ui_tutorial.py took 0.088 seconds
[2023-11-08T22:43:37.850+0000] {processor.py:157} INFO - Started process (PID=46) to work on /home/airflow/.local/lib/python3.8/site-packages/airflow/example_dags/example_params_ui_tutorial.py
[2023-11-08T22:43:37.851+0000] {processor.py:829} INFO - Processing file /home/airflow/.local/lib/python3.8/site-packages/airflow/example_dags/example_params_ui_tutorial.py for tasks to queue
[2023-11-08T22:43:37.852+0000] {logging_mixin.py:154} INFO - [2023-11-08T22:43:37.852+0000] {dagbag.py:536} INFO - Filling up the DagBag from /home/airflow/.local/lib/python3.8/site-packages/airflow/example_dags/example_params_ui_tutorial.py
[2023-11-08T22:43:37.877+0000] {processor.py:839} INFO - DAG(s) dict_keys(['example_params_ui_tutorial']) retrieved from /home/airflow/.local/lib/python3.8/site-packages/airflow/example_dags/example_params_ui_tutorial.py
[2023-11-08T22:43:37.888+0000] {logging_mixin.py:154} INFO - [2023-11-08T22:43:37.887+0000] {dag.py:2941} INFO - Sync 1 DAGs
[2023-11-08T22:43:37.899+0000] {logging_mixin.py:154} INFO - [2023-11-08T22:43:37.899+0000] {dag.py:3722} INFO - Setting next_dagrun for example_params_ui_tutorial to None, run_after=None
[2023-11-08T22:43:37.916+0000] {processor.py:179} INFO - Processing /home/airflow/.local/lib/python3.8/site-packages/airflow/example_dags/example_params_ui_tutorial.py took 0.068 seconds
