[2023-11-08T22:09:16.024+0000] {processor.py:157} INFO - Started process (PID=55) to work on /home/airflow/.local/lib/python3.8/site-packages/airflow/example_dags/tutorial_dag.py
[2023-11-08T22:09:16.024+0000] {processor.py:829} INFO - Processing file /home/airflow/.local/lib/python3.8/site-packages/airflow/example_dags/tutorial_dag.py for tasks to queue
[2023-11-08T22:09:16.026+0000] {logging_mixin.py:154} INFO - [2023-11-08T22:09:16.025+0000] {dagbag.py:536} INFO - Filling up the DagBag from /home/airflow/.local/lib/python3.8/site-packages/airflow/example_dags/tutorial_dag.py
[2023-11-08T22:09:16.031+0000] {processor.py:839} INFO - DAG(s) dict_keys(['tutorial_dag']) retrieved from /home/airflow/.local/lib/python3.8/site-packages/airflow/example_dags/tutorial_dag.py
[2023-11-08T22:09:16.038+0000] {logging_mixin.py:154} INFO - [2023-11-08T22:09:16.037+0000] {dag.py:2941} INFO - Sync 1 DAGs
[2023-11-08T22:09:16.048+0000] {logging_mixin.py:154} INFO - [2023-11-08T22:09:16.048+0000] {dag.py:3722} INFO - Setting next_dagrun for tutorial_dag to None, run_after=None
[2023-11-08T22:09:16.066+0000] {processor.py:179} INFO - Processing /home/airflow/.local/lib/python3.8/site-packages/airflow/example_dags/tutorial_dag.py took 0.044 seconds
[2023-11-08T22:09:46.738+0000] {processor.py:157} INFO - Started process (PID=110) to work on /home/airflow/.local/lib/python3.8/site-packages/airflow/example_dags/tutorial_dag.py
[2023-11-08T22:09:46.738+0000] {processor.py:829} INFO - Processing file /home/airflow/.local/lib/python3.8/site-packages/airflow/example_dags/tutorial_dag.py for tasks to queue
[2023-11-08T22:09:46.740+0000] {logging_mixin.py:154} INFO - [2023-11-08T22:09:46.739+0000] {dagbag.py:536} INFO - Filling up the DagBag from /home/airflow/.local/lib/python3.8/site-packages/airflow/example_dags/tutorial_dag.py
[2023-11-08T22:09:46.744+0000] {processor.py:839} INFO - DAG(s) dict_keys(['tutorial_dag']) retrieved from /home/airflow/.local/lib/python3.8/site-packages/airflow/example_dags/tutorial_dag.py
[2023-11-08T22:09:46.761+0000] {logging_mixin.py:154} INFO - [2023-11-08T22:09:46.761+0000] {dag.py:2941} INFO - Sync 1 DAGs
[2023-11-08T22:09:46.774+0000] {logging_mixin.py:154} INFO - [2023-11-08T22:09:46.773+0000] {dag.py:3722} INFO - Setting next_dagrun for tutorial_dag to None, run_after=None
[2023-11-08T22:09:46.790+0000] {processor.py:179} INFO - Processing /home/airflow/.local/lib/python3.8/site-packages/airflow/example_dags/tutorial_dag.py took 0.056 seconds
[2023-11-08T22:11:50.397+0000] {processor.py:157} INFO - Started process (PID=55) to work on /home/airflow/.local/lib/python3.8/site-packages/airflow/example_dags/tutorial_dag.py
[2023-11-08T22:11:50.398+0000] {processor.py:829} INFO - Processing file /home/airflow/.local/lib/python3.8/site-packages/airflow/example_dags/tutorial_dag.py for tasks to queue
[2023-11-08T22:11:50.399+0000] {logging_mixin.py:154} INFO - [2023-11-08T22:11:50.399+0000] {dagbag.py:536} INFO - Filling up the DagBag from /home/airflow/.local/lib/python3.8/site-packages/airflow/example_dags/tutorial_dag.py
[2023-11-08T22:11:50.407+0000] {processor.py:839} INFO - DAG(s) dict_keys(['tutorial_dag']) retrieved from /home/airflow/.local/lib/python3.8/site-packages/airflow/example_dags/tutorial_dag.py
[2023-11-08T22:11:50.415+0000] {logging_mixin.py:154} INFO - [2023-11-08T22:11:50.415+0000] {dag.py:2941} INFO - Sync 1 DAGs
[2023-11-08T22:11:50.427+0000] {logging_mixin.py:154} INFO - [2023-11-08T22:11:50.427+0000] {dag.py:3722} INFO - Setting next_dagrun for tutorial_dag to None, run_after=None
[2023-11-08T22:11:50.444+0000] {processor.py:179} INFO - Processing /home/airflow/.local/lib/python3.8/site-packages/airflow/example_dags/tutorial_dag.py took 0.050 seconds
[2023-11-08T22:12:20.529+0000] {processor.py:157} INFO - Started process (PID=109) to work on /home/airflow/.local/lib/python3.8/site-packages/airflow/example_dags/tutorial_dag.py
[2023-11-08T22:12:20.529+0000] {processor.py:829} INFO - Processing file /home/airflow/.local/lib/python3.8/site-packages/airflow/example_dags/tutorial_dag.py for tasks to queue
[2023-11-08T22:12:20.530+0000] {logging_mixin.py:154} INFO - [2023-11-08T22:12:20.530+0000] {dagbag.py:536} INFO - Filling up the DagBag from /home/airflow/.local/lib/python3.8/site-packages/airflow/example_dags/tutorial_dag.py
[2023-11-08T22:12:20.533+0000] {processor.py:839} INFO - DAG(s) dict_keys(['tutorial_dag']) retrieved from /home/airflow/.local/lib/python3.8/site-packages/airflow/example_dags/tutorial_dag.py
[2023-11-08T22:12:20.544+0000] {logging_mixin.py:154} INFO - [2023-11-08T22:12:20.544+0000] {dag.py:2941} INFO - Sync 1 DAGs
[2023-11-08T22:12:20.552+0000] {logging_mixin.py:154} INFO - [2023-11-08T22:12:20.552+0000] {dag.py:3722} INFO - Setting next_dagrun for tutorial_dag to None, run_after=None
[2023-11-08T22:12:20.562+0000] {processor.py:179} INFO - Processing /home/airflow/.local/lib/python3.8/site-packages/airflow/example_dags/tutorial_dag.py took 0.035 seconds
[2023-11-08T22:12:51.511+0000] {processor.py:157} INFO - Started process (PID=163) to work on /home/airflow/.local/lib/python3.8/site-packages/airflow/example_dags/tutorial_dag.py
[2023-11-08T22:12:51.512+0000] {processor.py:829} INFO - Processing file /home/airflow/.local/lib/python3.8/site-packages/airflow/example_dags/tutorial_dag.py for tasks to queue
[2023-11-08T22:12:51.513+0000] {logging_mixin.py:154} INFO - [2023-11-08T22:12:51.513+0000] {dagbag.py:536} INFO - Filling up the DagBag from /home/airflow/.local/lib/python3.8/site-packages/airflow/example_dags/tutorial_dag.py
[2023-11-08T22:12:51.517+0000] {processor.py:839} INFO - DAG(s) dict_keys(['tutorial_dag']) retrieved from /home/airflow/.local/lib/python3.8/site-packages/airflow/example_dags/tutorial_dag.py
[2023-11-08T22:12:51.528+0000] {logging_mixin.py:154} INFO - [2023-11-08T22:12:51.528+0000] {dag.py:2941} INFO - Sync 1 DAGs
[2023-11-08T22:12:51.535+0000] {logging_mixin.py:154} INFO - [2023-11-08T22:12:51.535+0000] {dag.py:3722} INFO - Setting next_dagrun for tutorial_dag to None, run_after=None
[2023-11-08T22:12:51.545+0000] {processor.py:179} INFO - Processing /home/airflow/.local/lib/python3.8/site-packages/airflow/example_dags/tutorial_dag.py took 0.035 seconds
[2023-11-08T22:13:22.067+0000] {processor.py:157} INFO - Started process (PID=217) to work on /home/airflow/.local/lib/python3.8/site-packages/airflow/example_dags/tutorial_dag.py
[2023-11-08T22:13:22.068+0000] {processor.py:829} INFO - Processing file /home/airflow/.local/lib/python3.8/site-packages/airflow/example_dags/tutorial_dag.py for tasks to queue
[2023-11-08T22:13:22.069+0000] {logging_mixin.py:154} INFO - [2023-11-08T22:13:22.069+0000] {dagbag.py:536} INFO - Filling up the DagBag from /home/airflow/.local/lib/python3.8/site-packages/airflow/example_dags/tutorial_dag.py
[2023-11-08T22:13:22.072+0000] {processor.py:839} INFO - DAG(s) dict_keys(['tutorial_dag']) retrieved from /home/airflow/.local/lib/python3.8/site-packages/airflow/example_dags/tutorial_dag.py
[2023-11-08T22:13:22.083+0000] {logging_mixin.py:154} INFO - [2023-11-08T22:13:22.083+0000] {dag.py:2941} INFO - Sync 1 DAGs
[2023-11-08T22:13:22.091+0000] {logging_mixin.py:154} INFO - [2023-11-08T22:13:22.091+0000] {dag.py:3722} INFO - Setting next_dagrun for tutorial_dag to None, run_after=None
[2023-11-08T22:13:22.100+0000] {processor.py:179} INFO - Processing /home/airflow/.local/lib/python3.8/site-packages/airflow/example_dags/tutorial_dag.py took 0.035 seconds
[2023-11-08T22:13:52.755+0000] {processor.py:157} INFO - Started process (PID=271) to work on /home/airflow/.local/lib/python3.8/site-packages/airflow/example_dags/tutorial_dag.py
[2023-11-08T22:13:52.755+0000] {processor.py:829} INFO - Processing file /home/airflow/.local/lib/python3.8/site-packages/airflow/example_dags/tutorial_dag.py for tasks to queue
[2023-11-08T22:13:52.757+0000] {logging_mixin.py:154} INFO - [2023-11-08T22:13:52.757+0000] {dagbag.py:536} INFO - Filling up the DagBag from /home/airflow/.local/lib/python3.8/site-packages/airflow/example_dags/tutorial_dag.py
[2023-11-08T22:13:52.760+0000] {processor.py:839} INFO - DAG(s) dict_keys(['tutorial_dag']) retrieved from /home/airflow/.local/lib/python3.8/site-packages/airflow/example_dags/tutorial_dag.py
[2023-11-08T22:13:52.773+0000] {logging_mixin.py:154} INFO - [2023-11-08T22:13:52.773+0000] {dag.py:2941} INFO - Sync 1 DAGs
[2023-11-08T22:13:52.781+0000] {logging_mixin.py:154} INFO - [2023-11-08T22:13:52.781+0000] {dag.py:3722} INFO - Setting next_dagrun for tutorial_dag to None, run_after=None
[2023-11-08T22:13:52.792+0000] {processor.py:179} INFO - Processing /home/airflow/.local/lib/python3.8/site-packages/airflow/example_dags/tutorial_dag.py took 0.039 seconds
[2023-11-08T22:14:23.430+0000] {processor.py:157} INFO - Started process (PID=325) to work on /home/airflow/.local/lib/python3.8/site-packages/airflow/example_dags/tutorial_dag.py
[2023-11-08T22:14:23.431+0000] {processor.py:829} INFO - Processing file /home/airflow/.local/lib/python3.8/site-packages/airflow/example_dags/tutorial_dag.py for tasks to queue
[2023-11-08T22:14:23.432+0000] {logging_mixin.py:154} INFO - [2023-11-08T22:14:23.432+0000] {dagbag.py:536} INFO - Filling up the DagBag from /home/airflow/.local/lib/python3.8/site-packages/airflow/example_dags/tutorial_dag.py
[2023-11-08T22:14:23.435+0000] {processor.py:839} INFO - DAG(s) dict_keys(['tutorial_dag']) retrieved from /home/airflow/.local/lib/python3.8/site-packages/airflow/example_dags/tutorial_dag.py
[2023-11-08T22:14:23.447+0000] {logging_mixin.py:154} INFO - [2023-11-08T22:14:23.447+0000] {dag.py:2941} INFO - Sync 1 DAGs
[2023-11-08T22:14:23.454+0000] {logging_mixin.py:154} INFO - [2023-11-08T22:14:23.454+0000] {dag.py:3722} INFO - Setting next_dagrun for tutorial_dag to None, run_after=None
[2023-11-08T22:14:23.464+0000] {processor.py:179} INFO - Processing /home/airflow/.local/lib/python3.8/site-packages/airflow/example_dags/tutorial_dag.py took 0.035 seconds
[2023-11-08T22:14:54.038+0000] {processor.py:157} INFO - Started process (PID=379) to work on /home/airflow/.local/lib/python3.8/site-packages/airflow/example_dags/tutorial_dag.py
[2023-11-08T22:14:54.038+0000] {processor.py:829} INFO - Processing file /home/airflow/.local/lib/python3.8/site-packages/airflow/example_dags/tutorial_dag.py for tasks to queue
[2023-11-08T22:14:54.040+0000] {logging_mixin.py:154} INFO - [2023-11-08T22:14:54.040+0000] {dagbag.py:536} INFO - Filling up the DagBag from /home/airflow/.local/lib/python3.8/site-packages/airflow/example_dags/tutorial_dag.py
[2023-11-08T22:14:54.043+0000] {processor.py:839} INFO - DAG(s) dict_keys(['tutorial_dag']) retrieved from /home/airflow/.local/lib/python3.8/site-packages/airflow/example_dags/tutorial_dag.py
[2023-11-08T22:14:54.056+0000] {logging_mixin.py:154} INFO - [2023-11-08T22:14:54.056+0000] {dag.py:2941} INFO - Sync 1 DAGs
[2023-11-08T22:14:54.063+0000] {logging_mixin.py:154} INFO - [2023-11-08T22:14:54.063+0000] {dag.py:3722} INFO - Setting next_dagrun for tutorial_dag to None, run_after=None
[2023-11-08T22:14:54.073+0000] {processor.py:179} INFO - Processing /home/airflow/.local/lib/python3.8/site-packages/airflow/example_dags/tutorial_dag.py took 0.037 seconds
[2023-11-08T22:15:24.697+0000] {processor.py:157} INFO - Started process (PID=434) to work on /home/airflow/.local/lib/python3.8/site-packages/airflow/example_dags/tutorial_dag.py
[2023-11-08T22:15:24.697+0000] {processor.py:829} INFO - Processing file /home/airflow/.local/lib/python3.8/site-packages/airflow/example_dags/tutorial_dag.py for tasks to queue
[2023-11-08T22:15:24.698+0000] {logging_mixin.py:154} INFO - [2023-11-08T22:15:24.698+0000] {dagbag.py:536} INFO - Filling up the DagBag from /home/airflow/.local/lib/python3.8/site-packages/airflow/example_dags/tutorial_dag.py
[2023-11-08T22:15:24.701+0000] {processor.py:839} INFO - DAG(s) dict_keys(['tutorial_dag']) retrieved from /home/airflow/.local/lib/python3.8/site-packages/airflow/example_dags/tutorial_dag.py
[2023-11-08T22:15:24.713+0000] {logging_mixin.py:154} INFO - [2023-11-08T22:15:24.713+0000] {dag.py:2941} INFO - Sync 1 DAGs
[2023-11-08T22:15:24.720+0000] {logging_mixin.py:154} INFO - [2023-11-08T22:15:24.720+0000] {dag.py:3722} INFO - Setting next_dagrun for tutorial_dag to None, run_after=None
[2023-11-08T22:15:24.731+0000] {processor.py:179} INFO - Processing /home/airflow/.local/lib/python3.8/site-packages/airflow/example_dags/tutorial_dag.py took 0.037 seconds
[2023-11-08T22:15:55.405+0000] {processor.py:157} INFO - Started process (PID=488) to work on /home/airflow/.local/lib/python3.8/site-packages/airflow/example_dags/tutorial_dag.py
[2023-11-08T22:15:55.405+0000] {processor.py:829} INFO - Processing file /home/airflow/.local/lib/python3.8/site-packages/airflow/example_dags/tutorial_dag.py for tasks to queue
[2023-11-08T22:15:55.407+0000] {logging_mixin.py:154} INFO - [2023-11-08T22:15:55.407+0000] {dagbag.py:536} INFO - Filling up the DagBag from /home/airflow/.local/lib/python3.8/site-packages/airflow/example_dags/tutorial_dag.py
[2023-11-08T22:15:55.409+0000] {processor.py:839} INFO - DAG(s) dict_keys(['tutorial_dag']) retrieved from /home/airflow/.local/lib/python3.8/site-packages/airflow/example_dags/tutorial_dag.py
[2023-11-08T22:15:55.421+0000] {logging_mixin.py:154} INFO - [2023-11-08T22:15:55.421+0000] {dag.py:2941} INFO - Sync 1 DAGs
[2023-11-08T22:15:55.428+0000] {logging_mixin.py:154} INFO - [2023-11-08T22:15:55.428+0000] {dag.py:3722} INFO - Setting next_dagrun for tutorial_dag to None, run_after=None
[2023-11-08T22:15:55.437+0000] {processor.py:179} INFO - Processing /home/airflow/.local/lib/python3.8/site-packages/airflow/example_dags/tutorial_dag.py took 0.034 seconds
[2023-11-08T22:16:25.961+0000] {processor.py:157} INFO - Started process (PID=541) to work on /home/airflow/.local/lib/python3.8/site-packages/airflow/example_dags/tutorial_dag.py
[2023-11-08T22:16:25.961+0000] {processor.py:829} INFO - Processing file /home/airflow/.local/lib/python3.8/site-packages/airflow/example_dags/tutorial_dag.py for tasks to queue
[2023-11-08T22:16:25.962+0000] {logging_mixin.py:154} INFO - [2023-11-08T22:16:25.962+0000] {dagbag.py:536} INFO - Filling up the DagBag from /home/airflow/.local/lib/python3.8/site-packages/airflow/example_dags/tutorial_dag.py
[2023-11-08T22:16:25.965+0000] {processor.py:839} INFO - DAG(s) dict_keys(['tutorial_dag']) retrieved from /home/airflow/.local/lib/python3.8/site-packages/airflow/example_dags/tutorial_dag.py
[2023-11-08T22:16:25.977+0000] {logging_mixin.py:154} INFO - [2023-11-08T22:16:25.977+0000] {dag.py:2941} INFO - Sync 1 DAGs
[2023-11-08T22:16:25.984+0000] {logging_mixin.py:154} INFO - [2023-11-08T22:16:25.984+0000] {dag.py:3722} INFO - Setting next_dagrun for tutorial_dag to None, run_after=None
[2023-11-08T22:16:25.994+0000] {processor.py:179} INFO - Processing /home/airflow/.local/lib/python3.8/site-packages/airflow/example_dags/tutorial_dag.py took 0.035 seconds
[2023-11-08T22:16:56.636+0000] {processor.py:157} INFO - Started process (PID=595) to work on /home/airflow/.local/lib/python3.8/site-packages/airflow/example_dags/tutorial_dag.py
[2023-11-08T22:16:56.638+0000] {processor.py:829} INFO - Processing file /home/airflow/.local/lib/python3.8/site-packages/airflow/example_dags/tutorial_dag.py for tasks to queue
[2023-11-08T22:16:56.639+0000] {logging_mixin.py:154} INFO - [2023-11-08T22:16:56.639+0000] {dagbag.py:536} INFO - Filling up the DagBag from /home/airflow/.local/lib/python3.8/site-packages/airflow/example_dags/tutorial_dag.py
[2023-11-08T22:16:56.642+0000] {processor.py:839} INFO - DAG(s) dict_keys(['tutorial_dag']) retrieved from /home/airflow/.local/lib/python3.8/site-packages/airflow/example_dags/tutorial_dag.py
[2023-11-08T22:16:56.653+0000] {logging_mixin.py:154} INFO - [2023-11-08T22:16:56.653+0000] {dag.py:2941} INFO - Sync 1 DAGs
[2023-11-08T22:16:56.661+0000] {logging_mixin.py:154} INFO - [2023-11-08T22:16:56.660+0000] {dag.py:3722} INFO - Setting next_dagrun for tutorial_dag to None, run_after=None
[2023-11-08T22:16:56.671+0000] {processor.py:179} INFO - Processing /home/airflow/.local/lib/python3.8/site-packages/airflow/example_dags/tutorial_dag.py took 0.036 seconds
[2023-11-08T22:17:27.300+0000] {processor.py:157} INFO - Started process (PID=650) to work on /home/airflow/.local/lib/python3.8/site-packages/airflow/example_dags/tutorial_dag.py
[2023-11-08T22:17:27.301+0000] {processor.py:829} INFO - Processing file /home/airflow/.local/lib/python3.8/site-packages/airflow/example_dags/tutorial_dag.py for tasks to queue
[2023-11-08T22:17:27.302+0000] {logging_mixin.py:154} INFO - [2023-11-08T22:17:27.302+0000] {dagbag.py:536} INFO - Filling up the DagBag from /home/airflow/.local/lib/python3.8/site-packages/airflow/example_dags/tutorial_dag.py
[2023-11-08T22:17:27.305+0000] {processor.py:839} INFO - DAG(s) dict_keys(['tutorial_dag']) retrieved from /home/airflow/.local/lib/python3.8/site-packages/airflow/example_dags/tutorial_dag.py
[2023-11-08T22:17:27.317+0000] {logging_mixin.py:154} INFO - [2023-11-08T22:17:27.317+0000] {dag.py:2941} INFO - Sync 1 DAGs
[2023-11-08T22:17:27.324+0000] {logging_mixin.py:154} INFO - [2023-11-08T22:17:27.324+0000] {dag.py:3722} INFO - Setting next_dagrun for tutorial_dag to None, run_after=None
[2023-11-08T22:17:27.334+0000] {processor.py:179} INFO - Processing /home/airflow/.local/lib/python3.8/site-packages/airflow/example_dags/tutorial_dag.py took 0.036 seconds
[2023-11-08T22:17:57.994+0000] {processor.py:157} INFO - Started process (PID=704) to work on /home/airflow/.local/lib/python3.8/site-packages/airflow/example_dags/tutorial_dag.py
[2023-11-08T22:17:57.995+0000] {processor.py:829} INFO - Processing file /home/airflow/.local/lib/python3.8/site-packages/airflow/example_dags/tutorial_dag.py for tasks to queue
[2023-11-08T22:17:57.996+0000] {logging_mixin.py:154} INFO - [2023-11-08T22:17:57.996+0000] {dagbag.py:536} INFO - Filling up the DagBag from /home/airflow/.local/lib/python3.8/site-packages/airflow/example_dags/tutorial_dag.py
[2023-11-08T22:17:57.999+0000] {processor.py:839} INFO - DAG(s) dict_keys(['tutorial_dag']) retrieved from /home/airflow/.local/lib/python3.8/site-packages/airflow/example_dags/tutorial_dag.py
[2023-11-08T22:17:58.011+0000] {logging_mixin.py:154} INFO - [2023-11-08T22:17:58.010+0000] {dag.py:2941} INFO - Sync 1 DAGs
[2023-11-08T22:17:58.018+0000] {logging_mixin.py:154} INFO - [2023-11-08T22:17:58.018+0000] {dag.py:3722} INFO - Setting next_dagrun for tutorial_dag to None, run_after=None
[2023-11-08T22:17:58.030+0000] {processor.py:179} INFO - Processing /home/airflow/.local/lib/python3.8/site-packages/airflow/example_dags/tutorial_dag.py took 0.037 seconds
[2023-11-08T22:18:28.767+0000] {processor.py:157} INFO - Started process (PID=759) to work on /home/airflow/.local/lib/python3.8/site-packages/airflow/example_dags/tutorial_dag.py
[2023-11-08T22:18:28.768+0000] {processor.py:829} INFO - Processing file /home/airflow/.local/lib/python3.8/site-packages/airflow/example_dags/tutorial_dag.py for tasks to queue
[2023-11-08T22:18:28.769+0000] {logging_mixin.py:154} INFO - [2023-11-08T22:18:28.769+0000] {dagbag.py:536} INFO - Filling up the DagBag from /home/airflow/.local/lib/python3.8/site-packages/airflow/example_dags/tutorial_dag.py
[2023-11-08T22:18:28.772+0000] {processor.py:839} INFO - DAG(s) dict_keys(['tutorial_dag']) retrieved from /home/airflow/.local/lib/python3.8/site-packages/airflow/example_dags/tutorial_dag.py
[2023-11-08T22:18:28.786+0000] {logging_mixin.py:154} INFO - [2023-11-08T22:18:28.786+0000] {dag.py:2941} INFO - Sync 1 DAGs
[2023-11-08T22:18:28.795+0000] {logging_mixin.py:154} INFO - [2023-11-08T22:18:28.794+0000] {dag.py:3722} INFO - Setting next_dagrun for tutorial_dag to None, run_after=None
[2023-11-08T22:18:28.807+0000] {processor.py:179} INFO - Processing /home/airflow/.local/lib/python3.8/site-packages/airflow/example_dags/tutorial_dag.py took 0.042 seconds
[2023-11-08T22:18:59.690+0000] {processor.py:157} INFO - Started process (PID=813) to work on /home/airflow/.local/lib/python3.8/site-packages/airflow/example_dags/tutorial_dag.py
[2023-11-08T22:18:59.690+0000] {processor.py:829} INFO - Processing file /home/airflow/.local/lib/python3.8/site-packages/airflow/example_dags/tutorial_dag.py for tasks to queue
[2023-11-08T22:18:59.692+0000] {logging_mixin.py:154} INFO - [2023-11-08T22:18:59.692+0000] {dagbag.py:536} INFO - Filling up the DagBag from /home/airflow/.local/lib/python3.8/site-packages/airflow/example_dags/tutorial_dag.py
[2023-11-08T22:18:59.695+0000] {processor.py:839} INFO - DAG(s) dict_keys(['tutorial_dag']) retrieved from /home/airflow/.local/lib/python3.8/site-packages/airflow/example_dags/tutorial_dag.py
[2023-11-08T22:18:59.706+0000] {logging_mixin.py:154} INFO - [2023-11-08T22:18:59.706+0000] {dag.py:2941} INFO - Sync 1 DAGs
[2023-11-08T22:18:59.714+0000] {logging_mixin.py:154} INFO - [2023-11-08T22:18:59.714+0000] {dag.py:3722} INFO - Setting next_dagrun for tutorial_dag to None, run_after=None
[2023-11-08T22:18:59.724+0000] {processor.py:179} INFO - Processing /home/airflow/.local/lib/python3.8/site-packages/airflow/example_dags/tutorial_dag.py took 0.036 seconds
[2023-11-08T22:19:29.998+0000] {processor.py:157} INFO - Started process (PID=867) to work on /home/airflow/.local/lib/python3.8/site-packages/airflow/example_dags/tutorial_dag.py
[2023-11-08T22:19:29.999+0000] {processor.py:829} INFO - Processing file /home/airflow/.local/lib/python3.8/site-packages/airflow/example_dags/tutorial_dag.py for tasks to queue
[2023-11-08T22:19:30.000+0000] {logging_mixin.py:154} INFO - [2023-11-08T22:19:30.000+0000] {dagbag.py:536} INFO - Filling up the DagBag from /home/airflow/.local/lib/python3.8/site-packages/airflow/example_dags/tutorial_dag.py
[2023-11-08T22:19:30.003+0000] {processor.py:839} INFO - DAG(s) dict_keys(['tutorial_dag']) retrieved from /home/airflow/.local/lib/python3.8/site-packages/airflow/example_dags/tutorial_dag.py
[2023-11-08T22:19:30.016+0000] {logging_mixin.py:154} INFO - [2023-11-08T22:19:30.016+0000] {dag.py:2941} INFO - Sync 1 DAGs
[2023-11-08T22:19:30.025+0000] {logging_mixin.py:154} INFO - [2023-11-08T22:19:30.025+0000] {dag.py:3722} INFO - Setting next_dagrun for tutorial_dag to None, run_after=None
[2023-11-08T22:19:30.042+0000] {processor.py:179} INFO - Processing /home/airflow/.local/lib/python3.8/site-packages/airflow/example_dags/tutorial_dag.py took 0.045 seconds
[2023-11-08T22:20:00.183+0000] {processor.py:157} INFO - Started process (PID=921) to work on /home/airflow/.local/lib/python3.8/site-packages/airflow/example_dags/tutorial_dag.py
[2023-11-08T22:20:00.183+0000] {processor.py:829} INFO - Processing file /home/airflow/.local/lib/python3.8/site-packages/airflow/example_dags/tutorial_dag.py for tasks to queue
[2023-11-08T22:20:00.185+0000] {logging_mixin.py:154} INFO - [2023-11-08T22:20:00.184+0000] {dagbag.py:536} INFO - Filling up the DagBag from /home/airflow/.local/lib/python3.8/site-packages/airflow/example_dags/tutorial_dag.py
[2023-11-08T22:20:00.188+0000] {processor.py:839} INFO - DAG(s) dict_keys(['tutorial_dag']) retrieved from /home/airflow/.local/lib/python3.8/site-packages/airflow/example_dags/tutorial_dag.py
[2023-11-08T22:20:00.202+0000] {logging_mixin.py:154} INFO - [2023-11-08T22:20:00.202+0000] {dag.py:2941} INFO - Sync 1 DAGs
[2023-11-08T22:20:00.210+0000] {logging_mixin.py:154} INFO - [2023-11-08T22:20:00.210+0000] {dag.py:3722} INFO - Setting next_dagrun for tutorial_dag to None, run_after=None
[2023-11-08T22:20:00.222+0000] {processor.py:179} INFO - Processing /home/airflow/.local/lib/python3.8/site-packages/airflow/example_dags/tutorial_dag.py took 0.041 seconds
[2023-11-08T22:20:31.074+0000] {processor.py:157} INFO - Started process (PID=975) to work on /home/airflow/.local/lib/python3.8/site-packages/airflow/example_dags/tutorial_dag.py
[2023-11-08T22:20:31.075+0000] {processor.py:829} INFO - Processing file /home/airflow/.local/lib/python3.8/site-packages/airflow/example_dags/tutorial_dag.py for tasks to queue
[2023-11-08T22:20:31.076+0000] {logging_mixin.py:154} INFO - [2023-11-08T22:20:31.076+0000] {dagbag.py:536} INFO - Filling up the DagBag from /home/airflow/.local/lib/python3.8/site-packages/airflow/example_dags/tutorial_dag.py
[2023-11-08T22:20:31.079+0000] {processor.py:839} INFO - DAG(s) dict_keys(['tutorial_dag']) retrieved from /home/airflow/.local/lib/python3.8/site-packages/airflow/example_dags/tutorial_dag.py
[2023-11-08T22:20:31.090+0000] {logging_mixin.py:154} INFO - [2023-11-08T22:20:31.090+0000] {dag.py:2941} INFO - Sync 1 DAGs
[2023-11-08T22:20:31.097+0000] {logging_mixin.py:154} INFO - [2023-11-08T22:20:31.097+0000] {dag.py:3722} INFO - Setting next_dagrun for tutorial_dag to None, run_after=None
[2023-11-08T22:20:31.106+0000] {processor.py:179} INFO - Processing /home/airflow/.local/lib/python3.8/site-packages/airflow/example_dags/tutorial_dag.py took 0.034 seconds
[2023-11-08T22:21:01.213+0000] {processor.py:157} INFO - Started process (PID=1029) to work on /home/airflow/.local/lib/python3.8/site-packages/airflow/example_dags/tutorial_dag.py
[2023-11-08T22:21:01.214+0000] {processor.py:829} INFO - Processing file /home/airflow/.local/lib/python3.8/site-packages/airflow/example_dags/tutorial_dag.py for tasks to queue
[2023-11-08T22:21:01.215+0000] {logging_mixin.py:154} INFO - [2023-11-08T22:21:01.215+0000] {dagbag.py:536} INFO - Filling up the DagBag from /home/airflow/.local/lib/python3.8/site-packages/airflow/example_dags/tutorial_dag.py
[2023-11-08T22:21:01.218+0000] {processor.py:839} INFO - DAG(s) dict_keys(['tutorial_dag']) retrieved from /home/airflow/.local/lib/python3.8/site-packages/airflow/example_dags/tutorial_dag.py
[2023-11-08T22:21:01.231+0000] {logging_mixin.py:154} INFO - [2023-11-08T22:21:01.231+0000] {dag.py:2941} INFO - Sync 1 DAGs
[2023-11-08T22:21:01.240+0000] {logging_mixin.py:154} INFO - [2023-11-08T22:21:01.240+0000] {dag.py:3722} INFO - Setting next_dagrun for tutorial_dag to None, run_after=None
[2023-11-08T22:21:01.256+0000] {processor.py:179} INFO - Processing /home/airflow/.local/lib/python3.8/site-packages/airflow/example_dags/tutorial_dag.py took 0.045 seconds
[2023-11-08T22:21:32.215+0000] {processor.py:157} INFO - Started process (PID=1082) to work on /home/airflow/.local/lib/python3.8/site-packages/airflow/example_dags/tutorial_dag.py
[2023-11-08T22:21:32.216+0000] {processor.py:829} INFO - Processing file /home/airflow/.local/lib/python3.8/site-packages/airflow/example_dags/tutorial_dag.py for tasks to queue
[2023-11-08T22:21:32.217+0000] {logging_mixin.py:154} INFO - [2023-11-08T22:21:32.217+0000] {dagbag.py:536} INFO - Filling up the DagBag from /home/airflow/.local/lib/python3.8/site-packages/airflow/example_dags/tutorial_dag.py
[2023-11-08T22:21:32.219+0000] {processor.py:839} INFO - DAG(s) dict_keys(['tutorial_dag']) retrieved from /home/airflow/.local/lib/python3.8/site-packages/airflow/example_dags/tutorial_dag.py
[2023-11-08T22:21:32.231+0000] {logging_mixin.py:154} INFO - [2023-11-08T22:21:32.231+0000] {dag.py:2941} INFO - Sync 1 DAGs
[2023-11-08T22:21:32.238+0000] {logging_mixin.py:154} INFO - [2023-11-08T22:21:32.238+0000] {dag.py:3722} INFO - Setting next_dagrun for tutorial_dag to None, run_after=None
[2023-11-08T22:21:32.344+0000] {processor.py:179} INFO - Processing /home/airflow/.local/lib/python3.8/site-packages/airflow/example_dags/tutorial_dag.py took 0.131 seconds
[2023-11-08T22:22:02.475+0000] {processor.py:157} INFO - Started process (PID=1136) to work on /home/airflow/.local/lib/python3.8/site-packages/airflow/example_dags/tutorial_dag.py
[2023-11-08T22:22:02.476+0000] {processor.py:829} INFO - Processing file /home/airflow/.local/lib/python3.8/site-packages/airflow/example_dags/tutorial_dag.py for tasks to queue
[2023-11-08T22:22:02.477+0000] {logging_mixin.py:154} INFO - [2023-11-08T22:22:02.476+0000] {dagbag.py:536} INFO - Filling up the DagBag from /home/airflow/.local/lib/python3.8/site-packages/airflow/example_dags/tutorial_dag.py
[2023-11-08T22:22:02.480+0000] {processor.py:839} INFO - DAG(s) dict_keys(['tutorial_dag']) retrieved from /home/airflow/.local/lib/python3.8/site-packages/airflow/example_dags/tutorial_dag.py
[2023-11-08T22:22:02.492+0000] {logging_mixin.py:154} INFO - [2023-11-08T22:22:02.492+0000] {dag.py:2941} INFO - Sync 1 DAGs
[2023-11-08T22:22:02.499+0000] {logging_mixin.py:154} INFO - [2023-11-08T22:22:02.499+0000] {dag.py:3722} INFO - Setting next_dagrun for tutorial_dag to None, run_after=None
[2023-11-08T22:22:02.510+0000] {processor.py:179} INFO - Processing /home/airflow/.local/lib/python3.8/site-packages/airflow/example_dags/tutorial_dag.py took 0.037 seconds
[2023-11-08T22:22:33.488+0000] {processor.py:157} INFO - Started process (PID=1189) to work on /home/airflow/.local/lib/python3.8/site-packages/airflow/example_dags/tutorial_dag.py
[2023-11-08T22:22:33.489+0000] {processor.py:829} INFO - Processing file /home/airflow/.local/lib/python3.8/site-packages/airflow/example_dags/tutorial_dag.py for tasks to queue
[2023-11-08T22:22:33.491+0000] {logging_mixin.py:154} INFO - [2023-11-08T22:22:33.490+0000] {dagbag.py:536} INFO - Filling up the DagBag from /home/airflow/.local/lib/python3.8/site-packages/airflow/example_dags/tutorial_dag.py
[2023-11-08T22:22:33.494+0000] {processor.py:839} INFO - DAG(s) dict_keys(['tutorial_dag']) retrieved from /home/airflow/.local/lib/python3.8/site-packages/airflow/example_dags/tutorial_dag.py
[2023-11-08T22:22:33.505+0000] {logging_mixin.py:154} INFO - [2023-11-08T22:22:33.505+0000] {dag.py:2941} INFO - Sync 1 DAGs
[2023-11-08T22:22:33.512+0000] {logging_mixin.py:154} INFO - [2023-11-08T22:22:33.512+0000] {dag.py:3722} INFO - Setting next_dagrun for tutorial_dag to None, run_after=None
[2023-11-08T22:22:33.521+0000] {processor.py:179} INFO - Processing /home/airflow/.local/lib/python3.8/site-packages/airflow/example_dags/tutorial_dag.py took 0.035 seconds
[2023-11-08T22:23:04.183+0000] {processor.py:157} INFO - Started process (PID=1242) to work on /home/airflow/.local/lib/python3.8/site-packages/airflow/example_dags/tutorial_dag.py
[2023-11-08T22:23:04.184+0000] {processor.py:829} INFO - Processing file /home/airflow/.local/lib/python3.8/site-packages/airflow/example_dags/tutorial_dag.py for tasks to queue
[2023-11-08T22:23:04.185+0000] {logging_mixin.py:154} INFO - [2023-11-08T22:23:04.185+0000] {dagbag.py:536} INFO - Filling up the DagBag from /home/airflow/.local/lib/python3.8/site-packages/airflow/example_dags/tutorial_dag.py
[2023-11-08T22:23:04.188+0000] {processor.py:839} INFO - DAG(s) dict_keys(['tutorial_dag']) retrieved from /home/airflow/.local/lib/python3.8/site-packages/airflow/example_dags/tutorial_dag.py
[2023-11-08T22:23:04.199+0000] {logging_mixin.py:154} INFO - [2023-11-08T22:23:04.199+0000] {dag.py:2941} INFO - Sync 1 DAGs
[2023-11-08T22:23:04.207+0000] {logging_mixin.py:154} INFO - [2023-11-08T22:23:04.206+0000] {dag.py:3722} INFO - Setting next_dagrun for tutorial_dag to None, run_after=None
[2023-11-08T22:23:04.217+0000] {processor.py:179} INFO - Processing /home/airflow/.local/lib/python3.8/site-packages/airflow/example_dags/tutorial_dag.py took 0.035 seconds
[2023-11-08T22:23:34.471+0000] {processor.py:157} INFO - Started process (PID=1296) to work on /home/airflow/.local/lib/python3.8/site-packages/airflow/example_dags/tutorial_dag.py
[2023-11-08T22:23:34.471+0000] {processor.py:829} INFO - Processing file /home/airflow/.local/lib/python3.8/site-packages/airflow/example_dags/tutorial_dag.py for tasks to queue
[2023-11-08T22:23:34.472+0000] {logging_mixin.py:154} INFO - [2023-11-08T22:23:34.472+0000] {dagbag.py:536} INFO - Filling up the DagBag from /home/airflow/.local/lib/python3.8/site-packages/airflow/example_dags/tutorial_dag.py
[2023-11-08T22:23:34.475+0000] {processor.py:839} INFO - DAG(s) dict_keys(['tutorial_dag']) retrieved from /home/airflow/.local/lib/python3.8/site-packages/airflow/example_dags/tutorial_dag.py
[2023-11-08T22:23:34.486+0000] {logging_mixin.py:154} INFO - [2023-11-08T22:23:34.486+0000] {dag.py:2941} INFO - Sync 1 DAGs
[2023-11-08T22:23:34.493+0000] {logging_mixin.py:154} INFO - [2023-11-08T22:23:34.493+0000] {dag.py:3722} INFO - Setting next_dagrun for tutorial_dag to None, run_after=None
[2023-11-08T22:23:34.502+0000] {processor.py:179} INFO - Processing /home/airflow/.local/lib/python3.8/site-packages/airflow/example_dags/tutorial_dag.py took 0.033 seconds
[2023-11-08T22:24:05.457+0000] {processor.py:157} INFO - Started process (PID=1350) to work on /home/airflow/.local/lib/python3.8/site-packages/airflow/example_dags/tutorial_dag.py
[2023-11-08T22:24:05.457+0000] {processor.py:829} INFO - Processing file /home/airflow/.local/lib/python3.8/site-packages/airflow/example_dags/tutorial_dag.py for tasks to queue
[2023-11-08T22:24:05.458+0000] {logging_mixin.py:154} INFO - [2023-11-08T22:24:05.458+0000] {dagbag.py:536} INFO - Filling up the DagBag from /home/airflow/.local/lib/python3.8/site-packages/airflow/example_dags/tutorial_dag.py
[2023-11-08T22:24:05.461+0000] {processor.py:839} INFO - DAG(s) dict_keys(['tutorial_dag']) retrieved from /home/airflow/.local/lib/python3.8/site-packages/airflow/example_dags/tutorial_dag.py
[2023-11-08T22:24:05.472+0000] {logging_mixin.py:154} INFO - [2023-11-08T22:24:05.472+0000] {dag.py:2941} INFO - Sync 1 DAGs
[2023-11-08T22:24:05.479+0000] {logging_mixin.py:154} INFO - [2023-11-08T22:24:05.479+0000] {dag.py:3722} INFO - Setting next_dagrun for tutorial_dag to None, run_after=None
[2023-11-08T22:24:05.489+0000] {processor.py:179} INFO - Processing /home/airflow/.local/lib/python3.8/site-packages/airflow/example_dags/tutorial_dag.py took 0.034 seconds
[2023-11-08T22:24:36.219+0000] {processor.py:157} INFO - Started process (PID=1404) to work on /home/airflow/.local/lib/python3.8/site-packages/airflow/example_dags/tutorial_dag.py
[2023-11-08T22:24:36.219+0000] {processor.py:829} INFO - Processing file /home/airflow/.local/lib/python3.8/site-packages/airflow/example_dags/tutorial_dag.py for tasks to queue
[2023-11-08T22:24:36.220+0000] {logging_mixin.py:154} INFO - [2023-11-08T22:24:36.220+0000] {dagbag.py:536} INFO - Filling up the DagBag from /home/airflow/.local/lib/python3.8/site-packages/airflow/example_dags/tutorial_dag.py
[2023-11-08T22:24:36.223+0000] {processor.py:839} INFO - DAG(s) dict_keys(['tutorial_dag']) retrieved from /home/airflow/.local/lib/python3.8/site-packages/airflow/example_dags/tutorial_dag.py
[2023-11-08T22:24:36.235+0000] {logging_mixin.py:154} INFO - [2023-11-08T22:24:36.234+0000] {dag.py:2941} INFO - Sync 1 DAGs
[2023-11-08T22:24:36.326+0000] {logging_mixin.py:154} INFO - [2023-11-08T22:24:36.326+0000] {dag.py:3722} INFO - Setting next_dagrun for tutorial_dag to None, run_after=None
[2023-11-08T22:24:36.342+0000] {processor.py:179} INFO - Processing /home/airflow/.local/lib/python3.8/site-packages/airflow/example_dags/tutorial_dag.py took 0.125 seconds
[2023-11-08T22:25:06.663+0000] {processor.py:157} INFO - Started process (PID=1458) to work on /home/airflow/.local/lib/python3.8/site-packages/airflow/example_dags/tutorial_dag.py
[2023-11-08T22:25:06.663+0000] {processor.py:829} INFO - Processing file /home/airflow/.local/lib/python3.8/site-packages/airflow/example_dags/tutorial_dag.py for tasks to queue
[2023-11-08T22:25:06.665+0000] {logging_mixin.py:154} INFO - [2023-11-08T22:25:06.665+0000] {dagbag.py:536} INFO - Filling up the DagBag from /home/airflow/.local/lib/python3.8/site-packages/airflow/example_dags/tutorial_dag.py
[2023-11-08T22:25:06.667+0000] {processor.py:839} INFO - DAG(s) dict_keys(['tutorial_dag']) retrieved from /home/airflow/.local/lib/python3.8/site-packages/airflow/example_dags/tutorial_dag.py
[2023-11-08T22:25:06.678+0000] {logging_mixin.py:154} INFO - [2023-11-08T22:25:06.678+0000] {dag.py:2941} INFO - Sync 1 DAGs
[2023-11-08T22:25:06.685+0000] {logging_mixin.py:154} INFO - [2023-11-08T22:25:06.685+0000] {dag.py:3722} INFO - Setting next_dagrun for tutorial_dag to None, run_after=None
[2023-11-08T22:25:06.694+0000] {processor.py:179} INFO - Processing /home/airflow/.local/lib/python3.8/site-packages/airflow/example_dags/tutorial_dag.py took 0.033 seconds
[2023-11-08T22:25:37.466+0000] {processor.py:157} INFO - Started process (PID=1512) to work on /home/airflow/.local/lib/python3.8/site-packages/airflow/example_dags/tutorial_dag.py
[2023-11-08T22:25:37.466+0000] {processor.py:829} INFO - Processing file /home/airflow/.local/lib/python3.8/site-packages/airflow/example_dags/tutorial_dag.py for tasks to queue
[2023-11-08T22:25:37.468+0000] {logging_mixin.py:154} INFO - [2023-11-08T22:25:37.467+0000] {dagbag.py:536} INFO - Filling up the DagBag from /home/airflow/.local/lib/python3.8/site-packages/airflow/example_dags/tutorial_dag.py
[2023-11-08T22:25:37.470+0000] {processor.py:839} INFO - DAG(s) dict_keys(['tutorial_dag']) retrieved from /home/airflow/.local/lib/python3.8/site-packages/airflow/example_dags/tutorial_dag.py
[2023-11-08T22:25:37.483+0000] {logging_mixin.py:154} INFO - [2023-11-08T22:25:37.482+0000] {dag.py:2941} INFO - Sync 1 DAGs
[2023-11-08T22:25:37.490+0000] {logging_mixin.py:154} INFO - [2023-11-08T22:25:37.490+0000] {dag.py:3722} INFO - Setting next_dagrun for tutorial_dag to None, run_after=None
[2023-11-08T22:25:37.500+0000] {processor.py:179} INFO - Processing /home/airflow/.local/lib/python3.8/site-packages/airflow/example_dags/tutorial_dag.py took 0.036 seconds
[2023-11-08T22:26:08.044+0000] {processor.py:157} INFO - Started process (PID=1566) to work on /home/airflow/.local/lib/python3.8/site-packages/airflow/example_dags/tutorial_dag.py
[2023-11-08T22:26:08.044+0000] {processor.py:829} INFO - Processing file /home/airflow/.local/lib/python3.8/site-packages/airflow/example_dags/tutorial_dag.py for tasks to queue
[2023-11-08T22:26:08.046+0000] {logging_mixin.py:154} INFO - [2023-11-08T22:26:08.046+0000] {dagbag.py:536} INFO - Filling up the DagBag from /home/airflow/.local/lib/python3.8/site-packages/airflow/example_dags/tutorial_dag.py
[2023-11-08T22:26:08.048+0000] {processor.py:839} INFO - DAG(s) dict_keys(['tutorial_dag']) retrieved from /home/airflow/.local/lib/python3.8/site-packages/airflow/example_dags/tutorial_dag.py
[2023-11-08T22:26:08.061+0000] {logging_mixin.py:154} INFO - [2023-11-08T22:26:08.060+0000] {dag.py:2941} INFO - Sync 1 DAGs
[2023-11-08T22:26:08.068+0000] {logging_mixin.py:154} INFO - [2023-11-08T22:26:08.068+0000] {dag.py:3722} INFO - Setting next_dagrun for tutorial_dag to None, run_after=None
[2023-11-08T22:26:08.078+0000] {processor.py:179} INFO - Processing /home/airflow/.local/lib/python3.8/site-packages/airflow/example_dags/tutorial_dag.py took 0.036 seconds
[2023-11-08T22:26:38.707+0000] {processor.py:157} INFO - Started process (PID=1620) to work on /home/airflow/.local/lib/python3.8/site-packages/airflow/example_dags/tutorial_dag.py
[2023-11-08T22:26:38.707+0000] {processor.py:829} INFO - Processing file /home/airflow/.local/lib/python3.8/site-packages/airflow/example_dags/tutorial_dag.py for tasks to queue
[2023-11-08T22:26:38.709+0000] {logging_mixin.py:154} INFO - [2023-11-08T22:26:38.709+0000] {dagbag.py:536} INFO - Filling up the DagBag from /home/airflow/.local/lib/python3.8/site-packages/airflow/example_dags/tutorial_dag.py
[2023-11-08T22:26:38.711+0000] {processor.py:839} INFO - DAG(s) dict_keys(['tutorial_dag']) retrieved from /home/airflow/.local/lib/python3.8/site-packages/airflow/example_dags/tutorial_dag.py
[2023-11-08T22:26:38.722+0000] {logging_mixin.py:154} INFO - [2023-11-08T22:26:38.722+0000] {dag.py:2941} INFO - Sync 1 DAGs
[2023-11-08T22:26:38.730+0000] {logging_mixin.py:154} INFO - [2023-11-08T22:26:38.729+0000] {dag.py:3722} INFO - Setting next_dagrun for tutorial_dag to None, run_after=None
[2023-11-08T22:26:38.739+0000] {processor.py:179} INFO - Processing /home/airflow/.local/lib/python3.8/site-packages/airflow/example_dags/tutorial_dag.py took 0.034 seconds
[2023-11-08T22:27:16.912+0000] {processor.py:157} INFO - Started process (PID=54) to work on /home/airflow/.local/lib/python3.8/site-packages/airflow/example_dags/tutorial_dag.py
[2023-11-08T22:27:16.912+0000] {processor.py:829} INFO - Processing file /home/airflow/.local/lib/python3.8/site-packages/airflow/example_dags/tutorial_dag.py for tasks to queue
[2023-11-08T22:27:16.914+0000] {logging_mixin.py:154} INFO - [2023-11-08T22:27:16.913+0000] {dagbag.py:536} INFO - Filling up the DagBag from /home/airflow/.local/lib/python3.8/site-packages/airflow/example_dags/tutorial_dag.py
[2023-11-08T22:27:16.918+0000] {processor.py:839} INFO - DAG(s) dict_keys(['tutorial_dag']) retrieved from /home/airflow/.local/lib/python3.8/site-packages/airflow/example_dags/tutorial_dag.py
[2023-11-08T22:27:16.925+0000] {logging_mixin.py:154} INFO - [2023-11-08T22:27:16.925+0000] {dag.py:2941} INFO - Sync 1 DAGs
[2023-11-08T22:27:16.933+0000] {logging_mixin.py:154} INFO - [2023-11-08T22:27:16.932+0000] {dag.py:3722} INFO - Setting next_dagrun for tutorial_dag to None, run_after=None
[2023-11-08T22:27:16.943+0000] {processor.py:179} INFO - Processing /home/airflow/.local/lib/python3.8/site-packages/airflow/example_dags/tutorial_dag.py took 0.033 seconds
[2023-11-08T22:27:47.770+0000] {processor.py:157} INFO - Started process (PID=108) to work on /home/airflow/.local/lib/python3.8/site-packages/airflow/example_dags/tutorial_dag.py
[2023-11-08T22:27:47.770+0000] {processor.py:829} INFO - Processing file /home/airflow/.local/lib/python3.8/site-packages/airflow/example_dags/tutorial_dag.py for tasks to queue
[2023-11-08T22:27:47.771+0000] {logging_mixin.py:154} INFO - [2023-11-08T22:27:47.771+0000] {dagbag.py:536} INFO - Filling up the DagBag from /home/airflow/.local/lib/python3.8/site-packages/airflow/example_dags/tutorial_dag.py
[2023-11-08T22:27:47.775+0000] {processor.py:839} INFO - DAG(s) dict_keys(['tutorial_dag']) retrieved from /home/airflow/.local/lib/python3.8/site-packages/airflow/example_dags/tutorial_dag.py
[2023-11-08T22:27:47.790+0000] {logging_mixin.py:154} INFO - [2023-11-08T22:27:47.789+0000] {dag.py:2941} INFO - Sync 1 DAGs
[2023-11-08T22:27:47.801+0000] {logging_mixin.py:154} INFO - [2023-11-08T22:27:47.801+0000] {dag.py:3722} INFO - Setting next_dagrun for tutorial_dag to None, run_after=None
[2023-11-08T22:27:47.814+0000] {processor.py:179} INFO - Processing /home/airflow/.local/lib/python3.8/site-packages/airflow/example_dags/tutorial_dag.py took 0.046 seconds
[2023-11-08T22:28:17.944+0000] {processor.py:157} INFO - Started process (PID=162) to work on /home/airflow/.local/lib/python3.8/site-packages/airflow/example_dags/tutorial_dag.py
[2023-11-08T22:28:17.944+0000] {processor.py:829} INFO - Processing file /home/airflow/.local/lib/python3.8/site-packages/airflow/example_dags/tutorial_dag.py for tasks to queue
[2023-11-08T22:28:17.946+0000] {logging_mixin.py:154} INFO - [2023-11-08T22:28:17.945+0000] {dagbag.py:536} INFO - Filling up the DagBag from /home/airflow/.local/lib/python3.8/site-packages/airflow/example_dags/tutorial_dag.py
[2023-11-08T22:28:17.949+0000] {processor.py:839} INFO - DAG(s) dict_keys(['tutorial_dag']) retrieved from /home/airflow/.local/lib/python3.8/site-packages/airflow/example_dags/tutorial_dag.py
[2023-11-08T22:28:17.962+0000] {logging_mixin.py:154} INFO - [2023-11-08T22:28:17.962+0000] {dag.py:2941} INFO - Sync 1 DAGs
[2023-11-08T22:28:17.972+0000] {logging_mixin.py:154} INFO - [2023-11-08T22:28:17.972+0000] {dag.py:3722} INFO - Setting next_dagrun for tutorial_dag to None, run_after=None
[2023-11-08T22:28:17.983+0000] {processor.py:179} INFO - Processing /home/airflow/.local/lib/python3.8/site-packages/airflow/example_dags/tutorial_dag.py took 0.041 seconds
[2023-11-08T22:28:48.093+0000] {processor.py:157} INFO - Started process (PID=216) to work on /home/airflow/.local/lib/python3.8/site-packages/airflow/example_dags/tutorial_dag.py
[2023-11-08T22:28:48.094+0000] {processor.py:829} INFO - Processing file /home/airflow/.local/lib/python3.8/site-packages/airflow/example_dags/tutorial_dag.py for tasks to queue
[2023-11-08T22:28:48.095+0000] {logging_mixin.py:154} INFO - [2023-11-08T22:28:48.094+0000] {dagbag.py:536} INFO - Filling up the DagBag from /home/airflow/.local/lib/python3.8/site-packages/airflow/example_dags/tutorial_dag.py
[2023-11-08T22:28:48.098+0000] {processor.py:839} INFO - DAG(s) dict_keys(['tutorial_dag']) retrieved from /home/airflow/.local/lib/python3.8/site-packages/airflow/example_dags/tutorial_dag.py
[2023-11-08T22:28:48.110+0000] {logging_mixin.py:154} INFO - [2023-11-08T22:28:48.110+0000] {dag.py:2941} INFO - Sync 1 DAGs
[2023-11-08T22:28:48.118+0000] {logging_mixin.py:154} INFO - [2023-11-08T22:28:48.118+0000] {dag.py:3722} INFO - Setting next_dagrun for tutorial_dag to None, run_after=None
[2023-11-08T22:28:48.130+0000] {processor.py:179} INFO - Processing /home/airflow/.local/lib/python3.8/site-packages/airflow/example_dags/tutorial_dag.py took 0.039 seconds
[2023-11-08T22:29:18.810+0000] {processor.py:157} INFO - Started process (PID=270) to work on /home/airflow/.local/lib/python3.8/site-packages/airflow/example_dags/tutorial_dag.py
[2023-11-08T22:29:18.811+0000] {processor.py:829} INFO - Processing file /home/airflow/.local/lib/python3.8/site-packages/airflow/example_dags/tutorial_dag.py for tasks to queue
[2023-11-08T22:29:18.812+0000] {logging_mixin.py:154} INFO - [2023-11-08T22:29:18.812+0000] {dagbag.py:536} INFO - Filling up the DagBag from /home/airflow/.local/lib/python3.8/site-packages/airflow/example_dags/tutorial_dag.py
[2023-11-08T22:29:18.816+0000] {processor.py:839} INFO - DAG(s) dict_keys(['tutorial_dag']) retrieved from /home/airflow/.local/lib/python3.8/site-packages/airflow/example_dags/tutorial_dag.py
[2023-11-08T22:29:18.833+0000] {logging_mixin.py:154} INFO - [2023-11-08T22:29:18.832+0000] {dag.py:2941} INFO - Sync 1 DAGs
[2023-11-08T22:29:18.843+0000] {logging_mixin.py:154} INFO - [2023-11-08T22:29:18.843+0000] {dag.py:3722} INFO - Setting next_dagrun for tutorial_dag to None, run_after=None
[2023-11-08T22:29:18.857+0000] {processor.py:179} INFO - Processing /home/airflow/.local/lib/python3.8/site-packages/airflow/example_dags/tutorial_dag.py took 0.049 seconds
[2023-11-08T22:29:49.009+0000] {processor.py:157} INFO - Started process (PID=325) to work on /home/airflow/.local/lib/python3.8/site-packages/airflow/example_dags/tutorial_dag.py
[2023-11-08T22:29:49.010+0000] {processor.py:829} INFO - Processing file /home/airflow/.local/lib/python3.8/site-packages/airflow/example_dags/tutorial_dag.py for tasks to queue
[2023-11-08T22:29:49.011+0000] {logging_mixin.py:154} INFO - [2023-11-08T22:29:49.011+0000] {dagbag.py:536} INFO - Filling up the DagBag from /home/airflow/.local/lib/python3.8/site-packages/airflow/example_dags/tutorial_dag.py
[2023-11-08T22:29:49.014+0000] {processor.py:839} INFO - DAG(s) dict_keys(['tutorial_dag']) retrieved from /home/airflow/.local/lib/python3.8/site-packages/airflow/example_dags/tutorial_dag.py
[2023-11-08T22:29:49.026+0000] {logging_mixin.py:154} INFO - [2023-11-08T22:29:49.026+0000] {dag.py:2941} INFO - Sync 1 DAGs
[2023-11-08T22:29:49.033+0000] {logging_mixin.py:154} INFO - [2023-11-08T22:29:49.033+0000] {dag.py:3722} INFO - Setting next_dagrun for tutorial_dag to None, run_after=None
[2023-11-08T22:29:49.043+0000] {processor.py:179} INFO - Processing /home/airflow/.local/lib/python3.8/site-packages/airflow/example_dags/tutorial_dag.py took 0.036 seconds
[2023-11-08T22:30:19.735+0000] {processor.py:157} INFO - Started process (PID=379) to work on /home/airflow/.local/lib/python3.8/site-packages/airflow/example_dags/tutorial_dag.py
[2023-11-08T22:30:19.736+0000] {processor.py:829} INFO - Processing file /home/airflow/.local/lib/python3.8/site-packages/airflow/example_dags/tutorial_dag.py for tasks to queue
[2023-11-08T22:30:19.737+0000] {logging_mixin.py:154} INFO - [2023-11-08T22:30:19.737+0000] {dagbag.py:536} INFO - Filling up the DagBag from /home/airflow/.local/lib/python3.8/site-packages/airflow/example_dags/tutorial_dag.py
[2023-11-08T22:30:19.740+0000] {processor.py:839} INFO - DAG(s) dict_keys(['tutorial_dag']) retrieved from /home/airflow/.local/lib/python3.8/site-packages/airflow/example_dags/tutorial_dag.py
[2023-11-08T22:30:19.751+0000] {logging_mixin.py:154} INFO - [2023-11-08T22:30:19.751+0000] {dag.py:2941} INFO - Sync 1 DAGs
[2023-11-08T22:30:19.758+0000] {logging_mixin.py:154} INFO - [2023-11-08T22:30:19.758+0000] {dag.py:3722} INFO - Setting next_dagrun for tutorial_dag to None, run_after=None
[2023-11-08T22:30:19.768+0000] {processor.py:179} INFO - Processing /home/airflow/.local/lib/python3.8/site-packages/airflow/example_dags/tutorial_dag.py took 0.035 seconds
[2023-11-08T22:30:50.445+0000] {processor.py:157} INFO - Started process (PID=433) to work on /home/airflow/.local/lib/python3.8/site-packages/airflow/example_dags/tutorial_dag.py
[2023-11-08T22:30:50.445+0000] {processor.py:829} INFO - Processing file /home/airflow/.local/lib/python3.8/site-packages/airflow/example_dags/tutorial_dag.py for tasks to queue
[2023-11-08T22:30:50.446+0000] {logging_mixin.py:154} INFO - [2023-11-08T22:30:50.446+0000] {dagbag.py:536} INFO - Filling up the DagBag from /home/airflow/.local/lib/python3.8/site-packages/airflow/example_dags/tutorial_dag.py
[2023-11-08T22:30:50.449+0000] {processor.py:839} INFO - DAG(s) dict_keys(['tutorial_dag']) retrieved from /home/airflow/.local/lib/python3.8/site-packages/airflow/example_dags/tutorial_dag.py
[2023-11-08T22:30:50.465+0000] {logging_mixin.py:154} INFO - [2023-11-08T22:30:50.465+0000] {dag.py:2941} INFO - Sync 1 DAGs
[2023-11-08T22:30:50.476+0000] {logging_mixin.py:154} INFO - [2023-11-08T22:30:50.476+0000] {dag.py:3722} INFO - Setting next_dagrun for tutorial_dag to None, run_after=None
[2023-11-08T22:30:50.493+0000] {processor.py:179} INFO - Processing /home/airflow/.local/lib/python3.8/site-packages/airflow/example_dags/tutorial_dag.py took 0.050 seconds
[2023-11-08T22:31:21.428+0000] {processor.py:157} INFO - Started process (PID=487) to work on /home/airflow/.local/lib/python3.8/site-packages/airflow/example_dags/tutorial_dag.py
[2023-11-08T22:31:21.428+0000] {processor.py:829} INFO - Processing file /home/airflow/.local/lib/python3.8/site-packages/airflow/example_dags/tutorial_dag.py for tasks to queue
[2023-11-08T22:31:21.430+0000] {logging_mixin.py:154} INFO - [2023-11-08T22:31:21.429+0000] {dagbag.py:536} INFO - Filling up the DagBag from /home/airflow/.local/lib/python3.8/site-packages/airflow/example_dags/tutorial_dag.py
[2023-11-08T22:31:21.433+0000] {processor.py:839} INFO - DAG(s) dict_keys(['tutorial_dag']) retrieved from /home/airflow/.local/lib/python3.8/site-packages/airflow/example_dags/tutorial_dag.py
[2023-11-08T22:31:21.449+0000] {logging_mixin.py:154} INFO - [2023-11-08T22:31:21.449+0000] {dag.py:2941} INFO - Sync 1 DAGs
[2023-11-08T22:31:21.461+0000] {logging_mixin.py:154} INFO - [2023-11-08T22:31:21.461+0000] {dag.py:3722} INFO - Setting next_dagrun for tutorial_dag to None, run_after=None
[2023-11-08T22:31:21.479+0000] {processor.py:179} INFO - Processing /home/airflow/.local/lib/python3.8/site-packages/airflow/example_dags/tutorial_dag.py took 0.053 seconds
[2023-11-08T22:31:51.554+0000] {processor.py:157} INFO - Started process (PID=541) to work on /home/airflow/.local/lib/python3.8/site-packages/airflow/example_dags/tutorial_dag.py
[2023-11-08T22:31:51.554+0000] {processor.py:829} INFO - Processing file /home/airflow/.local/lib/python3.8/site-packages/airflow/example_dags/tutorial_dag.py for tasks to queue
[2023-11-08T22:31:51.555+0000] {logging_mixin.py:154} INFO - [2023-11-08T22:31:51.555+0000] {dagbag.py:536} INFO - Filling up the DagBag from /home/airflow/.local/lib/python3.8/site-packages/airflow/example_dags/tutorial_dag.py
[2023-11-08T22:31:51.558+0000] {processor.py:839} INFO - DAG(s) dict_keys(['tutorial_dag']) retrieved from /home/airflow/.local/lib/python3.8/site-packages/airflow/example_dags/tutorial_dag.py
[2023-11-08T22:31:51.574+0000] {logging_mixin.py:154} INFO - [2023-11-08T22:31:51.573+0000] {dag.py:2941} INFO - Sync 1 DAGs
[2023-11-08T22:31:51.584+0000] {logging_mixin.py:154} INFO - [2023-11-08T22:31:51.584+0000] {dag.py:3722} INFO - Setting next_dagrun for tutorial_dag to None, run_after=None
[2023-11-08T22:31:51.595+0000] {processor.py:179} INFO - Processing /home/airflow/.local/lib/python3.8/site-packages/airflow/example_dags/tutorial_dag.py took 0.043 seconds
[2023-11-08T22:32:22.606+0000] {processor.py:157} INFO - Started process (PID=596) to work on /home/airflow/.local/lib/python3.8/site-packages/airflow/example_dags/tutorial_dag.py
[2023-11-08T22:32:22.607+0000] {processor.py:829} INFO - Processing file /home/airflow/.local/lib/python3.8/site-packages/airflow/example_dags/tutorial_dag.py for tasks to queue
[2023-11-08T22:32:22.609+0000] {logging_mixin.py:154} INFO - [2023-11-08T22:32:22.609+0000] {dagbag.py:536} INFO - Filling up the DagBag from /home/airflow/.local/lib/python3.8/site-packages/airflow/example_dags/tutorial_dag.py
[2023-11-08T22:32:22.613+0000] {processor.py:839} INFO - DAG(s) dict_keys(['tutorial_dag']) retrieved from /home/airflow/.local/lib/python3.8/site-packages/airflow/example_dags/tutorial_dag.py
[2023-11-08T22:32:22.626+0000] {logging_mixin.py:154} INFO - [2023-11-08T22:32:22.626+0000] {dag.py:2941} INFO - Sync 1 DAGs
[2023-11-08T22:32:22.634+0000] {logging_mixin.py:154} INFO - [2023-11-08T22:32:22.634+0000] {dag.py:3722} INFO - Setting next_dagrun for tutorial_dag to None, run_after=None
[2023-11-08T22:32:22.648+0000] {processor.py:179} INFO - Processing /home/airflow/.local/lib/python3.8/site-packages/airflow/example_dags/tutorial_dag.py took 0.045 seconds
[2023-11-08T22:32:52.705+0000] {processor.py:157} INFO - Started process (PID=651) to work on /home/airflow/.local/lib/python3.8/site-packages/airflow/example_dags/tutorial_dag.py
[2023-11-08T22:32:52.705+0000] {processor.py:829} INFO - Processing file /home/airflow/.local/lib/python3.8/site-packages/airflow/example_dags/tutorial_dag.py for tasks to queue
[2023-11-08T22:32:52.707+0000] {logging_mixin.py:154} INFO - [2023-11-08T22:32:52.707+0000] {dagbag.py:536} INFO - Filling up the DagBag from /home/airflow/.local/lib/python3.8/site-packages/airflow/example_dags/tutorial_dag.py
[2023-11-08T22:32:52.709+0000] {processor.py:839} INFO - DAG(s) dict_keys(['tutorial_dag']) retrieved from /home/airflow/.local/lib/python3.8/site-packages/airflow/example_dags/tutorial_dag.py
[2023-11-08T22:32:52.721+0000] {logging_mixin.py:154} INFO - [2023-11-08T22:32:52.720+0000] {dag.py:2941} INFO - Sync 1 DAGs
[2023-11-08T22:32:52.728+0000] {logging_mixin.py:154} INFO - [2023-11-08T22:32:52.728+0000] {dag.py:3722} INFO - Setting next_dagrun for tutorial_dag to None, run_after=None
[2023-11-08T22:32:52.738+0000] {processor.py:179} INFO - Processing /home/airflow/.local/lib/python3.8/site-packages/airflow/example_dags/tutorial_dag.py took 0.035 seconds
[2023-11-08T22:33:22.883+0000] {processor.py:157} INFO - Started process (PID=706) to work on /home/airflow/.local/lib/python3.8/site-packages/airflow/example_dags/tutorial_dag.py
[2023-11-08T22:33:22.884+0000] {processor.py:829} INFO - Processing file /home/airflow/.local/lib/python3.8/site-packages/airflow/example_dags/tutorial_dag.py for tasks to queue
[2023-11-08T22:33:22.885+0000] {logging_mixin.py:154} INFO - [2023-11-08T22:33:22.885+0000] {dagbag.py:536} INFO - Filling up the DagBag from /home/airflow/.local/lib/python3.8/site-packages/airflow/example_dags/tutorial_dag.py
[2023-11-08T22:33:22.888+0000] {processor.py:839} INFO - DAG(s) dict_keys(['tutorial_dag']) retrieved from /home/airflow/.local/lib/python3.8/site-packages/airflow/example_dags/tutorial_dag.py
[2023-11-08T22:33:22.899+0000] {logging_mixin.py:154} INFO - [2023-11-08T22:33:22.899+0000] {dag.py:2941} INFO - Sync 1 DAGs
[2023-11-08T22:33:22.907+0000] {logging_mixin.py:154} INFO - [2023-11-08T22:33:22.907+0000] {dag.py:3722} INFO - Setting next_dagrun for tutorial_dag to None, run_after=None
[2023-11-08T22:33:22.918+0000] {processor.py:179} INFO - Processing /home/airflow/.local/lib/python3.8/site-packages/airflow/example_dags/tutorial_dag.py took 0.036 seconds
[2023-11-08T22:33:52.971+0000] {processor.py:157} INFO - Started process (PID=761) to work on /home/airflow/.local/lib/python3.8/site-packages/airflow/example_dags/tutorial_dag.py
[2023-11-08T22:33:52.972+0000] {processor.py:829} INFO - Processing file /home/airflow/.local/lib/python3.8/site-packages/airflow/example_dags/tutorial_dag.py for tasks to queue
[2023-11-08T22:33:52.973+0000] {logging_mixin.py:154} INFO - [2023-11-08T22:33:52.973+0000] {dagbag.py:536} INFO - Filling up the DagBag from /home/airflow/.local/lib/python3.8/site-packages/airflow/example_dags/tutorial_dag.py
[2023-11-08T22:33:52.975+0000] {processor.py:839} INFO - DAG(s) dict_keys(['tutorial_dag']) retrieved from /home/airflow/.local/lib/python3.8/site-packages/airflow/example_dags/tutorial_dag.py
[2023-11-08T22:33:52.987+0000] {logging_mixin.py:154} INFO - [2023-11-08T22:33:52.987+0000] {dag.py:2941} INFO - Sync 1 DAGs
[2023-11-08T22:33:52.994+0000] {logging_mixin.py:154} INFO - [2023-11-08T22:33:52.994+0000] {dag.py:3722} INFO - Setting next_dagrun for tutorial_dag to None, run_after=None
[2023-11-08T22:33:53.003+0000] {processor.py:179} INFO - Processing /home/airflow/.local/lib/python3.8/site-packages/airflow/example_dags/tutorial_dag.py took 0.034 seconds
[2023-11-08T22:34:23.580+0000] {processor.py:157} INFO - Started process (PID=816) to work on /home/airflow/.local/lib/python3.8/site-packages/airflow/example_dags/tutorial_dag.py
[2023-11-08T22:34:23.580+0000] {processor.py:829} INFO - Processing file /home/airflow/.local/lib/python3.8/site-packages/airflow/example_dags/tutorial_dag.py for tasks to queue
[2023-11-08T22:34:23.582+0000] {logging_mixin.py:154} INFO - [2023-11-08T22:34:23.582+0000] {dagbag.py:536} INFO - Filling up the DagBag from /home/airflow/.local/lib/python3.8/site-packages/airflow/example_dags/tutorial_dag.py
[2023-11-08T22:34:23.584+0000] {processor.py:839} INFO - DAG(s) dict_keys(['tutorial_dag']) retrieved from /home/airflow/.local/lib/python3.8/site-packages/airflow/example_dags/tutorial_dag.py
[2023-11-08T22:34:23.595+0000] {logging_mixin.py:154} INFO - [2023-11-08T22:34:23.595+0000] {dag.py:2941} INFO - Sync 1 DAGs
[2023-11-08T22:34:23.602+0000] {logging_mixin.py:154} INFO - [2023-11-08T22:34:23.602+0000] {dag.py:3722} INFO - Setting next_dagrun for tutorial_dag to None, run_after=None
[2023-11-08T22:34:23.611+0000] {processor.py:179} INFO - Processing /home/airflow/.local/lib/python3.8/site-packages/airflow/example_dags/tutorial_dag.py took 0.033 seconds
[2023-11-08T22:34:54.132+0000] {processor.py:157} INFO - Started process (PID=871) to work on /home/airflow/.local/lib/python3.8/site-packages/airflow/example_dags/tutorial_dag.py
[2023-11-08T22:34:54.133+0000] {processor.py:829} INFO - Processing file /home/airflow/.local/lib/python3.8/site-packages/airflow/example_dags/tutorial_dag.py for tasks to queue
[2023-11-08T22:34:54.134+0000] {logging_mixin.py:154} INFO - [2023-11-08T22:34:54.134+0000] {dagbag.py:536} INFO - Filling up the DagBag from /home/airflow/.local/lib/python3.8/site-packages/airflow/example_dags/tutorial_dag.py
[2023-11-08T22:34:54.138+0000] {processor.py:839} INFO - DAG(s) dict_keys(['tutorial_dag']) retrieved from /home/airflow/.local/lib/python3.8/site-packages/airflow/example_dags/tutorial_dag.py
[2023-11-08T22:34:54.150+0000] {logging_mixin.py:154} INFO - [2023-11-08T22:34:54.150+0000] {dag.py:2941} INFO - Sync 1 DAGs
[2023-11-08T22:34:54.158+0000] {logging_mixin.py:154} INFO - [2023-11-08T22:34:54.158+0000] {dag.py:3722} INFO - Setting next_dagrun for tutorial_dag to None, run_after=None
[2023-11-08T22:34:54.169+0000] {processor.py:179} INFO - Processing /home/airflow/.local/lib/python3.8/site-packages/airflow/example_dags/tutorial_dag.py took 0.039 seconds
[2023-11-08T22:35:24.937+0000] {processor.py:157} INFO - Started process (PID=926) to work on /home/airflow/.local/lib/python3.8/site-packages/airflow/example_dags/tutorial_dag.py
[2023-11-08T22:35:24.938+0000] {processor.py:829} INFO - Processing file /home/airflow/.local/lib/python3.8/site-packages/airflow/example_dags/tutorial_dag.py for tasks to queue
[2023-11-08T22:35:24.939+0000] {logging_mixin.py:154} INFO - [2023-11-08T22:35:24.939+0000] {dagbag.py:536} INFO - Filling up the DagBag from /home/airflow/.local/lib/python3.8/site-packages/airflow/example_dags/tutorial_dag.py
[2023-11-08T22:35:24.942+0000] {processor.py:839} INFO - DAG(s) dict_keys(['tutorial_dag']) retrieved from /home/airflow/.local/lib/python3.8/site-packages/airflow/example_dags/tutorial_dag.py
[2023-11-08T22:35:24.953+0000] {logging_mixin.py:154} INFO - [2023-11-08T22:35:24.953+0000] {dag.py:2941} INFO - Sync 1 DAGs
[2023-11-08T22:35:24.962+0000] {logging_mixin.py:154} INFO - [2023-11-08T22:35:24.962+0000] {dag.py:3722} INFO - Setting next_dagrun for tutorial_dag to None, run_after=None
[2023-11-08T22:35:24.972+0000] {processor.py:179} INFO - Processing /home/airflow/.local/lib/python3.8/site-packages/airflow/example_dags/tutorial_dag.py took 0.037 seconds
[2023-11-08T22:35:55.951+0000] {processor.py:157} INFO - Started process (PID=981) to work on /home/airflow/.local/lib/python3.8/site-packages/airflow/example_dags/tutorial_dag.py
[2023-11-08T22:35:55.952+0000] {processor.py:829} INFO - Processing file /home/airflow/.local/lib/python3.8/site-packages/airflow/example_dags/tutorial_dag.py for tasks to queue
[2023-11-08T22:35:55.953+0000] {logging_mixin.py:154} INFO - [2023-11-08T22:35:55.953+0000] {dagbag.py:536} INFO - Filling up the DagBag from /home/airflow/.local/lib/python3.8/site-packages/airflow/example_dags/tutorial_dag.py
[2023-11-08T22:35:55.956+0000] {processor.py:839} INFO - DAG(s) dict_keys(['tutorial_dag']) retrieved from /home/airflow/.local/lib/python3.8/site-packages/airflow/example_dags/tutorial_dag.py
[2023-11-08T22:35:55.969+0000] {logging_mixin.py:154} INFO - [2023-11-08T22:35:55.969+0000] {dag.py:2941} INFO - Sync 1 DAGs
[2023-11-08T22:35:55.976+0000] {logging_mixin.py:154} INFO - [2023-11-08T22:35:55.976+0000] {dag.py:3722} INFO - Setting next_dagrun for tutorial_dag to None, run_after=None
[2023-11-08T22:35:55.987+0000] {processor.py:179} INFO - Processing /home/airflow/.local/lib/python3.8/site-packages/airflow/example_dags/tutorial_dag.py took 0.038 seconds
[2023-11-08T22:36:26.523+0000] {processor.py:157} INFO - Started process (PID=1036) to work on /home/airflow/.local/lib/python3.8/site-packages/airflow/example_dags/tutorial_dag.py
[2023-11-08T22:36:26.524+0000] {processor.py:829} INFO - Processing file /home/airflow/.local/lib/python3.8/site-packages/airflow/example_dags/tutorial_dag.py for tasks to queue
[2023-11-08T22:36:26.525+0000] {logging_mixin.py:154} INFO - [2023-11-08T22:36:26.525+0000] {dagbag.py:536} INFO - Filling up the DagBag from /home/airflow/.local/lib/python3.8/site-packages/airflow/example_dags/tutorial_dag.py
[2023-11-08T22:36:26.528+0000] {processor.py:839} INFO - DAG(s) dict_keys(['tutorial_dag']) retrieved from /home/airflow/.local/lib/python3.8/site-packages/airflow/example_dags/tutorial_dag.py
[2023-11-08T22:36:26.540+0000] {logging_mixin.py:154} INFO - [2023-11-08T22:36:26.540+0000] {dag.py:2941} INFO - Sync 1 DAGs
[2023-11-08T22:36:26.548+0000] {logging_mixin.py:154} INFO - [2023-11-08T22:36:26.548+0000] {dag.py:3722} INFO - Setting next_dagrun for tutorial_dag to None, run_after=None
[2023-11-08T22:36:26.558+0000] {processor.py:179} INFO - Processing /home/airflow/.local/lib/python3.8/site-packages/airflow/example_dags/tutorial_dag.py took 0.037 seconds
[2023-11-08T22:36:57.154+0000] {processor.py:157} INFO - Started process (PID=1093) to work on /home/airflow/.local/lib/python3.8/site-packages/airflow/example_dags/tutorial_dag.py
[2023-11-08T22:36:57.154+0000] {processor.py:829} INFO - Processing file /home/airflow/.local/lib/python3.8/site-packages/airflow/example_dags/tutorial_dag.py for tasks to queue
[2023-11-08T22:36:57.156+0000] {logging_mixin.py:154} INFO - [2023-11-08T22:36:57.156+0000] {dagbag.py:536} INFO - Filling up the DagBag from /home/airflow/.local/lib/python3.8/site-packages/airflow/example_dags/tutorial_dag.py
[2023-11-08T22:36:57.159+0000] {processor.py:839} INFO - DAG(s) dict_keys(['tutorial_dag']) retrieved from /home/airflow/.local/lib/python3.8/site-packages/airflow/example_dags/tutorial_dag.py
[2023-11-08T22:36:57.171+0000] {logging_mixin.py:154} INFO - [2023-11-08T22:36:57.171+0000] {dag.py:2941} INFO - Sync 1 DAGs
[2023-11-08T22:36:57.179+0000] {logging_mixin.py:154} INFO - [2023-11-08T22:36:57.179+0000] {dag.py:3722} INFO - Setting next_dagrun for tutorial_dag to None, run_after=None
[2023-11-08T22:36:57.189+0000] {processor.py:179} INFO - Processing /home/airflow/.local/lib/python3.8/site-packages/airflow/example_dags/tutorial_dag.py took 0.037 seconds
[2023-11-08T22:37:28.023+0000] {processor.py:157} INFO - Started process (PID=1148) to work on /home/airflow/.local/lib/python3.8/site-packages/airflow/example_dags/tutorial_dag.py
[2023-11-08T22:37:28.024+0000] {processor.py:829} INFO - Processing file /home/airflow/.local/lib/python3.8/site-packages/airflow/example_dags/tutorial_dag.py for tasks to queue
[2023-11-08T22:37:28.025+0000] {logging_mixin.py:154} INFO - [2023-11-08T22:37:28.025+0000] {dagbag.py:536} INFO - Filling up the DagBag from /home/airflow/.local/lib/python3.8/site-packages/airflow/example_dags/tutorial_dag.py
[2023-11-08T22:37:28.028+0000] {processor.py:839} INFO - DAG(s) dict_keys(['tutorial_dag']) retrieved from /home/airflow/.local/lib/python3.8/site-packages/airflow/example_dags/tutorial_dag.py
[2023-11-08T22:37:28.041+0000] {logging_mixin.py:154} INFO - [2023-11-08T22:37:28.040+0000] {dag.py:2941} INFO - Sync 1 DAGs
[2023-11-08T22:37:28.048+0000] {logging_mixin.py:154} INFO - [2023-11-08T22:37:28.048+0000] {dag.py:3722} INFO - Setting next_dagrun for tutorial_dag to None, run_after=None
[2023-11-08T22:37:28.058+0000] {processor.py:179} INFO - Processing /home/airflow/.local/lib/python3.8/site-packages/airflow/example_dags/tutorial_dag.py took 0.037 seconds
[2023-11-08T22:37:58.540+0000] {processor.py:157} INFO - Started process (PID=1203) to work on /home/airflow/.local/lib/python3.8/site-packages/airflow/example_dags/tutorial_dag.py
[2023-11-08T22:37:58.541+0000] {processor.py:829} INFO - Processing file /home/airflow/.local/lib/python3.8/site-packages/airflow/example_dags/tutorial_dag.py for tasks to queue
[2023-11-08T22:37:58.543+0000] {logging_mixin.py:154} INFO - [2023-11-08T22:37:58.542+0000] {dagbag.py:536} INFO - Filling up the DagBag from /home/airflow/.local/lib/python3.8/site-packages/airflow/example_dags/tutorial_dag.py
[2023-11-08T22:37:58.546+0000] {processor.py:839} INFO - DAG(s) dict_keys(['tutorial_dag']) retrieved from /home/airflow/.local/lib/python3.8/site-packages/airflow/example_dags/tutorial_dag.py
[2023-11-08T22:37:58.559+0000] {logging_mixin.py:154} INFO - [2023-11-08T22:37:58.559+0000] {dag.py:2941} INFO - Sync 1 DAGs
[2023-11-08T22:37:58.566+0000] {logging_mixin.py:154} INFO - [2023-11-08T22:37:58.566+0000] {dag.py:3722} INFO - Setting next_dagrun for tutorial_dag to None, run_after=None
[2023-11-08T22:37:58.576+0000] {processor.py:179} INFO - Processing /home/airflow/.local/lib/python3.8/site-packages/airflow/example_dags/tutorial_dag.py took 0.038 seconds
[2023-11-08T22:38:29.095+0000] {processor.py:157} INFO - Started process (PID=1258) to work on /home/airflow/.local/lib/python3.8/site-packages/airflow/example_dags/tutorial_dag.py
[2023-11-08T22:38:29.095+0000] {processor.py:829} INFO - Processing file /home/airflow/.local/lib/python3.8/site-packages/airflow/example_dags/tutorial_dag.py for tasks to queue
[2023-11-08T22:38:29.097+0000] {logging_mixin.py:154} INFO - [2023-11-08T22:38:29.096+0000] {dagbag.py:536} INFO - Filling up the DagBag from /home/airflow/.local/lib/python3.8/site-packages/airflow/example_dags/tutorial_dag.py
[2023-11-08T22:38:29.099+0000] {processor.py:839} INFO - DAG(s) dict_keys(['tutorial_dag']) retrieved from /home/airflow/.local/lib/python3.8/site-packages/airflow/example_dags/tutorial_dag.py
[2023-11-08T22:38:29.113+0000] {logging_mixin.py:154} INFO - [2023-11-08T22:38:29.112+0000] {dag.py:2941} INFO - Sync 1 DAGs
[2023-11-08T22:38:29.120+0000] {logging_mixin.py:154} INFO - [2023-11-08T22:38:29.120+0000] {dag.py:3722} INFO - Setting next_dagrun for tutorial_dag to None, run_after=None
[2023-11-08T22:38:29.130+0000] {processor.py:179} INFO - Processing /home/airflow/.local/lib/python3.8/site-packages/airflow/example_dags/tutorial_dag.py took 0.037 seconds
[2023-11-08T22:38:59.729+0000] {processor.py:157} INFO - Started process (PID=1314) to work on /home/airflow/.local/lib/python3.8/site-packages/airflow/example_dags/tutorial_dag.py
[2023-11-08T22:38:59.729+0000] {processor.py:829} INFO - Processing file /home/airflow/.local/lib/python3.8/site-packages/airflow/example_dags/tutorial_dag.py for tasks to queue
[2023-11-08T22:38:59.731+0000] {logging_mixin.py:154} INFO - [2023-11-08T22:38:59.731+0000] {dagbag.py:536} INFO - Filling up the DagBag from /home/airflow/.local/lib/python3.8/site-packages/airflow/example_dags/tutorial_dag.py
[2023-11-08T22:38:59.734+0000] {processor.py:839} INFO - DAG(s) dict_keys(['tutorial_dag']) retrieved from /home/airflow/.local/lib/python3.8/site-packages/airflow/example_dags/tutorial_dag.py
[2023-11-08T22:38:59.746+0000] {logging_mixin.py:154} INFO - [2023-11-08T22:38:59.746+0000] {dag.py:2941} INFO - Sync 1 DAGs
[2023-11-08T22:38:59.754+0000] {logging_mixin.py:154} INFO - [2023-11-08T22:38:59.753+0000] {dag.py:3722} INFO - Setting next_dagrun for tutorial_dag to None, run_after=None
[2023-11-08T22:38:59.763+0000] {processor.py:179} INFO - Processing /home/airflow/.local/lib/python3.8/site-packages/airflow/example_dags/tutorial_dag.py took 0.036 seconds
[2023-11-08T22:39:30.284+0000] {processor.py:157} INFO - Started process (PID=1370) to work on /home/airflow/.local/lib/python3.8/site-packages/airflow/example_dags/tutorial_dag.py
[2023-11-08T22:39:30.284+0000] {processor.py:829} INFO - Processing file /home/airflow/.local/lib/python3.8/site-packages/airflow/example_dags/tutorial_dag.py for tasks to queue
[2023-11-08T22:39:30.286+0000] {logging_mixin.py:154} INFO - [2023-11-08T22:39:30.285+0000] {dagbag.py:536} INFO - Filling up the DagBag from /home/airflow/.local/lib/python3.8/site-packages/airflow/example_dags/tutorial_dag.py
[2023-11-08T22:39:30.289+0000] {processor.py:839} INFO - DAG(s) dict_keys(['tutorial_dag']) retrieved from /home/airflow/.local/lib/python3.8/site-packages/airflow/example_dags/tutorial_dag.py
[2023-11-08T22:39:30.301+0000] {logging_mixin.py:154} INFO - [2023-11-08T22:39:30.301+0000] {dag.py:2941} INFO - Sync 1 DAGs
[2023-11-08T22:39:30.310+0000] {logging_mixin.py:154} INFO - [2023-11-08T22:39:30.310+0000] {dag.py:3722} INFO - Setting next_dagrun for tutorial_dag to None, run_after=None
[2023-11-08T22:39:30.321+0000] {processor.py:179} INFO - Processing /home/airflow/.local/lib/python3.8/site-packages/airflow/example_dags/tutorial_dag.py took 0.040 seconds
[2023-11-08T22:40:00.908+0000] {processor.py:157} INFO - Started process (PID=1425) to work on /home/airflow/.local/lib/python3.8/site-packages/airflow/example_dags/tutorial_dag.py
[2023-11-08T22:40:00.908+0000] {processor.py:829} INFO - Processing file /home/airflow/.local/lib/python3.8/site-packages/airflow/example_dags/tutorial_dag.py for tasks to queue
[2023-11-08T22:40:00.910+0000] {logging_mixin.py:154} INFO - [2023-11-08T22:40:00.910+0000] {dagbag.py:536} INFO - Filling up the DagBag from /home/airflow/.local/lib/python3.8/site-packages/airflow/example_dags/tutorial_dag.py
[2023-11-08T22:40:00.913+0000] {processor.py:839} INFO - DAG(s) dict_keys(['tutorial_dag']) retrieved from /home/airflow/.local/lib/python3.8/site-packages/airflow/example_dags/tutorial_dag.py
[2023-11-08T22:40:00.926+0000] {logging_mixin.py:154} INFO - [2023-11-08T22:40:00.926+0000] {dag.py:2941} INFO - Sync 1 DAGs
[2023-11-08T22:40:00.934+0000] {logging_mixin.py:154} INFO - [2023-11-08T22:40:00.934+0000] {dag.py:3722} INFO - Setting next_dagrun for tutorial_dag to None, run_after=None
[2023-11-08T22:40:00.945+0000] {processor.py:179} INFO - Processing /home/airflow/.local/lib/python3.8/site-packages/airflow/example_dags/tutorial_dag.py took 0.039 seconds
[2023-11-08T22:40:31.508+0000] {processor.py:157} INFO - Started process (PID=1480) to work on /home/airflow/.local/lib/python3.8/site-packages/airflow/example_dags/tutorial_dag.py
[2023-11-08T22:40:31.508+0000] {processor.py:829} INFO - Processing file /home/airflow/.local/lib/python3.8/site-packages/airflow/example_dags/tutorial_dag.py for tasks to queue
[2023-11-08T22:40:31.510+0000] {logging_mixin.py:154} INFO - [2023-11-08T22:40:31.510+0000] {dagbag.py:536} INFO - Filling up the DagBag from /home/airflow/.local/lib/python3.8/site-packages/airflow/example_dags/tutorial_dag.py
[2023-11-08T22:40:31.513+0000] {processor.py:839} INFO - DAG(s) dict_keys(['tutorial_dag']) retrieved from /home/airflow/.local/lib/python3.8/site-packages/airflow/example_dags/tutorial_dag.py
[2023-11-08T22:40:31.525+0000] {logging_mixin.py:154} INFO - [2023-11-08T22:40:31.525+0000] {dag.py:2941} INFO - Sync 1 DAGs
[2023-11-08T22:40:31.533+0000] {logging_mixin.py:154} INFO - [2023-11-08T22:40:31.533+0000] {dag.py:3722} INFO - Setting next_dagrun for tutorial_dag to None, run_after=None
[2023-11-08T22:40:31.544+0000] {processor.py:179} INFO - Processing /home/airflow/.local/lib/python3.8/site-packages/airflow/example_dags/tutorial_dag.py took 0.038 seconds
[2023-11-08T22:41:02.028+0000] {processor.py:157} INFO - Started process (PID=1535) to work on /home/airflow/.local/lib/python3.8/site-packages/airflow/example_dags/tutorial_dag.py
[2023-11-08T22:41:02.029+0000] {processor.py:829} INFO - Processing file /home/airflow/.local/lib/python3.8/site-packages/airflow/example_dags/tutorial_dag.py for tasks to queue
[2023-11-08T22:41:02.030+0000] {logging_mixin.py:154} INFO - [2023-11-08T22:41:02.030+0000] {dagbag.py:536} INFO - Filling up the DagBag from /home/airflow/.local/lib/python3.8/site-packages/airflow/example_dags/tutorial_dag.py
[2023-11-08T22:41:02.033+0000] {processor.py:839} INFO - DAG(s) dict_keys(['tutorial_dag']) retrieved from /home/airflow/.local/lib/python3.8/site-packages/airflow/example_dags/tutorial_dag.py
[2023-11-08T22:41:02.045+0000] {logging_mixin.py:154} INFO - [2023-11-08T22:41:02.045+0000] {dag.py:2941} INFO - Sync 1 DAGs
[2023-11-08T22:41:02.053+0000] {logging_mixin.py:154} INFO - [2023-11-08T22:41:02.053+0000] {dag.py:3722} INFO - Setting next_dagrun for tutorial_dag to None, run_after=None
[2023-11-08T22:41:02.063+0000] {processor.py:179} INFO - Processing /home/airflow/.local/lib/python3.8/site-packages/airflow/example_dags/tutorial_dag.py took 0.037 seconds
[2023-11-08T22:41:32.685+0000] {processor.py:157} INFO - Started process (PID=1590) to work on /home/airflow/.local/lib/python3.8/site-packages/airflow/example_dags/tutorial_dag.py
[2023-11-08T22:41:32.686+0000] {processor.py:829} INFO - Processing file /home/airflow/.local/lib/python3.8/site-packages/airflow/example_dags/tutorial_dag.py for tasks to queue
[2023-11-08T22:41:32.688+0000] {logging_mixin.py:154} INFO - [2023-11-08T22:41:32.688+0000] {dagbag.py:536} INFO - Filling up the DagBag from /home/airflow/.local/lib/python3.8/site-packages/airflow/example_dags/tutorial_dag.py
[2023-11-08T22:41:32.691+0000] {processor.py:839} INFO - DAG(s) dict_keys(['tutorial_dag']) retrieved from /home/airflow/.local/lib/python3.8/site-packages/airflow/example_dags/tutorial_dag.py
[2023-11-08T22:41:32.702+0000] {logging_mixin.py:154} INFO - [2023-11-08T22:41:32.702+0000] {dag.py:2941} INFO - Sync 1 DAGs
[2023-11-08T22:41:32.709+0000] {logging_mixin.py:154} INFO - [2023-11-08T22:41:32.709+0000] {dag.py:3722} INFO - Setting next_dagrun for tutorial_dag to None, run_after=None
[2023-11-08T22:41:32.720+0000] {processor.py:179} INFO - Processing /home/airflow/.local/lib/python3.8/site-packages/airflow/example_dags/tutorial_dag.py took 0.037 seconds
[2023-11-08T22:42:03.325+0000] {processor.py:157} INFO - Started process (PID=1646) to work on /home/airflow/.local/lib/python3.8/site-packages/airflow/example_dags/tutorial_dag.py
[2023-11-08T22:42:03.325+0000] {processor.py:829} INFO - Processing file /home/airflow/.local/lib/python3.8/site-packages/airflow/example_dags/tutorial_dag.py for tasks to queue
[2023-11-08T22:42:03.327+0000] {logging_mixin.py:154} INFO - [2023-11-08T22:42:03.327+0000] {dagbag.py:536} INFO - Filling up the DagBag from /home/airflow/.local/lib/python3.8/site-packages/airflow/example_dags/tutorial_dag.py
[2023-11-08T22:42:03.329+0000] {processor.py:839} INFO - DAG(s) dict_keys(['tutorial_dag']) retrieved from /home/airflow/.local/lib/python3.8/site-packages/airflow/example_dags/tutorial_dag.py
[2023-11-08T22:42:03.341+0000] {logging_mixin.py:154} INFO - [2023-11-08T22:42:03.341+0000] {dag.py:2941} INFO - Sync 1 DAGs
[2023-11-08T22:42:03.348+0000] {logging_mixin.py:154} INFO - [2023-11-08T22:42:03.348+0000] {dag.py:3722} INFO - Setting next_dagrun for tutorial_dag to None, run_after=None
[2023-11-08T22:42:03.358+0000] {processor.py:179} INFO - Processing /home/airflow/.local/lib/python3.8/site-packages/airflow/example_dags/tutorial_dag.py took 0.035 seconds
[2023-11-08T22:42:33.874+0000] {processor.py:157} INFO - Started process (PID=1701) to work on /home/airflow/.local/lib/python3.8/site-packages/airflow/example_dags/tutorial_dag.py
[2023-11-08T22:42:33.875+0000] {processor.py:829} INFO - Processing file /home/airflow/.local/lib/python3.8/site-packages/airflow/example_dags/tutorial_dag.py for tasks to queue
[2023-11-08T22:42:33.876+0000] {logging_mixin.py:154} INFO - [2023-11-08T22:42:33.876+0000] {dagbag.py:536} INFO - Filling up the DagBag from /home/airflow/.local/lib/python3.8/site-packages/airflow/example_dags/tutorial_dag.py
[2023-11-08T22:42:33.879+0000] {processor.py:839} INFO - DAG(s) dict_keys(['tutorial_dag']) retrieved from /home/airflow/.local/lib/python3.8/site-packages/airflow/example_dags/tutorial_dag.py
[2023-11-08T22:42:33.891+0000] {logging_mixin.py:154} INFO - [2023-11-08T22:42:33.891+0000] {dag.py:2941} INFO - Sync 1 DAGs
[2023-11-08T22:42:33.898+0000] {logging_mixin.py:154} INFO - [2023-11-08T22:42:33.898+0000] {dag.py:3722} INFO - Setting next_dagrun for tutorial_dag to None, run_after=None
[2023-11-08T22:42:33.908+0000] {processor.py:179} INFO - Processing /home/airflow/.local/lib/python3.8/site-packages/airflow/example_dags/tutorial_dag.py took 0.036 seconds
[2023-11-08T22:43:04.509+0000] {processor.py:157} INFO - Started process (PID=1756) to work on /home/airflow/.local/lib/python3.8/site-packages/airflow/example_dags/tutorial_dag.py
[2023-11-08T22:43:04.510+0000] {processor.py:829} INFO - Processing file /home/airflow/.local/lib/python3.8/site-packages/airflow/example_dags/tutorial_dag.py for tasks to queue
[2023-11-08T22:43:04.511+0000] {logging_mixin.py:154} INFO - [2023-11-08T22:43:04.511+0000] {dagbag.py:536} INFO - Filling up the DagBag from /home/airflow/.local/lib/python3.8/site-packages/airflow/example_dags/tutorial_dag.py
[2023-11-08T22:43:04.514+0000] {processor.py:839} INFO - DAG(s) dict_keys(['tutorial_dag']) retrieved from /home/airflow/.local/lib/python3.8/site-packages/airflow/example_dags/tutorial_dag.py
[2023-11-08T22:43:04.526+0000] {logging_mixin.py:154} INFO - [2023-11-08T22:43:04.526+0000] {dag.py:2941} INFO - Sync 1 DAGs
[2023-11-08T22:43:04.534+0000] {logging_mixin.py:154} INFO - [2023-11-08T22:43:04.534+0000] {dag.py:3722} INFO - Setting next_dagrun for tutorial_dag to None, run_after=None
[2023-11-08T22:43:04.545+0000] {processor.py:179} INFO - Processing /home/airflow/.local/lib/python3.8/site-packages/airflow/example_dags/tutorial_dag.py took 0.038 seconds
[2023-11-08T22:43:38.184+0000] {processor.py:157} INFO - Started process (PID=55) to work on /home/airflow/.local/lib/python3.8/site-packages/airflow/example_dags/tutorial_dag.py
[2023-11-08T22:43:38.185+0000] {processor.py:829} INFO - Processing file /home/airflow/.local/lib/python3.8/site-packages/airflow/example_dags/tutorial_dag.py for tasks to queue
[2023-11-08T22:43:38.186+0000] {logging_mixin.py:154} INFO - [2023-11-08T22:43:38.186+0000] {dagbag.py:536} INFO - Filling up the DagBag from /home/airflow/.local/lib/python3.8/site-packages/airflow/example_dags/tutorial_dag.py
[2023-11-08T22:43:38.190+0000] {processor.py:839} INFO - DAG(s) dict_keys(['tutorial_dag']) retrieved from /home/airflow/.local/lib/python3.8/site-packages/airflow/example_dags/tutorial_dag.py
[2023-11-08T22:43:38.198+0000] {logging_mixin.py:154} INFO - [2023-11-08T22:43:38.198+0000] {dag.py:2941} INFO - Sync 1 DAGs
[2023-11-08T22:43:38.206+0000] {logging_mixin.py:154} INFO - [2023-11-08T22:43:38.206+0000] {dag.py:3722} INFO - Setting next_dagrun for tutorial_dag to None, run_after=None
[2023-11-08T22:43:38.218+0000] {processor.py:179} INFO - Processing /home/airflow/.local/lib/python3.8/site-packages/airflow/example_dags/tutorial_dag.py took 0.036 seconds
