[2023-11-08T22:32:16.865+0000] {processor.py:157} INFO - Started process (PID=575) to work on /opt/airflow/dags/dag_definitions.py
[2023-11-08T22:32:16.865+0000] {processor.py:829} INFO - Processing file /opt/airflow/dags/dag_definitions.py for tasks to queue
[2023-11-08T22:32:16.866+0000] {logging_mixin.py:154} INFO - [2023-11-08T22:32:16.866+0000] {dagbag.py:536} INFO - Filling up the DagBag from /opt/airflow/dags/dag_definitions.py
[2023-11-08T22:32:16.870+0000] {logging_mixin.py:154} INFO - [2023-11-08T22:32:16.869+0000] {dagbag.py:346} ERROR - Failed to import: /opt/airflow/dags/dag_definitions.py
Traceback (most recent call last):
  File "/home/airflow/.local/lib/python3.8/site-packages/airflow/models/dagbag.py", line 342, in parse
    loader.exec_module(new_module)
  File "<frozen importlib._bootstrap_external>", line 843, in exec_module
  File "<frozen importlib._bootstrap>", line 219, in _call_with_frames_removed
  File "/opt/airflow/dags/dag_definitions.py", line 7, in <module>
    from box import Box
ModuleNotFoundError: No module named 'box'
[2023-11-08T22:32:16.870+0000] {processor.py:841} WARNING - No viable dags retrieved from /opt/airflow/dags/dag_definitions.py
[2023-11-08T22:32:16.882+0000] {processor.py:179} INFO - Processing /opt/airflow/dags/dag_definitions.py took 0.019 seconds
[2023-11-08T22:32:47.016+0000] {processor.py:157} INFO - Started process (PID=630) to work on /opt/airflow/dags/dag_definitions.py
[2023-11-08T22:32:47.017+0000] {processor.py:829} INFO - Processing file /opt/airflow/dags/dag_definitions.py for tasks to queue
[2023-11-08T22:32:47.018+0000] {logging_mixin.py:154} INFO - [2023-11-08T22:32:47.018+0000] {dagbag.py:536} INFO - Filling up the DagBag from /opt/airflow/dags/dag_definitions.py
[2023-11-08T22:32:47.020+0000] {logging_mixin.py:154} INFO - [2023-11-08T22:32:47.019+0000] {dagbag.py:346} ERROR - Failed to import: /opt/airflow/dags/dag_definitions.py
Traceback (most recent call last):
  File "/home/airflow/.local/lib/python3.8/site-packages/airflow/models/dagbag.py", line 342, in parse
    loader.exec_module(new_module)
  File "<frozen importlib._bootstrap_external>", line 843, in exec_module
  File "<frozen importlib._bootstrap>", line 219, in _call_with_frames_removed
  File "/opt/airflow/dags/dag_definitions.py", line 7, in <module>
    from box import Box
ModuleNotFoundError: No module named 'box'
[2023-11-08T22:32:47.020+0000] {processor.py:841} WARNING - No viable dags retrieved from /opt/airflow/dags/dag_definitions.py
[2023-11-08T22:32:47.031+0000] {processor.py:179} INFO - Processing /opt/airflow/dags/dag_definitions.py took 0.016 seconds
[2023-11-08T22:33:17.074+0000] {processor.py:157} INFO - Started process (PID=685) to work on /opt/airflow/dags/dag_definitions.py
[2023-11-08T22:33:17.083+0000] {processor.py:829} INFO - Processing file /opt/airflow/dags/dag_definitions.py for tasks to queue
[2023-11-08T22:33:17.084+0000] {logging_mixin.py:154} INFO - [2023-11-08T22:33:17.084+0000] {dagbag.py:536} INFO - Filling up the DagBag from /opt/airflow/dags/dag_definitions.py
[2023-11-08T22:33:17.086+0000] {logging_mixin.py:154} INFO - [2023-11-08T22:33:17.085+0000] {dagbag.py:346} ERROR - Failed to import: /opt/airflow/dags/dag_definitions.py
Traceback (most recent call last):
  File "/home/airflow/.local/lib/python3.8/site-packages/airflow/models/dagbag.py", line 342, in parse
    loader.exec_module(new_module)
  File "<frozen importlib._bootstrap_external>", line 843, in exec_module
  File "<frozen importlib._bootstrap>", line 219, in _call_with_frames_removed
  File "/opt/airflow/dags/dag_definitions.py", line 7, in <module>
    from box import Box
ModuleNotFoundError: No module named 'box'
[2023-11-08T22:33:17.086+0000] {processor.py:841} WARNING - No viable dags retrieved from /opt/airflow/dags/dag_definitions.py
[2023-11-08T22:33:17.097+0000] {processor.py:179} INFO - Processing /opt/airflow/dags/dag_definitions.py took 0.024 seconds
[2023-11-08T22:33:47.283+0000] {processor.py:157} INFO - Started process (PID=740) to work on /opt/airflow/dags/dag_definitions.py
[2023-11-08T22:33:47.292+0000] {processor.py:829} INFO - Processing file /opt/airflow/dags/dag_definitions.py for tasks to queue
[2023-11-08T22:33:47.295+0000] {logging_mixin.py:154} INFO - [2023-11-08T22:33:47.294+0000] {dagbag.py:536} INFO - Filling up the DagBag from /opt/airflow/dags/dag_definitions.py
[2023-11-08T22:33:47.300+0000] {logging_mixin.py:154} INFO - [2023-11-08T22:33:47.299+0000] {dagbag.py:346} ERROR - Failed to import: /opt/airflow/dags/dag_definitions.py
Traceback (most recent call last):
  File "/home/airflow/.local/lib/python3.8/site-packages/airflow/models/dagbag.py", line 342, in parse
    loader.exec_module(new_module)
  File "<frozen importlib._bootstrap_external>", line 843, in exec_module
  File "<frozen importlib._bootstrap>", line 219, in _call_with_frames_removed
  File "/opt/airflow/dags/dag_definitions.py", line 7, in <module>
    from box import Box
ModuleNotFoundError: No module named 'box'
[2023-11-08T22:33:47.300+0000] {processor.py:841} WARNING - No viable dags retrieved from /opt/airflow/dags/dag_definitions.py
[2023-11-08T22:33:47.316+0000] {processor.py:179} INFO - Processing /opt/airflow/dags/dag_definitions.py took 0.039 seconds
[2023-11-08T22:34:17.894+0000] {processor.py:157} INFO - Started process (PID=795) to work on /opt/airflow/dags/dag_definitions.py
[2023-11-08T22:34:17.902+0000] {processor.py:829} INFO - Processing file /opt/airflow/dags/dag_definitions.py for tasks to queue
[2023-11-08T22:34:17.904+0000] {logging_mixin.py:154} INFO - [2023-11-08T22:34:17.903+0000] {dagbag.py:536} INFO - Filling up the DagBag from /opt/airflow/dags/dag_definitions.py
[2023-11-08T22:34:17.906+0000] {logging_mixin.py:154} INFO - [2023-11-08T22:34:17.906+0000] {dagbag.py:346} ERROR - Failed to import: /opt/airflow/dags/dag_definitions.py
Traceback (most recent call last):
  File "/home/airflow/.local/lib/python3.8/site-packages/airflow/models/dagbag.py", line 342, in parse
    loader.exec_module(new_module)
  File "<frozen importlib._bootstrap_external>", line 843, in exec_module
  File "<frozen importlib._bootstrap>", line 219, in _call_with_frames_removed
  File "/opt/airflow/dags/dag_definitions.py", line 7, in <module>
    from box import Box
ModuleNotFoundError: No module named 'box'
[2023-11-08T22:34:17.907+0000] {processor.py:841} WARNING - No viable dags retrieved from /opt/airflow/dags/dag_definitions.py
[2023-11-08T22:34:17.923+0000] {processor.py:179} INFO - Processing /opt/airflow/dags/dag_definitions.py took 0.032 seconds
[2023-11-08T22:34:48.485+0000] {processor.py:157} INFO - Started process (PID=850) to work on /opt/airflow/dags/dag_definitions.py
[2023-11-08T22:34:48.486+0000] {processor.py:829} INFO - Processing file /opt/airflow/dags/dag_definitions.py for tasks to queue
[2023-11-08T22:34:48.488+0000] {logging_mixin.py:154} INFO - [2023-11-08T22:34:48.488+0000] {dagbag.py:536} INFO - Filling up the DagBag from /opt/airflow/dags/dag_definitions.py
[2023-11-08T22:34:48.491+0000] {logging_mixin.py:154} INFO - [2023-11-08T22:34:48.490+0000] {dagbag.py:346} ERROR - Failed to import: /opt/airflow/dags/dag_definitions.py
Traceback (most recent call last):
  File "/home/airflow/.local/lib/python3.8/site-packages/airflow/models/dagbag.py", line 342, in parse
    loader.exec_module(new_module)
  File "<frozen importlib._bootstrap_external>", line 843, in exec_module
  File "<frozen importlib._bootstrap>", line 219, in _call_with_frames_removed
  File "/opt/airflow/dags/dag_definitions.py", line 7, in <module>
    from box import Box
ModuleNotFoundError: No module named 'box'
[2023-11-08T22:34:48.491+0000] {processor.py:841} WARNING - No viable dags retrieved from /opt/airflow/dags/dag_definitions.py
[2023-11-08T22:34:48.503+0000] {processor.py:179} INFO - Processing /opt/airflow/dags/dag_definitions.py took 0.023 seconds
[2023-11-08T22:35:19.113+0000] {processor.py:157} INFO - Started process (PID=905) to work on /opt/airflow/dags/dag_definitions.py
[2023-11-08T22:35:19.122+0000] {processor.py:829} INFO - Processing file /opt/airflow/dags/dag_definitions.py for tasks to queue
[2023-11-08T22:35:19.124+0000] {logging_mixin.py:154} INFO - [2023-11-08T22:35:19.123+0000] {dagbag.py:536} INFO - Filling up the DagBag from /opt/airflow/dags/dag_definitions.py
[2023-11-08T22:35:19.127+0000] {logging_mixin.py:154} INFO - [2023-11-08T22:35:19.126+0000] {dagbag.py:346} ERROR - Failed to import: /opt/airflow/dags/dag_definitions.py
Traceback (most recent call last):
  File "/home/airflow/.local/lib/python3.8/site-packages/airflow/models/dagbag.py", line 342, in parse
    loader.exec_module(new_module)
  File "<frozen importlib._bootstrap_external>", line 843, in exec_module
  File "<frozen importlib._bootstrap>", line 219, in _call_with_frames_removed
  File "/opt/airflow/dags/dag_definitions.py", line 7, in <module>
    from box import Box
ModuleNotFoundError: No module named 'box'
[2023-11-08T22:35:19.127+0000] {processor.py:841} WARNING - No viable dags retrieved from /opt/airflow/dags/dag_definitions.py
[2023-11-08T22:35:19.140+0000] {processor.py:179} INFO - Processing /opt/airflow/dags/dag_definitions.py took 0.029 seconds
[2023-11-08T22:35:49.237+0000] {processor.py:157} INFO - Started process (PID=960) to work on /opt/airflow/dags/dag_definitions.py
[2023-11-08T22:35:49.246+0000] {processor.py:829} INFO - Processing file /opt/airflow/dags/dag_definitions.py for tasks to queue
[2023-11-08T22:35:49.249+0000] {logging_mixin.py:154} INFO - [2023-11-08T22:35:49.249+0000] {dagbag.py:536} INFO - Filling up the DagBag from /opt/airflow/dags/dag_definitions.py
[2023-11-08T22:35:49.256+0000] {logging_mixin.py:154} INFO - [2023-11-08T22:35:49.254+0000] {dagbag.py:346} ERROR - Failed to import: /opt/airflow/dags/dag_definitions.py
Traceback (most recent call last):
  File "/home/airflow/.local/lib/python3.8/site-packages/airflow/models/dagbag.py", line 342, in parse
    loader.exec_module(new_module)
  File "<frozen importlib._bootstrap_external>", line 843, in exec_module
  File "<frozen importlib._bootstrap>", line 219, in _call_with_frames_removed
  File "/opt/airflow/dags/dag_definitions.py", line 7, in <module>
    from box import Box
ModuleNotFoundError: No module named 'box'
[2023-11-08T22:35:49.257+0000] {processor.py:841} WARNING - No viable dags retrieved from /opt/airflow/dags/dag_definitions.py
[2023-11-08T22:35:49.288+0000] {processor.py:179} INFO - Processing /opt/airflow/dags/dag_definitions.py took 0.057 seconds
[2023-11-08T22:36:19.848+0000] {processor.py:157} INFO - Started process (PID=1015) to work on /opt/airflow/dags/dag_definitions.py
[2023-11-08T22:36:19.857+0000] {processor.py:829} INFO - Processing file /opt/airflow/dags/dag_definitions.py for tasks to queue
[2023-11-08T22:36:19.858+0000] {logging_mixin.py:154} INFO - [2023-11-08T22:36:19.858+0000] {dagbag.py:536} INFO - Filling up the DagBag from /opt/airflow/dags/dag_definitions.py
[2023-11-08T22:36:19.860+0000] {logging_mixin.py:154} INFO - [2023-11-08T22:36:19.860+0000] {dagbag.py:346} ERROR - Failed to import: /opt/airflow/dags/dag_definitions.py
Traceback (most recent call last):
  File "/home/airflow/.local/lib/python3.8/site-packages/airflow/models/dagbag.py", line 342, in parse
    loader.exec_module(new_module)
  File "<frozen importlib._bootstrap_external>", line 843, in exec_module
  File "<frozen importlib._bootstrap>", line 219, in _call_with_frames_removed
  File "/opt/airflow/dags/dag_definitions.py", line 7, in <module>
    from box import Box
ModuleNotFoundError: No module named 'box'
[2023-11-08T22:36:19.861+0000] {processor.py:841} WARNING - No viable dags retrieved from /opt/airflow/dags/dag_definitions.py
[2023-11-08T22:36:19.875+0000] {processor.py:179} INFO - Processing /opt/airflow/dags/dag_definitions.py took 0.030 seconds
[2023-11-08T22:36:50.425+0000] {processor.py:157} INFO - Started process (PID=1071) to work on /opt/airflow/dags/dag_definitions.py
[2023-11-08T22:36:50.426+0000] {processor.py:829} INFO - Processing file /opt/airflow/dags/dag_definitions.py for tasks to queue
[2023-11-08T22:36:50.428+0000] {logging_mixin.py:154} INFO - [2023-11-08T22:36:50.428+0000] {dagbag.py:536} INFO - Filling up the DagBag from /opt/airflow/dags/dag_definitions.py
[2023-11-08T22:36:50.431+0000] {logging_mixin.py:154} INFO - [2023-11-08T22:36:50.430+0000] {dagbag.py:346} ERROR - Failed to import: /opt/airflow/dags/dag_definitions.py
Traceback (most recent call last):
  File "/home/airflow/.local/lib/python3.8/site-packages/airflow/models/dagbag.py", line 342, in parse
    loader.exec_module(new_module)
  File "<frozen importlib._bootstrap_external>", line 843, in exec_module
  File "<frozen importlib._bootstrap>", line 219, in _call_with_frames_removed
  File "/opt/airflow/dags/dag_definitions.py", line 7, in <module>
    from box import Box
ModuleNotFoundError: No module named 'box'
[2023-11-08T22:36:50.431+0000] {processor.py:841} WARNING - No viable dags retrieved from /opt/airflow/dags/dag_definitions.py
[2023-11-08T22:36:50.443+0000] {processor.py:179} INFO - Processing /opt/airflow/dags/dag_definitions.py took 0.022 seconds
[2023-11-08T22:36:57.088+0000] {processor.py:157} INFO - Started process (PID=1090) to work on /opt/airflow/dags/dag_definitions.py
[2023-11-08T22:36:57.090+0000] {processor.py:829} INFO - Processing file /opt/airflow/dags/dag_definitions.py for tasks to queue
[2023-11-08T22:36:57.091+0000] {logging_mixin.py:154} INFO - [2023-11-08T22:36:57.091+0000] {dagbag.py:536} INFO - Filling up the DagBag from /opt/airflow/dags/dag_definitions.py
[2023-11-08T22:36:57.094+0000] {logging_mixin.py:154} INFO - [2023-11-08T22:36:57.094+0000] {dagbag.py:346} ERROR - Failed to import: /opt/airflow/dags/dag_definitions.py
Traceback (most recent call last):
  File "/home/airflow/.local/lib/python3.8/site-packages/airflow/models/dagbag.py", line 342, in parse
    loader.exec_module(new_module)
  File "<frozen importlib._bootstrap_external>", line 843, in exec_module
  File "<frozen importlib._bootstrap>", line 219, in _call_with_frames_removed
  File "/opt/airflow/dags/dag_definitions.py", line 7, in <module>
    from box import Box
ModuleNotFoundError: No module named 'box'
[2023-11-08T22:36:57.095+0000] {processor.py:841} WARNING - No viable dags retrieved from /opt/airflow/dags/dag_definitions.py
[2023-11-08T22:36:57.105+0000] {processor.py:179} INFO - Processing /opt/airflow/dags/dag_definitions.py took 0.021 seconds
[2023-11-08T22:37:27.948+0000] {processor.py:157} INFO - Started process (PID=1145) to work on /opt/airflow/dags/dag_definitions.py
[2023-11-08T22:37:27.953+0000] {processor.py:829} INFO - Processing file /opt/airflow/dags/dag_definitions.py for tasks to queue
[2023-11-08T22:37:27.954+0000] {logging_mixin.py:154} INFO - [2023-11-08T22:37:27.954+0000] {dagbag.py:536} INFO - Filling up the DagBag from /opt/airflow/dags/dag_definitions.py
[2023-11-08T22:37:27.956+0000] {logging_mixin.py:154} INFO - [2023-11-08T22:37:27.955+0000] {dagbag.py:346} ERROR - Failed to import: /opt/airflow/dags/dag_definitions.py
Traceback (most recent call last):
  File "/home/airflow/.local/lib/python3.8/site-packages/airflow/models/dagbag.py", line 342, in parse
    loader.exec_module(new_module)
  File "<frozen importlib._bootstrap_external>", line 843, in exec_module
  File "<frozen importlib._bootstrap>", line 219, in _call_with_frames_removed
  File "/opt/airflow/dags/dag_definitions.py", line 7, in <module>
    from box import Box
ModuleNotFoundError: No module named 'box'
[2023-11-08T22:37:27.956+0000] {processor.py:841} WARNING - No viable dags retrieved from /opt/airflow/dags/dag_definitions.py
[2023-11-08T22:37:27.972+0000] {processor.py:179} INFO - Processing /opt/airflow/dags/dag_definitions.py took 0.026 seconds
[2023-11-08T22:37:58.471+0000] {processor.py:157} INFO - Started process (PID=1200) to work on /opt/airflow/dags/dag_definitions.py
[2023-11-08T22:37:58.471+0000] {processor.py:829} INFO - Processing file /opt/airflow/dags/dag_definitions.py for tasks to queue
[2023-11-08T22:37:58.473+0000] {logging_mixin.py:154} INFO - [2023-11-08T22:37:58.473+0000] {dagbag.py:536} INFO - Filling up the DagBag from /opt/airflow/dags/dag_definitions.py
[2023-11-08T22:37:58.476+0000] {logging_mixin.py:154} INFO - [2023-11-08T22:37:58.475+0000] {dagbag.py:346} ERROR - Failed to import: /opt/airflow/dags/dag_definitions.py
Traceback (most recent call last):
  File "/home/airflow/.local/lib/python3.8/site-packages/airflow/models/dagbag.py", line 342, in parse
    loader.exec_module(new_module)
  File "<frozen importlib._bootstrap_external>", line 843, in exec_module
  File "<frozen importlib._bootstrap>", line 219, in _call_with_frames_removed
  File "/opt/airflow/dags/dag_definitions.py", line 7, in <module>
    from box import Box
ModuleNotFoundError: No module named 'box'
[2023-11-08T22:37:58.476+0000] {processor.py:841} WARNING - No viable dags retrieved from /opt/airflow/dags/dag_definitions.py
[2023-11-08T22:37:58.489+0000] {processor.py:179} INFO - Processing /opt/airflow/dags/dag_definitions.py took 0.022 seconds
[2023-11-08T22:38:29.019+0000] {processor.py:157} INFO - Started process (PID=1255) to work on /opt/airflow/dags/dag_definitions.py
[2023-11-08T22:38:29.027+0000] {processor.py:829} INFO - Processing file /opt/airflow/dags/dag_definitions.py for tasks to queue
[2023-11-08T22:38:29.029+0000] {logging_mixin.py:154} INFO - [2023-11-08T22:38:29.029+0000] {dagbag.py:536} INFO - Filling up the DagBag from /opt/airflow/dags/dag_definitions.py
[2023-11-08T22:38:29.034+0000] {logging_mixin.py:154} INFO - [2023-11-08T22:38:29.033+0000] {dagbag.py:346} ERROR - Failed to import: /opt/airflow/dags/dag_definitions.py
Traceback (most recent call last):
  File "/home/airflow/.local/lib/python3.8/site-packages/airflow/models/dagbag.py", line 342, in parse
    loader.exec_module(new_module)
  File "<frozen importlib._bootstrap_external>", line 843, in exec_module
  File "<frozen importlib._bootstrap>", line 219, in _call_with_frames_removed
  File "/opt/airflow/dags/dag_definitions.py", line 7, in <module>
    from box import Box
ModuleNotFoundError: No module named 'box'
[2023-11-08T22:38:29.035+0000] {processor.py:841} WARNING - No viable dags retrieved from /opt/airflow/dags/dag_definitions.py
[2023-11-08T22:38:29.047+0000] {processor.py:179} INFO - Processing /opt/airflow/dags/dag_definitions.py took 0.032 seconds
[2023-11-08T22:38:59.654+0000] {processor.py:157} INFO - Started process (PID=1311) to work on /opt/airflow/dags/dag_definitions.py
[2023-11-08T22:38:59.662+0000] {processor.py:829} INFO - Processing file /opt/airflow/dags/dag_definitions.py for tasks to queue
[2023-11-08T22:38:59.665+0000] {logging_mixin.py:154} INFO - [2023-11-08T22:38:59.664+0000] {dagbag.py:536} INFO - Filling up the DagBag from /opt/airflow/dags/dag_definitions.py
[2023-11-08T22:38:59.670+0000] {logging_mixin.py:154} INFO - [2023-11-08T22:38:59.668+0000] {dagbag.py:346} ERROR - Failed to import: /opt/airflow/dags/dag_definitions.py
Traceback (most recent call last):
  File "/home/airflow/.local/lib/python3.8/site-packages/airflow/models/dagbag.py", line 342, in parse
    loader.exec_module(new_module)
  File "<frozen importlib._bootstrap_external>", line 843, in exec_module
  File "<frozen importlib._bootstrap>", line 219, in _call_with_frames_removed
  File "/opt/airflow/dags/dag_definitions.py", line 7, in <module>
    from box import Box
ModuleNotFoundError: No module named 'box'
[2023-11-08T22:38:59.670+0000] {processor.py:841} WARNING - No viable dags retrieved from /opt/airflow/dags/dag_definitions.py
[2023-11-08T22:38:59.684+0000] {processor.py:179} INFO - Processing /opt/airflow/dags/dag_definitions.py took 0.033 seconds
[2023-11-08T22:39:30.209+0000] {processor.py:157} INFO - Started process (PID=1367) to work on /opt/airflow/dags/dag_definitions.py
[2023-11-08T22:39:30.217+0000] {processor.py:829} INFO - Processing file /opt/airflow/dags/dag_definitions.py for tasks to queue
[2023-11-08T22:39:30.218+0000] {logging_mixin.py:154} INFO - [2023-11-08T22:39:30.218+0000] {dagbag.py:536} INFO - Filling up the DagBag from /opt/airflow/dags/dag_definitions.py
[2023-11-08T22:39:30.221+0000] {logging_mixin.py:154} INFO - [2023-11-08T22:39:30.220+0000] {dagbag.py:346} ERROR - Failed to import: /opt/airflow/dags/dag_definitions.py
Traceback (most recent call last):
  File "/home/airflow/.local/lib/python3.8/site-packages/airflow/models/dagbag.py", line 342, in parse
    loader.exec_module(new_module)
  File "<frozen importlib._bootstrap_external>", line 843, in exec_module
  File "<frozen importlib._bootstrap>", line 219, in _call_with_frames_removed
  File "/opt/airflow/dags/dag_definitions.py", line 7, in <module>
    from box import Box
ModuleNotFoundError: No module named 'box'
[2023-11-08T22:39:30.221+0000] {processor.py:841} WARNING - No viable dags retrieved from /opt/airflow/dags/dag_definitions.py
[2023-11-08T22:39:30.232+0000] {processor.py:179} INFO - Processing /opt/airflow/dags/dag_definitions.py took 0.028 seconds
[2023-11-08T22:40:00.838+0000] {processor.py:157} INFO - Started process (PID=1422) to work on /opt/airflow/dags/dag_definitions.py
[2023-11-08T22:40:00.846+0000] {processor.py:829} INFO - Processing file /opt/airflow/dags/dag_definitions.py for tasks to queue
[2023-11-08T22:40:00.847+0000] {logging_mixin.py:154} INFO - [2023-11-08T22:40:00.847+0000] {dagbag.py:536} INFO - Filling up the DagBag from /opt/airflow/dags/dag_definitions.py
[2023-11-08T22:40:00.849+0000] {logging_mixin.py:154} INFO - [2023-11-08T22:40:00.849+0000] {dagbag.py:346} ERROR - Failed to import: /opt/airflow/dags/dag_definitions.py
Traceback (most recent call last):
  File "/home/airflow/.local/lib/python3.8/site-packages/airflow/models/dagbag.py", line 342, in parse
    loader.exec_module(new_module)
  File "<frozen importlib._bootstrap_external>", line 843, in exec_module
  File "<frozen importlib._bootstrap>", line 219, in _call_with_frames_removed
  File "/opt/airflow/dags/dag_definitions.py", line 7, in <module>
    from box import Box
ModuleNotFoundError: No module named 'box'
[2023-11-08T22:40:00.850+0000] {processor.py:841} WARNING - No viable dags retrieved from /opt/airflow/dags/dag_definitions.py
[2023-11-08T22:40:00.861+0000] {processor.py:179} INFO - Processing /opt/airflow/dags/dag_definitions.py took 0.025 seconds
[2023-11-08T22:40:31.435+0000] {processor.py:157} INFO - Started process (PID=1477) to work on /opt/airflow/dags/dag_definitions.py
[2023-11-08T22:40:31.443+0000] {processor.py:829} INFO - Processing file /opt/airflow/dags/dag_definitions.py for tasks to queue
[2023-11-08T22:40:31.444+0000] {logging_mixin.py:154} INFO - [2023-11-08T22:40:31.444+0000] {dagbag.py:536} INFO - Filling up the DagBag from /opt/airflow/dags/dag_definitions.py
[2023-11-08T22:40:31.447+0000] {logging_mixin.py:154} INFO - [2023-11-08T22:40:31.446+0000] {dagbag.py:346} ERROR - Failed to import: /opt/airflow/dags/dag_definitions.py
Traceback (most recent call last):
  File "/home/airflow/.local/lib/python3.8/site-packages/airflow/models/dagbag.py", line 342, in parse
    loader.exec_module(new_module)
  File "<frozen importlib._bootstrap_external>", line 843, in exec_module
  File "<frozen importlib._bootstrap>", line 219, in _call_with_frames_removed
  File "/opt/airflow/dags/dag_definitions.py", line 7, in <module>
    from box import Box
ModuleNotFoundError: No module named 'box'
[2023-11-08T22:40:31.447+0000] {processor.py:841} WARNING - No viable dags retrieved from /opt/airflow/dags/dag_definitions.py
[2023-11-08T22:40:31.460+0000] {processor.py:179} INFO - Processing /opt/airflow/dags/dag_definitions.py took 0.027 seconds
[2023-11-08T22:41:01.953+0000] {processor.py:157} INFO - Started process (PID=1532) to work on /opt/airflow/dags/dag_definitions.py
[2023-11-08T22:41:01.962+0000] {processor.py:829} INFO - Processing file /opt/airflow/dags/dag_definitions.py for tasks to queue
[2023-11-08T22:41:01.963+0000] {logging_mixin.py:154} INFO - [2023-11-08T22:41:01.963+0000] {dagbag.py:536} INFO - Filling up the DagBag from /opt/airflow/dags/dag_definitions.py
[2023-11-08T22:41:01.967+0000] {logging_mixin.py:154} INFO - [2023-11-08T22:41:01.966+0000] {dagbag.py:346} ERROR - Failed to import: /opt/airflow/dags/dag_definitions.py
Traceback (most recent call last):
  File "/home/airflow/.local/lib/python3.8/site-packages/airflow/models/dagbag.py", line 342, in parse
    loader.exec_module(new_module)
  File "<frozen importlib._bootstrap_external>", line 843, in exec_module
  File "<frozen importlib._bootstrap>", line 219, in _call_with_frames_removed
  File "/opt/airflow/dags/dag_definitions.py", line 7, in <module>
    from box import Box
ModuleNotFoundError: No module named 'box'
[2023-11-08T22:41:01.967+0000] {processor.py:841} WARNING - No viable dags retrieved from /opt/airflow/dags/dag_definitions.py
[2023-11-08T22:41:01.979+0000] {processor.py:179} INFO - Processing /opt/airflow/dags/dag_definitions.py took 0.029 seconds
[2023-11-08T22:41:32.612+0000] {processor.py:157} INFO - Started process (PID=1587) to work on /opt/airflow/dags/dag_definitions.py
[2023-11-08T22:41:32.613+0000] {processor.py:829} INFO - Processing file /opt/airflow/dags/dag_definitions.py for tasks to queue
[2023-11-08T22:41:32.614+0000] {logging_mixin.py:154} INFO - [2023-11-08T22:41:32.614+0000] {dagbag.py:536} INFO - Filling up the DagBag from /opt/airflow/dags/dag_definitions.py
[2023-11-08T22:41:32.617+0000] {logging_mixin.py:154} INFO - [2023-11-08T22:41:32.616+0000] {dagbag.py:346} ERROR - Failed to import: /opt/airflow/dags/dag_definitions.py
Traceback (most recent call last):
  File "/home/airflow/.local/lib/python3.8/site-packages/airflow/models/dagbag.py", line 342, in parse
    loader.exec_module(new_module)
  File "<frozen importlib._bootstrap_external>", line 843, in exec_module
  File "<frozen importlib._bootstrap>", line 219, in _call_with_frames_removed
  File "/opt/airflow/dags/dag_definitions.py", line 7, in <module>
    from box import Box
ModuleNotFoundError: No module named 'box'
[2023-11-08T22:41:32.618+0000] {processor.py:841} WARNING - No viable dags retrieved from /opt/airflow/dags/dag_definitions.py
[2023-11-08T22:41:32.630+0000] {processor.py:179} INFO - Processing /opt/airflow/dags/dag_definitions.py took 0.021 seconds
[2023-11-08T22:42:03.250+0000] {processor.py:157} INFO - Started process (PID=1643) to work on /opt/airflow/dags/dag_definitions.py
[2023-11-08T22:42:03.258+0000] {processor.py:829} INFO - Processing file /opt/airflow/dags/dag_definitions.py for tasks to queue
[2023-11-08T22:42:03.260+0000] {logging_mixin.py:154} INFO - [2023-11-08T22:42:03.260+0000] {dagbag.py:536} INFO - Filling up the DagBag from /opt/airflow/dags/dag_definitions.py
[2023-11-08T22:42:03.264+0000] {logging_mixin.py:154} INFO - [2023-11-08T22:42:03.263+0000] {dagbag.py:346} ERROR - Failed to import: /opt/airflow/dags/dag_definitions.py
Traceback (most recent call last):
  File "/home/airflow/.local/lib/python3.8/site-packages/airflow/models/dagbag.py", line 342, in parse
    loader.exec_module(new_module)
  File "<frozen importlib._bootstrap_external>", line 843, in exec_module
  File "<frozen importlib._bootstrap>", line 219, in _call_with_frames_removed
  File "/opt/airflow/dags/dag_definitions.py", line 7, in <module>
    from box import Box
ModuleNotFoundError: No module named 'box'
[2023-11-08T22:42:03.264+0000] {processor.py:841} WARNING - No viable dags retrieved from /opt/airflow/dags/dag_definitions.py
[2023-11-08T22:42:03.277+0000] {processor.py:179} INFO - Processing /opt/airflow/dags/dag_definitions.py took 0.031 seconds
[2023-11-08T22:42:33.807+0000] {processor.py:157} INFO - Started process (PID=1698) to work on /opt/airflow/dags/dag_definitions.py
[2023-11-08T22:42:33.813+0000] {processor.py:829} INFO - Processing file /opt/airflow/dags/dag_definitions.py for tasks to queue
[2023-11-08T22:42:33.814+0000] {logging_mixin.py:154} INFO - [2023-11-08T22:42:33.814+0000] {dagbag.py:536} INFO - Filling up the DagBag from /opt/airflow/dags/dag_definitions.py
[2023-11-08T22:42:33.817+0000] {logging_mixin.py:154} INFO - [2023-11-08T22:42:33.816+0000] {dagbag.py:346} ERROR - Failed to import: /opt/airflow/dags/dag_definitions.py
Traceback (most recent call last):
  File "/home/airflow/.local/lib/python3.8/site-packages/airflow/models/dagbag.py", line 342, in parse
    loader.exec_module(new_module)
  File "<frozen importlib._bootstrap_external>", line 843, in exec_module
  File "<frozen importlib._bootstrap>", line 219, in _call_with_frames_removed
  File "/opt/airflow/dags/dag_definitions.py", line 7, in <module>
    from box import Box
ModuleNotFoundError: No module named 'box'
[2023-11-08T22:42:33.818+0000] {processor.py:841} WARNING - No viable dags retrieved from /opt/airflow/dags/dag_definitions.py
[2023-11-08T22:42:33.830+0000] {processor.py:179} INFO - Processing /opt/airflow/dags/dag_definitions.py took 0.025 seconds
[2023-11-08T22:43:04.436+0000] {processor.py:157} INFO - Started process (PID=1753) to work on /opt/airflow/dags/dag_definitions.py
[2023-11-08T22:43:04.444+0000] {processor.py:829} INFO - Processing file /opt/airflow/dags/dag_definitions.py for tasks to queue
[2023-11-08T22:43:04.446+0000] {logging_mixin.py:154} INFO - [2023-11-08T22:43:04.446+0000] {dagbag.py:536} INFO - Filling up the DagBag from /opt/airflow/dags/dag_definitions.py
[2023-11-08T22:43:04.449+0000] {logging_mixin.py:154} INFO - [2023-11-08T22:43:04.448+0000] {dagbag.py:346} ERROR - Failed to import: /opt/airflow/dags/dag_definitions.py
Traceback (most recent call last):
  File "/home/airflow/.local/lib/python3.8/site-packages/airflow/models/dagbag.py", line 342, in parse
    loader.exec_module(new_module)
  File "<frozen importlib._bootstrap_external>", line 843, in exec_module
  File "<frozen importlib._bootstrap>", line 219, in _call_with_frames_removed
  File "/opt/airflow/dags/dag_definitions.py", line 7, in <module>
    from box import Box
ModuleNotFoundError: No module named 'box'
[2023-11-08T22:43:04.450+0000] {processor.py:841} WARNING - No viable dags retrieved from /opt/airflow/dags/dag_definitions.py
[2023-11-08T22:43:04.463+0000] {processor.py:179} INFO - Processing /opt/airflow/dags/dag_definitions.py took 0.030 seconds
[2023-11-08T22:43:37.344+0000] {processor.py:157} INFO - Started process (PID=34) to work on /opt/airflow/dags/dag_definitions.py
[2023-11-08T22:43:37.344+0000] {processor.py:829} INFO - Processing file /opt/airflow/dags/dag_definitions.py for tasks to queue
[2023-11-08T22:43:37.345+0000] {logging_mixin.py:154} INFO - [2023-11-08T22:43:37.345+0000] {dagbag.py:536} INFO - Filling up the DagBag from /opt/airflow/dags/dag_definitions.py
[2023-11-08T22:43:37.347+0000] {logging_mixin.py:154} INFO - [2023-11-08T22:43:37.346+0000] {dagbag.py:346} ERROR - Failed to import: /opt/airflow/dags/dag_definitions.py
Traceback (most recent call last):
  File "/home/airflow/.local/lib/python3.8/site-packages/airflow/models/dagbag.py", line 342, in parse
    loader.exec_module(new_module)
  File "<frozen importlib._bootstrap_external>", line 843, in exec_module
  File "<frozen importlib._bootstrap>", line 219, in _call_with_frames_removed
  File "/opt/airflow/dags/dag_definitions.py", line 7, in <module>
    from box import Box
ModuleNotFoundError: No module named 'box'
[2023-11-08T22:43:37.347+0000] {processor.py:841} WARNING - No viable dags retrieved from /opt/airflow/dags/dag_definitions.py
[2023-11-08T22:43:37.362+0000] {processor.py:179} INFO - Processing /opt/airflow/dags/dag_definitions.py took 0.020 seconds
