[2023-11-09T19:46:02.444+0000] {taskinstance.py:1159} INFO - Dependencies all met for dep_context=non-requeueable deps ti=<TaskInstance: query_scraper.print_items manual__2023-11-09T18:53:40.251543+00:00 [queued]>
[2023-11-09T19:46:02.449+0000] {taskinstance.py:1159} INFO - Dependencies all met for dep_context=requeueable deps ti=<TaskInstance: query_scraper.print_items manual__2023-11-09T18:53:40.251543+00:00 [queued]>
[2023-11-09T19:46:02.450+0000] {taskinstance.py:1361} INFO - Starting attempt 1 of 1
[2023-11-09T19:46:02.464+0000] {taskinstance.py:1382} INFO - Executing <Task(PythonOperator): print_items> on 2023-11-09 18:53:40.251543+00:00
[2023-11-09T19:46:02.471+0000] {standard_task_runner.py:57} INFO - Started process 3213 to run task
[2023-11-09T19:46:02.473+0000] {standard_task_runner.py:84} INFO - Running: ['***', 'tasks', 'run', 'query_scraper', 'print_items', 'manual__2023-11-09T18:53:40.251543+00:00', '--job-id', '48', '--raw', '--subdir', 'DAGS_FOLDER/dag_definitions.py', '--cfg-path', '/tmp/tmpyc88d4mq']
[2023-11-09T19:46:02.475+0000] {standard_task_runner.py:85} INFO - Job 48: Subtask print_items
[2023-11-09T19:46:02.501+0000] {task_command.py:415} INFO - Running <TaskInstance: query_scraper.print_items manual__2023-11-09T18:53:40.251543+00:00 [running]> on host a23ad50e55eb
[2023-11-09T19:46:02.544+0000] {taskinstance.py:1660} INFO - Exporting env vars: AIRFLOW_CTX_DAG_OWNER='***' AIRFLOW_CTX_DAG_ID='query_scraper' AIRFLOW_CTX_TASK_ID='print_items' AIRFLOW_CTX_EXECUTION_DATE='2023-11-09T18:53:40.251543+00:00' AIRFLOW_CTX_TRY_NUMBER='1' AIRFLOW_CTX_DAG_RUN_ID='manual__2023-11-09T18:53:40.251543+00:00'
[2023-11-09T19:46:02.913+0000] {logger.py:18} INFO - requesting url: https://www.stz.com.br/bolsa-tiracolo-pequena-gabriela-essenciais-vinho-5155195-p1151165
[2023-11-09T19:46:04.948+0000] {logger.py:18} INFO - requesting url: https://www.stz.com.br/bolsa-tiracolo-pequena-stz-corrente-texturizada-bege-5182130-p2686465
[2023-11-09T19:46:06.446+0000] {logger.py:18} INFO - requesting url: https://www.stz.com.br/bolsa-tiracolo-pequena-gabriela-essenciais-texturizado-azul-5176913-p2630920
[2023-11-09T19:46:07.852+0000] {logger.py:18} INFO - requesting url: https://www.stz.com.br/bolsa-tiracolo-pequena-gabriela-tacha-texturizada-laranja-5163044-p1656990
[2023-11-09T19:46:09.057+0000] {logger.py:18} INFO - requesting url: https://www.stz.com.br/bolsa-tiracolo-pequena-gabriela-essenciais-texturizado-coral-5176912-p2630919
[2023-11-09T19:46:10.286+0000] {logger.py:18} INFO - requesting url: https://www.stz.com.br/bolsa-tiracolo-pequena-gabriela-essenciais-texturizada-ziper-amarelo-5161372-p1637831
[2023-11-09T19:46:11.559+0000] {logger.py:18} INFO - requesting url: https://www.stz.com.br/bolsa-tiracolo-pequena-gabriela-essenciais-verde-5175691-p2622332
[2023-11-09T19:46:13.118+0000] {logger.py:18} INFO - requesting url: https://www.stz.com.br/bolsa-tiracolo-media-gabriela-texturizada-rosa-5149353-p163495
[2023-11-09T19:46:14.297+0000] {logger.py:18} INFO - requesting url: https://www.stz.com.br/bolsa-tiracolo-pequena-pagani-texturizado-vermelho-5159747-p1616158
[2023-11-09T19:46:15.597+0000] {logger.py:18} INFO - requesting url: https://www.stz.com.br/bolsa-tiracolo-pequena-gabriela-texturizado-verde-5172413-p2600916
[2023-11-09T19:46:17.092+0000] {logger.py:18} INFO - requesting url: https://www.stz.com.br/bolsa-tiracolo-pequena-gabriela-texturizada-off-white-5183139-p2700656
[2023-11-09T19:46:18.379+0000] {logger.py:18} INFO - requesting url: https://www.stz.com.br/bolsa-tiracolo-pequena-gabriela-essenciais-texturizada-azul-5185719-p2724468
[2023-11-09T19:46:19.724+0000] {logger.py:18} INFO - requesting url: https://www.stz.com.br/bolsa-tiracolo-pequena-gabriela-logo-barbicacho-pink-5189463-p2757197
[2023-11-09T19:46:21.086+0000] {logger.py:18} INFO - requesting url: https://www.stz.com.br/bolsa-tiracolo-pequena-gabriela-essenciais-meia-lua-laranja-5176911-p2630918
[2023-11-09T19:46:22.277+0000] {logger.py:18} INFO - requesting url: https://www.stz.com.br/bolsa-tiracolo-pequena-gabriela-essenciais-preto-5149350-p163491
[2023-11-09T19:46:23.499+0000] {logger.py:18} INFO - requesting url: https://www.stz.com.br/bolsa-tiracolo-pequena-gabriela-essenciais-azul-5157744-p1179332
[2023-11-09T19:46:24.746+0000] {logger.py:18} INFO - requesting url: https://www.stz.com.br/bolsa-tiracolo-pequena-gabriela-essenciais-caramelo-5149352-p163484
[2023-11-09T19:46:26.153+0000] {logger.py:18} INFO - requesting url: https://www.stz.com.br/bolsa-tiracolo-pequena-gabriela-micangas-verde-5176962-p2630928
[2023-11-09T19:46:27.267+0000] {logger.py:18} INFO - requesting url: https://www.stz.com.br/bolsa-tiracolo-pequena-gabriela-texturizada-preto-5163395-p1659093
[2023-11-09T19:46:28.703+0000] {logger.py:18} INFO - requesting url: https://www.stz.com.br/bolsa-tiracolo-pequena-gabriela-envelope-detalhe-corrente-caramelo-5170098-p2417554
[2023-11-09T19:46:30.446+0000] {logger.py:18} INFO - requesting url: https://www.stz.com.br/bolsa-tiracolo-pequena-gabriela-pespontos-texturizado-verde-5163551-p1659928
[2023-11-09T19:46:31.725+0000] {logger.py:18} INFO - requesting url: https://www.stz.com.br/bolsa-tiracolo-pequena-gabriela-drapeada-verde-5157875-p1179434
[2023-11-09T19:46:33.062+0000] {logger.py:18} INFO - requesting url: https://www.stz.com.br/bolsa-tiracolo-pequena-gabriela-pespontos-geometrico-amarelo-5163560-p1659946
[2023-11-09T19:46:34.312+0000] {logger.py:18} INFO - requesting url: https://www.stz.com.br/bolsa-tiracolo-pequena-gabriela-essenciais-texturizado-nude-5171138-p2587636
[2023-11-09T19:46:35.761+0000] {logger.py:18} INFO - requesting url: https://www.stz.com.br/bolsa-tiracolo-pequena-gabriela-essenciais-preto-5175690-p2622331
[2023-11-09T19:46:37.037+0000] {logger.py:18} INFO - requesting url: https://www.stz.com.br/bolsa-tiracolo-media-gabriela-detalhe-fivela-lilas-5176908-p2630915
[2023-11-09T19:46:38.328+0000] {logger.py:18} INFO - requesting url: https://www.stz.com.br/bolsa-tiracolo-media-gabriela-detalhe-fivela-verde-5179707-p2664371
[2023-11-09T19:46:39.592+0000] {logger.py:18} INFO - requesting url: https://www.stz.com.br/bolsa-tiracolo-gabriela-detalhe-em-recortes-verde-5157853-p1179388
[2023-11-09T19:46:40.912+0000] {logger.py:18} INFO - requesting url: https://www.stz.com.br/bolsa-tiracolo-pequena-gabriela-essenciais-texturizada-amarelo-5161374-p1637833
[2023-11-09T19:46:42.242+0000] {logger.py:18} INFO - requesting url: https://www.stz.com.br/bolsa-tiracolo-gabriela-texturizada-azul-5157743-p1179328
[2023-11-09T19:46:43.393+0000] {logger.py:18} INFO - requesting url: https://www.stz.com.br/sandalia-mac-jac-pespontos-couro-marrom-5183473-p2702196
[2023-11-09T19:46:44.941+0000] {logger.py:18} INFO - requesting url: https://www.stz.com.br/sandalia-pegada-perfuros-ilhos-couro-marrom-5179557-p2663294
[2023-11-09T19:46:46.190+0000] {logger.py:18} INFO - requesting url: https://www.stz.com.br/sandalia-pegada-tiras-pespontos-couro-marrom-5169466-p1889884
[2023-11-09T19:46:47.373+0000] {logger.py:18} INFO - requesting url: https://www.stz.com.br/sandalia-pegada-anilina-perfuros-couro-marrom-5177388-p2636311
[2023-11-09T19:46:48.560+0000] {logger.py:18} INFO - requesting url: https://www.stz.com.br/sandalia-pegada-tiras-pespontos-couro-marrom-5126476-p69332
[2023-11-09T19:46:49.774+0000] {logger.py:18} INFO - requesting url: https://www.stz.com.br/rasteira-liberte-detalhe-tiras-hotfix-amarelo-5166770-p1689903
[2023-11-09T19:46:50.992+0000] {logger.py:18} INFO - requesting url: https://www.stz.com.br/rasteira-penelope-detalhe-tiras-pink-5180754-p2673094
[2023-11-09T19:46:52.252+0000] {logger.py:18} INFO - requesting url: https://www.stz.com.br/rasteira-liberte-detalhe-pedraria-amarelo-5169097-p1882100
[2023-11-09T19:46:53.385+0000] {logger.py:18} INFO - requesting url: https://www.stz.com.br/rasteira-penelope-detalhe-tresse-laranja-5169757-p1893110
[2023-11-09T19:46:54.748+0000] {logger.py:18} INFO - requesting url: https://www.stz.com.br/rasteira-liberte-detalhe-tiras-verde-5166882-p1690019
[2023-11-09T19:46:55.995+0000] {logger.py:18} INFO - requesting url: https://www.stz.com.br/rasteira-penelope-detalhe-tiras-tresse-roxo-5175684-p2622172
[2023-11-09T19:46:57.313+0000] {logger.py:18} INFO - requesting url: https://www.stz.com.br/rasteira-liberte-tiras-tresse-metalizado-color-5170504-p2580532
[2023-11-09T19:46:58.714+0000] {logger.py:18} INFO - requesting url: https://www.stz.com.br/rasteira-liberte-detalhe-tiras-amarelo-5166931-p1690063
[2023-11-09T19:46:59.991+0000] {logger.py:18} INFO - requesting url: https://www.stz.com.br/rasteira-liberte-detalhe-no-amarelo-5164289-p1667692
[2023-11-09T19:47:01.328+0000] {logger.py:18} INFO - requesting url: https://www.stz.com.br/rasteira-penelope-detalhe-aplicacao-verde-5173299-p2609402
[2023-11-09T19:47:03.789+0000] {logger.py:18} INFO - requesting url: https://www.stz.com.br/rasteira-penelope-detalhe-tiras-pedraria-pink-5175625-p2621619
[2023-11-09T19:47:05.009+0000] {logger.py:18} INFO - requesting url: https://www.stz.com.br/rasteira-liberte-detalhe-tiras-cruzadas-verde-5168153-p1721773
[2023-11-09T19:47:06.244+0000] {logger.py:18} INFO - requesting url: https://www.stz.com.br/rasteira-liberte-detalhe-strass-tiras-amarelo-5165570-p1683154
[2023-11-09T19:47:07.372+0000] {logger.py:18} INFO - requesting url: https://www.stz.com.br/rasteira-liberte-detalhe-tiras-off-white-5166862-p1689998
[2023-11-09T19:47:08.646+0000] {logger.py:18} INFO - requesting url: https://www.stz.com.br/rasteira-liberte-detalhe-strass-amarelo-5166870-p1690007
[2023-11-09T19:47:09.975+0000] {logger.py:18} INFO - requesting url: https://www.stz.com.br/rasteira-penelope-tiras-tresse-metalizada-rosa-5164187-p1667191
[2023-11-09T19:47:11.273+0000] {logger.py:18} INFO - requesting url: https://www.stz.com.br/rasteira-penelope-tiras-cruzadas-verde-militar-5183207-p2698587
[2023-11-09T19:47:12.587+0000] {logger.py:18} INFO - requesting url: https://www.stz.com.br/rasteira-penelope-tiras-tresse-metalizado-caramelo-5166940-p1690072
[2023-11-09T19:47:13.816+0000] {logger.py:18} INFO - requesting url: https://www.stz.com.br/rasteira-penelope-tiras-cruzadas-nude-5182854-p2693478
[2023-11-09T19:47:15.139+0000] {logger.py:18} INFO - requesting url: https://www.stz.com.br/rasteira-liberte-detalhe-tiras-tresse-preto-5166731-p1689867
[2023-11-09T19:47:16.337+0000] {logger.py:18} INFO - requesting url: https://www.stz.com.br/rasteira-penelope-detalhe-tiras-tresse-branco-5170522-p2580577
[2023-11-09T19:47:17.582+0000] {logger.py:18} INFO - requesting url: https://www.stz.com.br/sandalia-rasteira-liberte-tira-tresse-caramelo-5169364-p1888342
[2023-11-09T19:47:18.792+0000] {logger.py:18} INFO - requesting url: https://www.stz.com.br/rasteira-penelope-tiras-cruzadas-nude-5183208-p2698588
[2023-11-09T19:47:19.962+0000] {logger.py:18} INFO - requesting url: https://www.stz.com.br/rasteira-liberte-detalhe-vazados-amarelo-5170378-p2578709
[2023-11-09T19:47:21.382+0000] {logger.py:18} INFO - requesting url: https://www.stz.com.br/sandalia-rasteira-liberte-detalhe-aplicacao-branco-5168156-p1722058
[2023-11-09T19:47:22.934+0000] {logger.py:18} INFO - requesting url: https://www.stz.com.br/rasteira-penelope-detalhe-tiras-amarelo-5180755-p2673095
[2023-11-09T19:47:24.186+0000] {logger.py:18} INFO - requesting url: https://www.stz.com.br/rasteira-penelope-detalhe-tiras-tresse-metalizado-caramelo-5170531-p2580710
[2023-11-09T19:47:25.314+0000] {logger.py:18} INFO - requesting url: https://www.stz.com.br/rasteira-penelope-tiras-cruzadas-strass-off-white-5181094-p2675449
[2023-11-09T19:47:27.027+0000] {logger.py:18} INFO - requesting url: https://www.stz.com.br/rasteira-penelope-tiras-cruzadas-no-coral-5183206-p2698586
[2023-11-09T19:47:28.371+0000] {logger.py:18} INFO - requesting url: https://www.stz.com.br/rasteira-penelope-tiras-cruzadas-azul-5182864-p2693720
[2023-11-09T19:47:29.560+0000] {logger.py:18} INFO - requesting url: https://www.stz.com.br/sandalia-mac-jac-tiras-largas-fivelas-camurca-bege-5187753-p2739869
[2023-11-09T19:47:31.033+0000] {logger.py:18} INFO - requesting url: https://www.stz.com.br/sandalia-mac-jac-flatform-fivela-camurca-caramelo-5176024-p2626608
[2023-11-09T19:47:32.237+0000] {logger.py:18} INFO - requesting url: https://www.stz.com.br/sandalia-mac-jac-tiras-fivela-camurca-verde-5183640-p2702983
[2023-11-09T19:47:33.530+0000] {logger.py:18} INFO - requesting url: https://www.stz.com.br/sandalia-mac-jac-flatform-fivelas-camurca-bege-5183628-p2702981
[2023-11-09T19:47:34.923+0000] {logger.py:18} INFO - requesting url: https://www.stz.com.br/sandalia-mac-jac-tiras-detalhe-elos-preto-5183645-p2703046
[2023-11-09T19:47:36.087+0000] {logger.py:18} INFO - requesting url: https://www.stz.com.br/sandalia-mac-jac-tiras-fivela-preto-5183641-p2703042
[2023-11-09T19:47:37.379+0000] {logger.py:18} INFO - requesting url: https://www.stz.com.br/sandalia-mac-jac-tiras-fivela-marrom-5183545-p2703041
[2023-11-09T19:47:38.663+0000] {logger.py:18} INFO - requesting url: https://www.stz.com.br/sapatenis-woche-detalhe-perfuros-couro-preto-5171452-p2592286
[2023-11-09T19:47:39.816+0000] {logger.py:18} INFO - requesting url: https://www.stz.com.br/sapatenis-woche-detalhe-perfuros-couro-preto-5177536-p2636098
[2023-11-09T19:47:40.941+0000] {logger.py:18} INFO - requesting url: https://www.stz.com.br/sapatenis-mac-jac-detalhe-recortes-couro-branco-5169605-p1891209
[2023-11-09T19:47:42.116+0000] {logger.py:18} INFO - requesting url: https://www.stz.com.br/sapatenis-woche-detalhe-perfuros-nobuck-caramelo-5178704-p2654492
[2023-11-09T19:47:43.425+0000] {logger.py:18} INFO - requesting url: https://www.stz.com.br/sapatenis-woche-detalhe-perfuros-nobuck-marinho-5178799-p2654495
[2023-11-09T19:47:44.736+0000] {logger.py:18} INFO - requesting url: https://www.stz.com.br/sapatenis-mac-jac-recortes-couro-marrom-5167033-p1690165
[2023-11-09T19:47:45.938+0000] {logger.py:18} INFO - requesting url: https://www.stz.com.br/sapatenis-pegada-premium-flight-couro-preto-5184070-p2708167
[2023-11-09T19:47:47.141+0000] {logger.py:18} INFO - requesting url: https://www.stz.com.br/sapatenis-mac-jac-detalhe-recortes-camurca-branco-5191433-p2776340
[2023-11-09T19:47:48.567+0000] {logger.py:18} INFO - requesting url: https://www.stz.com.br/sapatenis-mac-jac-detalhe-recortes-camurca-preto-5191431-p2776338
[2023-11-09T19:47:49.761+0000] {logger.py:18} INFO - requesting url: https://www.stz.com.br/sapatenis-woche-detalhe-pespontos-couro-marrom-5192101-p2780665
[2023-11-09T19:47:51.362+0000] {logger.py:18} INFO - requesting url: https://www.stz.com.br/sapatenis-woche-detalhe-pespontos-couro-preto-5192100-p2780664
[2023-11-09T19:47:53.228+0000] {logger.py:18} INFO - requesting url: https://www.stz.com.br/sapatenis-pegada-premium-dune-couro-preto-5184067-p2708164
[2023-11-09T19:47:54.460+0000] {logger.py:18} INFO - requesting url: https://www.stz.com.br/sapato-social-ferracini-lexus-couro-preto-5158711-p1188772
[2023-11-09T19:47:55.768+0000] {logger.py:18} INFO - requesting url: https://www.stz.com.br/sapatenis-pegada-casual-wear-elastico-couro-marinho-5191925-p2779897
[2023-11-09T19:47:57.097+0000] {logger.py:18} INFO - requesting url: https://www.stz.com.br/sapatenis-pegada-washed-ziper-perfuros-couro-caramelo-5184495-p2713401
[2023-11-09T19:47:58.464+0000] {logger.py:18} INFO - requesting url: https://www.stz.com.br/sapatenis-democrata-denim-go-couro-marinho-5167466-p1711532
[2023-11-09T19:47:59.758+0000] {logger.py:18} INFO - requesting url: https://www.stz.com.br/sapatenis-democrata-loop-texturizado-couro-off-white-5179513-p2662930
[2023-11-09T19:48:01.074+0000] {logger.py:18} INFO - requesting url: https://www.stz.com.br/sapatenis-pegada-washed-ziper-perfuros-couro-marrom-5184494-p2713400
[2023-11-09T19:48:02.375+0000] {logger.py:18} INFO - requesting url: https://www.stz.com.br/sapatenis-democrata-denim-luke-masculino-camurca-preto-5188147-p2744136
[2023-11-09T19:48:03.845+0000] {logger.py:18} INFO - requesting url: https://www.stz.com.br/sapatenis-pegada-parafinado-nobuck-marrom-5188306-p2746163
[2023-11-09T19:48:05.303+0000] {logger.py:18} INFO - requesting url: https://www.stz.com.br/sapatenis-pegada-stretch-elastico-perfuros-couro-preto-5191938-p2779888
[2023-11-09T19:48:06.628+0000] {logger.py:18} INFO - requesting url: https://www.stz.com.br/sapatenis-ferracini-lexus-pespontos-couro-preto-5184293-p2710816
[2023-11-09T19:48:07.781+0000] {logger.py:18} INFO - requesting url: https://www.stz.com.br/sapatenis-pegada-listras-nobuck-marinho-5188307-p2746164
[2023-11-09T19:48:09.093+0000] {logger.py:18} INFO - requesting url: https://www.stz.com.br/sapatenis-ferracini-recortes-couro-preto-5169776-p1893208
[2023-11-09T19:48:10.304+0000] {logger.py:18} INFO - requesting url: https://www.stz.com.br/sapatenis-pegada-nobuck-oil-texturizado-cinza-5188334-p2746166
[2023-11-09T19:48:11.802+0000] {logger.py:18} INFO - requesting url: https://www.stz.com.br/sapatenis-democrata-denim-go-couro-marrom-5167467-p1711533
[2023-11-09T19:48:12.998+0000] {logger.py:18} INFO - requesting url: https://www.stz.com.br/sapatenis-pegada-perfuros-couro-milk-off-white-5185189-p2719460
[2023-11-09T19:48:14.302+0000] {logger.py:18} INFO - requesting url: https://www.stz.com.br/sapatenis-pegada-perfuros-couro-cravo-marrom-5185188-p2719459
[2023-11-09T19:48:15.467+0000] {logger.py:18} INFO - requesting url: https://www.stz.com.br/sapatenis-woche-listras-recortes-tecido-branco-5187908-p2741447
[2023-11-09T19:48:16.990+0000] {logger.py:18} INFO - requesting url: https://www.stz.com.br/sapatenis-mac-jac-recortes-tecido-marinho-5164980-p1677009
[2023-11-09T19:48:18.131+0000] {logger.py:18} INFO - requesting url: https://www.stz.com.br/sapatenis-mac-jac-recortes-tecido-caramelo-5164985-p1677014
[2023-11-09T19:48:20.388+0000] {logger.py:18} INFO - requesting url: https://www.stz.com.br/tenis-iceberg-casual-detalhe-pespontos-marrom-5167400-p1711457
[2023-11-09T19:48:21.628+0000] {logger.py:18} INFO - requesting url: https://www.stz.com.br/sapatenis-woche-perfuros-listras-marinho-5171456-p2592797
[2023-11-09T19:48:22.971+0000] {logger.py:18} INFO - requesting url: https://www.stz.com.br/sapatenis-woche-detalhe-recortes-jeans-marinho-5175639-p2625094
[2023-11-09T19:48:24.317+0000] {logger.py:18} INFO - requesting url: https://www.stz.com.br/sapatenis-woche-pespontos-perfuros-marrom-5181651-p2680494
[2023-11-09T19:48:25.668+0000] {logger.py:18} INFO - requesting url: https://www.stz.com.br/sapatenis-woche-pespontos-pespontos-caramelo-5177832-p2641214
[2023-11-09T19:48:27.092+0000] {logger.py:18} INFO - requesting url: https://www.stz.com.br/sapatenis-iceberg-recortes-perfuros-marrom-5167399-p1711456
[2023-11-09T19:48:28.403+0000] {logger.py:18} INFO - requesting url: https://www.stz.com.br/sapatenis-woche-listras-recortes-tecido-marinho-5187906-p2741445
[2023-11-09T19:48:29.674+0000] {logger.py:18} INFO - requesting url: https://www.stz.com.br/sapatenis-woche-detalhe-perfuros-preto-5189796-p2759617
[2023-11-09T19:48:30.972+0000] {logger.py:18} INFO - requesting url: https://www.stz.com.br/sapatenis-woche-detalhe-texturizado-caramelo-5192484-p2782475
[2023-11-09T19:48:32.362+0000] {logger.py:18} INFO - requesting url: https://www.stz.com.br/sapatenis-woche-detalhe-metalizado-texturizado-marinho-5192485-p2782476
[2023-11-09T19:48:33.518+0000] {logger.py:18} INFO - requesting url: https://www.stz.com.br/sapatenis-woche-detalhes-texturizados-preto-5192477-p2782471
[2023-11-09T19:48:34.733+0000] {logger.py:18} INFO - requesting url: https://www.stz.com.br/sapatenis-woche-detalhe-recortes-off-white-5171520-p2592420
[2023-11-09T19:48:35.991+0000] {logger.py:18} INFO - requesting url: https://www.stz.com.br/sapatenis-woche-detalhe-recortes-preto-5175942-p2625096
[2023-11-09T19:48:37.438+0000] {logger.py:18} INFO - requesting url: https://www.stz.com.br/sapatenis-woche-pespontos-perfuros-preto-5181650-p2680493
[2023-11-09T19:48:38.670+0000] {logger.py:18} INFO - requesting url: https://www.stz.com.br/sapatenis-woche-germany-pespontos-azul-5188067-p2742755
[2023-11-09T19:48:40.044+0000] {logger.py:18} INFO - requesting url: https://www.stz.com.br/sapatenis-woche-listras-recortes-tecido-caramelo-5187907-p2741446
[2023-11-09T19:48:41.204+0000] {logger.py:18} INFO - requesting url: https://www.stz.com.br/sapatenis-woche-detalhe-pespontos-caramelo-5191396-p2775889
[2023-11-09T19:48:42.548+0000] {logger.py:18} INFO - requesting url: https://www.stz.com.br/sapatenis-woche-detalhe-listra-preto-5191284-p2775882
[2023-11-09T19:48:43.747+0000] {logger.py:18} INFO - requesting url: https://www.stz.com.br/sapatenis-woche-detalhe-listra-branco-5191395-p2775888
[2023-11-09T19:48:45.023+0000] {logger.py:18} INFO - requesting url: https://www.stz.com.br/sapatenis-woche-detalhe-recortes-perfuros-cinza-5175943-p2625097
[2023-11-09T19:48:46.177+0000] {logger.py:18} INFO - requesting url: https://www.stz.com.br/sapatenis-woche-detalhe-pespontos-preto-5183828-p2704999
[2023-11-09T19:48:47.545+0000] {logger.py:18} INFO - requesting url: https://www.stz.com.br/sapatenis-woche-detalhe-perfuros-preto-5176597-p2628839
[2023-11-09T19:48:48.807+0000] {logger.py:18} INFO - requesting url: https://www.stz.com.br/sapatenis-woche-detalhe-perfuros-grafite-5179358-p2662201
[2023-11-09T19:48:50.053+0000] {logger.py:18} INFO - requesting url: https://www.stz.com.br/sapatenis-woche-detalhe-perfuros-marinho-5183827-p2704957
[2023-11-09T19:48:51.169+0000] {logger.py:18} INFO - requesting url: https://www.stz.com.br/sapatenis-polo-energy-pespontos-caramelo-5180287-p2670212
[2023-11-09T19:48:52.608+0000] {logger.py:18} INFO - requesting url: https://www.stz.com.br/sapatenis-woche-detalhe-perfuros-marrom-5179247-p2662104
[2023-11-09T19:48:53.914+0000] {logger.py:18} INFO - requesting url: https://www.stz.com.br/sapatenis-woche-pespontos-recortes-branco-5180256-p2670210
[2023-11-09T19:48:55.350+0000] {logger.py:18} INFO - requesting url: https://www.stz.com.br/sapatenis-woche-legacy-perfuros-nobuck-preto-5182281-p2688258
[2023-11-09T19:48:56.985+0000] {logger.py:18} INFO - requesting url: https://www.stz.com.br/sapatenis-woche-legacy-perfuros-nobuck-bege-5182296-p2688260
[2023-11-09T19:48:58.360+0000] {logger.py:18} INFO - requesting url: https://www.stz.com.br/sapatenis-ollie-legacy-pespontos-nobuck-preto-5164711-p1673055
[2023-11-09T19:48:59.642+0000] {logger.py:18} INFO - requesting url: https://www.stz.com.br/sapatenis-woche-detalhe-perfuros-nobuck-marinho-5188268-p2745649
[2023-11-09T19:49:01.151+0000] {logger.py:18} INFO - requesting url: https://www.stz.com.br/sapatenis-woche-recortes-nobuck-jeans-marinho-5182297-p2688316
[2023-11-09T19:49:02.651+0000] {logger.py:18} INFO - requesting url: https://www.stz.com.br/sapatenis-woche-syerra-recortes-jeans-nobuck-preto-5182295-p2688259
[2023-11-09T19:49:04.301+0000] {logger.py:18} INFO - requesting url: https://www.stz.com.br/sapatenis-woche-detalhe-perfuros-listra-nobuck-off-white-5188293-p2745658
[2023-11-09T19:49:05.628+0000] {logger.py:18} INFO - requesting url: https://www.stz.com.br/sapatenis-woche-germany-pespontos-nobuck-cinza-5188302-p2745933
[2023-11-09T19:49:07.221+0000] {logger.py:18} INFO - requesting url: https://www.stz.com.br/sapatenis-woche-detalhe-perfuros-nobuck-marrom-5187713-p2739271
[2023-11-09T19:49:08.426+0000] {logger.py:18} INFO - requesting url: https://www.stz.com.br/sapatenis-woche-detalhe-recortes-nobuck-preto-5187637-p2739260
[2023-11-09T19:49:09.816+0000] {logger.py:18} INFO - requesting url: https://www.stz.com.br/sapatenis-ollie-detalhe-recortes-nobuck-preto-5164220-p1666603
[2023-11-09T19:49:11.083+0000] {logger.py:18} INFO - requesting url: https://www.stz.com.br/scarpin-moleca-anabela-detalhe-pespontos-coral-5193611-p2788923
[2023-11-09T19:49:12.366+0000] {logger.py:18} INFO - requesting url: https://www.stz.com.br/scarpin-moleca-anabela-detalhe-pespontos-nude-5193593-p2788894
[2023-11-09T19:49:13.648+0000] {logger.py:18} INFO - requesting url: https://www.stz.com.br/scarpin-moleca-anabela-detalhe-pespontos-preto-5193594-p2788920
[2023-11-09T19:49:14.836+0000] {logger.py:18} INFO - requesting url: https://www.stz.com.br/scarpin-gabriela-salto-fino-off-white-5164048-p1664713
[2023-11-09T19:49:16.124+0000] {logger.py:18} INFO - requesting url: https://www.stz.com.br/scarpin-gabriela-aberto-salto-fino-recortes-nude-5176782-p2629762
[2023-11-09T19:49:17.383+0000] {logger.py:18} INFO - requesting url: https://www.stz.com.br/scarpin-beira-rio-aberto-salto-fino-elastico-preto-5181255-p2677741
[2023-11-09T19:49:18.788+0000] {logger.py:18} INFO - requesting url: https://www.stz.com.br/scarpin-gabriela-salto-fino-pespontos-azul-5184075-p2709971
[2023-11-09T19:49:21.056+0000] {logger.py:18} INFO - requesting url: https://www.stz.com.br/scarpin-gabriela-salto-fino-pink-5165304-p1680594
[2023-11-09T19:49:22.470+0000] {logger.py:18} INFO - requesting url: https://www.stz.com.br/scarpin-gabriela-aberto-salto-grosso-amarracao-preto-5178857-p2655100
[2023-11-09T19:49:23.663+0000] {logger.py:18} INFO - requesting url: https://www.stz.com.br/scarpin-gabriela-essenciais-salto-fino-pespontos-laranja-5180678-p2672668
[2023-11-09T19:49:25.205+0000] {logger.py:18} INFO - requesting url: https://www.stz.com.br/scarpin-beira-rio-aberto-salto-fino-elastico-off-white-5181254-p2677740
[2023-11-09T19:49:26.383+0000] {logger.py:18} INFO - requesting url: https://www.stz.com.br/scarpin-gabriela-salto-taca-tiras-no-strass-nude-5190634-p2767613
[2023-11-09T19:49:28.172+0000] {logger.py:18} INFO - requesting url: https://www.stz.com.br/scarpin-gabriela-aberto-salto-fino-amarracao-fivela-preto-5172584-p2602177
[2023-11-09T19:49:29.669+0000] {logger.py:18} INFO - requesting url: https://www.stz.com.br/scarpin-gabriela-aberto-salto-taca-amarracao-pink-5171554-p2593062
[2023-11-09T19:49:30.967+0000] {logger.py:18} INFO - requesting url: https://www.stz.com.br/scarpin-gabriela-aberto-salto-fino-detalhe-laco-strass-verde-5175324-p2621337
[2023-11-09T19:49:32.572+0000] {logger.py:18} INFO - requesting url: https://www.stz.com.br/scarpin-gabriela-salto-fino-tiras-cruzadas-nude-5182983-p2694831
[2023-11-09T19:49:33.705+0000] {logger.py:18} INFO - requesting url: https://www.stz.com.br/scarpin-gabriela-aberto-salto-grosso-amarracao-strass-preto-5182960-p2694561
[2023-11-09T19:49:35.003+0000] {logger.py:18} INFO - requesting url: https://www.stz.com.br/scarpin-gabriela-salto-fino-detalhe-pespontos-verde-5172803-p2603726
[2023-11-09T19:49:36.386+0000] {logger.py:18} INFO - requesting url: https://www.stz.com.br/scarpin-gabriela-salto-taca-detalhe-tira-preto-5183357-p2701045
[2023-11-09T19:49:37.609+0000] {logger.py:18} INFO - requesting url: https://www.stz.com.br/scarpin-penelope-aberto-salto-geometrico-pespontos-preto-5177038-p2631552
[2023-11-09T19:49:38.963+0000] {logger.py:18} INFO - requesting url: https://www.stz.com.br/scarpin-gabriela-aberto-salto-geometrico-elastico-coral-5180168-p2669225
[2023-11-09T19:49:40.619+0000] {logger.py:18} INFO - requesting url: https://www.stz.com.br/scarpin-gabriela-aberto-salto-fino-detalhe-fivela-off-white-5175877-p2624183
[2023-11-09T19:49:41.919+0000] {logger.py:18} INFO - requesting url: https://www.stz.com.br/scarpin-gabriela-salto-reto-pespontos-preto-5178826-p2655097
[2023-11-09T19:49:43.247+0000] {logger.py:18} INFO - requesting url: https://www.stz.com.br/scarpin-beira-rio-aberto-aberto-salto-fino-elastico-preto-5184920-p2715518
[2023-11-09T19:49:44.502+0000] {logger.py:18} INFO - requesting url: https://www.stz.com.br/scarpin-gabriela-aberto-salto-bloco-decote-fivela-preto-5188392-p2746424
[2023-11-09T19:49:45.761+0000] {logger.py:18} INFO - requesting url: https://www.stz.com.br/scarpin-moleca-flow-anabela-pespontos-caramelo-5185018-p2717556
[2023-11-09T19:49:47.014+0000] {logger.py:18} INFO - requesting url: https://www.stz.com.br/scarpin-moleca-anabela-detalhe-laco-matelasse-preto-5190489-p2765860
[2023-11-09T19:49:48.619+0000] {logger.py:18} INFO - requesting url: https://www.stz.com.br/scarpin-vizzano-aberto-salto-fino-amarracao-preto-5177528-p2636090
[2023-11-09T19:49:49.713+0000] {logger.py:18} INFO - requesting url: https://www.stz.com.br/scarpin-gabriela-aberto-salto-taca-amarracao-verde-5171838-p2595420
[2023-11-09T19:49:51.036+0000] {logger.py:18} INFO - requesting url: https://www.stz.com.br/scarpin-gabriela-aberto-salto-taca-amarracao-verde-5171573-p2593065
[2023-11-09T19:49:52.442+0000] {logger.py:18} INFO - requesting url: https://www.stz.com.br/tenis-adidas-duramo-sl-esportivo-masculino-marinho-5164550-p1670091
[2023-11-09T19:49:53.830+0000] {logger.py:18} INFO - requesting url: https://www.stz.com.br/tenis-adidas-lite-racer-3-0-esportivo-masculino-preto-5173611-p2612495
[2023-11-09T19:49:55.114+0000] {logger.py:18} INFO - requesting url: https://www.stz.com.br/tenis-adidas-lite-racer-adapt-4-0-esportivo-masculino-preto-5178774-p2654025
[2023-11-09T19:49:56.354+0000] {logger.py:18} INFO - requesting url: https://www.stz.com.br/tenis-adidas-lite-racer-3-0-esportivo-masculino-preto-5172113-p2598360
[2023-11-09T19:49:57.731+0000] {logger.py:18} INFO - requesting url: https://www.stz.com.br/tenis-adidas-vulc-raid3r-street-masculino-tecido-preto-5189810-p2759572
[2023-11-09T19:49:59.134+0000] {logger.py:18} INFO - requesting url: https://www.stz.com.br/tenis-adidas-vs-pace-2-0-street-masculino-preto-5188242-p2744911
[2023-11-09T19:50:00.755+0000] {logger.py:18} INFO - requesting url: https://www.stz.com.br/tenis-adidas-show-the-way-2-0-esportivo-masculino-preto-5172121-p2598414
[2023-11-09T19:50:02.227+0000] {logger.py:18} INFO - requesting url: https://www.stz.com.br/tenis-adidas-showtheway-2-0-esportivo-masculino-marinho-5181610-p2679934
[2023-11-09T19:50:03.826+0000] {logger.py:18} INFO - requesting url: https://www.stz.com.br/tenis-adidas-latin-run-u-esportivo-masculino-grafite-5189706-p2759134
[2023-11-09T19:50:05.125+0000] {logger.py:18} INFO - requesting url: https://www.stz.com.br/tenis-adidas-grand-court-base-2-0-simp-casual-masculino-branco-5188230-p2744811
[2023-11-09T19:50:06.538+0000] {logger.py:18} INFO - requesting url: https://www.stz.com.br/tenis-adidas-lite-racer-3-0-esportivo-masculino-marinho-5183001-p2695392
[2023-11-09T19:50:09.193+0000] {logger.py:18} INFO - requesting url: https://www.stz.com.br/tenis-adidas-advantage-base-street-masculino-preto-5182534-p2690323
[2023-11-09T19:50:10.418+0000] {logger.py:18} INFO - requesting url: https://www.stz.com.br/tenis-adidas-advantage-base-casual-masculino-branco-5188206-p2744905
[2023-11-09T19:50:11.958+0000] {logger.py:18} INFO - requesting url: https://www.stz.com.br/tenis-adidas-galaxy-5-esportivo-masculino-preto-5173623-p2612636
[2023-11-09T19:50:13.225+0000] {logger.py:18} INFO - requesting url: https://www.stz.com.br/tenis-adidas-galaxy-6-esportivo-masculino-preto-5182896-p2695258
[2023-11-09T19:50:14.535+0000] {logger.py:18} INFO - requesting url: https://www.stz.com.br/tenis-asics-esportivo-streetwise-masculino-cinza-5184152-p2709279
[2023-11-09T19:50:15.754+0000] {logger.py:18} INFO - requesting url: https://www.stz.com.br/tenis-asics-versablast-2-se-esportivo-masculino-preto-5183216-p2698931
[2023-11-09T19:50:17.016+0000] {logger.py:18} INFO - requesting url: https://www.stz.com.br/tenis-asics-raiden-3-esportivo-masculino-grafite-5179292-p2660423
[2023-11-09T19:50:18.405+0000] {logger.py:18} INFO - requesting url: https://www.stz.com.br/tenis-asics-fuzeblast-se-esportivo-preto-5183250-p2699317
[2023-11-09T19:50:19.955+0000] {logger.py:18} INFO - requesting url: https://www.stz.com.br/tenis-asics-gel-shogun-5-esportivo-masculino-grafite-5189389-p2756650
[2023-11-09T19:50:21.094+0000] {logger.py:18} INFO - requesting url: https://www.stz.com.br/tenis-asics-fuzeblast-se-esportivo-masculino-mesh-preto-5189857-p2760027
[2023-11-09T19:50:22.420+0000] {logger.py:18} INFO - requesting url: https://www.stz.com.br/tenis-asics-versablast-2-se-esportivo-masculino-neon-azul-5193178-p2786727
[2023-11-09T19:50:23.713+0000] {logger.py:18} INFO - requesting url: https://www.stz.com.br/tenis-mizuno-jet-6-esportivo-masculino-marinho-5186309-p2730536
[2023-11-09T19:50:25.110+0000] {logger.py:18} INFO - requesting url: https://www.stz.com.br/tenis-mizuno-space-2-esportivo-masculino-preto-5177259-p2633904
[2023-11-09T19:50:26.357+0000] {logger.py:18} INFO - requesting url: https://www.stz.com.br/tenis-mizuno-jet-5-esportivo-masculino-mesh-azul-5177268-p2633906
[2023-11-09T19:50:27.706+0000] {logger.py:18} INFO - requesting url: https://www.stz.com.br/tenis-mizuno-space-2-esportivo-masculino-cinza-5171600-p2593480
[2023-11-09T19:50:28.940+0000] {logger.py:18} INFO - requesting url: https://www.stz.com.br/tenis-mizuno-cool-ride-esportivo-masculino-marinho-5177283-p2633974
[2023-11-09T19:50:30.452+0000] {logger.py:18} INFO - requesting url: https://www.stz.com.br/tenis-mizuno-wave-falcon-4-esportivo-masculino-azul-5178142-p2645733
[2023-11-09T19:50:31.735+0000] {logger.py:18} INFO - requesting url: https://www.stz.com.br/tenis-mizuno-jet-6-esportivo-masculino-vermelho-5186308-p2730535
[2023-11-09T19:50:33.110+0000] {logger.py:18} INFO - requesting url: https://www.stz.com.br/tenis-mizuno-falcon-3-esportivo-masculino-preto-5171592-p2593252
[2023-11-09T19:50:34.431+0000] {logger.py:18} INFO - requesting url: https://www.stz.com.br/tenis-mizuno-jet-6-esportivo-masculino-preto-5193362-p2787642
[2023-11-09T19:50:35.706+0000] {logger.py:18} INFO - requesting url: https://www.stz.com.br/tenis-mizuno-wave-vitality-4-esportivo-masculino-preto-5178139-p2645570
[2023-11-09T19:50:36.884+0000] {logger.py:18} INFO - requesting url: https://www.stz.com.br/tenis-mizuno-wave-way-2-esportivo-masculino-marinho-5171591-p2593251
[2023-11-09T19:50:38.073+0000] {logger.py:18} INFO - requesting url: https://www.stz.com.br/tenis-mizuno-cool-ride-esportivo-masculino-knit-grafite-5184477-p2712987
[2023-11-09T19:50:39.334+0000] {logger.py:18} INFO - requesting url: https://www.stz.com.br/tenis-mizuno-space-3-esportivo-masculino-preto-5186213-p2729339
[2023-11-09T19:50:40.701+0000] {logger.py:18} INFO - requesting url: https://www.stz.com.br/tenis-mizuno-goya-esportivo-masculino-grafite-5192606-p2783252
[2023-11-09T19:50:41.843+0000] {logger.py:18} INFO - requesting url: https://www.stz.com.br/tenis-mizuno-wave-falcon-4-esportivo-masculino-preto-5178160-p2645574
[2023-11-09T19:50:43.239+0000] {logger.py:18} INFO - requesting url: https://www.stz.com.br/tenis-mizuno-space-3-esportivo-masculino-marinho-5191581-p2778060
[2023-11-09T19:50:44.448+0000] {logger.py:18} INFO - requesting url: https://www.stz.com.br/tenis-mizuno-wave-mirai-4-esportivo-masculino-marinho-5171582-p2593246
[2023-11-09T19:50:45.738+0000] {logger.py:18} INFO - requesting url: https://www.stz.com.br/tenis-mizuno-cool-ride-esportivo-masculino-knit-preto-5177281-p2633908
[2023-11-09T19:50:47.017+0000] {logger.py:18} INFO - requesting url: https://www.stz.com.br/tenis-mizuno-wave-mirai-4-esportivo-masculino-knit-grafite-5178150-p2645573
[2023-11-09T19:50:48.236+0000] {logger.py:18} INFO - requesting url: https://www.stz.com.br/tenis-mizuno-wave-mirai-4-esportivo-masculino-knit-marinho-5178138-p2645569
[2023-11-09T19:50:49.463+0000] {logger.py:18} INFO - requesting url: https://www.stz.com.br/tenis-nike-revolution-6-esportivo-masculino-vermelho-5183411-p2701371
[2023-11-09T19:50:50.833+0000] {logger.py:18} INFO - requesting url: https://www.stz.com.br/tenis-nike-downshifter-11-esportivo-masculino-preto-5163344-p1658777
[2023-11-09T19:50:52.001+0000] {logger.py:18} INFO - requesting url: https://www.stz.com.br/tenis-nike-downshifter-12-esportivo-masculino-marinho-5183392-p2701367
[2023-11-09T19:50:54.293+0000] {logger.py:18} INFO - requesting url: https://www.stz.com.br/tenis-nike-revolution-6-esportivo-masculino-azul-5170466-p2579968
[2023-11-09T19:50:55.559+0000] {logger.py:18} INFO - requesting url: https://www.stz.com.br/tenis-nike-revolution-6-next-esportivo-masculino-preto-5186631-p2732755
[2023-11-09T19:50:56.715+0000] {logger.py:18} INFO - requesting url: https://www.stz.com.br/tenis-nike-revolution-6-next-nature-esportivo-masculino-branco-5186601-p2732805
[2023-11-09T19:50:58.014+0000] {logger.py:18} INFO - requesting url: https://www.stz.com.br/tenis-nike-downshifter-12-esportivo-masculino-branco-5189381-p2756470
[2023-11-09T19:50:59.283+0000] {logger.py:18} INFO - requesting url: https://www.stz.com.br/tenis-nike-revolution-6-next-nature-esportivo-masculino-preto-5189383-p2756472
[2023-11-09T19:51:00.524+0000] {logger.py:18} INFO - requesting url: https://www.stz.com.br/tenis-nike-revolution-6-esportivo-masculino-azul-5183422-p2701486
[2023-11-09T19:51:01.860+0000] {logger.py:18} INFO - requesting url: https://www.stz.com.br/tenis-nike-revolution-6-esportivo-masculino-preto-5173422-p2610831
[2023-11-09T19:51:03.378+0000] {logger.py:18} INFO - requesting url: https://www.stz.com.br/tenis-nike-waffle-debut-jogging-masculino-camurca-preto-5177884-p2641947
[2023-11-09T19:51:04.599+0000] {logger.py:18} INFO - requesting url: https://www.stz.com.br/tenis-nike-court-royale-2-masculino-branco-5170499-p2580427
[2023-11-09T19:51:06.053+0000] {logger.py:18} INFO - requesting url: https://www.stz.com.br/tenis-nike-legend-essential-2-esportivo-masculino-preto-5173415-p2610260
[2023-11-09T19:51:07.201+0000] {logger.py:18} INFO - requesting url: https://www.stz.com.br/tenis-nike-legend-essential-2-esportivo-masculino-azul-5178103-p2645056
[2023-11-09T19:51:08.448+0000] {logger.py:18} INFO - requesting url: https://www.stz.com.br/tenis-nike-legend-essential-2-esportivo-masculino-preto-5177983-p2643211
[2023-11-09T19:51:10.841+0000] {logger.py:18} INFO - requesting url: https://www.stz.com.br/tenis-nike-downshifter-12-esportivo-masculino-preto-5183393-p2701478
[2023-11-09T19:51:12.032+0000] {logger.py:18} INFO - requesting url: https://www.stz.com.br/tenis-nike-revolution-6-esportivo-masculino-preto-5183425-p2701635
[2023-11-09T19:51:13.294+0000] {logger.py:18} INFO - requesting url: https://www.stz.com.br/tenis-nike-court-royale-2-casual-masculino-preto-5170542-p2580721
[2023-11-09T19:51:14.728+0000] {logger.py:18} INFO - requesting url: https://www.stz.com.br/tenis-nike-quest-5-esportivo-masculino-preto-5189375-p2756465
[2023-11-09T19:51:15.989+0000] {logger.py:18} INFO - requesting url: https://www.stz.com.br/tenis-nike-revolution-6-next-nature-esportivo-masculino-branco-5189582-p2757915
[2023-11-09T19:51:17.134+0000] {logger.py:18} INFO - requesting url: https://www.stz.com.br/tenis-olympikus-index-2-esportivo-masculino-vermelho-5177894-p2641728
[2023-11-09T19:51:18.388+0000] {logger.py:18} INFO - requesting url: https://www.stz.com.br/tenis-olympikus-wellness-esportivo-masculino-marinho-5151715-p601861
[2023-11-09T19:51:19.668+0000] {logger.py:18} INFO - requesting url: https://www.stz.com.br/tenis-olympikus-index-3-esportivo-masculino-preto-5187851-p2740554
[2023-11-09T19:51:20.947+0000] {logger.py:18} INFO - requesting url: https://www.stz.com.br/tenis-olympikus-delta-esportivo-masculino-preto-5177878-p2641721
[2023-11-09T19:51:22.213+0000] {logger.py:18} INFO - requesting url: https://www.stz.com.br/tenis-olympikus-marte-esportivo-masculino-cinza-5187842-p2740552
[2023-11-09T19:51:23.362+0000] {logger.py:18} INFO - requesting url: https://www.stz.com.br/tenis-olympikus-delta-esportivo-masculino-neon-azul-5177877-p2641477
[2023-11-09T19:51:24.650+0000] {logger.py:18} INFO - requesting url: https://www.stz.com.br/tenis-olympikus-index-2-esportivo-masculino-marinho-5177891-p2641725
[2023-11-09T19:51:26.029+0000] {logger.py:18} INFO - requesting url: https://www.stz.com.br/tenis-olympikus-eros-casual-masculino-preto-5183475-p2702198
[2023-11-09T19:51:28.424+0000] {logger.py:18} INFO - requesting url: https://www.stz.com.br/tenis-olympikus-urano-esportivo-masculino-branco-5183132-p2697260
[2023-11-09T19:51:29.592+0000] {logger.py:18} INFO - requesting url: https://www.stz.com.br/tenis-olympikus-mega-esportivo-masculino-azul-5177867-p2641468
[2023-11-09T19:51:30.914+0000] {logger.py:18} INFO - requesting url: https://www.stz.com.br/tenis-olympikus-mega-esportivo-masculino-cinza-5177879-p2641722
[2023-11-09T19:51:32.129+0000] {logger.py:18} INFO - requesting url: https://www.stz.com.br/tenis-olympikus-vibracao-esportivo-masculino-preto-5183117-p2697026
[2023-11-09T19:51:33.429+0000] {logger.py:18} INFO - requesting url: https://www.stz.com.br/tenis-olympikus-wellness-esportivo-masculino-cinza-5104951-p50760
[2023-11-09T19:51:34.952+0000] {logger.py:18} INFO - requesting url: https://www.stz.com.br/tenis-olympikus-proof-2-esportivo-masculino-preto-5163169-p1657759
[2023-11-09T19:51:36.444+0000] {logger.py:18} INFO - requesting url: https://www.stz.com.br/tenis-olympikus-vibracao-esportivo-masculino-preto-5177889-p2641952
[2023-11-09T19:51:37.833+0000] {logger.py:18} INFO - requesting url: https://www.stz.com.br/tenis-olympikus-reverb-esportivo-masculino-preto-5183152-p2697729
[2023-11-09T19:51:39.162+0000] {logger.py:18} INFO - requesting url: https://www.stz.com.br/tenis-olympikus-saturno-esportivo-masculino-cinza-5183147-p2697459
[2023-11-09T19:51:40.261+0000] {logger.py:18} INFO - requesting url: https://www.stz.com.br/tenis-olympikus-1237g-ultraleve-esportivo-masculino-preto-5187857-p2740715
[2023-11-09T19:51:41.943+0000] {logger.py:18} INFO - requesting url: https://www.stz.com.br/tenis-olympikus-marte-esportivo-masculino-preto-5187852-p2740555
[2023-11-09T19:51:43.298+0000] {logger.py:18} INFO - requesting url: https://www.stz.com.br/olympikus-delta-esportivo-masculino-neon-preto-5178956-p2656549
[2023-11-09T19:51:44.611+0000] {logger.py:18} INFO - requesting url: https://www.stz.com.br/tenis-olympikus-lap-946-esportivo-masculino-grafite-5165544-p1682564
[2023-11-09T19:51:46.041+0000] {logger.py:18} INFO - requesting url: https://www.stz.com.br/tenis-olympikus-155g-ultraleve-esportivo-masculino-preto-5165536-p1682556
[2023-11-09T19:51:47.542+0000] {logger.py:18} INFO - requesting url: https://www.stz.com.br/tenis-olympikus-232g-ultraleve-esportivo-masculino-preto-5177860-p2641228
[2023-11-09T19:51:48.862+0000] {logger.py:18} INFO - requesting url: https://www.stz.com.br/tenis-olympikus-rushy-esportivo-masculino-vermelho-5177836-p2641218
[2023-11-09T19:51:50.022+0000] {logger.py:18} INFO - requesting url: https://www.stz.com.br/tenis-olympikus-232g-ultraleve-esportivo-masculino-azul-5177833-p2641215
[2023-11-09T19:51:51.256+0000] {logger.py:18} INFO - requesting url: https://www.stz.com.br/tenis-olympikus-urbex-esportivo-masculino-marinho-5172345-p2600522
[2023-11-09T19:51:52.510+0000] {logger.py:18} INFO - requesting url: https://www.stz.com.br/tenis-olympikus-zex-esportivo-masculino-branco-5183123-p2697032
[2023-11-09T19:51:53.850+0000] {logger.py:18} INFO - requesting url: https://www.stz.com.br/tenis-olympikus-estilo-esportivo-masculino-grafite-5177855-p2641223
[2023-11-09T19:51:55.286+0000] {logger.py:18} INFO - requesting url: https://www.stz.com.br/tenis-olympikus-237g-ultraleve-esportivo-masculino-grafite-5188151-p2743751
[2023-11-09T19:51:56.656+0000] {logger.py:18} INFO - requesting url: https://www.stz.com.br/tenis-olympikus-cyan-esportivo-masculino-marinho-5192374-p2782110
[2023-11-09T19:51:57.983+0000] {python.py:194} INFO - Done. Returned value was: None
[2023-11-09T19:51:57.991+0000] {taskinstance.py:1400} INFO - Marking task as SUCCESS. dag_id=query_scraper, task_id=print_items, execution_date=20231109T185340, start_date=20231109T194602, end_date=20231109T195157
[2023-11-09T19:51:58.024+0000] {local_task_job_runner.py:228} INFO - Task exited with return code 0
[2023-11-09T19:51:58.039+0000] {taskinstance.py:2784} INFO - 1 downstream tasks scheduled from follow-on schedule check
