[2023-11-09T19:40:52.262+0000] {processor.py:157} INFO - Started process (PID=1763) to work on /opt/airflow/dags/passos.py
[2023-11-09T19:40:52.262+0000] {processor.py:829} INFO - Processing file /opt/airflow/dags/passos.py for tasks to queue
[2023-11-09T19:40:52.264+0000] {logging_mixin.py:151} INFO - [2023-11-09T19:40:52.263+0000] {dagbag.py:539} INFO - Filling up the DagBag from /opt/airflow/dags/passos.py
[2023-11-09T19:40:52.271+0000] {processor.py:839} INFO - DAG(s) dict_keys(['bananinha']) retrieved from /opt/airflow/dags/passos.py
[2023-11-09T19:40:52.337+0000] {logging_mixin.py:151} INFO - [2023-11-09T19:40:52.337+0000] {manager.py:501} INFO - Created Permission View: can edit on DAG:bananinha
[2023-11-09T19:40:52.343+0000] {logging_mixin.py:151} INFO - [2023-11-09T19:40:52.342+0000] {manager.py:501} INFO - Created Permission View: can delete on DAG:bananinha
[2023-11-09T19:40:52.346+0000] {logging_mixin.py:151} INFO - [2023-11-09T19:40:52.346+0000] {manager.py:501} INFO - Created Permission View: can read on DAG:bananinha
[2023-11-09T19:40:52.354+0000] {logging_mixin.py:151} INFO - [2023-11-09T19:40:52.354+0000] {dag.py:2907} INFO - Sync 1 DAGs
[2023-11-09T19:40:52.361+0000] {logging_mixin.py:151} INFO - [2023-11-09T19:40:52.360+0000] {dag.py:2929} INFO - Creating ORM DAG for bananinha
[2023-11-09T19:40:52.443+0000] {logging_mixin.py:151} INFO - [2023-11-09T19:40:52.443+0000] {dag.py:3677} INFO - Setting next_dagrun for bananinha to 2023-09-11T12:00:00+00:00, run_after=2023-10-11T12:00:00+00:00
[2023-11-09T19:40:52.452+0000] {processor.py:179} INFO - Processing /opt/airflow/dags/passos.py took 0.192 seconds
[2023-11-09T19:41:15.522+0000] {processor.py:157} INFO - Started process (PID=1780) to work on /opt/airflow/dags/passos.py
[2023-11-09T19:41:15.522+0000] {processor.py:829} INFO - Processing file /opt/airflow/dags/passos.py for tasks to queue
[2023-11-09T19:41:15.524+0000] {logging_mixin.py:151} INFO - [2023-11-09T19:41:15.524+0000] {dagbag.py:539} INFO - Filling up the DagBag from /opt/airflow/dags/passos.py
[2023-11-09T19:41:15.528+0000] {logging_mixin.py:151} INFO - [2023-11-09T19:41:15.528+0000] {dagbag.py:347} ERROR - Failed to import: /opt/airflow/dags/passos.py
Traceback (most recent call last):
  File "/home/airflow/.local/lib/python3.10/site-packages/airflow/models/dagbag.py", line 343, in parse
    loader.exec_module(new_module)
  File "<frozen importlib._bootstrap_external>", line 883, in exec_module
  File "<frozen importlib._bootstrap>", line 241, in _call_with_frames_removed
  File "/opt/airflow/dags/passos.py", line 22, in <module>
    passo_2 = PythonOperator(
  File "/home/airflow/.local/lib/python3.10/site-packages/airflow/models/baseoperator.py", line 436, in apply_defaults
    result = func(self, **kwargs, default_args=default_args)
  File "/home/airflow/.local/lib/python3.10/site-packages/airflow/operators/python.py", line 177, in __init__
    super().__init__(**kwargs)
  File "/home/airflow/.local/lib/python3.10/site-packages/airflow/models/baseoperator.py", line 436, in apply_defaults
    result = func(self, **kwargs, default_args=default_args)
  File "/home/airflow/.local/lib/python3.10/site-packages/airflow/models/baseoperator.py", line 793, in __init__
    raise AirflowException(
airflow.exceptions.AirflowException: Invalid arguments were passed to PythonOperator (task_id: passo_2). Invalid arguments were:
**kwargs: {'provide_context': False}
[2023-11-09T19:41:15.528+0000] {processor.py:841} WARNING - No viable dags retrieved from /opt/airflow/dags/passos.py
[2023-11-09T19:41:15.542+0000] {processor.py:179} INFO - Processing /opt/airflow/dags/passos.py took 0.022 seconds
[2023-11-09T19:41:23.550+0000] {processor.py:157} INFO - Started process (PID=1781) to work on /opt/airflow/dags/passos.py
[2023-11-09T19:41:23.551+0000] {processor.py:829} INFO - Processing file /opt/airflow/dags/passos.py for tasks to queue
[2023-11-09T19:41:23.552+0000] {logging_mixin.py:151} INFO - [2023-11-09T19:41:23.552+0000] {dagbag.py:539} INFO - Filling up the DagBag from /opt/airflow/dags/passos.py
[2023-11-09T19:41:23.559+0000] {processor.py:839} INFO - DAG(s) dict_keys(['bananinha']) retrieved from /opt/airflow/dags/passos.py
[2023-11-09T19:41:23.627+0000] {logging_mixin.py:151} INFO - [2023-11-09T19:41:23.626+0000] {dag.py:2907} INFO - Sync 1 DAGs
[2023-11-09T19:41:23.712+0000] {logging_mixin.py:151} INFO - [2023-11-09T19:41:23.712+0000] {dag.py:3677} INFO - Setting next_dagrun for bananinha to 2023-09-11T12:00:00+00:00, run_after=2023-10-11T12:00:00+00:00
[2023-11-09T19:41:23.732+0000] {processor.py:179} INFO - Processing /opt/airflow/dags/passos.py took 0.183 seconds
[2023-11-09T19:41:43.635+0000] {processor.py:157} INFO - Started process (PID=1788) to work on /opt/airflow/dags/passos.py
[2023-11-09T19:41:43.643+0000] {processor.py:829} INFO - Processing file /opt/airflow/dags/passos.py for tasks to queue
[2023-11-09T19:41:43.645+0000] {logging_mixin.py:151} INFO - [2023-11-09T19:41:43.645+0000] {dagbag.py:539} INFO - Filling up the DagBag from /opt/airflow/dags/passos.py
[2023-11-09T19:41:43.652+0000] {processor.py:839} INFO - DAG(s) dict_keys(['bananinha']) retrieved from /opt/airflow/dags/passos.py
[2023-11-09T19:41:43.661+0000] {logging_mixin.py:151} INFO - [2023-11-09T19:41:43.661+0000] {dag.py:2907} INFO - Sync 1 DAGs
[2023-11-09T19:41:43.678+0000] {logging_mixin.py:151} INFO - [2023-11-09T19:41:43.678+0000] {dag.py:3677} INFO - Setting next_dagrun for bananinha to 2023-09-11T12:00:00+00:00, run_after=2023-10-11T12:00:00+00:00
[2023-11-09T19:41:43.689+0000] {processor.py:179} INFO - Processing /opt/airflow/dags/passos.py took 0.055 seconds
[2023-11-09T19:41:47.712+0000] {processor.py:157} INFO - Started process (PID=1798) to work on /opt/airflow/dags/passos.py
[2023-11-09T19:41:47.713+0000] {processor.py:829} INFO - Processing file /opt/airflow/dags/passos.py for tasks to queue
[2023-11-09T19:41:47.714+0000] {logging_mixin.py:151} INFO - [2023-11-09T19:41:47.714+0000] {dagbag.py:539} INFO - Filling up the DagBag from /opt/airflow/dags/passos.py
[2023-11-09T19:41:47.721+0000] {processor.py:839} INFO - DAG(s) dict_keys(['bananinha']) retrieved from /opt/airflow/dags/passos.py
[2023-11-09T19:41:47.728+0000] {logging_mixin.py:151} INFO - [2023-11-09T19:41:47.728+0000] {dag.py:2907} INFO - Sync 1 DAGs
[2023-11-09T19:41:47.745+0000] {logging_mixin.py:151} INFO - [2023-11-09T19:41:47.745+0000] {dag.py:3677} INFO - Setting next_dagrun for bananinha to 2023-09-11T12:00:00+00:00, run_after=2023-10-11T12:00:00+00:00
[2023-11-09T19:41:47.756+0000] {processor.py:179} INFO - Processing /opt/airflow/dags/passos.py took 0.045 seconds
[2023-11-09T19:42:17.841+0000] {processor.py:157} INFO - Started process (PID=1816) to work on /opt/airflow/dags/passos.py
[2023-11-09T19:42:17.849+0000] {processor.py:829} INFO - Processing file /opt/airflow/dags/passos.py for tasks to queue
[2023-11-09T19:42:17.851+0000] {logging_mixin.py:151} INFO - [2023-11-09T19:42:17.850+0000] {dagbag.py:539} INFO - Filling up the DagBag from /opt/airflow/dags/passos.py
[2023-11-09T19:42:17.857+0000] {processor.py:839} INFO - DAG(s) dict_keys(['bananinha']) retrieved from /opt/airflow/dags/passos.py
[2023-11-09T19:42:17.876+0000] {logging_mixin.py:151} INFO - [2023-11-09T19:42:17.875+0000] {dag.py:2907} INFO - Sync 1 DAGs
[2023-11-09T19:42:17.892+0000] {logging_mixin.py:151} INFO - [2023-11-09T19:42:17.892+0000] {dag.py:3677} INFO - Setting next_dagrun for bananinha to 2023-09-11T12:00:00+00:00, run_after=2023-10-11T12:00:00+00:00
[2023-11-09T19:42:17.903+0000] {processor.py:179} INFO - Processing /opt/airflow/dags/passos.py took 0.064 seconds
[2023-11-09T19:42:47.934+0000] {processor.py:157} INFO - Started process (PID=1823) to work on /opt/airflow/dags/passos.py
[2023-11-09T19:42:47.934+0000] {processor.py:829} INFO - Processing file /opt/airflow/dags/passos.py for tasks to queue
[2023-11-09T19:42:47.935+0000] {logging_mixin.py:151} INFO - [2023-11-09T19:42:47.935+0000] {dagbag.py:539} INFO - Filling up the DagBag from /opt/airflow/dags/passos.py
[2023-11-09T19:42:47.942+0000] {processor.py:839} INFO - DAG(s) dict_keys(['bananinha']) retrieved from /opt/airflow/dags/passos.py
[2023-11-09T19:42:47.961+0000] {logging_mixin.py:151} INFO - [2023-11-09T19:42:47.960+0000] {dag.py:2907} INFO - Sync 1 DAGs
[2023-11-09T19:42:47.989+0000] {logging_mixin.py:151} INFO - [2023-11-09T19:42:47.988+0000] {dag.py:3677} INFO - Setting next_dagrun for bananinha to 2023-09-11T12:00:00+00:00, run_after=2023-10-11T12:00:00+00:00
[2023-11-09T19:42:48.015+0000] {processor.py:179} INFO - Processing /opt/airflow/dags/passos.py took 0.084 seconds
[2023-11-09T19:43:13.396+0000] {processor.py:157} INFO - Started process (PID=1840) to work on /opt/airflow/dags/passos.py
[2023-11-09T19:43:13.396+0000] {processor.py:829} INFO - Processing file /opt/airflow/dags/passos.py for tasks to queue
[2023-11-09T19:43:13.397+0000] {logging_mixin.py:151} INFO - [2023-11-09T19:43:13.397+0000] {dagbag.py:539} INFO - Filling up the DagBag from /opt/airflow/dags/passos.py
[2023-11-09T19:43:13.404+0000] {processor.py:839} INFO - DAG(s) dict_keys(['bananinha']) retrieved from /opt/airflow/dags/passos.py
[2023-11-09T19:43:13.421+0000] {logging_mixin.py:151} INFO - [2023-11-09T19:43:13.421+0000] {dag.py:2907} INFO - Sync 1 DAGs
[2023-11-09T19:43:13.435+0000] {logging_mixin.py:151} INFO - [2023-11-09T19:43:13.435+0000] {dag.py:3677} INFO - Setting next_dagrun for bananinha to 2023-09-11T12:00:00+00:00, run_after=2023-10-11T12:00:00+00:00
[2023-11-09T19:43:13.447+0000] {processor.py:179} INFO - Processing /opt/airflow/dags/passos.py took 0.054 seconds
[2023-11-09T19:43:43.546+0000] {processor.py:157} INFO - Started process (PID=1857) to work on /opt/airflow/dags/passos.py
[2023-11-09T19:43:43.554+0000] {processor.py:829} INFO - Processing file /opt/airflow/dags/passos.py for tasks to queue
[2023-11-09T19:43:43.556+0000] {logging_mixin.py:151} INFO - [2023-11-09T19:43:43.556+0000] {dagbag.py:539} INFO - Filling up the DagBag from /opt/airflow/dags/passos.py
[2023-11-09T19:43:43.563+0000] {processor.py:839} INFO - DAG(s) dict_keys(['bananinha']) retrieved from /opt/airflow/dags/passos.py
[2023-11-09T19:43:43.581+0000] {logging_mixin.py:151} INFO - [2023-11-09T19:43:43.580+0000] {dag.py:2907} INFO - Sync 1 DAGs
[2023-11-09T19:43:43.595+0000] {logging_mixin.py:151} INFO - [2023-11-09T19:43:43.595+0000] {dag.py:3677} INFO - Setting next_dagrun for bananinha to 2023-09-11T12:00:00+00:00, run_after=2023-10-11T12:00:00+00:00
[2023-11-09T19:43:43.606+0000] {processor.py:179} INFO - Processing /opt/airflow/dags/passos.py took 0.062 seconds
[2023-11-09T19:44:13.704+0000] {processor.py:157} INFO - Started process (PID=1874) to work on /opt/airflow/dags/passos.py
[2023-11-09T19:44:13.704+0000] {processor.py:829} INFO - Processing file /opt/airflow/dags/passos.py for tasks to queue
[2023-11-09T19:44:13.705+0000] {logging_mixin.py:151} INFO - [2023-11-09T19:44:13.705+0000] {dagbag.py:539} INFO - Filling up the DagBag from /opt/airflow/dags/passos.py
[2023-11-09T19:44:13.713+0000] {processor.py:839} INFO - DAG(s) dict_keys(['bananinha']) retrieved from /opt/airflow/dags/passos.py
[2023-11-09T19:44:13.730+0000] {logging_mixin.py:151} INFO - [2023-11-09T19:44:13.730+0000] {dag.py:2907} INFO - Sync 1 DAGs
[2023-11-09T19:44:13.744+0000] {logging_mixin.py:151} INFO - [2023-11-09T19:44:13.744+0000] {dag.py:3677} INFO - Setting next_dagrun for bananinha to 2023-09-11T12:00:00+00:00, run_after=2023-10-11T12:00:00+00:00
[2023-11-09T19:44:13.755+0000] {processor.py:179} INFO - Processing /opt/airflow/dags/passos.py took 0.053 seconds
[2023-11-09T19:44:43.852+0000] {processor.py:157} INFO - Started process (PID=1890) to work on /opt/airflow/dags/passos.py
[2023-11-09T19:44:43.860+0000] {processor.py:829} INFO - Processing file /opt/airflow/dags/passos.py for tasks to queue
[2023-11-09T19:44:43.862+0000] {logging_mixin.py:151} INFO - [2023-11-09T19:44:43.862+0000] {dagbag.py:539} INFO - Filling up the DagBag from /opt/airflow/dags/passos.py
[2023-11-09T19:44:43.870+0000] {processor.py:839} INFO - DAG(s) dict_keys(['bananinha']) retrieved from /opt/airflow/dags/passos.py
[2023-11-09T19:44:43.889+0000] {logging_mixin.py:151} INFO - [2023-11-09T19:44:43.889+0000] {dag.py:2907} INFO - Sync 1 DAGs
[2023-11-09T19:44:43.905+0000] {logging_mixin.py:151} INFO - [2023-11-09T19:44:43.904+0000] {dag.py:3677} INFO - Setting next_dagrun for bananinha to 2023-09-11T12:00:00+00:00, run_after=2023-10-11T12:00:00+00:00
[2023-11-09T19:44:43.914+0000] {processor.py:179} INFO - Processing /opt/airflow/dags/passos.py took 0.064 seconds
[2023-11-09T19:44:52.285+0000] {processor.py:157} INFO - Started process (PID=1900) to work on /opt/airflow/dags/passos.py
[2023-11-09T19:44:52.286+0000] {processor.py:829} INFO - Processing file /opt/airflow/dags/passos.py for tasks to queue
[2023-11-09T19:44:52.287+0000] {logging_mixin.py:151} INFO - [2023-11-09T19:44:52.287+0000] {dagbag.py:539} INFO - Filling up the DagBag from /opt/airflow/dags/passos.py
[2023-11-09T19:44:52.295+0000] {processor.py:839} INFO - DAG(s) dict_keys(['bananinha']) retrieved from /opt/airflow/dags/passos.py
[2023-11-09T19:44:52.313+0000] {logging_mixin.py:151} INFO - [2023-11-09T19:44:52.313+0000] {dag.py:2907} INFO - Sync 1 DAGs
[2023-11-09T19:44:52.327+0000] {logging_mixin.py:151} INFO - [2023-11-09T19:44:52.327+0000] {dag.py:3677} INFO - Setting next_dagrun for bananinha to 2023-09-11T12:00:00+00:00, run_after=2023-10-11T12:00:00+00:00
[2023-11-09T19:44:52.338+0000] {processor.py:179} INFO - Processing /opt/airflow/dags/passos.py took 0.055 seconds
[2023-11-09T19:44:57.305+0000] {processor.py:157} INFO - Started process (PID=1908) to work on /opt/airflow/dags/passos.py
[2023-11-09T19:44:57.305+0000] {processor.py:829} INFO - Processing file /opt/airflow/dags/passos.py for tasks to queue
[2023-11-09T19:44:57.307+0000] {logging_mixin.py:151} INFO - [2023-11-09T19:44:57.307+0000] {dagbag.py:539} INFO - Filling up the DagBag from /opt/airflow/dags/passos.py
[2023-11-09T19:44:57.314+0000] {processor.py:839} INFO - DAG(s) dict_keys(['bananinha']) retrieved from /opt/airflow/dags/passos.py
[2023-11-09T19:44:57.332+0000] {logging_mixin.py:151} INFO - [2023-11-09T19:44:57.332+0000] {dag.py:2907} INFO - Sync 1 DAGs
[2023-11-09T19:44:57.346+0000] {logging_mixin.py:151} INFO - [2023-11-09T19:44:57.345+0000] {dag.py:3677} INFO - Setting next_dagrun for bananinha to 2023-09-11T12:00:00+00:00, run_after=2023-10-11T12:00:00+00:00
[2023-11-09T19:44:57.358+0000] {processor.py:179} INFO - Processing /opt/airflow/dags/passos.py took 0.055 seconds
[2023-11-09T19:45:11.410+0000] {processor.py:157} INFO - Started process (PID=1909) to work on /opt/airflow/dags/passos.py
[2023-11-09T19:45:11.411+0000] {processor.py:829} INFO - Processing file /opt/airflow/dags/passos.py for tasks to queue
[2023-11-09T19:45:11.412+0000] {logging_mixin.py:151} INFO - [2023-11-09T19:45:11.412+0000] {dagbag.py:539} INFO - Filling up the DagBag from /opt/airflow/dags/passos.py
[2023-11-09T19:45:11.419+0000] {processor.py:839} INFO - DAG(s) dict_keys(['bananinha']) retrieved from /opt/airflow/dags/passos.py
[2023-11-09T19:45:11.435+0000] {logging_mixin.py:151} INFO - [2023-11-09T19:45:11.435+0000] {dag.py:2907} INFO - Sync 1 DAGs
[2023-11-09T19:45:11.449+0000] {logging_mixin.py:151} INFO - [2023-11-09T19:45:11.448+0000] {dag.py:3677} INFO - Setting next_dagrun for bananinha to 2023-09-11T12:00:00+00:00, run_after=2023-10-11T12:00:00+00:00
[2023-11-09T19:45:11.459+0000] {processor.py:179} INFO - Processing /opt/airflow/dags/passos.py took 0.051 seconds
[2023-11-09T19:45:19.442+0000] {processor.py:157} INFO - Started process (PID=1910) to work on /opt/airflow/dags/passos.py
[2023-11-09T19:45:19.450+0000] {processor.py:829} INFO - Processing file /opt/airflow/dags/passos.py for tasks to queue
[2023-11-09T19:45:19.451+0000] {logging_mixin.py:151} INFO - [2023-11-09T19:45:19.451+0000] {dagbag.py:539} INFO - Filling up the DagBag from /opt/airflow/dags/passos.py
[2023-11-09T19:45:19.459+0000] {processor.py:839} INFO - DAG(s) dict_keys(['bananinha']) retrieved from /opt/airflow/dags/passos.py
[2023-11-09T19:45:19.479+0000] {logging_mixin.py:151} INFO - [2023-11-09T19:45:19.478+0000] {dag.py:2907} INFO - Sync 1 DAGs
[2023-11-09T19:45:19.493+0000] {logging_mixin.py:151} INFO - [2023-11-09T19:45:19.493+0000] {dag.py:3677} INFO - Setting next_dagrun for bananinha to 2023-09-11T12:00:00+00:00, run_after=2023-10-11T12:00:00+00:00
[2023-11-09T19:45:19.505+0000] {processor.py:179} INFO - Processing /opt/airflow/dags/passos.py took 0.065 seconds
[2023-11-09T19:45:20.493+0000] {processor.py:157} INFO - Started process (PID=1911) to work on /opt/airflow/dags/passos.py
[2023-11-09T19:45:20.494+0000] {processor.py:829} INFO - Processing file /opt/airflow/dags/passos.py for tasks to queue
[2023-11-09T19:45:20.495+0000] {logging_mixin.py:151} INFO - [2023-11-09T19:45:20.495+0000] {dagbag.py:539} INFO - Filling up the DagBag from /opt/airflow/dags/passos.py
[2023-11-09T19:45:20.503+0000] {processor.py:839} INFO - DAG(s) dict_keys(['bananinha']) retrieved from /opt/airflow/dags/passos.py
[2023-11-09T19:45:20.519+0000] {logging_mixin.py:151} INFO - [2023-11-09T19:45:20.519+0000] {dag.py:2907} INFO - Sync 1 DAGs
[2023-11-09T19:45:20.532+0000] {logging_mixin.py:151} INFO - [2023-11-09T19:45:20.532+0000] {dag.py:3677} INFO - Setting next_dagrun for bananinha to 2023-09-11T12:00:00+00:00, run_after=2023-10-11T12:00:00+00:00
[2023-11-09T19:45:20.547+0000] {processor.py:179} INFO - Processing /opt/airflow/dags/passos.py took 0.056 seconds
[2023-11-09T19:45:50.648+0000] {processor.py:157} INFO - Started process (PID=1929) to work on /opt/airflow/dags/passos.py
[2023-11-09T19:45:50.648+0000] {processor.py:829} INFO - Processing file /opt/airflow/dags/passos.py for tasks to queue
[2023-11-09T19:45:50.649+0000] {logging_mixin.py:151} INFO - [2023-11-09T19:45:50.649+0000] {dagbag.py:539} INFO - Filling up the DagBag from /opt/airflow/dags/passos.py
[2023-11-09T19:45:50.658+0000] {processor.py:839} INFO - DAG(s) dict_keys(['bananinha']) retrieved from /opt/airflow/dags/passos.py
[2023-11-09T19:45:50.675+0000] {logging_mixin.py:151} INFO - [2023-11-09T19:45:50.674+0000] {dag.py:2907} INFO - Sync 1 DAGs
[2023-11-09T19:45:50.688+0000] {logging_mixin.py:151} INFO - [2023-11-09T19:45:50.688+0000] {dag.py:3677} INFO - Setting next_dagrun for bananinha to 2023-09-11T12:00:00+00:00, run_after=2023-10-11T12:00:00+00:00
[2023-11-09T19:45:50.699+0000] {processor.py:179} INFO - Processing /opt/airflow/dags/passos.py took 0.053 seconds
[2023-11-09T19:46:20.808+0000] {processor.py:157} INFO - Started process (PID=1946) to work on /opt/airflow/dags/passos.py
[2023-11-09T19:46:20.810+0000] {processor.py:829} INFO - Processing file /opt/airflow/dags/passos.py for tasks to queue
[2023-11-09T19:46:20.811+0000] {logging_mixin.py:151} INFO - [2023-11-09T19:46:20.811+0000] {dagbag.py:539} INFO - Filling up the DagBag from /opt/airflow/dags/passos.py
[2023-11-09T19:46:20.820+0000] {processor.py:839} INFO - DAG(s) dict_keys(['bananinha']) retrieved from /opt/airflow/dags/passos.py
[2023-11-09T19:46:20.837+0000] {logging_mixin.py:151} INFO - [2023-11-09T19:46:20.837+0000] {dag.py:2907} INFO - Sync 1 DAGs
[2023-11-09T19:46:20.854+0000] {logging_mixin.py:151} INFO - [2023-11-09T19:46:20.854+0000] {dag.py:3677} INFO - Setting next_dagrun for bananinha to 2023-09-11T12:00:00+00:00, run_after=2023-10-11T12:00:00+00:00
[2023-11-09T19:46:20.866+0000] {processor.py:179} INFO - Processing /opt/airflow/dags/passos.py took 0.060 seconds
[2023-11-09T19:46:50.971+0000] {processor.py:157} INFO - Started process (PID=1963) to work on /opt/airflow/dags/passos.py
[2023-11-09T19:46:50.972+0000] {processor.py:829} INFO - Processing file /opt/airflow/dags/passos.py for tasks to queue
[2023-11-09T19:46:50.973+0000] {logging_mixin.py:151} INFO - [2023-11-09T19:46:50.973+0000] {dagbag.py:539} INFO - Filling up the DagBag from /opt/airflow/dags/passos.py
[2023-11-09T19:46:50.979+0000] {processor.py:839} INFO - DAG(s) dict_keys(['bananinha']) retrieved from /opt/airflow/dags/passos.py
[2023-11-09T19:46:51.000+0000] {logging_mixin.py:151} INFO - [2023-11-09T19:46:50.999+0000] {dag.py:2907} INFO - Sync 1 DAGs
[2023-11-09T19:46:51.017+0000] {logging_mixin.py:151} INFO - [2023-11-09T19:46:51.017+0000] {dag.py:3677} INFO - Setting next_dagrun for bananinha to 2023-10-11T12:00:00+00:00, run_after=2023-11-11T12:00:00+00:00
[2023-11-09T19:46:51.029+0000] {processor.py:179} INFO - Processing /opt/airflow/dags/passos.py took 0.060 seconds
[2023-11-09T19:47:21.135+0000] {processor.py:157} INFO - Started process (PID=1980) to work on /opt/airflow/dags/passos.py
[2023-11-09T19:47:21.136+0000] {processor.py:829} INFO - Processing file /opt/airflow/dags/passos.py for tasks to queue
[2023-11-09T19:47:21.138+0000] {logging_mixin.py:151} INFO - [2023-11-09T19:47:21.137+0000] {dagbag.py:539} INFO - Filling up the DagBag from /opt/airflow/dags/passos.py
[2023-11-09T19:47:21.149+0000] {processor.py:839} INFO - DAG(s) dict_keys(['bananinha']) retrieved from /opt/airflow/dags/passos.py
[2023-11-09T19:47:21.177+0000] {logging_mixin.py:151} INFO - [2023-11-09T19:47:21.177+0000] {dag.py:2907} INFO - Sync 1 DAGs
[2023-11-09T19:47:21.200+0000] {logging_mixin.py:151} INFO - [2023-11-09T19:47:21.199+0000] {dag.py:3677} INFO - Setting next_dagrun for bananinha to 2023-10-11T12:00:00+00:00, run_after=2023-11-11T12:00:00+00:00
[2023-11-09T19:47:21.220+0000] {processor.py:179} INFO - Processing /opt/airflow/dags/passos.py took 0.088 seconds
[2023-11-09T19:47:43.597+0000] {processor.py:157} INFO - Started process (PID=1996) to work on /opt/airflow/dags/passos.py
[2023-11-09T19:47:43.597+0000] {processor.py:829} INFO - Processing file /opt/airflow/dags/passos.py for tasks to queue
[2023-11-09T19:47:43.598+0000] {logging_mixin.py:151} INFO - [2023-11-09T19:47:43.598+0000] {dagbag.py:539} INFO - Filling up the DagBag from /opt/airflow/dags/passos.py
[2023-11-09T19:47:43.605+0000] {processor.py:839} INFO - DAG(s) dict_keys(['bananinha']) retrieved from /opt/airflow/dags/passos.py
[2023-11-09T19:47:43.624+0000] {logging_mixin.py:151} INFO - [2023-11-09T19:47:43.624+0000] {dag.py:2907} INFO - Sync 1 DAGs
[2023-11-09T19:47:43.639+0000] {logging_mixin.py:151} INFO - [2023-11-09T19:47:43.638+0000] {dag.py:3677} INFO - Setting next_dagrun for bananinha to 2023-10-11T12:00:00+00:00, run_after=2023-11-11T12:00:00+00:00
[2023-11-09T19:47:43.652+0000] {processor.py:179} INFO - Processing /opt/airflow/dags/passos.py took 0.058 seconds
[2023-11-09T19:47:47.613+0000] {processor.py:157} INFO - Started process (PID=1997) to work on /opt/airflow/dags/passos.py
[2023-11-09T19:47:47.614+0000] {processor.py:829} INFO - Processing file /opt/airflow/dags/passos.py for tasks to queue
[2023-11-09T19:47:47.615+0000] {logging_mixin.py:151} INFO - [2023-11-09T19:47:47.615+0000] {dagbag.py:539} INFO - Filling up the DagBag from /opt/airflow/dags/passos.py
[2023-11-09T19:47:47.625+0000] {processor.py:839} INFO - DAG(s) dict_keys(['bananinha']) retrieved from /opt/airflow/dags/passos.py
[2023-11-09T19:47:47.645+0000] {logging_mixin.py:151} INFO - [2023-11-09T19:47:47.645+0000] {dag.py:2907} INFO - Sync 1 DAGs
[2023-11-09T19:47:47.662+0000] {logging_mixin.py:151} INFO - [2023-11-09T19:47:47.662+0000] {dag.py:3677} INFO - Setting next_dagrun for bananinha to 2023-10-11T12:00:00+00:00, run_after=2023-11-11T12:00:00+00:00
[2023-11-09T19:47:47.675+0000] {processor.py:179} INFO - Processing /opt/airflow/dags/passos.py took 0.063 seconds
[2023-11-09T19:48:17.782+0000] {processor.py:157} INFO - Started process (PID=2014) to work on /opt/airflow/dags/passos.py
[2023-11-09T19:48:17.790+0000] {processor.py:829} INFO - Processing file /opt/airflow/dags/passos.py for tasks to queue
[2023-11-09T19:48:17.792+0000] {logging_mixin.py:151} INFO - [2023-11-09T19:48:17.791+0000] {dagbag.py:539} INFO - Filling up the DagBag from /opt/airflow/dags/passos.py
[2023-11-09T19:48:17.799+0000] {processor.py:839} INFO - DAG(s) dict_keys(['bananinha']) retrieved from /opt/airflow/dags/passos.py
[2023-11-09T19:48:17.822+0000] {logging_mixin.py:151} INFO - [2023-11-09T19:48:17.821+0000] {dag.py:2907} INFO - Sync 1 DAGs
[2023-11-09T19:48:17.843+0000] {logging_mixin.py:151} INFO - [2023-11-09T19:48:17.843+0000] {dag.py:3677} INFO - Setting next_dagrun for bananinha to 2023-10-11T12:00:00+00:00, run_after=2023-11-11T12:00:00+00:00
[2023-11-09T19:48:17.857+0000] {processor.py:179} INFO - Processing /opt/airflow/dags/passos.py took 0.077 seconds
[2023-11-09T19:48:39.937+0000] {processor.py:157} INFO - Started process (PID=2032) to work on /opt/airflow/dags/passos.py
[2023-11-09T19:48:39.937+0000] {processor.py:829} INFO - Processing file /opt/airflow/dags/passos.py for tasks to queue
[2023-11-09T19:48:39.939+0000] {logging_mixin.py:151} INFO - [2023-11-09T19:48:39.938+0000] {dagbag.py:539} INFO - Filling up the DagBag from /opt/airflow/dags/passos.py
[2023-11-09T19:48:39.947+0000] {processor.py:839} INFO - DAG(s) dict_keys(['bananinha']) retrieved from /opt/airflow/dags/passos.py
[2023-11-09T19:48:39.964+0000] {logging_mixin.py:151} INFO - [2023-11-09T19:48:39.964+0000] {dag.py:2907} INFO - Sync 1 DAGs
[2023-11-09T19:48:39.980+0000] {logging_mixin.py:151} INFO - [2023-11-09T19:48:39.980+0000] {dag.py:3677} INFO - Setting next_dagrun for bananinha to 2023-10-11T12:00:00+00:00, run_after=2023-11-11T12:00:00+00:00
[2023-11-09T19:48:39.998+0000] {processor.py:179} INFO - Processing /opt/airflow/dags/passos.py took 0.063 seconds
[2023-11-09T19:48:56.998+0000] {processor.py:157} INFO - Started process (PID=2039) to work on /opt/airflow/dags/passos.py
[2023-11-09T19:48:56.999+0000] {processor.py:829} INFO - Processing file /opt/airflow/dags/passos.py for tasks to queue
[2023-11-09T19:48:57.000+0000] {logging_mixin.py:151} INFO - [2023-11-09T19:48:57.000+0000] {dagbag.py:539} INFO - Filling up the DagBag from /opt/airflow/dags/passos.py
[2023-11-09T19:48:57.010+0000] {processor.py:839} INFO - DAG(s) dict_keys(['bananinha']) retrieved from /opt/airflow/dags/passos.py
[2023-11-09T19:48:57.034+0000] {logging_mixin.py:151} INFO - [2023-11-09T19:48:57.034+0000] {dag.py:2907} INFO - Sync 1 DAGs
[2023-11-09T19:48:57.052+0000] {logging_mixin.py:151} INFO - [2023-11-09T19:48:57.052+0000] {dag.py:3677} INFO - Setting next_dagrun for bananinha to 2023-10-11T12:00:00+00:00, run_after=2023-11-11T12:00:00+00:00
[2023-11-09T19:48:57.070+0000] {processor.py:179} INFO - Processing /opt/airflow/dags/passos.py took 0.074 seconds
[2023-11-09T19:48:58.058+0000] {processor.py:157} INFO - Started process (PID=2040) to work on /opt/airflow/dags/passos.py
[2023-11-09T19:48:58.058+0000] {processor.py:829} INFO - Processing file /opt/airflow/dags/passos.py for tasks to queue
[2023-11-09T19:48:58.061+0000] {logging_mixin.py:151} INFO - [2023-11-09T19:48:58.061+0000] {dagbag.py:539} INFO - Filling up the DagBag from /opt/airflow/dags/passos.py
[2023-11-09T19:48:58.069+0000] {processor.py:839} INFO - DAG(s) dict_keys(['bananinha']) retrieved from /opt/airflow/dags/passos.py
[2023-11-09T19:48:58.088+0000] {logging_mixin.py:151} INFO - [2023-11-09T19:48:58.088+0000] {dag.py:2907} INFO - Sync 1 DAGs
[2023-11-09T19:48:58.104+0000] {logging_mixin.py:151} INFO - [2023-11-09T19:48:58.104+0000] {dag.py:3677} INFO - Setting next_dagrun for bananinha to 2023-10-11T12:00:00+00:00, run_after=2023-11-11T12:00:00+00:00
[2023-11-09T19:48:58.117+0000] {processor.py:179} INFO - Processing /opt/airflow/dags/passos.py took 0.062 seconds
[2023-11-09T19:49:00.097+0000] {processor.py:157} INFO - Started process (PID=2041) to work on /opt/airflow/dags/passos.py
[2023-11-09T19:49:00.097+0000] {processor.py:829} INFO - Processing file /opt/airflow/dags/passos.py for tasks to queue
[2023-11-09T19:49:00.100+0000] {logging_mixin.py:151} INFO - [2023-11-09T19:49:00.100+0000] {dagbag.py:539} INFO - Filling up the DagBag from /opt/airflow/dags/passos.py
[2023-11-09T19:49:00.108+0000] {processor.py:839} INFO - DAG(s) dict_keys(['bananinha']) retrieved from /opt/airflow/dags/passos.py
[2023-11-09T19:49:00.130+0000] {logging_mixin.py:151} INFO - [2023-11-09T19:49:00.130+0000] {dag.py:2907} INFO - Sync 1 DAGs
[2023-11-09T19:49:00.161+0000] {logging_mixin.py:151} INFO - [2023-11-09T19:49:00.161+0000] {dag.py:3677} INFO - Setting next_dagrun for bananinha to 2023-10-11T12:00:00+00:00, run_after=2023-11-11T12:00:00+00:00
[2023-11-09T19:49:00.180+0000] {processor.py:179} INFO - Processing /opt/airflow/dags/passos.py took 0.085 seconds
[2023-11-09T19:49:26.292+0000] {processor.py:157} INFO - Started process (PID=2051) to work on /opt/airflow/dags/passos.py
[2023-11-09T19:49:26.292+0000] {processor.py:829} INFO - Processing file /opt/airflow/dags/passos.py for tasks to queue
[2023-11-09T19:49:26.295+0000] {logging_mixin.py:151} INFO - [2023-11-09T19:49:26.294+0000] {dagbag.py:539} INFO - Filling up the DagBag from /opt/airflow/dags/passos.py
[2023-11-09T19:49:26.308+0000] {processor.py:839} INFO - DAG(s) dict_keys(['bananinha']) retrieved from /opt/airflow/dags/passos.py
[2023-11-09T19:49:26.334+0000] {logging_mixin.py:151} INFO - [2023-11-09T19:49:26.333+0000] {dag.py:2907} INFO - Sync 1 DAGs
[2023-11-09T19:49:26.356+0000] {logging_mixin.py:151} INFO - [2023-11-09T19:49:26.356+0000] {dag.py:3677} INFO - Setting next_dagrun for bananinha to 2023-10-11T12:00:00+00:00, run_after=2023-11-11T12:00:00+00:00
[2023-11-09T19:49:26.379+0000] {processor.py:179} INFO - Processing /opt/airflow/dags/passos.py took 0.089 seconds
[2023-11-09T19:49:56.497+0000] {processor.py:157} INFO - Started process (PID=2067) to work on /opt/airflow/dags/passos.py
[2023-11-09T19:49:56.505+0000] {processor.py:829} INFO - Processing file /opt/airflow/dags/passos.py for tasks to queue
[2023-11-09T19:49:56.508+0000] {logging_mixin.py:151} INFO - [2023-11-09T19:49:56.507+0000] {dagbag.py:539} INFO - Filling up the DagBag from /opt/airflow/dags/passos.py
[2023-11-09T19:49:56.519+0000] {processor.py:839} INFO - DAG(s) dict_keys(['bananinha']) retrieved from /opt/airflow/dags/passos.py
[2023-11-09T19:49:56.540+0000] {logging_mixin.py:151} INFO - [2023-11-09T19:49:56.540+0000] {dag.py:2907} INFO - Sync 1 DAGs
[2023-11-09T19:49:56.557+0000] {logging_mixin.py:151} INFO - [2023-11-09T19:49:56.557+0000] {dag.py:3677} INFO - Setting next_dagrun for bananinha to 2023-10-11T12:00:00+00:00, run_after=2023-11-11T12:00:00+00:00
[2023-11-09T19:49:56.574+0000] {processor.py:179} INFO - Processing /opt/airflow/dags/passos.py took 0.080 seconds
[2023-11-09T19:50:26.678+0000] {processor.py:157} INFO - Started process (PID=2083) to work on /opt/airflow/dags/passos.py
[2023-11-09T19:50:26.679+0000] {processor.py:829} INFO - Processing file /opt/airflow/dags/passos.py for tasks to queue
[2023-11-09T19:50:26.680+0000] {logging_mixin.py:151} INFO - [2023-11-09T19:50:26.680+0000] {dagbag.py:539} INFO - Filling up the DagBag from /opt/airflow/dags/passos.py
[2023-11-09T19:50:26.687+0000] {processor.py:839} INFO - DAG(s) dict_keys(['bananinha']) retrieved from /opt/airflow/dags/passos.py
[2023-11-09T19:50:26.705+0000] {logging_mixin.py:151} INFO - [2023-11-09T19:50:26.704+0000] {dag.py:2907} INFO - Sync 1 DAGs
[2023-11-09T19:50:26.719+0000] {logging_mixin.py:151} INFO - [2023-11-09T19:50:26.719+0000] {dag.py:3677} INFO - Setting next_dagrun for bananinha to 2023-10-11T12:00:00+00:00, run_after=2023-11-11T12:00:00+00:00
[2023-11-09T19:50:26.730+0000] {processor.py:179} INFO - Processing /opt/airflow/dags/passos.py took 0.055 seconds
[2023-11-09T19:50:56.847+0000] {processor.py:157} INFO - Started process (PID=2100) to work on /opt/airflow/dags/passos.py
[2023-11-09T19:50:56.855+0000] {processor.py:829} INFO - Processing file /opt/airflow/dags/passos.py for tasks to queue
[2023-11-09T19:50:56.856+0000] {logging_mixin.py:151} INFO - [2023-11-09T19:50:56.856+0000] {dagbag.py:539} INFO - Filling up the DagBag from /opt/airflow/dags/passos.py
[2023-11-09T19:50:56.864+0000] {processor.py:839} INFO - DAG(s) dict_keys(['bananinha']) retrieved from /opt/airflow/dags/passos.py
[2023-11-09T19:50:56.885+0000] {logging_mixin.py:151} INFO - [2023-11-09T19:50:56.885+0000] {dag.py:2907} INFO - Sync 1 DAGs
[2023-11-09T19:50:56.901+0000] {logging_mixin.py:151} INFO - [2023-11-09T19:50:56.900+0000] {dag.py:3677} INFO - Setting next_dagrun for bananinha to 2023-10-11T12:00:00+00:00, run_after=2023-11-11T12:00:00+00:00
[2023-11-09T19:50:56.917+0000] {processor.py:179} INFO - Processing /opt/airflow/dags/passos.py took 0.071 seconds
[2023-11-09T19:51:27.019+0000] {processor.py:157} INFO - Started process (PID=2116) to work on /opt/airflow/dags/passos.py
[2023-11-09T19:51:27.019+0000] {processor.py:829} INFO - Processing file /opt/airflow/dags/passos.py for tasks to queue
[2023-11-09T19:51:27.021+0000] {logging_mixin.py:151} INFO - [2023-11-09T19:51:27.020+0000] {dagbag.py:539} INFO - Filling up the DagBag from /opt/airflow/dags/passos.py
[2023-11-09T19:51:27.029+0000] {processor.py:839} INFO - DAG(s) dict_keys(['bananinha']) retrieved from /opt/airflow/dags/passos.py
[2023-11-09T19:51:27.046+0000] {logging_mixin.py:151} INFO - [2023-11-09T19:51:27.046+0000] {dag.py:2907} INFO - Sync 1 DAGs
[2023-11-09T19:51:27.063+0000] {logging_mixin.py:151} INFO - [2023-11-09T19:51:27.062+0000] {dag.py:3677} INFO - Setting next_dagrun for bananinha to 2023-10-11T12:00:00+00:00, run_after=2023-11-11T12:00:00+00:00
[2023-11-09T19:51:27.077+0000] {processor.py:179} INFO - Processing /opt/airflow/dags/passos.py took 0.060 seconds
[2023-11-09T19:51:37.560+0000] {processor.py:157} INFO - Started process (PID=2133) to work on /opt/airflow/dags/passos.py
[2023-11-09T19:51:37.561+0000] {processor.py:829} INFO - Processing file /opt/airflow/dags/passos.py for tasks to queue
[2023-11-09T19:51:37.562+0000] {logging_mixin.py:151} INFO - [2023-11-09T19:51:37.562+0000] {dagbag.py:539} INFO - Filling up the DagBag from /opt/airflow/dags/passos.py
[2023-11-09T19:51:37.571+0000] {processor.py:839} INFO - DAG(s) dict_keys(['bananinha']) retrieved from /opt/airflow/dags/passos.py
[2023-11-09T19:51:37.673+0000] {logging_mixin.py:151} INFO - [2023-11-09T19:51:37.672+0000] {dag.py:2907} INFO - Sync 1 DAGs
[2023-11-09T19:51:37.798+0000] {logging_mixin.py:151} INFO - [2023-11-09T19:51:37.798+0000] {dag.py:3677} INFO - Setting next_dagrun for bananinha to 2023-10-11T12:00:00+00:00, run_after=2023-11-11T12:00:00+00:00
[2023-11-09T19:51:37.813+0000] {processor.py:179} INFO - Processing /opt/airflow/dags/passos.py took 0.255 seconds
[2023-11-09T19:52:07.904+0000] {processor.py:157} INFO - Started process (PID=2150) to work on /opt/airflow/dags/passos.py
[2023-11-09T19:52:07.912+0000] {processor.py:829} INFO - Processing file /opt/airflow/dags/passos.py for tasks to queue
[2023-11-09T19:52:07.914+0000] {logging_mixin.py:151} INFO - [2023-11-09T19:52:07.914+0000] {dagbag.py:539} INFO - Filling up the DagBag from /opt/airflow/dags/passos.py
[2023-11-09T19:52:07.922+0000] {processor.py:839} INFO - DAG(s) dict_keys(['bananinha']) retrieved from /opt/airflow/dags/passos.py
[2023-11-09T19:52:07.937+0000] {logging_mixin.py:151} INFO - [2023-11-09T19:52:07.937+0000] {dag.py:2907} INFO - Sync 1 DAGs
[2023-11-09T19:52:07.953+0000] {logging_mixin.py:151} INFO - [2023-11-09T19:52:07.953+0000] {dag.py:3677} INFO - Setting next_dagrun for bananinha to 2023-10-11T12:00:00+00:00, run_after=2023-11-11T12:00:00+00:00
[2023-11-09T19:52:07.963+0000] {processor.py:179} INFO - Processing /opt/airflow/dags/passos.py took 0.061 seconds
[2023-11-09T19:52:38.001+0000] {processor.py:157} INFO - Started process (PID=2158) to work on /opt/airflow/dags/passos.py
[2023-11-09T19:52:38.001+0000] {processor.py:829} INFO - Processing file /opt/airflow/dags/passos.py for tasks to queue
[2023-11-09T19:52:38.003+0000] {logging_mixin.py:151} INFO - [2023-11-09T19:52:38.003+0000] {dagbag.py:539} INFO - Filling up the DagBag from /opt/airflow/dags/passos.py
[2023-11-09T19:52:38.009+0000] {processor.py:839} INFO - DAG(s) dict_keys(['bananinha']) retrieved from /opt/airflow/dags/passos.py
[2023-11-09T19:52:38.030+0000] {logging_mixin.py:151} INFO - [2023-11-09T19:52:38.030+0000] {dag.py:2907} INFO - Sync 1 DAGs
[2023-11-09T19:52:38.050+0000] {logging_mixin.py:151} INFO - [2023-11-09T19:52:38.049+0000] {dag.py:3677} INFO - Setting next_dagrun for bananinha to 2023-10-11T12:00:00+00:00, run_after=2023-11-11T12:00:00+00:00
[2023-11-09T19:52:38.064+0000] {processor.py:179} INFO - Processing /opt/airflow/dags/passos.py took 0.065 seconds
[2023-11-09T19:52:52.458+0000] {processor.py:157} INFO - Started process (PID=2168) to work on /opt/airflow/dags/passos.py
[2023-11-09T19:52:52.459+0000] {processor.py:829} INFO - Processing file /opt/airflow/dags/passos.py for tasks to queue
[2023-11-09T19:52:52.461+0000] {logging_mixin.py:151} INFO - [2023-11-09T19:52:52.461+0000] {dagbag.py:539} INFO - Filling up the DagBag from /opt/airflow/dags/passos.py
[2023-11-09T19:52:52.468+0000] {processor.py:839} INFO - DAG(s) dict_keys(['bananinha']) retrieved from /opt/airflow/dags/passos.py
[2023-11-09T19:52:52.608+0000] {logging_mixin.py:151} INFO - [2023-11-09T19:52:52.607+0000] {dag.py:2907} INFO - Sync 1 DAGs
[2023-11-09T19:52:52.620+0000] {logging_mixin.py:151} INFO - [2023-11-09T19:52:52.620+0000] {dag.py:3677} INFO - Setting next_dagrun for bananinha to 2023-10-11T12:00:00+00:00, run_after=2023-11-11T12:00:00+00:00
[2023-11-09T19:52:52.640+0000] {processor.py:179} INFO - Processing /opt/airflow/dags/passos.py took 0.185 seconds
[2023-11-09T19:53:22.735+0000] {processor.py:157} INFO - Started process (PID=2185) to work on /opt/airflow/dags/passos.py
[2023-11-09T19:53:22.740+0000] {processor.py:829} INFO - Processing file /opt/airflow/dags/passos.py for tasks to queue
[2023-11-09T19:53:22.742+0000] {logging_mixin.py:151} INFO - [2023-11-09T19:53:22.742+0000] {dagbag.py:539} INFO - Filling up the DagBag from /opt/airflow/dags/passos.py
[2023-11-09T19:53:22.748+0000] {processor.py:839} INFO - DAG(s) dict_keys(['bananinha']) retrieved from /opt/airflow/dags/passos.py
[2023-11-09T19:53:22.766+0000] {logging_mixin.py:151} INFO - [2023-11-09T19:53:22.766+0000] {dag.py:2907} INFO - Sync 1 DAGs
[2023-11-09T19:53:22.780+0000] {logging_mixin.py:151} INFO - [2023-11-09T19:53:22.779+0000] {dag.py:3677} INFO - Setting next_dagrun for bananinha to 2023-10-11T12:00:00+00:00, run_after=2023-11-11T12:00:00+00:00
[2023-11-09T19:53:22.790+0000] {processor.py:179} INFO - Processing /opt/airflow/dags/passos.py took 0.057 seconds
[2023-11-09T19:53:52.881+0000] {processor.py:157} INFO - Started process (PID=2202) to work on /opt/airflow/dags/passos.py
[2023-11-09T19:53:52.889+0000] {processor.py:829} INFO - Processing file /opt/airflow/dags/passos.py for tasks to queue
[2023-11-09T19:53:52.890+0000] {logging_mixin.py:151} INFO - [2023-11-09T19:53:52.890+0000] {dagbag.py:539} INFO - Filling up the DagBag from /opt/airflow/dags/passos.py
[2023-11-09T19:53:52.900+0000] {processor.py:839} INFO - DAG(s) dict_keys(['bananinha']) retrieved from /opt/airflow/dags/passos.py
[2023-11-09T19:53:52.923+0000] {logging_mixin.py:151} INFO - [2023-11-09T19:53:52.923+0000] {dag.py:2907} INFO - Sync 1 DAGs
[2023-11-09T19:53:52.941+0000] {logging_mixin.py:151} INFO - [2023-11-09T19:53:52.941+0000] {dag.py:3677} INFO - Setting next_dagrun for bananinha to 2023-10-11T12:00:00+00:00, run_after=2023-11-11T12:00:00+00:00
[2023-11-09T19:53:52.964+0000] {processor.py:179} INFO - Processing /opt/airflow/dags/passos.py took 0.085 seconds
[2023-11-09T19:54:20.052+0000] {processor.py:157} INFO - Started process (PID=2219) to work on /opt/airflow/dags/passos.py
[2023-11-09T19:54:20.052+0000] {processor.py:829} INFO - Processing file /opt/airflow/dags/passos.py for tasks to queue
[2023-11-09T19:54:20.053+0000] {logging_mixin.py:151} INFO - [2023-11-09T19:54:20.053+0000] {dagbag.py:539} INFO - Filling up the DagBag from /opt/airflow/dags/passos.py
[2023-11-09T19:54:20.060+0000] {processor.py:839} INFO - DAG(s) dict_keys(['bananinha']) retrieved from /opt/airflow/dags/passos.py
[2023-11-09T19:54:20.079+0000] {logging_mixin.py:151} INFO - [2023-11-09T19:54:20.078+0000] {dag.py:2907} INFO - Sync 1 DAGs
[2023-11-09T19:54:20.095+0000] {logging_mixin.py:151} INFO - [2023-11-09T19:54:20.095+0000] {dag.py:3677} INFO - Setting next_dagrun for bananinha to 2023-10-11T12:00:00+00:00, run_after=2023-11-11T12:00:00+00:00
[2023-11-09T19:54:20.106+0000] {processor.py:179} INFO - Processing /opt/airflow/dags/passos.py took 0.056 seconds
[2023-11-09T19:54:21.057+0000] {processor.py:157} INFO - Started process (PID=2220) to work on /opt/airflow/dags/passos.py
[2023-11-09T19:54:21.058+0000] {processor.py:829} INFO - Processing file /opt/airflow/dags/passos.py for tasks to queue
[2023-11-09T19:54:21.059+0000] {logging_mixin.py:151} INFO - [2023-11-09T19:54:21.058+0000] {dagbag.py:539} INFO - Filling up the DagBag from /opt/airflow/dags/passos.py
[2023-11-09T19:54:21.067+0000] {processor.py:839} INFO - DAG(s) dict_keys(['bananinha']) retrieved from /opt/airflow/dags/passos.py
[2023-11-09T19:54:21.083+0000] {logging_mixin.py:151} INFO - [2023-11-09T19:54:21.083+0000] {dag.py:2907} INFO - Sync 1 DAGs
[2023-11-09T19:54:21.100+0000] {logging_mixin.py:151} INFO - [2023-11-09T19:54:21.100+0000] {dag.py:3677} INFO - Setting next_dagrun for bananinha to 2023-10-11T12:00:00+00:00, run_after=2023-11-11T12:00:00+00:00
[2023-11-09T19:54:21.111+0000] {processor.py:179} INFO - Processing /opt/airflow/dags/passos.py took 0.056 seconds
[2023-11-09T19:54:23.127+0000] {processor.py:157} INFO - Started process (PID=2221) to work on /opt/airflow/dags/passos.py
[2023-11-09T19:54:23.127+0000] {processor.py:829} INFO - Processing file /opt/airflow/dags/passos.py for tasks to queue
[2023-11-09T19:54:23.128+0000] {logging_mixin.py:151} INFO - [2023-11-09T19:54:23.128+0000] {dagbag.py:539} INFO - Filling up the DagBag from /opt/airflow/dags/passos.py
[2023-11-09T19:54:23.137+0000] {processor.py:839} INFO - DAG(s) dict_keys(['bananinha']) retrieved from /opt/airflow/dags/passos.py
[2023-11-09T19:54:23.156+0000] {logging_mixin.py:151} INFO - [2023-11-09T19:54:23.156+0000] {dag.py:2907} INFO - Sync 1 DAGs
[2023-11-09T19:54:23.171+0000] {logging_mixin.py:151} INFO - [2023-11-09T19:54:23.171+0000] {dag.py:3677} INFO - Setting next_dagrun for bananinha to 2023-10-11T12:00:00+00:00, run_after=2023-11-11T12:00:00+00:00
[2023-11-09T19:54:23.183+0000] {processor.py:179} INFO - Processing /opt/airflow/dags/passos.py took 0.058 seconds
[2023-11-09T19:54:53.289+0000] {processor.py:157} INFO - Started process (PID=2238) to work on /opt/airflow/dags/passos.py
[2023-11-09T19:54:53.289+0000] {processor.py:829} INFO - Processing file /opt/airflow/dags/passos.py for tasks to queue
[2023-11-09T19:54:53.291+0000] {logging_mixin.py:151} INFO - [2023-11-09T19:54:53.291+0000] {dagbag.py:539} INFO - Filling up the DagBag from /opt/airflow/dags/passos.py
[2023-11-09T19:54:53.299+0000] {processor.py:839} INFO - DAG(s) dict_keys(['bananinha']) retrieved from /opt/airflow/dags/passos.py
[2023-11-09T19:54:53.318+0000] {logging_mixin.py:151} INFO - [2023-11-09T19:54:53.318+0000] {dag.py:2907} INFO - Sync 1 DAGs
[2023-11-09T19:54:53.335+0000] {logging_mixin.py:151} INFO - [2023-11-09T19:54:53.335+0000] {dag.py:3677} INFO - Setting next_dagrun for bananinha to 2023-10-11T12:00:00+00:00, run_after=2023-11-11T12:00:00+00:00
[2023-11-09T19:54:53.346+0000] {processor.py:179} INFO - Processing /opt/airflow/dags/passos.py took 0.059 seconds
[2023-11-09T19:54:57.304+0000] {processor.py:157} INFO - Started process (PID=2239) to work on /opt/airflow/dags/passos.py
[2023-11-09T19:54:57.305+0000] {processor.py:829} INFO - Processing file /opt/airflow/dags/passos.py for tasks to queue
[2023-11-09T19:54:57.306+0000] {logging_mixin.py:151} INFO - [2023-11-09T19:54:57.306+0000] {dagbag.py:539} INFO - Filling up the DagBag from /opt/airflow/dags/passos.py
[2023-11-09T19:54:57.315+0000] {processor.py:839} INFO - DAG(s) dict_keys(['bananinha']) retrieved from /opt/airflow/dags/passos.py
[2023-11-09T19:54:57.334+0000] {logging_mixin.py:151} INFO - [2023-11-09T19:54:57.334+0000] {dag.py:2907} INFO - Sync 1 DAGs
[2023-11-09T19:54:57.352+0000] {logging_mixin.py:151} INFO - [2023-11-09T19:54:57.352+0000] {dag.py:3677} INFO - Setting next_dagrun for bananinha to 2023-10-11T12:00:00+00:00, run_after=2023-11-11T12:00:00+00:00
[2023-11-09T19:54:57.365+0000] {processor.py:179} INFO - Processing /opt/airflow/dags/passos.py took 0.063 seconds
[2023-11-09T19:55:27.501+0000] {processor.py:157} INFO - Started process (PID=2256) to work on /opt/airflow/dags/passos.py
[2023-11-09T19:55:27.510+0000] {processor.py:829} INFO - Processing file /opt/airflow/dags/passos.py for tasks to queue
[2023-11-09T19:55:27.511+0000] {logging_mixin.py:151} INFO - [2023-11-09T19:55:27.511+0000] {dagbag.py:539} INFO - Filling up the DagBag from /opt/airflow/dags/passos.py
[2023-11-09T19:55:27.518+0000] {processor.py:839} INFO - DAG(s) dict_keys(['bananinha']) retrieved from /opt/airflow/dags/passos.py
[2023-11-09T19:55:27.537+0000] {logging_mixin.py:151} INFO - [2023-11-09T19:55:27.537+0000] {dag.py:2907} INFO - Sync 1 DAGs
[2023-11-09T19:55:27.554+0000] {logging_mixin.py:151} INFO - [2023-11-09T19:55:27.554+0000] {dag.py:3677} INFO - Setting next_dagrun for bananinha to 2023-10-11T12:00:00+00:00, run_after=2023-11-11T12:00:00+00:00
[2023-11-09T19:55:27.564+0000] {processor.py:179} INFO - Processing /opt/airflow/dags/passos.py took 0.065 seconds
[2023-11-09T19:55:57.663+0000] {processor.py:157} INFO - Started process (PID=2273) to work on /opt/airflow/dags/passos.py
[2023-11-09T19:55:57.664+0000] {processor.py:829} INFO - Processing file /opt/airflow/dags/passos.py for tasks to queue
[2023-11-09T19:55:57.666+0000] {logging_mixin.py:151} INFO - [2023-11-09T19:55:57.665+0000] {dagbag.py:539} INFO - Filling up the DagBag from /opt/airflow/dags/passos.py
[2023-11-09T19:55:57.674+0000] {processor.py:839} INFO - DAG(s) dict_keys(['bananinha']) retrieved from /opt/airflow/dags/passos.py
[2023-11-09T19:55:57.697+0000] {logging_mixin.py:151} INFO - [2023-11-09T19:55:57.697+0000] {dag.py:2907} INFO - Sync 1 DAGs
[2023-11-09T19:55:57.718+0000] {logging_mixin.py:151} INFO - [2023-11-09T19:55:57.718+0000] {dag.py:3677} INFO - Setting next_dagrun for bananinha to 2023-10-11T12:00:00+00:00, run_after=2023-11-11T12:00:00+00:00
[2023-11-09T19:55:57.732+0000] {processor.py:179} INFO - Processing /opt/airflow/dags/passos.py took 0.072 seconds
[2023-11-09T19:56:27.818+0000] {processor.py:157} INFO - Started process (PID=2290) to work on /opt/airflow/dags/passos.py
[2023-11-09T19:56:27.819+0000] {processor.py:829} INFO - Processing file /opt/airflow/dags/passos.py for tasks to queue
[2023-11-09T19:56:27.820+0000] {logging_mixin.py:151} INFO - [2023-11-09T19:56:27.820+0000] {dagbag.py:539} INFO - Filling up the DagBag from /opt/airflow/dags/passos.py
[2023-11-09T19:56:27.827+0000] {processor.py:839} INFO - DAG(s) dict_keys(['bananinha']) retrieved from /opt/airflow/dags/passos.py
[2023-11-09T19:56:27.843+0000] {logging_mixin.py:151} INFO - [2023-11-09T19:56:27.843+0000] {dag.py:2907} INFO - Sync 1 DAGs
[2023-11-09T19:56:27.856+0000] {logging_mixin.py:151} INFO - [2023-11-09T19:56:27.856+0000] {dag.py:3677} INFO - Setting next_dagrun for bananinha to 2023-10-11T12:00:00+00:00, run_after=2023-11-11T12:00:00+00:00
[2023-11-09T19:56:27.867+0000] {processor.py:179} INFO - Processing /opt/airflow/dags/passos.py took 0.050 seconds
[2023-11-09T19:56:57.950+0000] {processor.py:157} INFO - Started process (PID=2306) to work on /opt/airflow/dags/passos.py
[2023-11-09T19:56:57.950+0000] {processor.py:829} INFO - Processing file /opt/airflow/dags/passos.py for tasks to queue
[2023-11-09T19:56:57.952+0000] {logging_mixin.py:151} INFO - [2023-11-09T19:56:57.952+0000] {dagbag.py:539} INFO - Filling up the DagBag from /opt/airflow/dags/passos.py
[2023-11-09T19:56:57.958+0000] {processor.py:839} INFO - DAG(s) dict_keys(['bananinha']) retrieved from /opt/airflow/dags/passos.py
[2023-11-09T19:56:57.975+0000] {logging_mixin.py:151} INFO - [2023-11-09T19:56:57.974+0000] {dag.py:2907} INFO - Sync 1 DAGs
[2023-11-09T19:56:57.988+0000] {logging_mixin.py:151} INFO - [2023-11-09T19:56:57.987+0000] {dag.py:3677} INFO - Setting next_dagrun for bananinha to 2023-10-11T12:00:00+00:00, run_after=2023-11-11T12:00:00+00:00
[2023-11-09T19:56:57.999+0000] {processor.py:179} INFO - Processing /opt/airflow/dags/passos.py took 0.051 seconds
[2023-11-09T19:57:28.088+0000] {processor.py:157} INFO - Started process (PID=2322) to work on /opt/airflow/dags/passos.py
[2023-11-09T19:57:28.096+0000] {processor.py:829} INFO - Processing file /opt/airflow/dags/passos.py for tasks to queue
[2023-11-09T19:57:28.097+0000] {logging_mixin.py:151} INFO - [2023-11-09T19:57:28.097+0000] {dagbag.py:539} INFO - Filling up the DagBag from /opt/airflow/dags/passos.py
[2023-11-09T19:57:28.105+0000] {processor.py:839} INFO - DAG(s) dict_keys(['bananinha']) retrieved from /opt/airflow/dags/passos.py
[2023-11-09T19:57:28.122+0000] {logging_mixin.py:151} INFO - [2023-11-09T19:57:28.122+0000] {dag.py:2907} INFO - Sync 1 DAGs
[2023-11-09T19:57:28.137+0000] {logging_mixin.py:151} INFO - [2023-11-09T19:57:28.136+0000] {dag.py:3677} INFO - Setting next_dagrun for bananinha to 2023-10-11T12:00:00+00:00, run_after=2023-11-11T12:00:00+00:00
[2023-11-09T19:57:28.149+0000] {processor.py:179} INFO - Processing /opt/airflow/dags/passos.py took 0.063 seconds
[2023-11-09T19:57:34.109+0000] {processor.py:157} INFO - Started process (PID=2330) to work on /opt/airflow/dags/passos.py
[2023-11-09T19:57:34.110+0000] {processor.py:829} INFO - Processing file /opt/airflow/dags/passos.py for tasks to queue
[2023-11-09T19:57:34.111+0000] {logging_mixin.py:151} INFO - [2023-11-09T19:57:34.111+0000] {dagbag.py:539} INFO - Filling up the DagBag from /opt/airflow/dags/passos.py
[2023-11-09T19:57:34.117+0000] {processor.py:839} INFO - DAG(s) dict_keys(['bananinha']) retrieved from /opt/airflow/dags/passos.py
[2023-11-09T19:57:34.135+0000] {logging_mixin.py:151} INFO - [2023-11-09T19:57:34.135+0000] {dag.py:2907} INFO - Sync 1 DAGs
[2023-11-09T19:57:34.149+0000] {logging_mixin.py:151} INFO - [2023-11-09T19:57:34.149+0000] {dag.py:3677} INFO - Setting next_dagrun for bananinha to 2023-10-11T12:00:00+00:00, run_after=2023-11-11T12:00:00+00:00
[2023-11-09T19:57:34.161+0000] {processor.py:179} INFO - Processing /opt/airflow/dags/passos.py took 0.053 seconds
