[2023-11-09T17:39:17.388+0000] {taskinstance.py:1159} INFO - Dependencies all met for dep_context=non-requeueable deps ti=<TaskInstance: query_scraper.prepare manual__2023-11-09T17:19:26.510251+00:00 [queued]>
[2023-11-09T17:39:17.393+0000] {taskinstance.py:1159} INFO - Dependencies all met for dep_context=requeueable deps ti=<TaskInstance: query_scraper.prepare manual__2023-11-09T17:19:26.510251+00:00 [queued]>
[2023-11-09T17:39:17.393+0000] {taskinstance.py:1361} INFO - Starting attempt 4 of 4
[2023-11-09T17:39:17.401+0000] {taskinstance.py:1382} INFO - Executing <Task(PythonOperator): prepare> on 2023-11-09 17:19:26.510251+00:00
[2023-11-09T17:39:17.405+0000] {standard_task_runner.py:57} INFO - Started process 120 to run task
[2023-11-09T17:39:17.407+0000] {standard_task_runner.py:84} INFO - Running: ['***', 'tasks', 'run', 'query_scraper', 'prepare', 'manual__2023-11-09T17:19:26.510251+00:00', '--job-id', '11', '--raw', '--subdir', 'DAGS_FOLDER/dag_definitions.py', '--cfg-path', '/tmp/tmpbt5gy3i2']
[2023-11-09T17:39:17.409+0000] {standard_task_runner.py:85} INFO - Job 11: Subtask prepare
[2023-11-09T17:39:17.434+0000] {task_command.py:415} INFO - Running <TaskInstance: query_scraper.prepare manual__2023-11-09T17:19:26.510251+00:00 [running]> on host 273cd10b3230
[2023-11-09T17:39:17.476+0000] {taskinstance.py:1660} INFO - Exporting env vars: AIRFLOW_CTX_DAG_OWNER='***' AIRFLOW_CTX_DAG_ID='query_scraper' AIRFLOW_CTX_TASK_ID='prepare' AIRFLOW_CTX_EXECUTION_DATE='2023-11-09T17:19:26.510251+00:00' AIRFLOW_CTX_TRY_NUMBER='4' AIRFLOW_CTX_DAG_RUN_ID='manual__2023-11-09T17:19:26.510251+00:00'
[2023-11-09T17:39:17.477+0000] {logger.py:18} INFO - Creating path
[2023-11-09T17:39:17.477+0000] {logging_mixin.py:151} INFO - Create ./data_output/STZ//2023/novembro/2023_11_09 folder
[2023-11-09T17:39:17.477+0000] {logger.py:18} INFO - Reading csv file
[2023-11-09T17:39:17.484+0000] {logger.py:18} INFO - Queries to be scraped:                                          QUERY
0            BOLSA FEMININA TIRACOLO EM NAPA  
1         SANDALIA MASCULINA ADULTO EM COURO  
2   SANDÁLIA FEMININA ADULTO EM NAPA  RASTEIRA
3       SANDÁLIA MASCULINA ADULTO EM CAMURÇA  
4          SANDÁLIA MASCULINA ADULTO EM NAPA  
5        SAPATENIS MASCULINO ADULTO EM COURO  
6         SAPATENIS MASCULINO ADULTO EM LONA  
7         SAPATENIS MASCULINO ADULTO EM NAPA  
8       SAPATENIS MASCULINO ADULTO EM NOBUCK  
9      SAPATO FEMININO ADULTO EM NAPA  SCARPIN
10              TÊNIS MASCULINO ADULTO ADIDAS 
11               TÊNIS MASCULINO ADULTO ASICS 
12              TÊNIS MASCULINO ADULTO MIZUNO 
13                TÊNIS MASCULINO ADULTO NIKE 
14           TÊNIS MASCULINO ADULTO OLIMPIKUS 
[2023-11-09T17:39:17.505+0000] {python.py:194} INFO - Done. Returned value was: None
[2023-11-09T17:39:17.510+0000] {taskinstance.py:1400} INFO - Marking task as SUCCESS. dag_id=query_scraper, task_id=prepare, execution_date=20231109T171926, start_date=20231109T173917, end_date=20231109T173917
[2023-11-09T17:39:17.539+0000] {local_task_job_runner.py:228} INFO - Task exited with return code 0
[2023-11-09T17:39:17.570+0000] {taskinstance.py:2784} INFO - 1 downstream tasks scheduled from follow-on schedule check
