[2023-11-09T18:05:12.402+0000] {taskinstance.py:1159} INFO - Dependencies all met for dep_context=non-requeueable deps ti=<TaskInstance: query_scraper.collect_items_specifications manual__2023-11-09T17:19:26.510251+00:00 [queued]>
[2023-11-09T18:05:12.407+0000] {taskinstance.py:1159} INFO - Dependencies all met for dep_context=requeueable deps ti=<TaskInstance: query_scraper.collect_items_specifications manual__2023-11-09T17:19:26.510251+00:00 [queued]>
[2023-11-09T18:05:12.407+0000] {taskinstance.py:1361} INFO - Starting attempt 6 of 6
[2023-11-09T18:05:12.422+0000] {taskinstance.py:1382} INFO - Executing <Task(PythonOperator): collect_items_specifications> on 2023-11-09 17:19:26.510251+00:00
[2023-11-09T18:05:12.427+0000] {standard_task_runner.py:57} INFO - Started process 2428 to run task
[2023-11-09T18:05:12.429+0000] {standard_task_runner.py:84} INFO - Running: ['***', 'tasks', 'run', 'query_scraper', 'collect_items_specifications', 'manual__2023-11-09T17:19:26.510251+00:00', '--job-id', '26', '--raw', '--subdir', 'DAGS_FOLDER/dag_definitions.py', '--cfg-path', '/tmp/tmpf17tyhy6']
[2023-11-09T18:05:12.431+0000] {standard_task_runner.py:85} INFO - Job 26: Subtask collect_items_specifications
[2023-11-09T18:05:12.460+0000] {task_command.py:415} INFO - Running <TaskInstance: query_scraper.collect_items_specifications manual__2023-11-09T17:19:26.510251+00:00 [running]> on host bc76e66ea169
[2023-11-09T18:05:12.501+0000] {taskinstance.py:1660} INFO - Exporting env vars: AIRFLOW_CTX_DAG_OWNER='***' AIRFLOW_CTX_DAG_ID='query_scraper' AIRFLOW_CTX_TASK_ID='collect_items_specifications' AIRFLOW_CTX_EXECUTION_DATE='2023-11-09T17:19:26.510251+00:00' AIRFLOW_CTX_TRY_NUMBER='6' AIRFLOW_CTX_DAG_RUN_ID='manual__2023-11-09T17:19:26.510251+00:00'
[2023-11-09T18:05:12.524+0000] {logger.py:18} INFO - Number of urls to be requested: 264
[2023-11-09T18:05:12.902+0000] {logger.py:18} INFO - requesting url: /olympikus-delta-esportivo-masculino-neon-preto-5178956-p2656549
[2023-11-09T18:05:12.948+0000] {taskinstance.py:1943} ERROR - Task failed with exception
Traceback (most recent call last):
  File "/home/airflow/.local/lib/python3.10/site-packages/airflow/operators/python.py", line 192, in execute
    return_value = self.execute_callable()
  File "/home/airflow/.local/lib/python3.10/site-packages/airflow/operators/python.py", line 209, in execute_callable
    return self.python_callable(*self.op_args, **self.op_kwargs)
  File "/opt/airflow/dags/task_definitions.py", line 112, in scrape_specifications
    specs = self._scrape_specifications(df)
  File "/opt/airflow/dags/task_definitions.py", line 202, in _scrape_specifications
    specs = scraper.scrape(list(df['url']))
  File "/opt/airflow/dags/task_definitions.py", line 36, in scrape
    page.goto(url, timeout=0)
  File "/home/airflow/.local/lib/python3.10/site-packages/playwright/sync_api/_generated.py", line 9303, in goto
    self._sync(
  File "/home/airflow/.local/lib/python3.10/site-packages/playwright/_impl/_sync_base.py", line 109, in _sync
    return task.result()
  File "/home/airflow/.local/lib/python3.10/site-packages/playwright/_impl/_page.py", line 479, in goto
    return await self._main_frame.goto(**locals_to_params(locals()))
  File "/home/airflow/.local/lib/python3.10/site-packages/playwright/_impl/_frame.py", line 147, in goto
    await self._channel.send("goto", locals_to_params(locals()))
  File "/home/airflow/.local/lib/python3.10/site-packages/playwright/_impl/_connection.py", line 61, in send
    return await self._connection.wrap_api_call(
  File "/home/airflow/.local/lib/python3.10/site-packages/playwright/_impl/_connection.py", line 482, in wrap_api_call
    return await cb()
  File "/home/airflow/.local/lib/python3.10/site-packages/playwright/_impl/_connection.py", line 97, in inner_send
    result = next(iter(done)).result()
playwright._impl._api_types.Error: Protocol error (Page.navigate): Cannot navigate to invalid URL
=========================== logs ===========================
navigating to "/olympikus-delta-esportivo-masculino-neon-preto-5178956-p2656549", waiting until "load"
============================================================
[2023-11-09T18:05:12.960+0000] {taskinstance.py:1400} INFO - Marking task as FAILED. dag_id=query_scraper, task_id=collect_items_specifications, execution_date=20231109T171926, start_date=20231109T180512, end_date=20231109T180512
[2023-11-09T18:05:12.991+0000] {standard_task_runner.py:104} ERROR - Failed to execute job 26 for task collect_items_specifications (Protocol error (Page.navigate): Cannot navigate to invalid URL
=========================== logs ===========================
navigating to "/olympikus-delta-esportivo-masculino-neon-preto-5178956-p2656549", waiting until "load"
============================================================; 2428)
[2023-11-09T18:05:13.042+0000] {local_task_job_runner.py:228} INFO - Task exited with return code 1
[2023-11-09T18:05:13.074+0000] {taskinstance.py:2784} INFO - 0 downstream tasks scheduled from follow-on schedule check
